[] [10/31/2016 15:26] [] USER = ADMIN IS ACTIVE
[ADMIN] [10/31/2016 15:26] [] USER ID = 1 LOGIN SUCCESSFULLY
[ADMIN] [10/31/2016 15:26] [] ACTIVATE USER ACCESS RIGHT
[ADMIN] [10/31/2016 15:26] [] DISPLAY ADMIN FORM
[ADMIN] [10/31/2016 15:26] [] adminForm Load
[] [10/31/2016 15:31] [] USER = ADMIN IS ACTIVE
[ADMIN] [10/31/2016 15:31] [] USER ID = 1 LOGIN SUCCESSFULLY
[ADMIN] [10/31/2016 15:31] [] ACTIVATE USER ACCESS RIGHT
[ADMIN] [10/31/2016 15:31] [] DISPLAY ADMIN FORM
[ADMIN] [10/31/2016 15:31] [] adminForm Load
[] [10/31/2016 15:35] [] USER = ADMIN IS ACTIVE
[ADMIN] [10/31/2016 15:35] [] USER ID = 1 LOGIN SUCCESSFULLY
[ADMIN] [10/31/2016 15:35] [] ACTIVATE USER ACCESS RIGHT
[ADMIN] [10/31/2016 15:35] [] DISPLAY ADMIN FORM
[ADMIN] [10/31/2016 15:35] [] adminForm Load
[] [10/31/2016 15:36] [] USER = ADMIN IS ACTIVE
[ADMIN] [10/31/2016 15:36] [] USER ID = 1 LOGIN SUCCESSFULLY
[ADMIN] [10/31/2016 15:36] [] ACTIVATE USER ACCESS RIGHT
[ADMIN] [10/31/2016 15:36] [] DISPLAY ADMIN FORM
[ADMIN] [10/31/2016 15:36] [] adminForm Load
[ADMIN] [10/31/2016 15:37] [] USER ID = 1LOGOUT
