[] [10/20/2016 11:25] [] USER = ADMIN IS ACTIVE
[ADMIN] [10/20/2016 11:25] [] USER ID = 1 LOGIN SUCCESSFULLY
[ADMIN] [10/20/2016 11:25] [] ACTIVATE USER ACCESS RIGHT
[ADMIN] [10/20/2016 11:25] [] DISPLAY ADMIN FORM
[ADMIN] [10/20/2016 11:25] [] adminForm Load
[ADMIN] [10/20/2016 12:00] [] CREATE DATA GROUP FORM MODULE_ID [51]
[ADMIN] [10/20/2016 12:00] [] CREATE DATA GROUP ACCESS MODULE FORM, GROUP USER ID [1]
[ADMIN] [10/20/2016 12:00] [] USER ID = 1LOGOUT
[ADMIN] [10/20/2016 12:01] [] USER = ADMIN IS ACTIVE
[ADMIN] [10/20/2016 12:01] [] USER ID = 1 LOGIN SUCCESSFULLY
[ADMIN] [10/20/2016 12:01] [] ACTIVATE USER ACCESS RIGHT
[ADMIN] [10/20/2016 12:01] [] DISPLAY ADMIN FORM
[ADMIN] [10/20/2016 12:01] [] adminForm Load
[] [10/20/2016 13:49] [] USER = ADMIN IS ACTIVE
[ADMIN] [10/20/2016 13:49] [] USER ID = 1 LOGIN SUCCESSFULLY
[ADMIN] [10/20/2016 13:49] [] ACTIVATE USER ACCESS RIGHT
[ADMIN] [10/20/2016 13:49] [] DISPLAY ADMIN FORM
[ADMIN] [10/20/2016 13:49] [] adminForm Load
[ADMIN] [10/20/2016 14:18] [PELANGGAN] ATTEMPT TO SAVE DATA
[ADMIN] [10/20/2016 14:18] [PELANGGAN] INSERT NEW CUSTOMER DATA [ANDRI ANDRI]
[ADMIN] [10/20/2016 14:18] [PELANGGAN] EXCEPTION THROWN [Incorrect datetime value: '10/20/1984' for function str_to_date]
[ADMIN] [10/20/2016 14:19] [PELANGGAN] ATTEMPT TO SAVE DATA
[] [10/20/2016 14:22] [] USER = ADMIN IS ACTIVE
[ADMIN] [10/20/2016 14:22] [] USER ID = 1 LOGIN SUCCESSFULLY
[ADMIN] [10/20/2016 14:22] [] ACTIVATE USER ACCESS RIGHT
[ADMIN] [10/20/2016 14:22] [] DISPLAY ADMIN FORM
[ADMIN] [10/20/2016 14:22] [] adminForm Load
[ADMIN] [10/20/2016 14:23] [PELANGGAN] ATTEMPT TO SAVE DATA
[ADMIN] [10/20/2016 14:23] [PELANGGAN] INSERT NEW CUSTOMER DATA [ASDF]
[ADMIN] [10/20/2016 14:23] [PELANGGAN] EXCEPTION THROWN [Incorrect datetime value: '10/20/1981' for function str_to_date]
[] [10/20/2016 14:25] [] USER = ADMIN IS ACTIVE
[ADMIN] [10/20/2016 14:25] [] USER ID = 1 LOGIN SUCCESSFULLY
[ADMIN] [10/20/2016 14:25] [] ACTIVATE USER ACCESS RIGHT
[ADMIN] [10/20/2016 14:25] [] DISPLAY ADMIN FORM
[ADMIN] [10/20/2016 14:25] [] adminForm Load
[ADMIN] [10/20/2016 14:25] [PELANGGAN] ATTEMPT TO SAVE DATA
[ADMIN] [10/20/2016 14:26] [PELANGGAN] INSERT NEW CUSTOMER DATA [123]
[ADMIN] [10/20/2016 14:26] [PELANGGAN] DATA SAVED
[] [10/20/2016 15:21] [] USER = ADMIN IS ACTIVE
[ADMIN] [10/20/2016 15:21] [] USER ID = 1 LOGIN SUCCESSFULLY
[ADMIN] [10/20/2016 15:21] [] ACTIVATE USER ACCESS RIGHT
[ADMIN] [10/20/2016 15:21] [] DISPLAY ADMIN FORM
[ADMIN] [10/20/2016 15:21] [] adminForm Load
[ADMIN] [10/20/2016 15:26] [] USER ID = 1LOGOUT
[ADMIN] [10/20/2016 15:26] [] USER = ADMIN IS ACTIVE
[ADMIN] [10/20/2016 15:26] [] USER ID = 1 LOGIN SUCCESSFULLY
[ADMIN] [10/20/2016 15:26] [] ACTIVATE USER ACCESS RIGHT
[ADMIN] [10/20/2016 15:26] [] DISPLAY ADMIN FORM
[ADMIN] [10/20/2016 15:26] [] adminForm Load
[ADMIN] [10/20/2016 15:27] [] [SMS] ERROR WHEN READING PORT SETTING [Could not find file 'D:\Project\Rejeki_Utama\_CODE_\AlphaSoft\AlphaSoft\bin\Debug\portSetting'.]
[] [10/24/2016 11:43] [] USER = ADMIN IS ACTIVE
[ADMIN] [10/24/2016 11:43] [] USER ID = 1 LOGIN SUCCESSFULLY
[ADMIN] [10/24/2016 11:43] [] ACTIVATE USER ACCESS RIGHT
[ADMIN] [10/24/2016 11:43] [] DISPLAY ADMIN FORM
[ADMIN] [10/24/2016 11:43] [] adminForm Load
[ADMIN] [10/24/2016 11:43] [PENJUALAN] CASHIER FORM : MULTIPLE CASHIER INSTANCE [1]
[ADMIN] [10/24/2016 11:43] [PENJUALAN] CASHIER FORM : REGISTER HOTKEY
[ADMIN] [10/24/2016 11:43] [PENJUALAN] CASHIER FORM : cashierForm_Load, ATTEMPT TO LOAD NO FAKTUR
[ADMIN] [10/24/2016 11:43] [PENJUALAN] CASHIER FORM : loadNoFaktur, noFakturValue [SLO001]
[ADMIN] [10/24/2016 11:43] [PENJUALAN] CASHIER FORM : cashierForm_Load, ATTEMPT TO addColumnToDataGrid
[ADMIN] [10/24/2016 11:43] [PENJUALAN] CASHIER FORM : calculateTotal
[ADMIN] [10/24/2016 11:43] [PENJUALAN] CASHIER FORM : calculateTotal [0]
[ADMIN] [10/24/2016 11:43] [PENJUALAN] CASHIER FORM : calculateTotal, totalAfterDisc [0]
[ADMIN] [10/24/2016 11:43] [PENJUALAN] CASHIER FORM : REGISTER HOTKEY
[ADMIN] [10/24/2016 11:43] [PENJUALAN] CASHIER FORM : UNREGISTER HOTKEY
[ADMIN] [10/24/2016 11:43] [PENJUALAN] CASHIER FORM : UNREGISTER HOTKEY
[ADMIN] [10/24/2016 11:43] [PENJUALAN] CASHIER FORM : MULTIPLE CASHIER INSTANCE [1]
[ADMIN] [10/24/2016 11:43] [PENJUALAN] CASHIER FORM : REGISTER HOTKEY
[ADMIN] [10/24/2016 11:43] [PENJUALAN] CASHIER FORM : cashierForm_Load, ATTEMPT TO LOAD NO FAKTUR
[ADMIN] [10/24/2016 11:43] [PENJUALAN] CASHIER FORM : loadNoFaktur, noFakturValue [SLO001]
[ADMIN] [10/24/2016 11:43] [PENJUALAN] CASHIER FORM : cashierForm_Load, ATTEMPT TO addColumnToDataGrid
[ADMIN] [10/24/2016 11:43] [PENJUALAN] CASHIER FORM : calculateTotal
[ADMIN] [10/24/2016 11:43] [PENJUALAN] CASHIER FORM : calculateTotal [0]
[ADMIN] [10/24/2016 11:43] [PENJUALAN] CASHIER FORM : calculateTotal, totalAfterDisc [0]
[ADMIN] [10/24/2016 11:43] [PENJUALAN] CASHIER FORM : REGISTER HOTKEY
[ADMIN] [10/24/2016 11:43] [PENJUALAN] CASHIER FORM : UNREGISTER HOTKEY
[ADMIN] [10/24/2016 11:43] [PENJUALAN] CASHIER FORM : UNREGISTER HOTKEY
[ADMIN] [10/24/2016 11:43] [] USER ID = 1LOGOUT
