[] [2/19/2017 00:17] [] USER = ADMIN IS ACTIVE
[ADMIN] [2/19/2017 00:17] [] USER ID = 1 LOGIN SUCCESSFULLY
[ADMIN] [2/19/2017 00:17] [] ACTIVATE USER ACCESS RIGHT
[ADMIN] [2/19/2017 00:17] [] DISPLAY ADMIN FORM
[ADMIN] [2/19/2017 00:17] [] adminForm Load
[ADMIN] [2/19/2017 00:17] [PENJUALAN] CASHIER FORM : REGISTER HOTKEY
[ADMIN] [2/19/2017 00:17] [PENJUALAN] CASHIER FORM : ADD NEW ROW,  isActive [True]
[ADMIN] [2/19/2017 00:17] [PENJUALAN] CASHIER FORM : ADD NEW ROW,  ROW COUNT [0]
[ADMIN] [2/19/2017 00:17] [PENJUALAN] CASHIER FORM : ADD NEW ROW,  ALLOW TO ADD [True]
[ADMIN] [2/19/2017 00:17] [PENJUALAN] CASHIER FORM : REGISTER HOTKEY
[ADMIN] [2/19/2017 00:17] [PENJUALAN] CASHIER FORM : UNREGISTER HOTKEY
[ADMIN] [2/19/2017 00:17] [PENJUALAN] CASHIER FORM : UNREGISTER HOTKEY
[ADMIN] [2/19/2017 00:17] [PENJUALAN] CASHIER FORM : REGISTER HOTKEY
[ADMIN] [2/19/2017 00:17] [PENJUALAN] CASHIER FORM : discJualMaskedTextBox_Validating, totalAfterDisc [180]
[ADMIN] [2/19/2017 00:17] [PENJUALAN] CASHIER FORM : calculateChangeValue, bayarTextBox.Text [0]
[ADMIN] [2/19/2017 00:17] [PENJUALAN] CASHIER FORM : calculateChangeValue, sisaBayar [0]
[ADMIN] [2/19/2017 00:17] [PENJUALAN] CASHIER FORM : discJualMaskedTextBox_Validating, totalAfterDisc [130]
[ADMIN] [2/19/2017 00:17] [PENJUALAN] CASHIER FORM : calculateChangeValue, bayarTextBox.Text [0]
[ADMIN] [2/19/2017 00:17] [PENJUALAN] CASHIER FORM : calculateChangeValue, sisaBayar [0]
[ADMIN] [2/19/2017 00:17] [PENJUALAN] CASHIER FORM : calculateChangeValue, bayarTextBox.Text [150]
[ADMIN] [2/19/2017 00:17] [PENJUALAN] CASHIER FORM : calculateChangeValue, sisaBayar [20]
[ADMIN] [2/19/2017 00:17] [PENJUALAN] CASHIER FORM : ADD NEW ROW,  isActive [True]
[ADMIN] [2/19/2017 00:17] [PENJUALAN] CASHIER FORM : ADD NEW ROW,  ROW COUNT [0]
[ADMIN] [2/19/2017 00:17] [PENJUALAN] CASHIER FORM : ADD NEW ROW,  ALLOW TO ADD [True]
[ADMIN] [2/19/2017 00:18] [PENJUALAN] CASHIER FORM : REGISTER HOTKEY
[ADMIN] [2/19/2017 00:18] [PENJUALAN] CASHIER FORM : UNREGISTER HOTKEY
[ADMIN] [2/19/2017 00:18] [PENJUALAN] CASHIER FORM : UNREGISTER HOTKEY
[] [2/19/2017 00:24] [] USER = ADMIN IS ACTIVE
[ADMIN] [2/19/2017 00:24] [] USER ID = 1 LOGIN SUCCESSFULLY
[ADMIN] [2/19/2017 00:24] [] ACTIVATE USER ACCESS RIGHT
[ADMIN] [2/19/2017 00:24] [] DISPLAY ADMIN FORM
[ADMIN] [2/19/2017 00:24] [] adminForm Load
[ADMIN] [2/19/2017 00:25] [] CREATE DATA GROUP FORM MODULE_ID [51]
[ADMIN] [2/19/2017 00:25] [] CREATE DATA GROUP ACCESS MODULE FORM, GROUP USER ID [1]
