[] [9/29/2016 12:12] [] USER = ADMIN IS ACTIVE
[ADMIN] [9/29/2016 12:12] [] USER ID = 1 LOGIN SUCCESSFULLY
[ADMIN] [9/29/2016 12:12] [] ACTIVATE USER ACCESS RIGHT
[ADMIN] [9/29/2016 12:12] [] DISPLAY ADMIN FORM
[ADMIN] [9/29/2016 12:12] [] adminForm Load
[ADMIN] [9/29/2016 12:13] [PENJUALAN] CASHIER FORM : REGISTER HOTKEY
[ADMIN] [9/29/2016 12:13] [PENJUALAN] CASHIER FORM : loadNoFaktur, noFakturValue [SLO001]
[ADMIN] [9/29/2016 12:13] [PENJUALAN] CASHIER FORM : calculateTotal
[ADMIN] [9/29/2016 12:13] [PENJUALAN] CASHIER FORM : calculateTotal [0]
[ADMIN] [9/29/2016 12:13] [PENJUALAN] CASHIER FORM : calculateTotal, totalAfterDisc [0]
[ADMIN] [9/29/2016 12:13] [PENJUALAN] CASHIER FORM : REGISTER HOTKEY
[ADMIN] [9/29/2016 12:13] [PENJUALAN] CASHIER FORM : DISPLAY PELANGGAN FORM
[ADMIN] [9/29/2016 12:13] [PENJUALAN] CASHIER FORM : UNREGISTER HOTKEY
[] [9/29/2016 12:22] [] USER = ADMIN IS ACTIVE
[ADMIN] [9/29/2016 12:22] [] USER ID = 1 LOGIN SUCCESSFULLY
[ADMIN] [9/29/2016 12:22] [] ACTIVATE USER ACCESS RIGHT
[ADMIN] [9/29/2016 12:22] [] DISPLAY ADMIN FORM
[ADMIN] [9/29/2016 12:22] [] adminForm Load
[ADMIN] [9/29/2016 12:22] [PENJUALAN] CASHIER FORM : REGISTER HOTKEY
[ADMIN] [9/29/2016 12:22] [PENJUALAN] CASHIER FORM : loadNoFaktur, noFakturValue [SLO001]
[ADMIN] [9/29/2016 12:22] [PENJUALAN] CASHIER FORM : calculateTotal
[ADMIN] [9/29/2016 12:22] [PENJUALAN] CASHIER FORM : calculateTotal [0]
[ADMIN] [9/29/2016 12:22] [PENJUALAN] CASHIER FORM : calculateTotal, totalAfterDisc [0]
[ADMIN] [9/29/2016 12:22] [PENJUALAN] CASHIER FORM : REGISTER HOTKEY
[ADMIN] [9/29/2016 12:22] [PENJUALAN] CASHIER FORM : DISPLAY PELANGGAN FORM
[ADMIN] [9/29/2016 12:22] [PENJUALAN] CASHIER FORM : UNREGISTER HOTKEY
[] [9/29/2016 12:26] [] USER = ADMIN IS ACTIVE
[ADMIN] [9/29/2016 12:26] [] USER ID = 1 LOGIN SUCCESSFULLY
[ADMIN] [9/29/2016 12:26] [] ACTIVATE USER ACCESS RIGHT
[ADMIN] [9/29/2016 12:26] [] DISPLAY ADMIN FORM
[ADMIN] [9/29/2016 12:26] [] adminForm Load
[ADMIN] [9/29/2016 12:26] [PENJUALAN] CASHIER FORM : REGISTER HOTKEY
[ADMIN] [9/29/2016 12:26] [PENJUALAN] CASHIER FORM : loadNoFaktur, noFakturValue [SLO001]
[ADMIN] [9/29/2016 12:26] [PENJUALAN] CASHIER FORM : calculateTotal
[ADMIN] [9/29/2016 12:26] [PENJUALAN] CASHIER FORM : calculateTotal [0]
[ADMIN] [9/29/2016 12:26] [PENJUALAN] CASHIER FORM : calculateTotal, totalAfterDisc [0]
[ADMIN] [9/29/2016 12:26] [PENJUALAN] CASHIER FORM : REGISTER HOTKEY
[ADMIN] [9/29/2016 12:26] [PENJUALAN] CASHIER FORM : DISPLAY PELANGGAN FORM
[ADMIN] [9/29/2016 12:26] [PENJUALAN] CASHIER FORM : UNREGISTER HOTKEY
[ADMIN] [9/29/2016 12:26] [PENJUALAN] CASHIER FORM : SELECTED TECHNICIAN ID [1]
[ADMIN] [9/29/2016 12:26] [PENJUALAN] CASHIER FORM : ATTEMPT TO SET CUSTOMER PROFILE
[ADMIN] [9/29/2016 12:26] [PENJUALAN] CASHIER FORM : FINISHED SET CUSTOMER PROFILE
[ADMIN] [9/29/2016 12:26] [PENJUALAN] CASHIER FORM : REGISTER HOTKEY
[ADMIN] [9/29/2016 12:27] [PENJUALAN] CASHIER FORM : ChangePrinterButton_Click, DISPLAY PRINTER SELECTION FORM
[ADMIN] [9/29/2016 12:27] [PENJUALAN] CASHIER FORM : UNREGISTER HOTKEY
[ADMIN] [9/29/2016 12:27] [PENJUALAN] CASHIER FORM : REGISTER HOTKEY
[ADMIN] [9/29/2016 12:27] [PENJUALAN] CASHIER FORM : DISPLAY PELANGGAN FORM
[ADMIN] [9/29/2016 12:27] [PENJUALAN] CASHIER FORM : UNREGISTER HOTKEY
[ADMIN] [9/29/2016 12:27] [PENJUALAN] CASHIER FORM : REGISTER HOTKEY
[ADMIN] [9/29/2016 12:27] [PENJUALAN] CASHIER FORM : HOTKEY TO ADD NEW ROW PRESSED
[ADMIN] [9/29/2016 12:27] [PENJUALAN] CASHIER FORM : ADD NEW ROW,  isActive [True]
[ADMIN] [9/29/2016 12:27] [PENJUALAN] CASHIER FORM : ADD NEW ROW,  ROW COUNT [0]
[ADMIN] [9/29/2016 12:27] [PENJUALAN] CASHIER FORM : ADD NEW ROW,  ALLOW TO ADD [True]
[ADMIN] [9/29/2016 12:27] [PENJUALAN] CASHIER FORM : cashierDataGridView_CellValueChanged [F8]
[ADMIN] [9/29/2016 12:27] [PENJUALAN] CASHIER FORM : cashierDataGridView_CellValueChanged [hpp]
[ADMIN] [9/29/2016 12:27] [PENJUALAN] CASHIER FORM : TextBox_TextChanged, previousInput []
[ADMIN] [9/29/2016 12:27] [PENJUALAN] CASHIER FORM : TextBox_TextChanged, dataGridViewTextBoxEditingControl.Text pass REGEX Checking
[ADMIN] [9/29/2016 12:27] [PENJUALAN] CASHIER FORM : CALCULATE SUBTOTAL
[ADMIN] [9/29/2016 12:27] [PENJUALAN] CASHIER FORM : SUBTOTAL [0]
[ADMIN] [9/29/2016 12:27] [PENJUALAN] CASHIER FORM : TextBox_TextChanged, subtotal value [0]
[ADMIN] [9/29/2016 12:27] [PENJUALAN] CASHIER FORM : cashierDataGridView_CellValueChanged [jumlah]
[ADMIN] [9/29/2016 12:27] [PENJUALAN] CASHIER FORM : TextBox_TextChanged, attempt to calculate total value
[ADMIN] [9/29/2016 12:27] [PENJUALAN] CASHIER FORM : calculateTotal
[ADMIN] [9/29/2016 12:27] [PENJUALAN] CASHIER FORM : calculateTotal [0]
[ADMIN] [9/29/2016 12:27] [PENJUALAN] CASHIER FORM : calculateTotal, totalAfterDisc [0]
[ADMIN] [9/29/2016 12:27] [PENJUALAN] CASHIER FORM : cashierDataGridView_CellValueChanged [productPrice]
[ADMIN] [9/29/2016 12:27] [PENJUALAN] CASHIER FORM : cashierDataGridView_CellValueChanged [disc1]
[ADMIN] [9/29/2016 12:27] [PENJUALAN] CASHIER FORM : TextBox_TextChanged, previousInput []
[ADMIN] [9/29/2016 12:27] [PENJUALAN] CASHIER FORM : TextBox_TextChanged, dataGridViewTextBoxEditingControl.Text pass REGEX Checking
[ADMIN] [9/29/2016 12:27] [PENJUALAN] CASHIER FORM : CALCULATE SUBTOTAL
[ADMIN] [9/29/2016 12:27] [PENJUALAN] CASHIER FORM : SUBTOTAL [0]
[ADMIN] [9/29/2016 12:27] [PENJUALAN] CASHIER FORM : TextBox_TextChanged, subtotal value [0]
[ADMIN] [9/29/2016 12:27] [PENJUALAN] CASHIER FORM : TextBox_TextChanged, attempt to calculate total value
[ADMIN] [9/29/2016 12:27] [PENJUALAN] CASHIER FORM : calculateTotal
[ADMIN] [9/29/2016 12:27] [PENJUALAN] CASHIER FORM : calculateTotal [0]
[ADMIN] [9/29/2016 12:27] [PENJUALAN] CASHIER FORM : calculateTotal, totalAfterDisc [0]
[ADMIN] [9/29/2016 12:27] [PENJUALAN] CASHIER FORM : cashierDataGridView_CellValueChanged [qty]
[ADMIN] [9/29/2016 12:27] [PENJUALAN] CASHIER FORM : TextBox_TextChanged, previousInput []
[ADMIN] [9/29/2016 12:27] [PENJUALAN] CASHIER FORM : TextBox_TextChanged, dataGridViewTextBoxEditingControl.Text pass REGEX Checking
[ADMIN] [9/29/2016 12:27] [PENJUALAN] CASHIER FORM : CALCULATE SUBTOTAL
[ADMIN] [9/29/2016 12:27] [PENJUALAN] CASHIER FORM : SUBTOTAL [0]
[ADMIN] [9/29/2016 12:27] [PENJUALAN] CASHIER FORM : TextBox_TextChanged, subtotal value [0]
[ADMIN] [9/29/2016 12:27] [PENJUALAN] CASHIER FORM : TextBox_TextChanged, attempt to calculate total value
[ADMIN] [9/29/2016 12:27] [PENJUALAN] CASHIER FORM : calculateTotal
[ADMIN] [9/29/2016 12:27] [PENJUALAN] CASHIER FORM : calculateTotal [0]
[ADMIN] [9/29/2016 12:27] [PENJUALAN] CASHIER FORM : calculateTotal, totalAfterDisc [0]
[ADMIN] [9/29/2016 12:27] [PENJUALAN] CASHIER FORM : cashierDataGridView_CellValueChanged [disc2]
[ADMIN] [9/29/2016 12:27] [PENJUALAN] CASHIER FORM : TextBox_TextChanged, previousInput []
[ADMIN] [9/29/2016 12:27] [PENJUALAN] CASHIER FORM : TextBox_TextChanged, dataGridViewTextBoxEditingControl.Text pass REGEX Checking
[ADMIN] [9/29/2016 12:27] [PENJUALAN] CASHIER FORM : CALCULATE SUBTOTAL
[ADMIN] [9/29/2016 12:27] [PENJUALAN] CASHIER FORM : SUBTOTAL [0]
[ADMIN] [9/29/2016 12:27] [PENJUALAN] CASHIER FORM : TextBox_TextChanged, subtotal value [0]
[ADMIN] [9/29/2016 12:27] [PENJUALAN] CASHIER FORM : TextBox_TextChanged, attempt to calculate total value
[ADMIN] [9/29/2016 12:27] [PENJUALAN] CASHIER FORM : calculateTotal
[ADMIN] [9/29/2016 12:27] [PENJUALAN] CASHIER FORM : calculateTotal [0]
[ADMIN] [9/29/2016 12:27] [PENJUALAN] CASHIER FORM : calculateTotal, totalAfterDisc [0]
[ADMIN] [9/29/2016 12:27] [PENJUALAN] CASHIER FORM : cashierDataGridView_CellValueChanged [discRP]
[ADMIN] [9/29/2016 12:27] [PENJUALAN] CASHIER FORM : TextBox_TextChanged, previousInput []
[ADMIN] [9/29/2016 12:27] [PENJUALAN] CASHIER FORM : TextBox_TextChanged, dataGridViewTextBoxEditingControl.Text pass REGEX Checking
[ADMIN] [9/29/2016 12:27] [PENJUALAN] CASHIER FORM : CALCULATE SUBTOTAL
[ADMIN] [9/29/2016 12:27] [PENJUALAN] CASHIER FORM : SUBTOTAL [0]
[ADMIN] [9/29/2016 12:27] [PENJUALAN] CASHIER FORM : TextBox_TextChanged, subtotal value [0]
[ADMIN] [9/29/2016 12:27] [PENJUALAN] CASHIER FORM : TextBox_TextChanged, attempt to calculate total value
[ADMIN] [9/29/2016 12:27] [PENJUALAN] CASHIER FORM : calculateTotal
[ADMIN] [9/29/2016 12:27] [PENJUALAN] CASHIER FORM : calculateTotal [0]
[ADMIN] [9/29/2016 12:27] [PENJUALAN] CASHIER FORM : calculateTotal, totalAfterDisc [0]
[ADMIN] [9/29/2016 12:27] [PENJUALAN] CASHIER FORM : cashierDataGridView_CellValueChanged [jumlah]
[ADMIN] [9/29/2016 12:27] [PENJUALAN] CASHIER FORM : cashierDataGridView_CellValueChanged [productName]
[ADMIN] [9/29/2016 12:27] [PENJUALAN] CASHIER FORM : cashierDataGridView_CellValueChanged [productName]
[ADMIN] [9/29/2016 12:27] [PENJUALAN] CASHIER FORM : calculateTotal
[ADMIN] [9/29/2016 12:27] [PENJUALAN] CASHIER FORM : calculateTotal [0]
[ADMIN] [9/29/2016 12:27] [PENJUALAN] CASHIER FORM : calculateTotal, totalAfterDisc [0]
[ADMIN] [9/29/2016 12:27] [PENJUALAN] CASHIER FORM : cashierDataGridView_CellValueChanged [productName]
[ADMIN] [9/29/2016 12:27] [PENJUALAN] CASHIER FORM : cashierDataGridView_CellValueChanged [productName]
[ADMIN] [9/29/2016 12:27] [PENJUALAN] CASHIER FORM : calculateTotal
[ADMIN] [9/29/2016 12:27] [PENJUALAN] CASHIER FORM : calculateTotal [0]
[ADMIN] [9/29/2016 12:27] [PENJUALAN] CASHIER FORM : calculateTotal, totalAfterDisc [0]
[ADMIN] [9/29/2016 12:27] [PENJUALAN] CASHIER FORM : cashierDataGridView_CellValueChanged [productName]
[ADMIN] [9/29/2016 12:27] [PENJUALAN] CASHIER FORM : cashierDataGridView_CellValueChanged [productID]
[ADMIN] [9/29/2016 12:27] [PENJUALAN] CASHIER FORM : PRODUCT PRICE TYPE [PRODUCT_BASE_PRICE]
[ADMIN] [9/29/2016 12:27] [PENJUALAN] CASHIER FORM : PRODUCT PRICE [10]
[ADMIN] [9/29/2016 12:27] [PENJUALAN] CASHIER FORM : ComboBox_SelectedIndexChanged, PRODUCT_BASE_PRICE [10]
[ADMIN] [9/29/2016 12:27] [PENJUALAN] CASHIER FORM : cashierDataGridView_CellValueChanged [hpp]
[ADMIN] [9/29/2016 12:27] [PENJUALAN] CASHIER FORM : TextBox_TextChanged, previousInput []
[ADMIN] [9/29/2016 12:27] [PENJUALAN] CASHIER FORM : TextBox_TextChanged, dataGridViewTextBoxEditingControl.Text pass REGEX Checking
[ADMIN] [9/29/2016 12:27] [PENJUALAN] CASHIER FORM : CALCULATE SUBTOTAL
[ADMIN] [9/29/2016 12:27] [PENJUALAN] CASHIER FORM : SUBTOTAL [0]
[ADMIN] [9/29/2016 12:27] [PENJUALAN] CASHIER FORM : TextBox_TextChanged, subtotal value [0]
[ADMIN] [9/29/2016 12:27] [PENJUALAN] CASHIER FORM : cashierDataGridView_CellValueChanged [jumlah]
[ADMIN] [9/29/2016 12:27] [PENJUALAN] CASHIER FORM : TextBox_TextChanged, attempt to calculate total value
[ADMIN] [9/29/2016 12:27] [PENJUALAN] CASHIER FORM : calculateTotal
[ADMIN] [9/29/2016 12:27] [PENJUALAN] CASHIER FORM : calculateTotal [0]
[ADMIN] [9/29/2016 12:27] [PENJUALAN] CASHIER FORM : calculateTotal, totalAfterDisc [0]
[ADMIN] [9/29/2016 12:27] [PENJUALAN] CASHIER FORM : PRODUCT PRICE TYPE [PRODUCT_RETAIL_PRICE]
[ADMIN] [9/29/2016 12:27] [PENJUALAN] CASHIER FORM : PRODUCT PRICE [1]
[ADMIN] [9/29/2016 12:27] [PENJUALAN] CASHIER FORM : ComboBox_SelectedIndexChanged, PRODUCT_SALES_PRICE [1]
[ADMIN] [9/29/2016 12:27] [PENJUALAN] CASHIER FORM : cashierDataGridView_CellValueChanged [productPrice]
[ADMIN] [9/29/2016 12:27] [PENJUALAN] CASHIER FORM : cashierDataGridView_CellValueChanged [qty]
[ADMIN] [9/29/2016 12:27] [PENJUALAN] CASHIER FORM : TextBox_TextChanged, previousInput []
[ADMIN] [9/29/2016 12:27] [PENJUALAN] CASHIER FORM : TextBox_TextChanged, dataGridViewTextBoxEditingControl.Text pass REGEX Checking
[ADMIN] [9/29/2016 12:27] [PENJUALAN] CASHIER FORM : CALCULATE SUBTOTAL
[ADMIN] [9/29/2016 12:27] [PENJUALAN] CASHIER FORM : SUBTOTAL [0]
[ADMIN] [9/29/2016 12:27] [PENJUALAN] CASHIER FORM : TextBox_TextChanged, subtotal value [0]
[ADMIN] [9/29/2016 12:27] [PENJUALAN] CASHIER FORM : TextBox_TextChanged, attempt to calculate total value
[ADMIN] [9/29/2016 12:27] [PENJUALAN] CASHIER FORM : calculateTotal
[ADMIN] [9/29/2016 12:27] [PENJUALAN] CASHIER FORM : calculateTotal [0]
[ADMIN] [9/29/2016 12:27] [PENJUALAN] CASHIER FORM : calculateTotal, totalAfterDisc [0]
[ADMIN] [9/29/2016 12:27] [PENJUALAN] CASHIER FORM : ComboBox_SelectedIndexChanged, attempt to calculate total
[ADMIN] [9/29/2016 12:27] [PENJUALAN] CASHIER FORM : calculateTotal
[ADMIN] [9/29/2016 12:27] [PENJUALAN] CASHIER FORM : calculateTotal [0]
[ADMIN] [9/29/2016 12:27] [PENJUALAN] CASHIER FORM : calculateTotal, totalAfterDisc [0]
[ADMIN] [9/29/2016 12:27] [PENJUALAN] CASHIER FORM : cashierDataGridView_CellValueChanged [productName]
[ADMIN] [9/29/2016 12:27] [PENJUALAN] CASHIER FORM : cashierDataGridView_CellValueChanged [productName]
[ADMIN] [9/29/2016 12:27] [PENJUALAN] CASHIER FORM : cashierDataGridView_CellValueChanged [hpp]
[ADMIN] [9/29/2016 12:27] [PENJUALAN] CASHIER FORM : TextBox_TextChanged, previousInput []
[ADMIN] [9/29/2016 12:27] [PENJUALAN] CASHIER FORM : TextBox_TextChanged, dataGridViewTextBoxEditingControl.Text pass REGEX Checking
[ADMIN] [9/29/2016 12:27] [PENJUALAN] CASHIER FORM : CALCULATE SUBTOTAL
[ADMIN] [9/29/2016 12:27] [PENJUALAN] CASHIER FORM : SUBTOTAL [0]
[ADMIN] [9/29/2016 12:27] [PENJUALAN] CASHIER FORM : TextBox_TextChanged, subtotal value [0]
[ADMIN] [9/29/2016 12:27] [PENJUALAN] CASHIER FORM : TextBox_TextChanged, attempt to calculate total value
[ADMIN] [9/29/2016 12:27] [PENJUALAN] CASHIER FORM : calculateTotal
[ADMIN] [9/29/2016 12:27] [PENJUALAN] CASHIER FORM : calculateTotal [0]
[ADMIN] [9/29/2016 12:27] [PENJUALAN] CASHIER FORM : calculateTotal, totalAfterDisc [0]
[ADMIN] [9/29/2016 12:27] [PENJUALAN] CASHIER FORM : cashierDataGridView_CellValueChanged [productPrice]
[ADMIN] [9/29/2016 12:27] [PENJUALAN] CASHIER FORM : cashierDataGridView_CellValueChanged [qty]
[ADMIN] [9/29/2016 12:27] [PENJUALAN] CASHIER FORM : TextBox_TextChanged, previousInput []
[ADMIN] [9/29/2016 12:27] [PENJUALAN] CASHIER FORM : TextBox_TextChanged, dataGridViewTextBoxEditingControl.Text pass REGEX Checking
[ADMIN] [9/29/2016 12:27] [PENJUALAN] CASHIER FORM : CALCULATE SUBTOTAL
[ADMIN] [9/29/2016 12:27] [PENJUALAN] CASHIER FORM : SUBTOTAL [0]
[ADMIN] [9/29/2016 12:27] [PENJUALAN] CASHIER FORM : TextBox_TextChanged, subtotal value [0]
[ADMIN] [9/29/2016 12:27] [PENJUALAN] CASHIER FORM : TextBox_TextChanged, attempt to calculate total value
[ADMIN] [9/29/2016 12:27] [PENJUALAN] CASHIER FORM : calculateTotal
[ADMIN] [9/29/2016 12:27] [PENJUALAN] CASHIER FORM : calculateTotal [0]
[ADMIN] [9/29/2016 12:27] [PENJUALAN] CASHIER FORM : calculateTotal, totalAfterDisc [0]
[ADMIN] [9/29/2016 12:27] [PENJUALAN] CASHIER FORM : cashierDataGridView_CellValueChanged [jumlah]
[ADMIN] [9/29/2016 12:27] [PENJUALAN] CASHIER FORM : calculateTotal
[ADMIN] [9/29/2016 12:27] [PENJUALAN] CASHIER FORM : calculateTotal [0]
[ADMIN] [9/29/2016 12:27] [PENJUALAN] CASHIER FORM : calculateTotal, totalAfterDisc [0]
[ADMIN] [9/29/2016 12:27] [PENJUALAN] CASHIER FORM : cashierDataGridView_CellValueChanged [productName]
[ADMIN] [9/29/2016 12:27] [PENJUALAN] CASHIER FORM : cashierDataGridView_CellValueChanged [productName]
[ADMIN] [9/29/2016 12:27] [PENJUALAN] CASHIER FORM : calculateTotal
[ADMIN] [9/29/2016 12:27] [PENJUALAN] CASHIER FORM : calculateTotal [0]
[ADMIN] [9/29/2016 12:27] [PENJUALAN] CASHIER FORM : calculateTotal, totalAfterDisc [0]
[ADMIN] [9/29/2016 12:27] [PENJUALAN] CASHIER FORM : cashierDataGridView_CellValueChanged [productName]
[ADMIN] [9/29/2016 12:27] [PENJUALAN] CASHIER FORM : cashierDataGridView_CellValueChanged [productName]
[ADMIN] [9/29/2016 12:27] [PENJUALAN] CASHIER FORM : calculateTotal
[ADMIN] [9/29/2016 12:27] [PENJUALAN] CASHIER FORM : calculateTotal [0]
[ADMIN] [9/29/2016 12:27] [PENJUALAN] CASHIER FORM : calculateTotal, totalAfterDisc [0]
[ADMIN] [9/29/2016 12:27] [PENJUALAN] CASHIER FORM : cashierDataGridView_CellValueChanged [productName]
[ADMIN] [9/29/2016 12:27] [PENJUALAN] CASHIER FORM : UNREGISTER HOTKEY
[ADMIN] [9/29/2016 12:27] [PENJUALAN] CASHIER FORM : UNREGISTER HOTKEY
[] [9/29/2016 12:45] [] USER = ADMIN IS ACTIVE
[ADMIN] [9/29/2016 12:45] [] USER ID = 1 LOGIN SUCCESSFULLY
[ADMIN] [9/29/2016 12:45] [] ACTIVATE USER ACCESS RIGHT
[ADMIN] [9/29/2016 12:45] [] DISPLAY ADMIN FORM
[ADMIN] [9/29/2016 12:45] [] adminForm Load
[ADMIN] [9/29/2016 12:46] [PENJUALAN] CASHIER FORM : REGISTER HOTKEY
[ADMIN] [9/29/2016 12:46] [PENJUALAN] CASHIER FORM : loadNoFaktur, noFakturValue [SLO001]
[ADMIN] [9/29/2016 12:46] [PENJUALAN] CASHIER FORM : calculateTotal
[ADMIN] [9/29/2016 12:46] [PENJUALAN] CASHIER FORM : calculateTotal [0]
[ADMIN] [9/29/2016 12:46] [PENJUALAN] CASHIER FORM : calculateTotal, totalAfterDisc [0]
[ADMIN] [9/29/2016 12:46] [PENJUALAN] CASHIER FORM : REGISTER HOTKEY
[ADMIN] [9/29/2016 12:46] [PENJUALAN] CASHIER FORM : HOTKEY TO ADD NEW ROW PRESSED
[ADMIN] [9/29/2016 12:46] [PENJUALAN] CASHIER FORM : ADD NEW ROW,  isActive [True]
[ADMIN] [9/29/2016 12:46] [PENJUALAN] CASHIER FORM : ADD NEW ROW,  ROW COUNT [0]
[ADMIN] [9/29/2016 12:46] [PENJUALAN] CASHIER FORM : ADD NEW ROW,  ALLOW TO ADD [True]
[ADMIN] [9/29/2016 12:46] [PENJUALAN] CASHIER FORM : cashierDataGridView_CellValueChanged [F8]
[ADMIN] [9/29/2016 12:46] [PENJUALAN] CASHIER FORM : cashierDataGridView_CellValueChanged [hpp]
[ADMIN] [9/29/2016 12:46] [PENJUALAN] CASHIER FORM : TextBox_TextChanged, previousInput []
[ADMIN] [9/29/2016 12:46] [PENJUALAN] CASHIER FORM : TextBox_TextChanged, dataGridViewTextBoxEditingControl.Text pass REGEX Checking
[ADMIN] [9/29/2016 12:46] [PENJUALAN] CASHIER FORM : CALCULATE SUBTOTAL
[ADMIN] [9/29/2016 12:46] [PENJUALAN] CASHIER FORM : SUBTOTAL [0]
[ADMIN] [9/29/2016 12:46] [PENJUALAN] CASHIER FORM : TextBox_TextChanged, subtotal value [0]
[ADMIN] [9/29/2016 12:46] [PENJUALAN] CASHIER FORM : cashierDataGridView_CellValueChanged [jumlah]
[ADMIN] [9/29/2016 12:46] [PENJUALAN] CASHIER FORM : TextBox_TextChanged, attempt to calculate total value
[ADMIN] [9/29/2016 12:46] [PENJUALAN] CASHIER FORM : calculateTotal
[ADMIN] [9/29/2016 12:46] [PENJUALAN] CASHIER FORM : calculateTotal [0]
[ADMIN] [9/29/2016 12:46] [PENJUALAN] CASHIER FORM : calculateTotal, totalAfterDisc [0]
[ADMIN] [9/29/2016 12:46] [PENJUALAN] CASHIER FORM : cashierDataGridView_CellValueChanged [productPrice]
[ADMIN] [9/29/2016 12:46] [PENJUALAN] CASHIER FORM : cashierDataGridView_CellValueChanged [disc1]
[ADMIN] [9/29/2016 12:46] [PENJUALAN] CASHIER FORM : TextBox_TextChanged, previousInput []
[ADMIN] [9/29/2016 12:46] [PENJUALAN] CASHIER FORM : TextBox_TextChanged, dataGridViewTextBoxEditingControl.Text pass REGEX Checking
[ADMIN] [9/29/2016 12:46] [PENJUALAN] CASHIER FORM : CALCULATE SUBTOTAL
[ADMIN] [9/29/2016 12:46] [PENJUALAN] CASHIER FORM : SUBTOTAL [0]
[ADMIN] [9/29/2016 12:46] [PENJUALAN] CASHIER FORM : TextBox_TextChanged, subtotal value [0]
[ADMIN] [9/29/2016 12:46] [PENJUALAN] CASHIER FORM : TextBox_TextChanged, attempt to calculate total value
[ADMIN] [9/29/2016 12:46] [PENJUALAN] CASHIER FORM : calculateTotal
[ADMIN] [9/29/2016 12:46] [PENJUALAN] CASHIER FORM : calculateTotal [0]
[ADMIN] [9/29/2016 12:46] [PENJUALAN] CASHIER FORM : calculateTotal, totalAfterDisc [0]
[ADMIN] [9/29/2016 12:46] [PENJUALAN] CASHIER FORM : cashierDataGridView_CellValueChanged [qty]
[ADMIN] [9/29/2016 12:46] [PENJUALAN] CASHIER FORM : TextBox_TextChanged, previousInput []
[ADMIN] [9/29/2016 12:46] [PENJUALAN] CASHIER FORM : TextBox_TextChanged, dataGridViewTextBoxEditingControl.Text pass REGEX Checking
[ADMIN] [9/29/2016 12:46] [PENJUALAN] CASHIER FORM : CALCULATE SUBTOTAL
[ADMIN] [9/29/2016 12:46] [PENJUALAN] CASHIER FORM : SUBTOTAL [0]
[ADMIN] [9/29/2016 12:46] [PENJUALAN] CASHIER FORM : TextBox_TextChanged, subtotal value [0]
[ADMIN] [9/29/2016 12:46] [PENJUALAN] CASHIER FORM : TextBox_TextChanged, attempt to calculate total value
[ADMIN] [9/29/2016 12:46] [PENJUALAN] CASHIER FORM : calculateTotal
[ADMIN] [9/29/2016 12:46] [PENJUALAN] CASHIER FORM : calculateTotal [0]
[ADMIN] [9/29/2016 12:46] [PENJUALAN] CASHIER FORM : calculateTotal, totalAfterDisc [0]
[ADMIN] [9/29/2016 12:46] [PENJUALAN] CASHIER FORM : cashierDataGridView_CellValueChanged [disc2]
[ADMIN] [9/29/2016 12:46] [PENJUALAN] CASHIER FORM : TextBox_TextChanged, previousInput []
[ADMIN] [9/29/2016 12:46] [PENJUALAN] CASHIER FORM : TextBox_TextChanged, dataGridViewTextBoxEditingControl.Text pass REGEX Checking
[ADMIN] [9/29/2016 12:46] [PENJUALAN] CASHIER FORM : CALCULATE SUBTOTAL
[ADMIN] [9/29/2016 12:46] [PENJUALAN] CASHIER FORM : SUBTOTAL [0]
[ADMIN] [9/29/2016 12:46] [PENJUALAN] CASHIER FORM : TextBox_TextChanged, subtotal value [0]
[ADMIN] [9/29/2016 12:46] [PENJUALAN] CASHIER FORM : TextBox_TextChanged, attempt to calculate total value
[ADMIN] [9/29/2016 12:46] [PENJUALAN] CASHIER FORM : calculateTotal
[ADMIN] [9/29/2016 12:46] [PENJUALAN] CASHIER FORM : calculateTotal [0]
[ADMIN] [9/29/2016 12:46] [PENJUALAN] CASHIER FORM : calculateTotal, totalAfterDisc [0]
[ADMIN] [9/29/2016 12:46] [PENJUALAN] CASHIER FORM : cashierDataGridView_CellValueChanged [discRP]
[ADMIN] [9/29/2016 12:46] [PENJUALAN] CASHIER FORM : TextBox_TextChanged, previousInput []
[ADMIN] [9/29/2016 12:46] [PENJUALAN] CASHIER FORM : TextBox_TextChanged, dataGridViewTextBoxEditingControl.Text pass REGEX Checking
[ADMIN] [9/29/2016 12:46] [PENJUALAN] CASHIER FORM : CALCULATE SUBTOTAL
[ADMIN] [9/29/2016 12:46] [PENJUALAN] CASHIER FORM : SUBTOTAL [0]
[ADMIN] [9/29/2016 12:46] [PENJUALAN] CASHIER FORM : TextBox_TextChanged, subtotal value [0]
[ADMIN] [9/29/2016 12:46] [PENJUALAN] CASHIER FORM : TextBox_TextChanged, attempt to calculate total value
[ADMIN] [9/29/2016 12:46] [PENJUALAN] CASHIER FORM : calculateTotal
[ADMIN] [9/29/2016 12:46] [PENJUALAN] CASHIER FORM : calculateTotal [0]
[ADMIN] [9/29/2016 12:46] [PENJUALAN] CASHIER FORM : calculateTotal, totalAfterDisc [0]
[ADMIN] [9/29/2016 12:46] [PENJUALAN] CASHIER FORM : cashierDataGridView_CellValueChanged [jumlah]
[ADMIN] [9/29/2016 12:46] [PENJUALAN] CASHIER FORM : cashierDataGridView_CellValueChanged [productName]
[ADMIN] [9/29/2016 12:46] [PENJUALAN] CASHIER FORM : cashierDataGridView_CellValueChanged [productName]
[ADMIN] [9/29/2016 12:46] [PENJUALAN] CASHIER FORM : calculateTotal
[ADMIN] [9/29/2016 12:46] [PENJUALAN] CASHIER FORM : calculateTotal [0]
[ADMIN] [9/29/2016 12:46] [PENJUALAN] CASHIER FORM : calculateTotal, totalAfterDisc [0]
[ADMIN] [9/29/2016 12:46] [PENJUALAN] CASHIER FORM : cashierDataGridView_CellValueChanged [productName]
[ADMIN] [9/29/2016 12:46] [PENJUALAN] CASHIER FORM : cashierDataGridView_CellValueChanged [productName]
[ADMIN] [9/29/2016 12:46] [PENJUALAN] CASHIER FORM : calculateTotal
[ADMIN] [9/29/2016 12:46] [PENJUALAN] CASHIER FORM : calculateTotal [0]
[ADMIN] [9/29/2016 12:46] [PENJUALAN] CASHIER FORM : calculateTotal, totalAfterDisc [0]
[ADMIN] [9/29/2016 12:46] [PENJUALAN] CASHIER FORM : cashierDataGridView_CellValueChanged [productName]
[ADMIN] [9/29/2016 12:46] [PENJUALAN] CASHIER FORM : cashierDataGridView_CellValueChanged [productID]
[ADMIN] [9/29/2016 12:46] [PENJUALAN] CASHIER FORM : PRODUCT PRICE TYPE [PRODUCT_BASE_PRICE]
[ADMIN] [9/29/2016 12:46] [PENJUALAN] CASHIER FORM : PRODUCT PRICE [10]
[ADMIN] [9/29/2016 12:46] [PENJUALAN] CASHIER FORM : ComboBox_SelectedIndexChanged, PRODUCT_BASE_PRICE [10]
[ADMIN] [9/29/2016 12:46] [PENJUALAN] CASHIER FORM : cashierDataGridView_CellValueChanged [hpp]
[ADMIN] [9/29/2016 12:46] [PENJUALAN] CASHIER FORM : TextBox_TextChanged, previousInput []
[ADMIN] [9/29/2016 12:46] [PENJUALAN] CASHIER FORM : TextBox_TextChanged, dataGridViewTextBoxEditingControl.Text pass REGEX Checking
[ADMIN] [9/29/2016 12:46] [PENJUALAN] CASHIER FORM : CALCULATE SUBTOTAL
[ADMIN] [9/29/2016 12:46] [PENJUALAN] CASHIER FORM : SUBTOTAL [0]
[ADMIN] [9/29/2016 12:46] [PENJUALAN] CASHIER FORM : TextBox_TextChanged, subtotal value [0]
[ADMIN] [9/29/2016 12:46] [PENJUALAN] CASHIER FORM : cashierDataGridView_CellValueChanged [jumlah]
[ADMIN] [9/29/2016 12:46] [PENJUALAN] CASHIER FORM : TextBox_TextChanged, attempt to calculate total value
[ADMIN] [9/29/2016 12:46] [PENJUALAN] CASHIER FORM : calculateTotal
[ADMIN] [9/29/2016 12:46] [PENJUALAN] CASHIER FORM : calculateTotal [0]
[ADMIN] [9/29/2016 12:46] [PENJUALAN] CASHIER FORM : calculateTotal, totalAfterDisc [0]
[ADMIN] [9/29/2016 12:46] [PENJUALAN] CASHIER FORM : PRODUCT PRICE TYPE [PRODUCT_RETAIL_PRICE]
[ADMIN] [9/29/2016 12:46] [PENJUALAN] CASHIER FORM : PRODUCT PRICE [1]
[ADMIN] [9/29/2016 12:46] [PENJUALAN] CASHIER FORM : ComboBox_SelectedIndexChanged, PRODUCT_SALES_PRICE [1]
[ADMIN] [9/29/2016 12:46] [PENJUALAN] CASHIER FORM : cashierDataGridView_CellValueChanged [productPrice]
[ADMIN] [9/29/2016 12:46] [PENJUALAN] CASHIER FORM : cashierDataGridView_CellValueChanged [qty]
[ADMIN] [9/29/2016 12:46] [PENJUALAN] CASHIER FORM : TextBox_TextChanged, previousInput []
[ADMIN] [9/29/2016 12:46] [PENJUALAN] CASHIER FORM : TextBox_TextChanged, dataGridViewTextBoxEditingControl.Text pass REGEX Checking
[ADMIN] [9/29/2016 12:46] [PENJUALAN] CASHIER FORM : CALCULATE SUBTOTAL
[ADMIN] [9/29/2016 12:46] [PENJUALAN] CASHIER FORM : SUBTOTAL [0]
[ADMIN] [9/29/2016 12:46] [PENJUALAN] CASHIER FORM : TextBox_TextChanged, subtotal value [0]
[ADMIN] [9/29/2016 12:46] [PENJUALAN] CASHIER FORM : TextBox_TextChanged, attempt to calculate total value
[ADMIN] [9/29/2016 12:46] [PENJUALAN] CASHIER FORM : calculateTotal
[ADMIN] [9/29/2016 12:46] [PENJUALAN] CASHIER FORM : calculateTotal [0]
[ADMIN] [9/29/2016 12:46] [PENJUALAN] CASHIER FORM : calculateTotal, totalAfterDisc [0]
[ADMIN] [9/29/2016 12:46] [PENJUALAN] CASHIER FORM : ComboBox_SelectedIndexChanged, attempt to calculate total
[ADMIN] [9/29/2016 12:46] [PENJUALAN] CASHIER FORM : calculateTotal
[ADMIN] [9/29/2016 12:46] [PENJUALAN] CASHIER FORM : calculateTotal [0]
[ADMIN] [9/29/2016 12:46] [PENJUALAN] CASHIER FORM : calculateTotal, totalAfterDisc [0]
[ADMIN] [9/29/2016 12:46] [PENJUALAN] CASHIER FORM : cashierDataGridView_CellValueChanged [productName]
[ADMIN] [9/29/2016 12:46] [PENJUALAN] CASHIER FORM : cashierDataGridView_CellValueChanged [productName]
[ADMIN] [9/29/2016 12:46] [PENJUALAN] CASHIER FORM : cashierDataGridView_CellValueChanged [hpp]
[ADMIN] [9/29/2016 12:46] [PENJUALAN] CASHIER FORM : TextBox_TextChanged, previousInput []
[ADMIN] [9/29/2016 12:46] [PENJUALAN] CASHIER FORM : TextBox_TextChanged, dataGridViewTextBoxEditingControl.Text pass REGEX Checking
[ADMIN] [9/29/2016 12:46] [PENJUALAN] CASHIER FORM : CALCULATE SUBTOTAL
[ADMIN] [9/29/2016 12:46] [PENJUALAN] CASHIER FORM : SUBTOTAL [0]
[ADMIN] [9/29/2016 12:46] [PENJUALAN] CASHIER FORM : TextBox_TextChanged, subtotal value [0]
[ADMIN] [9/29/2016 12:46] [PENJUALAN] CASHIER FORM : TextBox_TextChanged, attempt to calculate total value
[ADMIN] [9/29/2016 12:46] [PENJUALAN] CASHIER FORM : calculateTotal
[ADMIN] [9/29/2016 12:46] [PENJUALAN] CASHIER FORM : calculateTotal [0]
[ADMIN] [9/29/2016 12:46] [PENJUALAN] CASHIER FORM : calculateTotal, totalAfterDisc [0]
[ADMIN] [9/29/2016 12:46] [PENJUALAN] CASHIER FORM : cashierDataGridView_CellValueChanged [productPrice]
[ADMIN] [9/29/2016 12:46] [PENJUALAN] CASHIER FORM : cashierDataGridView_CellValueChanged [qty]
[ADMIN] [9/29/2016 12:46] [PENJUALAN] CASHIER FORM : TextBox_TextChanged, previousInput []
[ADMIN] [9/29/2016 12:46] [PENJUALAN] CASHIER FORM : TextBox_TextChanged, dataGridViewTextBoxEditingControl.Text pass REGEX Checking
[ADMIN] [9/29/2016 12:46] [PENJUALAN] CASHIER FORM : CALCULATE SUBTOTAL
[ADMIN] [9/29/2016 12:46] [PENJUALAN] CASHIER FORM : SUBTOTAL [0]
[ADMIN] [9/29/2016 12:46] [PENJUALAN] CASHIER FORM : TextBox_TextChanged, subtotal value [0]
[ADMIN] [9/29/2016 12:46] [PENJUALAN] CASHIER FORM : TextBox_TextChanged, attempt to calculate total value
[ADMIN] [9/29/2016 12:46] [PENJUALAN] CASHIER FORM : calculateTotal
[ADMIN] [9/29/2016 12:46] [PENJUALAN] CASHIER FORM : calculateTotal [0]
[ADMIN] [9/29/2016 12:46] [PENJUALAN] CASHIER FORM : calculateTotal, totalAfterDisc [0]
[ADMIN] [9/29/2016 12:46] [PENJUALAN] CASHIER FORM : cashierDataGridView_CellValueChanged [jumlah]
[ADMIN] [9/29/2016 12:46] [PENJUALAN] CASHIER FORM : calculateTotal
[ADMIN] [9/29/2016 12:46] [PENJUALAN] CASHIER FORM : calculateTotal [0]
[ADMIN] [9/29/2016 12:46] [PENJUALAN] CASHIER FORM : calculateTotal, totalAfterDisc [0]
[ADMIN] [9/29/2016 12:46] [PENJUALAN] CASHIER FORM : cashierDataGridView_CellValueChanged [productName]
[ADMIN] [9/29/2016 12:46] [PENJUALAN] CASHIER FORM : cashierDataGridView_CellValueChanged [productName]
[ADMIN] [9/29/2016 12:46] [PENJUALAN] CASHIER FORM : calculateTotal
[ADMIN] [9/29/2016 12:46] [PENJUALAN] CASHIER FORM : calculateTotal [0]
[ADMIN] [9/29/2016 12:46] [PENJUALAN] CASHIER FORM : calculateTotal, totalAfterDisc [0]
[ADMIN] [9/29/2016 12:46] [PENJUALAN] CASHIER FORM : cashierDataGridView_CellValueChanged [productName]
[ADMIN] [9/29/2016 12:46] [PENJUALAN] CASHIER FORM : cashierDataGridView_CellValueChanged [productName]
[ADMIN] [9/29/2016 12:46] [PENJUALAN] CASHIER FORM : calculateTotal
[ADMIN] [9/29/2016 12:46] [PENJUALAN] CASHIER FORM : calculateTotal [0]
[ADMIN] [9/29/2016 12:46] [PENJUALAN] CASHIER FORM : calculateTotal, totalAfterDisc [0]
[ADMIN] [9/29/2016 12:46] [PENJUALAN] CASHIER FORM : cashierDataGridView_CellValueChanged [productName]
[ADMIN] [9/29/2016 12:46] [PENJUALAN] CASHIER FORM : cashierDataGridView_CellValueChanged [qty]
[ADMIN] [9/29/2016 12:46] [PENJUALAN] CASHIER FORM : TextBox_TextChanged, previousInput [0]
[ADMIN] [9/29/2016 12:46] [PENJUALAN] CASHIER FORM : TextBox_TextChanged, dataGridViewTextBoxEditingControl.Text [2]
[ADMIN] [9/29/2016 12:46] [PENJUALAN] CASHIER FORM : TextBox_TextChanged, dataGridViewTextBoxEditingControl.Text pass REGEX Checking
[ADMIN] [9/29/2016 12:46] [PENJUALAN] CASHIER FORM : CHECK STOCK QTY IS ENOUGH [1]
[ADMIN] [9/29/2016 12:46] [PENJUALAN] CASHIER FORM : CHECK STOCK QTY IS ENOUGH [27, 2]
[ADMIN] [9/29/2016 12:46] [PENJUALAN] CASHIER FORM : CALCULATE SUBTOTAL
[ADMIN] [9/29/2016 12:46] [PENJUALAN] CASHIER FORM : SUBTOTAL [0]
[ADMIN] [9/29/2016 12:46] [PENJUALAN] CASHIER FORM : TextBox_TextChanged, subtotal value [0]
[ADMIN] [9/29/2016 12:46] [PENJUALAN] CASHIER FORM : cashierDataGridView_CellValueChanged [jumlah]
[ADMIN] [9/29/2016 12:46] [PENJUALAN] CASHIER FORM : TextBox_TextChanged, attempt to calculate total value
[ADMIN] [9/29/2016 12:46] [PENJUALAN] CASHIER FORM : calculateTotal
[ADMIN] [9/29/2016 12:46] [PENJUALAN] CASHIER FORM : calculateTotal [0]
[ADMIN] [9/29/2016 12:46] [PENJUALAN] CASHIER FORM : calculateTotal, totalAfterDisc [0]
[ADMIN] [9/29/2016 12:46] [PENJUALAN] CASHIER FORM : DISPLAY PELANGGAN FORM
[ADMIN] [9/29/2016 12:46] [PENJUALAN] CASHIER FORM : UNREGISTER HOTKEY
[ADMIN] [9/29/2016 12:46] [PENJUALAN] CASHIER FORM : SELECTED TECHNICIAN ID [1]
[ADMIN] [9/29/2016 12:46] [PENJUALAN] CASHIER FORM : ATTEMPT TO SET CUSTOMER PROFILE
[ADMIN] [9/29/2016 12:46] [PENJUALAN] CASHIER FORM : FINISHED SET CUSTOMER PROFILE
[ADMIN] [9/29/2016 12:46] [PENJUALAN] CASHIER FORM : REGISTER HOTKEY
[ADMIN] [9/29/2016 12:46] [PENJUALAN] CASHIER FORM : DISPLAY PELANGGAN FORM
[ADMIN] [9/29/2016 12:46] [PENJUALAN] CASHIER FORM : UNREGISTER HOTKEY
[ADMIN] [9/29/2016 12:46] [PENJUALAN] CASHIER FORM : REGISTER HOTKEY
[ADMIN] [9/29/2016 12:46] [PENJUALAN] CASHIER FORM : UNREGISTER HOTKEY
[ADMIN] [9/29/2016 12:46] [PENJUALAN] CASHIER FORM : UNREGISTER HOTKEY
[ADMIN] [9/29/2016 12:46] [PELANGGAN] ATTEMPT TO SAVE DATA
[ADMIN] [9/29/2016 12:46] [PELANGGAN] INSERT NEW CUSTOMER DATA [PELANGGAN 1]
[ADMIN] [9/29/2016 12:46] [PELANGGAN] EXCEPTION THROWN [Unknown column 'REGION_ID' in 'field list']
[ADMIN] [9/29/2016 13:23] [PELANGGAN] ATTEMPT TO SAVE DATA
[ADMIN] [9/29/2016 13:23] [PELANGGAN] INSERT NEW CUSTOMER DATA [PELANGGAN 1]
[ADMIN] [9/29/2016 13:23] [PELANGGAN] DATA SAVED
[ADMIN] [9/29/2016 13:23] [PENJUALAN] CASHIER FORM : REGISTER HOTKEY
[ADMIN] [9/29/2016 13:23] [PENJUALAN] CASHIER FORM : loadNoFaktur, noFakturValue [SLO001]
[ADMIN] [9/29/2016 13:23] [PENJUALAN] CASHIER FORM : calculateTotal
[ADMIN] [9/29/2016 13:23] [PENJUALAN] CASHIER FORM : calculateTotal [0]
[ADMIN] [9/29/2016 13:23] [PENJUALAN] CASHIER FORM : calculateTotal, totalAfterDisc [0]
[ADMIN] [9/29/2016 13:23] [PENJUALAN] CASHIER FORM : REGISTER HOTKEY
[ADMIN] [9/29/2016 13:23] [PENJUALAN] CASHIER FORM : HOTKEY TO ADD NEW ROW PRESSED
[ADMIN] [9/29/2016 13:23] [PENJUALAN] CASHIER FORM : ADD NEW ROW,  isActive [True]
[ADMIN] [9/29/2016 13:23] [PENJUALAN] CASHIER FORM : ADD NEW ROW,  ROW COUNT [0]
[ADMIN] [9/29/2016 13:23] [PENJUALAN] CASHIER FORM : ADD NEW ROW,  ALLOW TO ADD [True]
[ADMIN] [9/29/2016 13:23] [PENJUALAN] CASHIER FORM : cashierDataGridView_CellValueChanged [F8]
[ADMIN] [9/29/2016 13:23] [PENJUALAN] CASHIER FORM : cashierDataGridView_CellValueChanged [hpp]
[ADMIN] [9/29/2016 13:23] [PENJUALAN] CASHIER FORM : TextBox_TextChanged, previousInput []
[ADMIN] [9/29/2016 13:23] [PENJUALAN] CASHIER FORM : TextBox_TextChanged, dataGridViewTextBoxEditingControl.Text pass REGEX Checking
[ADMIN] [9/29/2016 13:23] [PENJUALAN] CASHIER FORM : CALCULATE SUBTOTAL
[ADMIN] [9/29/2016 13:23] [PENJUALAN] CASHIER FORM : SUBTOTAL [0]
[ADMIN] [9/29/2016 13:23] [PENJUALAN] CASHIER FORM : TextBox_TextChanged, subtotal value [0]
[ADMIN] [9/29/2016 13:23] [PENJUALAN] CASHIER FORM : cashierDataGridView_CellValueChanged [jumlah]
[ADMIN] [9/29/2016 13:23] [PENJUALAN] CASHIER FORM : TextBox_TextChanged, attempt to calculate total value
[ADMIN] [9/29/2016 13:23] [PENJUALAN] CASHIER FORM : calculateTotal
[ADMIN] [9/29/2016 13:23] [PENJUALAN] CASHIER FORM : calculateTotal [0]
[ADMIN] [9/29/2016 13:23] [PENJUALAN] CASHIER FORM : calculateTotal, totalAfterDisc [0]
[ADMIN] [9/29/2016 13:23] [PENJUALAN] CASHIER FORM : cashierDataGridView_CellValueChanged [productPrice]
[ADMIN] [9/29/2016 13:23] [PENJUALAN] CASHIER FORM : cashierDataGridView_CellValueChanged [disc1]
[ADMIN] [9/29/2016 13:23] [PENJUALAN] CASHIER FORM : TextBox_TextChanged, previousInput []
[ADMIN] [9/29/2016 13:23] [PENJUALAN] CASHIER FORM : TextBox_TextChanged, dataGridViewTextBoxEditingControl.Text pass REGEX Checking
[ADMIN] [9/29/2016 13:23] [PENJUALAN] CASHIER FORM : CALCULATE SUBTOTAL
[ADMIN] [9/29/2016 13:23] [PENJUALAN] CASHIER FORM : SUBTOTAL [0]
[ADMIN] [9/29/2016 13:23] [PENJUALAN] CASHIER FORM : TextBox_TextChanged, subtotal value [0]
[ADMIN] [9/29/2016 13:23] [PENJUALAN] CASHIER FORM : TextBox_TextChanged, attempt to calculate total value
[ADMIN] [9/29/2016 13:23] [PENJUALAN] CASHIER FORM : calculateTotal
[ADMIN] [9/29/2016 13:23] [PENJUALAN] CASHIER FORM : calculateTotal [0]
[ADMIN] [9/29/2016 13:23] [PENJUALAN] CASHIER FORM : calculateTotal, totalAfterDisc [0]
[ADMIN] [9/29/2016 13:23] [PENJUALAN] CASHIER FORM : cashierDataGridView_CellValueChanged [qty]
[ADMIN] [9/29/2016 13:23] [PENJUALAN] CASHIER FORM : TextBox_TextChanged, previousInput []
[ADMIN] [9/29/2016 13:23] [PENJUALAN] CASHIER FORM : TextBox_TextChanged, dataGridViewTextBoxEditingControl.Text pass REGEX Checking
[ADMIN] [9/29/2016 13:23] [PENJUALAN] CASHIER FORM : CALCULATE SUBTOTAL
[ADMIN] [9/29/2016 13:23] [PENJUALAN] CASHIER FORM : SUBTOTAL [0]
[ADMIN] [9/29/2016 13:23] [PENJUALAN] CASHIER FORM : TextBox_TextChanged, subtotal value [0]
[ADMIN] [9/29/2016 13:23] [PENJUALAN] CASHIER FORM : TextBox_TextChanged, attempt to calculate total value
[ADMIN] [9/29/2016 13:23] [PENJUALAN] CASHIER FORM : calculateTotal
[ADMIN] [9/29/2016 13:23] [PENJUALAN] CASHIER FORM : calculateTotal [0]
[ADMIN] [9/29/2016 13:23] [PENJUALAN] CASHIER FORM : calculateTotal, totalAfterDisc [0]
[ADMIN] [9/29/2016 13:23] [PENJUALAN] CASHIER FORM : cashierDataGridView_CellValueChanged [disc2]
[ADMIN] [9/29/2016 13:23] [PENJUALAN] CASHIER FORM : TextBox_TextChanged, previousInput []
[ADMIN] [9/29/2016 13:23] [PENJUALAN] CASHIER FORM : TextBox_TextChanged, dataGridViewTextBoxEditingControl.Text pass REGEX Checking
[ADMIN] [9/29/2016 13:23] [PENJUALAN] CASHIER FORM : CALCULATE SUBTOTAL
[ADMIN] [9/29/2016 13:23] [PENJUALAN] CASHIER FORM : SUBTOTAL [0]
[ADMIN] [9/29/2016 13:23] [PENJUALAN] CASHIER FORM : TextBox_TextChanged, subtotal value [0]
[ADMIN] [9/29/2016 13:23] [PENJUALAN] CASHIER FORM : TextBox_TextChanged, attempt to calculate total value
[ADMIN] [9/29/2016 13:23] [PENJUALAN] CASHIER FORM : calculateTotal
[ADMIN] [9/29/2016 13:23] [PENJUALAN] CASHIER FORM : calculateTotal [0]
[ADMIN] [9/29/2016 13:23] [PENJUALAN] CASHIER FORM : calculateTotal, totalAfterDisc [0]
[ADMIN] [9/29/2016 13:23] [PENJUALAN] CASHIER FORM : cashierDataGridView_CellValueChanged [discRP]
[ADMIN] [9/29/2016 13:23] [PENJUALAN] CASHIER FORM : TextBox_TextChanged, previousInput []
[ADMIN] [9/29/2016 13:23] [PENJUALAN] CASHIER FORM : TextBox_TextChanged, dataGridViewTextBoxEditingControl.Text pass REGEX Checking
[ADMIN] [9/29/2016 13:23] [PENJUALAN] CASHIER FORM : CALCULATE SUBTOTAL
[ADMIN] [9/29/2016 13:23] [PENJUALAN] CASHIER FORM : SUBTOTAL [0]
[ADMIN] [9/29/2016 13:23] [PENJUALAN] CASHIER FORM : TextBox_TextChanged, subtotal value [0]
[ADMIN] [9/29/2016 13:23] [PENJUALAN] CASHIER FORM : TextBox_TextChanged, attempt to calculate total value
[ADMIN] [9/29/2016 13:23] [PENJUALAN] CASHIER FORM : calculateTotal
[ADMIN] [9/29/2016 13:23] [PENJUALAN] CASHIER FORM : calculateTotal [0]
[ADMIN] [9/29/2016 13:23] [PENJUALAN] CASHIER FORM : calculateTotal, totalAfterDisc [0]
[ADMIN] [9/29/2016 13:23] [PENJUALAN] CASHIER FORM : cashierDataGridView_CellValueChanged [jumlah]
[ADMIN] [9/29/2016 13:23] [PENJUALAN] CASHIER FORM : cashierDataGridView_CellValueChanged [productName]
[ADMIN] [9/29/2016 13:23] [PENJUALAN] CASHIER FORM : cashierDataGridView_CellValueChanged [productName]
[ADMIN] [9/29/2016 13:23] [PENJUALAN] CASHIER FORM : calculateTotal
[ADMIN] [9/29/2016 13:23] [PENJUALAN] CASHIER FORM : calculateTotal [0]
[ADMIN] [9/29/2016 13:23] [PENJUALAN] CASHIER FORM : calculateTotal, totalAfterDisc [0]
[ADMIN] [9/29/2016 13:23] [PENJUALAN] CASHIER FORM : cashierDataGridView_CellValueChanged [productName]
[ADMIN] [9/29/2016 13:23] [PENJUALAN] CASHIER FORM : cashierDataGridView_CellValueChanged [productName]
[ADMIN] [9/29/2016 13:23] [PENJUALAN] CASHIER FORM : calculateTotal
[ADMIN] [9/29/2016 13:23] [PENJUALAN] CASHIER FORM : calculateTotal [0]
[ADMIN] [9/29/2016 13:23] [PENJUALAN] CASHIER FORM : calculateTotal, totalAfterDisc [0]
[ADMIN] [9/29/2016 13:23] [PENJUALAN] CASHIER FORM : cashierDataGridView_CellValueChanged [productName]
[ADMIN] [9/29/2016 13:23] [PENJUALAN] CASHIER FORM : cashierDataGridView_CellValueChanged [productID]
[ADMIN] [9/29/2016 13:23] [PENJUALAN] CASHIER FORM : PRODUCT PRICE TYPE [PRODUCT_BASE_PRICE]
[ADMIN] [9/29/2016 13:23] [PENJUALAN] CASHIER FORM : PRODUCT PRICE [10]
[ADMIN] [9/29/2016 13:23] [PENJUALAN] CASHIER FORM : ComboBox_SelectedIndexChanged, PRODUCT_BASE_PRICE [10]
[ADMIN] [9/29/2016 13:23] [PENJUALAN] CASHIER FORM : cashierDataGridView_CellValueChanged [hpp]
[ADMIN] [9/29/2016 13:23] [PENJUALAN] CASHIER FORM : TextBox_TextChanged, previousInput []
[ADMIN] [9/29/2016 13:23] [PENJUALAN] CASHIER FORM : TextBox_TextChanged, dataGridViewTextBoxEditingControl.Text pass REGEX Checking
[ADMIN] [9/29/2016 13:23] [PENJUALAN] CASHIER FORM : CALCULATE SUBTOTAL
[ADMIN] [9/29/2016 13:23] [PENJUALAN] CASHIER FORM : SUBTOTAL [0]
[ADMIN] [9/29/2016 13:23] [PENJUALAN] CASHIER FORM : TextBox_TextChanged, subtotal value [0]
[ADMIN] [9/29/2016 13:23] [PENJUALAN] CASHIER FORM : cashierDataGridView_CellValueChanged [jumlah]
[ADMIN] [9/29/2016 13:23] [PENJUALAN] CASHIER FORM : TextBox_TextChanged, attempt to calculate total value
[ADMIN] [9/29/2016 13:23] [PENJUALAN] CASHIER FORM : calculateTotal
[ADMIN] [9/29/2016 13:23] [PENJUALAN] CASHIER FORM : calculateTotal [0]
[ADMIN] [9/29/2016 13:23] [PENJUALAN] CASHIER FORM : calculateTotal, totalAfterDisc [0]
[ADMIN] [9/29/2016 13:23] [PENJUALAN] CASHIER FORM : PRODUCT PRICE TYPE [PRODUCT_RETAIL_PRICE]
[ADMIN] [9/29/2016 13:23] [PENJUALAN] CASHIER FORM : PRODUCT PRICE [1]
[ADMIN] [9/29/2016 13:23] [PENJUALAN] CASHIER FORM : ComboBox_SelectedIndexChanged, PRODUCT_SALES_PRICE [1]
[ADMIN] [9/29/2016 13:23] [PENJUALAN] CASHIER FORM : cashierDataGridView_CellValueChanged [productPrice]
[ADMIN] [9/29/2016 13:23] [PENJUALAN] CASHIER FORM : cashierDataGridView_CellValueChanged [qty]
[ADMIN] [9/29/2016 13:23] [PENJUALAN] CASHIER FORM : TextBox_TextChanged, previousInput []
[ADMIN] [9/29/2016 13:23] [PENJUALAN] CASHIER FORM : TextBox_TextChanged, dataGridViewTextBoxEditingControl.Text pass REGEX Checking
[ADMIN] [9/29/2016 13:23] [PENJUALAN] CASHIER FORM : CALCULATE SUBTOTAL
[ADMIN] [9/29/2016 13:23] [PENJUALAN] CASHIER FORM : SUBTOTAL [0]
[ADMIN] [9/29/2016 13:23] [PENJUALAN] CASHIER FORM : TextBox_TextChanged, subtotal value [0]
[ADMIN] [9/29/2016 13:23] [PENJUALAN] CASHIER FORM : TextBox_TextChanged, attempt to calculate total value
[ADMIN] [9/29/2016 13:23] [PENJUALAN] CASHIER FORM : calculateTotal
[ADMIN] [9/29/2016 13:23] [PENJUALAN] CASHIER FORM : calculateTotal [0]
[ADMIN] [9/29/2016 13:23] [PENJUALAN] CASHIER FORM : calculateTotal, totalAfterDisc [0]
[ADMIN] [9/29/2016 13:23] [PENJUALAN] CASHIER FORM : ComboBox_SelectedIndexChanged, attempt to calculate total
[ADMIN] [9/29/2016 13:23] [PENJUALAN] CASHIER FORM : calculateTotal
[ADMIN] [9/29/2016 13:23] [PENJUALAN] CASHIER FORM : calculateTotal [0]
[ADMIN] [9/29/2016 13:23] [PENJUALAN] CASHIER FORM : calculateTotal, totalAfterDisc [0]
[ADMIN] [9/29/2016 13:23] [PENJUALAN] CASHIER FORM : cashierDataGridView_CellValueChanged [qty]
[ADMIN] [9/29/2016 13:23] [PENJUALAN] CASHIER FORM : TextBox_TextChanged, previousInput [0]
[ADMIN] [9/29/2016 13:23] [PENJUALAN] CASHIER FORM : TextBox_TextChanged, dataGridViewTextBoxEditingControl.Text [2]
[ADMIN] [9/29/2016 13:23] [PENJUALAN] CASHIER FORM : TextBox_TextChanged, dataGridViewTextBoxEditingControl.Text pass REGEX Checking
[ADMIN] [9/29/2016 13:23] [PENJUALAN] CASHIER FORM : CHECK STOCK QTY IS ENOUGH [1]
[ADMIN] [9/29/2016 13:23] [PENJUALAN] CASHIER FORM : CHECK STOCK QTY IS ENOUGH [27, 2]
[ADMIN] [9/29/2016 13:23] [PENJUALAN] CASHIER FORM : CALCULATE SUBTOTAL
[ADMIN] [9/29/2016 13:23] [PENJUALAN] CASHIER FORM : SUBTOTAL [2]
[ADMIN] [9/29/2016 13:23] [PENJUALAN] CASHIER FORM : TextBox_TextChanged, subtotal value [2]
[ADMIN] [9/29/2016 13:23] [PENJUALAN] CASHIER FORM : cashierDataGridView_CellValueChanged [jumlah]
[ADMIN] [9/29/2016 13:23] [PENJUALAN] CASHIER FORM : TextBox_TextChanged, attempt to calculate total value
[ADMIN] [9/29/2016 13:23] [PENJUALAN] CASHIER FORM : calculateTotal
[ADMIN] [9/29/2016 13:23] [PENJUALAN] CASHIER FORM : calculateTotal [2]
[ADMIN] [9/29/2016 13:23] [PENJUALAN] CASHIER FORM : calculateTotal, totalAfterDisc [2]
[ADMIN] [9/29/2016 13:23] [PENJUALAN] CASHIER FORM : DISPLAY PELANGGAN FORM
[ADMIN] [9/29/2016 13:23] [PENJUALAN] CASHIER FORM : UNREGISTER HOTKEY
[ADMIN] [9/29/2016 13:24] [PENJUALAN] CASHIER FORM : SELECTED TECHNICIAN ID [1]
[ADMIN] [9/29/2016 13:24] [PENJUALAN] CASHIER FORM : ATTEMPT TO SET CUSTOMER PROFILE
[ADMIN] [9/29/2016 13:24] [PENJUALAN] CASHIER FORM : FINISHED SET CUSTOMER PROFILE
[ADMIN] [9/29/2016 13:24] [PENJUALAN] CASHIER FORM : REGISTER HOTKEY
[ADMIN] [9/29/2016 13:27] [PENJUALAN] CASHIER FORM : UNREGISTER HOTKEY
[ADMIN] [9/29/2016 13:35] [PENJUALAN] CASHIER FORM : REGISTER HOTKEY
[ADMIN] [9/29/2016 13:35] [PENJUALAN] CASHIER FORM : DISPLAY PELANGGAN FORM
[ADMIN] [9/29/2016 13:35] [PENJUALAN] CASHIER FORM : UNREGISTER HOTKEY
[ADMIN] [9/29/2016 13:35] [PENJUALAN] CASHIER FORM : SELECTED CUSTOMER ID [1]
[ADMIN] [9/29/2016 13:35] [PENJUALAN] CASHIER FORM : ATTEMPT TO SET CUSTOMER PROFILE
[ADMIN] [9/29/2016 13:35] [PENJUALAN] CASHIER FORM : SET CUSTOMER PROFILE [PELANGGAN 1]
[ADMIN] [9/29/2016 13:35] [PENJUALAN] CASHIER FORM : CUSTOMER GROUP [P-UMUM [ECER]]
[ADMIN] [9/29/2016 13:35] [PENJUALAN] CASHIER FORM : FINISHED SET CUSTOMER PROFILE
[ADMIN] [9/29/2016 13:35] [PENJUALAN] CASHIER FORM : ATTEMPT TO REFRESH PRODUCT PRICE
[ADMIN] [9/29/2016 13:35] [PENJUALAN] CASHIER FORM : PRODUCT PRICE TYPE [PRODUCT_RETAIL_PRICE]
[ADMIN] [9/29/2016 13:35] [PENJUALAN] CASHIER FORM : PRODUCT PRICE [1]
[ADMIN] [9/29/2016 13:35] [PENJUALAN] CASHIER FORM : CHECK IF THERE'S ANY ENTRY IN THE PRODUCT DISC
[ADMIN] [9/29/2016 13:35] [PENJUALAN] CASHIER FORM : cashierDataGridView_CellValueChanged [disc1]
[ADMIN] [9/29/2016 13:35] [PENJUALAN] CASHIER FORM : TextBox_TextChanged, previousInput [2]
[ADMIN] [9/29/2016 13:35] [PENJUALAN] CASHIER FORM : TextBox_TextChanged, dataGridViewTextBoxEditingControl.Text pass REGEX Checking
[ADMIN] [9/29/2016 13:35] [PENJUALAN] CASHIER FORM : CHECK STOCK QTY IS ENOUGH [1]
[ADMIN] [9/29/2016 13:35] [PENJUALAN] CASHIER FORM : CHECK STOCK QTY IS ENOUGH [27, 0]
[ADMIN] [9/29/2016 13:35] [PENJUALAN] CASHIER FORM : CALCULATE SUBTOTAL
[ADMIN] [9/29/2016 13:35] [PENJUALAN] CASHIER FORM : SUBTOTAL [0]
[ADMIN] [9/29/2016 13:35] [PENJUALAN] CASHIER FORM : TextBox_TextChanged, subtotal value [0]
[ADMIN] [9/29/2016 13:35] [PENJUALAN] CASHIER FORM : cashierDataGridView_CellValueChanged [jumlah]
[ADMIN] [9/29/2016 13:35] [PENJUALAN] CASHIER FORM : TextBox_TextChanged, attempt to calculate total value
[ADMIN] [9/29/2016 13:35] [PENJUALAN] CASHIER FORM : calculateTotal
[ADMIN] [9/29/2016 13:35] [PENJUALAN] CASHIER FORM : calculateTotal [0]
[ADMIN] [9/29/2016 13:35] [PENJUALAN] CASHIER FORM : calculateTotal, totalAfterDisc [0]
[ADMIN] [9/29/2016 13:35] [PENJUALAN] CASHIER FORM : cashierDataGridView_CellValueChanged [disc2]
[ADMIN] [9/29/2016 13:35] [PENJUALAN] CASHIER FORM : TextBox_TextChanged, previousInput [0]
[ADMIN] [9/29/2016 13:35] [PENJUALAN] CASHIER FORM : TextBox_TextChanged, dataGridViewTextBoxEditingControl.Text [0]
[ADMIN] [9/29/2016 13:35] [PENJUALAN] CASHIER FORM : TextBox_TextChanged, dataGridViewTextBoxEditingControl.Text pass REGEX Checking
[ADMIN] [9/29/2016 13:35] [PENJUALAN] CASHIER FORM : CHECK STOCK QTY IS ENOUGH [1]
[ADMIN] [9/29/2016 13:35] [PENJUALAN] CASHIER FORM : CHECK STOCK QTY IS ENOUGH [27, 0]
[ADMIN] [9/29/2016 13:35] [PENJUALAN] CASHIER FORM : CALCULATE SUBTOTAL
[ADMIN] [9/29/2016 13:35] [PENJUALAN] CASHIER FORM : SUBTOTAL [0]
[ADMIN] [9/29/2016 13:35] [PENJUALAN] CASHIER FORM : TextBox_TextChanged, subtotal value [0]
[ADMIN] [9/29/2016 13:35] [PENJUALAN] CASHIER FORM : TextBox_TextChanged, attempt to calculate total value
[ADMIN] [9/29/2016 13:35] [PENJUALAN] CASHIER FORM : calculateTotal
[ADMIN] [9/29/2016 13:35] [PENJUALAN] CASHIER FORM : calculateTotal [0]
[ADMIN] [9/29/2016 13:35] [PENJUALAN] CASHIER FORM : calculateTotal, totalAfterDisc [0]
[ADMIN] [9/29/2016 13:35] [PENJUALAN] CASHIER FORM : cashierDataGridView_CellValueChanged [discRP]
[ADMIN] [9/29/2016 13:35] [PENJUALAN] CASHIER FORM : TextBox_TextChanged, previousInput [0]
[ADMIN] [9/29/2016 13:35] [PENJUALAN] CASHIER FORM : TextBox_TextChanged, dataGridViewTextBoxEditingControl.Text [0]
[ADMIN] [9/29/2016 13:35] [PENJUALAN] CASHIER FORM : TextBox_TextChanged, dataGridViewTextBoxEditingControl.Text pass REGEX Checking
[ADMIN] [9/29/2016 13:35] [PENJUALAN] CASHIER FORM : CHECK STOCK QTY IS ENOUGH [1]
[ADMIN] [9/29/2016 13:35] [PENJUALAN] CASHIER FORM : CHECK STOCK QTY IS ENOUGH [27, 0]
[ADMIN] [9/29/2016 13:35] [PENJUALAN] CASHIER FORM : CALCULATE SUBTOTAL
[ADMIN] [9/29/2016 13:35] [PENJUALAN] CASHIER FORM : SUBTOTAL [0]
[ADMIN] [9/29/2016 13:35] [PENJUALAN] CASHIER FORM : TextBox_TextChanged, subtotal value [0]
[ADMIN] [9/29/2016 13:35] [PENJUALAN] CASHIER FORM : TextBox_TextChanged, attempt to calculate total value
[ADMIN] [9/29/2016 13:35] [PENJUALAN] CASHIER FORM : calculateTotal
[ADMIN] [9/29/2016 13:35] [PENJUALAN] CASHIER FORM : calculateTotal [0]
[ADMIN] [9/29/2016 13:35] [PENJUALAN] CASHIER FORM : calculateTotal, totalAfterDisc [0]
[ADMIN] [9/29/2016 13:35] [PENJUALAN] CASHIER FORM : CALCULATE SUBTOTAL
[ADMIN] [9/29/2016 13:35] [PENJUALAN] CASHIER FORM : SUBTOTAL [0]
[ADMIN] [9/29/2016 13:35] [PENJUALAN] CASHIER FORM : calculateTotal
[ADMIN] [9/29/2016 13:35] [PENJUALAN] CASHIER FORM : calculateTotal [0]
[ADMIN] [9/29/2016 13:35] [PENJUALAN] CASHIER FORM : calculateTotal, totalAfterDisc [0]
[ADMIN] [9/29/2016 13:35] [PENJUALAN] CASHIER FORM : PRODUCT PRICE REFRESHED
[ADMIN] [9/29/2016 13:35] [PENJUALAN] CASHIER FORM : REGISTER HOTKEY
[ADMIN] [9/29/2016 13:35] [PENJUALAN] CASHIER FORM : HOTKEY TO SAVE AND PRINT OUT INVOICE PRESSED
[ADMIN] [9/29/2016 13:35] [PENJUALAN] CASHIER FORM : UNREGISTER HOTKEY
[ADMIN] [9/29/2016 13:35] [PENJUALAN] CASHIER FORM : REGISTER HOTKEY
[ADMIN] [9/29/2016 13:35] [PENJUALAN] ATTEMPT TO SAVE AND PRINT OUT INVOICE
[ADMIN] [9/29/2016 13:35] [PENJUALAN] CASHIER FORM : UNREGISTER HOTKEY
[ADMIN] [9/29/2016 13:35] [PENJUALAN] CASHIER FORM : REGISTER HOTKEY
[ADMIN] [9/29/2016 13:35] [PENJUALAN] CASHIER FORM : UNREGISTER HOTKEY
