[] [10/18/2016 12:00] [] USER = ADMIN IS ACTIVE
[ADMIN] [10/18/2016 12:00] [] USER ID = 1 LOGIN SUCCESSFULLY
[ADMIN] [10/18/2016 12:00] [] ACTIVATE USER ACCESS RIGHT
[ADMIN] [10/18/2016 12:00] [] DISPLAY ADMIN FORM
[ADMIN] [10/18/2016 12:00] [] adminForm Load
[ADMIN] [10/18/2016 12:00] [PENJUALAN] CASHIER FORM : REGISTER HOTKEY
[ADMIN] [10/18/2016 12:01] [PENJUALAN] CASHIER FORM : loadNoFaktur, noFakturValue [SLO001]
[ADMIN] [10/18/2016 12:01] [PENJUALAN] CASHIER FORM : ADD NEW ROW,  isActive [True]
[ADMIN] [10/18/2016 12:01] [PENJUALAN] CASHIER FORM : ADD NEW ROW,  ROW COUNT [0]
[ADMIN] [10/18/2016 12:01] [PENJUALAN] CASHIER FORM : ADD NEW ROW,  ALLOW TO ADD [True]
[ADMIN] [10/18/2016 12:01] [PENJUALAN] CASHIER FORM : REGISTER HOTKEY
[ADMIN] [10/18/2016 12:02] [PENJUALAN] CASHIER FORM : DISPLAY PELANGGAN FORM
[ADMIN] [10/18/2016 12:02] [PENJUALAN] CASHIER FORM : UNREGISTER HOTKEY
[ADMIN] [10/18/2016 12:02] [PENJUALAN] CASHIER FORM : REGISTER HOTKEY
[ADMIN] [10/18/2016 12:02] [PENJUALAN] CASHIER FORM : DISPLAY TEKNISI FORM
[ADMIN] [10/18/2016 12:02] [PENJUALAN] CASHIER FORM : UNREGISTER HOTKEY
[ADMIN] [10/18/2016 12:02] [PENJUALAN] CASHIER FORM : REGISTER HOTKEY
[ADMIN] [10/18/2016 12:02] [PENJUALAN] CASHIER FORM : UNREGISTER HOTKEY
[ADMIN] [10/18/2016 12:02] [PENJUALAN] CASHIER FORM : UNREGISTER HOTKEY
[ADMIN] [10/18/2016 12:02] [] USER ID = 1LOGOUT
