[] [2/18/2017 15:35] [] USER = ADMIN IS ACTIVE
[ADMIN] [2/18/2017 15:35] [] USER ID = 1 LOGIN SUCCESSFULLY
[ADMIN] [2/18/2017 15:35] [] ACTIVATE USER ACCESS RIGHT
[ADMIN] [2/18/2017 15:35] [] DISPLAY ADMIN FORM
[ADMIN] [2/18/2017 15:35] [] adminForm Load
[ADMIN] [2/18/2017 15:35] [PENJUALAN] CASHIER FORM : MULTIPLE CASHIER INSTANCE [1]
[ADMIN] [2/18/2017 15:35] [PENJUALAN] CASHIER FORM : REGISTER HOTKEY
[ADMIN] [2/18/2017 15:35] [PENJUALAN] CASHIER FORM : cashierForm_Load, ATTEMPT TO LOAD NO FAKTUR
[ADMIN] [2/18/2017 15:35] [PENJUALAN] CASHIER FORM : loadNoFaktur, noFakturValue [SLO001]
[ADMIN] [2/18/2017 15:35] [PENJUALAN] CASHIER FORM : cashierForm_Load, ATTEMPT TO addColumnToDataGrid
[ADMIN] [2/18/2017 15:35] [PENJUALAN] CASHIER FORM : REGISTER HOTKEY
[ADMIN] [2/18/2017 15:35] [PENJUALAN] CASHIER FORM : HOTKEY TO OPEN PRODUK SEARCH FORM PRESSED
[ADMIN] [2/18/2017 15:35] [PENJUALAN] CASHIER FORM : UNREGISTER HOTKEY
[ADMIN] [2/18/2017 15:35] [PENJUALAN] CASHIER FORM : REGISTER HOTKEY
[ADMIN] [2/18/2017 15:35] [PENJUALAN] CASHIER FORM : UNREGISTER HOTKEY
[ADMIN] [2/18/2017 15:35] [PENJUALAN] CASHIER FORM : UNREGISTER HOTKEY
[ADMIN] [2/18/2017 15:35] [PENJUALAN] CASHIER FORM : MULTIPLE CASHIER INSTANCE [1]
[ADMIN] [2/18/2017 15:35] [PENJUALAN] CASHIER FORM : REGISTER HOTKEY
[ADMIN] [2/18/2017 15:35] [PENJUALAN] CASHIER FORM : cashierForm_Load, ATTEMPT TO LOAD NO FAKTUR
[ADMIN] [2/18/2017 15:35] [PENJUALAN] CASHIER FORM : loadNoFaktur, noFakturValue [SLO001]
[ADMIN] [2/18/2017 15:35] [PENJUALAN] CASHIER FORM : cashierForm_Load, ATTEMPT TO addColumnToDataGrid
[ADMIN] [2/18/2017 15:35] [PENJUALAN] CASHIER FORM : REGISTER HOTKEY
[ADMIN] [2/18/2017 15:36] [PENJUALAN] CASHIER FORM : UNREGISTER HOTKEY
[ADMIN] [2/18/2017 15:36] [PENJUALAN] CASHIER FORM : UNREGISTER HOTKEY
[] [2/18/2017 15:39] [] USER = ADMIN IS ACTIVE
[ADMIN] [2/18/2017 15:39] [] USER ID = 1 LOGIN SUCCESSFULLY
[ADMIN] [2/18/2017 15:39] [] ACTIVATE USER ACCESS RIGHT
[ADMIN] [2/18/2017 15:39] [] DISPLAY ADMIN FORM
[ADMIN] [2/18/2017 15:39] [] adminForm Load
[ADMIN] [2/18/2017 15:40] [PENJUALAN] CASHIER FORM : REGISTER HOTKEY
[ADMIN] [2/18/2017 15:40] [PENJUALAN] CASHIER FORM : calculateChangeValue, bayarTextBox.Text [150]
[ADMIN] [2/18/2017 15:40] [PENJUALAN] CASHIER FORM : calculateChangeValue, sisaBayar [0]
[ADMIN] [2/18/2017 15:40] [PENJUALAN] CASHIER FORM : ADD NEW ROW,  isActive [True]
[ADMIN] [2/18/2017 15:40] [PENJUALAN] CASHIER FORM : ADD NEW ROW,  ROW COUNT [0]
[ADMIN] [2/18/2017 15:40] [PENJUALAN] CASHIER FORM : ADD NEW ROW,  ALLOW TO ADD [True]
[ADMIN] [2/18/2017 15:40] [PENJUALAN] CASHIER FORM : REGISTER HOTKEY
[ADMIN] [2/18/2017 15:40] [PENJUALAN] CASHIER FORM : discJualMaskedTextBox_Validating, totalAfterDisc [148]
[ADMIN] [2/18/2017 15:40] [PENJUALAN] CASHIER FORM : discJualMaskedTextBox_Validating, totalAfterDisc [130]
[ADMIN] [2/18/2017 15:40] [PENJUALAN] CASHIER FORM : discJualMaskedTextBox_Validating, totalAfterDisc [130]
[ADMIN] [2/18/2017 15:40] [PENJUALAN] CASHIER FORM : calculateChangeValue, bayarTextBox.Text [1]
[ADMIN] [2/18/2017 15:40] [PENJUALAN] CASHIER FORM : calculateChangeValue, sisaBayar [0]
[ADMIN] [2/18/2017 15:40] [PENJUALAN] CASHIER FORM : calculateChangeValue, bayarTextBox.Text [15]
[ADMIN] [2/18/2017 15:40] [PENJUALAN] CASHIER FORM : calculateChangeValue, sisaBayar [0]
[ADMIN] [2/18/2017 15:40] [PENJUALAN] CASHIER FORM : calculateChangeValue, bayarTextBox.Text [150]
[ADMIN] [2/18/2017 15:40] [PENJUALAN] CASHIER FORM : calculateChangeValue, sisaBayar [20]
[ADMIN] [2/18/2017 15:40] [PENJUALAN] CASHIER FORM : UNREGISTER HOTKEY
[ADMIN] [2/18/2017 15:40] [PENJUALAN] CASHIER FORM : REGISTER HOTKEY
[ADMIN] [2/18/2017 15:40] [PENJUALAN] CASHIER FORM : UNREGISTER HOTKEY
[ADMIN] [2/18/2017 15:40] [PENJUALAN] CASHIER FORM : UNREGISTER HOTKEY
[ADMIN] [2/18/2017 15:41] [] USER ID = 1LOGOUT
