[] [9/10/2016 12:24] [] USER = ADMIN IS ACTIVE
[ADMIN] [9/10/2016 12:24] [] USER ID = 1 LOGIN SUCCESSFULLY
[ADMIN] [9/10/2016 12:24] [] ACTIVATE USER ACCESS RIGHT
[ADMIN] [9/10/2016 12:24] [] DISPLAY ADMIN FORM
[ADMIN] [9/10/2016 12:24] [] adminForm Load
[ADMIN] [9/10/2016 12:24] [] CREATE DATA GROUP FORM MODULE_ID [51]
[ADMIN] [9/10/2016 12:24] [] CREATE DATA GROUP ACCESS MODULE FORM, GROUP USER ID [1]
[] [9/10/2016 12:26] [] USER = ADMIN IS ACTIVE
[ADMIN] [9/10/2016 12:26] [] USER ID = 1 LOGIN SUCCESSFULLY
[ADMIN] [9/10/2016 12:26] [] ACTIVATE USER ACCESS RIGHT
[ADMIN] [9/10/2016 12:26] [] DISPLAY ADMIN FORM
[ADMIN] [9/10/2016 12:26] [] adminForm Load
[ADMIN] [9/10/2016 12:26] [] CREATE DATA GROUP FORM MODULE_ID [51]
[ADMIN] [9/10/2016 12:26] [] CREATE DATA GROUP ACCESS MODULE FORM, GROUP USER ID [1]
[] [9/10/2016 12:27] [] USER = ADMIN IS ACTIVE
[ADMIN] [9/10/2016 12:27] [] USER ID = 1 LOGIN SUCCESSFULLY
[ADMIN] [9/10/2016 12:27] [] ACTIVATE USER ACCESS RIGHT
[ADMIN] [9/10/2016 12:27] [] DISPLAY ADMIN FORM
[ADMIN] [9/10/2016 12:27] [] adminForm Load
[ADMIN] [9/10/2016 12:28] [] CREATE DATA GROUP FORM MODULE_ID [51]
[ADMIN] [9/10/2016 12:28] [] CREATE DATA GROUP ACCESS MODULE FORM, GROUP USER ID [1]
[] [9/10/2016 12:30] [] USER = ADMIN IS ACTIVE
[ADMIN] [9/10/2016 12:30] [] USER ID = 1 LOGIN SUCCESSFULLY
[ADMIN] [9/10/2016 12:30] [] ACTIVATE USER ACCESS RIGHT
[ADMIN] [9/10/2016 12:30] [] DISPLAY ADMIN FORM
[ADMIN] [9/10/2016 12:30] [] adminForm Load
[ADMIN] [9/10/2016 12:30] [] CREATE DATA GROUP FORM MODULE_ID [51]
[ADMIN] [9/10/2016 12:30] [] CREATE DATA GROUP ACCESS MODULE FORM, GROUP USER ID [1]
[ADMIN] [9/10/2016 12:30] [] USER ID = 1LOGOUT
