[] [10/7/2016 12:07] [] USER = ADMIN IS ACTIVE
[ADMIN] [10/7/2016 12:07] [] USER ID = 1 LOGIN SUCCESSFULLY
[ADMIN] [10/7/2016 12:07] [] ACTIVATE USER ACCESS RIGHT
[ADMIN] [10/7/2016 12:07] [] DISPLAY ADMIN FORM
[ADMIN] [10/7/2016 12:07] [] adminForm Load
[ADMIN] [10/7/2016 12:07] [PENJUALAN] CASHIER FORM : REGISTER HOTKEY
[ADMIN] [10/7/2016 12:07] [PENJUALAN] CASHIER FORM : loadNoFaktur, noFakturValue [SLO001]
[ADMIN] [10/7/2016 12:07] [PENJUALAN] CASHIER FORM : ADD NEW ROW,  isActive [True]
[ADMIN] [10/7/2016 12:07] [PENJUALAN] CASHIER FORM : ADD NEW ROW,  ROW COUNT [0]
[ADMIN] [10/7/2016 12:07] [PENJUALAN] CASHIER FORM : ADD NEW ROW,  ALLOW TO ADD [True]
[ADMIN] [10/7/2016 12:07] [PENJUALAN] CASHIER FORM : REGISTER HOTKEY
[ADMIN] [10/7/2016 12:27] [PENJUALAN] CASHIER FORM : UNREGISTER HOTKEY
[ADMIN] [10/7/2016 12:27] [PENJUALAN] CASHIER FORM : REGISTER HOTKEY
[] [10/7/2016 12:42] [] USER = ADMIN IS ACTIVE
[ADMIN] [10/7/2016 12:42] [] USER ID = 1 LOGIN SUCCESSFULLY
[ADMIN] [10/7/2016 12:42] [] ACTIVATE USER ACCESS RIGHT
[ADMIN] [10/7/2016 12:42] [] DISPLAY ADMIN FORM
[ADMIN] [10/7/2016 12:42] [] adminForm Load
[ADMIN] [10/7/2016 12:46] [PENJUALAN] CASHIER FORM : REGISTER HOTKEY
[ADMIN] [10/7/2016 12:46] [PENJUALAN] CASHIER FORM : loadNoFaktur, noFakturValue [SLO001]
[ADMIN] [10/7/2016 12:46] [PENJUALAN] CASHIER FORM : ADD NEW ROW,  isActive [True]
[ADMIN] [10/7/2016 12:46] [PENJUALAN] CASHIER FORM : ADD NEW ROW,  ROW COUNT [0]
[ADMIN] [10/7/2016 12:46] [PENJUALAN] CASHIER FORM : ADD NEW ROW,  ALLOW TO ADD [True]
[ADMIN] [10/7/2016 12:46] [PENJUALAN] CASHIER FORM : REGISTER HOTKEY
[ADMIN] [10/7/2016 12:46] [PENJUALAN] CASHIER FORM : DISPLAY PELANGGAN FORM
[ADMIN] [10/7/2016 12:46] [PENJUALAN] CASHIER FORM : UNREGISTER HOTKEY
[ADMIN] [10/7/2016 12:47] [PENJUALAN] CASHIER FORM : SELECTED TECHNICIAN ID [1]
[ADMIN] [10/7/2016 12:47] [PENJUALAN] CASHIER FORM : ATTEMPT TO SET CUSTOMER PROFILE
[ADMIN] [10/7/2016 12:47] [PENJUALAN] CASHIER FORM : FINISHED SET CUSTOMER PROFILE
[ADMIN] [10/7/2016 12:47] [PENJUALAN] CASHIER FORM : REGISTER HOTKEY
[ADMIN] [10/7/2016 12:47] [PENJUALAN] CASHIER FORM : HOTKEY TO SAVE AND PRINT OUT INVOICE PRESSED
[ADMIN] [10/7/2016 12:47] [PENJUALAN] CASHIER FORM : UNREGISTER HOTKEY
[ADMIN] [10/7/2016 12:47] [PENJUALAN] CASHIER FORM : REGISTER HOTKEY
[ADMIN] [10/7/2016 12:47] [PENJUALAN] ATTEMPT TO SAVE AND PRINT OUT INVOICE
[ADMIN] [10/7/2016 12:47] [PENJUALAN] CASHIER FORM : UNREGISTER HOTKEY
[ADMIN] [10/7/2016 12:47] [PENJUALAN] CASHIER FORM : ATTEMPT TO SAVE SALES DATA [07-10-2016 12:47]
[ADMIN] [10/7/2016 12:47] [PENJUALAN] CASHIER FORM : CASH SALES
[ADMIN] [10/7/2016 12:47] [PENJUALAN] INSERT INTO SURAT TUGAS HEADER [SLO001-7]
[ADMIN] [10/7/2016 12:47] [PENJUALAN] INSERT INTO SURAT TUGAS DETAIL[1, 2]
[ADMIN] [10/7/2016 12:47] [PENJUALAN] CASHIER FORM : REGISTER HOTKEY
[ADMIN] [10/7/2016 12:47] [PENJUALAN] TRANSACTION SAVED
[ADMIN] [10/7/2016 12:47] [PENJUALAN] PRINT OUT INVOICE
[ADMIN] [10/7/2016 12:47] [PENJUALAN] CASHIER FORM : PrintReceipt
[ADMIN] [10/7/2016 12:47] [PENJUALAN] CASHIER FORM : PrintReceipt, papermode [0]
[ADMIN] [10/7/2016 12:47] [PENJUALAN] CASHIER FORM : UNREGISTER HOTKEY
[ADMIN] [10/7/2016 12:47] [PENJUALAN] CASHIER FORM : REGISTER HOTKEY
[ADMIN] [10/7/2016 12:47] [PENJUALAN] VALIDATE USER CREDIT STATUS
[ADMIN] [10/7/2016 12:47] [PENJUALAN] CASHIER FORM : UNREGISTER HOTKEY
[ADMIN] [10/7/2016 12:47] [PENJUALAN] CASHIER FORM : REGISTER HOTKEY
[ADMIN] [10/7/2016 12:47] [PENJUALAN] CASHIER FORM : UNREGISTER HOTKEY
[ADMIN] [10/7/2016 12:47] [PENJUALAN] CASHIER FORM : UNREGISTER HOTKEY
[ADMIN] [10/7/2016 12:50] [PENJUALAN] CASHIER FORM : REGISTER HOTKEY
[ADMIN] [10/7/2016 12:50] [PENJUALAN] CASHIER FORM : loadNoFaktur, noFakturValue [SLO001]
[ADMIN] [10/7/2016 12:50] [PENJUALAN] CASHIER FORM : ADD NEW ROW,  isActive [True]
[ADMIN] [10/7/2016 12:50] [PENJUALAN] CASHIER FORM : ADD NEW ROW,  ROW COUNT [0]
[ADMIN] [10/7/2016 12:50] [PENJUALAN] CASHIER FORM : ADD NEW ROW,  ALLOW TO ADD [True]
[ADMIN] [10/7/2016 12:50] [PENJUALAN] CASHIER FORM : REGISTER HOTKEY
[ADMIN] [10/7/2016 12:50] [PENJUALAN] CASHIER FORM : DISPLAY PELANGGAN FORM
[ADMIN] [10/7/2016 12:50] [PENJUALAN] CASHIER FORM : UNREGISTER HOTKEY
[ADMIN] [10/7/2016 12:50] [PENJUALAN] CASHIER FORM : SELECTED TECHNICIAN ID [1]
[ADMIN] [10/7/2016 12:50] [PENJUALAN] CASHIER FORM : ATTEMPT TO SET CUSTOMER PROFILE
[ADMIN] [10/7/2016 12:50] [PENJUALAN] CASHIER FORM : FINISHED SET CUSTOMER PROFILE
[ADMIN] [10/7/2016 12:50] [PENJUALAN] CASHIER FORM : REGISTER HOTKEY
[ADMIN] [10/7/2016 12:51] [PENJUALAN] CASHIER FORM : HOTKEY TO SAVE AND PRINT OUT INVOICE PRESSED
[ADMIN] [10/7/2016 12:51] [PENJUALAN] CASHIER FORM : UNREGISTER HOTKEY
[ADMIN] [10/7/2016 12:51] [PENJUALAN] CASHIER FORM : REGISTER HOTKEY
[ADMIN] [10/7/2016 12:51] [PENJUALAN] ATTEMPT TO SAVE AND PRINT OUT INVOICE
[ADMIN] [10/7/2016 12:51] [PENJUALAN] CASHIER FORM : UNREGISTER HOTKEY
[ADMIN] [10/7/2016 12:51] [PENJUALAN] CASHIER FORM : ATTEMPT TO SAVE SALES DATA [07-10-2016 12:51]
[ADMIN] [10/7/2016 12:51] [PENJUALAN] CASHIER FORM : CASH SALES
[ADMIN] [10/7/2016 12:51] [PENJUALAN] INSERT INTO SURAT TUGAS HEADER [SLO001-6]
[ADMIN] [10/7/2016 12:51] [PENJUALAN] INSERT INTO SURAT TUGAS DETAIL[1, 2]
[ADMIN] [10/7/2016 12:51] [PENJUALAN] CASHIER FORM : REGISTER HOTKEY
[ADMIN] [10/7/2016 12:51] [PENJUALAN] TRANSACTION SAVED
[ADMIN] [10/7/2016 12:51] [PENJUALAN] PRINT OUT INVOICE
[ADMIN] [10/7/2016 12:51] [PENJUALAN] CASHIER FORM : PrintReceipt
[ADMIN] [10/7/2016 12:51] [PENJUALAN] CASHIER FORM : PrintReceipt, papermode [0]
[ADMIN] [10/7/2016 12:51] [PENJUALAN] CASHIER FORM : UNREGISTER HOTKEY
[ADMIN] [10/7/2016 12:51] [PENJUALAN] CASHIER FORM : REGISTER HOTKEY
[ADMIN] [10/7/2016 12:51] [PENJUALAN] VALIDATE USER CREDIT STATUS
[ADMIN] [10/7/2016 12:51] [PENJUALAN] CASHIER FORM : UNREGISTER HOTKEY
[ADMIN] [10/7/2016 12:51] [PENJUALAN] CASHIER FORM : REGISTER HOTKEY
[ADMIN] [10/7/2016 12:51] [PENJUALAN] CASHIER FORM : UNREGISTER HOTKEY
[ADMIN] [10/7/2016 12:51] [PENJUALAN] CASHIER FORM : REGISTER HOTKEY
[ADMIN] [10/7/2016 12:51] [PENJUALAN] RE-PRINT INVOICE
[ADMIN] [10/7/2016 12:51] [PENJUALAN] CASHIER FORM : PrintReceipt
[ADMIN] [10/7/2016 12:51] [PENJUALAN] CASHIER FORM : PrintReceipt, papermode [0]
[ADMIN] [10/7/2016 12:52] [PENJUALAN] CASHIER FORM : UNREGISTER HOTKEY
[ADMIN] [10/7/2016 12:52] [PENJUALAN] CASHIER FORM : REGISTER HOTKEY
[ADMIN] [10/7/2016 12:52] [PENJUALAN] CASHIER FORM : UNREGISTER HOTKEY
[ADMIN] [10/7/2016 12:52] [PENJUALAN] CASHIER FORM : REGISTER HOTKEY
[ADMIN] [10/7/2016 12:52] [PENJUALAN] CASHIER FORM : UNREGISTER HOTKEY
[ADMIN] [10/7/2016 12:52] [PENJUALAN] CASHIER FORM : REGISTER HOTKEY
[ADMIN] [10/7/2016 12:52] [PENJUALAN] RE-PRINT INVOICE
[ADMIN] [10/7/2016 12:52] [PENJUALAN] CASHIER FORM : PrintReceipt
[ADMIN] [10/7/2016 12:52] [PENJUALAN] CASHIER FORM : PrintReceipt, papermode [0]
[] [10/7/2016 13:02] [] USER = ADMIN IS ACTIVE
[ADMIN] [10/7/2016 13:02] [] USER ID = 1 LOGIN SUCCESSFULLY
[ADMIN] [10/7/2016 13:02] [] ACTIVATE USER ACCESS RIGHT
[ADMIN] [10/7/2016 13:02] [] DISPLAY ADMIN FORM
[ADMIN] [10/7/2016 13:02] [] adminForm Load
[ADMIN] [10/7/2016 13:03] [PENJUALAN] CASHIER FORM : REGISTER HOTKEY
[ADMIN] [10/7/2016 13:03] [PENJUALAN] CASHIER FORM : loadNoFaktur, noFakturValue [SLO001]
[ADMIN] [10/7/2016 13:03] [PENJUALAN] CASHIER FORM : ADD NEW ROW,  isActive [True]
[ADMIN] [10/7/2016 13:03] [PENJUALAN] CASHIER FORM : ADD NEW ROW,  ROW COUNT [0]
[ADMIN] [10/7/2016 13:03] [PENJUALAN] CASHIER FORM : ADD NEW ROW,  ALLOW TO ADD [True]
[ADMIN] [10/7/2016 13:03] [PENJUALAN] CASHIER FORM : REGISTER HOTKEY
[ADMIN] [10/7/2016 13:03] [PENJUALAN] CASHIER FORM : UNREGISTER HOTKEY
[ADMIN] [10/7/2016 13:03] [PENJUALAN] CASHIER FORM : REGISTER HOTKEY
[ADMIN] [10/7/2016 13:03] [PENJUALAN] RE-PRINT INVOICE
[ADMIN] [10/7/2016 13:03] [PENJUALAN] CASHIER FORM : PrintReceipt
[ADMIN] [10/7/2016 13:03] [PENJUALAN] CASHIER FORM : PrintReceipt, papermode [0]
[ADMIN] [10/7/2016 13:03] [PENJUALAN] CASHIER FORM : UNREGISTER HOTKEY
[ADMIN] [10/7/2016 13:03] [PENJUALAN] CASHIER FORM : REGISTER HOTKEY
[ADMIN] [10/7/2016 13:03] [PENJUALAN] CASHIER FORM : UNREGISTER HOTKEY
[ADMIN] [10/7/2016 13:03] [PENJUALAN] CASHIER FORM : REGISTER HOTKEY
[ADMIN] [10/7/2016 13:03] [PENJUALAN] CASHIER FORM : UNREGISTER HOTKEY
[ADMIN] [10/7/2016 13:03] [PENJUALAN] CASHIER FORM : UNREGISTER HOTKEY
[ADMIN] [10/7/2016 13:03] [PENJUALAN] CASHIER FORM : REGISTER HOTKEY
[ADMIN] [10/7/2016 13:03] [PENJUALAN] CASHIER FORM : loadNoFaktur, noFakturValue [SLO001]
[ADMIN] [10/7/2016 13:03] [PENJUALAN] CASHIER FORM : ADD NEW ROW,  isActive [True]
[ADMIN] [10/7/2016 13:03] [PENJUALAN] CASHIER FORM : ADD NEW ROW,  ROW COUNT [0]
[ADMIN] [10/7/2016 13:03] [PENJUALAN] CASHIER FORM : ADD NEW ROW,  ALLOW TO ADD [True]
[ADMIN] [10/7/2016 13:03] [PENJUALAN] CASHIER FORM : REGISTER HOTKEY
[ADMIN] [10/7/2016 13:03] [PENJUALAN] CASHIER FORM : UNREGISTER HOTKEY
[ADMIN] [10/7/2016 13:03] [PENJUALAN] CASHIER FORM : REGISTER HOTKEY
[ADMIN] [10/7/2016 13:03] [PENJUALAN] RE-PRINT INVOICE
[ADMIN] [10/7/2016 13:03] [PENJUALAN] CASHIER FORM : PrintReceipt
[ADMIN] [10/7/2016 13:03] [PENJUALAN] CASHIER FORM : PrintReceipt, papermode [0]
[] [10/7/2016 13:08] [] USER = ADMIN IS ACTIVE
[ADMIN] [10/7/2016 13:08] [] USER ID = 1 LOGIN SUCCESSFULLY
[ADMIN] [10/7/2016 13:08] [] ACTIVATE USER ACCESS RIGHT
[ADMIN] [10/7/2016 13:08] [] DISPLAY ADMIN FORM
[ADMIN] [10/7/2016 13:08] [] adminForm Load
[ADMIN] [10/7/2016 13:08] [PENJUALAN] CASHIER FORM : REGISTER HOTKEY
[ADMIN] [10/7/2016 13:08] [PENJUALAN] CASHIER FORM : loadNoFaktur, noFakturValue [SLO001]
[ADMIN] [10/7/2016 13:08] [PENJUALAN] CASHIER FORM : ADD NEW ROW,  isActive [True]
[ADMIN] [10/7/2016 13:08] [PENJUALAN] CASHIER FORM : ADD NEW ROW,  ROW COUNT [0]
[ADMIN] [10/7/2016 13:08] [PENJUALAN] CASHIER FORM : ADD NEW ROW,  ALLOW TO ADD [True]
[ADMIN] [10/7/2016 13:08] [PENJUALAN] CASHIER FORM : REGISTER HOTKEY
[ADMIN] [10/7/2016 13:08] [PENJUALAN] CASHIER FORM : UNREGISTER HOTKEY
[ADMIN] [10/7/2016 13:08] [PENJUALAN] CASHIER FORM : REGISTER HOTKEY
[ADMIN] [10/7/2016 13:08] [PENJUALAN] RE-PRINT INVOICE
[ADMIN] [10/7/2016 13:08] [PENJUALAN] CASHIER FORM : PrintReceipt
[ADMIN] [10/7/2016 13:08] [PENJUALAN] CASHIER FORM : PrintReceipt, papermode [0]
[ADMIN] [10/7/2016 13:08] [PENJUALAN] CASHIER FORM : UNREGISTER HOTKEY
[ADMIN] [10/7/2016 13:09] [PENJUALAN] CASHIER FORM : REGISTER HOTKEY
[ADMIN] [10/7/2016 13:09] [PENJUALAN] CASHIER FORM : UNREGISTER HOTKEY
[ADMIN] [10/7/2016 13:09] [PENJUALAN] CASHIER FORM : UNREGISTER HOTKEY
[ADMIN] [10/7/2016 13:09] [] USER ID = 1LOGOUT
