[] [10/7/2016 13:15] [] USER = ADMIN IS ACTIVE
[ADMIN] [10/7/2016 13:15] [] USER ID = 1 LOGIN SUCCESSFULLY
[ADMIN] [10/7/2016 13:15] [] ACTIVATE USER ACCESS RIGHT
[ADMIN] [10/7/2016 13:15] [] DISPLAY ADMIN FORM
[ADMIN] [10/7/2016 13:15] [] adminForm Load
[ADMIN] [10/7/2016 13:16] [PELANGGAN] ATTEMPT TO SAVE DATA
[ADMIN] [10/7/2016 13:16] [PELANGGAN] EDIT CUSTOMER DATA [1]
[ADMIN] [10/7/2016 13:16] [PELANGGAN] DATA SAVED
[ADMIN] [10/7/2016 13:16] [PENJUALAN] CASHIER FORM : REGISTER HOTKEY
[ADMIN] [10/7/2016 13:16] [PENJUALAN] CASHIER FORM : loadNoFaktur, noFakturValue [SLO001]
[ADMIN] [10/7/2016 13:16] [PENJUALAN] CASHIER FORM : ADD NEW ROW,  isActive [True]
[ADMIN] [10/7/2016 13:16] [PENJUALAN] CASHIER FORM : ADD NEW ROW,  ROW COUNT [0]
[ADMIN] [10/7/2016 13:16] [PENJUALAN] CASHIER FORM : ADD NEW ROW,  ALLOW TO ADD [True]
[ADMIN] [10/7/2016 13:16] [PENJUALAN] CASHIER FORM : REGISTER HOTKEY
[ADMIN] [10/7/2016 13:16] [PENJUALAN] CASHIER FORM : UNREGISTER HOTKEY
[ADMIN] [10/7/2016 13:16] [PENJUALAN] CASHIER FORM : REGISTER HOTKEY
[ADMIN] [10/7/2016 13:16] [PENJUALAN] RE-PRINT INVOICE
[ADMIN] [10/7/2016 13:16] [PENJUALAN] CASHIER FORM : PrintReceipt
[ADMIN] [10/7/2016 13:16] [PENJUALAN] CASHIER FORM : PrintReceipt, papermode [0]
[ADMIN] [10/7/2016 13:16] [PENJUALAN] CASHIER FORM : UNREGISTER HOTKEY
[ADMIN] [10/7/2016 13:17] [PENJUALAN] CASHIER FORM : REGISTER HOTKEY
[ADMIN] [10/7/2016 13:17] [PENJUALAN] CASHIER FORM : UNREGISTER HOTKEY
[ADMIN] [10/7/2016 13:17] [PENJUALAN] CASHIER FORM : UNREGISTER HOTKEY
[] [10/7/2016 13:20] [] USER = ADMIN IS ACTIVE
[ADMIN] [10/7/2016 13:20] [] USER ID = 1 LOGIN SUCCESSFULLY
[ADMIN] [10/7/2016 13:20] [] ACTIVATE USER ACCESS RIGHT
[ADMIN] [10/7/2016 13:20] [] DISPLAY ADMIN FORM
[ADMIN] [10/7/2016 13:20] [] adminForm Load
[ADMIN] [10/7/2016 13:20] [PENJUALAN] CASHIER FORM : REGISTER HOTKEY
[ADMIN] [10/7/2016 13:21] [PENJUALAN] CASHIER FORM : loadNoFaktur, noFakturValue [SLO001]
[ADMIN] [10/7/2016 13:21] [PENJUALAN] CASHIER FORM : ADD NEW ROW,  isActive [True]
[ADMIN] [10/7/2016 13:21] [PENJUALAN] CASHIER FORM : ADD NEW ROW,  ROW COUNT [0]
[ADMIN] [10/7/2016 13:21] [PENJUALAN] CASHIER FORM : ADD NEW ROW,  ALLOW TO ADD [True]
[ADMIN] [10/7/2016 13:21] [PENJUALAN] CASHIER FORM : REGISTER HOTKEY
[ADMIN] [10/7/2016 13:21] [PENJUALAN] CASHIER FORM : UNREGISTER HOTKEY
[ADMIN] [10/7/2016 13:21] [PENJUALAN] CASHIER FORM : REGISTER HOTKEY
[ADMIN] [10/7/2016 13:21] [PENJUALAN] RE-PRINT INVOICE
[ADMIN] [10/7/2016 13:21] [PENJUALAN] CASHIER FORM : PrintReceipt
[ADMIN] [10/7/2016 13:21] [PENJUALAN] CASHIER FORM : PrintReceipt, papermode [0]
[ADMIN] [10/7/2016 13:21] [PENJUALAN] CASHIER FORM : UNREGISTER HOTKEY
[ADMIN] [10/7/2016 13:21] [PENJUALAN] CASHIER FORM : REGISTER HOTKEY
[ADMIN] [10/7/2016 13:21] [PENJUALAN] CASHIER FORM : UNREGISTER HOTKEY
[ADMIN] [10/7/2016 13:21] [PENJUALAN] CASHIER FORM : UNREGISTER HOTKEY
[ADMIN] [10/7/2016 13:21] [] USER ID = 1LOGOUT
[] [10/15/2016 12:01] [] USER = ADMIN IS ACTIVE
[ADMIN] [10/15/2016 12:01] [] USER ID = 1 LOGIN SUCCESSFULLY
[ADMIN] [10/15/2016 12:01] [] ACTIVATE USER ACCESS RIGHT
[ADMIN] [10/15/2016 12:01] [] DISPLAY ADMIN FORM
[ADMIN] [10/15/2016 12:01] [] adminForm Load
[ADMIN] [10/15/2016 12:02] [] CREATE DATA GROUP FORM MODULE_ID [2]
[ADMIN] [10/15/2016 12:02] [] CREATE DATA GROUP DETAIL FORM, GROUP USER ID [1]
[ADMIN] [10/15/2016 12:02] [] CREATE DATA GROUP DETAIL FORM, GROUP USER ID [1]
[ADMIN] [10/15/2016 12:02] [] CREATE DATA GROUP DETAIL FORM, GROUP USER ID [2]
[ADMIN] [10/15/2016 12:10] [] CREATE DATA GROUP FORM MODULE_ID [51]
[ADMIN] [10/15/2016 12:11] [] CREATE DATA GROUP ACCESS MODULE FORM, GROUP USER ID [1]
[] [10/15/2016 12:20] [] USER = ADMIN IS ACTIVE
[ADMIN] [10/15/2016 12:20] [] USER ID = 1 LOGIN SUCCESSFULLY
[ADMIN] [10/15/2016 12:20] [] ACTIVATE USER ACCESS RIGHT
[ADMIN] [10/15/2016 12:20] [] DISPLAY ADMIN FORM
[ADMIN] [10/15/2016 12:20] [] adminForm Load
[] [10/15/2016 12:40] [] USER = ADMIN IS ACTIVE
[ADMIN] [10/15/2016 12:40] [] USER ID = 1 LOGIN SUCCESSFULLY
[ADMIN] [10/15/2016 12:40] [] ACTIVATE USER ACCESS RIGHT
[ADMIN] [10/15/2016 12:40] [] DISPLAY ADMIN FORM
[ADMIN] [10/15/2016 12:40] [] adminForm Load
[] [10/15/2016 12:43] [] USER = ADMIN IS ACTIVE
[ADMIN] [10/15/2016 12:43] [] USER ID = 1 LOGIN SUCCESSFULLY
[ADMIN] [10/15/2016 12:43] [] ACTIVATE USER ACCESS RIGHT
[ADMIN] [10/15/2016 12:43] [] DISPLAY ADMIN FORM
[ADMIN] [10/15/2016 12:43] [] adminForm Load
[ADMIN] [10/15/2016 15:35] [] USER ID = 1LOGOUT
