[] [2/19/2017 23:04] [] USER = ADMIN IS ACTIVE
[ADMIN] [2/19/2017 23:04] [] USER ID = 1 LOGIN SUCCESSFULLY
[ADMIN] [2/19/2017 23:04] [] ACTIVATE USER ACCESS RIGHT
[ADMIN] [2/19/2017 23:04] [] DISPLAY ADMIN FORM
[ADMIN] [2/19/2017 23:04] [] adminForm Load
[ADMIN] [2/19/2017 23:04] [PENJUALAN] CASHIER FORM : REGISTER HOTKEY
[ADMIN] [2/19/2017 23:04] [PENJUALAN] CASHIER FORM : loadNoFaktur, noFakturValue [SLO001]
[ADMIN] [2/19/2017 23:04] [PENJUALAN] CASHIER FORM : ADD NEW ROW,  isActive [True]
[ADMIN] [2/19/2017 23:04] [PENJUALAN] CASHIER FORM : ADD NEW ROW,  ROW COUNT [0]
[ADMIN] [2/19/2017 23:04] [PENJUALAN] CASHIER FORM : ADD NEW ROW,  ALLOW TO ADD [True]
[ADMIN] [2/19/2017 23:04] [PENJUALAN] CASHIER FORM : ADD NEW ROW,  isActive [True]
[ADMIN] [2/19/2017 23:04] [PENJUALAN] CASHIER FORM : ADD NEW ROW,  ROW COUNT [1]
[] [2/19/2017 23:05] [] USER = ADMIN IS ACTIVE
[ADMIN] [2/19/2017 23:05] [] USER ID = 1 LOGIN SUCCESSFULLY
[ADMIN] [2/19/2017 23:05] [] ACTIVATE USER ACCESS RIGHT
[ADMIN] [2/19/2017 23:05] [] DISPLAY ADMIN FORM
[ADMIN] [2/19/2017 23:05] [] adminForm Load
[ADMIN] [2/19/2017 23:06] [PENJUALAN] CASHIER FORM : REGISTER HOTKEY
[ADMIN] [2/19/2017 23:06] [PENJUALAN] CASHIER FORM : loadNoFaktur, noFakturValue [SLO001]
[ADMIN] [2/19/2017 23:06] [PENJUALAN] CASHIER FORM : ADD NEW ROW,  isActive [True]
[ADMIN] [2/19/2017 23:06] [PENJUALAN] CASHIER FORM : ADD NEW ROW,  ROW COUNT [0]
[ADMIN] [2/19/2017 23:06] [PENJUALAN] CASHIER FORM : ADD NEW ROW,  ALLOW TO ADD [True]
[ADMIN] [2/19/2017 23:06] [PENJUALAN] CASHIER FORM : ADD NEW ROW,  isActive [True]
[ADMIN] [2/19/2017 23:06] [PENJUALAN] CASHIER FORM : ADD NEW ROW,  ROW COUNT [1]
[] [2/19/2017 23:08] [] USER = ADMIN IS ACTIVE
[ADMIN] [2/19/2017 23:08] [] USER ID = 1 LOGIN SUCCESSFULLY
[ADMIN] [2/19/2017 23:08] [] ACTIVATE USER ACCESS RIGHT
[ADMIN] [2/19/2017 23:08] [] DISPLAY ADMIN FORM
[ADMIN] [2/19/2017 23:08] [] adminForm Load
[ADMIN] [2/19/2017 23:09] [PENJUALAN] CASHIER FORM : REGISTER HOTKEY
[ADMIN] [2/19/2017 23:09] [PENJUALAN] CASHIER FORM : loadNoFaktur, noFakturValue [SLO001]
[ADMIN] [2/19/2017 23:10] [PENJUALAN] CASHIER FORM : ADD NEW ROW,  isActive [True]
[ADMIN] [2/19/2017 23:10] [PENJUALAN] CASHIER FORM : ADD NEW ROW,  ROW COUNT [0]
[ADMIN] [2/19/2017 23:10] [PENJUALAN] CASHIER FORM : ADD NEW ROW,  ALLOW TO ADD [True]
[ADMIN] [2/19/2017 23:10] [PENJUALAN] CASHIER FORM : ADD NEW ROW,  isActive [True]
[ADMIN] [2/19/2017 23:10] [PENJUALAN] CASHIER FORM : ADD NEW ROW,  ROW COUNT [1]
[] [2/19/2017 23:11] [] USER = ADMIN IS ACTIVE
[ADMIN] [2/19/2017 23:11] [] USER ID = 1 LOGIN SUCCESSFULLY
[ADMIN] [2/19/2017 23:11] [] ACTIVATE USER ACCESS RIGHT
[ADMIN] [2/19/2017 23:11] [] DISPLAY ADMIN FORM
[ADMIN] [2/19/2017 23:11] [] adminForm Load
[ADMIN] [2/19/2017 23:12] [PENJUALAN] CASHIER FORM : REGISTER HOTKEY
[ADMIN] [2/19/2017 23:12] [PENJUALAN] CASHIER FORM : loadNoFaktur, noFakturValue [SLO001]
[ADMIN] [2/19/2017 23:13] [PENJUALAN] CASHIER FORM : ADD NEW ROW,  isActive [True]
[ADMIN] [2/19/2017 23:13] [PENJUALAN] CASHIER FORM : ADD NEW ROW,  ROW COUNT [0]
[ADMIN] [2/19/2017 23:13] [PENJUALAN] CASHIER FORM : ADD NEW ROW,  ALLOW TO ADD [True]
[ADMIN] [2/19/2017 23:13] [PENJUALAN] CASHIER FORM : ADD NEW ROW,  isActive [True]
[ADMIN] [2/19/2017 23:13] [PENJUALAN] CASHIER FORM : ADD NEW ROW,  ROW COUNT [1]
[] [2/19/2017 23:24] [] USER = ADMIN IS ACTIVE
[ADMIN] [2/19/2017 23:24] [] USER ID = 1 LOGIN SUCCESSFULLY
[ADMIN] [2/19/2017 23:25] [] ACTIVATE USER ACCESS RIGHT
[ADMIN] [2/19/2017 23:25] [] DISPLAY ADMIN FORM
[ADMIN] [2/19/2017 23:25] [] adminForm Load
[ADMIN] [2/19/2017 23:26] [PENJUALAN] CASHIER FORM : REGISTER HOTKEY
[ADMIN] [2/19/2017 23:26] [PENJUALAN] CASHIER FORM : loadNoFaktur, noFakturValue [SLO001]
[ADMIN] [2/19/2017 23:26] [PENJUALAN] CASHIER FORM : ADD NEW ROW,  isActive [True]
[ADMIN] [2/19/2017 23:26] [PENJUALAN] CASHIER FORM : ADD NEW ROW,  ROW COUNT [0]
[ADMIN] [2/19/2017 23:26] [PENJUALAN] CASHIER FORM : ADD NEW ROW,  ALLOW TO ADD [True]
[ADMIN] [2/19/2017 23:26] [PENJUALAN] CASHIER FORM : ADD NEW ROW,  isActive [True]
[ADMIN] [2/19/2017 23:26] [PENJUALAN] CASHIER FORM : ADD NEW ROW,  ROW COUNT [1]
[ADMIN] [2/19/2017 23:26] [PENJUALAN] CASHIER FORM : ADD NEW ROW,  ALLOW TO ADD [True]
[] [2/19/2017 23:29] [] USER = ADMIN IS ACTIVE
[ADMIN] [2/19/2017 23:29] [] USER ID = 1 LOGIN SUCCESSFULLY
[ADMIN] [2/19/2017 23:29] [] ACTIVATE USER ACCESS RIGHT
[ADMIN] [2/19/2017 23:29] [] DISPLAY ADMIN FORM
[ADMIN] [2/19/2017 23:29] [] adminForm Load
[ADMIN] [2/19/2017 23:30] [PENJUALAN] CASHIER FORM : REGISTER HOTKEY
[ADMIN] [2/19/2017 23:30] [PENJUALAN] CASHIER FORM : loadNoFaktur, noFakturValue [SLO001]
[ADMIN] [2/19/2017 23:30] [PENJUALAN] CASHIER FORM : ADD NEW ROW,  isActive [True]
[ADMIN] [2/19/2017 23:30] [PENJUALAN] CASHIER FORM : ADD NEW ROW,  ROW COUNT [0]
[ADMIN] [2/19/2017 23:30] [PENJUALAN] CASHIER FORM : ADD NEW ROW,  ALLOW TO ADD [True]
[ADMIN] [2/19/2017 23:31] [PENJUALAN] CASHIER FORM : ADD NEW ROW,  isActive [True]
[ADMIN] [2/19/2017 23:31] [PENJUALAN] CASHIER FORM : ADD NEW ROW,  ROW COUNT [1]
[ADMIN] [2/19/2017 23:31] [PENJUALAN] CASHIER FORM : ADD NEW ROW,  ALLOW TO ADD [True]
[] [2/19/2017 23:32] [] USER = ADMIN IS ACTIVE
[ADMIN] [2/19/2017 23:32] [] USER ID = 1 LOGIN SUCCESSFULLY
[ADMIN] [2/19/2017 23:32] [] ACTIVATE USER ACCESS RIGHT
[ADMIN] [2/19/2017 23:32] [] DISPLAY ADMIN FORM
[ADMIN] [2/19/2017 23:32] [] adminForm Load
[ADMIN] [2/19/2017 23:33] [PENJUALAN] CASHIER FORM : REGISTER HOTKEY
[ADMIN] [2/19/2017 23:33] [PENJUALAN] CASHIER FORM : loadNoFaktur, noFakturValue [SLO001]
[ADMIN] [2/19/2017 23:33] [PENJUALAN] CASHIER FORM : ADD NEW ROW,  isActive [True]
[ADMIN] [2/19/2017 23:33] [PENJUALAN] CASHIER FORM : ADD NEW ROW,  ROW COUNT [0]
[ADMIN] [2/19/2017 23:33] [PENJUALAN] CASHIER FORM : ADD NEW ROW,  ALLOW TO ADD [True]
[ADMIN] [2/19/2017 23:33] [PENJUALAN] CASHIER FORM : ADD NEW ROW,  isActive [True]
[ADMIN] [2/19/2017 23:33] [PENJUALAN] CASHIER FORM : ADD NEW ROW,  ROW COUNT [1]
[ADMIN] [2/19/2017 23:33] [PENJUALAN] CASHIER FORM : ADD NEW ROW,  ALLOW TO ADD [True]
[ADMIN] [2/19/2017 23:33] [PENJUALAN] CASHIER FORM : REGISTER HOTKEY
[ADMIN] [2/19/2017 23:33] [PENJUALAN] CASHIER FORM : UNREGISTER HOTKEY
[ADMIN] [2/19/2017 23:33] [PENJUALAN] CASHIER FORM : REGISTER HOTKEY
[ADMIN] [2/19/2017 23:33] [PENJUALAN] CASHIER FORM : DISPLAY TEKNISI FORM
[ADMIN] [2/19/2017 23:33] [PENJUALAN] CASHIER FORM : UNREGISTER HOTKEY
[ADMIN] [2/19/2017 23:33] [PENJUALAN] CASHIER FORM : SELECTED TECHNICIAN ID [1]
[ADMIN] [2/19/2017 23:33] [PENJUALAN] CASHIER FORM : ATTEMPT TO SET CUSTOMER PROFILE
[ADMIN] [2/19/2017 23:33] [PENJUALAN] CASHIER FORM : FINISHED SET CUSTOMER PROFILE
[ADMIN] [2/19/2017 23:33] [PENJUALAN] CASHIER FORM : REGISTER HOTKEY
[ADMIN] [2/19/2017 23:33] [PENJUALAN] CASHIER FORM : HOTKEY TO SAVE AND PRINT OUT INVOICE PRESSED
[ADMIN] [2/19/2017 23:33] [PENJUALAN] CASHIER FORM : UNREGISTER HOTKEY
[ADMIN] [2/19/2017 23:33] [PENJUALAN] CASHIER FORM : REGISTER HOTKEY
[ADMIN] [2/19/2017 23:33] [PENJUALAN] ATTEMPT TO SAVE AND PRINT OUT INVOICE
[ADMIN] [2/19/2017 23:33] [PENJUALAN] CASHIER FORM : UNREGISTER HOTKEY
[ADMIN] [2/19/2017 23:33] [PENJUALAN] CASHIER FORM : REGISTER HOTKEY
[ADMIN] [2/19/2017 23:33] [PENJUALAN] CASHIER FORM : UNREGISTER HOTKEY
[ADMIN] [2/19/2017 23:33] [PENJUALAN] CASHIER FORM : ATTEMPT TO SAVE SALES DATA [19-02-2017 23:33]
[ADMIN] [2/19/2017 23:33] [PENJUALAN] CASHIER FORM : SALES DISC FINAL [0]
[ADMIN] [2/19/2017 23:33] [PENJUALAN] CASHIER FORM : CASH SALES
[ADMIN] [2/19/2017 23:33] [PENJUALAN] INSERT INTO SURAT TUGAS HEADER [SLO001-12]
[ADMIN] [2/19/2017 23:33] [PENJUALAN] INSERT INTO SURAT TUGAS DETAIL[6, 20]
[ADMIN] [2/19/2017 23:33] [PENJUALAN] INSERT INTO SURAT TUGAS DETAIL[6, 20]
[ADMIN] [2/19/2017 23:33] [PENJUALAN] CASHIER FORM : REGISTER HOTKEY
[ADMIN] [2/19/2017 23:33] [PENJUALAN] TRANSACTION SAVED
[ADMIN] [2/19/2017 23:33] [PENJUALAN] PRINT OUT INVOICE
[ADMIN] [2/19/2017 23:33] [PENJUALAN] CASHIER FORM : PrintReceipt
[ADMIN] [2/19/2017 23:33] [PENJUALAN] CASHIER FORM : PrintReceipt, papermode [0]
[ADMIN] [2/19/2017 23:34] [PENJUALAN] CASHIER FORM : UNREGISTER HOTKEY
[ADMIN] [2/19/2017 23:34] [PENJUALAN] CASHIER FORM : REGISTER HOTKEY
[ADMIN] [2/19/2017 23:34] [PENJUALAN] VALIDATE USER CREDIT STATUS
[ADMIN] [2/19/2017 23:34] [PENJUALAN] CASHIER FORM : UNREGISTER HOTKEY
[ADMIN] [2/19/2017 23:34] [PENJUALAN] CASHIER FORM : REGISTER HOTKEY
[ADMIN] [2/19/2017 23:34] [PENJUALAN] CASHIER FORM : UNREGISTER HOTKEY
[ADMIN] [2/19/2017 23:34] [PENJUALAN] CASHIER FORM : UNREGISTER HOTKEY
[] [2/19/2017 23:39] [] USER = ADMIN IS ACTIVE
[ADMIN] [2/19/2017 23:39] [] USER ID = 1 LOGIN SUCCESSFULLY
[ADMIN] [2/19/2017 23:39] [] ACTIVATE USER ACCESS RIGHT
[ADMIN] [2/19/2017 23:39] [] DISPLAY ADMIN FORM
[ADMIN] [2/19/2017 23:39] [] adminForm Load
[ADMIN] [2/19/2017 23:40] [PENJUALAN] CASHIER FORM : REGISTER HOTKEY
[ADMIN] [2/19/2017 23:40] [PENJUALAN] CASHIER FORM : loadNoFaktur, noFakturValue [SLO001]
[ADMIN] [2/19/2017 23:40] [PENJUALAN] CASHIER FORM : ADD NEW ROW,  isActive [True]
[ADMIN] [2/19/2017 23:40] [PENJUALAN] CASHIER FORM : ADD NEW ROW,  ROW COUNT [0]
[ADMIN] [2/19/2017 23:40] [PENJUALAN] CASHIER FORM : ADD NEW ROW,  ALLOW TO ADD [True]
[ADMIN] [2/19/2017 23:40] [PENJUALAN] CASHIER FORM : ADD NEW ROW,  isActive [True]
[ADMIN] [2/19/2017 23:40] [PENJUALAN] CASHIER FORM : ADD NEW ROW,  ROW COUNT [1]
[ADMIN] [2/19/2017 23:40] [PENJUALAN] CASHIER FORM : ADD NEW ROW,  ALLOW TO ADD [True]
[ADMIN] [2/19/2017 23:40] [PENJUALAN] CASHIER FORM : REGISTER HOTKEY
[ADMIN] [2/19/2017 23:40] [PENJUALAN] CASHIER FORM : UNREGISTER HOTKEY
[ADMIN] [2/19/2017 23:40] [PENJUALAN] CASHIER FORM : REGISTER HOTKEY
[ADMIN] [2/19/2017 23:40] [PENJUALAN] CASHIER FORM : HOTKEY TO SAVE AND PRINT OUT INVOICE PRESSED
[ADMIN] [2/19/2017 23:40] [PENJUALAN] CASHIER FORM : UNREGISTER HOTKEY
[ADMIN] [2/19/2017 23:40] [PENJUALAN] CASHIER FORM : REGISTER HOTKEY
[ADMIN] [2/19/2017 23:40] [PENJUALAN] ATTEMPT TO SAVE AND PRINT OUT INVOICE
[ADMIN] [2/19/2017 23:40] [PENJUALAN] CASHIER FORM : UNREGISTER HOTKEY
[ADMIN] [2/19/2017 23:40] [PENJUALAN] CASHIER FORM : ATTEMPT TO SAVE SALES DATA [19-02-2017 23:40]
[ADMIN] [2/19/2017 23:40] [PENJUALAN] CASHIER FORM : SALES DISC FINAL [0]
[ADMIN] [2/19/2017 23:40] [PENJUALAN] CASHIER FORM : CASH SALES
[ADMIN] [2/19/2017 23:40] [PENJUALAN] UPDATE SURAT TUGAS [SLO001-12]
[ADMIN] [2/19/2017 23:40] [PENJUALAN] CLEAR SURAT TUGAS [SLO001-12]
[ADMIN] [2/19/2017 23:40] [PENJUALAN] INSERT INTO SURAT TUGAS DETAIL[6, 20]
[ADMIN] [2/19/2017 23:40] [PENJUALAN] INSERT INTO SURAT TUGAS DETAIL[6, 20]
[ADMIN] [2/19/2017 23:40] [PENJUALAN] CASHIER FORM : REGISTER HOTKEY
[ADMIN] [2/19/2017 23:40] [PENJUALAN] TRANSACTION SAVED
[ADMIN] [2/19/2017 23:40] [PENJUALAN] PRINT OUT INVOICE
[ADMIN] [2/19/2017 23:40] [PENJUALAN] CASHIER FORM : PrintReceipt
[ADMIN] [2/19/2017 23:40] [PENJUALAN] CASHIER FORM : PrintReceipt, papermode [0]
[] [2/19/2017 23:42] [] USER = ADMIN IS ACTIVE
[ADMIN] [2/19/2017 23:42] [] USER ID = 1 LOGIN SUCCESSFULLY
[ADMIN] [2/19/2017 23:42] [] ACTIVATE USER ACCESS RIGHT
[ADMIN] [2/19/2017 23:42] [] DISPLAY ADMIN FORM
[ADMIN] [2/19/2017 23:42] [] adminForm Load
[ADMIN] [2/19/2017 23:44] [PENJUALAN] CASHIER FORM : REGISTER HOTKEY
[ADMIN] [2/19/2017 23:44] [PENJUALAN] CASHIER FORM : loadNoFaktur, noFakturValue [SLO001]
[ADMIN] [2/19/2017 23:44] [PENJUALAN] CASHIER FORM : ADD NEW ROW,  isActive [True]
[ADMIN] [2/19/2017 23:44] [PENJUALAN] CASHIER FORM : ADD NEW ROW,  ROW COUNT [0]
[ADMIN] [2/19/2017 23:44] [PENJUALAN] CASHIER FORM : ADD NEW ROW,  ALLOW TO ADD [True]
[ADMIN] [2/19/2017 23:44] [PENJUALAN] CASHIER FORM : ADD NEW ROW,  isActive [True]
[ADMIN] [2/19/2017 23:44] [PENJUALAN] CASHIER FORM : ADD NEW ROW,  ROW COUNT [1]
[ADMIN] [2/19/2017 23:44] [PENJUALAN] CASHIER FORM : ADD NEW ROW,  ALLOW TO ADD [True]
[ADMIN] [2/19/2017 23:44] [PENJUALAN] CASHIER FORM : REGISTER HOTKEY
[ADMIN] [2/19/2017 23:44] [PENJUALAN] CASHIER FORM : HOTKEY TO SAVE AND PRINT OUT INVOICE PRESSED
[ADMIN] [2/19/2017 23:44] [PENJUALAN] CASHIER FORM : UNREGISTER HOTKEY
[ADMIN] [2/19/2017 23:44] [PENJUALAN] CASHIER FORM : REGISTER HOTKEY
[ADMIN] [2/19/2017 23:44] [PENJUALAN] ATTEMPT TO SAVE AND PRINT OUT INVOICE
[ADMIN] [2/19/2017 23:44] [PENJUALAN] CASHIER FORM : UNREGISTER HOTKEY
[ADMIN] [2/19/2017 23:44] [PENJUALAN] CASHIER FORM : ATTEMPT TO SAVE SALES DATA [19-02-2017 23:44]
[ADMIN] [2/19/2017 23:44] [PENJUALAN] CASHIER FORM : SALES DISC FINAL [0]
[ADMIN] [2/19/2017 23:44] [PENJUALAN] CASHIER FORM : CASH SALES
[ADMIN] [2/19/2017 23:44] [PENJUALAN] UPDATE SURAT TUGAS [SLO001-12]
[ADMIN] [2/19/2017 23:44] [PENJUALAN] CLEAR SURAT TUGAS [SLO001-12]
[ADMIN] [2/19/2017 23:44] [PENJUALAN] INSERT INTO SURAT TUGAS DETAIL[6, 20]
[ADMIN] [2/19/2017 23:44] [PENJUALAN] INSERT INTO SURAT TUGAS DETAIL[6, 20]
[ADMIN] [2/19/2017 23:44] [PENJUALAN] CASHIER FORM : REGISTER HOTKEY
[ADMIN] [2/19/2017 23:44] [PENJUALAN] TRANSACTION SAVED
[ADMIN] [2/19/2017 23:44] [PENJUALAN] PRINT OUT INVOICE
[ADMIN] [2/19/2017 23:44] [PENJUALAN] CASHIER FORM : PrintReceipt
[ADMIN] [2/19/2017 23:44] [PENJUALAN] CASHIER FORM : PrintReceipt, papermode [0]
[ADMIN] [2/19/2017 23:45] [PENJUALAN] CASHIER FORM : UNREGISTER HOTKEY
[ADMIN] [2/19/2017 23:45] [PENJUALAN] CASHIER FORM : REGISTER HOTKEY
[ADMIN] [2/19/2017 23:45] [PENJUALAN] CASHIER FORM : UNREGISTER HOTKEY
[ADMIN] [2/19/2017 23:45] [PENJUALAN] CASHIER FORM : REGISTER HOTKEY
[ADMIN] [2/19/2017 23:45] [PENJUALAN] VALIDATE USER CREDIT STATUS
[ADMIN] [2/19/2017 23:45] [PENJUALAN] CASHIER FORM : UNREGISTER HOTKEY
[ADMIN] [2/19/2017 23:45] [PENJUALAN] CASHIER FORM : REGISTER HOTKEY
[ADMIN] [2/19/2017 23:45] [PENJUALAN] CASHIER FORM : UNREGISTER HOTKEY
[ADMIN] [2/19/2017 23:45] [PENJUALAN] CASHIER FORM : UNREGISTER HOTKEY
[ADMIN] [2/19/2017 23:45] [PENJUALAN] CASHIER FORM : REGISTER HOTKEY
[ADMIN] [2/19/2017 23:45] [PENJUALAN] CASHIER FORM : loadNoFaktur, noFakturValue [SLO001]
[ADMIN] [2/19/2017 23:45] [PENJUALAN] CASHIER FORM : ADD NEW ROW,  isActive [True]
[ADMIN] [2/19/2017 23:45] [PENJUALAN] CASHIER FORM : ADD NEW ROW,  ROW COUNT [0]
[ADMIN] [2/19/2017 23:45] [PENJUALAN] CASHIER FORM : ADD NEW ROW,  ALLOW TO ADD [True]
[ADMIN] [2/19/2017 23:45] [PENJUALAN] CASHIER FORM : ADD NEW ROW,  isActive [True]
[ADMIN] [2/19/2017 23:45] [PENJUALAN] CASHIER FORM : ADD NEW ROW,  ROW COUNT [1]
[ADMIN] [2/19/2017 23:45] [PENJUALAN] CASHIER FORM : ADD NEW ROW,  ALLOW TO ADD [True]
[ADMIN] [2/19/2017 23:45] [PENJUALAN] CASHIER FORM : REGISTER HOTKEY
[ADMIN] [2/19/2017 23:45] [PENJUALAN] UPDATE JOB FINISHED SURAT TUGAS [SLO001-12]
[ADMIN] [2/19/2017 23:45] [PENJUALAN] CASHIER FORM : UNREGISTER HOTKEY
[ADMIN] [2/19/2017 23:45] [PENJUALAN] CASHIER FORM : REGISTER HOTKEY
[ADMIN] [2/19/2017 23:45] [PENJUALAN] CASHIER FORM : ChangePrinterButton_Click, DISPLAY PRINTER SELECTION FORM
[ADMIN] [2/19/2017 23:45] [PENJUALAN] CASHIER FORM : UNREGISTER HOTKEY
[ADMIN] [2/19/2017 23:45] [PENJUALAN] CASHIER FORM : REGISTER HOTKEY
[ADMIN] [2/19/2017 23:45] [PENJUALAN] CASHIER FORM : UNREGISTER HOTKEY
[ADMIN] [2/19/2017 23:45] [PENJUALAN] CASHIER FORM : UNREGISTER HOTKEY
[ADMIN] [2/19/2017 23:46] [PENJUALAN] CASHIER FORM : REGISTER HOTKEY
[ADMIN] [2/19/2017 23:46] [PENJUALAN] CASHIER FORM : loadNoFaktur, noFakturValue [SLO001]
[ADMIN] [2/19/2017 23:46] [PENJUALAN] CASHIER FORM : ADD NEW ROW,  isActive [True]
[ADMIN] [2/19/2017 23:46] [PENJUALAN] CASHIER FORM : ADD NEW ROW,  ROW COUNT [0]
[ADMIN] [2/19/2017 23:46] [PENJUALAN] CASHIER FORM : ADD NEW ROW,  ALLOW TO ADD [True]
[ADMIN] [2/19/2017 23:46] [PENJUALAN] CASHIER FORM : ADD NEW ROW,  isActive [True]
[ADMIN] [2/19/2017 23:46] [PENJUALAN] CASHIER FORM : ADD NEW ROW,  ROW COUNT [1]
[ADMIN] [2/19/2017 23:46] [PENJUALAN] CASHIER FORM : ADD NEW ROW,  ALLOW TO ADD [True]
[ADMIN] [2/19/2017 23:46] [PENJUALAN] CASHIER FORM : REGISTER HOTKEY
[ADMIN] [2/19/2017 23:46] [PENJUALAN] CASHIER FORM : UNREGISTER HOTKEY
[ADMIN] [2/19/2017 23:46] [PENJUALAN] CASHIER FORM : UNREGISTER HOTKEY
[] [2/20/2017 00:03] [] USER = ADMIN IS ACTIVE
[ADMIN] [2/20/2017 00:03] [] USER ID = 1 LOGIN SUCCESSFULLY
[ADMIN] [2/20/2017 00:03] [] ACTIVATE USER ACCESS RIGHT
[ADMIN] [2/20/2017 00:03] [] DISPLAY ADMIN FORM
[ADMIN] [2/20/2017 00:03] [] adminForm Load
[] [2/20/2017 00:04] [] USER = ADMIN IS ACTIVE
[ADMIN] [2/20/2017 00:04] [] USER ID = 1 LOGIN SUCCESSFULLY
[ADMIN] [2/20/2017 00:05] [] ACTIVATE USER ACCESS RIGHT
[ADMIN] [2/20/2017 00:05] [] DISPLAY ADMIN FORM
[ADMIN] [2/20/2017 00:05] [] adminForm Load
[ADMIN] [2/20/2017 00:05] [PENJUALAN] CASHIER FORM : REGISTER HOTKEY
[ADMIN] [2/20/2017 00:05] [PENJUALAN] CASHIER FORM : loadNoFaktur, noFakturValue [SLO001]
[ADMIN] [2/20/2017 00:05] [PENJUALAN] CASHIER FORM : ADD NEW ROW,  isActive [True]
[ADMIN] [2/20/2017 00:05] [PENJUALAN] CASHIER FORM : ADD NEW ROW,  ROW COUNT [0]
[ADMIN] [2/20/2017 00:05] [PENJUALAN] CASHIER FORM : ADD NEW ROW,  ALLOW TO ADD [True]
[ADMIN] [2/20/2017 00:05] [PENJUALAN] CASHIER FORM : ADD NEW ROW,  isActive [True]
[ADMIN] [2/20/2017 00:05] [PENJUALAN] CASHIER FORM : ADD NEW ROW,  ROW COUNT [1]
[ADMIN] [2/20/2017 00:05] [PENJUALAN] CASHIER FORM : ADD NEW ROW,  ALLOW TO ADD [True]
[ADMIN] [2/20/2017 00:05] [PENJUALAN] CASHIER FORM : REGISTER HOTKEY
[ADMIN] [2/20/2017 00:05] [PENJUALAN] CASHIER FORM : UNREGISTER HOTKEY
[ADMIN] [2/20/2017 00:05] [PENJUALAN] CASHIER FORM : UNREGISTER HOTKEY
[ADMIN] [2/20/2017 00:05] [PENJUALAN] CASHIER FORM : REGISTER HOTKEY
[ADMIN] [2/20/2017 00:05] [PENJUALAN] CASHIER FORM : loadNoFaktur, noFakturValue [SLO001]
[ADMIN] [2/20/2017 00:05] [PENJUALAN] CASHIER FORM : ADD NEW ROW,  isActive [True]
[ADMIN] [2/20/2017 00:05] [PENJUALAN] CASHIER FORM : ADD NEW ROW,  ROW COUNT [0]
[ADMIN] [2/20/2017 00:05] [PENJUALAN] CASHIER FORM : ADD NEW ROW,  ALLOW TO ADD [True]
[ADMIN] [2/20/2017 00:05] [PENJUALAN] CASHIER FORM : REGISTER HOTKEY
[ADMIN] [2/20/2017 00:07] [PENJUALAN] CASHIER FORM : UNREGISTER HOTKEY
[ADMIN] [2/20/2017 00:07] [PENJUALAN] CASHIER FORM : UNREGISTER HOTKEY
[ADMIN] [2/20/2017 00:07] [PENJUALAN] CASHIER FORM : REGISTER HOTKEY
[ADMIN] [2/20/2017 00:07] [PENJUALAN] CASHIER FORM : loadNoFaktur, noFakturValue [SLO001]
[ADMIN] [2/20/2017 00:07] [PENJUALAN] CASHIER FORM : ADD NEW ROW,  isActive [True]
[ADMIN] [2/20/2017 00:07] [PENJUALAN] CASHIER FORM : ADD NEW ROW,  ROW COUNT [0]
[ADMIN] [2/20/2017 00:07] [PENJUALAN] CASHIER FORM : ADD NEW ROW,  ALLOW TO ADD [True]
[ADMIN] [2/20/2017 00:07] [PENJUALAN] CASHIER FORM : ADD NEW ROW,  isActive [True]
[ADMIN] [2/20/2017 00:07] [PENJUALAN] CASHIER FORM : ADD NEW ROW,  ROW COUNT [1]
[ADMIN] [2/20/2017 00:07] [PENJUALAN] CASHIER FORM : ADD NEW ROW,  ALLOW TO ADD [True]
[ADMIN] [2/20/2017 00:07] [PENJUALAN] CASHIER FORM : REGISTER HOTKEY
[ADMIN] [2/20/2017 00:07] [PENJUALAN] CASHIER FORM : UNREGISTER HOTKEY
[ADMIN] [2/20/2017 00:07] [PENJUALAN] CASHIER FORM : UNREGISTER HOTKEY
[] [2/20/2017 00:10] [] USER = ADMIN IS ACTIVE
[ADMIN] [2/20/2017 00:10] [] USER ID = 1 LOGIN SUCCESSFULLY
[ADMIN] [2/20/2017 00:10] [] ACTIVATE USER ACCESS RIGHT
[ADMIN] [2/20/2017 00:10] [] DISPLAY ADMIN FORM
[ADMIN] [2/20/2017 00:10] [] adminForm Load
[] [2/20/2017 00:24] [] USER = ADMIN IS ACTIVE
[ADMIN] [2/20/2017 00:24] [] USER ID = 1 LOGIN SUCCESSFULLY
[ADMIN] [2/20/2017 00:24] [] ACTIVATE USER ACCESS RIGHT
[ADMIN] [2/20/2017 00:24] [] DISPLAY ADMIN FORM
[ADMIN] [2/20/2017 00:24] [] adminForm Load
[] [2/20/2017 00:32] [] USER = ADMIN IS ACTIVE
[ADMIN] [2/20/2017 00:32] [] USER ID = 1 LOGIN SUCCESSFULLY
[ADMIN] [2/20/2017 00:32] [] ACTIVATE USER ACCESS RIGHT
[ADMIN] [2/20/2017 00:32] [] DISPLAY ADMIN FORM
[ADMIN] [2/20/2017 00:32] [] adminForm Load
[ADMIN] [2/20/2017 00:33] [PENJUALAN] CASHIER FORM : REGISTER HOTKEY
[ADMIN] [2/20/2017 00:33] [PENJUALAN] CASHIER FORM : loadNoFaktur, noFakturValue [SLO001]
[ADMIN] [2/20/2017 00:33] [PENJUALAN] CASHIER FORM : ADD NEW ROW,  isActive [True]
[ADMIN] [2/20/2017 00:33] [PENJUALAN] CASHIER FORM : ADD NEW ROW,  ROW COUNT [0]
[ADMIN] [2/20/2017 00:33] [PENJUALAN] CASHIER FORM : ADD NEW ROW,  ALLOW TO ADD [True]
[ADMIN] [2/20/2017 00:33] [PENJUALAN] CASHIER FORM : REGISTER HOTKEY
[ADMIN] [2/20/2017 00:33] [PENJUALAN] CASHIER FORM : UNREGISTER HOTKEY
[ADMIN] [2/20/2017 00:33] [PENJUALAN] CASHIER FORM : UNREGISTER HOTKEY
[ADMIN] [2/20/2017 00:34] [PENJUALAN] CASHIER FORM : REGISTER HOTKEY
[ADMIN] [2/20/2017 00:34] [PENJUALAN] CASHIER FORM : loadNoFaktur, noFakturValue [SLO001]
[ADMIN] [2/20/2017 00:34] [PENJUALAN] CASHIER FORM : ADD NEW ROW,  isActive [True]
[ADMIN] [2/20/2017 00:34] [PENJUALAN] CASHIER FORM : ADD NEW ROW,  ROW COUNT [0]
[ADMIN] [2/20/2017 00:34] [PENJUALAN] CASHIER FORM : ADD NEW ROW,  ALLOW TO ADD [True]
[ADMIN] [2/20/2017 00:34] [PENJUALAN] CASHIER FORM : REGISTER HOTKEY
[ADMIN] [2/20/2017 00:34] [PENJUALAN] CASHIER FORM : UNREGISTER HOTKEY
[ADMIN] [2/20/2017 00:34] [PENJUALAN] CASHIER FORM : UNREGISTER HOTKEY
[ADMIN] [2/20/2017 00:34] [PENJUALAN] CASHIER FORM : REGISTER HOTKEY
[ADMIN] [2/20/2017 00:34] [PENJUALAN] CASHIER FORM : loadNoFaktur, noFakturValue [SLO001]
[ADMIN] [2/20/2017 00:34] [PENJUALAN] CASHIER FORM : ADD NEW ROW,  isActive [True]
[ADMIN] [2/20/2017 00:34] [PENJUALAN] CASHIER FORM : ADD NEW ROW,  ROW COUNT [0]
[ADMIN] [2/20/2017 00:34] [PENJUALAN] CASHIER FORM : ADD NEW ROW,  ALLOW TO ADD [True]
[ADMIN] [2/20/2017 00:34] [PENJUALAN] CASHIER FORM : REGISTER HOTKEY
[ADMIN] [2/20/2017 00:34] [PENJUALAN] CASHIER FORM : UNREGISTER HOTKEY
[ADMIN] [2/20/2017 00:34] [PENJUALAN] CASHIER FORM : UNREGISTER HOTKEY
[ADMIN] [2/20/2017 00:34] [] USER ID = 1LOGOUT
