[] [2/23/2017 13:48] [] USER = ADMIN IS ACTIVE
[ADMIN] [2/23/2017 13:48] [] USER ID = 1 LOGIN SUCCESSFULLY
[ADMIN] [2/23/2017 13:48] [] ACTIVATE USER ACCESS RIGHT
[ADMIN] [2/23/2017 13:48] [] DISPLAY ADMIN FORM
[ADMIN] [2/23/2017 13:48] [] adminForm Load
[ADMIN] [2/23/2017 13:48] [PENERIMAAN BARANG] PENERIMAAN BARANG : detailGridView_CellValueChanged [productName]
[ADMIN] [2/23/2017 13:48] [PENERIMAAN BARANG] PENERIMAAN BARANG : detailGridView_CellValueChanged [productName]
[ADMIN] [2/23/2017 13:48] [] [POS SEARCH PRODUCT] D:\Project\Rejeki_Utama\_CODE_\Rejeki_Utama\Rejeki_Utama\bin\Debug\PRODUCT_PHOTO\ 
[ADMIN] [2/23/2017 13:48] [PENERIMAAN BARANG] PENERIMAAN BARANG : detailGridView_CellValueChanged [qtyReceived]
[ADMIN] [2/23/2017 13:48] [PENERIMAAN BARANG] PENERIMAAN BARANG : detailGridView_CellValueChanged [subtotal]
[ADMIN] [2/23/2017 13:48] [PENERIMAAN BARANG] PENERIMAAN BARANG : detailGridView_CellValueChanged [subtotal]
[ADMIN] [2/23/2017 13:48] [PENERIMAAN BARANG] detailDataGridView_KeyDown ATTEMPT TO DELETE ROW
[ADMIN] [2/23/2017 13:49] [PENERIMAAN BARANG] PENERIMAAN BARANG : detailGridView_CellValueChanged [productName]
[ADMIN] [2/23/2017 13:49] [PENERIMAAN BARANG] PENERIMAAN BARANG : detailGridView_CellValueChanged [productName]
[ADMIN] [2/23/2017 13:49] [] [POS SEARCH PRODUCT] D:\Project\Rejeki_Utama\_CODE_\Rejeki_Utama\Rejeki_Utama\bin\Debug\PRODUCT_PHOTO\ 
[] [2/23/2017 13:51] [] USER = ADMIN IS ACTIVE
[ADMIN] [2/23/2017 13:51] [] USER ID = 1 LOGIN SUCCESSFULLY
[ADMIN] [2/23/2017 13:51] [] ACTIVATE USER ACCESS RIGHT
[ADMIN] [2/23/2017 13:51] [] DISPLAY ADMIN FORM
[ADMIN] [2/23/2017 13:51] [] adminForm Load
[ADMIN] [2/23/2017 13:52] [PENERIMAAN BARANG] PENERIMAAN BARANG : detailGridView_CellValueChanged [productName]
[ADMIN] [2/23/2017 13:52] [PENERIMAAN BARANG] PENERIMAAN BARANG : detailGridView_CellValueChanged [productName]
[ADMIN] [2/23/2017 13:52] [] [POS SEARCH PRODUCT] D:\Project\Rejeki_Utama\_CODE_\Rejeki_Utama\Rejeki_Utama\bin\Debug\PRODUCT_PHOTO\ 
[] [2/23/2017 13:53] [] USER = ADMIN IS ACTIVE
[ADMIN] [2/23/2017 13:53] [] USER ID = 1 LOGIN SUCCESSFULLY
[ADMIN] [2/23/2017 13:53] [] ACTIVATE USER ACCESS RIGHT
[ADMIN] [2/23/2017 13:53] [] DISPLAY ADMIN FORM
[ADMIN] [2/23/2017 13:53] [] adminForm Load
[ADMIN] [2/23/2017 13:55] [PENERIMAAN BARANG] PENERIMAAN BARANG : detailGridView_CellValueChanged [productName]
[ADMIN] [2/23/2017 13:55] [PENERIMAAN BARANG] PENERIMAAN BARANG : detailGridView_CellValueChanged [productName]
[ADMIN] [2/23/2017 13:55] [] [POS SEARCH PRODUCT] D:\Project\Rejeki_Utama\_CODE_\Rejeki_Utama\Rejeki_Utama\bin\Debug\PRODUCT_PHOTO\ 
[ADMIN] [2/23/2017 13:55] [PENERIMAAN BARANG] PENERIMAAN BARANG : detailGridView_CellValueChanged [productID]
[ADMIN] [2/23/2017 13:55] [PENERIMAAN BARANG] PENERIMAAN BARANG : detailGridView_CellValueChanged [productName]
[ADMIN] [2/23/2017 13:55] [PENJUALAN] CASHIER FORM : ComboBox_SelectedIndexChanged, PRODUCT_BASE_PRICE [10]
[ADMIN] [2/23/2017 13:55] [PENJUALAN] CASHIER FORM : ComboBox_SelectedIndexChanged, attempt to calculate total
[ADMIN] [2/23/2017 13:55] [PENERIMAAN BARANG] PENERIMAAN BARANG : detailGridView_CellValueChanged [qtyReceived]
[ADMIN] [2/23/2017 13:55] [PENERIMAAN BARANG] PENERIMAAN BARANG : detailGridView_CellValueChanged [subtotal]
[ADMIN] [2/23/2017 13:55] [PENERIMAAN BARANG] PENERIMAAN BARANG : detailGridView_CellValueChanged [subtotal]
[ADMIN] [2/23/2017 13:55] [PENERIMAAN BARANG] PENERIMAAN BARANG : detailGridView_CellValueChanged [qtyReceived]
[ADMIN] [2/23/2017 13:55] [PENERIMAAN BARANG] PENERIMAAN BARANG : detailGridView_CellValueChanged [subtotal]
[ADMIN] [2/23/2017 13:55] [PENERIMAAN BARANG] PENERIMAAN BARANG : detailGridView_CellValueChanged [qtyReceived]
[ADMIN] [2/23/2017 13:55] [PENERIMAAN BARANG] PENERIMAAN BARANG : detailGridView_CellValueChanged [subtotal]
[ADMIN] [2/23/2017 13:55] [PENERIMAAN BARANG] PENERIMAAN BARANG : detailGridView_CellValueChanged [qtyReceived]
[ADMIN] [2/23/2017 13:55] [PENERIMAAN BARANG] PENERIMAAN BARANG : detailGridView_CellValueChanged [subtotal]
[ADMIN] [2/23/2017 13:55] [PENERIMAAN BARANG] PENERIMAAN BARANG : detailGridView_CellValueChanged [qtyReceived]
[ADMIN] [2/23/2017 13:55] [PENERIMAAN BARANG] PENERIMAAN BARANG : detailGridView_CellValueChanged [subtotal]
[ADMIN] [2/23/2017 13:55] [PENERIMAAN BARANG] PENERIMAAN BARANG : detailGridView_CellValueChanged [qtyReceived]
[ADMIN] [2/23/2017 13:55] [PENERIMAAN BARANG] PENERIMAAN BARANG : detailGridView_CellValueChanged [subtotal]
[ADMIN] [2/23/2017 13:55] [PENERIMAAN BARANG] PENERIMAAN BARANG : detailGridView_CellValueChanged [qtyReceived]
[] [2/23/2017 13:57] [] USER = ADMIN IS ACTIVE
[ADMIN] [2/23/2017 13:57] [] USER ID = 1 LOGIN SUCCESSFULLY
[ADMIN] [2/23/2017 13:57] [] ACTIVATE USER ACCESS RIGHT
[ADMIN] [2/23/2017 13:57] [] DISPLAY ADMIN FORM
[ADMIN] [2/23/2017 13:57] [] adminForm Load
[ADMIN] [2/23/2017 13:58] [PENERIMAAN BARANG] PENERIMAAN BARANG : detailGridView_CellValueChanged [productName]
[ADMIN] [2/23/2017 13:58] [PENERIMAAN BARANG] PENERIMAAN BARANG : detailGridView_CellValueChanged [productName]
[ADMIN] [2/23/2017 13:58] [] [POS SEARCH PRODUCT] D:\Project\Rejeki_Utama\_CODE_\Rejeki_Utama\Rejeki_Utama\bin\Debug\PRODUCT_PHOTO\ 
[ADMIN] [2/23/2017 13:58] [PENERIMAAN BARANG] PENERIMAAN BARANG : detailGridView_CellValueChanged [productID]
[ADMIN] [2/23/2017 13:58] [PENERIMAAN BARANG] PENERIMAAN BARANG : detailGridView_CellValueChanged [productName]
[ADMIN] [2/23/2017 13:58] [PENJUALAN] CASHIER FORM : ComboBox_SelectedIndexChanged, PRODUCT_BASE_PRICE [10]
[ADMIN] [2/23/2017 13:58] [PENJUALAN] CASHIER FORM : ComboBox_SelectedIndexChanged, attempt to calculate total
[ADMIN] [2/23/2017 13:58] [PENERIMAAN BARANG] PENERIMAAN BARANG : detailGridView_CellValueChanged [qtyReceived]
[ADMIN] [2/23/2017 13:58] [PENERIMAAN BARANG] PENERIMAAN BARANG : detailGridView_CellValueChanged [subtotal]
[ADMIN] [2/23/2017 13:58] [PENERIMAAN BARANG] PENERIMAAN BARANG : detailGridView_CellValueChanged [subtotal]
[ADMIN] [2/23/2017 13:58] [PENERIMAAN BARANG] PENERIMAAN BARANG : detailGridView_CellValueChanged [qtyReceived]
[ADMIN] [2/23/2017 13:58] [PENERIMAAN BARANG] PENERIMAAN BARANG : detailGridView_CellValueChanged [subtotal]
[ADMIN] [2/23/2017 13:58] [PENERIMAAN BARANG] PENERIMAAN BARANG : detailGridView_CellValueChanged [qtyReceived]
[ADMIN] [2/23/2017 13:58] [PENERIMAAN BARANG] PENERIMAAN BARANG : detailGridView_CellValueChanged [subtotal]
[ADMIN] [2/23/2017 13:58] [PENERIMAAN BARANG] PENERIMAAN BARANG : detailGridView_CellValueChanged [qtyReceived]
[ADMIN] [2/23/2017 13:58] [PENERIMAAN BARANG] PENERIMAAN BARANG : detailGridView_CellValueChanged [subtotal]
[ADMIN] [2/23/2017 13:58] [PENERIMAAN BARANG] SAVE PENERIMAAN BARANG
[ADMIN] [2/23/2017 13:58] [PENERIMAAN BARANG] DIRECT PENERIMAAN BARANG, THEREFORE CALCULATE TAX LIMIT
[ADMIN] [2/23/2017 13:58] [PENERIMAAN BARANG] CHECK IF TAX LIMIT SET FOR PERCENTAGE PURCHASE [0]
[ADMIN] [2/23/2017 13:58] [PENERIMAAN BARANG] CHECK IF TAX LIMIT SET FOR AVERAGE DAILY PURCHASE [0]
[ADMIN] [2/23/2017 13:58] [PENERIMAAN BARANG] INSERT PENERIMAAN BARANG [PR-6]
[ADMIN] [2/23/2017 13:58] [PENERIMAAN BARANG] INSERT PO DATA BECAUSE OF DIRECT PENERIMAAN [PR-6]
[ADMIN] [2/23/2017 13:58] [PENERIMAAN BARANG] SAVE DETAIL PENERIMAAN [5, 10, 100]
[ADMIN] [2/23/2017 13:58] [PENERIMAAN BARANG] UPDATE PRODUCT LOCATION DATA [5'2]
[ADMIN] [2/23/2017 13:58] [PENERIMAAN BARANG] UPDATE MASTER PRODUCT DATA [5]
[ADMIN] [2/23/2017 13:58] [PENERIMAAN BARANG] INSERT TO PURCHASE DETAIL [5]
[ADMIN] [2/23/2017 13:58] [PENERIMAAN BARANG] INSERT INTO DEBT [PR-6]
[ADMIN] [2/23/2017 13:58] [PENERIMAAN BARANG] PENERIMAAN BARANG SAVED
[ADMIN] [2/23/2017 13:59] [] USER ID = 1LOGOUT
