[] [2/18/2017 13:21] [] USER = ADMIN IS ACTIVE
[ADMIN] [2/18/2017 13:21] [] USER ID = 1 LOGIN SUCCESSFULLY
[ADMIN] [2/18/2017 13:21] [] ACTIVATE USER ACCESS RIGHT
[ADMIN] [2/18/2017 13:22] [] DISPLAY ADMIN FORM
[ADMIN] [2/18/2017 13:22] [] adminForm Load
[ADMIN] [2/18/2017 13:22] [] [POS SEARCH PRODUCT] D:\Project\Rejeki_Utama\_CODE_\Rejeki_Utama\Rejeki_Utama\bin\Debug\PRODUCT_PHOTO\ 
[] [2/18/2017 13:32] [] USER = ADMIN IS ACTIVE
[ADMIN] [2/18/2017 13:32] [] USER ID = 1 LOGIN SUCCESSFULLY
[ADMIN] [2/18/2017 13:32] [] ACTIVATE USER ACCESS RIGHT
[ADMIN] [2/18/2017 13:32] [] DISPLAY ADMIN FORM
[ADMIN] [2/18/2017 13:32] [] adminForm Load
[ADMIN] [2/18/2017 13:32] [PURCHASE ORDER] PURCHASE ORDER : detailPODataGridView_CellValueChanged [productName]
[ADMIN] [2/18/2017 13:32] [] [POS SEARCH PRODUCT] D:\Project\Rejeki_Utama\_CODE_\Rejeki_Utama\Rejeki_Utama\bin\Debug\PRODUCT_PHOTO\ 
[] [2/18/2017 13:34] [] USER = ADMIN IS ACTIVE
[ADMIN] [2/18/2017 13:34] [] USER ID = 1 LOGIN SUCCESSFULLY
[ADMIN] [2/18/2017 13:34] [] ACTIVATE USER ACCESS RIGHT
[ADMIN] [2/18/2017 13:34] [] DISPLAY ADMIN FORM
[ADMIN] [2/18/2017 13:34] [] adminForm Load
[ADMIN] [2/18/2017 13:41] [] [POS SEARCH PRODUCT] D:\Project\Rejeki_Utama\_CODE_\Rejeki_Utama\Rejeki_Utama\bin\Debug\PRODUCT_PHOTO\ 
[ADMIN] [2/18/2017 13:41] [RETUR PERMINTAAN KE PUSAT] updateSomeRowsContent, PRODUCT_BASE_PRICE [10]
[ADMIN] [2/18/2017 13:41] [RETUR PERMINTAAN KE PUSAT] updateSomeRowsContent, attempt to calculate total
[] [2/18/2017 13:43] [] USER = ADMIN IS ACTIVE
[ADMIN] [2/18/2017 13:43] [] USER ID = 1 LOGIN SUCCESSFULLY
[ADMIN] [2/18/2017 13:43] [] ACTIVATE USER ACCESS RIGHT
[ADMIN] [2/18/2017 13:43] [] DISPLAY ADMIN FORM
[ADMIN] [2/18/2017 13:43] [] adminForm Load
[ADMIN] [2/18/2017 13:46] [] [POS SEARCH PRODUCT] D:\Project\Rejeki_Utama\_CODE_\Rejeki_Utama\Rejeki_Utama\bin\Debug\PRODUCT_PHOTO\ 
[ADMIN] [2/18/2017 13:46] [RETUR PERMINTAAN KE PUSAT] updateSomeRowsContent, PRODUCT_BASE_PRICE [10]
[ADMIN] [2/18/2017 13:46] [RETUR PERMINTAAN KE PUSAT] updateSomeRowsContent, attempt to calculate total
[ADMIN] [2/18/2017 13:55] [RETUR PEMBELIAN KE SUPPLIER] ATTEMPT TO SAVE TO LOCAL DATA FIRST
[ADMIN] [2/18/2017 13:55] [RETUR PEMBELIAN KE SUPPLIER] INSERT TO RETURN PURCHASE HEADER
[ADMIN] [2/18/2017 13:55] [RETUR PEMBELIAN KE SUPPLIER] INSERT TO RETURN PURCHASE DETAIL
[ADMIN] [2/18/2017 13:55] [RETUR PEMBELIAN KE SUPPLIER] UPDATE PRODUCT LOCATION DATA
[ADMIN] [2/18/2017 13:55] [RETUR PEMBELIAN KE SUPPLIER] UPDATE MASTER PRODUCT
[ADMIN] [2/18/2017 13:57] [] [POS SEARCH PRODUCT] D:\Project\Rejeki_Utama\_CODE_\Rejeki_Utama\Rejeki_Utama\bin\Debug\PRODUCT_PHOTO\ 
[] [2/18/2017 13:58] [] USER = ADMIN IS ACTIVE
[ADMIN] [2/18/2017 13:58] [] USER ID = 1 LOGIN SUCCESSFULLY
[ADMIN] [2/18/2017 13:58] [] ACTIVATE USER ACCESS RIGHT
[ADMIN] [2/18/2017 13:58] [] DISPLAY ADMIN FORM
[ADMIN] [2/18/2017 13:58] [] adminForm Load
[ADMIN] [2/18/2017 13:58] [] [POS SEARCH PRODUCT] D:\Project\Rejeki_Utama\_CODE_\Rejeki_Utama\Rejeki_Utama\bin\Debug\PRODUCT_PHOTO\ 
[ADMIN] [2/18/2017 13:59] [RETUR PERMINTAAN KE PUSAT] updateSomeRowsContent, PRODUCT_BASE_PRICE [10]
[ADMIN] [2/18/2017 13:59] [RETUR PERMINTAAN KE PUSAT] updateSomeRowsContent, attempt to calculate total
[ADMIN] [2/18/2017 13:59] [RETUR PEMBELIAN KE SUPPLIER] ATTEMPT TO SAVE TO LOCAL DATA FIRST
[ADMIN] [2/18/2017 13:59] [RETUR PEMBELIAN KE SUPPLIER] INSERT TO RETURN PURCHASE HEADER
[ADMIN] [2/18/2017 13:59] [RETUR PEMBELIAN KE SUPPLIER] INSERT TO RETURN PURCHASE DETAIL
[ADMIN] [2/18/2017 13:59] [RETUR PEMBELIAN KE SUPPLIER] UPDATE PRODUCT LOCATION DATA
[ADMIN] [2/18/2017 13:59] [RETUR PEMBELIAN KE SUPPLIER] UPDATE MASTER PRODUCT
[ADMIN] [2/18/2017 13:59] [RETUR PEMBELIAN KE SUPPLIER] ATTEMPT TO SAVE TO LOCAL DATA FIRST
[ADMIN] [2/18/2017 14:11] [PELANGGAN] ATTEMPT TO SAVE DATA
[ADMIN] [2/18/2017 14:11] [PELANGGAN] INSERT NEW CUSTOMER DATA [TEST PELANGGAN]
[ADMIN] [2/18/2017 14:11] [PELANGGAN] DATA SAVED
[ADMIN] [2/18/2017 14:11] [PENJUALAN] [REMINDER SMS] REGISTER HOTKEY
[ADMIN] [2/18/2017 14:11] [PENJUALAN] [REMINDER SMS] REGISTER HOTKEY
[ADMIN] [2/18/2017 14:11] [PENJUALAN] [REMINDER SMS] DISPLAY PELANGGAN FORM
[ADMIN] [2/18/2017 14:11] [PENJUALAN] [REMINDER SMS] UNREGISTER HOTKEY
[ADMIN] [2/18/2017 14:11] [PENJUALAN] [REMINDER SMS] REGISTER HOTKEY
[ADMIN] [2/18/2017 14:14] [PENJUALAN] [REMINDER SMS] UNREGISTER HOTKEY
[ADMIN] [2/18/2017 14:14] [PENJUALAN] [REMINDER SMS] UNREGISTER HOTKEY
[ADMIN] [2/18/2017 14:14] [PENJUALAN] [REMINDER SMS] REGISTER HOTKEY
[ADMIN] [2/18/2017 14:14] [PENJUALAN] [REMINDER SMS] REGISTER HOTKEY
[ADMIN] [2/18/2017 14:14] [PENJUALAN] [REMINDER SMS] UNREGISTER HOTKEY
[ADMIN] [2/18/2017 14:14] [PENJUALAN] [REMINDER SMS] UNREGISTER HOTKEY
[] [2/18/2017 14:22] [] USER = ADMIN IS ACTIVE
[ADMIN] [2/18/2017 14:22] [] USER ID = 1 LOGIN SUCCESSFULLY
[ADMIN] [2/18/2017 14:22] [] ACTIVATE USER ACCESS RIGHT
[ADMIN] [2/18/2017 14:22] [] DISPLAY ADMIN FORM
[ADMIN] [2/18/2017 14:22] [] adminForm Load
[ADMIN] [2/18/2017 14:22] [PENJUALAN] CASHIER FORM : MULTIPLE CASHIER INSTANCE [1]
[ADMIN] [2/18/2017 14:22] [PENJUALAN] CASHIER FORM : REGISTER HOTKEY
[ADMIN] [2/18/2017 14:22] [PENJUALAN] CASHIER FORM : cashierForm_Load, ATTEMPT TO LOAD NO FAKTUR
[ADMIN] [2/18/2017 14:22] [PENJUALAN] CASHIER FORM : loadNoFaktur, noFakturValue [SLO001]
[ADMIN] [2/18/2017 14:22] [PENJUALAN] CASHIER FORM : cashierForm_Load, ATTEMPT TO addColumnToDataGrid
[ADMIN] [2/18/2017 14:22] [PENJUALAN] CASHIER FORM : calculateTotal
[ADMIN] [2/18/2017 14:22] [PENJUALAN] CASHIER FORM : calculateTotal [0]
[ADMIN] [2/18/2017 14:22] [PENJUALAN] CASHIER FORM : calculateTotal, totalAfterDisc [0]
[ADMIN] [2/18/2017 14:22] [PENJUALAN] CASHIER FORM : calculateChangeValue, bayarTextBox.Text [0]
[ADMIN] [2/18/2017 14:22] [PENJUALAN] CASHIER FORM : calculateChangeValue, sisaBayar [0]
[ADMIN] [2/18/2017 14:22] [PENJUALAN] CASHIER FORM : REGISTER HOTKEY
[ADMIN] [2/18/2017 14:22] [PENJUALAN] CASHIER FORM : UNREGISTER HOTKEY
[ADMIN] [2/18/2017 14:22] [PENJUALAN] CASHIER FORM : UNREGISTER HOTKEY
[ADMIN] [2/18/2017 14:22] [] USER ID = 1LOGOUT
