[] [2/23/2017 15:02] [] USER = ADMIN IS ACTIVE
[ADMIN] [2/23/2017 15:02] [] USER ID = 1 LOGIN SUCCESSFULLY
[ADMIN] [2/23/2017 15:02] [] ACTIVATE USER ACCESS RIGHT
[ADMIN] [2/23/2017 15:02] [] DISPLAY ADMIN FORM
[ADMIN] [2/23/2017 15:02] [] adminForm Load
[ADMIN] [2/23/2017 15:02] [PENJUALAN] DELIVERY ORDER : detailGridView_CellValueChanged [qty]
[ADMIN] [2/23/2017 15:02] [PENJUALAN] DELIVERY ORDER : TextBox_TextChanged, dataGridViewTextBoxEditingControl.Text pass REGEX Checking
[ADMIN] [2/23/2017 15:02] [] CHECK STOCK QTY IS ENOUGH [5]
[ADMIN] [2/23/2017 15:02] [] CHECK STOCK QTY IS ENOUGH [70, 2]
[ADMIN] [2/23/2017 15:02] [PENJUALAN] DELIVERY ORDER : TextBox_TextChanged, dataGridViewTextBoxEditingControl.Text pass REGEX Checking
[ADMIN] [2/23/2017 15:02] [] CHECK STOCK QTY IS ENOUGH [5]
[ADMIN] [2/23/2017 15:02] [] CHECK STOCK QTY IS ENOUGH [70, 2]
[] [2/23/2017 15:04] [] USER = ADMIN IS ACTIVE
[ADMIN] [2/23/2017 15:04] [] USER ID = 1 LOGIN SUCCESSFULLY
[ADMIN] [2/23/2017 15:04] [] ACTIVATE USER ACCESS RIGHT
[ADMIN] [2/23/2017 15:04] [] DISPLAY ADMIN FORM
[ADMIN] [2/23/2017 15:04] [] adminForm Load
[ADMIN] [2/23/2017 15:05] [PENJUALAN] DELIVERY ORDER : detailGridView_CellValueChanged [qty]
[ADMIN] [2/23/2017 15:05] [PENJUALAN] DELIVERY ORDER : TextBox_TextChanged, dataGridViewTextBoxEditingControl.Text pass REGEX Checking
[ADMIN] [2/23/2017 15:05] [] CHECK STOCK QTY IS ENOUGH [5]
[ADMIN] [2/23/2017 15:05] [] CHECK STOCK QTY IS ENOUGH [68, 5]
[ADMIN] [2/23/2017 15:05] [PENJUALAN] DELIVERY ORDER : TextBox_TextChanged, dataGridViewTextBoxEditingControl.Text pass REGEX Checking
[ADMIN] [2/23/2017 15:05] [] CHECK STOCK QTY IS ENOUGH [5]
[ADMIN] [2/23/2017 15:05] [] CHECK STOCK QTY IS ENOUGH [68, 5]
[] [2/23/2017 15:10] [] USER = ADMIN IS ACTIVE
[ADMIN] [2/23/2017 15:10] [] USER ID = 1 LOGIN SUCCESSFULLY
[ADMIN] [2/23/2017 15:10] [] ACTIVATE USER ACCESS RIGHT
[ADMIN] [2/23/2017 15:10] [] DISPLAY ADMIN FORM
[ADMIN] [2/23/2017 15:10] [] adminForm Load
[ADMIN] [2/23/2017 15:11] [PENJUALAN] DELIVERY ORDER : detailGridView_CellValueChanged [qty]
[ADMIN] [2/23/2017 15:11] [PENJUALAN] DELIVERY ORDER : TextBox_TextChanged, dataGridViewTextBoxEditingControl.Text pass REGEX Checking
[ADMIN] [2/23/2017 15:11] [] CHECK STOCK QTY IS ENOUGH [5]
[ADMIN] [2/23/2017 15:11] [] CHECK STOCK QTY IS ENOUGH [63, 1]
[ADMIN] [2/23/2017 15:11] [PENJUALAN] DELIVERY ORDER : TextBox_TextChanged, dataGridViewTextBoxEditingControl.Text pass REGEX Checking
[ADMIN] [2/23/2017 15:11] [] CHECK STOCK QTY IS ENOUGH [5]
[ADMIN] [2/23/2017 15:11] [] CHECK STOCK QTY IS ENOUGH [63, 1]
[] [2/23/2017 15:15] [] USER = ADMIN IS ACTIVE
[ADMIN] [2/23/2017 15:15] [] USER ID = 1 LOGIN SUCCESSFULLY
[ADMIN] [2/23/2017 15:15] [] ACTIVATE USER ACCESS RIGHT
[ADMIN] [2/23/2017 15:15] [] DISPLAY ADMIN FORM
[ADMIN] [2/23/2017 15:15] [] adminForm Load
[ADMIN] [2/23/2017 15:15] [PENJUALAN] DELIVERY ORDER : detailGridView_CellValueChanged [qty]
[ADMIN] [2/23/2017 15:15] [PENJUALAN] DELIVERY ORDER : TextBox_TextChanged, dataGridViewTextBoxEditingControl.Text pass REGEX Checking
[ADMIN] [2/23/2017 15:15] [] CHECK STOCK QTY IS ENOUGH [5]
[ADMIN] [2/23/2017 15:15] [] CHECK STOCK QTY IS ENOUGH [62, 1]
[ADMIN] [2/23/2017 15:16] [PENJUALAN] DELIVERY ORDER : TextBox_TextChanged, dataGridViewTextBoxEditingControl.Text pass REGEX Checking
[ADMIN] [2/23/2017 15:16] [] CHECK STOCK QTY IS ENOUGH [5]
[ADMIN] [2/23/2017 15:16] [] CHECK STOCK QTY IS ENOUGH [62, 1]
[] [2/23/2017 15:36] [] USER = ADMIN IS ACTIVE
[ADMIN] [2/23/2017 15:36] [] USER ID = 1 LOGIN SUCCESSFULLY
[ADMIN] [2/23/2017 15:36] [] ACTIVATE USER ACCESS RIGHT
[ADMIN] [2/23/2017 15:36] [] DISPLAY ADMIN FORM
[ADMIN] [2/23/2017 15:36] [] adminForm Load
[ADMIN] [2/23/2017 15:37] [] CREATE DATA GROUP FORM MODULE_ID [51]
[ADMIN] [2/23/2017 15:37] [] CREATE DATA GROUP ACCESS MODULE FORM, GROUP USER ID [1]
[] [2/23/2017 15:38] [] USER = ADMIN IS ACTIVE
[ADMIN] [2/23/2017 15:38] [] USER ID = 1 LOGIN SUCCESSFULLY
[ADMIN] [2/23/2017 15:39] [] ACTIVATE USER ACCESS RIGHT
[ADMIN] [2/23/2017 15:39] [] DISPLAY ADMIN FORM
[ADMIN] [2/23/2017 15:39] [] adminForm Load
[ADMIN] [2/23/2017 15:41] [] USER ID = 1LOGOUT
