[] [2/23/2017 12:38] [] USER = ADMIN IS ACTIVE
[ADMIN] [2/23/2017 12:38] [] USER ID = 1 LOGIN SUCCESSFULLY
[ADMIN] [2/23/2017 12:39] [] ACTIVATE USER ACCESS RIGHT
[ADMIN] [2/23/2017 12:39] [] DISPLAY ADMIN FORM
[ADMIN] [2/23/2017 12:39] [] adminForm Load
[ADMIN] [2/23/2017 12:40] [PENJUALAN] CASHIER FORM : MULTIPLE CASHIER INSTANCE [1]
[ADMIN] [2/23/2017 12:40] [PENJUALAN] CASHIER FORM : REGISTER HOTKEY
[ADMIN] [2/23/2017 12:40] [PENJUALAN] CASHIER FORM : cashierForm_Load, ATTEMPT TO LOAD NO FAKTUR
[ADMIN] [2/23/2017 12:40] [PENJUALAN] CASHIER FORM : loadNoFaktur, noFakturValue [SLO001]
[ADMIN] [2/23/2017 12:40] [PENJUALAN] CASHIER FORM : cashierForm_Load, ATTEMPT TO addColumnToDataGrid
[ADMIN] [2/23/2017 12:40] [PENJUALAN] CASHIER FORM : REGISTER HOTKEY
[ADMIN] [2/23/2017 12:40] [PENJUALAN] CASHIER FORM : UNREGISTER HOTKEY
[ADMIN] [2/23/2017 12:40] [PENJUALAN] CASHIER FORM : UNREGISTER HOTKEY
[ADMIN] [2/23/2017 12:40] [PENJUALAN] CASHIER FORM : REGISTER HOTKEY
[ADMIN] [2/23/2017 12:40] [PENJUALAN] CASHIER FORM : loadNoFaktur, noFakturValue [SLO001]
[ADMIN] [2/23/2017 12:40] [PENJUALAN] CASHIER FORM : ADD NEW ROW,  isActive [True]
[ADMIN] [2/23/2017 12:40] [PENJUALAN] CASHIER FORM : ADD NEW ROW,  ROW COUNT [0]
[ADMIN] [2/23/2017 12:40] [PENJUALAN] CASHIER FORM : ADD NEW ROW,  ALLOW TO ADD [True]
[ADMIN] [2/23/2017 12:40] [PENJUALAN] CASHIER FORM : REGISTER HOTKEY
[ADMIN] [2/23/2017 12:40] [PENJUALAN] CASHIER FORM : UNREGISTER HOTKEY
[ADMIN] [2/23/2017 12:40] [PENJUALAN] CASHIER FORM : UNREGISTER HOTKEY
[ADMIN] [2/23/2017 12:42] [PENERIMAAN BARANG] PENERIMAAN BARANG : detailGridView_CellValueChanged [productName]
[ADMIN] [2/23/2017 12:42] [PENERIMAAN BARANG] PENERIMAAN BARANG : detailGridView_CellValueChanged [productName]
[ADMIN] [2/23/2017 12:45] [PENERIMAAN BARANG] PENERIMAAN BARANG : detailGridView_CellValueChanged [productName]
[ADMIN] [2/23/2017 12:45] [PENERIMAAN BARANG] PENERIMAAN BARANG : detailGridView_CellValueChanged [productName]
[ADMIN] [2/23/2017 12:45] [PENERIMAAN BARANG] PENERIMAAN BARANG : detailGridView_CellValueChanged [productName]
[ADMIN] [2/23/2017 12:45] [PENERIMAAN BARANG] PENERIMAAN BARANG : detailGridView_CellValueChanged [productName]
[ADMIN] [2/23/2017 12:45] [PENERIMAAN BARANG] PENERIMAAN BARANG : detailGridView_CellValueChanged [productName]
[ADMIN] [2/23/2017 12:45] [PENERIMAAN BARANG] PENERIMAAN BARANG : detailGridView_CellValueChanged [productName]
[ADMIN] [2/23/2017 12:45] [PENERIMAAN BARANG] PENERIMAAN BARANG : detailGridView_CellValueChanged [productName]
[ADMIN] [2/23/2017 12:45] [] USER ID = 1LOGOUT
