[] [9/2/2016 13:07] [] USER = ADMIN IS ACTIVE
[ADMIN] [9/2/2016 13:07] [] USER ID = 1 LOGIN SUCCESSFULLY
[ADMIN] [9/2/2016 13:07] [] ACTIVATE USER ACCESS RIGHT
[ADMIN] [9/2/2016 13:07] [] DISPLAY ADMIN FORM
[ADMIN] [9/2/2016 13:07] [] adminForm Load
[ADMIN] [9/2/2016 13:16] [KATEGORI PRODUK] ADD NEW CATEGORY [CAT 1]
[ADMIN] [9/2/2016 13:16] [SATUAN PRODUK] ADD NEW UNIT [UNIT 1]
[ADMIN] [9/2/2016 13:16] [TAMBAH / UPDATE PRODUK] INSERT NEW PRODUCT [1]
[ADMIN] [9/2/2016 13:16] [TAMBAH / UPDATE PRODUK] INSERT PRODUCT CATEGORY FOR [1]
[ADMIN] [9/2/2016 13:17] [SUPPLIER] ATTEMPT TO SAVE
[ADMIN] [9/2/2016 13:17] [SUPPLIER] INSERT NEW SUPPLIER [SUPPLIER 1]
[ADMIN] [9/2/2016 13:17] [PURCHASE ORDER] updateSomeRowsContent, PRODUCT_BASE_PRICE [10]
[ADMIN] [9/2/2016 13:17] [PURCHASE ORDER] updateSomeRowsContent, attempt to calculate total
[ADMIN] [9/2/2016 13:34] [PURCHASE ORDER] updateSomeRowsContent, PRODUCT_BASE_PRICE [10]
[ADMIN] [9/2/2016 13:34] [PURCHASE ORDER] updateSomeRowsContent, attempt to calculate total
[ADMIN] [9/2/2016 13:34] [PURCHASE ORDER] ATTEMPT TO SAVE DATA
[ADMIN] [9/2/2016 13:34] [PURCHASE ORDER] CHECK IF TAX LIMIT SET FOR PERCENTAGE PURCHASE [0]
[ADMIN] [9/2/2016 13:34] [PURCHASE ORDER] CHECK IF TAX LIMIT SET FOR AVERAGE DAILY PURCHASE [0]
[ADMIN] [9/2/2016 13:34] [PURCHASE ORDER] NEW PURCHASE HEADER
[ADMIN] [9/2/2016 13:34] [PURCHASE ORDER] INSERT PURCHASE HEADER DATA [PO-1]
[ADMIN] [9/2/2016 13:34] [PURCHASE ORDER] INSERT DETAIL PURCHASE DATA [1', 10, 22]
[ADMIN] [9/2/2016 13:34] [PURCHASE ORDER] PURCHASE ORDER SAVED
[ADMIN] [9/2/2016 13:34] [PURCHASE ORDER] CHECK IF TAX LIMIT SET FOR PERCENTAGE PURCHASE [0]
[ADMIN] [9/2/2016 13:34] [PURCHASE ORDER] CHECK IF TAX LIMIT SET FOR AVERAGE DAILY PURCHASE [0]
[ADMIN] [9/2/2016 13:34] [PURCHASE ORDER] UPDATE PURCHASE HEADER DATA TO INDICATE PO HAS BEEN PRINTED OUT, THEREFORE UNEDITABLE
[ADMIN] [9/2/2016 13:34] [PURCHASE ORDER] UPDATE FLAG AT PURCHASE HEADER TAX
[ADMIN] [9/2/2016 13:36] [] USER ID = 1LOGOUT
