[] [9/30/2016 13:59] [] USER = ADMIN IS ACTIVE
[ADMIN] [9/30/2016 13:59] [] USER ID = 1 LOGIN SUCCESSFULLY
[ADMIN] [9/30/2016 13:59] [] ACTIVATE USER ACCESS RIGHT
[ADMIN] [9/30/2016 13:59] [] DISPLAY ADMIN FORM
[ADMIN] [9/30/2016 13:59] [] adminForm Load
[ADMIN] [9/30/2016 14:00] [PENJUALAN] CASHIER FORM : REGISTER HOTKEY
[ADMIN] [9/30/2016 14:00] [PENJUALAN] CASHIER FORM : loadNoFaktur, noFakturValue [SLO001]
[] [9/30/2016 14:00] [] USER = ADMIN IS ACTIVE
[ADMIN] [9/30/2016 14:00] [] USER ID = 1 LOGIN SUCCESSFULLY
[ADMIN] [9/30/2016 14:00] [] ACTIVATE USER ACCESS RIGHT
[ADMIN] [9/30/2016 14:00] [] DISPLAY ADMIN FORM
[ADMIN] [9/30/2016 14:00] [] adminForm Load
[ADMIN] [9/30/2016 14:01] [PENJUALAN] CASHIER FORM : REGISTER HOTKEY
[ADMIN] [9/30/2016 14:01] [PENJUALAN] CASHIER FORM : loadNoFaktur, noFakturValue [SLO001]
[] [9/30/2016 14:03] [] USER = ADMIN IS ACTIVE
[ADMIN] [9/30/2016 14:03] [] USER ID = 1 LOGIN SUCCESSFULLY
[ADMIN] [9/30/2016 14:03] [] ACTIVATE USER ACCESS RIGHT
[ADMIN] [9/30/2016 14:03] [] DISPLAY ADMIN FORM
[ADMIN] [9/30/2016 14:03] [] adminForm Load
[ADMIN] [9/30/2016 14:04] [PENJUALAN] CASHIER FORM : REGISTER HOTKEY
[ADMIN] [9/30/2016 14:04] [PENJUALAN] CASHIER FORM : loadNoFaktur, noFakturValue [SLO001]
[ADMIN] [9/30/2016 14:04] [PENJUALAN] CASHIER FORM : REGISTER HOTKEY
[ADMIN] [9/30/2016 14:04] [PENJUALAN] CASHIER FORM : UNREGISTER HOTKEY
[ADMIN] [9/30/2016 14:04] [PENJUALAN] CASHIER FORM : REGISTER HOTKEY
[ADMIN] [9/30/2016 14:04] [PENJUALAN] CASHIER FORM : UNREGISTER HOTKEY
[ADMIN] [9/30/2016 14:04] [PENJUALAN] CASHIER FORM : UNREGISTER HOTKEY
[ADMIN] [9/30/2016 14:04] [] USER ID = 1LOGOUT
