[] [2/23/2017 14:34] [] USER = ADMIN IS ACTIVE
[ADMIN] [2/23/2017 14:34] [] USER ID = 1 LOGIN SUCCESSFULLY
[ADMIN] [2/23/2017 14:34] [] ACTIVATE USER ACCESS RIGHT
[ADMIN] [2/23/2017 14:34] [] DISPLAY ADMIN FORM
[ADMIN] [2/23/2017 14:34] [] adminForm Load
[ADMIN] [2/23/2017 14:34] [] [POS SEARCH PRODUCT] D:\Project\Rejeki_Utama\_CODE_\Rejeki_Utama\Rejeki_Utama\bin\Debug\PRODUCT_PHOTO\ 
[ADMIN] [2/23/2017 14:34] [RETUR PERMINTAAN KE PUSAT] updateSomeRowsContent, PRODUCT_BASE_PRICE [10]
[ADMIN] [2/23/2017 14:34] [RETUR PERMINTAAN KE PUSAT] updateSomeRowsContent, attempt to calculate total
[ADMIN] [2/23/2017 14:34] [RETUR PEMBELIAN KE SUPPLIER] ATTEMPT TO SAVE TO LOCAL DATA FIRST
[ADMIN] [2/23/2017 14:34] [RETUR PEMBELIAN KE SUPPLIER] INSERT TO RETURN PURCHASE HEADER
[ADMIN] [2/23/2017 14:34] [RETUR PEMBELIAN KE SUPPLIER] INSERT TO RETURN PURCHASE DETAIL
[ADMIN] [2/23/2017 14:34] [RETUR PEMBELIAN KE SUPPLIER] UPDATE PRODUCT LOCATION DATA
[ADMIN] [2/23/2017 14:34] [RETUR PEMBELIAN KE SUPPLIER] UPDATE MASTER PRODUCT
[ADMIN] [2/23/2017 14:35] [PENJUALAN] [REMINDER SMS] REGISTER HOTKEY
[ADMIN] [2/23/2017 14:35] [PENJUALAN] [REMINDER SMS] REGISTER HOTKEY
[ADMIN] [2/23/2017 14:36] [PENJUALAN] [REMINDER SMS] UNREGISTER HOTKEY
[ADMIN] [2/23/2017 14:36] [PENJUALAN] [REMINDER SMS] UNREGISTER HOTKEY
[ADMIN] [2/23/2017 14:36] [PENJUALAN] CASHIER FORM : MULTIPLE CASHIER INSTANCE [1]
[ADMIN] [2/23/2017 14:36] [PENJUALAN] CASHIER FORM : REGISTER HOTKEY
[ADMIN] [2/23/2017 14:36] [PENJUALAN] CASHIER FORM : cashierForm_Load, ATTEMPT TO LOAD NO FAKTUR
[ADMIN] [2/23/2017 14:36] [PENJUALAN] CASHIER FORM : loadNoFaktur, noFakturValue [SLO001]
[ADMIN] [2/23/2017 14:36] [PENJUALAN] CASHIER FORM : cashierForm_Load, ATTEMPT TO addColumnToDataGrid
[ADMIN] [2/23/2017 14:36] [PENJUALAN] CASHIER FORM : REGISTER HOTKEY
[ADMIN] [2/23/2017 14:36] [PENJUALAN] CASHIER FORM : UNREGISTER HOTKEY
[ADMIN] [2/23/2017 14:36] [PENJUALAN] CASHIER FORM : UNREGISTER HOTKEY
[ADMIN] [2/23/2017 14:36] [PENJUALAN] CASHIER FORM : MULTIPLE CASHIER INSTANCE [1]
[ADMIN] [2/23/2017 14:36] [PENJUALAN] CASHIER FORM : REGISTER HOTKEY
[ADMIN] [2/23/2017 14:36] [PENJUALAN] CASHIER FORM : cashierForm_Load, ATTEMPT TO LOAD NO FAKTUR
[ADMIN] [2/23/2017 14:36] [PENJUALAN] CASHIER FORM : loadNoFaktur, noFakturValue [SLO001]
[ADMIN] [2/23/2017 14:36] [PENJUALAN] CASHIER FORM : cashierForm_Load, ATTEMPT TO addColumnToDataGrid
[ADMIN] [2/23/2017 14:36] [PENJUALAN] CASHIER FORM : REGISTER HOTKEY
[ADMIN] [2/23/2017 14:36] [PENJUALAN] CASHIER FORM : UNREGISTER HOTKEY
[ADMIN] [2/23/2017 14:39] [PENJUALAN] CASHIER FORM : REGISTER HOTKEY
[ADMIN] [2/23/2017 14:39] [PENJUALAN] CASHIER FORM : HOTKEY TO ADD NEW ROW PRESSED
[ADMIN] [2/23/2017 14:39] [PENJUALAN] CASHIER FORM : ADD NEW ROW,  isActive [True]
[ADMIN] [2/23/2017 14:39] [PENJUALAN] CASHIER FORM : ADD NEW ROW,  ROW COUNT [0]
[ADMIN] [2/23/2017 14:39] [PENJUALAN] CASHIER FORM : ADD NEW ROW,  ALLOW TO ADD [True]
[ADMIN] [2/23/2017 14:39] [PENJUALAN] CASHIER FORM : cashierDataGridView_CellValueChanged [F8]
[ADMIN] [2/23/2017 14:39] [PENJUALAN] CASHIER FORM : cashierDataGridView_CellValueChanged [hpp]
[ADMIN] [2/23/2017 14:39] [PENJUALAN] CASHIER FORM : cashierDataGridView_CellValueChanged [productPrice]
[ADMIN] [2/23/2017 14:39] [PENJUALAN] CASHIER FORM : TextBox_TextChanged, previousInput []
[ADMIN] [2/23/2017 14:39] [PENJUALAN] CASHIER FORM : TextBox_TextChanged, dataGridViewTextBoxEditingControl.Text pass REGEX Checking
[ADMIN] [2/23/2017 14:39] [PENJUALAN] CASHIER FORM : CALCULATE SUBTOTAL
[ADMIN] [2/23/2017 14:39] [PENJUALAN] CASHIER FORM : SUBTOTAL [0]
[ADMIN] [2/23/2017 14:39] [PENJUALAN] CASHIER FORM : TextBox_TextChanged, subtotal value [0]
[ADMIN] [2/23/2017 14:39] [PENJUALAN] CASHIER FORM : TextBox_TextChanged, attempt to calculate total value
[ADMIN] [2/23/2017 14:39] [PENJUALAN] CASHIER FORM : calculateTotal
[ADMIN] [2/23/2017 14:39] [PENJUALAN] CASHIER FORM : calculateTotal [0]
[ADMIN] [2/23/2017 14:39] [PENJUALAN] CASHIER FORM : calculateTotal, totalAfterDisc [0]
[ADMIN] [2/23/2017 14:39] [PENJUALAN] CASHIER FORM : calculateChangeValue, bayarTextBox.Text [0]
[ADMIN] [2/23/2017 14:39] [PENJUALAN] CASHIER FORM : calculateChangeValue, sisaBayar [0]
[ADMIN] [2/23/2017 14:39] [PENJUALAN] CASHIER FORM : cashierDataGridView_CellValueChanged [disc1]
[ADMIN] [2/23/2017 14:39] [PENJUALAN] CASHIER FORM : TextBox_TextChanged, previousInput []
[ADMIN] [2/23/2017 14:39] [PENJUALAN] CASHIER FORM : TextBox_TextChanged, dataGridViewTextBoxEditingControl.Text pass REGEX Checking
[ADMIN] [2/23/2017 14:39] [PENJUALAN] CASHIER FORM : CALCULATE SUBTOTAL
[ADMIN] [2/23/2017 14:39] [PENJUALAN] CASHIER FORM : SUBTOTAL [0]
[ADMIN] [2/23/2017 14:39] [PENJUALAN] CASHIER FORM : TextBox_TextChanged, subtotal value [0]
[ADMIN] [2/23/2017 14:39] [PENJUALAN] CASHIER FORM : TextBox_TextChanged, attempt to calculate total value
[ADMIN] [2/23/2017 14:39] [PENJUALAN] CASHIER FORM : calculateTotal
[ADMIN] [2/23/2017 14:39] [PENJUALAN] CASHIER FORM : calculateTotal [0]
[ADMIN] [2/23/2017 14:39] [PENJUALAN] CASHIER FORM : calculateTotal, totalAfterDisc [0]
[ADMIN] [2/23/2017 14:39] [PENJUALAN] CASHIER FORM : calculateChangeValue, bayarTextBox.Text [0]
[ADMIN] [2/23/2017 14:39] [PENJUALAN] CASHIER FORM : calculateChangeValue, sisaBayar [0]
[ADMIN] [2/23/2017 14:39] [PENJUALAN] CASHIER FORM : cashierDataGridView_CellValueChanged [qty]
[ADMIN] [2/23/2017 14:39] [PENJUALAN] CASHIER FORM : TextBox_TextChanged, previousInput []
[ADMIN] [2/23/2017 14:39] [PENJUALAN] CASHIER FORM : TextBox_TextChanged, dataGridViewTextBoxEditingControl.Text pass REGEX Checking
[ADMIN] [2/23/2017 14:39] [] CHECK STOCK QTY IS ENOUGH []
[ADMIN] [2/23/2017 14:39] [PENJUALAN] CASHIER FORM : CALCULATE SUBTOTAL
[ADMIN] [2/23/2017 14:39] [PENJUALAN] CASHIER FORM : SUBTOTAL [0]
[ADMIN] [2/23/2017 14:39] [PENJUALAN] CASHIER FORM : TextBox_TextChanged, subtotal value [0]
[ADMIN] [2/23/2017 14:39] [PENJUALAN] CASHIER FORM : TextBox_TextChanged, attempt to calculate total value
[ADMIN] [2/23/2017 14:39] [PENJUALAN] CASHIER FORM : calculateTotal
[ADMIN] [2/23/2017 14:39] [PENJUALAN] CASHIER FORM : calculateTotal [0]
[ADMIN] [2/23/2017 14:39] [PENJUALAN] CASHIER FORM : calculateTotal, totalAfterDisc [0]
[ADMIN] [2/23/2017 14:39] [PENJUALAN] CASHIER FORM : calculateChangeValue, bayarTextBox.Text [0]
[ADMIN] [2/23/2017 14:39] [PENJUALAN] CASHIER FORM : calculateChangeValue, sisaBayar [0]
[ADMIN] [2/23/2017 14:39] [PENJUALAN] CASHIER FORM : cashierDataGridView_CellValueChanged [disc2]
[ADMIN] [2/23/2017 14:39] [PENJUALAN] CASHIER FORM : TextBox_TextChanged, previousInput []
[ADMIN] [2/23/2017 14:39] [PENJUALAN] CASHIER FORM : TextBox_TextChanged, dataGridViewTextBoxEditingControl.Text pass REGEX Checking
[ADMIN] [2/23/2017 14:39] [PENJUALAN] CASHIER FORM : CALCULATE SUBTOTAL
[ADMIN] [2/23/2017 14:39] [PENJUALAN] CASHIER FORM : SUBTOTAL [0]
[ADMIN] [2/23/2017 14:39] [PENJUALAN] CASHIER FORM : TextBox_TextChanged, subtotal value [0]
[ADMIN] [2/23/2017 14:39] [PENJUALAN] CASHIER FORM : TextBox_TextChanged, attempt to calculate total value
[ADMIN] [2/23/2017 14:39] [PENJUALAN] CASHIER FORM : calculateTotal
[ADMIN] [2/23/2017 14:39] [PENJUALAN] CASHIER FORM : calculateTotal [0]
[ADMIN] [2/23/2017 14:39] [PENJUALAN] CASHIER FORM : calculateTotal, totalAfterDisc [0]
[ADMIN] [2/23/2017 14:39] [PENJUALAN] CASHIER FORM : calculateChangeValue, bayarTextBox.Text [0]
[ADMIN] [2/23/2017 14:39] [PENJUALAN] CASHIER FORM : calculateChangeValue, sisaBayar [0]
[ADMIN] [2/23/2017 14:39] [PENJUALAN] CASHIER FORM : cashierDataGridView_CellValueChanged [discRP]
[ADMIN] [2/23/2017 14:39] [PENJUALAN] CASHIER FORM : TextBox_TextChanged, previousInput []
[ADMIN] [2/23/2017 14:39] [PENJUALAN] CASHIER FORM : TextBox_TextChanged, dataGridViewTextBoxEditingControl.Text pass REGEX Checking
[ADMIN] [2/23/2017 14:39] [PENJUALAN] CASHIER FORM : CALCULATE SUBTOTAL
[ADMIN] [2/23/2017 14:39] [PENJUALAN] CASHIER FORM : SUBTOTAL [0]
[ADMIN] [2/23/2017 14:39] [PENJUALAN] CASHIER FORM : TextBox_TextChanged, subtotal value [0]
[ADMIN] [2/23/2017 14:39] [PENJUALAN] CASHIER FORM : TextBox_TextChanged, attempt to calculate total value
[ADMIN] [2/23/2017 14:39] [PENJUALAN] CASHIER FORM : calculateTotal
[ADMIN] [2/23/2017 14:39] [PENJUALAN] CASHIER FORM : calculateTotal [0]
[ADMIN] [2/23/2017 14:39] [PENJUALAN] CASHIER FORM : calculateTotal, totalAfterDisc [0]
[ADMIN] [2/23/2017 14:39] [PENJUALAN] CASHIER FORM : calculateChangeValue, bayarTextBox.Text [0]
[ADMIN] [2/23/2017 14:39] [PENJUALAN] CASHIER FORM : calculateChangeValue, sisaBayar [0]
[ADMIN] [2/23/2017 14:39] [PENJUALAN] CASHIER FORM : cashierDataGridView_CellValueChanged [jumlah]
[ADMIN] [2/23/2017 14:39] [PENJUALAN] CASHIER FORM : cashierDataGridView_CellValueChanged [productName]
[ADMIN] [2/23/2017 14:39] [PENJUALAN] CASHIER FORM : cashierDataGridView_CellValueChanged [productName]
[ADMIN] [2/23/2017 14:39] [PENJUALAN] CASHIER FORM : UNREGISTER HOTKEY
[ADMIN] [2/23/2017 14:39] [] [POS SEARCH PRODUCT] D:\Project\Rejeki_Utama\_CODE_\Rejeki_Utama\Rejeki_Utama\bin\Debug\PRODUCT_PHOTO\ 
[ADMIN] [2/23/2017 14:39] [PENJUALAN] CASHIER FORM : ADD NEW ROW FROM BARCODE [AC SPLIT SPECIAL]
[ADMIN] [2/23/2017 14:39] [PENJUALAN] CASHIER FORM : cashierDataGridView_CellValueChanged [productID]
[ADMIN] [2/23/2017 14:39] [PENJUALAN] CASHIER FORM : cashierDataGridView_CellValueChanged [productName]
[ADMIN] [2/23/2017 14:39] [PENJUALAN] CASHIER FORM : PRODUCT PRICE TYPE [PRODUCT_BASE_PRICE]
[ADMIN] [2/23/2017 14:39] [PENJUALAN] CASHIER FORM : PRODUCT PRICE [10]
[ADMIN] [2/23/2017 14:39] [PENJUALAN] CASHIER FORM : ComboBox_SelectedIndexChanged, PRODUCT_BASE_PRICE [10]
[ADMIN] [2/23/2017 14:39] [PENJUALAN] CASHIER FORM : cashierDataGridView_CellValueChanged [hpp]
[ADMIN] [2/23/2017 14:39] [PENJUALAN] CASHIER FORM : PRODUCT PRICE TYPE [PRODUCT_RETAIL_PRICE]
[ADMIN] [2/23/2017 14:39] [PENJUALAN] CASHIER FORM : PRODUCT PRICE [10]
[ADMIN] [2/23/2017 14:39] [PENJUALAN] CASHIER FORM : ComboBox_SelectedIndexChanged, PRODUCT_SALES_PRICE [10]
[ADMIN] [2/23/2017 14:39] [PENJUALAN] CASHIER FORM : cashierDataGridView_CellValueChanged [productPrice]
[ADMIN] [2/23/2017 14:39] [PENJUALAN] CASHIER FORM : TextBox_TextChanged, previousInput []
[ADMIN] [2/23/2017 14:39] [PENJUALAN] CASHIER FORM : TextBox_TextChanged, dataGridViewTextBoxEditingControl.Text pass REGEX Checking
[ADMIN] [2/23/2017 14:39] [PENJUALAN] CASHIER FORM : CALCULATE SUBTOTAL
[ADMIN] [2/23/2017 14:39] [PENJUALAN] CASHIER FORM : SUBTOTAL [0]
[ADMIN] [2/23/2017 14:39] [PENJUALAN] CASHIER FORM : TextBox_TextChanged, subtotal value [0]
[ADMIN] [2/23/2017 14:39] [PENJUALAN] CASHIER FORM : TextBox_TextChanged, attempt to calculate total value
[ADMIN] [2/23/2017 14:39] [PENJUALAN] CASHIER FORM : calculateTotal
[ADMIN] [2/23/2017 14:39] [PENJUALAN] CASHIER FORM : calculateTotal [0]
[ADMIN] [2/23/2017 14:39] [PENJUALAN] CASHIER FORM : calculateTotal, totalAfterDisc [0]
[ADMIN] [2/23/2017 14:39] [PENJUALAN] CASHIER FORM : calculateChangeValue, bayarTextBox.Text [0]
[ADMIN] [2/23/2017 14:39] [PENJUALAN] CASHIER FORM : calculateChangeValue, sisaBayar [0]
[ADMIN] [2/23/2017 14:39] [PENJUALAN] CASHIER FORM : cashierDataGridView_CellValueChanged [qty]
[ADMIN] [2/23/2017 14:39] [PENJUALAN] CASHIER FORM : TextBox_TextChanged, previousInput []
[ADMIN] [2/23/2017 14:39] [PENJUALAN] CASHIER FORM : TextBox_TextChanged, dataGridViewTextBoxEditingControl.Text pass REGEX Checking
[ADMIN] [2/23/2017 14:39] [] CHECK STOCK QTY IS ENOUGH [5]
[ADMIN] [2/23/2017 14:39] [] CHECK STOCK QTY IS ENOUGH [112, 0]
[ADMIN] [2/23/2017 14:39] [PENJUALAN] CASHIER FORM : CALCULATE SUBTOTAL
[ADMIN] [2/23/2017 14:39] [PENJUALAN] CASHIER FORM : SUBTOTAL [0]
[ADMIN] [2/23/2017 14:39] [PENJUALAN] CASHIER FORM : TextBox_TextChanged, subtotal value [0]
[ADMIN] [2/23/2017 14:39] [PENJUALAN] CASHIER FORM : TextBox_TextChanged, attempt to calculate total value
[ADMIN] [2/23/2017 14:39] [PENJUALAN] CASHIER FORM : calculateTotal
[ADMIN] [2/23/2017 14:39] [PENJUALAN] CASHIER FORM : calculateTotal [0]
[ADMIN] [2/23/2017 14:39] [PENJUALAN] CASHIER FORM : calculateTotal, totalAfterDisc [0]
[ADMIN] [2/23/2017 14:39] [PENJUALAN] CASHIER FORM : calculateChangeValue, bayarTextBox.Text [0]
[ADMIN] [2/23/2017 14:39] [PENJUALAN] CASHIER FORM : calculateChangeValue, sisaBayar [0]
[ADMIN] [2/23/2017 14:39] [PENJUALAN] CASHIER FORM : cashierDataGridView_CellValueChanged [jumlah]
[ADMIN] [2/23/2017 14:39] [PENJUALAN] CASHIER FORM : ComboBox_SelectedIndexChanged, attempt to calculate total
[ADMIN] [2/23/2017 14:39] [PENJUALAN] CASHIER FORM : calculateTotal
[ADMIN] [2/23/2017 14:39] [PENJUALAN] CASHIER FORM : calculateTotal [0]
[ADMIN] [2/23/2017 14:39] [PENJUALAN] CASHIER FORM : calculateTotal, totalAfterDisc [0]
[ADMIN] [2/23/2017 14:39] [PENJUALAN] CASHIER FORM : calculateChangeValue, bayarTextBox.Text [0]
[ADMIN] [2/23/2017 14:39] [PENJUALAN] CASHIER FORM : calculateChangeValue, sisaBayar [0]
[ADMIN] [2/23/2017 14:39] [] CHECK STOCK QTY IS ENOUGH [5]
[ADMIN] [2/23/2017 14:39] [] CHECK STOCK QTY IS ENOUGH [112, 1]
[ADMIN] [2/23/2017 14:39] [PENJUALAN] CASHIER FORM : cashierDataGridView_CellValueChanged [qty]
[ADMIN] [2/23/2017 14:39] [PENJUALAN] CASHIER FORM : TextBox_TextChanged, previousInput []
[ADMIN] [2/23/2017 14:39] [PENJUALAN] CASHIER FORM : TextBox_TextChanged, dataGridViewTextBoxEditingControl.Text pass REGEX Checking
[ADMIN] [2/23/2017 14:39] [] CHECK STOCK QTY IS ENOUGH [5]
[ADMIN] [2/23/2017 14:39] [] CHECK STOCK QTY IS ENOUGH [112, 1]
[ADMIN] [2/23/2017 14:39] [PENJUALAN] CASHIER FORM : CALCULATE SUBTOTAL
[ADMIN] [2/23/2017 14:39] [PENJUALAN] CASHIER FORM : SUBTOTAL [10]
[ADMIN] [2/23/2017 14:39] [PENJUALAN] CASHIER FORM : TextBox_TextChanged, subtotal value [10]
[ADMIN] [2/23/2017 14:39] [PENJUALAN] CASHIER FORM : TextBox_TextChanged, attempt to calculate total value
[ADMIN] [2/23/2017 14:39] [PENJUALAN] CASHIER FORM : calculateTotal
[ADMIN] [2/23/2017 14:39] [PENJUALAN] CASHIER FORM : calculateTotal [10]
[ADMIN] [2/23/2017 14:39] [PENJUALAN] CASHIER FORM : calculateTotal, totalAfterDisc [10]
[ADMIN] [2/23/2017 14:39] [PENJUALAN] CASHIER FORM : calculateChangeValue, bayarTextBox.Text [0]
[ADMIN] [2/23/2017 14:39] [PENJUALAN] CASHIER FORM : calculateChangeValue, sisaBayar [0]
[ADMIN] [2/23/2017 14:39] [PENJUALAN] CASHIER FORM : SET QTY TO 1 BECAUSE OF NEW ROW
[ADMIN] [2/23/2017 14:39] [PENJUALAN] CASHIER FORM : CALCULATE SUBTOTAL
[ADMIN] [2/23/2017 14:39] [PENJUALAN] CASHIER FORM : SUBTOTAL [10]
[ADMIN] [2/23/2017 14:39] [PENJUALAN] CASHIER FORM : calculateTotal
[ADMIN] [2/23/2017 14:39] [PENJUALAN] CASHIER FORM : calculateTotal [10]
[ADMIN] [2/23/2017 14:39] [PENJUALAN] CASHIER FORM : calculateTotal, totalAfterDisc [10]
[ADMIN] [2/23/2017 14:39] [PENJUALAN] CASHIER FORM : calculateChangeValue, bayarTextBox.Text [0]
[ADMIN] [2/23/2017 14:39] [PENJUALAN] CASHIER FORM : calculateChangeValue, sisaBayar [0]
[ADMIN] [2/23/2017 14:39] [PENJUALAN] CASHIER FORM : REGISTER HOTKEY
[ADMIN] [2/23/2017 14:39] [PENJUALAN] CASHIER FORM : cashierDataGridView_CellValueChanged [qty]
[ADMIN] [2/23/2017 14:39] [PENJUALAN] CASHIER FORM : TextBox_TextChanged, previousInput []
[ADMIN] [2/23/2017 14:39] [PENJUALAN] CASHIER FORM : TextBox_TextChanged, dataGridViewTextBoxEditingControl.Text pass REGEX Checking
[ADMIN] [2/23/2017 14:39] [] CHECK STOCK QTY IS ENOUGH [5]
[ADMIN] [2/23/2017 14:39] [] CHECK STOCK QTY IS ENOUGH [112, 2]
[ADMIN] [2/23/2017 14:39] [PENJUALAN] CASHIER FORM : CALCULATE SUBTOTAL
[ADMIN] [2/23/2017 14:39] [PENJUALAN] CASHIER FORM : SUBTOTAL [20]
[ADMIN] [2/23/2017 14:39] [PENJUALAN] CASHIER FORM : TextBox_TextChanged, subtotal value [20]
[ADMIN] [2/23/2017 14:39] [PENJUALAN] CASHIER FORM : TextBox_TextChanged, attempt to calculate total value
[ADMIN] [2/23/2017 14:39] [PENJUALAN] CASHIER FORM : calculateTotal
[ADMIN] [2/23/2017 14:39] [PENJUALAN] CASHIER FORM : calculateTotal [20]
[ADMIN] [2/23/2017 14:39] [PENJUALAN] CASHIER FORM : calculateTotal, totalAfterDisc [20]
[ADMIN] [2/23/2017 14:39] [PENJUALAN] CASHIER FORM : calculateChangeValue, bayarTextBox.Text [0]
[ADMIN] [2/23/2017 14:39] [PENJUALAN] CASHIER FORM : calculateChangeValue, sisaBayar [0]
[ADMIN] [2/23/2017 14:39] [PENJUALAN] CASHIER FORM : cashierDataGridView_CellValueChanged [qty]
[ADMIN] [2/23/2017 14:39] [PENJUALAN] CASHIER FORM : TextBox_TextChanged, previousInput []
[ADMIN] [2/23/2017 14:39] [PENJUALAN] CASHIER FORM : TextBox_TextChanged, dataGridViewTextBoxEditingControl.Text pass REGEX Checking
[ADMIN] [2/23/2017 14:39] [] CHECK STOCK QTY IS ENOUGH [5]
[ADMIN] [2/23/2017 14:39] [] CHECK STOCK QTY IS ENOUGH [112, 20]
[ADMIN] [2/23/2017 14:39] [PENJUALAN] CASHIER FORM : CALCULATE SUBTOTAL
[ADMIN] [2/23/2017 14:39] [PENJUALAN] CASHIER FORM : SUBTOTAL [200]
[ADMIN] [2/23/2017 14:39] [PENJUALAN] CASHIER FORM : TextBox_TextChanged, subtotal value [200]
[ADMIN] [2/23/2017 14:39] [PENJUALAN] CASHIER FORM : TextBox_TextChanged, attempt to calculate total value
[ADMIN] [2/23/2017 14:39] [PENJUALAN] CASHIER FORM : calculateTotal
[ADMIN] [2/23/2017 14:39] [PENJUALAN] CASHIER FORM : calculateTotal [200]
[ADMIN] [2/23/2017 14:39] [PENJUALAN] CASHIER FORM : calculateTotal, totalAfterDisc [200]
[ADMIN] [2/23/2017 14:39] [PENJUALAN] CASHIER FORM : calculateChangeValue, bayarTextBox.Text [0]
[ADMIN] [2/23/2017 14:39] [PENJUALAN] CASHIER FORM : calculateChangeValue, sisaBayar [0]
[ADMIN] [2/23/2017 14:39] [PENJUALAN] CASHIER FORM : cashierDataGridView_CellValueChanged [disc1]
[ADMIN] [2/23/2017 14:39] [PENJUALAN] CASHIER FORM : TextBox_TextChanged, previousInput []
[ADMIN] [2/23/2017 14:39] [PENJUALAN] CASHIER FORM : TextBox_TextChanged, dataGridViewTextBoxEditingControl.Text pass REGEX Checking
[ADMIN] [2/23/2017 14:39] [PENJUALAN] CASHIER FORM : CALCULATE SUBTOTAL
[ADMIN] [2/23/2017 14:39] [PENJUALAN] CASHIER FORM : SUBTOTAL [198]
[ADMIN] [2/23/2017 14:39] [PENJUALAN] CASHIER FORM : TextBox_TextChanged, subtotal value [198]
[ADMIN] [2/23/2017 14:39] [PENJUALAN] CASHIER FORM : TextBox_TextChanged, attempt to calculate total value
[ADMIN] [2/23/2017 14:39] [PENJUALAN] CASHIER FORM : calculateTotal
[ADMIN] [2/23/2017 14:39] [PENJUALAN] CASHIER FORM : calculateTotal [198]
[ADMIN] [2/23/2017 14:39] [PENJUALAN] CASHIER FORM : calculateTotal, totalAfterDisc [198]
[ADMIN] [2/23/2017 14:39] [PENJUALAN] CASHIER FORM : calculateChangeValue, bayarTextBox.Text [0]
[ADMIN] [2/23/2017 14:39] [PENJUALAN] CASHIER FORM : calculateChangeValue, sisaBayar [0]
[ADMIN] [2/23/2017 14:39] [PENJUALAN] CASHIER FORM : cashierDataGridView_CellValueChanged [disc1]
[ADMIN] [2/23/2017 14:39] [PENJUALAN] CASHIER FORM : TextBox_TextChanged, previousInput []
[ADMIN] [2/23/2017 14:39] [PENJUALAN] CASHIER FORM : TextBox_TextChanged, dataGridViewTextBoxEditingControl.Text pass REGEX Checking
[ADMIN] [2/23/2017 14:39] [PENJUALAN] CASHIER FORM : CALCULATE SUBTOTAL
[ADMIN] [2/23/2017 14:39] [PENJUALAN] CASHIER FORM : SUBTOTAL [180]
[ADMIN] [2/23/2017 14:39] [PENJUALAN] CASHIER FORM : TextBox_TextChanged, subtotal value [180]
[ADMIN] [2/23/2017 14:39] [PENJUALAN] CASHIER FORM : TextBox_TextChanged, attempt to calculate total value
[ADMIN] [2/23/2017 14:39] [PENJUALAN] CASHIER FORM : calculateTotal
[ADMIN] [2/23/2017 14:39] [PENJUALAN] CASHIER FORM : calculateTotal [180]
[ADMIN] [2/23/2017 14:39] [PENJUALAN] CASHIER FORM : calculateTotal, totalAfterDisc [180]
[ADMIN] [2/23/2017 14:39] [PENJUALAN] CASHIER FORM : calculateChangeValue, bayarTextBox.Text [0]
[ADMIN] [2/23/2017 14:39] [PENJUALAN] CASHIER FORM : calculateChangeValue, sisaBayar [0]
[ADMIN] [2/23/2017 14:39] [PENJUALAN] CASHIER FORM : cashierDataGridView_CellValueChanged [disc1]
[ADMIN] [2/23/2017 14:39] [PENJUALAN] CASHIER FORM : TextBox_TextChanged, previousInput []
[ADMIN] [2/23/2017 14:39] [PENJUALAN] CASHIER FORM : TextBox_TextChanged, dataGridViewTextBoxEditingControl.Text pass REGEX Checking
[ADMIN] [2/23/2017 14:39] [PENJUALAN] CASHIER FORM : CALCULATE SUBTOTAL
[ADMIN] [2/23/2017 14:39] [PENJUALAN] CASHIER FORM : SUBTOTAL [0]
[ADMIN] [2/23/2017 14:39] [PENJUALAN] CASHIER FORM : TextBox_TextChanged, subtotal value [0]
[ADMIN] [2/23/2017 14:39] [PENJUALAN] CASHIER FORM : TextBox_TextChanged, attempt to calculate total value
[ADMIN] [2/23/2017 14:39] [PENJUALAN] CASHIER FORM : calculateTotal
[ADMIN] [2/23/2017 14:39] [PENJUALAN] CASHIER FORM : calculateTotal [0]
[ADMIN] [2/23/2017 14:39] [PENJUALAN] CASHIER FORM : calculateTotal, totalAfterDisc [0]
[ADMIN] [2/23/2017 14:39] [PENJUALAN] CASHIER FORM : calculateChangeValue, bayarTextBox.Text [0]
[ADMIN] [2/23/2017 14:39] [PENJUALAN] CASHIER FORM : calculateChangeValue, sisaBayar [0]
[ADMIN] [2/23/2017 14:39] [PENJUALAN] CASHIER FORM : HOTKEY TO SAVE AND PRINT OUT INVOICE PRESSED
[ADMIN] [2/23/2017 14:39] [PENJUALAN] CASHIER FORM : discJualMaskedTextBox_Validating, totalAfterDisc [0]
[ADMIN] [2/23/2017 14:39] [PENJUALAN] CASHIER FORM : calculateChangeValue, bayarTextBox.Text [0]
[ADMIN] [2/23/2017 14:39] [PENJUALAN] CASHIER FORM : calculateChangeValue, sisaBayar [0]
[ADMIN] [2/23/2017 14:39] [PENJUALAN] CASHIER FORM : UNREGISTER HOTKEY
[ADMIN] [2/23/2017 14:39] [PENJUALAN] CASHIER FORM : REGISTER HOTKEY
[ADMIN] [2/23/2017 14:39] [PENJUALAN] CASHIER FORM : UNREGISTER HOTKEY
[ADMIN] [2/23/2017 14:39] [PENJUALAN] CASHIER FORM : REGISTER HOTKEY
[ADMIN] [2/23/2017 14:39] [PENJUALAN] ATTEMPT TO SAVE AND PRINT OUT INVOICE
[ADMIN] [2/23/2017 14:40] [PENJUALAN] CASHIER FORM : cashierDataGridView_CellValueChanged [disc1]
[ADMIN] [2/23/2017 14:40] [PENJUALAN] CASHIER FORM : TextBox_TextChanged, previousInput []
[ADMIN] [2/23/2017 14:40] [PENJUALAN] CASHIER FORM : TextBox_TextChanged, dataGridViewTextBoxEditingControl.Text pass REGEX Checking
[ADMIN] [2/23/2017 14:40] [PENJUALAN] CASHIER FORM : CALCULATE SUBTOTAL
[ADMIN] [2/23/2017 14:40] [PENJUALAN] CASHIER FORM : SUBTOTAL [-1800]
[ADMIN] [2/23/2017 14:40] [PENJUALAN] CASHIER FORM : TextBox_TextChanged, subtotal value [-1800]
[ADMIN] [2/23/2017 14:40] [PENJUALAN] CASHIER FORM : TextBox_TextChanged, attempt to calculate total value
[ADMIN] [2/23/2017 14:40] [PENJUALAN] CASHIER FORM : calculateTotal
[ADMIN] [2/23/2017 14:40] [PENJUALAN] CASHIER FORM : calculateTotal [-1800]
[ADMIN] [2/23/2017 14:40] [PENJUALAN] CASHIER FORM : calculateTotal, totalAfterDisc [-1800]
[ADMIN] [2/23/2017 14:40] [PENJUALAN] CASHIER FORM : calculateChangeValue, bayarTextBox.Text [0]
[ADMIN] [2/23/2017 14:40] [PENJUALAN] CASHIER FORM : calculateChangeValue, sisaBayar [1800]
[ADMIN] [2/23/2017 14:40] [PENJUALAN] CASHIER FORM : cashierDataGridView_CellValueChanged [disc1]
[ADMIN] [2/23/2017 14:40] [PENJUALAN] CASHIER FORM : TextBox_TextChanged, previousInput []
[ADMIN] [2/23/2017 14:40] [PENJUALAN] CASHIER FORM : TextBox_TextChanged, dataGridViewTextBoxEditingControl.Text pass REGEX Checking
[ADMIN] [2/23/2017 14:40] [PENJUALAN] CASHIER FORM : CALCULATE SUBTOTAL
[ADMIN] [2/23/2017 14:40] [PENJUALAN] CASHIER FORM : SUBTOTAL [0]
[ADMIN] [2/23/2017 14:40] [PENJUALAN] CASHIER FORM : TextBox_TextChanged, subtotal value [0]
[ADMIN] [2/23/2017 14:40] [PENJUALAN] CASHIER FORM : TextBox_TextChanged, attempt to calculate total value
[ADMIN] [2/23/2017 14:40] [PENJUALAN] CASHIER FORM : calculateTotal
[ADMIN] [2/23/2017 14:40] [PENJUALAN] CASHIER FORM : calculateTotal [0]
[ADMIN] [2/23/2017 14:40] [PENJUALAN] CASHIER FORM : calculateTotal, totalAfterDisc [0]
[ADMIN] [2/23/2017 14:40] [PENJUALAN] CASHIER FORM : calculateChangeValue, bayarTextBox.Text [0]
[ADMIN] [2/23/2017 14:40] [PENJUALAN] CASHIER FORM : calculateChangeValue, sisaBayar [0]
[ADMIN] [2/23/2017 14:40] [PENJUALAN] CASHIER FORM : cashierDataGridView_CellValueChanged [disc1]
[ADMIN] [2/23/2017 14:40] [PENJUALAN] CASHIER FORM : TextBox_TextChanged, previousInput []
[ADMIN] [2/23/2017 14:40] [PENJUALAN] CASHIER FORM : TextBox_TextChanged, dataGridViewTextBoxEditingControl.Text pass REGEX Checking
[ADMIN] [2/23/2017 14:40] [PENJUALAN] CASHIER FORM : CALCULATE SUBTOTAL
[ADMIN] [2/23/2017 14:40] [PENJUALAN] CASHIER FORM : SUBTOTAL [180]
[ADMIN] [2/23/2017 14:40] [PENJUALAN] CASHIER FORM : TextBox_TextChanged, subtotal value [180]
[ADMIN] [2/23/2017 14:40] [PENJUALAN] CASHIER FORM : TextBox_TextChanged, attempt to calculate total value
[ADMIN] [2/23/2017 14:40] [PENJUALAN] CASHIER FORM : calculateTotal
[ADMIN] [2/23/2017 14:40] [PENJUALAN] CASHIER FORM : calculateTotal [180]
[ADMIN] [2/23/2017 14:40] [PENJUALAN] CASHIER FORM : calculateTotal, totalAfterDisc [180]
[ADMIN] [2/23/2017 14:40] [PENJUALAN] CASHIER FORM : calculateChangeValue, bayarTextBox.Text [0]
[ADMIN] [2/23/2017 14:40] [PENJUALAN] CASHIER FORM : calculateChangeValue, sisaBayar [0]
[ADMIN] [2/23/2017 14:40] [PENJUALAN] CASHIER FORM : cashierDataGridView_CellValueChanged [disc1]
[ADMIN] [2/23/2017 14:40] [PENJUALAN] CASHIER FORM : TextBox_TextChanged, previousInput []
[ADMIN] [2/23/2017 14:40] [PENJUALAN] CASHIER FORM : TextBox_TextChanged, dataGridViewTextBoxEditingControl.Text pass REGEX Checking
[ADMIN] [2/23/2017 14:40] [PENJUALAN] CASHIER FORM : CALCULATE SUBTOTAL
[ADMIN] [2/23/2017 14:40] [PENJUALAN] CASHIER FORM : SUBTOTAL [198]
[ADMIN] [2/23/2017 14:40] [PENJUALAN] CASHIER FORM : TextBox_TextChanged, subtotal value [198]
[ADMIN] [2/23/2017 14:40] [PENJUALAN] CASHIER FORM : TextBox_TextChanged, attempt to calculate total value
[ADMIN] [2/23/2017 14:40] [PENJUALAN] CASHIER FORM : calculateTotal
[ADMIN] [2/23/2017 14:40] [PENJUALAN] CASHIER FORM : calculateTotal [198]
[ADMIN] [2/23/2017 14:40] [PENJUALAN] CASHIER FORM : calculateTotal, totalAfterDisc [198]
[ADMIN] [2/23/2017 14:40] [PENJUALAN] CASHIER FORM : calculateChangeValue, bayarTextBox.Text [0]
[ADMIN] [2/23/2017 14:40] [PENJUALAN] CASHIER FORM : calculateChangeValue, sisaBayar [0]
[ADMIN] [2/23/2017 14:40] [PENJUALAN] CASHIER FORM : cashierDataGridView_CellValueChanged [disc1]
[ADMIN] [2/23/2017 14:40] [PENJUALAN] CASHIER FORM : cashierDataGridView_CellValueChanged , empty texbox, reset [disc1] value to 0
[ADMIN] [2/23/2017 14:40] [PENJUALAN] CASHIER FORM : CALCULATE SUBTOTAL
[ADMIN] [2/23/2017 14:40] [PENJUALAN] CASHIER FORM : SUBTOTAL [200]
[ADMIN] [2/23/2017 14:40] [PENJUALAN] CASHIER FORM : TextBox_TextChanged, subtotal value [200]
[ADMIN] [2/23/2017 14:40] [PENJUALAN] CASHIER FORM : TextBox_TextChanged, recalculate total value
[ADMIN] [2/23/2017 14:40] [PENJUALAN] CASHIER FORM : calculateTotal
[ADMIN] [2/23/2017 14:40] [PENJUALAN] CASHIER FORM : calculateTotal [200]
[ADMIN] [2/23/2017 14:40] [PENJUALAN] CASHIER FORM : calculateTotal, totalAfterDisc [200]
[ADMIN] [2/23/2017 14:40] [PENJUALAN] CASHIER FORM : calculateChangeValue, bayarTextBox.Text [0]
[ADMIN] [2/23/2017 14:40] [PENJUALAN] CASHIER FORM : calculateChangeValue, sisaBayar [0]
[ADMIN] [2/23/2017 14:40] [PENJUALAN] CASHIER FORM : cashierDataGridView_CellValueChanged [disc1]
[ADMIN] [2/23/2017 14:40] [PENJUALAN] CASHIER FORM : TextBox_TextChanged, previousInput []
[ADMIN] [2/23/2017 14:40] [PENJUALAN] CASHIER FORM : TextBox_TextChanged, dataGridViewTextBoxEditingControl.Text pass REGEX Checking
[ADMIN] [2/23/2017 14:40] [PENJUALAN] CASHIER FORM : CALCULATE SUBTOTAL
[ADMIN] [2/23/2017 14:40] [PENJUALAN] CASHIER FORM : SUBTOTAL [198]
[ADMIN] [2/23/2017 14:40] [PENJUALAN] CASHIER FORM : TextBox_TextChanged, subtotal value [198]
[ADMIN] [2/23/2017 14:40] [PENJUALAN] CASHIER FORM : TextBox_TextChanged, attempt to calculate total value
[ADMIN] [2/23/2017 14:40] [PENJUALAN] CASHIER FORM : calculateTotal
[ADMIN] [2/23/2017 14:40] [PENJUALAN] CASHIER FORM : calculateTotal [198]
[ADMIN] [2/23/2017 14:40] [PENJUALAN] CASHIER FORM : calculateTotal, totalAfterDisc [198]
[ADMIN] [2/23/2017 14:40] [PENJUALAN] CASHIER FORM : calculateChangeValue, bayarTextBox.Text [0]
[ADMIN] [2/23/2017 14:40] [PENJUALAN] CASHIER FORM : calculateChangeValue, sisaBayar [0]
[ADMIN] [2/23/2017 14:40] [PENJUALAN] CASHIER FORM : cashierDataGridView_CellValueChanged [disc1]
[ADMIN] [2/23/2017 14:40] [PENJUALAN] CASHIER FORM : TextBox_TextChanged, previousInput []
[ADMIN] [2/23/2017 14:40] [PENJUALAN] CASHIER FORM : TextBox_TextChanged, dataGridViewTextBoxEditingControl.Text pass REGEX Checking
[ADMIN] [2/23/2017 14:40] [PENJUALAN] CASHIER FORM : CALCULATE SUBTOTAL
[ADMIN] [2/23/2017 14:40] [PENJUALAN] CASHIER FORM : SUBTOTAL [180]
[ADMIN] [2/23/2017 14:40] [PENJUALAN] CASHIER FORM : TextBox_TextChanged, subtotal value [180]
[ADMIN] [2/23/2017 14:40] [PENJUALAN] CASHIER FORM : TextBox_TextChanged, attempt to calculate total value
[ADMIN] [2/23/2017 14:40] [PENJUALAN] CASHIER FORM : calculateTotal
[ADMIN] [2/23/2017 14:40] [PENJUALAN] CASHIER FORM : calculateTotal [180]
[ADMIN] [2/23/2017 14:40] [PENJUALAN] CASHIER FORM : calculateTotal, totalAfterDisc [180]
[ADMIN] [2/23/2017 14:40] [PENJUALAN] CASHIER FORM : calculateChangeValue, bayarTextBox.Text [0]
[ADMIN] [2/23/2017 14:40] [PENJUALAN] CASHIER FORM : calculateChangeValue, sisaBayar [0]
[ADMIN] [2/23/2017 14:40] [PENJUALAN] CASHIER FORM : HOTKEY TO SAVE AND PRINT OUT INVOICE PRESSED
[ADMIN] [2/23/2017 14:40] [PENJUALAN] CASHIER FORM : UNREGISTER HOTKEY
[ADMIN] [2/23/2017 14:40] [PENJUALAN] CASHIER FORM : REGISTER HOTKEY
[ADMIN] [2/23/2017 14:40] [PENJUALAN] ATTEMPT TO SAVE AND PRINT OUT INVOICE
[ADMIN] [2/23/2017 14:40] [] CHECK STOCK QTY IS ENOUGH [5]
[ADMIN] [2/23/2017 14:40] [] CHECK STOCK QTY IS ENOUGH [112, 20]
[ADMIN] [2/23/2017 14:40] [PENJUALAN] CASHIER FORM : UNREGISTER HOTKEY
[ADMIN] [2/23/2017 14:40] [PENJUALAN] CASHIER FORM : REGISTER HOTKEY
[ADMIN] [2/23/2017 14:41] [PENJUALAN] CASHIER FORM : calculateChangeValue, bayarTextBox.Text [1]
[ADMIN] [2/23/2017 14:41] [PENJUALAN] CASHIER FORM : calculateChangeValue, sisaBayar [0]
[ADMIN] [2/23/2017 14:41] [PENJUALAN] CASHIER FORM : calculateChangeValue, bayarTextBox.Text [18]
[ADMIN] [2/23/2017 14:41] [PENJUALAN] CASHIER FORM : calculateChangeValue, sisaBayar [0]
[ADMIN] [2/23/2017 14:41] [PENJUALAN] CASHIER FORM : calculateChangeValue, bayarTextBox.Text [180]
[ADMIN] [2/23/2017 14:41] [PENJUALAN] CASHIER FORM : calculateChangeValue, sisaBayar [0]
[ADMIN] [2/23/2017 14:41] [PENJUALAN] CASHIER FORM : calculateChangeValue, bayarTextBox.Text [18]
[ADMIN] [2/23/2017 14:41] [PENJUALAN] CASHIER FORM : calculateChangeValue, sisaBayar [0]
[ADMIN] [2/23/2017 14:41] [PENJUALAN] CASHIER FORM : calculateChangeValue, bayarTextBox.Text [1]
[ADMIN] [2/23/2017 14:41] [PENJUALAN] CASHIER FORM : calculateChangeValue, sisaBayar [0]
[ADMIN] [2/23/2017 14:41] [PENJUALAN] CASHIER FORM : calculateChangeValue, bayarTextBox.Text [2]
[ADMIN] [2/23/2017 14:41] [PENJUALAN] CASHIER FORM : calculateChangeValue, sisaBayar [0]
[ADMIN] [2/23/2017 14:41] [PENJUALAN] CASHIER FORM : calculateChangeValue, bayarTextBox.Text [20]
[ADMIN] [2/23/2017 14:41] [PENJUALAN] CASHIER FORM : calculateChangeValue, sisaBayar [0]
[ADMIN] [2/23/2017 14:41] [PENJUALAN] CASHIER FORM : calculateChangeValue, bayarTextBox.Text [200]
[ADMIN] [2/23/2017 14:41] [PENJUALAN] CASHIER FORM : calculateChangeValue, sisaBayar [20]
[ADMIN] [2/23/2017 14:41] [PENJUALAN] CASHIER FORM : HOTKEY TO SAVE AND PRINT OUT INVOICE PRESSED
[ADMIN] [2/23/2017 14:41] [PENJUALAN] CASHIER FORM : UNREGISTER HOTKEY
[ADMIN] [2/23/2017 14:41] [PENJUALAN] CASHIER FORM : REGISTER HOTKEY
[ADMIN] [2/23/2017 14:41] [PENJUALAN] ATTEMPT TO SAVE AND PRINT OUT INVOICE
[ADMIN] [2/23/2017 14:41] [] CHECK STOCK QTY IS ENOUGH [5]
[ADMIN] [2/23/2017 14:41] [] CHECK STOCK QTY IS ENOUGH [112, 20]
[ADMIN] [2/23/2017 14:41] [PENJUALAN] CASHIER FORM : UNREGISTER HOTKEY
[ADMIN] [2/23/2017 14:41] [PENJUALAN] CASHIER FORM : REGISTER HOTKEY
[ADMIN] [2/23/2017 14:41] [PENJUALAN] CASHIER FORM : UNREGISTER HOTKEY
[ADMIN] [2/23/2017 14:41] [PENJUALAN] CASHIER FORM : ATTEMPT TO SAVE SALES DATA [23-02-2017 14:41]
[ADMIN] [2/23/2017 14:41] [PENJUALAN] CASHIER FORM : SALES DISC FINAL [0]
[ADMIN] [2/23/2017 14:41] [PENJUALAN] CASHIER FORM : CASH SALES
[ADMIN] [2/23/2017 14:41] [PENJUALAN] CHECK IF TAX LIMIT SET FOR PERCENTAGE PURCHASE [0]
[ADMIN] [2/23/2017 14:41] [PENJUALAN] CHECK IF TAX LIMIT SET FOR AVERAGE DAILY PURCHASE [0]
[ADMIN] [2/23/2017 14:41] [PENJUALAN] CASHIER FORM : NO FAKTUR [SLO001]
[ADMIN] [2/23/2017 14:41] [PENJUALAN] CASHIER FORM : MAX SALES INVOICE [15]
[ADMIN] [2/23/2017 14:41] [PENJUALAN] CASHIER FORM : SALES INVOICE [SLO001-16]
[ADMIN] [2/23/2017 14:41] [PENJUALAN] INSERT INTO SALES HEADER [SLO001-16]
[ADMIN] [2/23/2017 14:41] [PENJUALAN] INSERT INTO SALES DETAIL[5, 10, 20]
[ADMIN] [2/23/2017 14:41] [PENJUALAN] INSERT TO CREDIT TABLE [SLO001-16]
[ADMIN] [2/23/2017 14:41] [PENJUALAN] INSERT TO DAILY JOURNAL TABLE [180]
[ADMIN] [2/23/2017 14:41] [PENJUALAN] CASHIER FORM : REGISTER HOTKEY
[ADMIN] [2/23/2017 14:41] [PENJUALAN] TRANSACTION SAVED
[ADMIN] [2/23/2017 14:41] [PENJUALAN] PRINT OUT INVOICE
[ADMIN] [2/23/2017 14:41] [PENJUALAN] CASHIER FORM : PrintReceipt
[ADMIN] [2/23/2017 14:41] [PENJUALAN] CASHIER FORM : PrintReceipt, papermode [0]
[ADMIN] [2/23/2017 14:41] [PENJUALAN] CASHIER FORM : PrintReceipt, display SalesReceiptForm
[ADMIN] [2/23/2017 14:41] [PENJUALAN] CASHIER FORM : UNREGISTER HOTKEY
[ADMIN] [2/23/2017 14:42] [PENJUALAN] CASHIER FORM : REGISTER HOTKEY
[ADMIN] [2/23/2017 14:42] [PENJUALAN] VALIDATE USER CREDIT STATUS
[ADMIN] [2/23/2017 14:42] [PENJUALAN] CASHIER FORM : UNREGISTER HOTKEY
[ADMIN] [2/23/2017 14:42] [PENJUALAN] CASHIER FORM : REGISTER HOTKEY
[ADMIN] [2/23/2017 14:42] [PENJUALAN] CASHIER FORM : REGISTER HOTKEY
[ADMIN] [2/23/2017 14:42] [PENJUALAN] CASHIER FORM : loadNoFaktur, noFakturValue [SLO001]
[ADMIN] [2/23/2017 14:42] [PENJUALAN] CASHIER FORM : ADD NEW ROW,  isActive [True]
[ADMIN] [2/23/2017 14:42] [PENJUALAN] CASHIER FORM : ADD NEW ROW,  ROW COUNT [0]
[ADMIN] [2/23/2017 14:42] [PENJUALAN] CASHIER FORM : ADD NEW ROW,  ALLOW TO ADD [True]
[ADMIN] [2/23/2017 14:42] [PENJUALAN] CASHIER FORM : UNREGISTER HOTKEY
[ADMIN] [2/23/2017 14:42] [PENJUALAN] CASHIER FORM : REGISTER HOTKEY
[ADMIN] [2/23/2017 14:42] [PENJUALAN] CASHIER FORM : DISPLAY TEKNISI FORM
[ADMIN] [2/23/2017 14:42] [PENJUALAN] CASHIER FORM : UNREGISTER HOTKEY
[ADMIN] [2/23/2017 14:42] [PENJUALAN] CASHIER FORM : SELECTED TECHNICIAN ID [1]
[ADMIN] [2/23/2017 14:42] [PENJUALAN] CASHIER FORM : ATTEMPT TO SET CUSTOMER PROFILE
[ADMIN] [2/23/2017 14:42] [PENJUALAN] CASHIER FORM : FINISHED SET CUSTOMER PROFILE
[ADMIN] [2/23/2017 14:42] [PENJUALAN] CASHIER FORM : REGISTER HOTKEY
[ADMIN] [2/23/2017 14:42] [PENJUALAN] CASHIER FORM : HOTKEY TO SAVE AND PRINT OUT INVOICE PRESSED
[ADMIN] [2/23/2017 14:42] [PENJUALAN] CASHIER FORM : UNREGISTER HOTKEY
[ADMIN] [2/23/2017 14:42] [PENJUALAN] CASHIER FORM : REGISTER HOTKEY
[ADMIN] [2/23/2017 14:42] [PENJUALAN] ATTEMPT TO SAVE AND PRINT OUT INVOICE
[ADMIN] [2/23/2017 14:42] [PENJUALAN] CASHIER FORM : UNREGISTER HOTKEY
[ADMIN] [2/23/2017 14:42] [PENJUALAN] CASHIER FORM : ATTEMPT TO SAVE SALES DATA [23-02-2017 14:42]
[ADMIN] [2/23/2017 14:42] [PENJUALAN] CASHIER FORM : SALES DISC FINAL [0]
[ADMIN] [2/23/2017 14:42] [PENJUALAN] CASHIER FORM : CASH SALES
[ADMIN] [2/23/2017 14:42] [PENJUALAN] INSERT INTO SURAT TUGAS HEADER [SLO001-16]
[ADMIN] [2/23/2017 14:42] [PENJUALAN] INSERT INTO SURAT TUGAS DETAIL[5, 20]
[ADMIN] [2/23/2017 14:42] [PENJUALAN] CASHIER FORM : REGISTER HOTKEY
[ADMIN] [2/23/2017 14:42] [PENJUALAN] TRANSACTION SAVED
[ADMIN] [2/23/2017 14:42] [PENJUALAN] PRINT OUT INVOICE
[ADMIN] [2/23/2017 14:42] [PENJUALAN] CASHIER FORM : PrintReceipt
[ADMIN] [2/23/2017 14:42] [PENJUALAN] CASHIER FORM : PrintReceipt, papermode [0]
[ADMIN] [2/23/2017 14:42] [PENJUALAN] CASHIER FORM : UNREGISTER HOTKEY
[ADMIN] [2/23/2017 14:42] [PENJUALAN] CASHIER FORM : REGISTER HOTKEY
[ADMIN] [2/23/2017 14:42] [PENJUALAN] VALIDATE USER CREDIT STATUS
[ADMIN] [2/23/2017 14:43] [PENJUALAN] CASHIER FORM : UNREGISTER HOTKEY
[ADMIN] [2/23/2017 14:43] [PENJUALAN] CASHIER FORM : REGISTER HOTKEY
[ADMIN] [2/23/2017 14:43] [PENJUALAN] CASHIER FORM : UNREGISTER HOTKEY
[ADMIN] [2/23/2017 14:43] [PENJUALAN] CASHIER FORM : UNREGISTER HOTKEY
[ADMIN] [2/23/2017 14:43] [PENJUALAN] CASHIER FORM : REGISTER HOTKEY
[ADMIN] [2/23/2017 14:43] [PENJUALAN] CASHIER FORM : UNREGISTER HOTKEY
[ADMIN] [2/23/2017 14:43] [PENJUALAN] CASHIER FORM : REGISTER HOTKEY
[ADMIN] [2/23/2017 14:43] [PENJUALAN] CASHIER FORM : UNREGISTER HOTKEY
[ADMIN] [2/23/2017 14:43] [PENJUALAN] CASHIER FORM : REGISTER HOTKEY
[ADMIN] [2/23/2017 14:43] [PENJUALAN] CASHIER FORM : REGISTER HOTKEY
[ADMIN] [2/23/2017 14:43] [PENJUALAN] CASHIER FORM : loadNoFaktur, noFakturValue [SLO001]
[ADMIN] [2/23/2017 14:43] [PENJUALAN] CASHIER FORM : ADD NEW ROW,  isActive [True]
[ADMIN] [2/23/2017 14:43] [PENJUALAN] CASHIER FORM : ADD NEW ROW,  ROW COUNT [0]
[ADMIN] [2/23/2017 14:43] [PENJUALAN] CASHIER FORM : ADD NEW ROW,  ALLOW TO ADD [True]
[ADMIN] [2/23/2017 14:43] [PENJUALAN] CASHIER FORM : UNREGISTER HOTKEY
[ADMIN] [2/23/2017 14:43] [PENJUALAN] CASHIER FORM : REGISTER HOTKEY
[ADMIN] [2/23/2017 14:43] [PENJUALAN] CASHIER FORM : UNREGISTER HOTKEY
[ADMIN] [2/23/2017 14:43] [PENJUALAN] CASHIER FORM : UNREGISTER HOTKEY
[ADMIN] [2/23/2017 14:43] [PENJUALAN] CASHIER FORM : REGISTER HOTKEY
[ADMIN] [2/23/2017 14:43] [PENJUALAN] CASHIER FORM : UNREGISTER HOTKEY
[ADMIN] [2/23/2017 14:43] [PENJUALAN] CASHIER FORM : REGISTER HOTKEY
[ADMIN] [2/23/2017 14:43] [PENJUALAN] CASHIER FORM : UNREGISTER HOTKEY
[ADMIN] [2/23/2017 14:43] [PENJUALAN] CASHIER FORM : UNREGISTER HOTKEY
[ADMIN] [2/23/2017 14:43] [PENJUALAN] DELIVERY ORDER : detailGridView_CellValueChanged [qty]
[ADMIN] [2/23/2017 14:43] [PENJUALAN] DELIVERY ORDER : TextBox_TextChanged, dataGridViewTextBoxEditingControl.Text pass REGEX Checking
[ADMIN] [2/23/2017 14:43] [] CHECK STOCK QTY IS ENOUGH [5]
[ADMIN] [2/23/2017 14:43] [] CHECK STOCK QTY IS ENOUGH [80, 1]
[ADMIN] [2/23/2017 14:43] [PENJUALAN] DELIVERY ORDER : detailGridView_CellValueChanged [qty]
[ADMIN] [2/23/2017 14:43] [PENJUALAN] DELIVERY ORDER : TextBox_TextChanged, dataGridViewTextBoxEditingControl.Text pass REGEX Checking
[ADMIN] [2/23/2017 14:43] [] CHECK STOCK QTY IS ENOUGH [5]
[ADMIN] [2/23/2017 14:43] [] CHECK STOCK QTY IS ENOUGH [80, 10]
[ADMIN] [2/23/2017 14:43] [PENJUALAN] DELIVERY ORDER : TextBox_TextChanged, dataGridViewTextBoxEditingControl.Text pass REGEX Checking
[ADMIN] [2/23/2017 14:43] [] CHECK STOCK QTY IS ENOUGH [5]
[ADMIN] [2/23/2017 14:43] [] CHECK STOCK QTY IS ENOUGH [80, 10]
[ADMIN] [2/23/2017 14:44] [PENJUALAN] DELIVERY ORDER : TextBox_TextChanged, dataGridViewTextBoxEditingControl.Text pass REGEX Checking
[ADMIN] [2/23/2017 14:44] [] CHECK STOCK QTY IS ENOUGH [5]
[ADMIN] [2/23/2017 14:44] [] CHECK STOCK QTY IS ENOUGH [80, 10]
