[] [2/18/2017 12:18] [] USER = ADMIN IS ACTIVE
[ADMIN] [2/18/2017 12:18] [] USER ID = 1 LOGIN SUCCESSFULLY
[ADMIN] [2/18/2017 12:18] [] ACTIVATE USER ACCESS RIGHT
[ADMIN] [2/18/2017 12:18] [] DISPLAY ADMIN FORM
[ADMIN] [2/18/2017 12:18] [] adminForm Load
[] [2/18/2017 12:19] [] USER = ADMIN IS ACTIVE
[ADMIN] [2/18/2017 12:19] [] USER ID = 1 LOGIN SUCCESSFULLY
[ADMIN] [2/18/2017 12:19] [] ACTIVATE USER ACCESS RIGHT
[ADMIN] [2/18/2017 12:19] [] DISPLAY ADMIN FORM
[ADMIN] [2/18/2017 12:19] [] adminForm Load
[ADMIN] [2/18/2017 12:20] [PENERIMAAN BARANG] PENERIMAAN BARANG : detailGridView_CellValueChanged [productName]
[ADMIN] [2/18/2017 12:20] [PENERIMAAN BARANG] PENERIMAAN BARANG : detailGridView_CellValueChanged [productID]
[ADMIN] [2/18/2017 12:20] [PENERIMAAN BARANG] PENERIMAAN BARANG : detailGridView_CellValueChanged [productName]
[ADMIN] [2/18/2017 12:20] [PENJUALAN] CASHIER FORM : ComboBox_SelectedIndexChanged, PRODUCT_BASE_PRICE [10]
[ADMIN] [2/18/2017 12:20] [PENJUALAN] CASHIER FORM : ComboBox_SelectedIndexChanged, attempt to calculate total
[ADMIN] [2/18/2017 12:20] [PENERIMAAN BARANG] PENERIMAAN BARANG : detailGridView_CellValueChanged [qtyReceived]
[ADMIN] [2/18/2017 12:20] [PENERIMAAN BARANG] PENERIMAAN BARANG : detailGridView_CellValueChanged [subtotal]
[ADMIN] [2/18/2017 12:20] [PENERIMAAN BARANG] PENERIMAAN BARANG : detailGridView_CellValueChanged [subtotal]
[] [2/18/2017 12:24] [] USER = ADMIN IS ACTIVE
[ADMIN] [2/18/2017 12:24] [] USER ID = 1 LOGIN SUCCESSFULLY
[ADMIN] [2/18/2017 12:24] [] ACTIVATE USER ACCESS RIGHT
[ADMIN] [2/18/2017 12:24] [] DISPLAY ADMIN FORM
[ADMIN] [2/18/2017 12:24] [] adminForm Load
[ADMIN] [2/18/2017 12:24] [] USER ID = 1LOGOUT
[] [2/18/2017 12:24] [] USER = ADMIN IS ACTIVE
[ADMIN] [2/18/2017 12:24] [] USER ID = 1 LOGIN SUCCESSFULLY
[ADMIN] [2/18/2017 12:24] [] ACTIVATE USER ACCESS RIGHT
[ADMIN] [2/18/2017 12:24] [] DISPLAY ADMIN FORM
[ADMIN] [2/18/2017 12:24] [] adminForm Load
[ADMIN] [2/18/2017 12:25] [PENERIMAAN BARANG] PENERIMAAN BARANG : detailGridView_CellValueChanged [productName]
[ADMIN] [2/18/2017 12:25] [PENERIMAAN BARANG] PENERIMAAN BARANG : detailGridView_CellValueChanged [productName]
[ADMIN] [2/18/2017 12:25] [PENERIMAAN BARANG] PENERIMAAN BARANG : detailGridView_CellValueChanged [productID]
[ADMIN] [2/18/2017 12:25] [PENERIMAAN BARANG] PENERIMAAN BARANG : detailGridView_CellValueChanged [productName]
[ADMIN] [2/18/2017 12:25] [PENJUALAN] CASHIER FORM : ComboBox_SelectedIndexChanged, PRODUCT_BASE_PRICE [10]
[ADMIN] [2/18/2017 12:25] [PENJUALAN] CASHIER FORM : ComboBox_SelectedIndexChanged, attempt to calculate total
[ADMIN] [2/18/2017 12:25] [PENERIMAAN BARANG] PENERIMAAN BARANG : detailGridView_CellValueChanged [qtyReceived]
[ADMIN] [2/18/2017 12:25] [PENERIMAAN BARANG] PENERIMAAN BARANG : detailGridView_CellValueChanged [subtotal]
[ADMIN] [2/18/2017 12:25] [PENERIMAAN BARANG] PENERIMAAN BARANG : detailGridView_CellValueChanged [subtotal]
[ADMIN] [2/18/2017 12:25] [PENERIMAAN BARANG] PENERIMAAN BARANG : detailGridView_CellValueChanged [qtyReceived]
[ADMIN] [2/18/2017 12:25] [PENERIMAAN BARANG] PENERIMAAN BARANG : detailGridView_CellValueChanged [subtotal]
[ADMIN] [2/18/2017 12:25] [PENERIMAAN BARANG] PENERIMAAN BARANG : detailGridView_CellValueChanged [qtyReceived]
[ADMIN] [2/18/2017 12:25] [PENERIMAAN BARANG] PENERIMAAN BARANG : detailGridView_CellValueChanged [subtotal]
[ADMIN] [2/18/2017 12:26] [PENERIMAAN BARANG] PENERIMAAN BARANG : detailGridView_CellValueChanged [productName]
[ADMIN] [2/18/2017 12:26] [PENERIMAAN BARANG] PENERIMAAN BARANG : detailGridView_CellValueChanged [productID]
[ADMIN] [2/18/2017 12:26] [PENERIMAAN BARANG] PENERIMAAN BARANG : detailGridView_CellValueChanged [productName]
[ADMIN] [2/18/2017 12:26] [PENJUALAN] CASHIER FORM : ComboBox_SelectedIndexChanged, PRODUCT_BASE_PRICE [10]
[ADMIN] [2/18/2017 12:26] [PENJUALAN] CASHIER FORM : ComboBox_SelectedIndexChanged, attempt to calculate total
[ADMIN] [2/18/2017 12:26] [PENERIMAAN BARANG] PENERIMAAN BARANG : detailGridView_CellValueChanged [qtyReceived]
[ADMIN] [2/18/2017 12:26] [PENERIMAAN BARANG] PENERIMAAN BARANG : detailGridView_CellValueChanged [subtotal]
[ADMIN] [2/18/2017 12:26] [PENERIMAAN BARANG] PENERIMAAN BARANG : detailGridView_CellValueChanged [subtotal]
[ADMIN] [2/18/2017 12:26] [PENERIMAAN BARANG] PENERIMAAN BARANG : detailGridView_CellValueChanged [qtyReceived]
[ADMIN] [2/18/2017 12:26] [PENERIMAAN BARANG] PENERIMAAN BARANG : detailGridView_CellValueChanged [subtotal]
[ADMIN] [2/18/2017 12:26] [PENERIMAAN BARANG] PENERIMAAN BARANG : detailGridView_CellValueChanged [qtyReceived]
[ADMIN] [2/18/2017 12:26] [PENERIMAAN BARANG] PENERIMAAN BARANG : detailGridView_CellValueChanged [subtotal]
[ADMIN] [2/18/2017 12:26] [PENERIMAAN BARANG] PENERIMAAN BARANG : detailGridView_CellValueChanged [productName]
[ADMIN] [2/18/2017 12:26] [PENERIMAAN BARANG] PENERIMAAN BARANG : detailGridView_CellValueChanged [productName]
[ADMIN] [2/18/2017 12:26] [PENERIMAAN BARANG] PENERIMAAN BARANG : detailGridView_CellValueChanged [productID]
[ADMIN] [2/18/2017 12:26] [PENERIMAAN BARANG] PENERIMAAN BARANG : detailGridView_CellValueChanged [productName]
[ADMIN] [2/18/2017 12:26] [PENJUALAN] CASHIER FORM : ComboBox_SelectedIndexChanged, PRODUCT_BASE_PRICE [10]
[ADMIN] [2/18/2017 12:26] [PENJUALAN] CASHIER FORM : ComboBox_SelectedIndexChanged, attempt to calculate total
[ADMIN] [2/18/2017 12:26] [PENERIMAAN BARANG] PENERIMAAN BARANG : detailGridView_CellValueChanged [qtyReceived]
[ADMIN] [2/18/2017 12:26] [PENERIMAAN BARANG] PENERIMAAN BARANG : detailGridView_CellValueChanged [subtotal]
[ADMIN] [2/18/2017 12:26] [PENERIMAAN BARANG] PENERIMAAN BARANG : detailGridView_CellValueChanged [subtotal]
[ADMIN] [2/18/2017 12:26] [PENERIMAAN BARANG] PENERIMAAN BARANG : detailGridView_CellValueChanged [qtyReceived]
[ADMIN] [2/18/2017 12:26] [PENERIMAAN BARANG] PENERIMAAN BARANG : detailGridView_CellValueChanged [subtotal]
[ADMIN] [2/18/2017 12:26] [PENERIMAAN BARANG] PENERIMAAN BARANG : detailGridView_CellValueChanged [qtyReceived]
[ADMIN] [2/18/2017 12:26] [PENERIMAAN BARANG] PENERIMAAN BARANG : detailGridView_CellValueChanged [subtotal]
[ADMIN] [2/18/2017 12:26] [PENERIMAAN BARANG] SAVE PENERIMAAN BARANG
[ADMIN] [2/18/2017 12:26] [PENERIMAAN BARANG] DIRECT PENERIMAAN BARANG, THEREFORE CALCULATE TAX LIMIT
[ADMIN] [2/18/2017 12:26] [PENERIMAAN BARANG] CHECK IF TAX LIMIT SET FOR PERCENTAGE PURCHASE [0]
[ADMIN] [2/18/2017 12:26] [PENERIMAAN BARANG] CHECK IF TAX LIMIT SET FOR AVERAGE DAILY PURCHASE [0]
[ADMIN] [2/18/2017 12:26] [PENERIMAAN BARANG] INSERT PENERIMAAN BARANG [PR-2]
[ADMIN] [2/18/2017 12:26] [PENERIMAAN BARANG] INSERT PO DATA BECAUSE OF DIRECT PENERIMAAN [PR-2]
[ADMIN] [2/18/2017 12:26] [PENERIMAAN BARANG] SAVE DETAIL PENERIMAAN [1, 10, 10]
[ADMIN] [2/18/2017 12:26] [PENERIMAAN BARANG] UPDATE PRODUCT LOCATION DATA [1'2]
[ADMIN] [2/18/2017 12:26] [PENERIMAAN BARANG] UPDATE MASTER PRODUCT DATA [1]
[ADMIN] [2/18/2017 12:26] [PENERIMAAN BARANG] INSERT TO PURCHASE DETAIL [1]
[ADMIN] [2/18/2017 12:26] [PENERIMAAN BARANG] SAVE DETAIL PENERIMAAN [5, 10, 10]
[ADMIN] [2/18/2017 12:26] [PENERIMAAN BARANG] UPDATE PRODUCT LOCATION DATA [5'2]
[ADMIN] [2/18/2017 12:26] [PENERIMAAN BARANG] UPDATE MASTER PRODUCT DATA [5]
[ADMIN] [2/18/2017 12:26] [PENERIMAAN BARANG] INSERT TO PURCHASE DETAIL [5]
[ADMIN] [2/18/2017 12:26] [PENERIMAAN BARANG] INSERT INTO DEBT [PR-2]
[ADMIN] [2/18/2017 12:26] [PENERIMAAN BARANG] PENERIMAAN BARANG SAVED
[ADMIN] [2/18/2017 12:28] [PENERIMAAN BARANG] PENERIMAAN BARANG : detailGridView_CellValueChanged [productName]
[ADMIN] [2/18/2017 12:28] [PENERIMAAN BARANG] PENERIMAAN BARANG : detailGridView_CellValueChanged [productName]
[ADMIN] [2/18/2017 12:28] [PENERIMAAN BARANG] PENERIMAAN BARANG : detailGridView_CellValueChanged [productName]
[ADMIN] [2/18/2017 12:28] [PENERIMAAN BARANG] PENERIMAAN BARANG : detailGridView_CellValueChanged [productID]
[ADMIN] [2/18/2017 12:28] [PENERIMAAN BARANG] PENERIMAAN BARANG : detailGridView_CellValueChanged [productName]
[ADMIN] [2/18/2017 12:28] [PENJUALAN] CASHIER FORM : ComboBox_SelectedIndexChanged, PRODUCT_BASE_PRICE [10]
[ADMIN] [2/18/2017 12:28] [PENJUALAN] CASHIER FORM : ComboBox_SelectedIndexChanged, attempt to calculate total
[ADMIN] [2/18/2017 12:28] [PENERIMAAN BARANG] PENERIMAAN BARANG : detailGridView_CellValueChanged [qtyReceived]
[ADMIN] [2/18/2017 12:28] [PENERIMAAN BARANG] PENERIMAAN BARANG : detailGridView_CellValueChanged [subtotal]
[ADMIN] [2/18/2017 12:28] [PENERIMAAN BARANG] PENERIMAAN BARANG : detailGridView_CellValueChanged [subtotal]
[ADMIN] [2/18/2017 12:28] [PENERIMAAN BARANG] PENERIMAAN BARANG : detailGridView_CellValueChanged [qtyReceived]
[ADMIN] [2/18/2017 12:28] [PENERIMAAN BARANG] PENERIMAAN BARANG : detailGridView_CellValueChanged [subtotal]
[ADMIN] [2/18/2017 12:28] [PENERIMAAN BARANG] PENERIMAAN BARANG : detailGridView_CellValueChanged [qtyReceived]
[ADMIN] [2/18/2017 12:28] [PENERIMAAN BARANG] PENERIMAAN BARANG : detailGridView_CellValueChanged [subtotal]
[ADMIN] [2/18/2017 12:28] [PENERIMAAN BARANG] SAVE PENERIMAAN BARANG
[ADMIN] [2/18/2017 12:28] [PENERIMAAN BARANG] DIRECT PENERIMAAN BARANG, THEREFORE CALCULATE TAX LIMIT
[ADMIN] [2/18/2017 12:28] [PENERIMAAN BARANG] CHECK IF TAX LIMIT SET FOR PERCENTAGE PURCHASE [0]
[ADMIN] [2/18/2017 12:28] [PENERIMAAN BARANG] CHECK IF TAX LIMIT SET FOR AVERAGE DAILY PURCHASE [0]
[ADMIN] [2/18/2017 12:28] [PENERIMAAN BARANG] INSERT PENERIMAAN BARANG [PR-3]
[ADMIN] [2/18/2017 12:28] [PENERIMAAN BARANG] INSERT PO DATA BECAUSE OF DIRECT PENERIMAAN [PR-3]
[ADMIN] [2/18/2017 12:28] [PENERIMAAN BARANG] SAVE DETAIL PENERIMAAN [6, 10, 10]
[ADMIN] [2/18/2017 12:28] [PENERIMAAN BARANG] UPDATE PRODUCT LOCATION DATA [6'2]
[ADMIN] [2/18/2017 12:28] [PENERIMAAN BARANG] UPDATE MASTER PRODUCT DATA [6]
[ADMIN] [2/18/2017 12:28] [PENERIMAAN BARANG] INSERT TO PURCHASE DETAIL [6]
[ADMIN] [2/18/2017 12:28] [PENERIMAAN BARANG] INSERT INTO DEBT [PR-3]
[ADMIN] [2/18/2017 12:28] [PENERIMAAN BARANG] PENERIMAAN BARANG SAVED
[ADMIN] [2/18/2017 12:30] [SUPPLIER] ATTEMPT TO SAVE
[ADMIN] [2/18/2017 12:30] [SUPPLIER] INSERT NEW SUPPLIER [SUPPLIER TEST]
[ADMIN] [2/18/2017 12:30] [PURCHASE ORDER] PURCHASE ORDER : detailPODataGridView_CellValueChanged [productName]
[ADMIN] [2/18/2017 12:30] [PURCHASE ORDER] PURCHASE ORDER : detailPODataGridView_CellValueChanged [productName]
[ADMIN] [2/18/2017 12:30] [PURCHASE ORDER] PURCHASE ORDER : detailPODataGridView_CellValueChanged [productName]
[ADMIN] [2/18/2017 12:30] [PURCHASE ORDER] PURCHASE ORDER : detailPODataGridView_CellValueChanged [productName]
[ADMIN] [2/18/2017 12:30] [PURCHASE ORDER] PURCHASE ORDER : detailPODataGridView_CellValueChanged [productName]
[ADMIN] [2/18/2017 12:30] [PURCHASE ORDER] PURCHASE ORDER : detailPODataGridView_CellValueChanged [productName]
[ADMIN] [2/18/2017 12:30] [PURCHASE ORDER] PURCHASE ORDER : detailPODataGridView_CellValueChanged [productName]
[ADMIN] [2/18/2017 12:30] [PURCHASE ORDER] PURCHASE ORDER : detailPODataGridView_CellValueChanged [productName]
[ADMIN] [2/18/2017 12:30] [PURCHASE ORDER] PURCHASE ORDER : detailPODataGridView_CellValueChanged [productName]
[ADMIN] [2/18/2017 12:30] [PURCHASE ORDER] PURCHASE ORDER : detailPODataGridView_CellValueChanged [productName]
[ADMIN] [2/18/2017 12:30] [PURCHASE ORDER] PURCHASE ORDER : detailPODataGridView_CellValueChanged [productName]
[ADMIN] [2/18/2017 12:30] [PURCHASE ORDER] PURCHASE ORDER : detailPODataGridView_CellValueChanged [productName]
[ADMIN] [2/18/2017 12:30] [PURCHASE ORDER] PURCHASE ORDER : detailPODataGridView_CellValueChanged [productName]
[ADMIN] [2/18/2017 12:30] [PURCHASE ORDER] PURCHASE ORDER : detailPODataGridView_CellValueChanged [productName]
[ADMIN] [2/18/2017 12:30] [PURCHASE ORDER] PURCHASE ORDER : detailPODataGridView_CellValueChanged [productName]
[ADMIN] [2/18/2017 12:30] [PURCHASE ORDER] PURCHASE ORDER : detailPODataGridView_CellValueChanged [productID]
[ADMIN] [2/18/2017 12:30] [PURCHASE ORDER] updateSomeRowsContent, PRODUCT_BASE_PRICE [10]
[ADMIN] [2/18/2017 12:30] [PURCHASE ORDER] updateSomeRowsContent, attempt to calculate total
[ADMIN] [2/18/2017 12:30] [] USER ID = 1LOGOUT
