[] [9/10/2016 11:01] [] USER = ADMIN IS ACTIVE
[ADMIN] [9/10/2016 11:01] [] USER ID = 1 LOGIN SUCCESSFULLY
[ADMIN] [9/10/2016 11:01] [] ACTIVATE USER ACCESS RIGHT
[ADMIN] [9/10/2016 11:01] [] DISPLAY ADMIN FORM
[ADMIN] [9/10/2016 11:01] [] adminForm Load
[ADMIN] [9/10/2016 11:02] [] CREATE DATA GROUP FORM MODULE_ID [51]
[ADMIN] [9/10/2016 11:02] [] CREATE DATA GROUP ACCESS MODULE FORM, GROUP USER ID [1]
[] [9/10/2016 11:03] [] USER = ADMIN IS ACTIVE
[ADMIN] [9/10/2016 11:03] [] USER ID = 1 LOGIN SUCCESSFULLY
[ADMIN] [9/10/2016 11:03] [] ACTIVATE USER ACCESS RIGHT
[ADMIN] [9/10/2016 11:03] [] DISPLAY ADMIN FORM
[ADMIN] [9/10/2016 11:03] [] adminForm Load
[ADMIN] [9/10/2016 11:03] [] CREATE DATA GROUP FORM MODULE_ID [51]
[ADMIN] [9/10/2016 11:04] [] CREATE DATA GROUP ACCESS MODULE FORM, GROUP USER ID [1]
[] [9/10/2016 11:11] [] USER = ADMIN IS ACTIVE
[ADMIN] [9/10/2016 11:11] [] USER ID = 1 LOGIN SUCCESSFULLY
[ADMIN] [9/10/2016 11:11] [] ACTIVATE USER ACCESS RIGHT
[ADMIN] [9/10/2016 11:11] [] DISPLAY ADMIN FORM
[ADMIN] [9/10/2016 11:11] [] adminForm Load
[ADMIN] [9/10/2016 11:11] [] CREATE DATA GROUP FORM MODULE_ID [51]
[ADMIN] [9/10/2016 11:11] [] CREATE DATA GROUP ACCESS MODULE FORM, GROUP USER ID [1]
[] [9/10/2016 11:13] [] USER = ADMIN IS ACTIVE
[ADMIN] [9/10/2016 11:13] [] USER ID = 1 LOGIN SUCCESSFULLY
[ADMIN] [9/10/2016 11:13] [] ACTIVATE USER ACCESS RIGHT
[ADMIN] [9/10/2016 11:13] [] DISPLAY ADMIN FORM
[ADMIN] [9/10/2016 11:13] [] adminForm Load
[ADMIN] [9/10/2016 11:14] [] CREATE DATA GROUP FORM MODULE_ID [51]
[ADMIN] [9/10/2016 11:14] [] CREATE DATA GROUP ACCESS MODULE FORM, GROUP USER ID [1]
[] [9/10/2016 11:14] [] USER = ADMIN IS ACTIVE
[ADMIN] [9/10/2016 11:14] [] USER ID = 1 LOGIN SUCCESSFULLY
[ADMIN] [9/10/2016 11:14] [] ACTIVATE USER ACCESS RIGHT
[ADMIN] [9/10/2016 11:14] [] DISPLAY ADMIN FORM
[ADMIN] [9/10/2016 11:14] [] adminForm Load
[ADMIN] [9/10/2016 11:15] [] CREATE DATA GROUP FORM MODULE_ID [51]
[ADMIN] [9/10/2016 11:15] [] CREATE DATA GROUP ACCESS MODULE FORM, GROUP USER ID [1]
[] [9/10/2016 11:17] [] USER = ADMIN IS ACTIVE
[ADMIN] [9/10/2016 11:17] [] USER ID = 1 LOGIN SUCCESSFULLY
[ADMIN] [9/10/2016 11:17] [] ACTIVATE USER ACCESS RIGHT
[ADMIN] [9/10/2016 11:17] [] DISPLAY ADMIN FORM
[ADMIN] [9/10/2016 11:17] [] adminForm Load
[ADMIN] [9/10/2016 11:17] [] CREATE DATA GROUP FORM MODULE_ID [51]
[ADMIN] [9/10/2016 11:18] [] CREATE DATA GROUP ACCESS MODULE FORM, GROUP USER ID [1]
[] [9/10/2016 11:25] [] USER = ADMIN IS ACTIVE
[ADMIN] [9/10/2016 11:25] [] USER ID = 1 LOGIN SUCCESSFULLY
[ADMIN] [9/10/2016 11:25] [] ACTIVATE USER ACCESS RIGHT
[ADMIN] [9/10/2016 11:25] [] DISPLAY ADMIN FORM
[ADMIN] [9/10/2016 11:25] [] adminForm Load
[ADMIN] [9/10/2016 11:25] [] CREATE DATA GROUP FORM MODULE_ID [51]
[ADMIN] [9/10/2016 11:25] [] CREATE DATA GROUP ACCESS MODULE FORM, GROUP USER ID [1]
[ADMIN] [9/10/2016 11:26] [] USER ID = 1LOGOUT
