[] [11/2/2016 00:15] [] USER = ADMIN IS ACTIVE
[ADMIN] [11/2/2016 00:15] [] USER ID = 1 LOGIN SUCCESSFULLY
[ADMIN] [11/2/2016 00:15] [] ACTIVATE USER ACCESS RIGHT
[ADMIN] [11/2/2016 00:15] [] DISPLAY ADMIN FORM
[ADMIN] [11/2/2016 00:15] [] adminForm Load
[] [11/2/2016 00:16] [] USER = ADMIN IS ACTIVE
[ADMIN] [11/2/2016 00:16] [] USER ID = 1 LOGIN SUCCESSFULLY
[ADMIN] [11/2/2016 00:16] [] ACTIVATE USER ACCESS RIGHT
[ADMIN] [11/2/2016 00:16] [] DISPLAY ADMIN FORM
[ADMIN] [11/2/2016 00:16] [] adminForm Load
[] [11/2/2016 00:21] [] USER = ADMIN IS ACTIVE
[ADMIN] [11/2/2016 00:21] [] USER ID = 1 LOGIN SUCCESSFULLY
[ADMIN] [11/2/2016 00:21] [] ACTIVATE USER ACCESS RIGHT
[ADMIN] [11/2/2016 00:21] [] DISPLAY ADMIN FORM
[ADMIN] [11/2/2016 00:21] [] adminForm Load
[] [11/2/2016 00:24] [] USER = ADMIN IS ACTIVE
[ADMIN] [11/2/2016 00:24] [] USER ID = 1 LOGIN SUCCESSFULLY
[ADMIN] [11/2/2016 00:24] [] ACTIVATE USER ACCESS RIGHT
[ADMIN] [11/2/2016 00:24] [] DISPLAY ADMIN FORM
[ADMIN] [11/2/2016 00:24] [] adminForm Load
[] [11/2/2016 00:36] [] USER = ADMIN IS ACTIVE
[ADMIN] [11/2/2016 00:36] [] USER ID = 1 LOGIN SUCCESSFULLY
[ADMIN] [11/2/2016 00:36] [] ACTIVATE USER ACCESS RIGHT
[ADMIN] [11/2/2016 00:36] [] DISPLAY ADMIN FORM
[ADMIN] [11/2/2016 00:36] [] adminForm Load
[] [11/2/2016 00:39] [] USER = ADMIN IS ACTIVE
[ADMIN] [11/2/2016 00:39] [] USER ID = 1 LOGIN SUCCESSFULLY
[ADMIN] [11/2/2016 00:40] [] ACTIVATE USER ACCESS RIGHT
[ADMIN] [11/2/2016 00:40] [] DISPLAY ADMIN FORM
[ADMIN] [11/2/2016 00:40] [] adminForm Load
[] [11/2/2016 11:05] [] USER = ADMIN IS ACTIVE
[ADMIN] [11/2/2016 11:05] [] USER ID = 1 LOGIN SUCCESSFULLY
[ADMIN] [11/2/2016 11:05] [] ACTIVATE USER ACCESS RIGHT
[ADMIN] [11/2/2016 11:05] [] DISPLAY ADMIN FORM
[ADMIN] [11/2/2016 11:05] [] adminForm Load
[ADMIN] [11/2/2016 11:05] [] USER ID = 1LOGOUT
