[] [2/20/2017 23:30] [] USER = ADMIN IS ACTIVE
[ADMIN] [2/20/2017 23:30] [] USER ID = 1 LOGIN SUCCESSFULLY
[ADMIN] [2/20/2017 23:30] [] ACTIVATE USER ACCESS RIGHT
[ADMIN] [2/20/2017 23:30] [] DISPLAY ADMIN FORM
[ADMIN] [2/20/2017 23:30] [] adminForm Load
[ADMIN] [2/20/2017 23:32] [TAMBAH TRANSAKSI HARIAN] ATTEMPT TO SAVE DATA TRANSAKSI JURNAL HARIAN
[] [2/20/2017 23:33] [] USER = ADMIN IS ACTIVE
[ADMIN] [2/20/2017 23:33] [] USER ID = 1 LOGIN SUCCESSFULLY
[ADMIN] [2/20/2017 23:33] [] ACTIVATE USER ACCESS RIGHT
[ADMIN] [2/20/2017 23:33] [] DISPLAY ADMIN FORM
[ADMIN] [2/20/2017 23:33] [] adminForm Load
[ADMIN] [2/20/2017 23:34] [TAMBAH TRANSAKSI HARIAN] ATTEMPT TO SAVE DATA TRANSAKSI JURNAL HARIAN
[] [2/20/2017 23:44] [] USER = ADMIN IS ACTIVE
[ADMIN] [2/20/2017 23:44] [] USER ID = 1 LOGIN SUCCESSFULLY
[ADMIN] [2/20/2017 23:44] [] ACTIVATE USER ACCESS RIGHT
[ADMIN] [2/20/2017 23:44] [] DISPLAY ADMIN FORM
[ADMIN] [2/20/2017 23:44] [] adminForm Load
[ADMIN] [2/20/2017 23:44] [TAMBAH TRANSAKSI HARIAN] ATTEMPT TO SAVE DATA TRANSAKSI JURNAL HARIAN
[ADMIN] [2/20/2017 23:44] [TAMBAH TRANSAKSI HARIAN] INSERT NEW DATA TO DAILY JOURNAL TABLE [3, 1111]
[ADMIN] [2/20/2017 23:44] [TAMBAH TRANSAKSI HARIAN] EXCEPTION THROWN [Incorrect datetime value: '20-02-2017 23.44 23:44' for function str_to_date]
[ADMIN] [2/20/2017 23:45] [TAMBAH TRANSAKSI HARIAN] ATTEMPT TO SAVE DATA TRANSAKSI JURNAL HARIAN
[] [2/21/2017 13:24] [] USER = ADMIN IS ACTIVE
[ADMIN] [2/21/2017 13:24] [] USER ID = 1 LOGIN SUCCESSFULLY
[ADMIN] [2/21/2017 13:24] [] ACTIVATE USER ACCESS RIGHT
[ADMIN] [2/21/2017 13:24] [] DISPLAY ADMIN FORM
[ADMIN] [2/21/2017 13:24] [] adminForm Load
[] [2/21/2017 14:21] [] USER = ADMIN IS ACTIVE
[ADMIN] [2/21/2017 14:21] [] USER ID = 1 LOGIN SUCCESSFULLY
[ADMIN] [2/21/2017 14:21] [] ACTIVATE USER ACCESS RIGHT
[ADMIN] [2/21/2017 14:21] [] DISPLAY ADMIN FORM
[ADMIN] [2/21/2017 14:21] [] adminForm Load
[ADMIN] [2/21/2017 14:22] [] USER ID = 1LOGOUT
