[] [10/1/2016 14:03] [] USER = ADMIN IS ACTIVE
[ADMIN] [10/1/2016 14:03] [] USER ID = 1 LOGIN SUCCESSFULLY
[ADMIN] [10/1/2016 14:03] [] ACTIVATE USER ACCESS RIGHT
[ADMIN] [10/1/2016 14:03] [] DISPLAY ADMIN FORM
[ADMIN] [10/1/2016 14:03] [] adminForm Load
[] [10/1/2016 14:10] [] USER = ADMIN IS ACTIVE
[ADMIN] [10/1/2016 14:10] [] USER ID = 1 LOGIN SUCCESSFULLY
[ADMIN] [10/1/2016 14:10] [] ACTIVATE USER ACCESS RIGHT
[ADMIN] [10/1/2016 14:10] [] DISPLAY ADMIN FORM
[ADMIN] [10/1/2016 14:10] [] adminForm Load
[] [10/1/2016 14:14] [] USER = ADMIN IS ACTIVE
[ADMIN] [10/1/2016 14:14] [] USER ID = 1 LOGIN SUCCESSFULLY
[ADMIN] [10/1/2016 14:14] [] ACTIVATE USER ACCESS RIGHT
[ADMIN] [10/1/2016 14:14] [] DISPLAY ADMIN FORM
[ADMIN] [10/1/2016 14:14] [] adminForm Load
[] [10/1/2016 14:22] [] USER = ADMIN IS ACTIVE
[ADMIN] [10/1/2016 14:22] [] USER ID = 1 LOGIN SUCCESSFULLY
[ADMIN] [10/1/2016 14:22] [] ACTIVATE USER ACCESS RIGHT
[ADMIN] [10/1/2016 14:22] [] DISPLAY ADMIN FORM
[ADMIN] [10/1/2016 14:22] [] adminForm Load
[ADMIN] [10/1/2016 14:22] [PENJUALAN] CASHIER FORM : MULTIPLE CASHIER INSTANCE [1]
[ADMIN] [10/1/2016 14:22] [PENJUALAN] CASHIER FORM : REGISTER HOTKEY
[ADMIN] [10/1/2016 14:22] [PENJUALAN] CASHIER FORM : cashierForm_Load, ATTEMPT TO LOAD NO FAKTUR
[ADMIN] [10/1/2016 14:22] [PENJUALAN] CASHIER FORM : loadNoFaktur, noFakturValue [SLO001]
[ADMIN] [10/1/2016 14:22] [PENJUALAN] CASHIER FORM : cashierForm_Load, ATTEMPT TO addColumnToDataGrid
[ADMIN] [10/1/2016 14:22] [PENJUALAN] CASHIER FORM : calculateTotal
[ADMIN] [10/1/2016 14:22] [PENJUALAN] CASHIER FORM : calculateTotal [0]
[ADMIN] [10/1/2016 14:22] [PENJUALAN] CASHIER FORM : calculateTotal, totalAfterDisc [0]
[ADMIN] [10/1/2016 14:22] [PENJUALAN] CASHIER FORM : REGISTER HOTKEY
[ADMIN] [10/1/2016 14:22] [PENJUALAN] CASHIER FORM : HOTKEY TO ADD NEW ROW PRESSED
[ADMIN] [10/1/2016 14:22] [PENJUALAN] CASHIER FORM : ADD NEW ROW,  isActive [True]
[ADMIN] [10/1/2016 14:22] [PENJUALAN] CASHIER FORM : ADD NEW ROW,  ROW COUNT [0]
[ADMIN] [10/1/2016 14:22] [PENJUALAN] CASHIER FORM : ADD NEW ROW,  ALLOW TO ADD [True]
[ADMIN] [10/1/2016 14:22] [PENJUALAN] CASHIER FORM : cashierDataGridView_CellValueChanged [F8]
[ADMIN] [10/1/2016 14:22] [PENJUALAN] CASHIER FORM : cashierDataGridView_CellValueChanged [hpp]
[ADMIN] [10/1/2016 14:22] [PENJUALAN] CASHIER FORM : TextBox_TextChanged, previousInput []
[ADMIN] [10/1/2016 14:22] [PENJUALAN] CASHIER FORM : TextBox_TextChanged, dataGridViewTextBoxEditingControl.Text pass REGEX Checking
[ADMIN] [10/1/2016 14:22] [PENJUALAN] CASHIER FORM : CALCULATE SUBTOTAL
[ADMIN] [10/1/2016 14:22] [PENJUALAN] CASHIER FORM : SUBTOTAL [0]
[ADMIN] [10/1/2016 14:22] [PENJUALAN] CASHIER FORM : TextBox_TextChanged, subtotal value [0]
[ADMIN] [10/1/2016 14:22] [PENJUALAN] CASHIER FORM : TextBox_TextChanged, attempt to calculate total value
[ADMIN] [10/1/2016 14:22] [PENJUALAN] CASHIER FORM : calculateTotal
[ADMIN] [10/1/2016 14:22] [PENJUALAN] CASHIER FORM : calculateTotal [0]
[ADMIN] [10/1/2016 14:22] [PENJUALAN] CASHIER FORM : calculateTotal, totalAfterDisc [0]
[ADMIN] [10/1/2016 14:23] [PENJUALAN] CASHIER FORM : UNREGISTER HOTKEY
[ADMIN] [10/1/2016 14:23] [PENJUALAN] CASHIER FORM : REGISTER HOTKEY
[ADMIN] [10/1/2016 14:23] [PENJUALAN] CASHIER FORM : cashierDataGridView_KeyDown ATTEMPT TO DELETE ROW
[ADMIN] [10/1/2016 14:23] [PENJUALAN] CASHIER FORM : deleteCurrentRow [0]
[ADMIN] [10/1/2016 14:23] [PENJUALAN] CASHIER FORM : UPDATE ROW NUMBER, TOTAL ROW [0]
[ADMIN] [10/1/2016 14:23] [PENJUALAN] CASHIER FORM : calculateTotal
[ADMIN] [10/1/2016 14:23] [PENJUALAN] CASHIER FORM : calculateTotal [0]
[ADMIN] [10/1/2016 14:23] [PENJUALAN] CASHIER FORM : calculateTotal, totalAfterDisc [0]
[ADMIN] [10/1/2016 14:23] [PENJUALAN] CASHIER FORM : HOTKEY TO ADD NEW ROW PRESSED
[ADMIN] [10/1/2016 14:23] [PENJUALAN] CASHIER FORM : ADD NEW ROW,  isActive [True]
[ADMIN] [10/1/2016 14:23] [PENJUALAN] CASHIER FORM : ADD NEW ROW,  ROW COUNT [0]
[ADMIN] [10/1/2016 14:23] [PENJUALAN] CASHIER FORM : ADD NEW ROW,  ALLOW TO ADD [True]
[ADMIN] [10/1/2016 14:23] [PENJUALAN] CASHIER FORM : cashierDataGridView_CellValueChanged [F8]
[ADMIN] [10/1/2016 14:23] [PENJUALAN] CASHIER FORM : cashierDataGridView_CellValueChanged [hpp]
[ADMIN] [10/1/2016 14:23] [PENJUALAN] CASHIER FORM : TextBox_TextChanged, previousInput []
[ADMIN] [10/1/2016 14:23] [PENJUALAN] CASHIER FORM : TextBox_TextChanged, dataGridViewTextBoxEditingControl.Text pass REGEX Checking
[ADMIN] [10/1/2016 14:23] [PENJUALAN] CASHIER FORM : CALCULATE SUBTOTAL
[ADMIN] [10/1/2016 14:23] [PENJUALAN] CASHIER FORM : SUBTOTAL [0]
[ADMIN] [10/1/2016 14:23] [PENJUALAN] CASHIER FORM : TextBox_TextChanged, subtotal value [0]
[ADMIN] [10/1/2016 14:23] [PENJUALAN] CASHIER FORM : TextBox_TextChanged, attempt to calculate total value
[ADMIN] [10/1/2016 14:23] [PENJUALAN] CASHIER FORM : calculateTotal
[ADMIN] [10/1/2016 14:23] [PENJUALAN] CASHIER FORM : calculateTotal [0]
[ADMIN] [10/1/2016 14:23] [PENJUALAN] CASHIER FORM : calculateTotal, totalAfterDisc [0]
[ADMIN] [10/1/2016 14:23] [PENJUALAN] CASHIER FORM : UNREGISTER HOTKEY
[ADMIN] [10/1/2016 14:23] [PENJUALAN] CASHIER FORM : REGISTER HOTKEY
[] [10/1/2016 14:27] [] USER = ADMIN IS ACTIVE
[ADMIN] [10/1/2016 14:27] [] USER ID = 1 LOGIN SUCCESSFULLY
[ADMIN] [10/1/2016 14:27] [] ACTIVATE USER ACCESS RIGHT
[ADMIN] [10/1/2016 14:27] [] DISPLAY ADMIN FORM
[ADMIN] [10/1/2016 14:27] [] adminForm Load
[ADMIN] [10/1/2016 14:28] [PENJUALAN] CASHIER FORM : REGISTER HOTKEY
[ADMIN] [10/1/2016 14:28] [PENJUALAN] CASHIER FORM : loadNoFaktur, noFakturValue [SLO001]
[ADMIN] [10/1/2016 14:28] [PENJUALAN] CASHIER FORM : ADD NEW ROW,  isActive [True]
[ADMIN] [10/1/2016 14:28] [PENJUALAN] CASHIER FORM : ADD NEW ROW,  ROW COUNT [0]
[ADMIN] [10/1/2016 14:28] [PENJUALAN] CASHIER FORM : ADD NEW ROW,  ALLOW TO ADD [True]
[ADMIN] [10/1/2016 14:28] [PENJUALAN] CASHIER FORM : REGISTER HOTKEY
[ADMIN] [10/1/2016 14:28] [PENJUALAN] CASHIER FORM : UNREGISTER HOTKEY
[ADMIN] [10/1/2016 14:28] [PENJUALAN] CASHIER FORM : UNREGISTER HOTKEY
[ADMIN] [10/1/2016 14:28] [PENJUALAN] CASHIER FORM : MULTIPLE CASHIER INSTANCE [1]
[ADMIN] [10/1/2016 14:28] [PENJUALAN] CASHIER FORM : REGISTER HOTKEY
[ADMIN] [10/1/2016 14:28] [PENJUALAN] CASHIER FORM : cashierForm_Load, ATTEMPT TO LOAD NO FAKTUR
[ADMIN] [10/1/2016 14:28] [PENJUALAN] CASHIER FORM : loadNoFaktur, noFakturValue [SLO001]
[ADMIN] [10/1/2016 14:28] [PENJUALAN] CASHIER FORM : cashierForm_Load, ATTEMPT TO addColumnToDataGrid
[ADMIN] [10/1/2016 14:28] [PENJUALAN] CASHIER FORM : calculateTotal
[ADMIN] [10/1/2016 14:28] [PENJUALAN] CASHIER FORM : calculateTotal [0]
[ADMIN] [10/1/2016 14:28] [PENJUALAN] CASHIER FORM : calculateTotal, totalAfterDisc [0]
[ADMIN] [10/1/2016 14:28] [PENJUALAN] CASHIER FORM : REGISTER HOTKEY
[ADMIN] [10/1/2016 14:28] [PENJUALAN] CASHIER FORM : HOTKEY TO ADD NEW ROW PRESSED
[ADMIN] [10/1/2016 14:28] [PENJUALAN] CASHIER FORM : ADD NEW ROW,  isActive [True]
[ADMIN] [10/1/2016 14:28] [PENJUALAN] CASHIER FORM : ADD NEW ROW,  ROW COUNT [0]
[ADMIN] [10/1/2016 14:28] [PENJUALAN] CASHIER FORM : ADD NEW ROW,  ALLOW TO ADD [True]
[ADMIN] [10/1/2016 14:28] [PENJUALAN] CASHIER FORM : cashierDataGridView_CellValueChanged [F8]
[ADMIN] [10/1/2016 14:28] [PENJUALAN] CASHIER FORM : cashierDataGridView_CellValueChanged [hpp]
[ADMIN] [10/1/2016 14:28] [PENJUALAN] CASHIER FORM : TextBox_TextChanged, previousInput []
[ADMIN] [10/1/2016 14:28] [PENJUALAN] CASHIER FORM : TextBox_TextChanged, dataGridViewTextBoxEditingControl.Text pass REGEX Checking
[ADMIN] [10/1/2016 14:28] [PENJUALAN] CASHIER FORM : CALCULATE SUBTOTAL
[ADMIN] [10/1/2016 14:28] [PENJUALAN] CASHIER FORM : SUBTOTAL [0]
[ADMIN] [10/1/2016 14:28] [PENJUALAN] CASHIER FORM : TextBox_TextChanged, subtotal value [0]
[ADMIN] [10/1/2016 14:28] [PENJUALAN] CASHIER FORM : TextBox_TextChanged, attempt to calculate total value
[ADMIN] [10/1/2016 14:28] [PENJUALAN] CASHIER FORM : calculateTotal
[ADMIN] [10/1/2016 14:28] [PENJUALAN] CASHIER FORM : calculateTotal [0]
[ADMIN] [10/1/2016 14:28] [PENJUALAN] CASHIER FORM : calculateTotal, totalAfterDisc [0]
[ADMIN] [10/1/2016 14:28] [PENJUALAN] CASHIER FORM : cashierDataGridView_CellValueChanged [productPrice]
[ADMIN] [10/1/2016 14:28] [PENJUALAN] CASHIER FORM : cashierDataGridView_CellValueChanged [disc1]
[ADMIN] [10/1/2016 14:28] [PENJUALAN] CASHIER FORM : TextBox_TextChanged, previousInput []
[ADMIN] [10/1/2016 14:28] [PENJUALAN] CASHIER FORM : TextBox_TextChanged, dataGridViewTextBoxEditingControl.Text pass REGEX Checking
[ADMIN] [10/1/2016 14:28] [PENJUALAN] CASHIER FORM : CALCULATE SUBTOTAL
[ADMIN] [10/1/2016 14:28] [PENJUALAN] CASHIER FORM : SUBTOTAL [0]
[ADMIN] [10/1/2016 14:28] [PENJUALAN] CASHIER FORM : TextBox_TextChanged, subtotal value [0]
[ADMIN] [10/1/2016 14:28] [PENJUALAN] CASHIER FORM : TextBox_TextChanged, attempt to calculate total value
[ADMIN] [10/1/2016 14:28] [PENJUALAN] CASHIER FORM : calculateTotal
[ADMIN] [10/1/2016 14:28] [PENJUALAN] CASHIER FORM : calculateTotal [0]
[ADMIN] [10/1/2016 14:28] [PENJUALAN] CASHIER FORM : calculateTotal, totalAfterDisc [0]
[ADMIN] [10/1/2016 14:28] [PENJUALAN] CASHIER FORM : cashierDataGridView_CellValueChanged [qty]
[ADMIN] [10/1/2016 14:28] [PENJUALAN] CASHIER FORM : TextBox_TextChanged, previousInput []
[ADMIN] [10/1/2016 14:28] [PENJUALAN] CASHIER FORM : TextBox_TextChanged, dataGridViewTextBoxEditingControl.Text pass REGEX Checking
[ADMIN] [10/1/2016 14:28] [PENJUALAN] CASHIER FORM : CALCULATE SUBTOTAL
[ADMIN] [10/1/2016 14:28] [PENJUALAN] CASHIER FORM : SUBTOTAL [0]
[ADMIN] [10/1/2016 14:28] [PENJUALAN] CASHIER FORM : TextBox_TextChanged, subtotal value [0]
[ADMIN] [10/1/2016 14:28] [PENJUALAN] CASHIER FORM : TextBox_TextChanged, attempt to calculate total value
[ADMIN] [10/1/2016 14:28] [PENJUALAN] CASHIER FORM : calculateTotal
[ADMIN] [10/1/2016 14:28] [PENJUALAN] CASHIER FORM : calculateTotal [0]
[ADMIN] [10/1/2016 14:28] [PENJUALAN] CASHIER FORM : calculateTotal, totalAfterDisc [0]
[ADMIN] [10/1/2016 14:28] [PENJUALAN] CASHIER FORM : cashierDataGridView_CellValueChanged [disc2]
[ADMIN] [10/1/2016 14:28] [PENJUALAN] CASHIER FORM : TextBox_TextChanged, previousInput []
[ADMIN] [10/1/2016 14:28] [PENJUALAN] CASHIER FORM : TextBox_TextChanged, dataGridViewTextBoxEditingControl.Text pass REGEX Checking
[ADMIN] [10/1/2016 14:28] [PENJUALAN] CASHIER FORM : CALCULATE SUBTOTAL
[ADMIN] [10/1/2016 14:28] [PENJUALAN] CASHIER FORM : SUBTOTAL [0]
[ADMIN] [10/1/2016 14:28] [PENJUALAN] CASHIER FORM : TextBox_TextChanged, subtotal value [0]
[ADMIN] [10/1/2016 14:28] [PENJUALAN] CASHIER FORM : TextBox_TextChanged, attempt to calculate total value
[ADMIN] [10/1/2016 14:28] [PENJUALAN] CASHIER FORM : calculateTotal
[ADMIN] [10/1/2016 14:28] [PENJUALAN] CASHIER FORM : calculateTotal [0]
[ADMIN] [10/1/2016 14:28] [PENJUALAN] CASHIER FORM : calculateTotal, totalAfterDisc [0]
[ADMIN] [10/1/2016 14:28] [PENJUALAN] CASHIER FORM : cashierDataGridView_CellValueChanged [discRP]
[ADMIN] [10/1/2016 14:28] [PENJUALAN] CASHIER FORM : TextBox_TextChanged, previousInput []
[ADMIN] [10/1/2016 14:28] [PENJUALAN] CASHIER FORM : TextBox_TextChanged, dataGridViewTextBoxEditingControl.Text pass REGEX Checking
[ADMIN] [10/1/2016 14:28] [PENJUALAN] CASHIER FORM : CALCULATE SUBTOTAL
[ADMIN] [10/1/2016 14:28] [PENJUALAN] CASHIER FORM : SUBTOTAL [0]
[ADMIN] [10/1/2016 14:28] [PENJUALAN] CASHIER FORM : TextBox_TextChanged, subtotal value [0]
[ADMIN] [10/1/2016 14:28] [PENJUALAN] CASHIER FORM : TextBox_TextChanged, attempt to calculate total value
[ADMIN] [10/1/2016 14:28] [PENJUALAN] CASHIER FORM : calculateTotal
[ADMIN] [10/1/2016 14:28] [PENJUALAN] CASHIER FORM : calculateTotal [0]
[ADMIN] [10/1/2016 14:28] [PENJUALAN] CASHIER FORM : calculateTotal, totalAfterDisc [0]
[ADMIN] [10/1/2016 14:28] [PENJUALAN] CASHIER FORM : cashierDataGridView_CellValueChanged [jumlah]
[ADMIN] [10/1/2016 14:28] [PENJUALAN] CASHIER FORM : cashierDataGridView_CellValueChanged [productName]
[ADMIN] [10/1/2016 14:28] [PENJUALAN] CASHIER FORM : cashierDataGridView_CellValueChanged [productName]
[ADMIN] [10/1/2016 14:28] [PENJUALAN] CASHIER FORM : calculateTotal
[ADMIN] [10/1/2016 14:28] [PENJUALAN] CASHIER FORM : calculateTotal [0]
[ADMIN] [10/1/2016 14:28] [PENJUALAN] CASHIER FORM : calculateTotal, totalAfterDisc [0]
[ADMIN] [10/1/2016 14:28] [PENJUALAN] CASHIER FORM : cashierDataGridView_CellValueChanged [productName]
[ADMIN] [10/1/2016 14:28] [PENJUALAN] CASHIER FORM : cashierDataGridView_CellValueChanged [productName]
[ADMIN] [10/1/2016 14:28] [PENJUALAN] CASHIER FORM : calculateTotal
[ADMIN] [10/1/2016 14:28] [PENJUALAN] CASHIER FORM : calculateTotal [0]
[ADMIN] [10/1/2016 14:28] [PENJUALAN] CASHIER FORM : calculateTotal, totalAfterDisc [0]
[ADMIN] [10/1/2016 14:28] [PENJUALAN] CASHIER FORM : cashierDataGridView_CellValueChanged [productName]
[ADMIN] [10/1/2016 14:28] [PENJUALAN] CASHIER FORM : cashierDataGridView_CellValueChanged [productID]
[ADMIN] [10/1/2016 14:28] [PENJUALAN] CASHIER FORM : PRODUCT PRICE TYPE [PRODUCT_BASE_PRICE]
[ADMIN] [10/1/2016 14:28] [PENJUALAN] CASHIER FORM : PRODUCT PRICE [10]
[ADMIN] [10/1/2016 14:28] [PENJUALAN] CASHIER FORM : ComboBox_SelectedIndexChanged, PRODUCT_BASE_PRICE [10]
[ADMIN] [10/1/2016 14:28] [PENJUALAN] CASHIER FORM : cashierDataGridView_CellValueChanged [hpp]
[ADMIN] [10/1/2016 14:28] [PENJUALAN] CASHIER FORM : TextBox_TextChanged, previousInput []
[ADMIN] [10/1/2016 14:28] [PENJUALAN] CASHIER FORM : TextBox_TextChanged, dataGridViewTextBoxEditingControl.Text pass REGEX Checking
[ADMIN] [10/1/2016 14:28] [PENJUALAN] CASHIER FORM : CALCULATE SUBTOTAL
[ADMIN] [10/1/2016 14:28] [PENJUALAN] CASHIER FORM : SUBTOTAL [0]
[ADMIN] [10/1/2016 14:28] [PENJUALAN] CASHIER FORM : TextBox_TextChanged, subtotal value [0]
[ADMIN] [10/1/2016 14:28] [PENJUALAN] CASHIER FORM : TextBox_TextChanged, attempt to calculate total value
[ADMIN] [10/1/2016 14:28] [PENJUALAN] CASHIER FORM : calculateTotal
[ADMIN] [10/1/2016 14:28] [PENJUALAN] CASHIER FORM : calculateTotal [0]
[ADMIN] [10/1/2016 14:28] [PENJUALAN] CASHIER FORM : calculateTotal, totalAfterDisc [0]
[ADMIN] [10/1/2016 14:28] [PENJUALAN] CASHIER FORM : PRODUCT PRICE TYPE [PRODUCT_RETAIL_PRICE]
[ADMIN] [10/1/2016 14:28] [PENJUALAN] CASHIER FORM : PRODUCT PRICE [1]
[ADMIN] [10/1/2016 14:28] [PENJUALAN] CASHIER FORM : ComboBox_SelectedIndexChanged, PRODUCT_SALES_PRICE [1]
[ADMIN] [10/1/2016 14:28] [PENJUALAN] CASHIER FORM : cashierDataGridView_CellValueChanged [productPrice]
[ADMIN] [10/1/2016 14:28] [PENJUALAN] CASHIER FORM : cashierDataGridView_CellValueChanged [qty]
[ADMIN] [10/1/2016 14:28] [PENJUALAN] CASHIER FORM : TextBox_TextChanged, previousInput []
[ADMIN] [10/1/2016 14:28] [PENJUALAN] CASHIER FORM : TextBox_TextChanged, dataGridViewTextBoxEditingControl.Text pass REGEX Checking
[ADMIN] [10/1/2016 14:28] [PENJUALAN] CASHIER FORM : CALCULATE SUBTOTAL
[ADMIN] [10/1/2016 14:28] [PENJUALAN] CASHIER FORM : SUBTOTAL [0]
[ADMIN] [10/1/2016 14:28] [PENJUALAN] CASHIER FORM : TextBox_TextChanged, subtotal value [0]
[ADMIN] [10/1/2016 14:28] [PENJUALAN] CASHIER FORM : TextBox_TextChanged, attempt to calculate total value
[ADMIN] [10/1/2016 14:28] [PENJUALAN] CASHIER FORM : calculateTotal
[ADMIN] [10/1/2016 14:28] [PENJUALAN] CASHIER FORM : calculateTotal [0]
[ADMIN] [10/1/2016 14:28] [PENJUALAN] CASHIER FORM : calculateTotal, totalAfterDisc [0]
[ADMIN] [10/1/2016 14:28] [PENJUALAN] CASHIER FORM : ComboBox_SelectedIndexChanged, attempt to calculate total
[ADMIN] [10/1/2016 14:28] [PENJUALAN] CASHIER FORM : calculateTotal
[ADMIN] [10/1/2016 14:28] [PENJUALAN] CASHIER FORM : calculateTotal [0]
[ADMIN] [10/1/2016 14:28] [PENJUALAN] CASHIER FORM : calculateTotal, totalAfterDisc [0]
[ADMIN] [10/1/2016 14:28] [PENJUALAN] CASHIER FORM : cashierDataGridView_CellValueChanged [productName]
[ADMIN] [10/1/2016 14:28] [PENJUALAN] CASHIER FORM : cashierDataGridView_CellValueChanged [productName]
[ADMIN] [10/1/2016 14:28] [PENJUALAN] CASHIER FORM : cashierDataGridView_CellValueChanged [hpp]
[ADMIN] [10/1/2016 14:28] [PENJUALAN] CASHIER FORM : TextBox_TextChanged, previousInput []
[ADMIN] [10/1/2016 14:28] [PENJUALAN] CASHIER FORM : TextBox_TextChanged, dataGridViewTextBoxEditingControl.Text pass REGEX Checking
[ADMIN] [10/1/2016 14:28] [PENJUALAN] CASHIER FORM : CALCULATE SUBTOTAL
[ADMIN] [10/1/2016 14:28] [PENJUALAN] CASHIER FORM : SUBTOTAL [0]
[ADMIN] [10/1/2016 14:28] [PENJUALAN] CASHIER FORM : TextBox_TextChanged, subtotal value [0]
[ADMIN] [10/1/2016 14:28] [PENJUALAN] CASHIER FORM : TextBox_TextChanged, attempt to calculate total value
[ADMIN] [10/1/2016 14:28] [PENJUALAN] CASHIER FORM : calculateTotal
[ADMIN] [10/1/2016 14:28] [PENJUALAN] CASHIER FORM : calculateTotal [0]
[ADMIN] [10/1/2016 14:28] [PENJUALAN] CASHIER FORM : calculateTotal, totalAfterDisc [0]
[ADMIN] [10/1/2016 14:28] [PENJUALAN] CASHIER FORM : cashierDataGridView_CellValueChanged [productPrice]
[ADMIN] [10/1/2016 14:28] [PENJUALAN] CASHIER FORM : cashierDataGridView_CellValueChanged [qty]
[ADMIN] [10/1/2016 14:28] [PENJUALAN] CASHIER FORM : TextBox_TextChanged, previousInput []
[ADMIN] [10/1/2016 14:28] [PENJUALAN] CASHIER FORM : TextBox_TextChanged, dataGridViewTextBoxEditingControl.Text pass REGEX Checking
[ADMIN] [10/1/2016 14:28] [PENJUALAN] CASHIER FORM : CALCULATE SUBTOTAL
[ADMIN] [10/1/2016 14:28] [PENJUALAN] CASHIER FORM : SUBTOTAL [0]
[ADMIN] [10/1/2016 14:28] [PENJUALAN] CASHIER FORM : TextBox_TextChanged, subtotal value [0]
[ADMIN] [10/1/2016 14:28] [PENJUALAN] CASHIER FORM : TextBox_TextChanged, attempt to calculate total value
[ADMIN] [10/1/2016 14:28] [PENJUALAN] CASHIER FORM : calculateTotal
[ADMIN] [10/1/2016 14:28] [PENJUALAN] CASHIER FORM : calculateTotal [0]
[ADMIN] [10/1/2016 14:28] [PENJUALAN] CASHIER FORM : calculateTotal, totalAfterDisc [0]
[ADMIN] [10/1/2016 14:28] [PENJUALAN] CASHIER FORM : cashierDataGridView_CellValueChanged [jumlah]
[ADMIN] [10/1/2016 14:28] [PENJUALAN] CASHIER FORM : calculateTotal
[ADMIN] [10/1/2016 14:28] [PENJUALAN] CASHIER FORM : calculateTotal [0]
[ADMIN] [10/1/2016 14:28] [PENJUALAN] CASHIER FORM : calculateTotal, totalAfterDisc [0]
[ADMIN] [10/1/2016 14:28] [PENJUALAN] CASHIER FORM : cashierDataGridView_CellValueChanged [productName]
[ADMIN] [10/1/2016 14:28] [PENJUALAN] CASHIER FORM : cashierDataGridView_CellValueChanged [productName]
[ADMIN] [10/1/2016 14:28] [PENJUALAN] CASHIER FORM : calculateTotal
[ADMIN] [10/1/2016 14:28] [PENJUALAN] CASHIER FORM : calculateTotal [0]
[ADMIN] [10/1/2016 14:28] [PENJUALAN] CASHIER FORM : calculateTotal, totalAfterDisc [0]
[ADMIN] [10/1/2016 14:28] [PENJUALAN] CASHIER FORM : cashierDataGridView_CellValueChanged [productName]
[ADMIN] [10/1/2016 14:28] [PENJUALAN] CASHIER FORM : cashierDataGridView_CellValueChanged [productName]
[ADMIN] [10/1/2016 14:28] [PENJUALAN] CASHIER FORM : calculateTotal
[ADMIN] [10/1/2016 14:28] [PENJUALAN] CASHIER FORM : calculateTotal [0]
[ADMIN] [10/1/2016 14:28] [PENJUALAN] CASHIER FORM : calculateTotal, totalAfterDisc [0]
[ADMIN] [10/1/2016 14:28] [PENJUALAN] CASHIER FORM : cashierDataGridView_CellValueChanged [productName]
[ADMIN] [10/1/2016 14:28] [PENJUALAN] CASHIER FORM : cashierDataGridView_CellValueChanged [productPrice]
[ADMIN] [10/1/2016 14:28] [PENJUALAN] CASHIER FORM : cashierDataGridView_CellValueChanged [productPrice]
[ADMIN] [10/1/2016 14:28] [PENJUALAN] CASHIER FORM : cashierDataGridView_CellValueChanged [productPrice]
[ADMIN] [10/1/2016 14:28] [PENJUALAN] CASHIER FORM : cashierDataGridView_CellValueChanged [qty]
[ADMIN] [10/1/2016 14:28] [PENJUALAN] CASHIER FORM : TextBox_TextChanged, previousInput [0]
[ADMIN] [10/1/2016 14:28] [PENJUALAN] CASHIER FORM : TextBox_TextChanged, dataGridViewTextBoxEditingControl.Text [2]
[ADMIN] [10/1/2016 14:28] [PENJUALAN] CASHIER FORM : TextBox_TextChanged, dataGridViewTextBoxEditingControl.Text pass REGEX Checking
[ADMIN] [10/1/2016 14:28] [PENJUALAN] CASHIER FORM : CHECK STOCK QTY IS ENOUGH [1]
[ADMIN] [10/1/2016 14:28] [PENJUALAN] CASHIER FORM : CHECK STOCK QTY IS ENOUGH [13, 2]
[ADMIN] [10/1/2016 14:28] [PENJUALAN] CASHIER FORM : CALCULATE SUBTOTAL
[ADMIN] [10/1/2016 14:28] [PENJUALAN] CASHIER FORM : SUBTOTAL [400]
[ADMIN] [10/1/2016 14:28] [PENJUALAN] CASHIER FORM : TextBox_TextChanged, subtotal value [400]
[ADMIN] [10/1/2016 14:28] [PENJUALAN] CASHIER FORM : TextBox_TextChanged, attempt to calculate total value
[ADMIN] [10/1/2016 14:28] [PENJUALAN] CASHIER FORM : calculateTotal
[ADMIN] [10/1/2016 14:28] [PENJUALAN] CASHIER FORM : calculateTotal [400]
[ADMIN] [10/1/2016 14:28] [PENJUALAN] CASHIER FORM : calculateTotal, totalAfterDisc [400]
[ADMIN] [10/1/2016 14:28] [PENJUALAN] CASHIER FORM : calculateChangeValue, bayarTextBox.Text [4]
[ADMIN] [10/1/2016 14:28] [PENJUALAN] CASHIER FORM : calculateChangeValue, sisaBayar [0]
[ADMIN] [10/1/2016 14:28] [PENJUALAN] CASHIER FORM : calculateChangeValue, bayarTextBox.Text [40]
[ADMIN] [10/1/2016 14:28] [PENJUALAN] CASHIER FORM : calculateChangeValue, sisaBayar [0]
[ADMIN] [10/1/2016 14:28] [PENJUALAN] CASHIER FORM : calculateChangeValue, bayarTextBox.Text [400]
[ADMIN] [10/1/2016 14:28] [PENJUALAN] CASHIER FORM : calculateChangeValue, sisaBayar [0]
[ADMIN] [10/1/2016 14:28] [PENJUALAN] CASHIER FORM : HOTKEY TO SAVE AND PRINT OUT INVOICE PRESSED
[ADMIN] [10/1/2016 14:28] [PENJUALAN] CASHIER FORM : UNREGISTER HOTKEY
[ADMIN] [10/1/2016 14:28] [PENJUALAN] CASHIER FORM : REGISTER HOTKEY
[ADMIN] [10/1/2016 14:28] [PENJUALAN] ATTEMPT TO SAVE AND PRINT OUT INVOICE
[ADMIN] [10/1/2016 14:28] [PENJUALAN] CASHIER FORM : UNREGISTER HOTKEY
[ADMIN] [10/1/2016 14:28] [PENJUALAN] CASHIER FORM : REGISTER HOTKEY
[ADMIN] [10/1/2016 14:28] [PENJUALAN] CASHIER FORM : UNREGISTER HOTKEY
[ADMIN] [10/1/2016 14:28] [PENJUALAN] CASHIER FORM : ATTEMPT TO SAVE SALES DATA [01-10-2016 14:28]
[ADMIN] [10/1/2016 14:28] [PENJUALAN] CASHIER FORM : CASH SALES
[ADMIN] [10/1/2016 14:28] [PENJUALAN] CHECK IF TAX LIMIT SET FOR PERCENTAGE PURCHASE [0]
[ADMIN] [10/1/2016 14:28] [PENJUALAN] CHECK IF TAX LIMIT SET FOR AVERAGE DAILY PURCHASE [0]
[ADMIN] [10/1/2016 14:28] [PENJUALAN] CASHIER FORM : NO FAKTUR [SLO001]
[ADMIN] [10/1/2016 14:28] [PENJUALAN] CASHIER FORM : MAX SALES INVOICE [8]
[ADMIN] [10/1/2016 14:28] [PENJUALAN] CASHIER FORM : SALES INVOICE [SLO001-9]
[ADMIN] [10/1/2016 14:28] [PENJUALAN] INSERT INTO SALES HEADER [SLO001-9]
[ADMIN] [10/1/2016 14:28] [PENJUALAN] INSERT INTO SALES DETAIL[1, 200, 2]
[ADMIN] [10/1/2016 14:28] [PENJUALAN] INSERT TO CREDIT TABLE [SLO001-9]
[ADMIN] [10/1/2016 14:28] [PENJUALAN] INSERT TO DAILY JOURNAL TABLE [400]
[ADMIN] [10/1/2016 14:28] [PENJUALAN] CASHIER FORM : REGISTER HOTKEY
[ADMIN] [10/1/2016 14:28] [PENJUALAN] TRANSACTION SAVED
[ADMIN] [10/1/2016 14:28] [PENJUALAN] PRINT OUT INVOICE
[ADMIN] [10/1/2016 14:28] [PENJUALAN] CASHIER FORM : PrintReceipt
[ADMIN] [10/1/2016 14:28] [PENJUALAN] CASHIER FORM : PrintReceipt, POS size Paper
[ADMIN] [10/1/2016 14:28] [PENJUALAN] CASHIER FORM : loadInfoToko
[ADMIN] [10/1/2016 14:28] [PENJUALAN] CASHIER FORM : calculatePageLength, totalLengthPage [388]
[ADMIN] [10/1/2016 14:28] [PENJUALAN] CASHIER FORM : UNREGISTER HOTKEY
[ADMIN] [10/1/2016 14:28] [PENJUALAN] CASHIER FORM : printDocument1_PrintPage, print POS size receipt
[ADMIN] [10/1/2016 14:28] [PENJUALAN] CASHIER FORM : loadInfoToko
[ADMIN] [10/1/2016 14:28] [PENJUALAN] CASHIER FORM : loadNamaUser
[ADMIN] [10/1/2016 14:28] [PENJUALAN] CASHIER FORM : REGISTER HOTKEY
[ADMIN] [10/1/2016 14:28] [PENJUALAN] VALIDATE USER CREDIT STATUS
[ADMIN] [10/1/2016 14:28] [PENJUALAN] CASHIER FORM : UNREGISTER HOTKEY
[ADMIN] [10/1/2016 14:28] [PENJUALAN] CASHIER FORM : REGISTER HOTKEY
[ADMIN] [10/1/2016 14:28] [PENJUALAN] CASHIER FORM : UNREGISTER HOTKEY
[ADMIN] [10/1/2016 14:28] [PENJUALAN] CASHIER FORM : UNREGISTER HOTKEY
[ADMIN] [10/1/2016 14:29] [] USER ID = 1LOGOUT
