[] [2/19/2017 00:01] [] USER = ADMIN IS ACTIVE
[ADMIN] [2/19/2017 00:01] [] USER ID = 1 LOGIN SUCCESSFULLY
[ADMIN] [2/19/2017 00:02] [] ACTIVATE USER ACCESS RIGHT
[ADMIN] [2/19/2017 00:02] [] DISPLAY ADMIN FORM
[ADMIN] [2/19/2017 00:02] [] adminForm Load
[ADMIN] [2/19/2017 00:02] [PENJUALAN] CASHIER FORM : REGISTER HOTKEY
[ADMIN] [2/19/2017 00:02] [PENJUALAN] CASHIER FORM : discJualMaskedTextBox_Validating, totalAfterDisc [180]
[ADMIN] [2/19/2017 00:02] [PENJUALAN] CASHIER FORM : calculateChangeValue, bayarTextBox.Text [0]
[ADMIN] [2/19/2017 00:02] [PENJUALAN] CASHIER FORM : calculateChangeValue, sisaBayar [0]
[ADMIN] [2/19/2017 00:02] [PENJUALAN] CASHIER FORM : calculateChangeValue, bayarTextBox.Text [150]
[ADMIN] [2/19/2017 00:02] [PENJUALAN] CASHIER FORM : calculateChangeValue, sisaBayar [20]
[ADMIN] [2/19/2017 00:02] [PENJUALAN] CASHIER FORM : ADD NEW ROW,  isActive [True]
[ADMIN] [2/19/2017 00:02] [PENJUALAN] CASHIER FORM : ADD NEW ROW,  ROW COUNT [0]
[ADMIN] [2/19/2017 00:02] [PENJUALAN] CASHIER FORM : ADD NEW ROW,  ALLOW TO ADD [True]
[ADMIN] [2/19/2017 00:02] [PENJUALAN] CASHIER FORM : REGISTER HOTKEY
[ADMIN] [2/19/2017 00:02] [PENJUALAN] CASHIER FORM : discJualMaskedTextBox_Validating, totalAfterDisc [80]
[ADMIN] [2/19/2017 00:02] [PENJUALAN] CASHIER FORM : UNREGISTER HOTKEY
[ADMIN] [2/19/2017 00:02] [PENJUALAN] CASHIER FORM : REGISTER HOTKEY
[ADMIN] [2/19/2017 00:02] [PENJUALAN] CASHIER FORM : UNREGISTER HOTKEY
[] [2/19/2017 00:03] [] USER = ADMIN IS ACTIVE
[ADMIN] [2/19/2017 00:03] [] USER ID = 1 LOGIN SUCCESSFULLY
[ADMIN] [2/19/2017 00:03] [] ACTIVATE USER ACCESS RIGHT
[ADMIN] [2/19/2017 00:03] [] DISPLAY ADMIN FORM
[ADMIN] [2/19/2017 00:03] [] adminForm Load
[ADMIN] [2/19/2017 00:03] [] USER ID = 1LOGOUT
[ADMIN] [2/19/2017 00:04] [] USER = ADMIN IS ACTIVE
[ADMIN] [2/19/2017 00:04] [] USER ID = 1 LOGIN SUCCESSFULLY
[ADMIN] [2/19/2017 00:04] [] ACTIVATE USER ACCESS RIGHT
[ADMIN] [2/19/2017 00:04] [] DISPLAY ADMIN FORM
[ADMIN] [2/19/2017 00:04] [] adminForm Load
[ADMIN] [2/19/2017 00:05] [PENJUALAN] CASHIER FORM : REGISTER HOTKEY
[ADMIN] [2/19/2017 00:05] [PENJUALAN] CASHIER FORM : discJualMaskedTextBox_Validating, totalAfterDisc [180]
[ADMIN] [2/19/2017 00:05] [PENJUALAN] CASHIER FORM : calculateChangeValue, bayarTextBox.Text [0]
[ADMIN] [2/19/2017 00:05] [PENJUALAN] CASHIER FORM : calculateChangeValue, sisaBayar [0]
[ADMIN] [2/19/2017 00:05] [PENJUALAN] CASHIER FORM : discJualMaskedTextBox_Validating, totalAfterDisc [130]
[ADMIN] [2/19/2017 00:05] [PENJUALAN] CASHIER FORM : calculateChangeValue, bayarTextBox.Text [0]
[ADMIN] [2/19/2017 00:05] [PENJUALAN] CASHIER FORM : calculateChangeValue, sisaBayar [0]
[ADMIN] [2/19/2017 00:05] [PENJUALAN] CASHIER FORM : calculateChangeValue, bayarTextBox.Text [150]
[ADMIN] [2/19/2017 00:05] [PENJUALAN] CASHIER FORM : calculateChangeValue, sisaBayar [20]
[ADMIN] [2/19/2017 00:05] [PENJUALAN] CASHIER FORM : ADD NEW ROW,  isActive [True]
[ADMIN] [2/19/2017 00:05] [PENJUALAN] CASHIER FORM : ADD NEW ROW,  ROW COUNT [0]
[ADMIN] [2/19/2017 00:05] [PENJUALAN] CASHIER FORM : ADD NEW ROW,  ALLOW TO ADD [True]
[ADMIN] [2/19/2017 00:05] [PENJUALAN] CASHIER FORM : REGISTER HOTKEY
[ADMIN] [2/19/2017 00:06] [PENJUALAN] CASHIER FORM : UNREGISTER HOTKEY
[ADMIN] [2/19/2017 00:07] [PENJUALAN] CASHIER FORM : REGISTER HOTKEY
[ADMIN] [2/19/2017 00:07] [PENJUALAN] CASHIER FORM : discJualMaskedTextBox_Validating, totalAfterDisc [179]
[ADMIN] [2/19/2017 00:07] [PENJUALAN] CASHIER FORM : calculateChangeValue, bayarTextBox.Text [150]
[ADMIN] [2/19/2017 00:07] [PENJUALAN] CASHIER FORM : calculateChangeValue, sisaBayar [0]
[ADMIN] [2/19/2017 00:07] [PENJUALAN] CASHIER FORM : discJualMaskedTextBox_Validating, totalAfterDisc [170]
[ADMIN] [2/19/2017 00:07] [PENJUALAN] CASHIER FORM : calculateChangeValue, bayarTextBox.Text [150]
[ADMIN] [2/19/2017 00:07] [PENJUALAN] CASHIER FORM : calculateChangeValue, sisaBayar [0]
[ADMIN] [2/19/2017 00:07] [PENJUALAN] CASHIER FORM : UNREGISTER HOTKEY
[ADMIN] [2/19/2017 00:07] [PENJUALAN] CASHIER FORM : REGISTER HOTKEY
[ADMIN] [2/19/2017 00:07] [PENJUALAN] CASHIER FORM : UNREGISTER HOTKEY
[ADMIN] [2/19/2017 00:07] [PENJUALAN] CASHIER FORM : REGISTER HOTKEY
[ADMIN] [2/19/2017 00:07] [PENJUALAN] CASHIER FORM : discJualMaskedTextBox_Validating, totalAfterDisc [170]
[ADMIN] [2/19/2017 00:07] [PENJUALAN] CASHIER FORM : calculateChangeValue, bayarTextBox.Text [150]
[ADMIN] [2/19/2017 00:07] [PENJUALAN] CASHIER FORM : calculateChangeValue, sisaBayar [0]
[ADMIN] [2/19/2017 00:07] [PENJUALAN] CASHIER FORM : UNREGISTER HOTKEY
[ADMIN] [2/19/2017 00:07] [PENJUALAN] CASHIER FORM : UNREGISTER HOTKEY
[ADMIN] [2/19/2017 00:07] [PENJUALAN] CASHIER FORM : REGISTER HOTKEY
[ADMIN] [2/19/2017 00:08] [PENJUALAN] CASHIER FORM : discJualMaskedTextBox_Validating, totalAfterDisc [160]
[ADMIN] [2/19/2017 00:08] [PENJUALAN] CASHIER FORM : calculateChangeValue, bayarTextBox.Text [0]
[ADMIN] [2/19/2017 00:08] [PENJUALAN] CASHIER FORM : calculateChangeValue, sisaBayar [0]
[ADMIN] [2/19/2017 00:08] [PENJUALAN] CASHIER FORM : discJualMaskedTextBox_Validating, totalAfterDisc [90]
[ADMIN] [2/19/2017 00:08] [PENJUALAN] CASHIER FORM : calculateChangeValue, bayarTextBox.Text [0]
[ADMIN] [2/19/2017 00:08] [PENJUALAN] CASHIER FORM : calculateChangeValue, sisaBayar [0]
[ADMIN] [2/19/2017 00:08] [PENJUALAN] CASHIER FORM : calculateChangeValue, bayarTextBox.Text [150]
[ADMIN] [2/19/2017 00:08] [PENJUALAN] CASHIER FORM : calculateChangeValue, sisaBayar [60]
[ADMIN] [2/19/2017 00:08] [PENJUALAN] CASHIER FORM : ADD NEW ROW,  isActive [True]
[ADMIN] [2/19/2017 00:08] [PENJUALAN] CASHIER FORM : ADD NEW ROW,  ROW COUNT [0]
[ADMIN] [2/19/2017 00:08] [PENJUALAN] CASHIER FORM : ADD NEW ROW,  ALLOW TO ADD [True]
[ADMIN] [2/19/2017 00:08] [PENJUALAN] CASHIER FORM : REGISTER HOTKEY
[ADMIN] [2/19/2017 00:08] [PENJUALAN] CASHIER FORM : UNREGISTER HOTKEY
[ADMIN] [2/19/2017 00:08] [PENJUALAN] CASHIER FORM : UNREGISTER HOTKEY
[ADMIN] [2/19/2017 00:09] [] USER ID = 1LOGOUT
