[] [2/20/2017 14:11] [] USER = ADMIN IS ACTIVE
[ADMIN] [2/20/2017 14:11] [] USER ID = 1 LOGIN SUCCESSFULLY
[ADMIN] [2/20/2017 14:11] [] ACTIVATE USER ACCESS RIGHT
[ADMIN] [2/20/2017 14:11] [] DISPLAY ADMIN FORM
[ADMIN] [2/20/2017 14:11] [] adminForm Load
[ADMIN] [2/20/2017 14:41] [RETUR PENJUALAN] RETUR PENJUALAN : detailReturDataGridView_CellValueChanged [qty]
[ADMIN] [2/20/2017 14:41] [RETUR PENJUALAN] RETUR PENJUALAN : detailReturDataGridView_CellValueChanged [subtotal]
[ADMIN] [2/20/2017 14:41] [RETUR PENJUALAN] RETUR PENJUALAN : detailReturDataGridView_CellValueChanged [productName]
[ADMIN] [2/20/2017 14:41] [RETUR PENJUALAN] RETUR PENJUALAN : detailReturDataGridView_CellValueChanged [productName]
[ADMIN] [2/20/2017 14:41] [RETUR PENJUALAN] RETUR PENJUALAN : detailReturDataGridView_CellValueChanged [productPrice]
[ADMIN] [2/20/2017 14:41] [RETUR PENJUALAN] RETUR PENJUALAN : detailReturDataGridView_CellValueChanged [subtotal]
[ADMIN] [2/20/2017 14:41] [RETUR PENJUALAN] RETUR PENJUALAN : detailReturDataGridView_CellValueChanged [SOqty]
[ADMIN] [2/20/2017 14:41] [RETUR PENJUALAN] RETUR PENJUALAN : detailReturDataGridView_CellValueChanged [disc1]
[ADMIN] [2/20/2017 14:41] [RETUR PENJUALAN] RETUR PENJUALAN : detailReturDataGridView_CellValueChanged [disc2]
[ADMIN] [2/20/2017 14:41] [RETUR PENJUALAN] RETUR PENJUALAN : detailReturDataGridView_CellValueChanged [discRP]
[ADMIN] [2/20/2017 14:41] [RETUR PENJUALAN] RETUR PENJUALAN : detailReturDataGridView_CellValueChanged [productName]
[ADMIN] [2/20/2017 14:41] [RETUR PENJUALAN] RETUR PENJUALAN : detailReturDataGridView_CellValueChanged [productName]
[ADMIN] [2/20/2017 14:41] [] [POS SEARCH PRODUCT] D:\Project\Rejeki_Utama\_CODE_\Rejeki_Utama\Rejeki_Utama\bin\Debug\PRODUCT_PHOTO\ 
[ADMIN] [2/20/2017 14:41] [RETUR PENJUALAN] RETUR PENJUALAN : detailReturDataGridView_CellValueChanged [productID]
[ADMIN] [2/20/2017 14:41] [RETUR PENJUALAN] RETUR PENJUALAN : detailReturDataGridView_CellValueChanged [productName]
[ADMIN] [2/20/2017 14:41] [RETUR PENJUALAN] updateSomeRowsContent, PRODUCT_BASE_PRICE [200]
[ADMIN] [2/20/2017 14:41] [RETUR PENJUALAN] RETUR PENJUALAN : detailReturDataGridView_CellValueChanged [productPrice]
[ADMIN] [2/20/2017 14:41] [RETUR PENJUALAN] RETUR PENJUALAN : detailReturDataGridView_CellValueChanged [qty]
[ADMIN] [2/20/2017 14:41] [RETUR PENJUALAN] RETUR PENJUALAN : detailReturDataGridView_CellValueChanged [subtotal]
[ADMIN] [2/20/2017 14:41] [RETUR PENJUALAN] RETUR PENJUALAN : detailReturDataGridView_CellValueChanged [subtotal]
[ADMIN] [2/20/2017 14:41] [RETUR PENJUALAN] updateSomeRowsContent, attempt to calculate total
[ADMIN] [2/20/2017 14:41] [RETUR PENJUALAN] RETUR PENJUALAN : detailReturDataGridView_CellValueChanged [SOqty]
[ADMIN] [2/20/2017 14:41] [RETUR PENJUALAN] RETUR PENJUALAN : detailReturDataGridView_CellValueChanged [disc1]
[ADMIN] [2/20/2017 14:41] [RETUR PENJUALAN] RETUR PENJUALAN : detailReturDataGridView_CellValueChanged [disc2]
[ADMIN] [2/20/2017 14:41] [RETUR PENJUALAN] RETUR PENJUALAN : detailReturDataGridView_CellValueChanged [discRP]
[ADMIN] [2/20/2017 14:41] [RETUR PENJUALAN] RETUR PENJUALAN : detailReturDataGridView_CellValueChanged [subtotal]
[ADMIN] [2/20/2017 14:41] [RETUR PENJUALAN] RETUR PENJUALAN : detailReturDataGridView_CellValueChanged [qty]
[ADMIN] [2/20/2017 14:41] [RETUR PENJUALAN] RETUR PENJUALAN : detailReturDataGridView_CellValueChanged [subtotal]
[ADMIN] [2/20/2017 14:41] [RETUR PENJUALAN] RETUR PENJUALAN : detailReturDataGridView_CellValueChanged [qty]
[ADMIN] [2/20/2017 14:41] [RETUR PENJUALAN] RETUR PENJUALAN : detailReturDataGridView_CellValueChanged [qty]
[ADMIN] [2/20/2017 14:41] [RETUR PENJUALAN] RETUR PENJUALAN : detailReturDataGridView_CellValueChanged [qty]
[ADMIN] [2/20/2017 14:41] [RETUR PENJUALAN] RETUR PENJUALAN : detailReturDataGridView_CellValueChanged [subtotal]
[ADMIN] [2/20/2017 14:41] [RETUR PENJUALAN] RETUR PENJUALAN : detailReturDataGridView_CellValueChanged [qty]
[ADMIN] [2/20/2017 14:41] [RETUR PENJUALAN] RETUR PENJUALAN : detailReturDataGridView_CellValueChanged [subtotal]
[ADMIN] [2/20/2017 14:41] [RETUR PENJUALAN] RETUR PENJUALAN : detailReturDataGridView_CellValueChanged [qty]
[ADMIN] [2/20/2017 14:41] [RETUR PENJUALAN] RETUR PENJUALAN : detailReturDataGridView_CellValueChanged [qty]
[ADMIN] [2/20/2017 14:41] [RETUR PENJUALAN] RETUR PENJUALAN : detailReturDataGridView_CellValueChanged [subtotal]
[ADMIN] [2/20/2017 14:41] [RETUR PENJUALAN] RETUR PENJUALAN : detailReturDataGridView_CellValueChanged [qty]
[ADMIN] [2/20/2017 14:41] [RETUR PENJUALAN] RETUR PENJUALAN : detailReturDataGridView_CellValueChanged [subtotal]
[ADMIN] [2/20/2017 14:41] [RETUR PENJUALAN] RETUR PENJUALAN : detailReturDataGridView_CellValueChanged [qty]
[ADMIN] [2/20/2017 14:41] [RETUR PENJUALAN] RETUR PENJUALAN : detailReturDataGridView_CellValueChanged [subtotal]
[ADMIN] [2/20/2017 14:41] [RETUR PENJUALAN] RETUR PENJUALAN : detailReturDataGridView_CellValueChanged [qty]
[ADMIN] [2/20/2017 14:41] [RETUR PENJUALAN] RETUR PENJUALAN : detailReturDataGridView_CellValueChanged [subtotal]
[ADMIN] [2/20/2017 14:41] [RETUR PENJUALAN] RETUR PENJUALAN : detailReturDataGridView_CellValueChanged [qty]
[ADMIN] [2/20/2017 14:41] [RETUR PENJUALAN] RETUR PENJUALAN : detailReturDataGridView_CellValueChanged [subtotal]
[ADMIN] [2/20/2017 14:41] [RETUR PENJUALAN] RETUR PENJUALAN : detailReturDataGridView_CellValueChanged [qty]
[ADMIN] [2/20/2017 14:41] [RETUR PENJUALAN] RETUR PENJUALAN : detailReturDataGridView_CellValueChanged [subtotal]
[ADMIN] [2/20/2017 14:41] [RETUR PENJUALAN] RETUR PENJUALAN : detailReturDataGridView_CellValueChanged [qty]
[ADMIN] [2/20/2017 14:41] [RETUR PENJUALAN] RETUR PENJUALAN : detailReturDataGridView_CellValueChanged [subtotal]
[ADMIN] [2/20/2017 14:41] [RETUR PENJUALAN] RETUR PENJUALAN : detailReturDataGridView_CellValueChanged [qty]
[ADMIN] [2/20/2017 14:41] [RETUR PENJUALAN] RETUR PENJUALAN : detailReturDataGridView_CellValueChanged [subtotal]
[ADMIN] [2/20/2017 14:41] [RETUR PENJUALAN] RETUR PENJUALAN : detailReturDataGridView_CellValueChanged [qty]
[ADMIN] [2/20/2017 14:41] [RETUR PENJUALAN] RETUR PENJUALAN : detailReturDataGridView_CellValueChanged [qty]
[ADMIN] [2/20/2017 14:41] [RETUR PENJUALAN] RETUR PENJUALAN : detailReturDataGridView_CellValueChanged [subtotal]
[ADMIN] [2/20/2017 14:41] [RETUR PENJUALAN] RETUR PENJUALAN : detailReturDataGridView_CellValueChanged [qty]
[ADMIN] [2/20/2017 14:41] [RETUR PENJUALAN] RETUR PENJUALAN : detailReturDataGridView_CellValueChanged [subtotal]
[ADMIN] [2/20/2017 14:42] [RETUR PENJUALAN] RETUR PENJUALAN : detailReturDataGridView_CellValueChanged [qty]
[ADMIN] [2/20/2017 14:42] [RETUR PENJUALAN] RETUR PENJUALAN : detailReturDataGridView_CellValueChanged [subtotal]
[ADMIN] [2/20/2017 14:42] [RETUR PENJUALAN] RETUR PENJUALAN : detailReturDataGridView_CellValueChanged [productName]
[ADMIN] [2/20/2017 14:42] [RETUR PENJUALAN] RETUR PENJUALAN : detailReturDataGridView_CellValueChanged [productPrice]
[ADMIN] [2/20/2017 14:42] [RETUR PENJUALAN] RETUR PENJUALAN : detailReturDataGridView_CellValueChanged [subtotal]
[ADMIN] [2/20/2017 14:42] [RETUR PENJUALAN] RETUR PENJUALAN : detailReturDataGridView_CellValueChanged [qty]
[ADMIN] [2/20/2017 14:42] [RETUR PENJUALAN] RETUR PENJUALAN : detailReturDataGridView_CellValueChanged [subtotal]
[ADMIN] [2/20/2017 14:42] [RETUR PENJUALAN] RETUR PENJUALAN : detailReturDataGridView_CellValueChanged [SOqty]
[ADMIN] [2/20/2017 14:42] [RETUR PENJUALAN] RETUR PENJUALAN : detailReturDataGridView_CellValueChanged [disc1]
[ADMIN] [2/20/2017 14:42] [RETUR PENJUALAN] RETUR PENJUALAN : detailReturDataGridView_CellValueChanged [disc2]
[ADMIN] [2/20/2017 14:42] [RETUR PENJUALAN] RETUR PENJUALAN : detailReturDataGridView_CellValueChanged [discRP]
[ADMIN] [2/20/2017 14:42] [RETUR PENJUALAN] RETUR PENJUALAN : detailReturDataGridView_CellValueChanged [productName]
[ADMIN] [2/20/2017 14:42] [RETUR PENJUALAN] RETUR PENJUALAN : detailReturDataGridView_CellValueChanged [productName]
[ADMIN] [2/20/2017 14:42] [RETUR PENJUALAN] RETUR PENJUALAN : detailReturDataGridView_CellValueChanged [subtotal]
[ADMIN] [2/20/2017 14:42] [RETUR PENJUALAN] RETUR PENJUALAN : detailReturDataGridView_CellValueChanged [productName]
[ADMIN] [2/20/2017 14:42] [RETUR PENJUALAN] RETUR PENJUALAN : detailReturDataGridView_CellValueChanged [productName]
[ADMIN] [2/20/2017 14:42] [] [POS SEARCH PRODUCT] D:\Project\Rejeki_Utama\_CODE_\Rejeki_Utama\Rejeki_Utama\bin\Debug\PRODUCT_PHOTO\ 
[ADMIN] [2/20/2017 14:42] [RETUR PENJUALAN] RETUR PENJUALAN : detailReturDataGridView_CellValueChanged [productName]
[ADMIN] [2/20/2017 14:42] [RETUR PENJUALAN] updateSomeRowsContent, PRODUCT_BASE_PRICE [200]
[ADMIN] [2/20/2017 14:42] [RETUR PENJUALAN] RETUR PENJUALAN : detailReturDataGridView_CellValueChanged [productPrice]
[ADMIN] [2/20/2017 14:42] [RETUR PENJUALAN] RETUR PENJUALAN : detailReturDataGridView_CellValueChanged [qty]
[ADMIN] [2/20/2017 14:42] [RETUR PENJUALAN] RETUR PENJUALAN : detailReturDataGridView_CellValueChanged [subtotal]
[ADMIN] [2/20/2017 14:42] [RETUR PENJUALAN] RETUR PENJUALAN : detailReturDataGridView_CellValueChanged [subtotal]
[ADMIN] [2/20/2017 14:42] [RETUR PENJUALAN] updateSomeRowsContent, attempt to calculate total
[ADMIN] [2/20/2017 14:42] [RETUR PENJUALAN] RETUR PENJUALAN : detailReturDataGridView_CellValueChanged [SOqty]
[ADMIN] [2/20/2017 14:42] [RETUR PENJUALAN] RETUR PENJUALAN : detailReturDataGridView_CellValueChanged [disc1]
[ADMIN] [2/20/2017 14:42] [RETUR PENJUALAN] RETUR PENJUALAN : detailReturDataGridView_CellValueChanged [disc2]
[ADMIN] [2/20/2017 14:42] [RETUR PENJUALAN] RETUR PENJUALAN : detailReturDataGridView_CellValueChanged [discRP]
[ADMIN] [2/20/2017 14:42] [RETUR PENJUALAN] RETUR PENJUALAN : detailReturDataGridView_CellValueChanged [subtotal]
[ADMIN] [2/20/2017 14:42] [RETUR PENJUALAN] RETUR PENJUALAN : detailReturDataGridView_CellValueChanged [qty]
[ADMIN] [2/20/2017 14:42] [RETUR PENJUALAN] RETUR PENJUALAN : detailReturDataGridView_CellValueChanged [subtotal]
[ADMIN] [2/20/2017 14:42] [RETUR PENJUALAN] RETUR PENJUALAN : detailReturDataGridView_CellValueChanged [productName]
[ADMIN] [2/20/2017 14:42] [RETUR PENJUALAN] RETUR PENJUALAN : detailReturDataGridView_CellValueChanged [productPrice]
[ADMIN] [2/20/2017 14:42] [RETUR PENJUALAN] RETUR PENJUALAN : detailReturDataGridView_CellValueChanged [subtotal]
[ADMIN] [2/20/2017 14:42] [RETUR PENJUALAN] RETUR PENJUALAN : detailReturDataGridView_CellValueChanged [qty]
[ADMIN] [2/20/2017 14:42] [RETUR PENJUALAN] RETUR PENJUALAN : detailReturDataGridView_CellValueChanged [subtotal]
[ADMIN] [2/20/2017 14:42] [RETUR PENJUALAN] RETUR PENJUALAN : detailReturDataGridView_CellValueChanged [SOqty]
[ADMIN] [2/20/2017 14:42] [RETUR PENJUALAN] RETUR PENJUALAN : detailReturDataGridView_CellValueChanged [disc1]
[ADMIN] [2/20/2017 14:42] [RETUR PENJUALAN] RETUR PENJUALAN : detailReturDataGridView_CellValueChanged [disc2]
[ADMIN] [2/20/2017 14:42] [RETUR PENJUALAN] RETUR PENJUALAN : detailReturDataGridView_CellValueChanged [discRP]
[] [2/20/2017 14:50] [] USER = ADMIN IS ACTIVE
[ADMIN] [2/20/2017 14:50] [] USER ID = 1 LOGIN SUCCESSFULLY
[ADMIN] [2/20/2017 14:50] [] ACTIVATE USER ACCESS RIGHT
[ADMIN] [2/20/2017 14:50] [] DISPLAY ADMIN FORM
[ADMIN] [2/20/2017 14:50] [] adminForm Load
[ADMIN] [2/20/2017 14:51] [RETUR PENJUALAN] RETUR PENJUALAN : detailReturDataGridView_CellValueChanged [qty]
[ADMIN] [2/20/2017 14:51] [RETUR PENJUALAN] RETUR PENJUALAN : detailReturDataGridView_CellValueChanged [subtotal]
[ADMIN] [2/20/2017 14:51] [RETUR PENJUALAN] RETUR PENJUALAN : detailReturDataGridView_CellValueChanged [productName]
[ADMIN] [2/20/2017 14:51] [RETUR PENJUALAN] RETUR PENJUALAN : detailReturDataGridView_CellValueChanged [productName]
[ADMIN] [2/20/2017 14:51] [RETUR PENJUALAN] RETUR PENJUALAN : detailReturDataGridView_CellValueChanged [productPrice]
[ADMIN] [2/20/2017 14:51] [RETUR PENJUALAN] RETUR PENJUALAN : detailReturDataGridView_CellValueChanged [subtotal]
[ADMIN] [2/20/2017 14:51] [RETUR PENJUALAN] RETUR PENJUALAN : detailReturDataGridView_CellValueChanged [SOqty]
[ADMIN] [2/20/2017 14:51] [RETUR PENJUALAN] RETUR PENJUALAN : detailReturDataGridView_CellValueChanged [disc1]
[ADMIN] [2/20/2017 14:51] [RETUR PENJUALAN] RETUR PENJUALAN : detailReturDataGridView_CellValueChanged [disc2]
[ADMIN] [2/20/2017 14:51] [RETUR PENJUALAN] RETUR PENJUALAN : detailReturDataGridView_CellValueChanged [discRP]
[ADMIN] [2/20/2017 14:51] [] [POS SEARCH PRODUCT] D:\Project\Rejeki_Utama\_CODE_\Rejeki_Utama\Rejeki_Utama\bin\Debug\PRODUCT_PHOTO\ 
[ADMIN] [2/20/2017 14:51] [RETUR PENJUALAN] RETUR PENJUALAN : detailReturDataGridView_CellValueChanged [productID]
[ADMIN] [2/20/2017 14:51] [RETUR PENJUALAN] RETUR PENJUALAN : detailReturDataGridView_CellValueChanged [productName]
[ADMIN] [2/20/2017 14:51] [RETUR PENJUALAN] updateSomeRowsContent, PRODUCT_BASE_PRICE [200]
[ADMIN] [2/20/2017 14:51] [RETUR PENJUALAN] RETUR PENJUALAN : detailReturDataGridView_CellValueChanged [productPrice]
[ADMIN] [2/20/2017 14:51] [RETUR PENJUALAN] RETUR PENJUALAN : detailReturDataGridView_CellValueChanged [qty]
[ADMIN] [2/20/2017 14:51] [RETUR PENJUALAN] RETUR PENJUALAN : detailReturDataGridView_CellValueChanged [subtotal]
[ADMIN] [2/20/2017 14:51] [RETUR PENJUALAN] RETUR PENJUALAN : detailReturDataGridView_CellValueChanged [subtotal]
[ADMIN] [2/20/2017 14:51] [RETUR PENJUALAN] updateSomeRowsContent, attempt to calculate total
[ADMIN] [2/20/2017 14:51] [RETUR PENJUALAN] RETUR PENJUALAN : detailReturDataGridView_CellValueChanged [SOqty]
[ADMIN] [2/20/2017 14:51] [RETUR PENJUALAN] RETUR PENJUALAN : detailReturDataGridView_CellValueChanged [disc1]
[ADMIN] [2/20/2017 14:51] [RETUR PENJUALAN] RETUR PENJUALAN : detailReturDataGridView_CellValueChanged [disc2]
[ADMIN] [2/20/2017 14:51] [RETUR PENJUALAN] RETUR PENJUALAN : detailReturDataGridView_CellValueChanged [discRP]
[ADMIN] [2/20/2017 14:51] [RETUR PENJUALAN] RETUR PENJUALAN : detailReturDataGridView_CellValueChanged [subtotal]
[ADMIN] [2/20/2017 14:51] [RETUR PENJUALAN] RETUR PENJUALAN : detailReturDataGridView_CellValueChanged [qty]
[ADMIN] [2/20/2017 14:51] [RETUR PENJUALAN] RETUR PENJUALAN : detailReturDataGridView_CellValueChanged [subtotal]
[ADMIN] [2/20/2017 14:51] [RETUR PENJUALAN] RETUR PENJUALAN : detailReturDataGridView_CellValueChanged [qty]
[ADMIN] [2/20/2017 14:51] [RETUR PENJUALAN] RETUR PENJUALAN : detailReturDataGridView_CellValueChanged [subtotal]
[ADMIN] [2/20/2017 14:51] [RETUR PENJUALAN] RETUR PENJUALAN : detailReturDataGridView_CellValueChanged [productName]
[ADMIN] [2/20/2017 14:51] [RETUR PENJUALAN] RETUR PENJUALAN : detailReturDataGridView_CellValueChanged [productName]
[ADMIN] [2/20/2017 14:51] [RETUR PENJUALAN] RETUR PENJUALAN : detailReturDataGridView_CellValueChanged [productPrice]
[ADMIN] [2/20/2017 14:51] [RETUR PENJUALAN] RETUR PENJUALAN : detailReturDataGridView_CellValueChanged [subtotal]
[ADMIN] [2/20/2017 14:51] [RETUR PENJUALAN] RETUR PENJUALAN : detailReturDataGridView_CellValueChanged [SOqty]
[ADMIN] [2/20/2017 14:51] [RETUR PENJUALAN] RETUR PENJUALAN : detailReturDataGridView_CellValueChanged [disc1]
[ADMIN] [2/20/2017 14:51] [RETUR PENJUALAN] RETUR PENJUALAN : detailReturDataGridView_CellValueChanged [disc2]
[ADMIN] [2/20/2017 14:51] [RETUR PENJUALAN] RETUR PENJUALAN : detailReturDataGridView_CellValueChanged [discRP]
[ADMIN] [2/20/2017 14:51] [] [POS SEARCH PRODUCT] D:\Project\Rejeki_Utama\_CODE_\Rejeki_Utama\Rejeki_Utama\bin\Debug\PRODUCT_PHOTO\ 
[ADMIN] [2/20/2017 14:51] [RETUR PENJUALAN] RETUR PENJUALAN : detailReturDataGridView_CellValueChanged [productID]
[ADMIN] [2/20/2017 14:51] [RETUR PENJUALAN] RETUR PENJUALAN : detailReturDataGridView_CellValueChanged [productName]
[ADMIN] [2/20/2017 14:51] [RETUR PENJUALAN] updateSomeRowsContent, PRODUCT_BASE_PRICE [0]
[ADMIN] [2/20/2017 14:51] [RETUR PENJUALAN] RETUR PENJUALAN : detailReturDataGridView_CellValueChanged [productPrice]
[ADMIN] [2/20/2017 14:51] [RETUR PENJUALAN] RETUR PENJUALAN : detailReturDataGridView_CellValueChanged [qty]
[ADMIN] [2/20/2017 14:51] [RETUR PENJUALAN] RETUR PENJUALAN : detailReturDataGridView_CellValueChanged [subtotal]
[ADMIN] [2/20/2017 14:51] [RETUR PENJUALAN] RETUR PENJUALAN : detailReturDataGridView_CellValueChanged [subtotal]
[ADMIN] [2/20/2017 14:51] [RETUR PENJUALAN] updateSomeRowsContent, attempt to calculate total
[ADMIN] [2/20/2017 14:51] [RETUR PENJUALAN] RETUR PENJUALAN : detailReturDataGridView_CellValueChanged [SOqty]
[ADMIN] [2/20/2017 14:51] [RETUR PENJUALAN] RETUR PENJUALAN : detailReturDataGridView_CellValueChanged [disc1]
[ADMIN] [2/20/2017 14:51] [RETUR PENJUALAN] RETUR PENJUALAN : detailReturDataGridView_CellValueChanged [disc2]
[ADMIN] [2/20/2017 14:51] [RETUR PENJUALAN] RETUR PENJUALAN : detailReturDataGridView_CellValueChanged [discRP]
[ADMIN] [2/20/2017 14:51] [RETUR PENJUALAN] RETUR PENJUALAN : detailReturDataGridView_CellValueChanged [subtotal]
[ADMIN] [2/20/2017 14:51] [] [POS SEARCH PRODUCT] D:\Project\Rejeki_Utama\_CODE_\Rejeki_Utama\Rejeki_Utama\bin\Debug\PRODUCT_PHOTO\ 
[ADMIN] [2/20/2017 14:51] [RETUR PENJUALAN] RETUR PENJUALAN : detailReturDataGridView_CellValueChanged [qty]
[ADMIN] [2/20/2017 14:51] [RETUR PENJUALAN] RETUR PENJUALAN : detailReturDataGridView_CellValueChanged [qty]
[ADMIN] [2/20/2017 14:51] [RETUR PENJUALAN] RETUR PENJUALAN : detailReturDataGridView_CellValueChanged [subtotal]
[ADMIN] [2/20/2017 14:51] [RETUR PENJUALAN] RETUR PENJUALAN : detailReturDataGridView_CellValueChanged [qty]
[ADMIN] [2/20/2017 14:51] [RETUR PENJUALAN] RETUR PENJUALAN : detailReturDataGridView_CellValueChanged [subtotal]
[ADMIN] [2/20/2017 14:51] [RETUR PENJUALAN] RETUR PENJUALAN : detailReturDataGridView_CellValueChanged [qty]
[ADMIN] [2/20/2017 14:51] [RETUR PENJUALAN] RETUR PENJUALAN : detailReturDataGridView_CellValueChanged [qty]
[ADMIN] [2/20/2017 14:51] [RETUR PENJUALAN] RETUR PENJUALAN : detailReturDataGridView_CellValueChanged [subtotal]
[ADMIN] [2/20/2017 14:51] [RETUR PENJUALAN] RETUR PENJUALAN : detailReturDataGridView_CellValueChanged [qty]
[ADMIN] [2/20/2017 14:51] [RETUR PENJUALAN] RETUR PENJUALAN : detailReturDataGridView_CellValueChanged [subtotal]
[ADMIN] [2/20/2017 14:56] [RETUR PENJUALAN] RETUR PENJUALAN : detailReturDataGridView_CellValueChanged [productName]
[ADMIN] [2/20/2017 14:56] [RETUR PENJUALAN] RETUR PENJUALAN : detailReturDataGridView_CellValueChanged [productName]
[ADMIN] [2/20/2017 14:56] [RETUR PENJUALAN] RETUR PENJUALAN : detailReturDataGridView_CellValueChanged [productPrice]
[ADMIN] [2/20/2017 14:56] [RETUR PENJUALAN] RETUR PENJUALAN : detailReturDataGridView_CellValueChanged [subtotal]
[ADMIN] [2/20/2017 14:56] [RETUR PENJUALAN] RETUR PENJUALAN : detailReturDataGridView_CellValueChanged [SOqty]
[ADMIN] [2/20/2017 14:56] [RETUR PENJUALAN] RETUR PENJUALAN : detailReturDataGridView_CellValueChanged [disc1]
[ADMIN] [2/20/2017 14:56] [RETUR PENJUALAN] RETUR PENJUALAN : detailReturDataGridView_CellValueChanged [disc2]
[ADMIN] [2/20/2017 14:56] [RETUR PENJUALAN] RETUR PENJUALAN : detailReturDataGridView_CellValueChanged [discRP]
[ADMIN] [2/20/2017 14:56] [] [POS SEARCH PRODUCT] D:\Project\Rejeki_Utama\_CODE_\Rejeki_Utama\Rejeki_Utama\bin\Debug\PRODUCT_PHOTO\ 
[ADMIN] [2/20/2017 14:56] [RETUR PENJUALAN] RETUR PENJUALAN : detailReturDataGridView_CellValueChanged [productID]
[ADMIN] [2/20/2017 14:56] [RETUR PENJUALAN] RETUR PENJUALAN : detailReturDataGridView_CellValueChanged [productName]
[ADMIN] [2/20/2017 14:56] [RETUR PENJUALAN] updateSomeRowsContent, PRODUCT_BASE_PRICE [200]
[ADMIN] [2/20/2017 14:56] [RETUR PENJUALAN] RETUR PENJUALAN : detailReturDataGridView_CellValueChanged [productPrice]
[ADMIN] [2/20/2017 14:56] [RETUR PENJUALAN] RETUR PENJUALAN : detailReturDataGridView_CellValueChanged [qty]
[ADMIN] [2/20/2017 14:56] [RETUR PENJUALAN] RETUR PENJUALAN : detailReturDataGridView_CellValueChanged [subtotal]
[ADMIN] [2/20/2017 14:56] [RETUR PENJUALAN] RETUR PENJUALAN : detailReturDataGridView_CellValueChanged [subtotal]
[ADMIN] [2/20/2017 14:56] [RETUR PENJUALAN] updateSomeRowsContent, attempt to calculate total
[ADMIN] [2/20/2017 14:56] [RETUR PENJUALAN] RETUR PENJUALAN : detailReturDataGridView_CellValueChanged [SOqty]
[ADMIN] [2/20/2017 14:56] [RETUR PENJUALAN] RETUR PENJUALAN : detailReturDataGridView_CellValueChanged [disc1]
[ADMIN] [2/20/2017 14:56] [RETUR PENJUALAN] RETUR PENJUALAN : detailReturDataGridView_CellValueChanged [disc2]
[ADMIN] [2/20/2017 14:56] [RETUR PENJUALAN] RETUR PENJUALAN : detailReturDataGridView_CellValueChanged [discRP]
[ADMIN] [2/20/2017 14:56] [RETUR PENJUALAN] RETUR PENJUALAN : detailReturDataGridView_CellValueChanged [subtotal]
[ADMIN] [2/20/2017 14:56] [RETUR PENJUALAN] RETUR PENJUALAN : detailReturDataGridView_CellValueChanged [qty]
[ADMIN] [2/20/2017 14:56] [RETUR PENJUALAN] RETUR PENJUALAN : detailReturDataGridView_CellValueChanged [subtotal]
[ADMIN] [2/20/2017 14:56] [RETUR PENJUALAN] RETUR PENJUALAN : detailReturDataGridView_CellValueChanged [productName]
[ADMIN] [2/20/2017 14:56] [RETUR PENJUALAN] RETUR PENJUALAN : detailReturDataGridView_CellValueChanged [productName]
[ADMIN] [2/20/2017 14:56] [RETUR PENJUALAN] RETUR PENJUALAN : detailReturDataGridView_CellValueChanged [productPrice]
[ADMIN] [2/20/2017 14:56] [RETUR PENJUALAN] RETUR PENJUALAN : detailReturDataGridView_CellValueChanged [subtotal]
[ADMIN] [2/20/2017 14:56] [RETUR PENJUALAN] RETUR PENJUALAN : detailReturDataGridView_CellValueChanged [qty]
[ADMIN] [2/20/2017 14:56] [RETUR PENJUALAN] RETUR PENJUALAN : detailReturDataGridView_CellValueChanged [subtotal]
[ADMIN] [2/20/2017 14:56] [RETUR PENJUALAN] RETUR PENJUALAN : detailReturDataGridView_CellValueChanged [SOqty]
[ADMIN] [2/20/2017 14:56] [RETUR PENJUALAN] RETUR PENJUALAN : detailReturDataGridView_CellValueChanged [disc1]
[ADMIN] [2/20/2017 14:56] [RETUR PENJUALAN] RETUR PENJUALAN : detailReturDataGridView_CellValueChanged [disc2]
[ADMIN] [2/20/2017 14:56] [RETUR PENJUALAN] RETUR PENJUALAN : detailReturDataGridView_CellValueChanged [discRP]
[ADMIN] [2/20/2017 14:56] [] [POS SEARCH PRODUCT] D:\Project\Rejeki_Utama\_CODE_\Rejeki_Utama\Rejeki_Utama\bin\Debug\PRODUCT_PHOTO\ 
[ADMIN] [2/20/2017 14:56] [RETUR PENJUALAN] RETUR PENJUALAN : detailReturDataGridView_CellValueChanged [productID]
[ADMIN] [2/20/2017 14:56] [RETUR PENJUALAN] RETUR PENJUALAN : detailReturDataGridView_CellValueChanged [productName]
[ADMIN] [2/20/2017 14:56] [RETUR PENJUALAN] updateSomeRowsContent, PRODUCT_BASE_PRICE [0]
[ADMIN] [2/20/2017 14:56] [RETUR PENJUALAN] RETUR PENJUALAN : detailReturDataGridView_CellValueChanged [productPrice]
[ADMIN] [2/20/2017 14:56] [RETUR PENJUALAN] RETUR PENJUALAN : detailReturDataGridView_CellValueChanged [qty]
[ADMIN] [2/20/2017 14:56] [RETUR PENJUALAN] RETUR PENJUALAN : detailReturDataGridView_CellValueChanged [subtotal]
[ADMIN] [2/20/2017 14:56] [RETUR PENJUALAN] updateSomeRowsContent, attempt to calculate total
[ADMIN] [2/20/2017 14:56] [RETUR PENJUALAN] RETUR PENJUALAN : detailReturDataGridView_CellValueChanged [SOqty]
[ADMIN] [2/20/2017 14:56] [RETUR PENJUALAN] RETUR PENJUALAN : detailReturDataGridView_CellValueChanged [disc1]
[ADMIN] [2/20/2017 14:56] [RETUR PENJUALAN] RETUR PENJUALAN : detailReturDataGridView_CellValueChanged [disc2]
[ADMIN] [2/20/2017 14:56] [RETUR PENJUALAN] RETUR PENJUALAN : detailReturDataGridView_CellValueChanged [discRP]
[ADMIN] [2/20/2017 14:56] [RETUR PENJUALAN] RETUR PENJUALAN : detailReturDataGridView_CellValueChanged [subtotal]
[ADMIN] [2/20/2017 14:56] [] [POS SEARCH PRODUCT] D:\Project\Rejeki_Utama\_CODE_\Rejeki_Utama\Rejeki_Utama\bin\Debug\PRODUCT_PHOTO\ 
[ADMIN] [2/20/2017 14:56] [RETUR PENJUALAN] RETUR PENJUALAN : detailReturDataGridView_CellValueChanged [qty]
[ADMIN] [2/20/2017 14:56] [RETUR PENJUALAN] RETUR PENJUALAN : detailReturDataGridView_CellValueChanged [qty]
[ADMIN] [2/20/2017 14:56] [RETUR PENJUALAN] RETUR PENJUALAN : detailReturDataGridView_CellValueChanged [subtotal]
[ADMIN] [2/20/2017 14:56] [RETUR PENJUALAN] RETUR PENJUALAN : detailReturDataGridView_CellValueChanged [qty]
[ADMIN] [2/20/2017 14:56] [RETUR PENJUALAN] RETUR PENJUALAN : detailReturDataGridView_CellValueChanged [subtotal]
[ADMIN] [2/20/2017 14:56] [RETUR PENJUALAN] RETUR PENJUALAN : detailReturDataGridView_CellValueChanged [qty]
[ADMIN] [2/20/2017 14:56] [RETUR PENJUALAN] RETUR PENJUALAN : detailReturDataGridView_CellValueChanged [subtotal]
[ADMIN] [2/20/2017 14:56] [RETUR PENJUALAN] RETUR PENJUALAN : detailReturDataGridView_CellValueChanged [qty]
[ADMIN] [2/20/2017 14:56] [RETUR PENJUALAN] RETUR PENJUALAN : detailReturDataGridView_CellValueChanged [subtotal]
[ADMIN] [2/20/2017 14:56] [RETUR PENJUALAN] RETUR PENJUALAN : detailReturDataGridView_CellValueChanged [qty]
[ADMIN] [2/20/2017 14:56] [RETUR PENJUALAN] RETUR PENJUALAN : detailReturDataGridView_CellValueChanged [qty]
[ADMIN] [2/20/2017 14:56] [RETUR PENJUALAN] RETUR PENJUALAN : detailReturDataGridView_CellValueChanged [subtotal]
[ADMIN] [2/20/2017 14:56] [RETUR PENJUALAN] RETUR PENJUALAN : detailReturDataGridView_CellValueChanged [qty]
[ADMIN] [2/20/2017 14:56] [RETUR PENJUALAN] RETUR PENJUALAN : detailReturDataGridView_CellValueChanged [subtotal]
[ADMIN] [2/20/2017 14:56] [] USER ID = 1LOGOUT
