[] [10/17/2016 14:56] [] USER = ADMIN IS ACTIVE
[ADMIN] [10/17/2016 14:56] [] USER ID = 1 LOGIN SUCCESSFULLY
[ADMIN] [10/17/2016 14:56] [] ACTIVATE USER ACCESS RIGHT
[ADMIN] [10/17/2016 14:56] [] DISPLAY ADMIN FORM
[ADMIN] [10/17/2016 14:56] [] adminForm Load
[ADMIN] [10/17/2016 14:56] [PENJUALAN] CASHIER FORM : MULTIPLE CASHIER INSTANCE [1]
[ADMIN] [10/17/2016 14:56] [PENJUALAN] CASHIER FORM : REGISTER HOTKEY
[ADMIN] [10/17/2016 14:56] [PENJUALAN] CASHIER FORM : cashierForm_Load, ATTEMPT TO LOAD NO FAKTUR
[ADMIN] [10/17/2016 14:56] [PENJUALAN] CASHIER FORM : loadNoFaktur, noFakturValue [SLO001]
[ADMIN] [10/17/2016 14:56] [PENJUALAN] CASHIER FORM : cashierForm_Load, ATTEMPT TO addColumnToDataGrid
[ADMIN] [10/17/2016 14:56] [PENJUALAN] CASHIER FORM : calculateTotal
[ADMIN] [10/17/2016 14:56] [PENJUALAN] CASHIER FORM : calculateTotal [0]
[ADMIN] [10/17/2016 14:56] [PENJUALAN] CASHIER FORM : calculateTotal, totalAfterDisc [0]
[ADMIN] [10/17/2016 14:56] [PENJUALAN] CASHIER FORM : REGISTER HOTKEY
[ADMIN] [10/17/2016 14:56] [PENJUALAN] CASHIER FORM : UNREGISTER HOTKEY
[ADMIN] [10/17/2016 14:56] [PENJUALAN] CASHIER FORM : UNREGISTER HOTKEY
[] [10/17/2016 15:01] [] USER = ADMIN IS ACTIVE
[ADMIN] [10/17/2016 15:01] [] USER ID = 1 LOGIN SUCCESSFULLY
[ADMIN] [10/17/2016 15:01] [] ACTIVATE USER ACCESS RIGHT
[ADMIN] [10/17/2016 15:01] [] DISPLAY ADMIN FORM
[ADMIN] [10/17/2016 15:01] [] adminForm Load
[ADMIN] [10/17/2016 15:01] [PENJUALAN] CASHIER FORM : MULTIPLE CASHIER INSTANCE [1]
[ADMIN] [10/17/2016 15:01] [PENJUALAN] CASHIER FORM : REGISTER HOTKEY
[ADMIN] [10/17/2016 15:01] [PENJUALAN] CASHIER FORM : cashierForm_Load, ATTEMPT TO LOAD NO FAKTUR
[ADMIN] [10/17/2016 15:01] [PENJUALAN] CASHIER FORM : loadNoFaktur, noFakturValue [SLO001]
[ADMIN] [10/17/2016 15:01] [PENJUALAN] CASHIER FORM : cashierForm_Load, ATTEMPT TO addColumnToDataGrid
[ADMIN] [10/17/2016 15:01] [PENJUALAN] CASHIER FORM : calculateTotal
[ADMIN] [10/17/2016 15:01] [PENJUALAN] CASHIER FORM : calculateTotal [0]
[ADMIN] [10/17/2016 15:01] [PENJUALAN] CASHIER FORM : calculateTotal, totalAfterDisc [0]
[ADMIN] [10/17/2016 15:01] [PENJUALAN] CASHIER FORM : REGISTER HOTKEY
[ADMIN] [10/17/2016 15:01] [PENJUALAN] CASHIER FORM : HOTKEY TO ADD NEW ROW PRESSED
[ADMIN] [10/17/2016 15:01] [PENJUALAN] CASHIER FORM : ADD NEW ROW,  isActive [True]
[ADMIN] [10/17/2016 15:01] [PENJUALAN] CASHIER FORM : ADD NEW ROW,  ROW COUNT [0]
[ADMIN] [10/17/2016 15:01] [PENJUALAN] CASHIER FORM : ADD NEW ROW,  ALLOW TO ADD [True]
[ADMIN] [10/17/2016 15:01] [PENJUALAN] CASHIER FORM : cashierDataGridView_CellValueChanged [F8]
[ADMIN] [10/17/2016 15:01] [PENJUALAN] CASHIER FORM : cashierDataGridView_CellValueChanged [hpp]
[ADMIN] [10/17/2016 15:01] [PENJUALAN] CASHIER FORM : cashierDataGridView_CellValueChanged [productPrice]
[ADMIN] [10/17/2016 15:01] [PENJUALAN] CASHIER FORM : TextBox_TextChanged, previousInput []
[ADMIN] [10/17/2016 15:01] [PENJUALAN] CASHIER FORM : TextBox_TextChanged, dataGridViewTextBoxEditingControl.Text pass REGEX Checking
[ADMIN] [10/17/2016 15:01] [PENJUALAN] CASHIER FORM : CALCULATE SUBTOTAL
[ADMIN] [10/17/2016 15:01] [PENJUALAN] CASHIER FORM : SUBTOTAL [0]
[ADMIN] [10/17/2016 15:01] [PENJUALAN] CASHIER FORM : TextBox_TextChanged, subtotal value [0]
[ADMIN] [10/17/2016 15:01] [PENJUALAN] CASHIER FORM : TextBox_TextChanged, attempt to calculate total value
[ADMIN] [10/17/2016 15:01] [PENJUALAN] CASHIER FORM : calculateTotal
[ADMIN] [10/17/2016 15:01] [PENJUALAN] CASHIER FORM : calculateTotal [0]
[ADMIN] [10/17/2016 15:01] [PENJUALAN] CASHIER FORM : calculateTotal, totalAfterDisc [0]
[ADMIN] [10/17/2016 15:01] [PENJUALAN] CASHIER FORM : cashierDataGridView_CellValueChanged [disc1]
[ADMIN] [10/17/2016 15:01] [PENJUALAN] CASHIER FORM : TextBox_TextChanged, previousInput []
[ADMIN] [10/17/2016 15:01] [PENJUALAN] CASHIER FORM : TextBox_TextChanged, dataGridViewTextBoxEditingControl.Text pass REGEX Checking
[ADMIN] [10/17/2016 15:01] [PENJUALAN] CASHIER FORM : CALCULATE SUBTOTAL
[ADMIN] [10/17/2016 15:01] [PENJUALAN] CASHIER FORM : SUBTOTAL [0]
[ADMIN] [10/17/2016 15:01] [PENJUALAN] CASHIER FORM : TextBox_TextChanged, subtotal value [0]
[ADMIN] [10/17/2016 15:01] [PENJUALAN] CASHIER FORM : TextBox_TextChanged, attempt to calculate total value
[ADMIN] [10/17/2016 15:01] [PENJUALAN] CASHIER FORM : calculateTotal
[ADMIN] [10/17/2016 15:01] [PENJUALAN] CASHIER FORM : calculateTotal [0]
[ADMIN] [10/17/2016 15:01] [PENJUALAN] CASHIER FORM : calculateTotal, totalAfterDisc [0]
[ADMIN] [10/17/2016 15:01] [PENJUALAN] CASHIER FORM : cashierDataGridView_CellValueChanged [qty]
[ADMIN] [10/17/2016 15:01] [PENJUALAN] CASHIER FORM : TextBox_TextChanged, previousInput []
[ADMIN] [10/17/2016 15:01] [PENJUALAN] CASHIER FORM : TextBox_TextChanged, dataGridViewTextBoxEditingControl.Text pass REGEX Checking
[ADMIN] [10/17/2016 15:01] [PENJUALAN] CASHIER FORM : CALCULATE SUBTOTAL
[ADMIN] [10/17/2016 15:01] [PENJUALAN] CASHIER FORM : SUBTOTAL [0]
[ADMIN] [10/17/2016 15:01] [PENJUALAN] CASHIER FORM : TextBox_TextChanged, subtotal value [0]
[ADMIN] [10/17/2016 15:01] [PENJUALAN] CASHIER FORM : TextBox_TextChanged, attempt to calculate total value
[ADMIN] [10/17/2016 15:01] [PENJUALAN] CASHIER FORM : calculateTotal
[ADMIN] [10/17/2016 15:01] [PENJUALAN] CASHIER FORM : calculateTotal [0]
[ADMIN] [10/17/2016 15:01] [PENJUALAN] CASHIER FORM : calculateTotal, totalAfterDisc [0]
[ADMIN] [10/17/2016 15:01] [PENJUALAN] CASHIER FORM : cashierDataGridView_CellValueChanged [disc2]
[ADMIN] [10/17/2016 15:01] [PENJUALAN] CASHIER FORM : TextBox_TextChanged, previousInput []
[ADMIN] [10/17/2016 15:01] [PENJUALAN] CASHIER FORM : TextBox_TextChanged, dataGridViewTextBoxEditingControl.Text pass REGEX Checking
[ADMIN] [10/17/2016 15:01] [PENJUALAN] CASHIER FORM : CALCULATE SUBTOTAL
[ADMIN] [10/17/2016 15:01] [PENJUALAN] CASHIER FORM : SUBTOTAL [0]
[ADMIN] [10/17/2016 15:01] [PENJUALAN] CASHIER FORM : TextBox_TextChanged, subtotal value [0]
[ADMIN] [10/17/2016 15:01] [PENJUALAN] CASHIER FORM : TextBox_TextChanged, attempt to calculate total value
[ADMIN] [10/17/2016 15:01] [PENJUALAN] CASHIER FORM : calculateTotal
[ADMIN] [10/17/2016 15:01] [PENJUALAN] CASHIER FORM : calculateTotal [0]
[ADMIN] [10/17/2016 15:01] [PENJUALAN] CASHIER FORM : calculateTotal, totalAfterDisc [0]
[ADMIN] [10/17/2016 15:01] [PENJUALAN] CASHIER FORM : cashierDataGridView_CellValueChanged [discRP]
[ADMIN] [10/17/2016 15:01] [PENJUALAN] CASHIER FORM : TextBox_TextChanged, previousInput []
[ADMIN] [10/17/2016 15:01] [PENJUALAN] CASHIER FORM : TextBox_TextChanged, dataGridViewTextBoxEditingControl.Text pass REGEX Checking
[ADMIN] [10/17/2016 15:01] [PENJUALAN] CASHIER FORM : CALCULATE SUBTOTAL
[ADMIN] [10/17/2016 15:01] [PENJUALAN] CASHIER FORM : SUBTOTAL [0]
[ADMIN] [10/17/2016 15:01] [PENJUALAN] CASHIER FORM : TextBox_TextChanged, subtotal value [0]
[ADMIN] [10/17/2016 15:01] [PENJUALAN] CASHIER FORM : TextBox_TextChanged, attempt to calculate total value
[ADMIN] [10/17/2016 15:01] [PENJUALAN] CASHIER FORM : calculateTotal
[ADMIN] [10/17/2016 15:01] [PENJUALAN] CASHIER FORM : calculateTotal [0]
[ADMIN] [10/17/2016 15:01] [PENJUALAN] CASHIER FORM : calculateTotal, totalAfterDisc [0]
[ADMIN] [10/17/2016 15:01] [PENJUALAN] CASHIER FORM : cashierDataGridView_CellValueChanged [jumlah]
[ADMIN] [10/17/2016 15:01] [PENJUALAN] CASHIER FORM : cashierDataGridView_CellValueChanged [productName]
[ADMIN] [10/17/2016 15:01] [PENJUALAN] CASHIER FORM : cashierDataGridView_CellValueChanged [productName]
[ADMIN] [10/17/2016 15:01] [PENJUALAN] CASHIER FORM : calculateTotal
[ADMIN] [10/17/2016 15:01] [PENJUALAN] CASHIER FORM : calculateTotal [0]
[ADMIN] [10/17/2016 15:01] [PENJUALAN] CASHIER FORM : calculateTotal, totalAfterDisc [0]
[ADMIN] [10/17/2016 15:01] [PENJUALAN] CASHIER FORM : cashierDataGridView_CellValueChanged [productName]
[ADMIN] [10/17/2016 15:01] [PENJUALAN] CASHIER FORM : cashierDataGridView_CellValueChanged [productName]
[ADMIN] [10/17/2016 15:01] [PENJUALAN] CASHIER FORM : calculateTotal
[ADMIN] [10/17/2016 15:01] [PENJUALAN] CASHIER FORM : calculateTotal [0]
[ADMIN] [10/17/2016 15:01] [PENJUALAN] CASHIER FORM : calculateTotal, totalAfterDisc [0]
[ADMIN] [10/17/2016 15:01] [PENJUALAN] CASHIER FORM : cashierDataGridView_CellValueChanged [productName]
[ADMIN] [10/17/2016 15:01] [PENJUALAN] CASHIER FORM : cashierDataGridView_CellValueChanged [productID]
[ADMIN] [10/17/2016 15:01] [PENJUALAN] CASHIER FORM : PRODUCT PRICE TYPE [PRODUCT_BASE_PRICE]
[ADMIN] [10/17/2016 15:01] [PENJUALAN] CASHIER FORM : PRODUCT PRICE [10]
[ADMIN] [10/17/2016 15:01] [PENJUALAN] CASHIER FORM : ComboBox_SelectedIndexChanged, PRODUCT_BASE_PRICE [10]
[ADMIN] [10/17/2016 15:01] [PENJUALAN] CASHIER FORM : cashierDataGridView_CellValueChanged [hpp]
[ADMIN] [10/17/2016 15:01] [PENJUALAN] CASHIER FORM : PRODUCT PRICE TYPE [PRODUCT_RETAIL_PRICE]
[ADMIN] [10/17/2016 15:01] [PENJUALAN] CASHIER FORM : PRODUCT PRICE [1]
[ADMIN] [10/17/2016 15:01] [PENJUALAN] CASHIER FORM : ComboBox_SelectedIndexChanged, PRODUCT_SALES_PRICE [1]
[ADMIN] [10/17/2016 15:01] [PENJUALAN] CASHIER FORM : cashierDataGridView_CellValueChanged [productPrice]
[ADMIN] [10/17/2016 15:01] [PENJUALAN] CASHIER FORM : TextBox_TextChanged, previousInput []
[ADMIN] [10/17/2016 15:01] [PENJUALAN] CASHIER FORM : TextBox_TextChanged, dataGridViewTextBoxEditingControl.Text pass REGEX Checking
[ADMIN] [10/17/2016 15:01] [PENJUALAN] CASHIER FORM : CALCULATE SUBTOTAL
[ADMIN] [10/17/2016 15:01] [PENJUALAN] CASHIER FORM : SUBTOTAL [0]
[ADMIN] [10/17/2016 15:01] [PENJUALAN] CASHIER FORM : TextBox_TextChanged, subtotal value [0]
[ADMIN] [10/17/2016 15:01] [PENJUALAN] CASHIER FORM : TextBox_TextChanged, attempt to calculate total value
[ADMIN] [10/17/2016 15:01] [PENJUALAN] CASHIER FORM : calculateTotal
[ADMIN] [10/17/2016 15:01] [PENJUALAN] CASHIER FORM : calculateTotal [0]
[ADMIN] [10/17/2016 15:01] [PENJUALAN] CASHIER FORM : calculateTotal, totalAfterDisc [0]
[ADMIN] [10/17/2016 15:01] [PENJUALAN] CASHIER FORM : cashierDataGridView_CellValueChanged [qty]
[ADMIN] [10/17/2016 15:01] [PENJUALAN] CASHIER FORM : TextBox_TextChanged, previousInput []
[ADMIN] [10/17/2016 15:01] [PENJUALAN] CASHIER FORM : TextBox_TextChanged, dataGridViewTextBoxEditingControl.Text pass REGEX Checking
[ADMIN] [10/17/2016 15:01] [PENJUALAN] CASHIER FORM : CALCULATE SUBTOTAL
[ADMIN] [10/17/2016 15:01] [PENJUALAN] CASHIER FORM : SUBTOTAL [0]
[ADMIN] [10/17/2016 15:01] [PENJUALAN] CASHIER FORM : TextBox_TextChanged, subtotal value [0]
[ADMIN] [10/17/2016 15:01] [PENJUALAN] CASHIER FORM : TextBox_TextChanged, attempt to calculate total value
[ADMIN] [10/17/2016 15:01] [PENJUALAN] CASHIER FORM : calculateTotal
[ADMIN] [10/17/2016 15:01] [PENJUALAN] CASHIER FORM : calculateTotal [0]
[ADMIN] [10/17/2016 15:01] [PENJUALAN] CASHIER FORM : calculateTotal, totalAfterDisc [0]
[ADMIN] [10/17/2016 15:01] [PENJUALAN] CASHIER FORM : ComboBox_SelectedIndexChanged, attempt to calculate total
[ADMIN] [10/17/2016 15:01] [PENJUALAN] CASHIER FORM : calculateTotal
[ADMIN] [10/17/2016 15:01] [PENJUALAN] CASHIER FORM : calculateTotal [0]
[ADMIN] [10/17/2016 15:01] [PENJUALAN] CASHIER FORM : calculateTotal, totalAfterDisc [0]
[ADMIN] [10/17/2016 15:01] [PENJUALAN] CASHIER FORM : cashierDataGridView_CellValueChanged [productName]
[ADMIN] [10/17/2016 15:01] [PENJUALAN] CASHIER FORM : cashierDataGridView_CellValueChanged [productName]
[ADMIN] [10/17/2016 15:01] [PENJUALAN] CASHIER FORM : cashierDataGridView_CellValueChanged [hpp]
[ADMIN] [10/17/2016 15:01] [PENJUALAN] CASHIER FORM : cashierDataGridView_CellValueChanged [productPrice]
[ADMIN] [10/17/2016 15:01] [PENJUALAN] CASHIER FORM : TextBox_TextChanged, previousInput []
[ADMIN] [10/17/2016 15:01] [PENJUALAN] CASHIER FORM : TextBox_TextChanged, dataGridViewTextBoxEditingControl.Text pass REGEX Checking
[ADMIN] [10/17/2016 15:01] [PENJUALAN] CASHIER FORM : CALCULATE SUBTOTAL
[ADMIN] [10/17/2016 15:01] [PENJUALAN] CASHIER FORM : SUBTOTAL [0]
[ADMIN] [10/17/2016 15:01] [PENJUALAN] CASHIER FORM : TextBox_TextChanged, subtotal value [0]
[ADMIN] [10/17/2016 15:01] [PENJUALAN] CASHIER FORM : TextBox_TextChanged, attempt to calculate total value
[ADMIN] [10/17/2016 15:01] [PENJUALAN] CASHIER FORM : calculateTotal
[ADMIN] [10/17/2016 15:01] [PENJUALAN] CASHIER FORM : calculateTotal [0]
[ADMIN] [10/17/2016 15:01] [PENJUALAN] CASHIER FORM : calculateTotal, totalAfterDisc [0]
[ADMIN] [10/17/2016 15:01] [PENJUALAN] CASHIER FORM : cashierDataGridView_CellValueChanged [qty]
[ADMIN] [10/17/2016 15:01] [PENJUALAN] CASHIER FORM : TextBox_TextChanged, previousInput []
[ADMIN] [10/17/2016 15:01] [PENJUALAN] CASHIER FORM : TextBox_TextChanged, dataGridViewTextBoxEditingControl.Text pass REGEX Checking
[ADMIN] [10/17/2016 15:01] [PENJUALAN] CASHIER FORM : CALCULATE SUBTOTAL
[ADMIN] [10/17/2016 15:01] [PENJUALAN] CASHIER FORM : SUBTOTAL [0]
[ADMIN] [10/17/2016 15:01] [PENJUALAN] CASHIER FORM : TextBox_TextChanged, subtotal value [0]
[ADMIN] [10/17/2016 15:01] [PENJUALAN] CASHIER FORM : TextBox_TextChanged, attempt to calculate total value
[ADMIN] [10/17/2016 15:01] [PENJUALAN] CASHIER FORM : calculateTotal
[ADMIN] [10/17/2016 15:01] [PENJUALAN] CASHIER FORM : calculateTotal [0]
[ADMIN] [10/17/2016 15:01] [PENJUALAN] CASHIER FORM : calculateTotal, totalAfterDisc [0]
[ADMIN] [10/17/2016 15:01] [PENJUALAN] CASHIER FORM : cashierDataGridView_CellValueChanged [jumlah]
[ADMIN] [10/17/2016 15:01] [PENJUALAN] CASHIER FORM : calculateTotal
[ADMIN] [10/17/2016 15:01] [PENJUALAN] CASHIER FORM : calculateTotal [0]
[ADMIN] [10/17/2016 15:01] [PENJUALAN] CASHIER FORM : calculateTotal, totalAfterDisc [0]
[ADMIN] [10/17/2016 15:01] [PENJUALAN] CASHIER FORM : cashierDataGridView_CellValueChanged [productName]
[ADMIN] [10/17/2016 15:01] [PENJUALAN] CASHIER FORM : cashierDataGridView_CellValueChanged [productName]
[ADMIN] [10/17/2016 15:01] [PENJUALAN] CASHIER FORM : calculateTotal
[ADMIN] [10/17/2016 15:01] [PENJUALAN] CASHIER FORM : calculateTotal [0]
[ADMIN] [10/17/2016 15:01] [PENJUALAN] CASHIER FORM : calculateTotal, totalAfterDisc [0]
[ADMIN] [10/17/2016 15:01] [PENJUALAN] CASHIER FORM : cashierDataGridView_CellValueChanged [productName]
[ADMIN] [10/17/2016 15:01] [PENJUALAN] CASHIER FORM : cashierDataGridView_CellValueChanged [productName]
[ADMIN] [10/17/2016 15:01] [PENJUALAN] CASHIER FORM : calculateTotal
[ADMIN] [10/17/2016 15:01] [PENJUALAN] CASHIER FORM : calculateTotal [0]
[ADMIN] [10/17/2016 15:01] [PENJUALAN] CASHIER FORM : calculateTotal, totalAfterDisc [0]
[ADMIN] [10/17/2016 15:01] [PENJUALAN] CASHIER FORM : cashierDataGridView_CellValueChanged [productName]
[ADMIN] [10/17/2016 15:01] [PENJUALAN] CASHIER FORM : cashierDataGridView_CellValueChanged [productPrice]
[ADMIN] [10/17/2016 15:01] [PENJUALAN] CASHIER FORM : TextBox_TextChanged, previousInput []
[ADMIN] [10/17/2016 15:01] [PENJUALAN] CASHIER FORM : TextBox_TextChanged, dataGridViewTextBoxEditingControl.Text pass REGEX Checking
[ADMIN] [10/17/2016 15:01] [PENJUALAN] CASHIER FORM : CALCULATE SUBTOTAL
[ADMIN] [10/17/2016 15:01] [PENJUALAN] CASHIER FORM : SUBTOTAL [0]
[ADMIN] [10/17/2016 15:01] [PENJUALAN] CASHIER FORM : TextBox_TextChanged, subtotal value [0]
[ADMIN] [10/17/2016 15:01] [PENJUALAN] CASHIER FORM : TextBox_TextChanged, attempt to calculate total value
[ADMIN] [10/17/2016 15:01] [PENJUALAN] CASHIER FORM : calculateTotal
[ADMIN] [10/17/2016 15:01] [PENJUALAN] CASHIER FORM : calculateTotal [0]
[ADMIN] [10/17/2016 15:01] [PENJUALAN] CASHIER FORM : calculateTotal, totalAfterDisc [0]
[ADMIN] [10/17/2016 15:01] [PENJUALAN] CASHIER FORM : cashierDataGridView_CellValueChanged [productPrice]
[ADMIN] [10/17/2016 15:01] [PENJUALAN] CASHIER FORM : TextBox_TextChanged, previousInput []
[ADMIN] [10/17/2016 15:01] [PENJUALAN] CASHIER FORM : TextBox_TextChanged, dataGridViewTextBoxEditingControl.Text pass REGEX Checking
[ADMIN] [10/17/2016 15:01] [PENJUALAN] CASHIER FORM : CALCULATE SUBTOTAL
[ADMIN] [10/17/2016 15:01] [PENJUALAN] CASHIER FORM : SUBTOTAL [0]
[ADMIN] [10/17/2016 15:01] [PENJUALAN] CASHIER FORM : TextBox_TextChanged, subtotal value [0]
[ADMIN] [10/17/2016 15:01] [PENJUALAN] CASHIER FORM : TextBox_TextChanged, attempt to calculate total value
[ADMIN] [10/17/2016 15:01] [PENJUALAN] CASHIER FORM : calculateTotal
[ADMIN] [10/17/2016 15:01] [PENJUALAN] CASHIER FORM : calculateTotal [0]
[ADMIN] [10/17/2016 15:01] [PENJUALAN] CASHIER FORM : calculateTotal, totalAfterDisc [0]
[ADMIN] [10/17/2016 15:01] [PENJUALAN] CASHIER FORM : cashierDataGridView_CellValueChanged [productPrice]
[ADMIN] [10/17/2016 15:01] [PENJUALAN] CASHIER FORM : TextBox_TextChanged, previousInput []
[ADMIN] [10/17/2016 15:01] [PENJUALAN] CASHIER FORM : TextBox_TextChanged, dataGridViewTextBoxEditingControl.Text pass REGEX Checking
[ADMIN] [10/17/2016 15:01] [PENJUALAN] CASHIER FORM : CALCULATE SUBTOTAL
[ADMIN] [10/17/2016 15:01] [PENJUALAN] CASHIER FORM : SUBTOTAL [0]
[ADMIN] [10/17/2016 15:01] [PENJUALAN] CASHIER FORM : TextBox_TextChanged, subtotal value [0]
[ADMIN] [10/17/2016 15:01] [PENJUALAN] CASHIER FORM : TextBox_TextChanged, attempt to calculate total value
[ADMIN] [10/17/2016 15:01] [PENJUALAN] CASHIER FORM : calculateTotal
[ADMIN] [10/17/2016 15:01] [PENJUALAN] CASHIER FORM : calculateTotal [0]
[ADMIN] [10/17/2016 15:01] [PENJUALAN] CASHIER FORM : calculateTotal, totalAfterDisc [0]
[ADMIN] [10/17/2016 15:01] [PENJUALAN] CASHIER FORM : cashierDataGridView_CellValueChanged [qty]
[ADMIN] [10/17/2016 15:01] [PENJUALAN] CASHIER FORM : TextBox_TextChanged, previousInput [0]
[ADMIN] [10/17/2016 15:01] [PENJUALAN] CASHIER FORM : TextBox_TextChanged, dataGridViewTextBoxEditingControl.Text [2]
[ADMIN] [10/17/2016 15:01] [PENJUALAN] CASHIER FORM : TextBox_TextChanged, dataGridViewTextBoxEditingControl.Text pass REGEX Checking
[ADMIN] [10/17/2016 15:01] [PENJUALAN] CASHIER FORM : CHECK STOCK QTY IS ENOUGH [1]
[ADMIN] [10/17/2016 15:01] [PENJUALAN] CASHIER FORM : CHECK STOCK QTY IS ENOUGH [13, 2]
[ADMIN] [10/17/2016 15:01] [PENJUALAN] CASHIER FORM : CALCULATE SUBTOTAL
[ADMIN] [10/17/2016 15:01] [PENJUALAN] CASHIER FORM : SUBTOTAL [400]
[ADMIN] [10/17/2016 15:01] [PENJUALAN] CASHIER FORM : TextBox_TextChanged, subtotal value [400]
[ADMIN] [10/17/2016 15:01] [PENJUALAN] CASHIER FORM : TextBox_TextChanged, attempt to calculate total value
[ADMIN] [10/17/2016 15:01] [PENJUALAN] CASHIER FORM : calculateTotal
[ADMIN] [10/17/2016 15:01] [PENJUALAN] CASHIER FORM : calculateTotal [400]
[ADMIN] [10/17/2016 15:01] [PENJUALAN] CASHIER FORM : calculateTotal, totalAfterDisc [400]
[ADMIN] [10/17/2016 15:01] [PENJUALAN] CASHIER FORM : DISPLAY PELANGGAN FORM
[ADMIN] [10/17/2016 15:01] [PENJUALAN] CASHIER FORM : UNREGISTER HOTKEY
[ADMIN] [10/17/2016 15:02] [PENJUALAN] CASHIER FORM : SELECTED CUSTOMER ID [1]
[ADMIN] [10/17/2016 15:02] [PENJUALAN] CASHIER FORM : ATTEMPT TO SET CUSTOMER PROFILE
[ADMIN] [10/17/2016 15:02] [PENJUALAN] CASHIER FORM : SET CUSTOMER PROFILE [PELANGGAN 1]
[ADMIN] [10/17/2016 15:02] [PENJUALAN] CASHIER FORM : CUSTOMER GROUP [P-UMUM [ECER]]
[ADMIN] [10/17/2016 15:02] [PENJUALAN] CASHIER FORM : FINISHED SET CUSTOMER PROFILE
[ADMIN] [10/17/2016 15:02] [PENJUALAN] CASHIER FORM : REGISTER HOTKEY
[ADMIN] [10/17/2016 15:02] [PENJUALAN] CASHIER FORM : UNREGISTER HOTKEY
[ADMIN] [10/17/2016 15:02] [PENJUALAN] CASHIER FORM : UNREGISTER HOTKEY
[ADMIN] [10/17/2016 15:02] [] USER ID = 1LOGOUT
