[] [2/18/2017 15:00] [] USER = ADMIN IS ACTIVE
[ADMIN] [2/18/2017 15:00] [] USER ID = 1 LOGIN SUCCESSFULLY
[ADMIN] [2/18/2017 15:00] [] ACTIVATE USER ACCESS RIGHT
[ADMIN] [2/18/2017 15:00] [] DISPLAY ADMIN FORM
[ADMIN] [2/18/2017 15:00] [] adminForm Load
[ADMIN] [2/18/2017 15:00] [PENJUALAN] CASHIER FORM : MULTIPLE CASHIER INSTANCE [1]
[ADMIN] [2/18/2017 15:00] [PENJUALAN] CASHIER FORM : REGISTER HOTKEY
[ADMIN] [2/18/2017 15:00] [PENJUALAN] CASHIER FORM : cashierForm_Load, ATTEMPT TO LOAD NO FAKTUR
[ADMIN] [2/18/2017 15:00] [PENJUALAN] CASHIER FORM : loadNoFaktur, noFakturValue [SLO001]
[ADMIN] [2/18/2017 15:00] [PENJUALAN] CASHIER FORM : cashierForm_Load, ATTEMPT TO addColumnToDataGrid
[ADMIN] [2/18/2017 15:00] [PENJUALAN] CASHIER FORM : REGISTER HOTKEY
[ADMIN] [2/18/2017 15:00] [PENJUALAN] CASHIER FORM : HOTKEY TO ADD NEW ROW PRESSED
[ADMIN] [2/18/2017 15:00] [PENJUALAN] CASHIER FORM : ADD NEW ROW,  isActive [True]
[ADMIN] [2/18/2017 15:00] [PENJUALAN] CASHIER FORM : ADD NEW ROW,  ROW COUNT [0]
[ADMIN] [2/18/2017 15:00] [PENJUALAN] CASHIER FORM : ADD NEW ROW,  ALLOW TO ADD [True]
[ADMIN] [2/18/2017 15:00] [PENJUALAN] CASHIER FORM : cashierDataGridView_CellValueChanged [F8]
[ADMIN] [2/18/2017 15:00] [PENJUALAN] CASHIER FORM : cashierDataGridView_CellValueChanged [hpp]
[ADMIN] [2/18/2017 15:00] [PENJUALAN] CASHIER FORM : cashierDataGridView_CellValueChanged [productPrice]
[ADMIN] [2/18/2017 15:00] [PENJUALAN] CASHIER FORM : TextBox_TextChanged, previousInput []
[ADMIN] [2/18/2017 15:00] [PENJUALAN] CASHIER FORM : TextBox_TextChanged, dataGridViewTextBoxEditingControl.Text pass REGEX Checking
[ADMIN] [2/18/2017 15:00] [PENJUALAN] CASHIER FORM : CALCULATE SUBTOTAL
[ADMIN] [2/18/2017 15:00] [PENJUALAN] CASHIER FORM : SUBTOTAL [0]
[ADMIN] [2/18/2017 15:00] [PENJUALAN] CASHIER FORM : TextBox_TextChanged, subtotal value [0]
[ADMIN] [2/18/2017 15:00] [PENJUALAN] CASHIER FORM : TextBox_TextChanged, attempt to calculate total value
[ADMIN] [2/18/2017 15:00] [PENJUALAN] CASHIER FORM : calculateTotal
[ADMIN] [2/18/2017 15:00] [PENJUALAN] CASHIER FORM : calculateTotal [0]
[ADMIN] [2/18/2017 15:00] [PENJUALAN] CASHIER FORM : calculateTotal, totalAfterDisc [0]
[ADMIN] [2/18/2017 15:00] [PENJUALAN] CASHIER FORM : calculateChangeValue, bayarTextBox.Text [0]
[ADMIN] [2/18/2017 15:00] [PENJUALAN] CASHIER FORM : calculateChangeValue, sisaBayar [0]
[ADMIN] [2/18/2017 15:00] [PENJUALAN] CASHIER FORM : cashierDataGridView_CellValueChanged [disc1]
[ADMIN] [2/18/2017 15:00] [PENJUALAN] CASHIER FORM : TextBox_TextChanged, previousInput []
[ADMIN] [2/18/2017 15:00] [PENJUALAN] CASHIER FORM : TextBox_TextChanged, dataGridViewTextBoxEditingControl.Text pass REGEX Checking
[ADMIN] [2/18/2017 15:00] [PENJUALAN] CASHIER FORM : CALCULATE SUBTOTAL
[ADMIN] [2/18/2017 15:00] [PENJUALAN] CASHIER FORM : SUBTOTAL [0]
[ADMIN] [2/18/2017 15:00] [PENJUALAN] CASHIER FORM : TextBox_TextChanged, subtotal value [0]
[ADMIN] [2/18/2017 15:00] [PENJUALAN] CASHIER FORM : TextBox_TextChanged, attempt to calculate total value
[ADMIN] [2/18/2017 15:00] [PENJUALAN] CASHIER FORM : calculateTotal
[ADMIN] [2/18/2017 15:00] [PENJUALAN] CASHIER FORM : calculateTotal [0]
[ADMIN] [2/18/2017 15:00] [PENJUALAN] CASHIER FORM : calculateTotal, totalAfterDisc [0]
[ADMIN] [2/18/2017 15:00] [PENJUALAN] CASHIER FORM : calculateChangeValue, bayarTextBox.Text [0]
[ADMIN] [2/18/2017 15:00] [PENJUALAN] CASHIER FORM : calculateChangeValue, sisaBayar [0]
[ADMIN] [2/18/2017 15:00] [PENJUALAN] CASHIER FORM : cashierDataGridView_CellValueChanged [qty]
[ADMIN] [2/18/2017 15:00] [PENJUALAN] CASHIER FORM : TextBox_TextChanged, previousInput []
[ADMIN] [2/18/2017 15:00] [PENJUALAN] CASHIER FORM : TextBox_TextChanged, dataGridViewTextBoxEditingControl.Text pass REGEX Checking
[ADMIN] [2/18/2017 15:00] [] CHECK STOCK QTY IS ENOUGH []
[ADMIN] [2/18/2017 15:00] [PENJUALAN] CASHIER FORM : CALCULATE SUBTOTAL
[ADMIN] [2/18/2017 15:00] [PENJUALAN] CASHIER FORM : SUBTOTAL [0]
[ADMIN] [2/18/2017 15:00] [PENJUALAN] CASHIER FORM : TextBox_TextChanged, subtotal value [0]
[ADMIN] [2/18/2017 15:00] [PENJUALAN] CASHIER FORM : TextBox_TextChanged, attempt to calculate total value
[ADMIN] [2/18/2017 15:00] [PENJUALAN] CASHIER FORM : calculateTotal
[ADMIN] [2/18/2017 15:00] [PENJUALAN] CASHIER FORM : calculateTotal [0]
[ADMIN] [2/18/2017 15:00] [PENJUALAN] CASHIER FORM : calculateTotal, totalAfterDisc [0]
[ADMIN] [2/18/2017 15:00] [PENJUALAN] CASHIER FORM : calculateChangeValue, bayarTextBox.Text [0]
[ADMIN] [2/18/2017 15:00] [PENJUALAN] CASHIER FORM : calculateChangeValue, sisaBayar [0]
[ADMIN] [2/18/2017 15:00] [PENJUALAN] CASHIER FORM : cashierDataGridView_CellValueChanged [disc2]
[ADMIN] [2/18/2017 15:00] [PENJUALAN] CASHIER FORM : TextBox_TextChanged, previousInput []
[ADMIN] [2/18/2017 15:00] [PENJUALAN] CASHIER FORM : TextBox_TextChanged, dataGridViewTextBoxEditingControl.Text pass REGEX Checking
[ADMIN] [2/18/2017 15:00] [PENJUALAN] CASHIER FORM : CALCULATE SUBTOTAL
[ADMIN] [2/18/2017 15:00] [PENJUALAN] CASHIER FORM : SUBTOTAL [0]
[ADMIN] [2/18/2017 15:00] [PENJUALAN] CASHIER FORM : TextBox_TextChanged, subtotal value [0]
[ADMIN] [2/18/2017 15:00] [PENJUALAN] CASHIER FORM : TextBox_TextChanged, attempt to calculate total value
[ADMIN] [2/18/2017 15:00] [PENJUALAN] CASHIER FORM : calculateTotal
[ADMIN] [2/18/2017 15:00] [PENJUALAN] CASHIER FORM : calculateTotal [0]
[ADMIN] [2/18/2017 15:00] [PENJUALAN] CASHIER FORM : calculateTotal, totalAfterDisc [0]
[ADMIN] [2/18/2017 15:00] [PENJUALAN] CASHIER FORM : calculateChangeValue, bayarTextBox.Text [0]
[ADMIN] [2/18/2017 15:00] [PENJUALAN] CASHIER FORM : calculateChangeValue, sisaBayar [0]
[ADMIN] [2/18/2017 15:00] [PENJUALAN] CASHIER FORM : cashierDataGridView_CellValueChanged [discRP]
[ADMIN] [2/18/2017 15:00] [PENJUALAN] CASHIER FORM : TextBox_TextChanged, previousInput []
[ADMIN] [2/18/2017 15:00] [PENJUALAN] CASHIER FORM : TextBox_TextChanged, dataGridViewTextBoxEditingControl.Text pass REGEX Checking
[ADMIN] [2/18/2017 15:00] [PENJUALAN] CASHIER FORM : CALCULATE SUBTOTAL
[ADMIN] [2/18/2017 15:00] [PENJUALAN] CASHIER FORM : SUBTOTAL [0]
[ADMIN] [2/18/2017 15:00] [PENJUALAN] CASHIER FORM : TextBox_TextChanged, subtotal value [0]
[ADMIN] [2/18/2017 15:00] [PENJUALAN] CASHIER FORM : TextBox_TextChanged, attempt to calculate total value
[ADMIN] [2/18/2017 15:00] [PENJUALAN] CASHIER FORM : calculateTotal
[ADMIN] [2/18/2017 15:00] [PENJUALAN] CASHIER FORM : calculateTotal [0]
[ADMIN] [2/18/2017 15:00] [PENJUALAN] CASHIER FORM : calculateTotal, totalAfterDisc [0]
[ADMIN] [2/18/2017 15:00] [PENJUALAN] CASHIER FORM : calculateChangeValue, bayarTextBox.Text [0]
[ADMIN] [2/18/2017 15:00] [PENJUALAN] CASHIER FORM : calculateChangeValue, sisaBayar [0]
[ADMIN] [2/18/2017 15:00] [PENJUALAN] CASHIER FORM : cashierDataGridView_CellValueChanged [jumlah]
[ADMIN] [2/18/2017 15:00] [PENJUALAN] CASHIER FORM : cashierDataGridView_CellValueChanged [productName]
[ADMIN] [2/18/2017 15:00] [PENJUALAN] CASHIER FORM : cashierDataGridView_CellValueChanged [productName]
[ADMIN] [2/18/2017 15:00] [PENJUALAN] CASHIER FORM : cashierDataGridView_CellValueChanged [productName]
[ADMIN] [2/18/2017 15:00] [PENJUALAN] CASHIER FORM : cashierDataGridView_CellValueChanged [productName]
[ADMIN] [2/18/2017 15:00] [PENJUALAN] CASHIER FORM : UNREGISTER HOTKEY
[ADMIN] [2/18/2017 15:00] [] [POS SEARCH PRODUCT] D:\Project\Rejeki_Utama\_CODE_\Rejeki_Utama\Rejeki_Utama\bin\Debug\PRODUCT_PHOTO\ 
[ADMIN] [2/18/2017 15:00] [] [POS SEARCH PRODUCT] D:\Project\Rejeki_Utama\_CODE_\Rejeki_Utama\Rejeki_Utama\bin\Debug\PRODUCT_PHOTO\ 
[ADMIN] [2/18/2017 15:00] [] [POS SEARCH PRODUCT] D:\Project\Rejeki_Utama\_CODE_\Rejeki_Utama\Rejeki_Utama\bin\Debug\PRODUCT_PHOTO\ 
[ADMIN] [2/18/2017 15:00] [] [POS SEARCH PRODUCT] D:\Project\Rejeki_Utama\_CODE_\Rejeki_Utama\Rejeki_Utama\bin\Debug\PRODUCT_PHOTO\ 
[ADMIN] [2/18/2017 15:00] [] [POS SEARCH PRODUCT] D:\Project\Rejeki_Utama\_CODE_\Rejeki_Utama\Rejeki_Utama\bin\Debug\PRODUCT_PHOTO\ 
[ADMIN] [2/18/2017 15:00] [] [POS SEARCH PRODUCT] D:\Project\Rejeki_Utama\_CODE_\Rejeki_Utama\Rejeki_Utama\bin\Debug\PRODUCT_PHOTO\ 
[ADMIN] [2/18/2017 15:00] [] [POS SEARCH PRODUCT] D:\Project\Rejeki_Utama\_CODE_\Rejeki_Utama\Rejeki_Utama\bin\Debug\PRODUCT_PHOTO\ 
[ADMIN] [2/18/2017 15:00] [] [POS SEARCH PRODUCT] D:\Project\Rejeki_Utama\_CODE_\Rejeki_Utama\Rejeki_Utama\bin\Debug\PRODUCT_PHOTO\ 
[ADMIN] [2/18/2017 15:00] [] [POS SEARCH PRODUCT] D:\Project\Rejeki_Utama\_CODE_\Rejeki_Utama\Rejeki_Utama\bin\Debug\PRODUCT_PHOTO\ 
[ADMIN] [2/18/2017 15:00] [] [POS SEARCH PRODUCT] D:\Project\Rejeki_Utama\_CODE_\Rejeki_Utama\Rejeki_Utama\bin\Debug\PRODUCT_PHOTO\ 
[ADMIN] [2/18/2017 15:01] [] [POS SEARCH PRODUCT] D:\Project\Rejeki_Utama\_CODE_\Rejeki_Utama\Rejeki_Utama\bin\Debug\PRODUCT_PHOTO\ 
[ADMIN] [2/18/2017 15:01] [] [POS SEARCH PRODUCT] D:\Project\Rejeki_Utama\_CODE_\Rejeki_Utama\Rejeki_Utama\bin\Debug\PRODUCT_PHOTO\ 
[ADMIN] [2/18/2017 15:01] [] [POS SEARCH PRODUCT] D:\Project\Rejeki_Utama\_CODE_\Rejeki_Utama\Rejeki_Utama\bin\Debug\PRODUCT_PHOTO\ 
[ADMIN] [2/18/2017 15:01] [] [POS SEARCH PRODUCT] D:\Project\Rejeki_Utama\_CODE_\Rejeki_Utama\Rejeki_Utama\bin\Debug\PRODUCT_PHOTO\ 
[ADMIN] [2/18/2017 15:01] [] [POS SEARCH PRODUCT] D:\Project\Rejeki_Utama\_CODE_\Rejeki_Utama\Rejeki_Utama\bin\Debug\PRODUCT_PHOTO\ 
[ADMIN] [2/18/2017 15:01] [] [POS SEARCH PRODUCT] D:\Project\Rejeki_Utama\_CODE_\Rejeki_Utama\Rejeki_Utama\bin\Debug\PRODUCT_PHOTO\ 
[ADMIN] [2/18/2017 15:01] [] [POS SEARCH PRODUCT] D:\Project\Rejeki_Utama\_CODE_\Rejeki_Utama\Rejeki_Utama\bin\Debug\PRODUCT_PHOTO\ 
[ADMIN] [2/18/2017 15:01] [PENJUALAN] CASHIER FORM : ADD NEW ROW FROM BARCODE [TES PRODUK UNTUK CSV]
[ADMIN] [2/18/2017 15:01] [PENJUALAN] CASHIER FORM : cashierDataGridView_CellValueChanged [productID]
[ADMIN] [2/18/2017 15:01] [PENJUALAN] CASHIER FORM : cashierDataGridView_CellValueChanged [productName]
[ADMIN] [2/18/2017 15:01] [PENJUALAN] CASHIER FORM : PRODUCT PRICE TYPE [PRODUCT_BASE_PRICE]
[ADMIN] [2/18/2017 15:01] [PENJUALAN] CASHIER FORM : PRODUCT PRICE [10]
[ADMIN] [2/18/2017 15:01] [PENJUALAN] CASHIER FORM : ComboBox_SelectedIndexChanged, PRODUCT_BASE_PRICE [10]
[ADMIN] [2/18/2017 15:01] [PENJUALAN] CASHIER FORM : cashierDataGridView_CellValueChanged [hpp]
[ADMIN] [2/18/2017 15:01] [PENJUALAN] CASHIER FORM : PRODUCT PRICE TYPE [PRODUCT_RETAIL_PRICE]
[ADMIN] [2/18/2017 15:01] [PENJUALAN] CASHIER FORM : PRODUCT PRICE [10]
[ADMIN] [2/18/2017 15:01] [PENJUALAN] CASHIER FORM : ComboBox_SelectedIndexChanged, PRODUCT_SALES_PRICE [10]
[ADMIN] [2/18/2017 15:01] [PENJUALAN] CASHIER FORM : cashierDataGridView_CellValueChanged [productPrice]
[ADMIN] [2/18/2017 15:01] [PENJUALAN] CASHIER FORM : TextBox_TextChanged, previousInput []
[ADMIN] [2/18/2017 15:01] [PENJUALAN] CASHIER FORM : TextBox_TextChanged, dataGridViewTextBoxEditingControl.Text pass REGEX Checking
[ADMIN] [2/18/2017 15:01] [PENJUALAN] CASHIER FORM : CALCULATE SUBTOTAL
[ADMIN] [2/18/2017 15:01] [PENJUALAN] CASHIER FORM : SUBTOTAL [0]
[ADMIN] [2/18/2017 15:01] [PENJUALAN] CASHIER FORM : TextBox_TextChanged, subtotal value [0]
[ADMIN] [2/18/2017 15:01] [PENJUALAN] CASHIER FORM : TextBox_TextChanged, attempt to calculate total value
[ADMIN] [2/18/2017 15:01] [PENJUALAN] CASHIER FORM : calculateTotal
[ADMIN] [2/18/2017 15:01] [PENJUALAN] CASHIER FORM : calculateTotal [0]
[ADMIN] [2/18/2017 15:01] [PENJUALAN] CASHIER FORM : calculateTotal, totalAfterDisc [0]
[ADMIN] [2/18/2017 15:01] [PENJUALAN] CASHIER FORM : calculateChangeValue, bayarTextBox.Text [0]
[ADMIN] [2/18/2017 15:01] [PENJUALAN] CASHIER FORM : calculateChangeValue, sisaBayar [0]
[ADMIN] [2/18/2017 15:01] [PENJUALAN] CASHIER FORM : cashierDataGridView_CellValueChanged [qty]
[ADMIN] [2/18/2017 15:01] [PENJUALAN] CASHIER FORM : TextBox_TextChanged, previousInput []
[ADMIN] [2/18/2017 15:01] [PENJUALAN] CASHIER FORM : TextBox_TextChanged, dataGridViewTextBoxEditingControl.Text pass REGEX Checking
[ADMIN] [2/18/2017 15:01] [] CHECK STOCK QTY IS ENOUGH [6]
[ADMIN] [2/18/2017 15:01] [] CHECK STOCK QTY IS ENOUGH [45, 0]
[ADMIN] [2/18/2017 15:01] [PENJUALAN] CASHIER FORM : CALCULATE SUBTOTAL
[ADMIN] [2/18/2017 15:01] [PENJUALAN] CASHIER FORM : SUBTOTAL [0]
[ADMIN] [2/18/2017 15:01] [PENJUALAN] CASHIER FORM : TextBox_TextChanged, subtotal value [0]
[ADMIN] [2/18/2017 15:01] [PENJUALAN] CASHIER FORM : TextBox_TextChanged, attempt to calculate total value
[ADMIN] [2/18/2017 15:01] [PENJUALAN] CASHIER FORM : calculateTotal
[ADMIN] [2/18/2017 15:01] [PENJUALAN] CASHIER FORM : calculateTotal [0]
[ADMIN] [2/18/2017 15:01] [PENJUALAN] CASHIER FORM : calculateTotal, totalAfterDisc [0]
[ADMIN] [2/18/2017 15:01] [PENJUALAN] CASHIER FORM : calculateChangeValue, bayarTextBox.Text [0]
[ADMIN] [2/18/2017 15:01] [PENJUALAN] CASHIER FORM : calculateChangeValue, sisaBayar [0]
[ADMIN] [2/18/2017 15:01] [PENJUALAN] CASHIER FORM : cashierDataGridView_CellValueChanged [jumlah]
[ADMIN] [2/18/2017 15:01] [PENJUALAN] CASHIER FORM : ComboBox_SelectedIndexChanged, attempt to calculate total
[ADMIN] [2/18/2017 15:01] [PENJUALAN] CASHIER FORM : calculateTotal
[ADMIN] [2/18/2017 15:01] [PENJUALAN] CASHIER FORM : calculateTotal [0]
[ADMIN] [2/18/2017 15:01] [PENJUALAN] CASHIER FORM : calculateTotal, totalAfterDisc [0]
[ADMIN] [2/18/2017 15:01] [PENJUALAN] CASHIER FORM : calculateChangeValue, bayarTextBox.Text [0]
[ADMIN] [2/18/2017 15:01] [PENJUALAN] CASHIER FORM : calculateChangeValue, sisaBayar [0]
[ADMIN] [2/18/2017 15:01] [] CHECK STOCK QTY IS ENOUGH [6]
[ADMIN] [2/18/2017 15:01] [] CHECK STOCK QTY IS ENOUGH [45, 1]
[ADMIN] [2/18/2017 15:01] [PENJUALAN] CASHIER FORM : cashierDataGridView_CellValueChanged [qty]
[ADMIN] [2/18/2017 15:01] [PENJUALAN] CASHIER FORM : TextBox_TextChanged, previousInput []
[ADMIN] [2/18/2017 15:01] [PENJUALAN] CASHIER FORM : TextBox_TextChanged, dataGridViewTextBoxEditingControl.Text pass REGEX Checking
[ADMIN] [2/18/2017 15:01] [] CHECK STOCK QTY IS ENOUGH [6]
[ADMIN] [2/18/2017 15:01] [] CHECK STOCK QTY IS ENOUGH [45, 1]
[ADMIN] [2/18/2017 15:01] [PENJUALAN] CASHIER FORM : CALCULATE SUBTOTAL
[ADMIN] [2/18/2017 15:01] [PENJUALAN] CASHIER FORM : SUBTOTAL [10]
[ADMIN] [2/18/2017 15:01] [PENJUALAN] CASHIER FORM : TextBox_TextChanged, subtotal value [10]
[ADMIN] [2/18/2017 15:01] [PENJUALAN] CASHIER FORM : TextBox_TextChanged, attempt to calculate total value
[ADMIN] [2/18/2017 15:01] [PENJUALAN] CASHIER FORM : calculateTotal
[ADMIN] [2/18/2017 15:01] [PENJUALAN] CASHIER FORM : calculateTotal [10]
[ADMIN] [2/18/2017 15:01] [PENJUALAN] CASHIER FORM : calculateTotal, totalAfterDisc [10]
[ADMIN] [2/18/2017 15:01] [PENJUALAN] CASHIER FORM : calculateChangeValue, bayarTextBox.Text [0]
[ADMIN] [2/18/2017 15:01] [PENJUALAN] CASHIER FORM : calculateChangeValue, sisaBayar [0]
[ADMIN] [2/18/2017 15:01] [PENJUALAN] CASHIER FORM : SET QTY TO 1 BECAUSE OF NEW ROW
[ADMIN] [2/18/2017 15:01] [PENJUALAN] CASHIER FORM : CALCULATE SUBTOTAL
[ADMIN] [2/18/2017 15:01] [PENJUALAN] CASHIER FORM : SUBTOTAL [10]
[ADMIN] [2/18/2017 15:01] [PENJUALAN] CASHIER FORM : calculateTotal
[ADMIN] [2/18/2017 15:01] [PENJUALAN] CASHIER FORM : calculateTotal [10]
[ADMIN] [2/18/2017 15:01] [PENJUALAN] CASHIER FORM : calculateTotal, totalAfterDisc [10]
[ADMIN] [2/18/2017 15:01] [PENJUALAN] CASHIER FORM : calculateChangeValue, bayarTextBox.Text [0]
[ADMIN] [2/18/2017 15:01] [PENJUALAN] CASHIER FORM : calculateChangeValue, sisaBayar [0]
[ADMIN] [2/18/2017 15:01] [PENJUALAN] CASHIER FORM : REGISTER HOTKEY
[ADMIN] [2/18/2017 15:01] [PENJUALAN] CASHIER FORM : cashierDataGridView_CellValueChanged [qty]
[ADMIN] [2/18/2017 15:01] [PENJUALAN] CASHIER FORM : TextBox_TextChanged, previousInput []
[ADMIN] [2/18/2017 15:01] [PENJUALAN] CASHIER FORM : TextBox_TextChanged, dataGridViewTextBoxEditingControl.Text pass REGEX Checking
[ADMIN] [2/18/2017 15:01] [] CHECK STOCK QTY IS ENOUGH [6]
[ADMIN] [2/18/2017 15:01] [] CHECK STOCK QTY IS ENOUGH [45, 1]
[ADMIN] [2/18/2017 15:01] [PENJUALAN] CASHIER FORM : CALCULATE SUBTOTAL
[ADMIN] [2/18/2017 15:01] [PENJUALAN] CASHIER FORM : SUBTOTAL [10]
[ADMIN] [2/18/2017 15:01] [PENJUALAN] CASHIER FORM : TextBox_TextChanged, subtotal value [10]
[ADMIN] [2/18/2017 15:01] [PENJUALAN] CASHIER FORM : TextBox_TextChanged, attempt to calculate total value
[ADMIN] [2/18/2017 15:01] [PENJUALAN] CASHIER FORM : calculateTotal
[ADMIN] [2/18/2017 15:01] [PENJUALAN] CASHIER FORM : calculateTotal [10]
[ADMIN] [2/18/2017 15:01] [PENJUALAN] CASHIER FORM : calculateTotal, totalAfterDisc [10]
[ADMIN] [2/18/2017 15:01] [PENJUALAN] CASHIER FORM : calculateChangeValue, bayarTextBox.Text [0]
[ADMIN] [2/18/2017 15:01] [PENJUALAN] CASHIER FORM : calculateChangeValue, sisaBayar [0]
[ADMIN] [2/18/2017 15:01] [PENJUALAN] CASHIER FORM : cashierDataGridView_CellValueChanged [qty]
[ADMIN] [2/18/2017 15:01] [PENJUALAN] CASHIER FORM : TextBox_TextChanged, previousInput []
[ADMIN] [2/18/2017 15:01] [PENJUALAN] CASHIER FORM : TextBox_TextChanged, dataGridViewTextBoxEditingControl.Text pass REGEX Checking
[ADMIN] [2/18/2017 15:01] [] CHECK STOCK QTY IS ENOUGH [6]
[ADMIN] [2/18/2017 15:01] [] CHECK STOCK QTY IS ENOUGH [45, 10]
[ADMIN] [2/18/2017 15:01] [PENJUALAN] CASHIER FORM : CALCULATE SUBTOTAL
[ADMIN] [2/18/2017 15:01] [PENJUALAN] CASHIER FORM : SUBTOTAL [100]
[ADMIN] [2/18/2017 15:01] [PENJUALAN] CASHIER FORM : TextBox_TextChanged, subtotal value [100]
[ADMIN] [2/18/2017 15:01] [PENJUALAN] CASHIER FORM : TextBox_TextChanged, attempt to calculate total value
[ADMIN] [2/18/2017 15:01] [PENJUALAN] CASHIER FORM : calculateTotal
[ADMIN] [2/18/2017 15:01] [PENJUALAN] CASHIER FORM : calculateTotal [100]
[ADMIN] [2/18/2017 15:01] [PENJUALAN] CASHIER FORM : calculateTotal, totalAfterDisc [100]
[ADMIN] [2/18/2017 15:01] [PENJUALAN] CASHIER FORM : calculateChangeValue, bayarTextBox.Text [0]
[ADMIN] [2/18/2017 15:01] [PENJUALAN] CASHIER FORM : calculateChangeValue, sisaBayar [0]
[ADMIN] [2/18/2017 15:01] [PENJUALAN] CASHIER FORM : discJualMaskedTextBox_Validating, totalAfterDisc [99]
[ADMIN] [2/18/2017 15:01] [PENJUALAN] CASHIER FORM : discJualMaskedTextBox_Validating, totalAfterDisc [90]
[ADMIN] [2/18/2017 15:01] [PENJUALAN] CASHIER FORM : discJualMaskedTextBox_Validating, totalAfterDisc [-910]
[ADMIN] [2/18/2017 15:01] [PENJUALAN] CASHIER FORM : discJualMaskedTextBox_Validating, totalAfterDisc [-10]
[ADMIN] [2/18/2017 15:01] [PENJUALAN] CASHIER FORM : discJualMaskedTextBox_Validating, totalAfterDisc [10]
[ADMIN] [2/18/2017 15:01] [PENJUALAN] CASHIER FORM : calculateChangeValue, bayarTextBox.Text [1]
[ADMIN] [2/18/2017 15:01] [PENJUALAN] CASHIER FORM : calculateChangeValue, sisaBayar [0]
[ADMIN] [2/18/2017 15:01] [PENJUALAN] CASHIER FORM : calculateChangeValue, bayarTextBox.Text [10]
[ADMIN] [2/18/2017 15:01] [PENJUALAN] CASHIER FORM : calculateChangeValue, sisaBayar [0]
[ADMIN] [2/18/2017 15:01] [PENJUALAN] CASHIER FORM : calculateChangeValue, bayarTextBox.Text [100]
[ADMIN] [2/18/2017 15:01] [PENJUALAN] CASHIER FORM : calculateChangeValue, sisaBayar [80]
[ADMIN] [2/18/2017 15:01] [PENJUALAN] CASHIER FORM : UNREGISTER HOTKEY
[ADMIN] [2/18/2017 15:01] [PENJUALAN] CASHIER FORM : UNREGISTER HOTKEY
[ADMIN] [2/18/2017 15:01] [] USER ID = 1LOGOUT
