[] [2/18/2017 15:05] [] USER = ADMIN IS ACTIVE
[ADMIN] [2/18/2017 15:05] [] USER ID = 1 LOGIN SUCCESSFULLY
[ADMIN] [2/18/2017 15:05] [] ACTIVATE USER ACCESS RIGHT
[ADMIN] [2/18/2017 15:05] [] DISPLAY ADMIN FORM
[ADMIN] [2/18/2017 15:05] [] adminForm Load
[ADMIN] [2/18/2017 15:06] [PENJUALAN] CASHIER FORM : MULTIPLE CASHIER INSTANCE [1]
[ADMIN] [2/18/2017 15:06] [PENJUALAN] CASHIER FORM : REGISTER HOTKEY
[ADMIN] [2/18/2017 15:06] [PENJUALAN] CASHIER FORM : cashierForm_Load, ATTEMPT TO LOAD NO FAKTUR
[ADMIN] [2/18/2017 15:06] [PENJUALAN] CASHIER FORM : loadNoFaktur, noFakturValue [SLO001]
[ADMIN] [2/18/2017 15:06] [PENJUALAN] CASHIER FORM : cashierForm_Load, ATTEMPT TO addColumnToDataGrid
[ADMIN] [2/18/2017 15:06] [PENJUALAN] CASHIER FORM : REGISTER HOTKEY
[ADMIN] [2/18/2017 15:06] [PENJUALAN] CASHIER FORM : HOTKEY TO ADD NEW ROW PRESSED
[ADMIN] [2/18/2017 15:06] [PENJUALAN] CASHIER FORM : ADD NEW ROW,  isActive [True]
[ADMIN] [2/18/2017 15:06] [PENJUALAN] CASHIER FORM : ADD NEW ROW,  ROW COUNT [0]
[ADMIN] [2/18/2017 15:06] [PENJUALAN] CASHIER FORM : ADD NEW ROW,  ALLOW TO ADD [True]
[ADMIN] [2/18/2017 15:06] [PENJUALAN] CASHIER FORM : cashierDataGridView_CellValueChanged [F8]
[ADMIN] [2/18/2017 15:06] [PENJUALAN] CASHIER FORM : cashierDataGridView_CellValueChanged [hpp]
[ADMIN] [2/18/2017 15:06] [PENJUALAN] CASHIER FORM : cashierDataGridView_CellValueChanged [productPrice]
[ADMIN] [2/18/2017 15:06] [PENJUALAN] CASHIER FORM : TextBox_TextChanged, previousInput []
[ADMIN] [2/18/2017 15:06] [PENJUALAN] CASHIER FORM : TextBox_TextChanged, dataGridViewTextBoxEditingControl.Text pass REGEX Checking
[ADMIN] [2/18/2017 15:06] [PENJUALAN] CASHIER FORM : CALCULATE SUBTOTAL
[ADMIN] [2/18/2017 15:06] [PENJUALAN] CASHIER FORM : SUBTOTAL [0]
[ADMIN] [2/18/2017 15:06] [PENJUALAN] CASHIER FORM : TextBox_TextChanged, subtotal value [0]
[ADMIN] [2/18/2017 15:06] [PENJUALAN] CASHIER FORM : TextBox_TextChanged, attempt to calculate total value
[ADMIN] [2/18/2017 15:06] [PENJUALAN] CASHIER FORM : calculateTotal
[ADMIN] [2/18/2017 15:06] [PENJUALAN] CASHIER FORM : calculateTotal [0]
[ADMIN] [2/18/2017 15:06] [PENJUALAN] CASHIER FORM : calculateTotal, totalAfterDisc [0]
[ADMIN] [2/18/2017 15:06] [PENJUALAN] CASHIER FORM : calculateChangeValue, bayarTextBox.Text [0]
[ADMIN] [2/18/2017 15:06] [PENJUALAN] CASHIER FORM : calculateChangeValue, sisaBayar [0]
[ADMIN] [2/18/2017 15:06] [PENJUALAN] CASHIER FORM : cashierDataGridView_CellValueChanged [disc1]
[ADMIN] [2/18/2017 15:06] [PENJUALAN] CASHIER FORM : TextBox_TextChanged, previousInput []
[ADMIN] [2/18/2017 15:06] [PENJUALAN] CASHIER FORM : TextBox_TextChanged, dataGridViewTextBoxEditingControl.Text pass REGEX Checking
[ADMIN] [2/18/2017 15:06] [PENJUALAN] CASHIER FORM : CALCULATE SUBTOTAL
[ADMIN] [2/18/2017 15:06] [PENJUALAN] CASHIER FORM : SUBTOTAL [0]
[ADMIN] [2/18/2017 15:06] [PENJUALAN] CASHIER FORM : TextBox_TextChanged, subtotal value [0]
[ADMIN] [2/18/2017 15:06] [PENJUALAN] CASHIER FORM : TextBox_TextChanged, attempt to calculate total value
[ADMIN] [2/18/2017 15:06] [PENJUALAN] CASHIER FORM : calculateTotal
[ADMIN] [2/18/2017 15:06] [PENJUALAN] CASHIER FORM : calculateTotal [0]
[ADMIN] [2/18/2017 15:06] [PENJUALAN] CASHIER FORM : calculateTotal, totalAfterDisc [0]
[ADMIN] [2/18/2017 15:06] [PENJUALAN] CASHIER FORM : calculateChangeValue, bayarTextBox.Text [0]
[ADMIN] [2/18/2017 15:06] [PENJUALAN] CASHIER FORM : calculateChangeValue, sisaBayar [0]
[ADMIN] [2/18/2017 15:06] [PENJUALAN] CASHIER FORM : cashierDataGridView_CellValueChanged [qty]
[ADMIN] [2/18/2017 15:06] [PENJUALAN] CASHIER FORM : TextBox_TextChanged, previousInput []
[ADMIN] [2/18/2017 15:06] [PENJUALAN] CASHIER FORM : TextBox_TextChanged, dataGridViewTextBoxEditingControl.Text pass REGEX Checking
[ADMIN] [2/18/2017 15:06] [] CHECK STOCK QTY IS ENOUGH []
[ADMIN] [2/18/2017 15:06] [PENJUALAN] CASHIER FORM : CALCULATE SUBTOTAL
[ADMIN] [2/18/2017 15:06] [PENJUALAN] CASHIER FORM : SUBTOTAL [0]
[ADMIN] [2/18/2017 15:06] [PENJUALAN] CASHIER FORM : TextBox_TextChanged, subtotal value [0]
[ADMIN] [2/18/2017 15:06] [PENJUALAN] CASHIER FORM : TextBox_TextChanged, attempt to calculate total value
[ADMIN] [2/18/2017 15:06] [PENJUALAN] CASHIER FORM : calculateTotal
[ADMIN] [2/18/2017 15:06] [PENJUALAN] CASHIER FORM : calculateTotal [0]
[ADMIN] [2/18/2017 15:06] [PENJUALAN] CASHIER FORM : calculateTotal, totalAfterDisc [0]
[ADMIN] [2/18/2017 15:06] [PENJUALAN] CASHIER FORM : calculateChangeValue, bayarTextBox.Text [0]
[ADMIN] [2/18/2017 15:06] [PENJUALAN] CASHIER FORM : calculateChangeValue, sisaBayar [0]
[ADMIN] [2/18/2017 15:06] [PENJUALAN] CASHIER FORM : cashierDataGridView_CellValueChanged [disc2]
[ADMIN] [2/18/2017 15:06] [PENJUALAN] CASHIER FORM : TextBox_TextChanged, previousInput []
[ADMIN] [2/18/2017 15:06] [PENJUALAN] CASHIER FORM : TextBox_TextChanged, dataGridViewTextBoxEditingControl.Text pass REGEX Checking
[ADMIN] [2/18/2017 15:06] [PENJUALAN] CASHIER FORM : CALCULATE SUBTOTAL
[ADMIN] [2/18/2017 15:06] [PENJUALAN] CASHIER FORM : SUBTOTAL [0]
[ADMIN] [2/18/2017 15:06] [PENJUALAN] CASHIER FORM : TextBox_TextChanged, subtotal value [0]
[ADMIN] [2/18/2017 15:06] [PENJUALAN] CASHIER FORM : TextBox_TextChanged, attempt to calculate total value
[ADMIN] [2/18/2017 15:06] [PENJUALAN] CASHIER FORM : calculateTotal
[ADMIN] [2/18/2017 15:06] [PENJUALAN] CASHIER FORM : calculateTotal [0]
[ADMIN] [2/18/2017 15:06] [PENJUALAN] CASHIER FORM : calculateTotal, totalAfterDisc [0]
[ADMIN] [2/18/2017 15:06] [PENJUALAN] CASHIER FORM : calculateChangeValue, bayarTextBox.Text [0]
[ADMIN] [2/18/2017 15:06] [PENJUALAN] CASHIER FORM : calculateChangeValue, sisaBayar [0]
[ADMIN] [2/18/2017 15:06] [PENJUALAN] CASHIER FORM : cashierDataGridView_CellValueChanged [discRP]
[ADMIN] [2/18/2017 15:06] [PENJUALAN] CASHIER FORM : TextBox_TextChanged, previousInput []
[ADMIN] [2/18/2017 15:06] [PENJUALAN] CASHIER FORM : TextBox_TextChanged, dataGridViewTextBoxEditingControl.Text pass REGEX Checking
[ADMIN] [2/18/2017 15:06] [PENJUALAN] CASHIER FORM : CALCULATE SUBTOTAL
[ADMIN] [2/18/2017 15:06] [PENJUALAN] CASHIER FORM : SUBTOTAL [0]
[ADMIN] [2/18/2017 15:06] [PENJUALAN] CASHIER FORM : TextBox_TextChanged, subtotal value [0]
[ADMIN] [2/18/2017 15:06] [PENJUALAN] CASHIER FORM : TextBox_TextChanged, attempt to calculate total value
[ADMIN] [2/18/2017 15:06] [PENJUALAN] CASHIER FORM : calculateTotal
[ADMIN] [2/18/2017 15:06] [PENJUALAN] CASHIER FORM : calculateTotal [0]
[ADMIN] [2/18/2017 15:06] [PENJUALAN] CASHIER FORM : calculateTotal, totalAfterDisc [0]
[ADMIN] [2/18/2017 15:06] [PENJUALAN] CASHIER FORM : calculateChangeValue, bayarTextBox.Text [0]
[ADMIN] [2/18/2017 15:06] [PENJUALAN] CASHIER FORM : calculateChangeValue, sisaBayar [0]
[ADMIN] [2/18/2017 15:06] [PENJUALAN] CASHIER FORM : cashierDataGridView_CellValueChanged [jumlah]
[ADMIN] [2/18/2017 15:06] [PENJUALAN] CASHIER FORM : cashierDataGridView_CellValueChanged [productName]
[ADMIN] [2/18/2017 15:06] [PENJUALAN] CASHIER FORM : cashierDataGridView_CellValueChanged [productName]
[ADMIN] [2/18/2017 15:06] [PENJUALAN] CASHIER FORM : UNREGISTER HOTKEY
[ADMIN] [2/18/2017 15:06] [] [POS SEARCH PRODUCT] D:\Project\Rejeki_Utama\_CODE_\Rejeki_Utama\Rejeki_Utama\bin\Debug\PRODUCT_PHOTO\ 
[ADMIN] [2/18/2017 15:06] [PENJUALAN] CASHIER FORM : ADD NEW ROW FROM BARCODE [TES PRODUK UNTUK CSV]
[ADMIN] [2/18/2017 15:06] [PENJUALAN] CASHIER FORM : cashierDataGridView_CellValueChanged [productID]
[ADMIN] [2/18/2017 15:06] [PENJUALAN] CASHIER FORM : cashierDataGridView_CellValueChanged [productName]
[ADMIN] [2/18/2017 15:06] [PENJUALAN] CASHIER FORM : PRODUCT PRICE TYPE [PRODUCT_BASE_PRICE]
[ADMIN] [2/18/2017 15:06] [PENJUALAN] CASHIER FORM : PRODUCT PRICE [10]
[ADMIN] [2/18/2017 15:06] [PENJUALAN] CASHIER FORM : ComboBox_SelectedIndexChanged, PRODUCT_BASE_PRICE [10]
[ADMIN] [2/18/2017 15:06] [PENJUALAN] CASHIER FORM : cashierDataGridView_CellValueChanged [hpp]
[ADMIN] [2/18/2017 15:06] [PENJUALAN] CASHIER FORM : PRODUCT PRICE TYPE [PRODUCT_RETAIL_PRICE]
[ADMIN] [2/18/2017 15:06] [PENJUALAN] CASHIER FORM : PRODUCT PRICE [10]
[ADMIN] [2/18/2017 15:06] [PENJUALAN] CASHIER FORM : ComboBox_SelectedIndexChanged, PRODUCT_SALES_PRICE [10]
[ADMIN] [2/18/2017 15:06] [PENJUALAN] CASHIER FORM : cashierDataGridView_CellValueChanged [productPrice]
[ADMIN] [2/18/2017 15:06] [PENJUALAN] CASHIER FORM : TextBox_TextChanged, previousInput []
[ADMIN] [2/18/2017 15:06] [PENJUALAN] CASHIER FORM : TextBox_TextChanged, dataGridViewTextBoxEditingControl.Text pass REGEX Checking
[ADMIN] [2/18/2017 15:06] [PENJUALAN] CASHIER FORM : CALCULATE SUBTOTAL
[ADMIN] [2/18/2017 15:06] [PENJUALAN] CASHIER FORM : SUBTOTAL [0]
[ADMIN] [2/18/2017 15:06] [PENJUALAN] CASHIER FORM : TextBox_TextChanged, subtotal value [0]
[ADMIN] [2/18/2017 15:06] [PENJUALAN] CASHIER FORM : TextBox_TextChanged, attempt to calculate total value
[ADMIN] [2/18/2017 15:06] [PENJUALAN] CASHIER FORM : calculateTotal
[ADMIN] [2/18/2017 15:06] [PENJUALAN] CASHIER FORM : calculateTotal [0]
[ADMIN] [2/18/2017 15:06] [PENJUALAN] CASHIER FORM : calculateTotal, totalAfterDisc [0]
[ADMIN] [2/18/2017 15:06] [PENJUALAN] CASHIER FORM : calculateChangeValue, bayarTextBox.Text [0]
[ADMIN] [2/18/2017 15:06] [PENJUALAN] CASHIER FORM : calculateChangeValue, sisaBayar [0]
[ADMIN] [2/18/2017 15:06] [PENJUALAN] CASHIER FORM : cashierDataGridView_CellValueChanged [qty]
[ADMIN] [2/18/2017 15:06] [PENJUALAN] CASHIER FORM : TextBox_TextChanged, previousInput []
[ADMIN] [2/18/2017 15:06] [PENJUALAN] CASHIER FORM : TextBox_TextChanged, dataGridViewTextBoxEditingControl.Text pass REGEX Checking
[ADMIN] [2/18/2017 15:06] [] CHECK STOCK QTY IS ENOUGH [6]
[ADMIN] [2/18/2017 15:06] [] CHECK STOCK QTY IS ENOUGH [45, 0]
[ADMIN] [2/18/2017 15:06] [PENJUALAN] CASHIER FORM : CALCULATE SUBTOTAL
[ADMIN] [2/18/2017 15:06] [PENJUALAN] CASHIER FORM : SUBTOTAL [0]
[ADMIN] [2/18/2017 15:06] [PENJUALAN] CASHIER FORM : TextBox_TextChanged, subtotal value [0]
[ADMIN] [2/18/2017 15:06] [PENJUALAN] CASHIER FORM : TextBox_TextChanged, attempt to calculate total value
[ADMIN] [2/18/2017 15:06] [PENJUALAN] CASHIER FORM : calculateTotal
[ADMIN] [2/18/2017 15:06] [PENJUALAN] CASHIER FORM : calculateTotal [0]
[ADMIN] [2/18/2017 15:06] [PENJUALAN] CASHIER FORM : calculateTotal, totalAfterDisc [0]
[ADMIN] [2/18/2017 15:06] [PENJUALAN] CASHIER FORM : calculateChangeValue, bayarTextBox.Text [0]
[ADMIN] [2/18/2017 15:06] [PENJUALAN] CASHIER FORM : calculateChangeValue, sisaBayar [0]
[ADMIN] [2/18/2017 15:06] [PENJUALAN] CASHIER FORM : cashierDataGridView_CellValueChanged [jumlah]
[ADMIN] [2/18/2017 15:06] [PENJUALAN] CASHIER FORM : ComboBox_SelectedIndexChanged, attempt to calculate total
[ADMIN] [2/18/2017 15:06] [PENJUALAN] CASHIER FORM : calculateTotal
[ADMIN] [2/18/2017 15:06] [PENJUALAN] CASHIER FORM : calculateTotal [0]
[ADMIN] [2/18/2017 15:06] [PENJUALAN] CASHIER FORM : calculateTotal, totalAfterDisc [0]
[ADMIN] [2/18/2017 15:06] [PENJUALAN] CASHIER FORM : calculateChangeValue, bayarTextBox.Text [0]
[ADMIN] [2/18/2017 15:06] [PENJUALAN] CASHIER FORM : calculateChangeValue, sisaBayar [0]
[ADMIN] [2/18/2017 15:06] [] CHECK STOCK QTY IS ENOUGH [6]
[ADMIN] [2/18/2017 15:06] [] CHECK STOCK QTY IS ENOUGH [45, 1]
[ADMIN] [2/18/2017 15:06] [PENJUALAN] CASHIER FORM : cashierDataGridView_CellValueChanged [qty]
[ADMIN] [2/18/2017 15:06] [PENJUALAN] CASHIER FORM : TextBox_TextChanged, previousInput []
[ADMIN] [2/18/2017 15:06] [PENJUALAN] CASHIER FORM : TextBox_TextChanged, dataGridViewTextBoxEditingControl.Text pass REGEX Checking
[ADMIN] [2/18/2017 15:06] [] CHECK STOCK QTY IS ENOUGH [6]
[ADMIN] [2/18/2017 15:06] [] CHECK STOCK QTY IS ENOUGH [45, 1]
[ADMIN] [2/18/2017 15:06] [PENJUALAN] CASHIER FORM : CALCULATE SUBTOTAL
[ADMIN] [2/18/2017 15:06] [PENJUALAN] CASHIER FORM : SUBTOTAL [10]
[ADMIN] [2/18/2017 15:06] [PENJUALAN] CASHIER FORM : TextBox_TextChanged, subtotal value [10]
[ADMIN] [2/18/2017 15:06] [PENJUALAN] CASHIER FORM : TextBox_TextChanged, attempt to calculate total value
[ADMIN] [2/18/2017 15:06] [PENJUALAN] CASHIER FORM : calculateTotal
[ADMIN] [2/18/2017 15:06] [PENJUALAN] CASHIER FORM : calculateTotal [10]
[ADMIN] [2/18/2017 15:06] [PENJUALAN] CASHIER FORM : calculateTotal, totalAfterDisc [10]
[ADMIN] [2/18/2017 15:06] [PENJUALAN] CASHIER FORM : calculateChangeValue, bayarTextBox.Text [0]
[ADMIN] [2/18/2017 15:06] [PENJUALAN] CASHIER FORM : calculateChangeValue, sisaBayar [0]
[ADMIN] [2/18/2017 15:06] [PENJUALAN] CASHIER FORM : SET QTY TO 1 BECAUSE OF NEW ROW
[ADMIN] [2/18/2017 15:06] [PENJUALAN] CASHIER FORM : CALCULATE SUBTOTAL
[ADMIN] [2/18/2017 15:06] [PENJUALAN] CASHIER FORM : SUBTOTAL [10]
[ADMIN] [2/18/2017 15:06] [PENJUALAN] CASHIER FORM : calculateTotal
[ADMIN] [2/18/2017 15:06] [PENJUALAN] CASHIER FORM : calculateTotal [10]
[ADMIN] [2/18/2017 15:06] [PENJUALAN] CASHIER FORM : calculateTotal, totalAfterDisc [10]
[ADMIN] [2/18/2017 15:06] [PENJUALAN] CASHIER FORM : calculateChangeValue, bayarTextBox.Text [0]
[ADMIN] [2/18/2017 15:06] [PENJUALAN] CASHIER FORM : calculateChangeValue, sisaBayar [0]
[ADMIN] [2/18/2017 15:06] [PENJUALAN] CASHIER FORM : REGISTER HOTKEY
[ADMIN] [2/18/2017 15:06] [PENJUALAN] CASHIER FORM : cashierDataGridView_CellValueChanged [qty]
[ADMIN] [2/18/2017 15:06] [PENJUALAN] CASHIER FORM : TextBox_TextChanged, previousInput []
[ADMIN] [2/18/2017 15:06] [PENJUALAN] CASHIER FORM : TextBox_TextChanged, dataGridViewTextBoxEditingControl.Text pass REGEX Checking
[ADMIN] [2/18/2017 15:06] [] CHECK STOCK QTY IS ENOUGH [6]
[ADMIN] [2/18/2017 15:06] [] CHECK STOCK QTY IS ENOUGH [45, 2]
[ADMIN] [2/18/2017 15:06] [PENJUALAN] CASHIER FORM : CALCULATE SUBTOTAL
[ADMIN] [2/18/2017 15:06] [PENJUALAN] CASHIER FORM : SUBTOTAL [20]
[ADMIN] [2/18/2017 15:06] [PENJUALAN] CASHIER FORM : TextBox_TextChanged, subtotal value [20]
[ADMIN] [2/18/2017 15:06] [PENJUALAN] CASHIER FORM : TextBox_TextChanged, attempt to calculate total value
[ADMIN] [2/18/2017 15:06] [PENJUALAN] CASHIER FORM : calculateTotal
[ADMIN] [2/18/2017 15:06] [PENJUALAN] CASHIER FORM : calculateTotal [20]
[ADMIN] [2/18/2017 15:06] [PENJUALAN] CASHIER FORM : calculateTotal, totalAfterDisc [20]
[ADMIN] [2/18/2017 15:06] [PENJUALAN] CASHIER FORM : calculateChangeValue, bayarTextBox.Text [0]
[ADMIN] [2/18/2017 15:06] [PENJUALAN] CASHIER FORM : calculateChangeValue, sisaBayar [0]
[ADMIN] [2/18/2017 15:06] [PENJUALAN] CASHIER FORM : cashierDataGridView_CellValueChanged [qty]
[ADMIN] [2/18/2017 15:06] [PENJUALAN] CASHIER FORM : TextBox_TextChanged, previousInput []
[ADMIN] [2/18/2017 15:06] [PENJUALAN] CASHIER FORM : TextBox_TextChanged, dataGridViewTextBoxEditingControl.Text pass REGEX Checking
[ADMIN] [2/18/2017 15:06] [] CHECK STOCK QTY IS ENOUGH [6]
[ADMIN] [2/18/2017 15:06] [] CHECK STOCK QTY IS ENOUGH [45, 20]
[ADMIN] [2/18/2017 15:06] [PENJUALAN] CASHIER FORM : CALCULATE SUBTOTAL
[ADMIN] [2/18/2017 15:06] [PENJUALAN] CASHIER FORM : SUBTOTAL [200]
[ADMIN] [2/18/2017 15:06] [PENJUALAN] CASHIER FORM : TextBox_TextChanged, subtotal value [200]
[ADMIN] [2/18/2017 15:06] [PENJUALAN] CASHIER FORM : TextBox_TextChanged, attempt to calculate total value
[ADMIN] [2/18/2017 15:06] [PENJUALAN] CASHIER FORM : calculateTotal
[ADMIN] [2/18/2017 15:06] [PENJUALAN] CASHIER FORM : calculateTotal [200]
[ADMIN] [2/18/2017 15:06] [PENJUALAN] CASHIER FORM : calculateTotal, totalAfterDisc [200]
[ADMIN] [2/18/2017 15:06] [PENJUALAN] CASHIER FORM : calculateChangeValue, bayarTextBox.Text [0]
[ADMIN] [2/18/2017 15:06] [PENJUALAN] CASHIER FORM : calculateChangeValue, sisaBayar [0]
[ADMIN] [2/18/2017 15:06] [PENJUALAN] CASHIER FORM : discJualMaskedTextBox_Validating, totalAfterDisc [198]
[ADMIN] [2/18/2017 15:06] [PENJUALAN] CASHIER FORM : discJualMaskedTextBox_Validating, totalAfterDisc [180]
[ADMIN] [2/18/2017 15:06] [PENJUALAN] CASHIER FORM : discJualMaskedTextBox_Validating, totalAfterDisc [130]
[ADMIN] [2/18/2017 15:06] [PENJUALAN] CASHIER FORM : calculateChangeValue, bayarTextBox.Text [1]
[ADMIN] [2/18/2017 15:06] [PENJUALAN] CASHIER FORM : calculateChangeValue, sisaBayar [0]
[ADMIN] [2/18/2017 15:06] [PENJUALAN] CASHIER FORM : calculateChangeValue, bayarTextBox.Text [15]
[ADMIN] [2/18/2017 15:06] [PENJUALAN] CASHIER FORM : calculateChangeValue, sisaBayar [0]
[ADMIN] [2/18/2017 15:06] [PENJUALAN] CASHIER FORM : calculateChangeValue, bayarTextBox.Text [150]
[ADMIN] [2/18/2017 15:06] [PENJUALAN] CASHIER FORM : calculateChangeValue, sisaBayar [20]
[ADMIN] [2/18/2017 15:07] [PENJUALAN] CASHIER FORM : discJualMaskedTextBox_Validating, totalAfterDisc [130]
[ADMIN] [2/18/2017 15:07] [PENJUALAN] CASHIER FORM : HOTKEY TO SAVE AND PRINT OUT INVOICE PRESSED
[ADMIN] [2/18/2017 15:07] [PENJUALAN] CASHIER FORM : UNREGISTER HOTKEY
[ADMIN] [2/18/2017 15:07] [PENJUALAN] CASHIER FORM : REGISTER HOTKEY
[ADMIN] [2/18/2017 15:07] [PENJUALAN] ATTEMPT TO SAVE AND PRINT OUT INVOICE
[ADMIN] [2/18/2017 15:07] [] CHECK STOCK QTY IS ENOUGH [6]
[ADMIN] [2/18/2017 15:07] [] CHECK STOCK QTY IS ENOUGH [45, 20]
[ADMIN] [2/18/2017 15:07] [PENJUALAN] CASHIER FORM : UNREGISTER HOTKEY
[ADMIN] [2/18/2017 15:07] [PENJUALAN] CASHIER FORM : REGISTER HOTKEY
[ADMIN] [2/18/2017 15:07] [PENJUALAN] CASHIER FORM : UNREGISTER HOTKEY
[ADMIN] [2/18/2017 15:07] [PENJUALAN] CASHIER FORM : ATTEMPT TO SAVE SALES DATA [18-02-2017 15:07]
[ADMIN] [2/18/2017 15:07] [PENJUALAN] CASHIER FORM : SALES DISC FINAL [50]
[ADMIN] [2/18/2017 15:07] [PENJUALAN] CASHIER FORM : CASH SALES
[ADMIN] [2/18/2017 15:07] [PENJUALAN] CHECK IF TAX LIMIT SET FOR PERCENTAGE PURCHASE [0]
[ADMIN] [2/18/2017 15:07] [PENJUALAN] CHECK IF TAX LIMIT SET FOR AVERAGE DAILY PURCHASE [0]
[ADMIN] [2/18/2017 15:07] [PENJUALAN] CASHIER FORM : NO FAKTUR [SLO001]
[ADMIN] [2/18/2017 15:07] [PENJUALAN] CASHIER FORM : MAX SALES INVOICE [11]
[ADMIN] [2/18/2017 15:07] [PENJUALAN] CASHIER FORM : SALES INVOICE [SLO001-12]
[ADMIN] [2/18/2017 15:07] [PENJUALAN] INSERT INTO SALES HEADER [SLO001-12]
[ADMIN] [2/18/2017 15:07] [PENJUALAN] INSERT INTO SALES DETAIL[6, 10, 20]
[ADMIN] [2/18/2017 15:07] [PENJUALAN] INSERT TO CREDIT TABLE [SLO001-12]
[ADMIN] [2/18/2017 15:07] [PENJUALAN] INSERT TO DAILY JOURNAL TABLE [200]
[ADMIN] [2/18/2017 15:07] [PENJUALAN] CASHIER FORM : REGISTER HOTKEY
[ADMIN] [2/18/2017 15:07] [PENJUALAN] TRANSACTION SAVED
[ADMIN] [2/18/2017 15:07] [PENJUALAN] PRINT OUT INVOICE
[ADMIN] [2/18/2017 15:07] [PENJUALAN] CASHIER FORM : PrintReceipt
[ADMIN] [2/18/2017 15:07] [PENJUALAN] CASHIER FORM : PrintReceipt, POS size Paper
[ADMIN] [2/18/2017 15:07] [PENJUALAN] CASHIER FORM : loadInfoToko
[ADMIN] [2/18/2017 15:07] [PENJUALAN] CASHIER FORM : calculatePageLength, totalLengthPage [369]
[ADMIN] [2/18/2017 15:07] [PENJUALAN] CASHIER FORM : UNREGISTER HOTKEY
[ADMIN] [2/18/2017 15:07] [PENJUALAN] CASHIER FORM : printDocument1_PrintPage, print POS size receipt
[ADMIN] [2/18/2017 15:07] [PENJUALAN] CASHIER FORM : loadInfoToko
[ADMIN] [2/18/2017 15:07] [PENJUALAN] CASHIER FORM : loadNamaUser
[ADMIN] [2/18/2017 15:07] [PENJUALAN] CASHIER FORM : REGISTER HOTKEY
[] [2/18/2017 15:11] [] USER = ADMIN IS ACTIVE
[ADMIN] [2/18/2017 15:11] [] USER ID = 1 LOGIN SUCCESSFULLY
[ADMIN] [2/18/2017 15:11] [] ACTIVATE USER ACCESS RIGHT
[ADMIN] [2/18/2017 15:11] [] DISPLAY ADMIN FORM
[ADMIN] [2/18/2017 15:11] [] adminForm Load
[ADMIN] [2/18/2017 15:11] [PENJUALAN] CASHIER FORM : MULTIPLE CASHIER INSTANCE [1]
[ADMIN] [2/18/2017 15:11] [PENJUALAN] CASHIER FORM : REGISTER HOTKEY
[ADMIN] [2/18/2017 15:11] [PENJUALAN] CASHIER FORM : cashierForm_Load, ATTEMPT TO LOAD NO FAKTUR
[ADMIN] [2/18/2017 15:11] [PENJUALAN] CASHIER FORM : loadNoFaktur, noFakturValue [SLO001]
[ADMIN] [2/18/2017 15:11] [PENJUALAN] CASHIER FORM : cashierForm_Load, ATTEMPT TO addColumnToDataGrid
[ADMIN] [2/18/2017 15:11] [PENJUALAN] CASHIER FORM : REGISTER HOTKEY
[ADMIN] [2/18/2017 15:11] [PENJUALAN] CASHIER FORM : HOTKEY TO ADD NEW ROW PRESSED
[ADMIN] [2/18/2017 15:11] [PENJUALAN] CASHIER FORM : ADD NEW ROW,  isActive [True]
[ADMIN] [2/18/2017 15:11] [PENJUALAN] CASHIER FORM : ADD NEW ROW,  ROW COUNT [0]
[ADMIN] [2/18/2017 15:11] [PENJUALAN] CASHIER FORM : ADD NEW ROW,  ALLOW TO ADD [True]
[ADMIN] [2/18/2017 15:11] [PENJUALAN] CASHIER FORM : cashierDataGridView_CellValueChanged [F8]
[ADMIN] [2/18/2017 15:11] [PENJUALAN] CASHIER FORM : cashierDataGridView_CellValueChanged [hpp]
[ADMIN] [2/18/2017 15:11] [PENJUALAN] CASHIER FORM : cashierDataGridView_CellValueChanged [productPrice]
[ADMIN] [2/18/2017 15:11] [PENJUALAN] CASHIER FORM : TextBox_TextChanged, previousInput []
[ADMIN] [2/18/2017 15:11] [PENJUALAN] CASHIER FORM : TextBox_TextChanged, dataGridViewTextBoxEditingControl.Text pass REGEX Checking
[ADMIN] [2/18/2017 15:11] [PENJUALAN] CASHIER FORM : CALCULATE SUBTOTAL
[ADMIN] [2/18/2017 15:11] [PENJUALAN] CASHIER FORM : SUBTOTAL [0]
[ADMIN] [2/18/2017 15:11] [PENJUALAN] CASHIER FORM : TextBox_TextChanged, subtotal value [0]
[ADMIN] [2/18/2017 15:11] [PENJUALAN] CASHIER FORM : TextBox_TextChanged, attempt to calculate total value
[ADMIN] [2/18/2017 15:11] [PENJUALAN] CASHIER FORM : calculateTotal
[ADMIN] [2/18/2017 15:11] [PENJUALAN] CASHIER FORM : calculateTotal [0]
[ADMIN] [2/18/2017 15:11] [PENJUALAN] CASHIER FORM : calculateTotal, totalAfterDisc [0]
[ADMIN] [2/18/2017 15:11] [PENJUALAN] CASHIER FORM : calculateChangeValue, bayarTextBox.Text [0]
[ADMIN] [2/18/2017 15:11] [PENJUALAN] CASHIER FORM : calculateChangeValue, sisaBayar [0]
[ADMIN] [2/18/2017 15:11] [PENJUALAN] CASHIER FORM : cashierDataGridView_CellValueChanged [disc1]
[ADMIN] [2/18/2017 15:11] [PENJUALAN] CASHIER FORM : TextBox_TextChanged, previousInput []
[ADMIN] [2/18/2017 15:11] [PENJUALAN] CASHIER FORM : TextBox_TextChanged, dataGridViewTextBoxEditingControl.Text pass REGEX Checking
[ADMIN] [2/18/2017 15:11] [PENJUALAN] CASHIER FORM : CALCULATE SUBTOTAL
[ADMIN] [2/18/2017 15:11] [PENJUALAN] CASHIER FORM : SUBTOTAL [0]
[ADMIN] [2/18/2017 15:11] [PENJUALAN] CASHIER FORM : TextBox_TextChanged, subtotal value [0]
[ADMIN] [2/18/2017 15:11] [PENJUALAN] CASHIER FORM : TextBox_TextChanged, attempt to calculate total value
[ADMIN] [2/18/2017 15:11] [PENJUALAN] CASHIER FORM : calculateTotal
[ADMIN] [2/18/2017 15:11] [PENJUALAN] CASHIER FORM : calculateTotal [0]
[ADMIN] [2/18/2017 15:11] [PENJUALAN] CASHIER FORM : calculateTotal, totalAfterDisc [0]
[ADMIN] [2/18/2017 15:11] [PENJUALAN] CASHIER FORM : calculateChangeValue, bayarTextBox.Text [0]
[ADMIN] [2/18/2017 15:11] [PENJUALAN] CASHIER FORM : calculateChangeValue, sisaBayar [0]
[ADMIN] [2/18/2017 15:11] [PENJUALAN] CASHIER FORM : cashierDataGridView_CellValueChanged [qty]
[ADMIN] [2/18/2017 15:11] [PENJUALAN] CASHIER FORM : TextBox_TextChanged, previousInput []
[ADMIN] [2/18/2017 15:11] [PENJUALAN] CASHIER FORM : TextBox_TextChanged, dataGridViewTextBoxEditingControl.Text pass REGEX Checking
[ADMIN] [2/18/2017 15:11] [] CHECK STOCK QTY IS ENOUGH []
[ADMIN] [2/18/2017 15:11] [PENJUALAN] CASHIER FORM : CALCULATE SUBTOTAL
[ADMIN] [2/18/2017 15:11] [PENJUALAN] CASHIER FORM : SUBTOTAL [0]
[ADMIN] [2/18/2017 15:11] [PENJUALAN] CASHIER FORM : TextBox_TextChanged, subtotal value [0]
[ADMIN] [2/18/2017 15:11] [PENJUALAN] CASHIER FORM : TextBox_TextChanged, attempt to calculate total value
[ADMIN] [2/18/2017 15:11] [PENJUALAN] CASHIER FORM : calculateTotal
[ADMIN] [2/18/2017 15:11] [PENJUALAN] CASHIER FORM : calculateTotal [0]
[ADMIN] [2/18/2017 15:11] [PENJUALAN] CASHIER FORM : calculateTotal, totalAfterDisc [0]
[ADMIN] [2/18/2017 15:11] [PENJUALAN] CASHIER FORM : calculateChangeValue, bayarTextBox.Text [0]
[ADMIN] [2/18/2017 15:11] [PENJUALAN] CASHIER FORM : calculateChangeValue, sisaBayar [0]
[ADMIN] [2/18/2017 15:11] [PENJUALAN] CASHIER FORM : cashierDataGridView_CellValueChanged [disc2]
[ADMIN] [2/18/2017 15:11] [PENJUALAN] CASHIER FORM : TextBox_TextChanged, previousInput []
[ADMIN] [2/18/2017 15:11] [PENJUALAN] CASHIER FORM : TextBox_TextChanged, dataGridViewTextBoxEditingControl.Text pass REGEX Checking
[ADMIN] [2/18/2017 15:11] [PENJUALAN] CASHIER FORM : CALCULATE SUBTOTAL
[ADMIN] [2/18/2017 15:11] [PENJUALAN] CASHIER FORM : SUBTOTAL [0]
[ADMIN] [2/18/2017 15:11] [PENJUALAN] CASHIER FORM : TextBox_TextChanged, subtotal value [0]
[ADMIN] [2/18/2017 15:11] [PENJUALAN] CASHIER FORM : TextBox_TextChanged, attempt to calculate total value
[ADMIN] [2/18/2017 15:11] [PENJUALAN] CASHIER FORM : calculateTotal
[ADMIN] [2/18/2017 15:11] [PENJUALAN] CASHIER FORM : calculateTotal [0]
[ADMIN] [2/18/2017 15:11] [PENJUALAN] CASHIER FORM : calculateTotal, totalAfterDisc [0]
[ADMIN] [2/18/2017 15:11] [PENJUALAN] CASHIER FORM : calculateChangeValue, bayarTextBox.Text [0]
[ADMIN] [2/18/2017 15:11] [PENJUALAN] CASHIER FORM : calculateChangeValue, sisaBayar [0]
[ADMIN] [2/18/2017 15:11] [PENJUALAN] CASHIER FORM : cashierDataGridView_CellValueChanged [discRP]
[ADMIN] [2/18/2017 15:11] [PENJUALAN] CASHIER FORM : TextBox_TextChanged, previousInput []
[ADMIN] [2/18/2017 15:11] [PENJUALAN] CASHIER FORM : TextBox_TextChanged, dataGridViewTextBoxEditingControl.Text pass REGEX Checking
[ADMIN] [2/18/2017 15:11] [PENJUALAN] CASHIER FORM : CALCULATE SUBTOTAL
[ADMIN] [2/18/2017 15:11] [PENJUALAN] CASHIER FORM : SUBTOTAL [0]
[ADMIN] [2/18/2017 15:11] [PENJUALAN] CASHIER FORM : TextBox_TextChanged, subtotal value [0]
[ADMIN] [2/18/2017 15:11] [PENJUALAN] CASHIER FORM : TextBox_TextChanged, attempt to calculate total value
[ADMIN] [2/18/2017 15:11] [PENJUALAN] CASHIER FORM : calculateTotal
[ADMIN] [2/18/2017 15:11] [PENJUALAN] CASHIER FORM : calculateTotal [0]
[ADMIN] [2/18/2017 15:11] [PENJUALAN] CASHIER FORM : calculateTotal, totalAfterDisc [0]
[ADMIN] [2/18/2017 15:11] [PENJUALAN] CASHIER FORM : calculateChangeValue, bayarTextBox.Text [0]
[ADMIN] [2/18/2017 15:11] [PENJUALAN] CASHIER FORM : calculateChangeValue, sisaBayar [0]
[ADMIN] [2/18/2017 15:11] [PENJUALAN] CASHIER FORM : cashierDataGridView_CellValueChanged [jumlah]
[ADMIN] [2/18/2017 15:11] [PENJUALAN] CASHIER FORM : cashierDataGridView_CellValueChanged [productName]
[ADMIN] [2/18/2017 15:11] [PENJUALAN] CASHIER FORM : cashierDataGridView_CellValueChanged [productName]
[ADMIN] [2/18/2017 15:11] [PENJUALAN] CASHIER FORM : cashierDataGridView_CellValueChanged [productName]
[ADMIN] [2/18/2017 15:11] [PENJUALAN] CASHIER FORM : cashierDataGridView_CellValueChanged [productName]
[ADMIN] [2/18/2017 15:11] [PENJUALAN] CASHIER FORM : cashierDataGridView_CellValueChanged [productName]
[ADMIN] [2/18/2017 15:11] [PENJUALAN] CASHIER FORM : cashierDataGridView_CellValueChanged [productName]
[ADMIN] [2/18/2017 15:11] [PENJUALAN] CASHIER FORM : cashierDataGridView_CellValueChanged [productName]
[ADMIN] [2/18/2017 15:12] [PENJUALAN] CASHIER FORM : cashierDataGridView_CellValueChanged [productName]
[ADMIN] [2/18/2017 15:12] [PENJUALAN] CASHIER FORM : cashierDataGridView_CellValueChanged [productName]
[ADMIN] [2/18/2017 15:12] [PENJUALAN] CASHIER FORM : UNREGISTER HOTKEY
[ADMIN] [2/18/2017 15:12] [] [POS SEARCH PRODUCT] D:\Project\Rejeki_Utama\_CODE_\Rejeki_Utama\Rejeki_Utama\bin\Debug\PRODUCT_PHOTO\ 
[ADMIN] [2/18/2017 15:12] [PENJUALAN] CASHIER FORM : ADD NEW ROW FROM BARCODE [TES PRODUK UNTUK CSV]
[ADMIN] [2/18/2017 15:12] [PENJUALAN] CASHIER FORM : cashierDataGridView_CellValueChanged [productID]
[ADMIN] [2/18/2017 15:12] [PENJUALAN] CASHIER FORM : cashierDataGridView_CellValueChanged [productName]
[ADMIN] [2/18/2017 15:12] [PENJUALAN] CASHIER FORM : PRODUCT PRICE TYPE [PRODUCT_BASE_PRICE]
[ADMIN] [2/18/2017 15:12] [PENJUALAN] CASHIER FORM : PRODUCT PRICE [10]
[ADMIN] [2/18/2017 15:12] [PENJUALAN] CASHIER FORM : ComboBox_SelectedIndexChanged, PRODUCT_BASE_PRICE [10]
[ADMIN] [2/18/2017 15:12] [PENJUALAN] CASHIER FORM : cashierDataGridView_CellValueChanged [hpp]
[ADMIN] [2/18/2017 15:12] [PENJUALAN] CASHIER FORM : PRODUCT PRICE TYPE [PRODUCT_RETAIL_PRICE]
[ADMIN] [2/18/2017 15:12] [PENJUALAN] CASHIER FORM : PRODUCT PRICE [10]
[ADMIN] [2/18/2017 15:12] [PENJUALAN] CASHIER FORM : ComboBox_SelectedIndexChanged, PRODUCT_SALES_PRICE [10]
[ADMIN] [2/18/2017 15:12] [PENJUALAN] CASHIER FORM : cashierDataGridView_CellValueChanged [productPrice]
[ADMIN] [2/18/2017 15:12] [PENJUALAN] CASHIER FORM : TextBox_TextChanged, previousInput []
[ADMIN] [2/18/2017 15:12] [PENJUALAN] CASHIER FORM : TextBox_TextChanged, dataGridViewTextBoxEditingControl.Text pass REGEX Checking
[ADMIN] [2/18/2017 15:12] [PENJUALAN] CASHIER FORM : CALCULATE SUBTOTAL
[ADMIN] [2/18/2017 15:12] [PENJUALAN] CASHIER FORM : SUBTOTAL [0]
[ADMIN] [2/18/2017 15:12] [PENJUALAN] CASHIER FORM : TextBox_TextChanged, subtotal value [0]
[ADMIN] [2/18/2017 15:12] [PENJUALAN] CASHIER FORM : TextBox_TextChanged, attempt to calculate total value
[ADMIN] [2/18/2017 15:12] [PENJUALAN] CASHIER FORM : calculateTotal
[ADMIN] [2/18/2017 15:12] [PENJUALAN] CASHIER FORM : calculateTotal [0]
[ADMIN] [2/18/2017 15:12] [PENJUALAN] CASHIER FORM : calculateTotal, totalAfterDisc [0]
[ADMIN] [2/18/2017 15:12] [PENJUALAN] CASHIER FORM : calculateChangeValue, bayarTextBox.Text [0]
[ADMIN] [2/18/2017 15:12] [PENJUALAN] CASHIER FORM : calculateChangeValue, sisaBayar [0]
[ADMIN] [2/18/2017 15:12] [PENJUALAN] CASHIER FORM : cashierDataGridView_CellValueChanged [qty]
[ADMIN] [2/18/2017 15:12] [PENJUALAN] CASHIER FORM : TextBox_TextChanged, previousInput []
[ADMIN] [2/18/2017 15:12] [PENJUALAN] CASHIER FORM : TextBox_TextChanged, dataGridViewTextBoxEditingControl.Text pass REGEX Checking
[ADMIN] [2/18/2017 15:12] [] CHECK STOCK QTY IS ENOUGH [6]
[ADMIN] [2/18/2017 15:12] [] CHECK STOCK QTY IS ENOUGH [45, 0]
[ADMIN] [2/18/2017 15:12] [PENJUALAN] CASHIER FORM : CALCULATE SUBTOTAL
[ADMIN] [2/18/2017 15:12] [PENJUALAN] CASHIER FORM : SUBTOTAL [0]
[ADMIN] [2/18/2017 15:12] [PENJUALAN] CASHIER FORM : TextBox_TextChanged, subtotal value [0]
[ADMIN] [2/18/2017 15:12] [PENJUALAN] CASHIER FORM : TextBox_TextChanged, attempt to calculate total value
[ADMIN] [2/18/2017 15:12] [PENJUALAN] CASHIER FORM : calculateTotal
[ADMIN] [2/18/2017 15:12] [PENJUALAN] CASHIER FORM : calculateTotal [0]
[ADMIN] [2/18/2017 15:12] [PENJUALAN] CASHIER FORM : calculateTotal, totalAfterDisc [0]
[ADMIN] [2/18/2017 15:12] [PENJUALAN] CASHIER FORM : calculateChangeValue, bayarTextBox.Text [0]
[ADMIN] [2/18/2017 15:12] [PENJUALAN] CASHIER FORM : calculateChangeValue, sisaBayar [0]
[ADMIN] [2/18/2017 15:12] [PENJUALAN] CASHIER FORM : cashierDataGridView_CellValueChanged [jumlah]
[ADMIN] [2/18/2017 15:12] [PENJUALAN] CASHIER FORM : ComboBox_SelectedIndexChanged, attempt to calculate total
[ADMIN] [2/18/2017 15:12] [PENJUALAN] CASHIER FORM : calculateTotal
[ADMIN] [2/18/2017 15:12] [PENJUALAN] CASHIER FORM : calculateTotal [0]
[ADMIN] [2/18/2017 15:12] [PENJUALAN] CASHIER FORM : calculateTotal, totalAfterDisc [0]
[ADMIN] [2/18/2017 15:12] [PENJUALAN] CASHIER FORM : calculateChangeValue, bayarTextBox.Text [0]
[ADMIN] [2/18/2017 15:12] [PENJUALAN] CASHIER FORM : calculateChangeValue, sisaBayar [0]
[ADMIN] [2/18/2017 15:12] [] CHECK STOCK QTY IS ENOUGH [6]
[ADMIN] [2/18/2017 15:12] [] CHECK STOCK QTY IS ENOUGH [45, 1]
[ADMIN] [2/18/2017 15:12] [PENJUALAN] CASHIER FORM : cashierDataGridView_CellValueChanged [qty]
[ADMIN] [2/18/2017 15:12] [PENJUALAN] CASHIER FORM : TextBox_TextChanged, previousInput []
[ADMIN] [2/18/2017 15:12] [PENJUALAN] CASHIER FORM : TextBox_TextChanged, dataGridViewTextBoxEditingControl.Text pass REGEX Checking
[ADMIN] [2/18/2017 15:12] [] CHECK STOCK QTY IS ENOUGH [6]
[ADMIN] [2/18/2017 15:12] [] CHECK STOCK QTY IS ENOUGH [45, 1]
[ADMIN] [2/18/2017 15:12] [PENJUALAN] CASHIER FORM : CALCULATE SUBTOTAL
[ADMIN] [2/18/2017 15:12] [PENJUALAN] CASHIER FORM : SUBTOTAL [10]
[ADMIN] [2/18/2017 15:12] [PENJUALAN] CASHIER FORM : TextBox_TextChanged, subtotal value [10]
[ADMIN] [2/18/2017 15:12] [PENJUALAN] CASHIER FORM : TextBox_TextChanged, attempt to calculate total value
[ADMIN] [2/18/2017 15:12] [PENJUALAN] CASHIER FORM : calculateTotal
[ADMIN] [2/18/2017 15:12] [PENJUALAN] CASHIER FORM : calculateTotal [10]
[ADMIN] [2/18/2017 15:12] [PENJUALAN] CASHIER FORM : calculateTotal, totalAfterDisc [10]
[ADMIN] [2/18/2017 15:12] [PENJUALAN] CASHIER FORM : calculateChangeValue, bayarTextBox.Text [0]
[ADMIN] [2/18/2017 15:12] [PENJUALAN] CASHIER FORM : calculateChangeValue, sisaBayar [0]
[ADMIN] [2/18/2017 15:12] [PENJUALAN] CASHIER FORM : SET QTY TO 1 BECAUSE OF NEW ROW
[ADMIN] [2/18/2017 15:12] [PENJUALAN] CASHIER FORM : CALCULATE SUBTOTAL
[ADMIN] [2/18/2017 15:12] [PENJUALAN] CASHIER FORM : SUBTOTAL [10]
[ADMIN] [2/18/2017 15:12] [PENJUALAN] CASHIER FORM : calculateTotal
[ADMIN] [2/18/2017 15:12] [PENJUALAN] CASHIER FORM : calculateTotal [10]
[ADMIN] [2/18/2017 15:12] [PENJUALAN] CASHIER FORM : calculateTotal, totalAfterDisc [10]
[ADMIN] [2/18/2017 15:12] [PENJUALAN] CASHIER FORM : calculateChangeValue, bayarTextBox.Text [0]
[ADMIN] [2/18/2017 15:12] [PENJUALAN] CASHIER FORM : calculateChangeValue, sisaBayar [0]
[ADMIN] [2/18/2017 15:12] [PENJUALAN] CASHIER FORM : REGISTER HOTKEY
[ADMIN] [2/18/2017 15:12] [PENJUALAN] CASHIER FORM : cashierDataGridView_CellValueChanged [qty]
[ADMIN] [2/18/2017 15:12] [PENJUALAN] CASHIER FORM : TextBox_TextChanged, previousInput []
[ADMIN] [2/18/2017 15:12] [PENJUALAN] CASHIER FORM : TextBox_TextChanged, dataGridViewTextBoxEditingControl.Text pass REGEX Checking
[ADMIN] [2/18/2017 15:12] [] CHECK STOCK QTY IS ENOUGH [6]
[ADMIN] [2/18/2017 15:12] [] CHECK STOCK QTY IS ENOUGH [45, 2]
[ADMIN] [2/18/2017 15:12] [PENJUALAN] CASHIER FORM : CALCULATE SUBTOTAL
[ADMIN] [2/18/2017 15:12] [PENJUALAN] CASHIER FORM : SUBTOTAL [20]
[ADMIN] [2/18/2017 15:12] [PENJUALAN] CASHIER FORM : TextBox_TextChanged, subtotal value [20]
[ADMIN] [2/18/2017 15:12] [PENJUALAN] CASHIER FORM : TextBox_TextChanged, attempt to calculate total value
[ADMIN] [2/18/2017 15:12] [PENJUALAN] CASHIER FORM : calculateTotal
[ADMIN] [2/18/2017 15:12] [PENJUALAN] CASHIER FORM : calculateTotal [20]
[ADMIN] [2/18/2017 15:12] [PENJUALAN] CASHIER FORM : calculateTotal, totalAfterDisc [20]
[ADMIN] [2/18/2017 15:12] [PENJUALAN] CASHIER FORM : calculateChangeValue, bayarTextBox.Text [0]
[ADMIN] [2/18/2017 15:12] [PENJUALAN] CASHIER FORM : calculateChangeValue, sisaBayar [0]
[ADMIN] [2/18/2017 15:12] [PENJUALAN] CASHIER FORM : cashierDataGridView_CellValueChanged [qty]
[ADMIN] [2/18/2017 15:12] [PENJUALAN] CASHIER FORM : TextBox_TextChanged, previousInput []
[ADMIN] [2/18/2017 15:12] [PENJUALAN] CASHIER FORM : TextBox_TextChanged, dataGridViewTextBoxEditingControl.Text pass REGEX Checking
[ADMIN] [2/18/2017 15:12] [] CHECK STOCK QTY IS ENOUGH [6]
[ADMIN] [2/18/2017 15:12] [] CHECK STOCK QTY IS ENOUGH [45, 20]
[ADMIN] [2/18/2017 15:12] [PENJUALAN] CASHIER FORM : CALCULATE SUBTOTAL
[ADMIN] [2/18/2017 15:12] [PENJUALAN] CASHIER FORM : SUBTOTAL [200]
[ADMIN] [2/18/2017 15:12] [PENJUALAN] CASHIER FORM : TextBox_TextChanged, subtotal value [200]
[ADMIN] [2/18/2017 15:12] [PENJUALAN] CASHIER FORM : TextBox_TextChanged, attempt to calculate total value
[ADMIN] [2/18/2017 15:12] [PENJUALAN] CASHIER FORM : calculateTotal
[ADMIN] [2/18/2017 15:12] [PENJUALAN] CASHIER FORM : calculateTotal [200]
[ADMIN] [2/18/2017 15:12] [PENJUALAN] CASHIER FORM : calculateTotal, totalAfterDisc [200]
[ADMIN] [2/18/2017 15:12] [PENJUALAN] CASHIER FORM : calculateChangeValue, bayarTextBox.Text [0]
[ADMIN] [2/18/2017 15:12] [PENJUALAN] CASHIER FORM : calculateChangeValue, sisaBayar [0]
[ADMIN] [2/18/2017 15:12] [PENJUALAN] CASHIER FORM : discJualMaskedTextBox_Validating, totalAfterDisc [198]
[ADMIN] [2/18/2017 15:12] [PENJUALAN] CASHIER FORM : discJualMaskedTextBox_Validating, totalAfterDisc [180]
[ADMIN] [2/18/2017 15:12] [PENJUALAN] CASHIER FORM : discJualMaskedTextBox_Validating, totalAfterDisc [130]
[ADMIN] [2/18/2017 15:12] [PENJUALAN] CASHIER FORM : calculateChangeValue, bayarTextBox.Text [1]
[ADMIN] [2/18/2017 15:12] [PENJUALAN] CASHIER FORM : calculateChangeValue, sisaBayar [0]
[ADMIN] [2/18/2017 15:12] [PENJUALAN] CASHIER FORM : calculateChangeValue, bayarTextBox.Text [15]
[ADMIN] [2/18/2017 15:12] [PENJUALAN] CASHIER FORM : calculateChangeValue, sisaBayar [0]
[ADMIN] [2/18/2017 15:12] [PENJUALAN] CASHIER FORM : calculateChangeValue, bayarTextBox.Text [150]
[ADMIN] [2/18/2017 15:12] [PENJUALAN] CASHIER FORM : calculateChangeValue, sisaBayar [20]
[ADMIN] [2/18/2017 15:12] [PENJUALAN] CASHIER FORM : HOTKEY TO SAVE AND PRINT OUT INVOICE PRESSED
[ADMIN] [2/18/2017 15:12] [PENJUALAN] CASHIER FORM : UNREGISTER HOTKEY
[ADMIN] [2/18/2017 15:12] [PENJUALAN] CASHIER FORM : REGISTER HOTKEY
[ADMIN] [2/18/2017 15:12] [PENJUALAN] ATTEMPT TO SAVE AND PRINT OUT INVOICE
[ADMIN] [2/18/2017 15:12] [] CHECK STOCK QTY IS ENOUGH [6]
[ADMIN] [2/18/2017 15:12] [] CHECK STOCK QTY IS ENOUGH [45, 20]
[ADMIN] [2/18/2017 15:12] [PENJUALAN] CASHIER FORM : UNREGISTER HOTKEY
[ADMIN] [2/18/2017 15:12] [PENJUALAN] CASHIER FORM : REGISTER HOTKEY
[ADMIN] [2/18/2017 15:12] [PENJUALAN] CASHIER FORM : UNREGISTER HOTKEY
[ADMIN] [2/18/2017 15:12] [PENJUALAN] CASHIER FORM : ATTEMPT TO SAVE SALES DATA [18-02-2017 15:12]
[ADMIN] [2/18/2017 15:12] [PENJUALAN] CASHIER FORM : SALES DISC FINAL [50]
[ADMIN] [2/18/2017 15:12] [PENJUALAN] CASHIER FORM : CASH SALES
[ADMIN] [2/18/2017 15:12] [PENJUALAN] CHECK IF TAX LIMIT SET FOR PERCENTAGE PURCHASE [0]
[ADMIN] [2/18/2017 15:12] [PENJUALAN] CHECK IF TAX LIMIT SET FOR AVERAGE DAILY PURCHASE [0]
[ADMIN] [2/18/2017 15:12] [PENJUALAN] CASHIER FORM : NO FAKTUR [SLO001]
[ADMIN] [2/18/2017 15:12] [PENJUALAN] CASHIER FORM : MAX SALES INVOICE [12]
[ADMIN] [2/18/2017 15:12] [PENJUALAN] CASHIER FORM : SALES INVOICE [SLO001-13]
[ADMIN] [2/18/2017 15:12] [PENJUALAN] INSERT INTO SALES HEADER [SLO001-13]
[ADMIN] [2/18/2017 15:12] [PENJUALAN] INSERT INTO SALES DETAIL[6, 10, 20]
[ADMIN] [2/18/2017 15:12] [PENJUALAN] INSERT TO CREDIT TABLE [SLO001-13]
[ADMIN] [2/18/2017 15:12] [PENJUALAN] INSERT TO DAILY JOURNAL TABLE [200]
[ADMIN] [2/18/2017 15:12] [PENJUALAN] CASHIER FORM : REGISTER HOTKEY
[ADMIN] [2/18/2017 15:12] [PENJUALAN] TRANSACTION SAVED
[ADMIN] [2/18/2017 15:12] [PENJUALAN] PRINT OUT INVOICE
[ADMIN] [2/18/2017 15:12] [PENJUALAN] CASHIER FORM : PrintReceipt
[ADMIN] [2/18/2017 15:12] [PENJUALAN] CASHIER FORM : PrintReceipt, POS size Paper
[ADMIN] [2/18/2017 15:12] [PENJUALAN] CASHIER FORM : loadInfoToko
[ADMIN] [2/18/2017 15:12] [PENJUALAN] CASHIER FORM : calculatePageLength, totalLengthPage [369]
[ADMIN] [2/18/2017 15:12] [PENJUALAN] CASHIER FORM : UNREGISTER HOTKEY
[ADMIN] [2/18/2017 15:12] [PENJUALAN] CASHIER FORM : printDocument1_PrintPage, print POS size receipt
[ADMIN] [2/18/2017 15:12] [PENJUALAN] CASHIER FORM : loadInfoToko
[ADMIN] [2/18/2017 15:12] [PENJUALAN] CASHIER FORM : loadNamaUser
[ADMIN] [2/18/2017 15:12] [PENJUALAN] CASHIER FORM : REGISTER HOTKEY
[ADMIN] [2/18/2017 15:12] [PENJUALAN] VALIDATE USER CREDIT STATUS
[ADMIN] [2/18/2017 15:12] [PENJUALAN] CASHIER FORM : UNREGISTER HOTKEY
[ADMIN] [2/18/2017 15:12] [PENJUALAN] CASHIER FORM : REGISTER HOTKEY
[ADMIN] [2/18/2017 15:13] [PENJUALAN] CASHIER FORM : ChangePrinterButton_Click, DISPLAY PRINTER SELECTION FORM
[ADMIN] [2/18/2017 15:13] [PENJUALAN] CASHIER FORM : UNREGISTER HOTKEY
[ADMIN] [2/18/2017 15:13] [PENGATURAN PRINTER] PAPER SIZE CHANGED [0]
[ADMIN] [2/18/2017 15:13] [PENGATURAN PRINTER] DEFAULT PRINTER CHANGED [PrimoPDF]
[ADMIN] [2/18/2017 15:13] [PENJUALAN] CASHIER FORM : REGISTER HOTKEY
[ADMIN] [2/18/2017 15:13] [PENJUALAN] CASHIER FORM : UNREGISTER HOTKEY
[ADMIN] [2/18/2017 15:13] [PENJUALAN] CASHIER FORM : REGISTER HOTKEY
[ADMIN] [2/18/2017 15:13] [PENJUALAN] RE-PRINT INVOICE
[ADMIN] [2/18/2017 15:13] [PENJUALAN] CASHIER FORM : PrintReceipt
[ADMIN] [2/18/2017 15:13] [PENJUALAN] CASHIER FORM : PrintReceipt, papermode [1]
[ADMIN] [2/18/2017 15:13] [PENJUALAN] CASHIER FORM : PrintReceipt, display SalesReceiptForm
[ADMIN] [2/18/2017 15:13] [PENJUALAN] CASHIER FORM : UNREGISTER HOTKEY
[ADMIN] [2/18/2017 15:13] [PENJUALAN] CASHIER FORM : REGISTER HOTKEY
[ADMIN] [2/18/2017 15:13] [PENJUALAN] CASHIER FORM : UNREGISTER HOTKEY
[ADMIN] [2/18/2017 15:13] [PENJUALAN] CASHIER FORM : UNREGISTER HOTKEY
[ADMIN] [2/18/2017 15:14] [] USER ID = 1LOGOUT
