[] [2/18/2017 11:22] [] USER = ADMIN IS ACTIVE
[ADMIN] [2/18/2017 11:22] [] USER ID = 1 LOGIN SUCCESSFULLY
[ADMIN] [2/18/2017 11:22] [] ACTIVATE USER ACCESS RIGHT
[ADMIN] [2/18/2017 11:22] [] DISPLAY ADMIN FORM
[ADMIN] [2/18/2017 11:22] [] adminForm Load
[ADMIN] [2/18/2017 11:23] [TAMBAH / UPDATE PRODUK] INSERT NEW PRODUCT [6]
[ADMIN] [2/18/2017 11:23] [TAMBAH / UPDATE PRODUK] INSERT PRODUCT CATEGORY FOR [6]
[ADMIN] [2/18/2017 11:24] [SATUAN PRODUK] TRY TO EXPORT STOCK OPNAME TO CSV
[ADMIN] [2/18/2017 11:24] [SATUAN PRODUK] STOCK OPNAME EXPORTED TO CSV[C:\Users\Andri\Desktop\STOCKOPNAME_18022017.csv]
[ADMIN] [2/18/2017 11:24] [PENYESUAIAN STOK] TRY TO IMPORT DATA FROM CSV FILE
[ADMIN] [2/18/2017 11:24] [PENYESUAIAN STOK] UPDATE STOCK QTY [1]
[ADMIN] [2/18/2017 11:24] [PENYESUAIAN STOK] INSERT INTO PRODUCT ADJUSTMENT [1, 3, 0]
[ADMIN] [2/18/2017 11:24] [PENYESUAIAN STOK] UPDATE STOCK QTY [1]
[ADMIN] [2/18/2017 11:24] [PENYESUAIAN STOK] UPDATE STOCK QTY [5]
[ADMIN] [2/18/2017 11:24] [PENYESUAIAN STOK] INSERT INTO PRODUCT ADJUSTMENT [5, 5, 0]
[ADMIN] [2/18/2017 11:24] [PENYESUAIAN STOK] UPDATE STOCK QTY [5]
[ADMIN] [2/18/2017 11:24] [PENYESUAIAN STOK] UPDATE STOCK QTY [6]
[ADMIN] [2/18/2017 11:24] [PENYESUAIAN STOK] INSERT INTO PRODUCT ADJUSTMENT [6, 10, 20]
[ADMIN] [2/18/2017 11:24] [PENYESUAIAN STOK] UPDATE STOCK QTY [6]
[ADMIN] [2/18/2017 11:27] [] USER ID = 1LOGOUT
