[] [10/1/2016 00:38] [] USER = ADMIN IS ACTIVE
[ADMIN] [10/1/2016 00:38] [] USER ID = 1 LOGIN SUCCESSFULLY
[ADMIN] [10/1/2016 00:38] [] ACTIVATE USER ACCESS RIGHT
[ADMIN] [10/1/2016 00:38] [] DISPLAY ADMIN FORM
[ADMIN] [10/1/2016 00:38] [] adminForm Load
[ADMIN] [10/1/2016 00:38] [PENJUALAN] CASHIER FORM : MULTIPLE CASHIER INSTANCE [1]
[ADMIN] [10/1/2016 00:38] [PENJUALAN] CASHIER FORM : REGISTER HOTKEY
[ADMIN] [10/1/2016 00:38] [PENJUALAN] CASHIER FORM : cashierForm_Load, ATTEMPT TO LOAD NO FAKTUR
[ADMIN] [10/1/2016 00:39] [PENJUALAN] CASHIER FORM : loadNoFaktur, noFakturValue [SLO001]
[ADMIN] [10/1/2016 00:39] [PENJUALAN] CASHIER FORM : cashierForm_Load, ATTEMPT TO addColumnToDataGrid
[ADMIN] [10/1/2016 00:39] [PENJUALAN] CASHIER FORM : calculateTotal
[ADMIN] [10/1/2016 00:39] [PENJUALAN] CASHIER FORM : calculateTotal [0]
[ADMIN] [10/1/2016 00:39] [PENJUALAN] CASHIER FORM : calculateTotal, totalAfterDisc [0]
[ADMIN] [10/1/2016 00:39] [PENJUALAN] CASHIER FORM : REGISTER HOTKEY
[ADMIN] [10/1/2016 00:39] [PENJUALAN] CASHIER FORM : HOTKEY TO ADD NEW ROW PRESSED
[ADMIN] [10/1/2016 00:39] [PENJUALAN] CASHIER FORM : ADD NEW ROW,  isActive [True]
[ADMIN] [10/1/2016 00:39] [PENJUALAN] CASHIER FORM : ADD NEW ROW,  ROW COUNT [0]
[ADMIN] [10/1/2016 00:39] [PENJUALAN] CASHIER FORM : ADD NEW ROW,  ALLOW TO ADD [True]
[ADMIN] [10/1/2016 00:39] [PENJUALAN] CASHIER FORM : cashierDataGridView_CellValueChanged [F8]
[ADMIN] [10/1/2016 00:39] [PENJUALAN] CASHIER FORM : cashierDataGridView_CellValueChanged [hpp]
[ADMIN] [10/1/2016 00:39] [PENJUALAN] CASHIER FORM : TextBox_TextChanged, previousInput []
[ADMIN] [10/1/2016 00:39] [PENJUALAN] CASHIER FORM : TextBox_TextChanged, dataGridViewTextBoxEditingControl.Text pass REGEX Checking
[ADMIN] [10/1/2016 00:39] [PENJUALAN] CASHIER FORM : CALCULATE SUBTOTAL
[ADMIN] [10/1/2016 00:39] [PENJUALAN] CASHIER FORM : SUBTOTAL [0]
[ADMIN] [10/1/2016 00:39] [PENJUALAN] CASHIER FORM : TextBox_TextChanged, subtotal value [0]
[ADMIN] [10/1/2016 00:39] [PENJUALAN] CASHIER FORM : cashierDataGridView_CellValueChanged [jumlah]
[ADMIN] [10/1/2016 00:39] [PENJUALAN] CASHIER FORM : TextBox_TextChanged, attempt to calculate total value
[ADMIN] [10/1/2016 00:39] [PENJUALAN] CASHIER FORM : calculateTotal
[ADMIN] [10/1/2016 00:39] [PENJUALAN] CASHIER FORM : calculateTotal [0]
[ADMIN] [10/1/2016 00:39] [PENJUALAN] CASHIER FORM : calculateTotal, totalAfterDisc [0]
[ADMIN] [10/1/2016 00:39] [PENJUALAN] CASHIER FORM : cashierDataGridView_CellValueChanged [productPrice]
[ADMIN] [10/1/2016 00:39] [PENJUALAN] CASHIER FORM : cashierDataGridView_CellValueChanged [disc1]
[ADMIN] [10/1/2016 00:39] [PENJUALAN] CASHIER FORM : TextBox_TextChanged, previousInput []
[ADMIN] [10/1/2016 00:39] [PENJUALAN] CASHIER FORM : TextBox_TextChanged, dataGridViewTextBoxEditingControl.Text pass REGEX Checking
[ADMIN] [10/1/2016 00:39] [PENJUALAN] CASHIER FORM : CALCULATE SUBTOTAL
[ADMIN] [10/1/2016 00:39] [PENJUALAN] CASHIER FORM : SUBTOTAL [0]
[ADMIN] [10/1/2016 00:39] [PENJUALAN] CASHIER FORM : TextBox_TextChanged, subtotal value [0]
[ADMIN] [10/1/2016 00:39] [PENJUALAN] CASHIER FORM : TextBox_TextChanged, attempt to calculate total value
[ADMIN] [10/1/2016 00:39] [PENJUALAN] CASHIER FORM : calculateTotal
[ADMIN] [10/1/2016 00:39] [PENJUALAN] CASHIER FORM : calculateTotal [0]
[ADMIN] [10/1/2016 00:39] [PENJUALAN] CASHIER FORM : calculateTotal, totalAfterDisc [0]
[ADMIN] [10/1/2016 00:39] [PENJUALAN] CASHIER FORM : cashierDataGridView_CellValueChanged [qty]
[ADMIN] [10/1/2016 00:39] [PENJUALAN] CASHIER FORM : TextBox_TextChanged, previousInput []
[ADMIN] [10/1/2016 00:39] [PENJUALAN] CASHIER FORM : TextBox_TextChanged, dataGridViewTextBoxEditingControl.Text pass REGEX Checking
[ADMIN] [10/1/2016 00:39] [PENJUALAN] CASHIER FORM : CALCULATE SUBTOTAL
[ADMIN] [10/1/2016 00:39] [PENJUALAN] CASHIER FORM : SUBTOTAL [0]
[ADMIN] [10/1/2016 00:39] [PENJUALAN] CASHIER FORM : TextBox_TextChanged, subtotal value [0]
[ADMIN] [10/1/2016 00:39] [PENJUALAN] CASHIER FORM : TextBox_TextChanged, attempt to calculate total value
[ADMIN] [10/1/2016 00:39] [PENJUALAN] CASHIER FORM : calculateTotal
[ADMIN] [10/1/2016 00:39] [PENJUALAN] CASHIER FORM : calculateTotal [0]
[ADMIN] [10/1/2016 00:39] [PENJUALAN] CASHIER FORM : calculateTotal, totalAfterDisc [0]
[ADMIN] [10/1/2016 00:39] [PENJUALAN] CASHIER FORM : cashierDataGridView_CellValueChanged [disc2]
[ADMIN] [10/1/2016 00:39] [PENJUALAN] CASHIER FORM : TextBox_TextChanged, previousInput []
[ADMIN] [10/1/2016 00:39] [PENJUALAN] CASHIER FORM : TextBox_TextChanged, dataGridViewTextBoxEditingControl.Text pass REGEX Checking
[ADMIN] [10/1/2016 00:39] [PENJUALAN] CASHIER FORM : CALCULATE SUBTOTAL
[ADMIN] [10/1/2016 00:39] [PENJUALAN] CASHIER FORM : SUBTOTAL [0]
[ADMIN] [10/1/2016 00:39] [PENJUALAN] CASHIER FORM : TextBox_TextChanged, subtotal value [0]
[ADMIN] [10/1/2016 00:39] [PENJUALAN] CASHIER FORM : TextBox_TextChanged, attempt to calculate total value
[ADMIN] [10/1/2016 00:39] [PENJUALAN] CASHIER FORM : calculateTotal
[ADMIN] [10/1/2016 00:39] [PENJUALAN] CASHIER FORM : calculateTotal [0]
[ADMIN] [10/1/2016 00:39] [PENJUALAN] CASHIER FORM : calculateTotal, totalAfterDisc [0]
[ADMIN] [10/1/2016 00:39] [PENJUALAN] CASHIER FORM : cashierDataGridView_CellValueChanged [discRP]
[ADMIN] [10/1/2016 00:39] [PENJUALAN] CASHIER FORM : TextBox_TextChanged, previousInput []
[ADMIN] [10/1/2016 00:39] [PENJUALAN] CASHIER FORM : TextBox_TextChanged, dataGridViewTextBoxEditingControl.Text pass REGEX Checking
[ADMIN] [10/1/2016 00:39] [PENJUALAN] CASHIER FORM : CALCULATE SUBTOTAL
[ADMIN] [10/1/2016 00:39] [PENJUALAN] CASHIER FORM : SUBTOTAL [0]
[ADMIN] [10/1/2016 00:39] [PENJUALAN] CASHIER FORM : TextBox_TextChanged, subtotal value [0]
[ADMIN] [10/1/2016 00:39] [PENJUALAN] CASHIER FORM : TextBox_TextChanged, attempt to calculate total value
[ADMIN] [10/1/2016 00:39] [PENJUALAN] CASHIER FORM : calculateTotal
[ADMIN] [10/1/2016 00:39] [PENJUALAN] CASHIER FORM : calculateTotal [0]
[ADMIN] [10/1/2016 00:39] [PENJUALAN] CASHIER FORM : calculateTotal, totalAfterDisc [0]
[ADMIN] [10/1/2016 00:39] [PENJUALAN] CASHIER FORM : cashierDataGridView_CellValueChanged [jumlah]
[ADMIN] [10/1/2016 00:39] [PENJUALAN] CASHIER FORM : cashierDataGridView_CellValueChanged [productName]
[ADMIN] [10/1/2016 00:39] [PENJUALAN] CASHIER FORM : cashierDataGridView_CellValueChanged [productName]
[ADMIN] [10/1/2016 00:39] [PENJUALAN] CASHIER FORM : calculateTotal
[ADMIN] [10/1/2016 00:39] [PENJUALAN] CASHIER FORM : calculateTotal [0]
[ADMIN] [10/1/2016 00:39] [PENJUALAN] CASHIER FORM : calculateTotal, totalAfterDisc [0]
[ADMIN] [10/1/2016 00:39] [PENJUALAN] CASHIER FORM : cashierDataGridView_CellValueChanged [productName]
[ADMIN] [10/1/2016 00:39] [PENJUALAN] CASHIER FORM : cashierDataGridView_CellValueChanged [productName]
[ADMIN] [10/1/2016 00:39] [PENJUALAN] CASHIER FORM : calculateTotal
[ADMIN] [10/1/2016 00:39] [PENJUALAN] CASHIER FORM : calculateTotal [0]
[ADMIN] [10/1/2016 00:39] [PENJUALAN] CASHIER FORM : calculateTotal, totalAfterDisc [0]
[ADMIN] [10/1/2016 00:39] [PENJUALAN] CASHIER FORM : cashierDataGridView_CellValueChanged [productName]
[ADMIN] [10/1/2016 00:39] [PENJUALAN] CASHIER FORM : cashierDataGridView_CellValueChanged [productID]
[ADMIN] [10/1/2016 00:39] [PENJUALAN] CASHIER FORM : PRODUCT PRICE TYPE [PRODUCT_BASE_PRICE]
[ADMIN] [10/1/2016 00:39] [PENJUALAN] CASHIER FORM : PRODUCT PRICE [10]
[ADMIN] [10/1/2016 00:39] [PENJUALAN] CASHIER FORM : ComboBox_SelectedIndexChanged, PRODUCT_BASE_PRICE [10]
[ADMIN] [10/1/2016 00:39] [PENJUALAN] CASHIER FORM : cashierDataGridView_CellValueChanged [hpp]
[ADMIN] [10/1/2016 00:39] [PENJUALAN] CASHIER FORM : TextBox_TextChanged, previousInput []
[ADMIN] [10/1/2016 00:39] [PENJUALAN] CASHIER FORM : TextBox_TextChanged, dataGridViewTextBoxEditingControl.Text pass REGEX Checking
[ADMIN] [10/1/2016 00:39] [PENJUALAN] CASHIER FORM : CALCULATE SUBTOTAL
[ADMIN] [10/1/2016 00:39] [PENJUALAN] CASHIER FORM : SUBTOTAL [0]
[ADMIN] [10/1/2016 00:39] [PENJUALAN] CASHIER FORM : TextBox_TextChanged, subtotal value [0]
[ADMIN] [10/1/2016 00:39] [PENJUALAN] CASHIER FORM : cashierDataGridView_CellValueChanged [jumlah]
[ADMIN] [10/1/2016 00:39] [PENJUALAN] CASHIER FORM : TextBox_TextChanged, attempt to calculate total value
[ADMIN] [10/1/2016 00:39] [PENJUALAN] CASHIER FORM : calculateTotal
[ADMIN] [10/1/2016 00:39] [PENJUALAN] CASHIER FORM : calculateTotal [0]
[ADMIN] [10/1/2016 00:39] [PENJUALAN] CASHIER FORM : calculateTotal, totalAfterDisc [0]
[ADMIN] [10/1/2016 00:39] [PENJUALAN] CASHIER FORM : PRODUCT PRICE TYPE [PRODUCT_RETAIL_PRICE]
[ADMIN] [10/1/2016 00:39] [PENJUALAN] CASHIER FORM : PRODUCT PRICE [1]
[ADMIN] [10/1/2016 00:39] [PENJUALAN] CASHIER FORM : ComboBox_SelectedIndexChanged, PRODUCT_SALES_PRICE [1]
[ADMIN] [10/1/2016 00:39] [PENJUALAN] CASHIER FORM : cashierDataGridView_CellValueChanged [productPrice]
[ADMIN] [10/1/2016 00:39] [PENJUALAN] CASHIER FORM : cashierDataGridView_CellValueChanged [qty]
[ADMIN] [10/1/2016 00:39] [PENJUALAN] CASHIER FORM : TextBox_TextChanged, previousInput []
[ADMIN] [10/1/2016 00:39] [PENJUALAN] CASHIER FORM : TextBox_TextChanged, dataGridViewTextBoxEditingControl.Text pass REGEX Checking
[ADMIN] [10/1/2016 00:39] [PENJUALAN] CASHIER FORM : CALCULATE SUBTOTAL
[ADMIN] [10/1/2016 00:39] [PENJUALAN] CASHIER FORM : SUBTOTAL [0]
[ADMIN] [10/1/2016 00:39] [PENJUALAN] CASHIER FORM : TextBox_TextChanged, subtotal value [0]
[ADMIN] [10/1/2016 00:39] [PENJUALAN] CASHIER FORM : TextBox_TextChanged, attempt to calculate total value
[ADMIN] [10/1/2016 00:39] [PENJUALAN] CASHIER FORM : calculateTotal
[ADMIN] [10/1/2016 00:39] [PENJUALAN] CASHIER FORM : calculateTotal [0]
[ADMIN] [10/1/2016 00:39] [PENJUALAN] CASHIER FORM : calculateTotal, totalAfterDisc [0]
[ADMIN] [10/1/2016 00:39] [PENJUALAN] CASHIER FORM : ComboBox_SelectedIndexChanged, attempt to calculate total
[ADMIN] [10/1/2016 00:39] [PENJUALAN] CASHIER FORM : calculateTotal
[ADMIN] [10/1/2016 00:39] [PENJUALAN] CASHIER FORM : calculateTotal [0]
[ADMIN] [10/1/2016 00:39] [PENJUALAN] CASHIER FORM : calculateTotal, totalAfterDisc [0]
[ADMIN] [10/1/2016 00:39] [PENJUALAN] CASHIER FORM : cashierDataGridView_CellValueChanged [productPrice]
[ADMIN] [10/1/2016 00:39] [PENJUALAN] CASHIER FORM : cashierDataGridView_CellValueChanged [productPrice]
[ADMIN] [10/1/2016 00:39] [PENJUALAN] CASHIER FORM : cashierDataGridView_CellValueChanged [productPrice]
[ADMIN] [10/1/2016 00:39] [PENJUALAN] CASHIER FORM : cashierDataGridView_CellValueChanged [qty]
[ADMIN] [10/1/2016 00:39] [PENJUALAN] CASHIER FORM : TextBox_TextChanged, previousInput [0]
[ADMIN] [10/1/2016 00:39] [PENJUALAN] CASHIER FORM : TextBox_TextChanged, dataGridViewTextBoxEditingControl.Text [2]
[ADMIN] [10/1/2016 00:39] [PENJUALAN] CASHIER FORM : TextBox_TextChanged, dataGridViewTextBoxEditingControl.Text pass REGEX Checking
[ADMIN] [10/1/2016 00:39] [PENJUALAN] CASHIER FORM : CHECK STOCK QTY IS ENOUGH [1]
[ADMIN] [10/1/2016 00:39] [PENJUALAN] CASHIER FORM : CHECK STOCK QTY IS ENOUGH [15, 2]
[ADMIN] [10/1/2016 00:39] [PENJUALAN] CASHIER FORM : CALCULATE SUBTOTAL
[ADMIN] [10/1/2016 00:39] [PENJUALAN] CASHIER FORM : SUBTOTAL [400]
[ADMIN] [10/1/2016 00:39] [PENJUALAN] CASHIER FORM : TextBox_TextChanged, subtotal value [400]
[ADMIN] [10/1/2016 00:39] [PENJUALAN] CASHIER FORM : cashierDataGridView_CellValueChanged [jumlah]
[ADMIN] [10/1/2016 00:39] [PENJUALAN] CASHIER FORM : TextBox_TextChanged, attempt to calculate total value
[ADMIN] [10/1/2016 00:39] [PENJUALAN] CASHIER FORM : calculateTotal
[ADMIN] [10/1/2016 00:39] [PENJUALAN] CASHIER FORM : calculateTotal [400]
[ADMIN] [10/1/2016 00:39] [PENJUALAN] CASHIER FORM : calculateTotal, totalAfterDisc [400]
[ADMIN] [10/1/2016 00:39] [PENJUALAN] CASHIER FORM : DISPLAY PELANGGAN FORM
[ADMIN] [10/1/2016 00:39] [PENJUALAN] CASHIER FORM : UNREGISTER HOTKEY
[ADMIN] [10/1/2016 00:39] [PENJUALAN] CASHIER FORM : SELECTED CUSTOMER ID [1]
[ADMIN] [10/1/2016 00:39] [PENJUALAN] CASHIER FORM : ATTEMPT TO SET CUSTOMER PROFILE
[ADMIN] [10/1/2016 00:39] [PENJUALAN] CASHIER FORM : SET CUSTOMER PROFILE [PELANGGAN 1]
[ADMIN] [10/1/2016 00:39] [PENJUALAN] CASHIER FORM : CUSTOMER GROUP [P-UMUM [ECER]]
[ADMIN] [10/1/2016 00:39] [PENJUALAN] CASHIER FORM : FINISHED SET CUSTOMER PROFILE
[ADMIN] [10/1/2016 00:39] [PENJUALAN] CASHIER FORM : REGISTER HOTKEY
[ADMIN] [10/1/2016 00:39] [PENJUALAN] CASHIER FORM : UNREGISTER HOTKEY
[ADMIN] [10/1/2016 00:39] [PENJUALAN] CASHIER FORM : UNREGISTER HOTKEY
[ADMIN] [10/1/2016 00:39] [PELANGGAN] ATTEMPT TO SAVE DATA
[ADMIN] [10/1/2016 00:39] [PELANGGAN] EDIT CUSTOMER DATA [1]
[ADMIN] [10/1/2016 00:39] [PELANGGAN] DATA SAVED
[ADMIN] [10/1/2016 00:39] [PENJUALAN] CASHIER FORM : MULTIPLE CASHIER INSTANCE [1]
[ADMIN] [10/1/2016 00:39] [PENJUALAN] CASHIER FORM : REGISTER HOTKEY
[ADMIN] [10/1/2016 00:39] [PENJUALAN] CASHIER FORM : cashierForm_Load, ATTEMPT TO LOAD NO FAKTUR
[ADMIN] [10/1/2016 00:39] [PENJUALAN] CASHIER FORM : loadNoFaktur, noFakturValue [SLO001]
[ADMIN] [10/1/2016 00:39] [PENJUALAN] CASHIER FORM : cashierForm_Load, ATTEMPT TO addColumnToDataGrid
[ADMIN] [10/1/2016 00:39] [PENJUALAN] CASHIER FORM : calculateTotal
[ADMIN] [10/1/2016 00:39] [PENJUALAN] CASHIER FORM : calculateTotal [0]
[ADMIN] [10/1/2016 00:39] [PENJUALAN] CASHIER FORM : calculateTotal, totalAfterDisc [0]
[ADMIN] [10/1/2016 00:39] [PENJUALAN] CASHIER FORM : REGISTER HOTKEY
[ADMIN] [10/1/2016 00:39] [PENJUALAN] CASHIER FORM : HOTKEY TO ADD NEW ROW PRESSED
[ADMIN] [10/1/2016 00:39] [PENJUALAN] CASHIER FORM : ADD NEW ROW,  isActive [True]
[ADMIN] [10/1/2016 00:39] [PENJUALAN] CASHIER FORM : ADD NEW ROW,  ROW COUNT [0]
[ADMIN] [10/1/2016 00:39] [PENJUALAN] CASHIER FORM : ADD NEW ROW,  ALLOW TO ADD [True]
[ADMIN] [10/1/2016 00:39] [PENJUALAN] CASHIER FORM : cashierDataGridView_CellValueChanged [F8]
[ADMIN] [10/1/2016 00:39] [PENJUALAN] CASHIER FORM : cashierDataGridView_CellValueChanged [hpp]
[ADMIN] [10/1/2016 00:39] [PENJUALAN] CASHIER FORM : TextBox_TextChanged, previousInput []
[ADMIN] [10/1/2016 00:39] [PENJUALAN] CASHIER FORM : TextBox_TextChanged, dataGridViewTextBoxEditingControl.Text pass REGEX Checking
[ADMIN] [10/1/2016 00:39] [PENJUALAN] CASHIER FORM : CALCULATE SUBTOTAL
[ADMIN] [10/1/2016 00:39] [PENJUALAN] CASHIER FORM : SUBTOTAL [0]
[ADMIN] [10/1/2016 00:39] [PENJUALAN] CASHIER FORM : TextBox_TextChanged, subtotal value [0]
[ADMIN] [10/1/2016 00:39] [PENJUALAN] CASHIER FORM : cashierDataGridView_CellValueChanged [jumlah]
[ADMIN] [10/1/2016 00:39] [PENJUALAN] CASHIER FORM : TextBox_TextChanged, attempt to calculate total value
[ADMIN] [10/1/2016 00:39] [PENJUALAN] CASHIER FORM : calculateTotal
[ADMIN] [10/1/2016 00:39] [PENJUALAN] CASHIER FORM : calculateTotal [0]
[ADMIN] [10/1/2016 00:39] [PENJUALAN] CASHIER FORM : calculateTotal, totalAfterDisc [0]
[ADMIN] [10/1/2016 00:39] [PENJUALAN] CASHIER FORM : cashierDataGridView_CellValueChanged [productPrice]
[ADMIN] [10/1/2016 00:39] [PENJUALAN] CASHIER FORM : cashierDataGridView_CellValueChanged [disc1]
[ADMIN] [10/1/2016 00:39] [PENJUALAN] CASHIER FORM : TextBox_TextChanged, previousInput []
[ADMIN] [10/1/2016 00:39] [PENJUALAN] CASHIER FORM : TextBox_TextChanged, dataGridViewTextBoxEditingControl.Text pass REGEX Checking
[ADMIN] [10/1/2016 00:39] [PENJUALAN] CASHIER FORM : CALCULATE SUBTOTAL
[ADMIN] [10/1/2016 00:39] [PENJUALAN] CASHIER FORM : SUBTOTAL [0]
[ADMIN] [10/1/2016 00:39] [PENJUALAN] CASHIER FORM : TextBox_TextChanged, subtotal value [0]
[ADMIN] [10/1/2016 00:39] [PENJUALAN] CASHIER FORM : TextBox_TextChanged, attempt to calculate total value
[ADMIN] [10/1/2016 00:39] [PENJUALAN] CASHIER FORM : calculateTotal
[ADMIN] [10/1/2016 00:39] [PENJUALAN] CASHIER FORM : calculateTotal [0]
[ADMIN] [10/1/2016 00:39] [PENJUALAN] CASHIER FORM : calculateTotal, totalAfterDisc [0]
[ADMIN] [10/1/2016 00:39] [PENJUALAN] CASHIER FORM : cashierDataGridView_CellValueChanged [qty]
[ADMIN] [10/1/2016 00:39] [PENJUALAN] CASHIER FORM : TextBox_TextChanged, previousInput []
[ADMIN] [10/1/2016 00:39] [PENJUALAN] CASHIER FORM : TextBox_TextChanged, dataGridViewTextBoxEditingControl.Text pass REGEX Checking
[ADMIN] [10/1/2016 00:39] [PENJUALAN] CASHIER FORM : CALCULATE SUBTOTAL
[ADMIN] [10/1/2016 00:39] [PENJUALAN] CASHIER FORM : SUBTOTAL [0]
[ADMIN] [10/1/2016 00:39] [PENJUALAN] CASHIER FORM : TextBox_TextChanged, subtotal value [0]
[ADMIN] [10/1/2016 00:39] [PENJUALAN] CASHIER FORM : TextBox_TextChanged, attempt to calculate total value
[ADMIN] [10/1/2016 00:39] [PENJUALAN] CASHIER FORM : calculateTotal
[ADMIN] [10/1/2016 00:39] [PENJUALAN] CASHIER FORM : calculateTotal [0]
[ADMIN] [10/1/2016 00:39] [PENJUALAN] CASHIER FORM : calculateTotal, totalAfterDisc [0]
[ADMIN] [10/1/2016 00:39] [PENJUALAN] CASHIER FORM : cashierDataGridView_CellValueChanged [disc2]
[ADMIN] [10/1/2016 00:39] [PENJUALAN] CASHIER FORM : TextBox_TextChanged, previousInput []
[ADMIN] [10/1/2016 00:39] [PENJUALAN] CASHIER FORM : TextBox_TextChanged, dataGridViewTextBoxEditingControl.Text pass REGEX Checking
[ADMIN] [10/1/2016 00:39] [PENJUALAN] CASHIER FORM : CALCULATE SUBTOTAL
[ADMIN] [10/1/2016 00:39] [PENJUALAN] CASHIER FORM : SUBTOTAL [0]
[ADMIN] [10/1/2016 00:39] [PENJUALAN] CASHIER FORM : TextBox_TextChanged, subtotal value [0]
[ADMIN] [10/1/2016 00:39] [PENJUALAN] CASHIER FORM : TextBox_TextChanged, attempt to calculate total value
[ADMIN] [10/1/2016 00:39] [PENJUALAN] CASHIER FORM : calculateTotal
[ADMIN] [10/1/2016 00:39] [PENJUALAN] CASHIER FORM : calculateTotal [0]
[ADMIN] [10/1/2016 00:39] [PENJUALAN] CASHIER FORM : calculateTotal, totalAfterDisc [0]
[ADMIN] [10/1/2016 00:39] [PENJUALAN] CASHIER FORM : cashierDataGridView_CellValueChanged [discRP]
[ADMIN] [10/1/2016 00:39] [PENJUALAN] CASHIER FORM : TextBox_TextChanged, previousInput []
[ADMIN] [10/1/2016 00:39] [PENJUALAN] CASHIER FORM : TextBox_TextChanged, dataGridViewTextBoxEditingControl.Text pass REGEX Checking
[ADMIN] [10/1/2016 00:39] [PENJUALAN] CASHIER FORM : CALCULATE SUBTOTAL
[ADMIN] [10/1/2016 00:39] [PENJUALAN] CASHIER FORM : SUBTOTAL [0]
[ADMIN] [10/1/2016 00:39] [PENJUALAN] CASHIER FORM : TextBox_TextChanged, subtotal value [0]
[ADMIN] [10/1/2016 00:39] [PENJUALAN] CASHIER FORM : TextBox_TextChanged, attempt to calculate total value
[ADMIN] [10/1/2016 00:39] [PENJUALAN] CASHIER FORM : calculateTotal
[ADMIN] [10/1/2016 00:39] [PENJUALAN] CASHIER FORM : calculateTotal [0]
[ADMIN] [10/1/2016 00:39] [PENJUALAN] CASHIER FORM : calculateTotal, totalAfterDisc [0]
[ADMIN] [10/1/2016 00:39] [PENJUALAN] CASHIER FORM : cashierDataGridView_CellValueChanged [jumlah]
[ADMIN] [10/1/2016 00:39] [PENJUALAN] CASHIER FORM : cashierDataGridView_CellValueChanged [productName]
[ADMIN] [10/1/2016 00:39] [PENJUALAN] CASHIER FORM : cashierDataGridView_CellValueChanged [productName]
[ADMIN] [10/1/2016 00:39] [PENJUALAN] CASHIER FORM : calculateTotal
[ADMIN] [10/1/2016 00:39] [PENJUALAN] CASHIER FORM : calculateTotal [0]
[ADMIN] [10/1/2016 00:39] [PENJUALAN] CASHIER FORM : calculateTotal, totalAfterDisc [0]
[ADMIN] [10/1/2016 00:39] [PENJUALAN] CASHIER FORM : cashierDataGridView_CellValueChanged [productName]
[ADMIN] [10/1/2016 00:39] [PENJUALAN] CASHIER FORM : cashierDataGridView_CellValueChanged [productName]
[ADMIN] [10/1/2016 00:39] [PENJUALAN] CASHIER FORM : calculateTotal
[ADMIN] [10/1/2016 00:39] [PENJUALAN] CASHIER FORM : calculateTotal [0]
[ADMIN] [10/1/2016 00:39] [PENJUALAN] CASHIER FORM : calculateTotal, totalAfterDisc [0]
[ADMIN] [10/1/2016 00:39] [PENJUALAN] CASHIER FORM : cashierDataGridView_CellValueChanged [productName]
[ADMIN] [10/1/2016 00:39] [PENJUALAN] CASHIER FORM : cashierDataGridView_CellValueChanged [productID]
[ADMIN] [10/1/2016 00:39] [PENJUALAN] CASHIER FORM : PRODUCT PRICE TYPE [PRODUCT_BASE_PRICE]
[ADMIN] [10/1/2016 00:39] [PENJUALAN] CASHIER FORM : PRODUCT PRICE [10]
[ADMIN] [10/1/2016 00:39] [PENJUALAN] CASHIER FORM : ComboBox_SelectedIndexChanged, PRODUCT_BASE_PRICE [10]
[ADMIN] [10/1/2016 00:39] [PENJUALAN] CASHIER FORM : cashierDataGridView_CellValueChanged [hpp]
[ADMIN] [10/1/2016 00:39] [PENJUALAN] CASHIER FORM : TextBox_TextChanged, previousInput []
[ADMIN] [10/1/2016 00:39] [PENJUALAN] CASHIER FORM : TextBox_TextChanged, dataGridViewTextBoxEditingControl.Text pass REGEX Checking
[ADMIN] [10/1/2016 00:39] [PENJUALAN] CASHIER FORM : CALCULATE SUBTOTAL
[ADMIN] [10/1/2016 00:39] [PENJUALAN] CASHIER FORM : SUBTOTAL [0]
[ADMIN] [10/1/2016 00:39] [PENJUALAN] CASHIER FORM : TextBox_TextChanged, subtotal value [0]
[ADMIN] [10/1/2016 00:39] [PENJUALAN] CASHIER FORM : cashierDataGridView_CellValueChanged [jumlah]
[ADMIN] [10/1/2016 00:39] [PENJUALAN] CASHIER FORM : TextBox_TextChanged, attempt to calculate total value
[ADMIN] [10/1/2016 00:39] [PENJUALAN] CASHIER FORM : calculateTotal
[ADMIN] [10/1/2016 00:39] [PENJUALAN] CASHIER FORM : calculateTotal [0]
[ADMIN] [10/1/2016 00:39] [PENJUALAN] CASHIER FORM : calculateTotal, totalAfterDisc [0]
[ADMIN] [10/1/2016 00:39] [PENJUALAN] CASHIER FORM : PRODUCT PRICE TYPE [PRODUCT_RETAIL_PRICE]
[ADMIN] [10/1/2016 00:39] [PENJUALAN] CASHIER FORM : PRODUCT PRICE [1]
[ADMIN] [10/1/2016 00:39] [PENJUALAN] CASHIER FORM : ComboBox_SelectedIndexChanged, PRODUCT_SALES_PRICE [1]
[ADMIN] [10/1/2016 00:39] [PENJUALAN] CASHIER FORM : cashierDataGridView_CellValueChanged [productPrice]
[ADMIN] [10/1/2016 00:39] [PENJUALAN] CASHIER FORM : cashierDataGridView_CellValueChanged [qty]
[ADMIN] [10/1/2016 00:39] [PENJUALAN] CASHIER FORM : TextBox_TextChanged, previousInput []
[ADMIN] [10/1/2016 00:39] [PENJUALAN] CASHIER FORM : TextBox_TextChanged, dataGridViewTextBoxEditingControl.Text pass REGEX Checking
[ADMIN] [10/1/2016 00:39] [PENJUALAN] CASHIER FORM : CALCULATE SUBTOTAL
[ADMIN] [10/1/2016 00:39] [PENJUALAN] CASHIER FORM : SUBTOTAL [0]
[ADMIN] [10/1/2016 00:39] [PENJUALAN] CASHIER FORM : TextBox_TextChanged, subtotal value [0]
[ADMIN] [10/1/2016 00:39] [PENJUALAN] CASHIER FORM : TextBox_TextChanged, attempt to calculate total value
[ADMIN] [10/1/2016 00:39] [PENJUALAN] CASHIER FORM : calculateTotal
[ADMIN] [10/1/2016 00:39] [PENJUALAN] CASHIER FORM : calculateTotal [0]
[ADMIN] [10/1/2016 00:39] [PENJUALAN] CASHIER FORM : calculateTotal, totalAfterDisc [0]
[ADMIN] [10/1/2016 00:39] [PENJUALAN] CASHIER FORM : ComboBox_SelectedIndexChanged, attempt to calculate total
[ADMIN] [10/1/2016 00:39] [PENJUALAN] CASHIER FORM : calculateTotal
[ADMIN] [10/1/2016 00:39] [PENJUALAN] CASHIER FORM : calculateTotal [0]
[ADMIN] [10/1/2016 00:39] [PENJUALAN] CASHIER FORM : calculateTotal, totalAfterDisc [0]
[ADMIN] [10/1/2016 00:39] [PENJUALAN] CASHIER FORM : cashierDataGridView_CellValueChanged [productPrice]
[ADMIN] [10/1/2016 00:39] [PENJUALAN] CASHIER FORM : cashierDataGridView_CellValueChanged [productPrice]
[ADMIN] [10/1/2016 00:39] [PENJUALAN] CASHIER FORM : cashierDataGridView_CellValueChanged [productPrice]
[ADMIN] [10/1/2016 00:39] [PENJUALAN] CASHIER FORM : cashierDataGridView_CellValueChanged [qty]
[ADMIN] [10/1/2016 00:39] [PENJUALAN] CASHIER FORM : TextBox_TextChanged, previousInput [0]
[ADMIN] [10/1/2016 00:39] [PENJUALAN] CASHIER FORM : TextBox_TextChanged, dataGridViewTextBoxEditingControl.Text [2]
[ADMIN] [10/1/2016 00:39] [PENJUALAN] CASHIER FORM : TextBox_TextChanged, dataGridViewTextBoxEditingControl.Text pass REGEX Checking
[ADMIN] [10/1/2016 00:39] [PENJUALAN] CASHIER FORM : CHECK STOCK QTY IS ENOUGH [1]
[ADMIN] [10/1/2016 00:39] [PENJUALAN] CASHIER FORM : CHECK STOCK QTY IS ENOUGH [15, 2]
[ADMIN] [10/1/2016 00:39] [PENJUALAN] CASHIER FORM : CALCULATE SUBTOTAL
[ADMIN] [10/1/2016 00:39] [PENJUALAN] CASHIER FORM : SUBTOTAL [400]
[ADMIN] [10/1/2016 00:39] [PENJUALAN] CASHIER FORM : TextBox_TextChanged, subtotal value [400]
[ADMIN] [10/1/2016 00:39] [PENJUALAN] CASHIER FORM : cashierDataGridView_CellValueChanged [jumlah]
[ADMIN] [10/1/2016 00:39] [PENJUALAN] CASHIER FORM : TextBox_TextChanged, attempt to calculate total value
[ADMIN] [10/1/2016 00:39] [PENJUALAN] CASHIER FORM : calculateTotal
[ADMIN] [10/1/2016 00:39] [PENJUALAN] CASHIER FORM : calculateTotal [400]
[ADMIN] [10/1/2016 00:39] [PENJUALAN] CASHIER FORM : calculateTotal, totalAfterDisc [400]
[ADMIN] [10/1/2016 00:39] [PENJUALAN] CASHIER FORM : DISPLAY PELANGGAN FORM
[ADMIN] [10/1/2016 00:39] [PENJUALAN] CASHIER FORM : UNREGISTER HOTKEY
[ADMIN] [10/1/2016 00:39] [PENJUALAN] CASHIER FORM : SELECTED CUSTOMER ID [1]
[ADMIN] [10/1/2016 00:39] [PENJUALAN] CASHIER FORM : ATTEMPT TO SET CUSTOMER PROFILE
[ADMIN] [10/1/2016 00:39] [PENJUALAN] CASHIER FORM : SET CUSTOMER PROFILE [PELANGGAN 1]
[ADMIN] [10/1/2016 00:39] [PENJUALAN] CASHIER FORM : CUSTOMER GROUP [P-UMUM [ECER]]
[ADMIN] [10/1/2016 00:39] [PENJUALAN] CASHIER FORM : FINISHED SET CUSTOMER PROFILE
[ADMIN] [10/1/2016 00:39] [PENJUALAN] CASHIER FORM : ATTEMPT TO REFRESH PRODUCT PRICE
[ADMIN] [10/1/2016 00:39] [PENJUALAN] CASHIER FORM : PRODUCT PRICE TYPE [PRODUCT_RETAIL_PRICE]
[ADMIN] [10/1/2016 00:39] [PENJUALAN] CASHIER FORM : PRODUCT PRICE [1]
[ADMIN] [10/1/2016 00:39] [PENJUALAN] CASHIER FORM : cashierDataGridView_CellValueChanged [productPrice]
[ADMIN] [10/1/2016 00:39] [PENJUALAN] CASHIER FORM : CHECK IF THERE'S ANY ENTRY IN THE PRODUCT DISC
[ADMIN] [10/1/2016 00:39] [PENJUALAN] CASHIER FORM : cashierDataGridView_CellValueChanged [disc1]
[ADMIN] [10/1/2016 00:39] [PENJUALAN] CASHIER FORM : TextBox_TextChanged, previousInput [2]
[ADMIN] [10/1/2016 00:39] [PENJUALAN] CASHIER FORM : TextBox_TextChanged, dataGridViewTextBoxEditingControl.Text pass REGEX Checking
[ADMIN] [10/1/2016 00:39] [PENJUALAN] CASHIER FORM : CHECK STOCK QTY IS ENOUGH [1]
[ADMIN] [10/1/2016 00:39] [PENJUALAN] CASHIER FORM : CHECK STOCK QTY IS ENOUGH [15, 0]
[ADMIN] [10/1/2016 00:39] [PENJUALAN] CASHIER FORM : CALCULATE SUBTOTAL
[ADMIN] [10/1/2016 00:39] [PENJUALAN] CASHIER FORM : SUBTOTAL [0]
[ADMIN] [10/1/2016 00:39] [PENJUALAN] CASHIER FORM : TextBox_TextChanged, subtotal value [0]
[ADMIN] [10/1/2016 00:39] [PENJUALAN] CASHIER FORM : cashierDataGridView_CellValueChanged [jumlah]
[ADMIN] [10/1/2016 00:39] [PENJUALAN] CASHIER FORM : TextBox_TextChanged, attempt to calculate total value
[ADMIN] [10/1/2016 00:39] [PENJUALAN] CASHIER FORM : calculateTotal
[ADMIN] [10/1/2016 00:39] [PENJUALAN] CASHIER FORM : calculateTotal [0]
[ADMIN] [10/1/2016 00:39] [PENJUALAN] CASHIER FORM : calculateTotal, totalAfterDisc [0]
[ADMIN] [10/1/2016 00:39] [PENJUALAN] CASHIER FORM : cashierDataGridView_CellValueChanged [disc2]
[ADMIN] [10/1/2016 00:39] [PENJUALAN] CASHIER FORM : TextBox_TextChanged, previousInput [0]
[ADMIN] [10/1/2016 00:39] [PENJUALAN] CASHIER FORM : TextBox_TextChanged, dataGridViewTextBoxEditingControl.Text [0]
[ADMIN] [10/1/2016 00:39] [PENJUALAN] CASHIER FORM : TextBox_TextChanged, dataGridViewTextBoxEditingControl.Text pass REGEX Checking
[ADMIN] [10/1/2016 00:39] [PENJUALAN] CASHIER FORM : CHECK STOCK QTY IS ENOUGH [1]
[ADMIN] [10/1/2016 00:39] [PENJUALAN] CASHIER FORM : CHECK STOCK QTY IS ENOUGH [15, 0]
[ADMIN] [10/1/2016 00:39] [PENJUALAN] CASHIER FORM : CALCULATE SUBTOTAL
[ADMIN] [10/1/2016 00:39] [PENJUALAN] CASHIER FORM : SUBTOTAL [0]
[ADMIN] [10/1/2016 00:39] [PENJUALAN] CASHIER FORM : TextBox_TextChanged, subtotal value [0]
[ADMIN] [10/1/2016 00:39] [PENJUALAN] CASHIER FORM : TextBox_TextChanged, attempt to calculate total value
[ADMIN] [10/1/2016 00:39] [PENJUALAN] CASHIER FORM : calculateTotal
[ADMIN] [10/1/2016 00:39] [PENJUALAN] CASHIER FORM : calculateTotal [0]
[ADMIN] [10/1/2016 00:39] [PENJUALAN] CASHIER FORM : calculateTotal, totalAfterDisc [0]
[ADMIN] [10/1/2016 00:39] [PENJUALAN] CASHIER FORM : cashierDataGridView_CellValueChanged [discRP]
[ADMIN] [10/1/2016 00:39] [PENJUALAN] CASHIER FORM : TextBox_TextChanged, previousInput [0]
[ADMIN] [10/1/2016 00:39] [PENJUALAN] CASHIER FORM : TextBox_TextChanged, dataGridViewTextBoxEditingControl.Text [0]
[ADMIN] [10/1/2016 00:39] [PENJUALAN] CASHIER FORM : TextBox_TextChanged, dataGridViewTextBoxEditingControl.Text pass REGEX Checking
[ADMIN] [10/1/2016 00:39] [PENJUALAN] CASHIER FORM : CHECK STOCK QTY IS ENOUGH [1]
[ADMIN] [10/1/2016 00:39] [PENJUALAN] CASHIER FORM : CHECK STOCK QTY IS ENOUGH [15, 0]
[ADMIN] [10/1/2016 00:39] [PENJUALAN] CASHIER FORM : CALCULATE SUBTOTAL
[ADMIN] [10/1/2016 00:39] [PENJUALAN] CASHIER FORM : SUBTOTAL [0]
[ADMIN] [10/1/2016 00:39] [PENJUALAN] CASHIER FORM : TextBox_TextChanged, subtotal value [0]
[ADMIN] [10/1/2016 00:39] [PENJUALAN] CASHIER FORM : TextBox_TextChanged, attempt to calculate total value
[ADMIN] [10/1/2016 00:39] [PENJUALAN] CASHIER FORM : calculateTotal
[ADMIN] [10/1/2016 00:39] [PENJUALAN] CASHIER FORM : calculateTotal [0]
[ADMIN] [10/1/2016 00:39] [PENJUALAN] CASHIER FORM : calculateTotal, totalAfterDisc [0]
[ADMIN] [10/1/2016 00:39] [PENJUALAN] CASHIER FORM : CALCULATE SUBTOTAL
[ADMIN] [10/1/2016 00:39] [PENJUALAN] CASHIER FORM : SUBTOTAL [0]
[ADMIN] [10/1/2016 00:39] [PENJUALAN] CASHIER FORM : calculateTotal
[ADMIN] [10/1/2016 00:39] [PENJUALAN] CASHIER FORM : calculateTotal [0]
[ADMIN] [10/1/2016 00:39] [PENJUALAN] CASHIER FORM : calculateTotal, totalAfterDisc [0]
[ADMIN] [10/1/2016 00:39] [PENJUALAN] CASHIER FORM : PRODUCT PRICE REFRESHED
[ADMIN] [10/1/2016 00:39] [PENJUALAN] CASHIER FORM : REGISTER HOTKEY
[ADMIN] [10/1/2016 00:40] [PENJUALAN] CASHIER FORM : cashierDataGridView_CellValueChanged [productPrice]
[ADMIN] [10/1/2016 00:40] [PENJUALAN] CASHIER FORM : cashierDataGridView_CellValueChanged [productPrice]
[ADMIN] [10/1/2016 00:40] [PENJUALAN] CASHIER FORM : cashierDataGridView_CellValueChanged [productPrice]
[ADMIN] [10/1/2016 00:40] [PENJUALAN] CASHIER FORM : UNREGISTER HOTKEY
[ADMIN] [10/1/2016 00:41] [PENJUALAN] CASHIER FORM : REGISTER HOTKEY
[ADMIN] [10/1/2016 00:41] [PENJUALAN] CASHIER FORM : cashierDataGridView_CellValueChanged [productPrice]
[ADMIN] [10/1/2016 00:41] [PENJUALAN] CASHIER FORM : cashierDataGridView_CellValueChanged [productPrice]
[ADMIN] [10/1/2016 00:41] [PENJUALAN] CASHIER FORM : cashierDataGridView_CellValueChanged [productPrice]
[ADMIN] [10/1/2016 00:41] [PENJUALAN] CASHIER FORM : cashierDataGridView_CellValueChanged [qty]
[ADMIN] [10/1/2016 00:41] [PENJUALAN] CASHIER FORM : TextBox_TextChanged, previousInput [0]
[ADMIN] [10/1/2016 00:41] [PENJUALAN] CASHIER FORM : TextBox_TextChanged, dataGridViewTextBoxEditingControl.Text [1]
[ADMIN] [10/1/2016 00:41] [PENJUALAN] CASHIER FORM : TextBox_TextChanged, dataGridViewTextBoxEditingControl.Text pass REGEX Checking
[ADMIN] [10/1/2016 00:41] [PENJUALAN] CASHIER FORM : CHECK STOCK QTY IS ENOUGH [1]
[ADMIN] [10/1/2016 00:41] [PENJUALAN] CASHIER FORM : CHECK STOCK QTY IS ENOUGH [15, 1]
[ADMIN] [10/1/2016 00:41] [PENJUALAN] CASHIER FORM : CALCULATE SUBTOTAL
[ADMIN] [10/1/2016 00:41] [PENJUALAN] CASHIER FORM : SUBTOTAL [200]
[ADMIN] [10/1/2016 00:41] [PENJUALAN] CASHIER FORM : TextBox_TextChanged, subtotal value [200]
[ADMIN] [10/1/2016 00:41] [PENJUALAN] CASHIER FORM : cashierDataGridView_CellValueChanged [jumlah]
[ADMIN] [10/1/2016 00:41] [PENJUALAN] CASHIER FORM : TextBox_TextChanged, attempt to calculate total value
[ADMIN] [10/1/2016 00:42] [PENJUALAN] CASHIER FORM : calculateTotal
[ADMIN] [10/1/2016 00:42] [PENJUALAN] CASHIER FORM : calculateTotal [200]
[ADMIN] [10/1/2016 00:42] [PENJUALAN] CASHIER FORM : calculateTotal, totalAfterDisc [200]
[ADMIN] [10/1/2016 00:42] [PENJUALAN] CASHIER FORM : cashierDataGridView_CellValueChanged [qty]
[ADMIN] [10/1/2016 00:42] [PENJUALAN] CASHIER FORM : TextBox_TextChanged, previousInput [1]
[ADMIN] [10/1/2016 00:42] [PENJUALAN] CASHIER FORM : TextBox_TextChanged, dataGridViewTextBoxEditingControl.Text pass REGEX Checking
[ADMIN] [10/1/2016 00:42] [PENJUALAN] CASHIER FORM : CHECK STOCK QTY IS ENOUGH [1]
[ADMIN] [10/1/2016 00:42] [PENJUALAN] CASHIER FORM : CHECK STOCK QTY IS ENOUGH [15, 10]
[ADMIN] [10/1/2016 00:42] [PENJUALAN] CASHIER FORM : CALCULATE SUBTOTAL
[ADMIN] [10/1/2016 00:42] [PENJUALAN] CASHIER FORM : SUBTOTAL [2000]
[ADMIN] [10/1/2016 00:42] [PENJUALAN] CASHIER FORM : TextBox_TextChanged, subtotal value [2000]
[ADMIN] [10/1/2016 00:42] [PENJUALAN] CASHIER FORM : cashierDataGridView_CellValueChanged [jumlah]
[ADMIN] [10/1/2016 00:42] [PENJUALAN] CASHIER FORM : TextBox_TextChanged, attempt to calculate total value
[ADMIN] [10/1/2016 00:42] [PENJUALAN] CASHIER FORM : calculateTotal
[ADMIN] [10/1/2016 00:42] [PENJUALAN] CASHIER FORM : calculateTotal [2000]
[ADMIN] [10/1/2016 00:42] [PENJUALAN] CASHIER FORM : calculateTotal, totalAfterDisc [2000]
[ADMIN] [10/1/2016 00:42] [PENJUALAN] CASHIER FORM : UNREGISTER HOTKEY
[ADMIN] [10/1/2016 00:42] [PENJUALAN] CASHIER FORM : REGISTER HOTKEY
[ADMIN] [10/1/2016 00:42] [PENJUALAN] CASHIER FORM : UNREGISTER HOTKEY
[ADMIN] [10/1/2016 00:42] [PENJUALAN] CASHIER FORM : REGISTER HOTKEY
[ADMIN] [10/1/2016 00:42] [PENJUALAN] CASHIER FORM : cashierDataGridView_KeyDown ATTEMPT TO DELETE ROW
[ADMIN] [10/1/2016 00:42] [PENJUALAN] CASHIER FORM : deleteCurrentRow [0]
[ADMIN] [10/1/2016 00:42] [PENJUALAN] CASHIER FORM : UPDATE ROW NUMBER, TOTAL ROW [0]
[ADMIN] [10/1/2016 00:42] [PENJUALAN] CASHIER FORM : calculateTotal
[ADMIN] [10/1/2016 00:42] [PENJUALAN] CASHIER FORM : calculateTotal [0]
[ADMIN] [10/1/2016 00:42] [PENJUALAN] CASHIER FORM : calculateTotal, totalAfterDisc [0]
[ADMIN] [10/1/2016 00:42] [PENJUALAN] CASHIER FORM : UNREGISTER HOTKEY
[ADMIN] [10/1/2016 00:42] [PENJUALAN] CASHIER FORM : REGISTER HOTKEY
[ADMIN] [10/1/2016 00:42] [PENJUALAN] CASHIER FORM : UNREGISTER HOTKEY
[ADMIN] [10/1/2016 00:42] [PENJUALAN] CASHIER FORM : REGISTER HOTKEY
[ADMIN] [10/1/2016 00:42] [PENJUALAN] CASHIER FORM : HOTKEY TO ADD NEW ROW PRESSED
[ADMIN] [10/1/2016 00:42] [PENJUALAN] CASHIER FORM : ADD NEW ROW,  isActive [True]
[ADMIN] [10/1/2016 00:42] [PENJUALAN] CASHIER FORM : ADD NEW ROW,  ROW COUNT [0]
[ADMIN] [10/1/2016 00:42] [PENJUALAN] CASHIER FORM : ADD NEW ROW,  ALLOW TO ADD [True]
[ADMIN] [10/1/2016 00:42] [PENJUALAN] CASHIER FORM : cashierDataGridView_CellValueChanged [F8]
[ADMIN] [10/1/2016 00:42] [PENJUALAN] CASHIER FORM : cashierDataGridView_CellValueChanged [hpp]
[ADMIN] [10/1/2016 00:42] [PENJUALAN] CASHIER FORM : TextBox_TextChanged, previousInput []
[ADMIN] [10/1/2016 00:42] [PENJUALAN] CASHIER FORM : TextBox_TextChanged, dataGridViewTextBoxEditingControl.Text pass REGEX Checking
[ADMIN] [10/1/2016 00:42] [PENJUALAN] CASHIER FORM : CALCULATE SUBTOTAL
[ADMIN] [10/1/2016 00:42] [PENJUALAN] CASHIER FORM : SUBTOTAL [0]
[ADMIN] [10/1/2016 00:42] [PENJUALAN] CASHIER FORM : TextBox_TextChanged, subtotal value [0]
[ADMIN] [10/1/2016 00:42] [PENJUALAN] CASHIER FORM : cashierDataGridView_CellValueChanged [jumlah]
[ADMIN] [10/1/2016 00:42] [PENJUALAN] CASHIER FORM : TextBox_TextChanged, attempt to calculate total value
[ADMIN] [10/1/2016 00:42] [PENJUALAN] CASHIER FORM : calculateTotal
[ADMIN] [10/1/2016 00:42] [PENJUALAN] CASHIER FORM : calculateTotal [0]
[ADMIN] [10/1/2016 00:42] [PENJUALAN] CASHIER FORM : calculateTotal, totalAfterDisc [0]
[ADMIN] [10/1/2016 00:42] [PENJUALAN] CASHIER FORM : cashierDataGridView_CellValueChanged [productPrice]
[ADMIN] [10/1/2016 00:42] [PENJUALAN] CASHIER FORM : cashierDataGridView_CellValueChanged [disc1]
[ADMIN] [10/1/2016 00:42] [PENJUALAN] CASHIER FORM : TextBox_TextChanged, previousInput []
[ADMIN] [10/1/2016 00:42] [PENJUALAN] CASHIER FORM : TextBox_TextChanged, dataGridViewTextBoxEditingControl.Text pass REGEX Checking
[ADMIN] [10/1/2016 00:42] [PENJUALAN] CASHIER FORM : CALCULATE SUBTOTAL
[ADMIN] [10/1/2016 00:42] [PENJUALAN] CASHIER FORM : SUBTOTAL [0]
[ADMIN] [10/1/2016 00:42] [PENJUALAN] CASHIER FORM : TextBox_TextChanged, subtotal value [0]
[ADMIN] [10/1/2016 00:42] [PENJUALAN] CASHIER FORM : TextBox_TextChanged, attempt to calculate total value
[ADMIN] [10/1/2016 00:42] [PENJUALAN] CASHIER FORM : calculateTotal
[ADMIN] [10/1/2016 00:42] [PENJUALAN] CASHIER FORM : calculateTotal [0]
[ADMIN] [10/1/2016 00:42] [PENJUALAN] CASHIER FORM : calculateTotal, totalAfterDisc [0]
[ADMIN] [10/1/2016 00:42] [PENJUALAN] CASHIER FORM : cashierDataGridView_CellValueChanged [qty]
[ADMIN] [10/1/2016 00:42] [PENJUALAN] CASHIER FORM : TextBox_TextChanged, previousInput []
[ADMIN] [10/1/2016 00:42] [PENJUALAN] CASHIER FORM : TextBox_TextChanged, dataGridViewTextBoxEditingControl.Text pass REGEX Checking
[ADMIN] [10/1/2016 00:42] [PENJUALAN] CASHIER FORM : CALCULATE SUBTOTAL
[ADMIN] [10/1/2016 00:42] [PENJUALAN] CASHIER FORM : SUBTOTAL [0]
[ADMIN] [10/1/2016 00:42] [PENJUALAN] CASHIER FORM : TextBox_TextChanged, subtotal value [0]
[ADMIN] [10/1/2016 00:42] [PENJUALAN] CASHIER FORM : TextBox_TextChanged, attempt to calculate total value
[ADMIN] [10/1/2016 00:42] [PENJUALAN] CASHIER FORM : calculateTotal
[ADMIN] [10/1/2016 00:42] [PENJUALAN] CASHIER FORM : calculateTotal [0]
[ADMIN] [10/1/2016 00:42] [PENJUALAN] CASHIER FORM : calculateTotal, totalAfterDisc [0]
[ADMIN] [10/1/2016 00:42] [PENJUALAN] CASHIER FORM : cashierDataGridView_CellValueChanged [disc2]
[ADMIN] [10/1/2016 00:42] [PENJUALAN] CASHIER FORM : TextBox_TextChanged, previousInput []
[ADMIN] [10/1/2016 00:42] [PENJUALAN] CASHIER FORM : TextBox_TextChanged, dataGridViewTextBoxEditingControl.Text pass REGEX Checking
[ADMIN] [10/1/2016 00:42] [PENJUALAN] CASHIER FORM : CALCULATE SUBTOTAL
[ADMIN] [10/1/2016 00:42] [PENJUALAN] CASHIER FORM : SUBTOTAL [0]
[ADMIN] [10/1/2016 00:42] [PENJUALAN] CASHIER FORM : TextBox_TextChanged, subtotal value [0]
[ADMIN] [10/1/2016 00:42] [PENJUALAN] CASHIER FORM : TextBox_TextChanged, attempt to calculate total value
[ADMIN] [10/1/2016 00:42] [PENJUALAN] CASHIER FORM : calculateTotal
[ADMIN] [10/1/2016 00:42] [PENJUALAN] CASHIER FORM : calculateTotal [0]
[ADMIN] [10/1/2016 00:42] [PENJUALAN] CASHIER FORM : calculateTotal, totalAfterDisc [0]
[ADMIN] [10/1/2016 00:42] [PENJUALAN] CASHIER FORM : cashierDataGridView_CellValueChanged [discRP]
[ADMIN] [10/1/2016 00:42] [PENJUALAN] CASHIER FORM : TextBox_TextChanged, previousInput []
[ADMIN] [10/1/2016 00:42] [PENJUALAN] CASHIER FORM : TextBox_TextChanged, dataGridViewTextBoxEditingControl.Text pass REGEX Checking
[ADMIN] [10/1/2016 00:42] [PENJUALAN] CASHIER FORM : CALCULATE SUBTOTAL
[ADMIN] [10/1/2016 00:42] [PENJUALAN] CASHIER FORM : SUBTOTAL [0]
[ADMIN] [10/1/2016 00:42] [PENJUALAN] CASHIER FORM : TextBox_TextChanged, subtotal value [0]
[ADMIN] [10/1/2016 00:42] [PENJUALAN] CASHIER FORM : TextBox_TextChanged, attempt to calculate total value
[ADMIN] [10/1/2016 00:42] [PENJUALAN] CASHIER FORM : calculateTotal
[ADMIN] [10/1/2016 00:42] [PENJUALAN] CASHIER FORM : calculateTotal [0]
[ADMIN] [10/1/2016 00:42] [PENJUALAN] CASHIER FORM : calculateTotal, totalAfterDisc [0]
[ADMIN] [10/1/2016 00:42] [PENJUALAN] CASHIER FORM : cashierDataGridView_CellValueChanged [jumlah]
[ADMIN] [10/1/2016 00:42] [PENJUALAN] CASHIER FORM : cashierDataGridView_CellValueChanged [productName]
[ADMIN] [10/1/2016 00:42] [PENJUALAN] CASHIER FORM : cashierDataGridView_CellValueChanged [productName]
[ADMIN] [10/1/2016 00:42] [PENJUALAN] CASHIER FORM : calculateTotal
[ADMIN] [10/1/2016 00:42] [PENJUALAN] CASHIER FORM : calculateTotal [0]
[ADMIN] [10/1/2016 00:42] [PENJUALAN] CASHIER FORM : calculateTotal, totalAfterDisc [0]
[ADMIN] [10/1/2016 00:42] [PENJUALAN] CASHIER FORM : cashierDataGridView_CellValueChanged [productName]
[ADMIN] [10/1/2016 00:42] [PENJUALAN] CASHIER FORM : cashierDataGridView_CellValueChanged [productName]
[ADMIN] [10/1/2016 00:42] [PENJUALAN] CASHIER FORM : calculateTotal
[ADMIN] [10/1/2016 00:42] [PENJUALAN] CASHIER FORM : calculateTotal [0]
[ADMIN] [10/1/2016 00:42] [PENJUALAN] CASHIER FORM : calculateTotal, totalAfterDisc [0]
[ADMIN] [10/1/2016 00:42] [PENJUALAN] CASHIER FORM : cashierDataGridView_CellValueChanged [productName]
[ADMIN] [10/1/2016 00:42] [PENJUALAN] CASHIER FORM : cashierDataGridView_CellValueChanged [productID]
[ADMIN] [10/1/2016 00:42] [PENJUALAN] CASHIER FORM : PRODUCT PRICE TYPE [PRODUCT_BASE_PRICE]
[ADMIN] [10/1/2016 00:42] [PENJUALAN] CASHIER FORM : PRODUCT PRICE [10]
[ADMIN] [10/1/2016 00:42] [PENJUALAN] CASHIER FORM : ComboBox_SelectedIndexChanged, PRODUCT_BASE_PRICE [10]
[ADMIN] [10/1/2016 00:42] [PENJUALAN] CASHIER FORM : cashierDataGridView_CellValueChanged [hpp]
[ADMIN] [10/1/2016 00:42] [PENJUALAN] CASHIER FORM : TextBox_TextChanged, previousInput []
[ADMIN] [10/1/2016 00:42] [PENJUALAN] CASHIER FORM : TextBox_TextChanged, dataGridViewTextBoxEditingControl.Text pass REGEX Checking
[ADMIN] [10/1/2016 00:42] [PENJUALAN] CASHIER FORM : CALCULATE SUBTOTAL
[ADMIN] [10/1/2016 00:42] [PENJUALAN] CASHIER FORM : SUBTOTAL [0]
[ADMIN] [10/1/2016 00:42] [PENJUALAN] CASHIER FORM : TextBox_TextChanged, subtotal value [0]
[ADMIN] [10/1/2016 00:42] [PENJUALAN] CASHIER FORM : cashierDataGridView_CellValueChanged [jumlah]
[ADMIN] [10/1/2016 00:42] [PENJUALAN] CASHIER FORM : TextBox_TextChanged, attempt to calculate total value
[ADMIN] [10/1/2016 00:42] [PENJUALAN] CASHIER FORM : calculateTotal
[ADMIN] [10/1/2016 00:42] [PENJUALAN] CASHIER FORM : calculateTotal [0]
[ADMIN] [10/1/2016 00:42] [PENJUALAN] CASHIER FORM : calculateTotal, totalAfterDisc [0]
[ADMIN] [10/1/2016 00:42] [PENJUALAN] CASHIER FORM : PRODUCT PRICE TYPE [PRODUCT_RETAIL_PRICE]
[ADMIN] [10/1/2016 00:42] [PENJUALAN] CASHIER FORM : PRODUCT PRICE [1]
[ADMIN] [10/1/2016 00:42] [PENJUALAN] CASHIER FORM : ComboBox_SelectedIndexChanged, PRODUCT_SALES_PRICE [1]
[ADMIN] [10/1/2016 00:42] [PENJUALAN] CASHIER FORM : cashierDataGridView_CellValueChanged [productPrice]
[ADMIN] [10/1/2016 00:42] [PENJUALAN] CASHIER FORM : cashierDataGridView_CellValueChanged [qty]
[ADMIN] [10/1/2016 00:42] [PENJUALAN] CASHIER FORM : TextBox_TextChanged, previousInput []
[ADMIN] [10/1/2016 00:42] [PENJUALAN] CASHIER FORM : TextBox_TextChanged, dataGridViewTextBoxEditingControl.Text pass REGEX Checking
[ADMIN] [10/1/2016 00:42] [PENJUALAN] CASHIER FORM : CALCULATE SUBTOTAL
[ADMIN] [10/1/2016 00:42] [PENJUALAN] CASHIER FORM : SUBTOTAL [0]
[ADMIN] [10/1/2016 00:42] [PENJUALAN] CASHIER FORM : TextBox_TextChanged, subtotal value [0]
[ADMIN] [10/1/2016 00:42] [PENJUALAN] CASHIER FORM : TextBox_TextChanged, attempt to calculate total value
[ADMIN] [10/1/2016 00:42] [PENJUALAN] CASHIER FORM : calculateTotal
[ADMIN] [10/1/2016 00:42] [PENJUALAN] CASHIER FORM : calculateTotal [0]
[ADMIN] [10/1/2016 00:42] [PENJUALAN] CASHIER FORM : calculateTotal, totalAfterDisc [0]
[ADMIN] [10/1/2016 00:42] [PENJUALAN] CASHIER FORM : ComboBox_SelectedIndexChanged, CHECK FOR CUST PRODUCT DISC, selectedPelangganID [1]
[ADMIN] [10/1/2016 00:42] [PENJUALAN] CASHIER FORM : cashierDataGridView_CellValueChanged [disc1]
[ADMIN] [10/1/2016 00:42] [PENJUALAN] CASHIER FORM : TextBox_TextChanged, previousInput []
[ADMIN] [10/1/2016 00:42] [PENJUALAN] CASHIER FORM : TextBox_TextChanged, dataGridViewTextBoxEditingControl.Text pass REGEX Checking
[ADMIN] [10/1/2016 00:42] [PENJUALAN] CASHIER FORM : CALCULATE SUBTOTAL
[ADMIN] [10/1/2016 00:42] [PENJUALAN] CASHIER FORM : SUBTOTAL [0]
[ADMIN] [10/1/2016 00:42] [PENJUALAN] CASHIER FORM : TextBox_TextChanged, subtotal value [0]
[ADMIN] [10/1/2016 00:42] [PENJUALAN] CASHIER FORM : TextBox_TextChanged, attempt to calculate total value
[ADMIN] [10/1/2016 00:42] [PENJUALAN] CASHIER FORM : calculateTotal
[ADMIN] [10/1/2016 00:42] [PENJUALAN] CASHIER FORM : calculateTotal [0]
[ADMIN] [10/1/2016 00:42] [PENJUALAN] CASHIER FORM : calculateTotal, totalAfterDisc [0]
[ADMIN] [10/1/2016 00:42] [PENJUALAN] CASHIER FORM : cashierDataGridView_CellValueChanged [disc2]
[ADMIN] [10/1/2016 00:42] [PENJUALAN] CASHIER FORM : TextBox_TextChanged, previousInput []
[ADMIN] [10/1/2016 00:42] [PENJUALAN] CASHIER FORM : TextBox_TextChanged, dataGridViewTextBoxEditingControl.Text pass REGEX Checking
[ADMIN] [10/1/2016 00:42] [PENJUALAN] CASHIER FORM : CALCULATE SUBTOTAL
[ADMIN] [10/1/2016 00:42] [PENJUALAN] CASHIER FORM : SUBTOTAL [0]
[ADMIN] [10/1/2016 00:42] [PENJUALAN] CASHIER FORM : TextBox_TextChanged, subtotal value [0]
[ADMIN] [10/1/2016 00:42] [PENJUALAN] CASHIER FORM : TextBox_TextChanged, attempt to calculate total value
[ADMIN] [10/1/2016 00:42] [PENJUALAN] CASHIER FORM : calculateTotal
[ADMIN] [10/1/2016 00:42] [PENJUALAN] CASHIER FORM : calculateTotal [0]
[ADMIN] [10/1/2016 00:42] [PENJUALAN] CASHIER FORM : calculateTotal, totalAfterDisc [0]
[ADMIN] [10/1/2016 00:42] [PENJUALAN] CASHIER FORM : cashierDataGridView_CellValueChanged [discRP]
[ADMIN] [10/1/2016 00:42] [PENJUALAN] CASHIER FORM : TextBox_TextChanged, previousInput []
[ADMIN] [10/1/2016 00:42] [PENJUALAN] CASHIER FORM : TextBox_TextChanged, dataGridViewTextBoxEditingControl.Text pass REGEX Checking
[ADMIN] [10/1/2016 00:42] [PENJUALAN] CASHIER FORM : CALCULATE SUBTOTAL
[ADMIN] [10/1/2016 00:42] [PENJUALAN] CASHIER FORM : SUBTOTAL [0]
[ADMIN] [10/1/2016 00:42] [PENJUALAN] CASHIER FORM : TextBox_TextChanged, subtotal value [0]
[ADMIN] [10/1/2016 00:42] [PENJUALAN] CASHIER FORM : TextBox_TextChanged, attempt to calculate total value
[ADMIN] [10/1/2016 00:42] [PENJUALAN] CASHIER FORM : calculateTotal
[ADMIN] [10/1/2016 00:42] [PENJUALAN] CASHIER FORM : calculateTotal [0]
[ADMIN] [10/1/2016 00:42] [PENJUALAN] CASHIER FORM : calculateTotal, totalAfterDisc [0]
[ADMIN] [10/1/2016 00:42] [PENJUALAN] CASHIER FORM : ComboBox_SelectedIndexChanged, attempt to calculate total
[ADMIN] [10/1/2016 00:42] [PENJUALAN] CASHIER FORM : calculateTotal
[ADMIN] [10/1/2016 00:42] [PENJUALAN] CASHIER FORM : calculateTotal [0]
[ADMIN] [10/1/2016 00:42] [PENJUALAN] CASHIER FORM : calculateTotal, totalAfterDisc [0]
[ADMIN] [10/1/2016 00:42] [PENJUALAN] CASHIER FORM : cashierDataGridView_CellValueChanged [productPrice]
[ADMIN] [10/1/2016 00:42] [PENJUALAN] CASHIER FORM : cashierDataGridView_CellValueChanged [productPrice]
[ADMIN] [10/1/2016 00:42] [PENJUALAN] CASHIER FORM : cashierDataGridView_CellValueChanged [productPrice]
[ADMIN] [10/1/2016 00:42] [PENJUALAN] CASHIER FORM : cashierDataGridView_CellValueChanged [qty]
[ADMIN] [10/1/2016 00:42] [PENJUALAN] CASHIER FORM : TextBox_TextChanged, previousInput [0]
[ADMIN] [10/1/2016 00:42] [PENJUALAN] CASHIER FORM : TextBox_TextChanged, dataGridViewTextBoxEditingControl.Text [2]
[ADMIN] [10/1/2016 00:42] [PENJUALAN] CASHIER FORM : TextBox_TextChanged, dataGridViewTextBoxEditingControl.Text pass REGEX Checking
[ADMIN] [10/1/2016 00:42] [PENJUALAN] CASHIER FORM : CHECK STOCK QTY IS ENOUGH [1]
[ADMIN] [10/1/2016 00:42] [PENJUALAN] CASHIER FORM : CHECK STOCK QTY IS ENOUGH [15, 2]
[ADMIN] [10/1/2016 00:42] [PENJUALAN] CASHIER FORM : CALCULATE SUBTOTAL
[ADMIN] [10/1/2016 00:42] [PENJUALAN] CASHIER FORM : SUBTOTAL [400]
[ADMIN] [10/1/2016 00:42] [PENJUALAN] CASHIER FORM : TextBox_TextChanged, subtotal value [400]
[ADMIN] [10/1/2016 00:42] [PENJUALAN] CASHIER FORM : cashierDataGridView_CellValueChanged [jumlah]
[ADMIN] [10/1/2016 00:42] [PENJUALAN] CASHIER FORM : TextBox_TextChanged, attempt to calculate total value
[ADMIN] [10/1/2016 00:42] [PENJUALAN] CASHIER FORM : calculateTotal
[ADMIN] [10/1/2016 00:42] [PENJUALAN] CASHIER FORM : calculateTotal [400]
[ADMIN] [10/1/2016 00:42] [PENJUALAN] CASHIER FORM : calculateTotal, totalAfterDisc [400]
[ADMIN] [10/1/2016 00:42] [PENJUALAN] CASHIER FORM : calculateChangeValue, bayarTextBox.Text [1]
[ADMIN] [10/1/2016 00:42] [PENJUALAN] CASHIER FORM : calculateChangeValue, sisaBayar [0]
[ADMIN] [10/1/2016 00:42] [PENJUALAN] CASHIER FORM : calculateChangeValue, bayarTextBox.Text [10]
[ADMIN] [10/1/2016 00:42] [PENJUALAN] CASHIER FORM : calculateChangeValue, sisaBayar [0]
[ADMIN] [10/1/2016 00:42] [PENJUALAN] CASHIER FORM : calculateChangeValue, bayarTextBox.Text [100]
[ADMIN] [10/1/2016 00:42] [PENJUALAN] CASHIER FORM : calculateChangeValue, sisaBayar [0]
[ADMIN] [10/1/2016 00:42] [PENJUALAN] CASHIER FORM : calculateChangeValue, bayarTextBox.Text [1000]
[ADMIN] [10/1/2016 00:42] [PENJUALAN] CASHIER FORM : calculateChangeValue, sisaBayar [600]
[ADMIN] [10/1/2016 00:42] [PENJUALAN] CASHIER FORM : HOTKEY TO SAVE AND PRINT OUT INVOICE PRESSED
[ADMIN] [10/1/2016 00:42] [PENJUALAN] CASHIER FORM : UNREGISTER HOTKEY
[ADMIN] [10/1/2016 00:42] [PENJUALAN] CASHIER FORM : REGISTER HOTKEY
[ADMIN] [10/1/2016 00:42] [PENJUALAN] ATTEMPT TO SAVE AND PRINT OUT INVOICE
[ADMIN] [10/1/2016 00:42] [PENJUALAN] CASHIER FORM : UNREGISTER HOTKEY
[ADMIN] [10/1/2016 00:42] [PENJUALAN] CASHIER FORM : ATTEMPT TO SAVE SALES DATA [01-10-2016 00:42]
[ADMIN] [10/1/2016 00:42] [PENJUALAN] CASHIER FORM : CASH SALES
[ADMIN] [10/1/2016 00:42] [PENJUALAN] CHECK IF TAX LIMIT SET FOR PERCENTAGE PURCHASE [0]
[ADMIN] [10/1/2016 00:42] [PENJUALAN] CHECK IF TAX LIMIT SET FOR AVERAGE DAILY PURCHASE [0]
[ADMIN] [10/1/2016 00:42] [PENJUALAN] CASHIER FORM : NO FAKTUR [SLO001]
[ADMIN] [10/1/2016 00:42] [PENJUALAN] CASHIER FORM : MAX SALES INVOICE [7]
[ADMIN] [10/1/2016 00:42] [PENJUALAN] CASHIER FORM : SALES INVOICE [SLO001-8]
[ADMIN] [10/1/2016 00:42] [PENJUALAN] INSERT INTO SALES HEADER [SLO001-8]
[ADMIN] [10/1/2016 00:42] [PENJUALAN] INSERT INTO SALES DETAIL[1, 200, 2]
[ADMIN] [10/1/2016 00:42] [PENJUALAN] INSERT CUSTOMER PRODUCT DISC [1]
[ADMIN] [10/1/2016 00:42] [PENJUALAN] INSERT TO CREDIT TABLE [SLO001-8]
[ADMIN] [10/1/2016 00:42] [PENJUALAN] INSERT TO DAILY JOURNAL TABLE [400]
[ADMIN] [10/1/2016 00:42] [PENJUALAN] CASHIER FORM : REGISTER HOTKEY
[ADMIN] [10/1/2016 00:42] [PENJUALAN] TRANSACTION SAVED
[ADMIN] [10/1/2016 00:42] [PENJUALAN] PRINT OUT INVOICE
[ADMIN] [10/1/2016 00:42] [PENJUALAN] CASHIER FORM : PrintReceipt
[ADMIN] [10/1/2016 00:42] [PENJUALAN] CASHIER FORM : PrintReceipt, POS size Paper
[ADMIN] [10/1/2016 00:42] [PENJUALAN] CASHIER FORM : loadInfoToko
[ADMIN] [10/1/2016 00:42] [PENJUALAN] CASHIER FORM : calculatePageLength, totalLengthPage [388]
[ADMIN] [10/1/2016 00:42] [PENJUALAN] CASHIER FORM : UNREGISTER HOTKEY
[ADMIN] [10/1/2016 00:42] [PENJUALAN] CASHIER FORM : printDocument1_PrintPage, print POS size receipt
[ADMIN] [10/1/2016 00:42] [PENJUALAN] CASHIER FORM : loadInfoToko
[ADMIN] [10/1/2016 00:42] [PENJUALAN] CASHIER FORM : loadNamaUser
[ADMIN] [10/1/2016 00:42] [PENJUALAN] CASHIER FORM : REGISTER HOTKEY
[ADMIN] [10/1/2016 00:42] [PENJUALAN] VALIDATE USER CREDIT STATUS
[ADMIN] [10/1/2016 00:42] [PENJUALAN] CASHIER FORM : UNREGISTER HOTKEY
[ADMIN] [10/1/2016 00:42] [PENJUALAN] CASHIER FORM : REGISTER HOTKEY
[ADMIN] [10/1/2016 00:42] [PENJUALAN] CASHIER FORM : UNREGISTER HOTKEY
[ADMIN] [10/1/2016 00:42] [PENJUALAN] CASHIER FORM : UNREGISTER HOTKEY
[ADMIN] [10/1/2016 00:43] [PENJUALAN] CASHIER FORM : MULTIPLE CASHIER INSTANCE [1]
[ADMIN] [10/1/2016 00:43] [PENJUALAN] CASHIER FORM : REGISTER HOTKEY
[ADMIN] [10/1/2016 00:43] [PENJUALAN] CASHIER FORM : cashierForm_Load, ATTEMPT TO LOAD NO FAKTUR
[ADMIN] [10/1/2016 00:43] [PENJUALAN] CASHIER FORM : loadNoFaktur, noFakturValue [SLO001]
[ADMIN] [10/1/2016 00:43] [PENJUALAN] CASHIER FORM : cashierForm_Load, ATTEMPT TO addColumnToDataGrid
[ADMIN] [10/1/2016 00:43] [PENJUALAN] CASHIER FORM : calculateTotal
[ADMIN] [10/1/2016 00:43] [PENJUALAN] CASHIER FORM : calculateTotal [0]
[ADMIN] [10/1/2016 00:43] [PENJUALAN] CASHIER FORM : calculateTotal, totalAfterDisc [0]
[ADMIN] [10/1/2016 00:43] [PENJUALAN] CASHIER FORM : REGISTER HOTKEY
[ADMIN] [10/1/2016 00:43] [PENJUALAN] CASHIER FORM : UNREGISTER HOTKEY
[ADMIN] [10/1/2016 00:43] [PENJUALAN] CASHIER FORM : UNREGISTER HOTKEY
[] [10/1/2016 00:45] [] USER = ADMIN IS ACTIVE
[ADMIN] [10/1/2016 00:45] [] USER ID = 1 LOGIN SUCCESSFULLY
[ADMIN] [10/1/2016 00:45] [] ACTIVATE USER ACCESS RIGHT
[ADMIN] [10/1/2016 00:45] [] DISPLAY ADMIN FORM
[ADMIN] [10/1/2016 00:45] [] adminForm Load
[ADMIN] [10/1/2016 00:45] [PENJUALAN] CASHIER FORM : REGISTER HOTKEY
[ADMIN] [10/1/2016 00:45] [PENJUALAN] CASHIER FORM : loadNoFaktur, noFakturValue [SLO001]
[] [10/1/2016 00:47] [] USER = ADMIN IS ACTIVE
[ADMIN] [10/1/2016 00:47] [] USER ID = 1 LOGIN SUCCESSFULLY
[ADMIN] [10/1/2016 00:48] [] ACTIVATE USER ACCESS RIGHT
[ADMIN] [10/1/2016 00:48] [] DISPLAY ADMIN FORM
[ADMIN] [10/1/2016 00:48] [] adminForm Load
[ADMIN] [10/1/2016 00:48] [PENJUALAN] CASHIER FORM : REGISTER HOTKEY
[ADMIN] [10/1/2016 00:48] [PENJUALAN] CASHIER FORM : loadNoFaktur, noFakturValue [SLO001]
[ADMIN] [10/1/2016 00:48] [PENJUALAN] CASHIER FORM : ADD NEW ROW,  isActive [True]
[ADMIN] [10/1/2016 00:48] [PENJUALAN] CASHIER FORM : ADD NEW ROW,  ROW COUNT [0]
[ADMIN] [10/1/2016 00:48] [PENJUALAN] CASHIER FORM : ADD NEW ROW,  ALLOW TO ADD [True]
[ADMIN] [10/1/2016 00:48] [PENJUALAN] CASHIER FORM : cashierDataGridView_CellValueChanged [F8]
[ADMIN] [10/1/2016 00:48] [PENJUALAN] CASHIER FORM : cashierDataGridView_CellValueChanged [hpp]
[ADMIN] [10/1/2016 00:48] [PENJUALAN] CASHIER FORM : TextBox_TextChanged, previousInput []
[ADMIN] [10/1/2016 00:48] [PENJUALAN] CASHIER FORM : TextBox_TextChanged, dataGridViewTextBoxEditingControl.Text pass REGEX Checking
[ADMIN] [10/1/2016 00:48] [PENJUALAN] CASHIER FORM : CALCULATE SUBTOTAL
[ADMIN] [10/1/2016 00:48] [PENJUALAN] CASHIER FORM : SUBTOTAL [0]
[ADMIN] [10/1/2016 00:48] [PENJUALAN] CASHIER FORM : TextBox_TextChanged, subtotal value [0]
[ADMIN] [10/1/2016 00:48] [PENJUALAN] CASHIER FORM : cashierDataGridView_CellValueChanged [jumlah]
[ADMIN] [10/1/2016 00:48] [PENJUALAN] CASHIER FORM : TextBox_TextChanged, attempt to calculate total value
[ADMIN] [10/1/2016 00:48] [PENJUALAN] CASHIER FORM : calculateTotal
[ADMIN] [10/1/2016 00:48] [PENJUALAN] CASHIER FORM : calculateTotal [0]
[ADMIN] [10/1/2016 00:48] [PENJUALAN] CASHIER FORM : calculateTotal, totalAfterDisc [0]
[ADMIN] [10/1/2016 00:48] [PENJUALAN] CASHIER FORM : cashierDataGridView_CellValueChanged [productPrice]
[ADMIN] [10/1/2016 00:48] [PENJUALAN] CASHIER FORM : cashierDataGridView_CellValueChanged [disc1]
[ADMIN] [10/1/2016 00:48] [PENJUALAN] CASHIER FORM : TextBox_TextChanged, previousInput []
[ADMIN] [10/1/2016 00:48] [PENJUALAN] CASHIER FORM : TextBox_TextChanged, dataGridViewTextBoxEditingControl.Text pass REGEX Checking
[ADMIN] [10/1/2016 00:48] [PENJUALAN] CASHIER FORM : CALCULATE SUBTOTAL
[ADMIN] [10/1/2016 00:48] [PENJUALAN] CASHIER FORM : SUBTOTAL [0]
[ADMIN] [10/1/2016 00:48] [PENJUALAN] CASHIER FORM : TextBox_TextChanged, subtotal value [0]
[ADMIN] [10/1/2016 00:48] [PENJUALAN] CASHIER FORM : TextBox_TextChanged, attempt to calculate total value
[ADMIN] [10/1/2016 00:48] [PENJUALAN] CASHIER FORM : calculateTotal
[ADMIN] [10/1/2016 00:48] [PENJUALAN] CASHIER FORM : calculateTotal [0]
[ADMIN] [10/1/2016 00:48] [PENJUALAN] CASHIER FORM : calculateTotal, totalAfterDisc [0]
[ADMIN] [10/1/2016 00:48] [PENJUALAN] CASHIER FORM : cashierDataGridView_CellValueChanged [qty]
[ADMIN] [10/1/2016 00:48] [PENJUALAN] CASHIER FORM : TextBox_TextChanged, previousInput []
[ADMIN] [10/1/2016 00:48] [PENJUALAN] CASHIER FORM : TextBox_TextChanged, dataGridViewTextBoxEditingControl.Text pass REGEX Checking
[ADMIN] [10/1/2016 00:48] [PENJUALAN] CASHIER FORM : CALCULATE SUBTOTAL
[ADMIN] [10/1/2016 00:48] [PENJUALAN] CASHIER FORM : SUBTOTAL [0]
[ADMIN] [10/1/2016 00:48] [PENJUALAN] CASHIER FORM : TextBox_TextChanged, subtotal value [0]
[ADMIN] [10/1/2016 00:48] [PENJUALAN] CASHIER FORM : TextBox_TextChanged, attempt to calculate total value
[ADMIN] [10/1/2016 00:48] [PENJUALAN] CASHIER FORM : calculateTotal
[ADMIN] [10/1/2016 00:48] [PENJUALAN] CASHIER FORM : calculateTotal [0]
[ADMIN] [10/1/2016 00:48] [PENJUALAN] CASHIER FORM : calculateTotal, totalAfterDisc [0]
[ADMIN] [10/1/2016 00:48] [PENJUALAN] CASHIER FORM : cashierDataGridView_CellValueChanged [disc2]
[ADMIN] [10/1/2016 00:48] [PENJUALAN] CASHIER FORM : TextBox_TextChanged, previousInput []
[ADMIN] [10/1/2016 00:48] [PENJUALAN] CASHIER FORM : TextBox_TextChanged, dataGridViewTextBoxEditingControl.Text pass REGEX Checking
[ADMIN] [10/1/2016 00:48] [PENJUALAN] CASHIER FORM : CALCULATE SUBTOTAL
[ADMIN] [10/1/2016 00:48] [PENJUALAN] CASHIER FORM : SUBTOTAL [0]
[ADMIN] [10/1/2016 00:48] [PENJUALAN] CASHIER FORM : TextBox_TextChanged, subtotal value [0]
[ADMIN] [10/1/2016 00:48] [PENJUALAN] CASHIER FORM : TextBox_TextChanged, attempt to calculate total value
[ADMIN] [10/1/2016 00:48] [PENJUALAN] CASHIER FORM : calculateTotal
[ADMIN] [10/1/2016 00:48] [PENJUALAN] CASHIER FORM : calculateTotal [0]
[ADMIN] [10/1/2016 00:48] [PENJUALAN] CASHIER FORM : calculateTotal, totalAfterDisc [0]
[ADMIN] [10/1/2016 00:48] [PENJUALAN] CASHIER FORM : cashierDataGridView_CellValueChanged [discRP]
[ADMIN] [10/1/2016 00:48] [PENJUALAN] CASHIER FORM : TextBox_TextChanged, previousInput []
[ADMIN] [10/1/2016 00:48] [PENJUALAN] CASHIER FORM : TextBox_TextChanged, dataGridViewTextBoxEditingControl.Text pass REGEX Checking
[ADMIN] [10/1/2016 00:48] [PENJUALAN] CASHIER FORM : CALCULATE SUBTOTAL
[ADMIN] [10/1/2016 00:48] [PENJUALAN] CASHIER FORM : SUBTOTAL [0]
[ADMIN] [10/1/2016 00:48] [PENJUALAN] CASHIER FORM : TextBox_TextChanged, subtotal value [0]
[ADMIN] [10/1/2016 00:48] [PENJUALAN] CASHIER FORM : TextBox_TextChanged, attempt to calculate total value
[ADMIN] [10/1/2016 00:48] [PENJUALAN] CASHIER FORM : calculateTotal
[ADMIN] [10/1/2016 00:48] [PENJUALAN] CASHIER FORM : calculateTotal [0]
[ADMIN] [10/1/2016 00:48] [PENJUALAN] CASHIER FORM : calculateTotal, totalAfterDisc [0]
[ADMIN] [10/1/2016 00:48] [PENJUALAN] CASHIER FORM : cashierDataGridView_CellValueChanged [jumlah]
[ADMIN] [10/1/2016 00:48] [PENJUALAN] CASHIER FORM : cashierDataGridView_CellValueChanged [productID]
[ADMIN] [10/1/2016 00:48] [PENJUALAN] CASHIER FORM : cashierDataGridView_CellValueChanged [productName]
[] [10/1/2016 00:50] [] USER = ADMIN IS ACTIVE
[ADMIN] [10/1/2016 00:50] [] USER ID = 1 LOGIN SUCCESSFULLY
[ADMIN] [10/1/2016 00:50] [] ACTIVATE USER ACCESS RIGHT
[ADMIN] [10/1/2016 00:50] [] DISPLAY ADMIN FORM
[ADMIN] [10/1/2016 00:50] [] adminForm Load
[ADMIN] [10/1/2016 00:50] [PENJUALAN] CASHIER FORM : REGISTER HOTKEY
[ADMIN] [10/1/2016 00:50] [PENJUALAN] CASHIER FORM : loadNoFaktur, noFakturValue [SLO001]
[ADMIN] [10/1/2016 00:50] [PENJUALAN] CASHIER FORM : ADD NEW ROW,  isActive [True]
[ADMIN] [10/1/2016 00:50] [PENJUALAN] CASHIER FORM : ADD NEW ROW,  ROW COUNT [0]
[ADMIN] [10/1/2016 00:50] [PENJUALAN] CASHIER FORM : ADD NEW ROW,  ALLOW TO ADD [True]
[ADMIN] [10/1/2016 00:50] [PENJUALAN] CASHIER FORM : cashierDataGridView_CellValueChanged [F8]
[ADMIN] [10/1/2016 00:50] [PENJUALAN] CASHIER FORM : cashierDataGridView_CellValueChanged [hpp]
[ADMIN] [10/1/2016 00:50] [PENJUALAN] CASHIER FORM : TextBox_TextChanged, previousInput []
[ADMIN] [10/1/2016 00:50] [PENJUALAN] CASHIER FORM : TextBox_TextChanged, dataGridViewTextBoxEditingControl.Text pass REGEX Checking
[ADMIN] [10/1/2016 00:50] [PENJUALAN] CASHIER FORM : CALCULATE SUBTOTAL
[ADMIN] [10/1/2016 00:50] [PENJUALAN] CASHIER FORM : SUBTOTAL [0]
[ADMIN] [10/1/2016 00:50] [PENJUALAN] CASHIER FORM : TextBox_TextChanged, subtotal value [0]
[ADMIN] [10/1/2016 00:50] [PENJUALAN] CASHIER FORM : cashierDataGridView_CellValueChanged [jumlah]
[ADMIN] [10/1/2016 00:50] [PENJUALAN] CASHIER FORM : TextBox_TextChanged, attempt to calculate total value
[ADMIN] [10/1/2016 00:50] [PENJUALAN] CASHIER FORM : calculateTotal
[ADMIN] [10/1/2016 00:50] [PENJUALAN] CASHIER FORM : calculateTotal [0]
[ADMIN] [10/1/2016 00:50] [PENJUALAN] CASHIER FORM : calculateTotal, totalAfterDisc [0]
[ADMIN] [10/1/2016 00:50] [PENJUALAN] CASHIER FORM : cashierDataGridView_CellValueChanged [productPrice]
[ADMIN] [10/1/2016 00:50] [PENJUALAN] CASHIER FORM : cashierDataGridView_CellValueChanged [disc1]
[ADMIN] [10/1/2016 00:50] [PENJUALAN] CASHIER FORM : TextBox_TextChanged, previousInput []
[ADMIN] [10/1/2016 00:50] [PENJUALAN] CASHIER FORM : TextBox_TextChanged, dataGridViewTextBoxEditingControl.Text pass REGEX Checking
[ADMIN] [10/1/2016 00:50] [PENJUALAN] CASHIER FORM : CALCULATE SUBTOTAL
[ADMIN] [10/1/2016 00:50] [PENJUALAN] CASHIER FORM : SUBTOTAL [0]
[ADMIN] [10/1/2016 00:50] [PENJUALAN] CASHIER FORM : TextBox_TextChanged, subtotal value [0]
[ADMIN] [10/1/2016 00:50] [PENJUALAN] CASHIER FORM : TextBox_TextChanged, attempt to calculate total value
[ADMIN] [10/1/2016 00:50] [PENJUALAN] CASHIER FORM : calculateTotal
[ADMIN] [10/1/2016 00:50] [PENJUALAN] CASHIER FORM : calculateTotal [0]
[ADMIN] [10/1/2016 00:50] [PENJUALAN] CASHIER FORM : calculateTotal, totalAfterDisc [0]
[ADMIN] [10/1/2016 00:50] [PENJUALAN] CASHIER FORM : cashierDataGridView_CellValueChanged [qty]
[ADMIN] [10/1/2016 00:50] [PENJUALAN] CASHIER FORM : TextBox_TextChanged, previousInput []
[ADMIN] [10/1/2016 00:50] [PENJUALAN] CASHIER FORM : TextBox_TextChanged, dataGridViewTextBoxEditingControl.Text pass REGEX Checking
[ADMIN] [10/1/2016 00:50] [PENJUALAN] CASHIER FORM : CALCULATE SUBTOTAL
[ADMIN] [10/1/2016 00:50] [PENJUALAN] CASHIER FORM : SUBTOTAL [0]
[ADMIN] [10/1/2016 00:50] [PENJUALAN] CASHIER FORM : TextBox_TextChanged, subtotal value [0]
[ADMIN] [10/1/2016 00:50] [PENJUALAN] CASHIER FORM : TextBox_TextChanged, attempt to calculate total value
[ADMIN] [10/1/2016 00:50] [PENJUALAN] CASHIER FORM : calculateTotal
[ADMIN] [10/1/2016 00:50] [PENJUALAN] CASHIER FORM : calculateTotal [0]
[ADMIN] [10/1/2016 00:50] [PENJUALAN] CASHIER FORM : calculateTotal, totalAfterDisc [0]
[ADMIN] [10/1/2016 00:50] [PENJUALAN] CASHIER FORM : cashierDataGridView_CellValueChanged [disc2]
[ADMIN] [10/1/2016 00:50] [PENJUALAN] CASHIER FORM : TextBox_TextChanged, previousInput []
[ADMIN] [10/1/2016 00:50] [PENJUALAN] CASHIER FORM : TextBox_TextChanged, dataGridViewTextBoxEditingControl.Text pass REGEX Checking
[ADMIN] [10/1/2016 00:50] [PENJUALAN] CASHIER FORM : CALCULATE SUBTOTAL
[ADMIN] [10/1/2016 00:50] [PENJUALAN] CASHIER FORM : SUBTOTAL [0]
[ADMIN] [10/1/2016 00:50] [PENJUALAN] CASHIER FORM : TextBox_TextChanged, subtotal value [0]
[ADMIN] [10/1/2016 00:50] [PENJUALAN] CASHIER FORM : TextBox_TextChanged, attempt to calculate total value
[ADMIN] [10/1/2016 00:50] [PENJUALAN] CASHIER FORM : calculateTotal
[ADMIN] [10/1/2016 00:50] [PENJUALAN] CASHIER FORM : calculateTotal [0]
[ADMIN] [10/1/2016 00:50] [PENJUALAN] CASHIER FORM : calculateTotal, totalAfterDisc [0]
[ADMIN] [10/1/2016 00:50] [PENJUALAN] CASHIER FORM : cashierDataGridView_CellValueChanged [discRP]
[ADMIN] [10/1/2016 00:50] [PENJUALAN] CASHIER FORM : TextBox_TextChanged, previousInput []
[ADMIN] [10/1/2016 00:50] [PENJUALAN] CASHIER FORM : TextBox_TextChanged, dataGridViewTextBoxEditingControl.Text pass REGEX Checking
[ADMIN] [10/1/2016 00:50] [PENJUALAN] CASHIER FORM : CALCULATE SUBTOTAL
[ADMIN] [10/1/2016 00:50] [PENJUALAN] CASHIER FORM : SUBTOTAL [0]
[ADMIN] [10/1/2016 00:50] [PENJUALAN] CASHIER FORM : TextBox_TextChanged, subtotal value [0]
[ADMIN] [10/1/2016 00:50] [PENJUALAN] CASHIER FORM : TextBox_TextChanged, attempt to calculate total value
[ADMIN] [10/1/2016 00:50] [PENJUALAN] CASHIER FORM : calculateTotal
[ADMIN] [10/1/2016 00:50] [PENJUALAN] CASHIER FORM : calculateTotal [0]
[ADMIN] [10/1/2016 00:50] [PENJUALAN] CASHIER FORM : calculateTotal, totalAfterDisc [0]
[ADMIN] [10/1/2016 00:50] [PENJUALAN] CASHIER FORM : cashierDataGridView_CellValueChanged [jumlah]
[ADMIN] [10/1/2016 00:50] [PENJUALAN] CASHIER FORM : cashierDataGridView_CellValueChanged [productID]
[ADMIN] [10/1/2016 00:50] [PENJUALAN] CASHIER FORM : cashierDataGridView_CellValueChanged [productName]
[] [10/1/2016 00:52] [] USER = ADMIN IS ACTIVE
[ADMIN] [10/1/2016 00:52] [] USER ID = 1 LOGIN SUCCESSFULLY
[ADMIN] [10/1/2016 00:52] [] ACTIVATE USER ACCESS RIGHT
[ADMIN] [10/1/2016 00:52] [] DISPLAY ADMIN FORM
[ADMIN] [10/1/2016 00:52] [] adminForm Load
[ADMIN] [10/1/2016 00:52] [PENJUALAN] CASHIER FORM : REGISTER HOTKEY
[ADMIN] [10/1/2016 00:52] [PENJUALAN] CASHIER FORM : loadNoFaktur, noFakturValue [SLO001]
[] [10/1/2016 00:53] [] USER = ADMIN IS ACTIVE
[ADMIN] [10/1/2016 00:53] [] USER ID = 1 LOGIN SUCCESSFULLY
[ADMIN] [10/1/2016 00:53] [] ACTIVATE USER ACCESS RIGHT
[ADMIN] [10/1/2016 00:53] [] DISPLAY ADMIN FORM
[ADMIN] [10/1/2016 00:53] [] adminForm Load
[ADMIN] [10/1/2016 00:53] [PENJUALAN] CASHIER FORM : REGISTER HOTKEY
[ADMIN] [10/1/2016 00:53] [PENJUALAN] CASHIER FORM : loadNoFaktur, noFakturValue [SLO001]
[ADMIN] [10/1/2016 00:53] [PENJUALAN] CASHIER FORM : ADD NEW ROW,  isActive [True]
[ADMIN] [10/1/2016 00:53] [PENJUALAN] CASHIER FORM : ADD NEW ROW,  ROW COUNT [0]
[ADMIN] [10/1/2016 00:53] [PENJUALAN] CASHIER FORM : ADD NEW ROW,  ALLOW TO ADD [True]
[ADMIN] [10/1/2016 00:53] [PENJUALAN] CASHIER FORM : cashierDataGridView_CellValueChanged [F8]
[ADMIN] [10/1/2016 00:53] [PENJUALAN] CASHIER FORM : cashierDataGridView_CellValueChanged [hpp]
[ADMIN] [10/1/2016 00:53] [PENJUALAN] CASHIER FORM : TextBox_TextChanged, previousInput []
[ADMIN] [10/1/2016 00:53] [PENJUALAN] CASHIER FORM : TextBox_TextChanged, dataGridViewTextBoxEditingControl.Text pass REGEX Checking
[ADMIN] [10/1/2016 00:53] [PENJUALAN] CASHIER FORM : CALCULATE SUBTOTAL
[ADMIN] [10/1/2016 00:53] [PENJUALAN] CASHIER FORM : SUBTOTAL [0]
[ADMIN] [10/1/2016 00:53] [PENJUALAN] CASHIER FORM : TextBox_TextChanged, subtotal value [0]
[ADMIN] [10/1/2016 00:53] [PENJUALAN] CASHIER FORM : cashierDataGridView_CellValueChanged [jumlah]
[ADMIN] [10/1/2016 00:53] [PENJUALAN] CASHIER FORM : TextBox_TextChanged, attempt to calculate total value
[ADMIN] [10/1/2016 00:53] [PENJUALAN] CASHIER FORM : calculateTotal
[ADMIN] [10/1/2016 00:53] [PENJUALAN] CASHIER FORM : calculateTotal [0]
[ADMIN] [10/1/2016 00:53] [PENJUALAN] CASHIER FORM : calculateTotal, totalAfterDisc [0]
[ADMIN] [10/1/2016 00:53] [PENJUALAN] CASHIER FORM : cashierDataGridView_CellValueChanged [productPrice]
[ADMIN] [10/1/2016 00:53] [PENJUALAN] CASHIER FORM : cashierDataGridView_CellValueChanged [disc1]
[ADMIN] [10/1/2016 00:53] [PENJUALAN] CASHIER FORM : TextBox_TextChanged, previousInput []
[ADMIN] [10/1/2016 00:53] [PENJUALAN] CASHIER FORM : TextBox_TextChanged, dataGridViewTextBoxEditingControl.Text pass REGEX Checking
[ADMIN] [10/1/2016 00:53] [PENJUALAN] CASHIER FORM : CALCULATE SUBTOTAL
[ADMIN] [10/1/2016 00:53] [PENJUALAN] CASHIER FORM : SUBTOTAL [0]
[ADMIN] [10/1/2016 00:53] [PENJUALAN] CASHIER FORM : TextBox_TextChanged, subtotal value [0]
[ADMIN] [10/1/2016 00:53] [PENJUALAN] CASHIER FORM : TextBox_TextChanged, attempt to calculate total value
[ADMIN] [10/1/2016 00:53] [PENJUALAN] CASHIER FORM : calculateTotal
[ADMIN] [10/1/2016 00:53] [PENJUALAN] CASHIER FORM : calculateTotal [0]
[ADMIN] [10/1/2016 00:53] [PENJUALAN] CASHIER FORM : calculateTotal, totalAfterDisc [0]
[ADMIN] [10/1/2016 00:53] [PENJUALAN] CASHIER FORM : cashierDataGridView_CellValueChanged [qty]
[ADMIN] [10/1/2016 00:53] [PENJUALAN] CASHIER FORM : TextBox_TextChanged, previousInput []
[ADMIN] [10/1/2016 00:53] [PENJUALAN] CASHIER FORM : TextBox_TextChanged, dataGridViewTextBoxEditingControl.Text pass REGEX Checking
[ADMIN] [10/1/2016 00:53] [PENJUALAN] CASHIER FORM : CALCULATE SUBTOTAL
[ADMIN] [10/1/2016 00:53] [PENJUALAN] CASHIER FORM : SUBTOTAL [0]
[ADMIN] [10/1/2016 00:53] [PENJUALAN] CASHIER FORM : TextBox_TextChanged, subtotal value [0]
[ADMIN] [10/1/2016 00:53] [PENJUALAN] CASHIER FORM : TextBox_TextChanged, attempt to calculate total value
[ADMIN] [10/1/2016 00:53] [PENJUALAN] CASHIER FORM : calculateTotal
[ADMIN] [10/1/2016 00:53] [PENJUALAN] CASHIER FORM : calculateTotal [0]
[ADMIN] [10/1/2016 00:53] [PENJUALAN] CASHIER FORM : calculateTotal, totalAfterDisc [0]
[ADMIN] [10/1/2016 00:53] [PENJUALAN] CASHIER FORM : cashierDataGridView_CellValueChanged [disc2]
[ADMIN] [10/1/2016 00:53] [PENJUALAN] CASHIER FORM : TextBox_TextChanged, previousInput []
[ADMIN] [10/1/2016 00:53] [PENJUALAN] CASHIER FORM : TextBox_TextChanged, dataGridViewTextBoxEditingControl.Text pass REGEX Checking
[ADMIN] [10/1/2016 00:53] [PENJUALAN] CASHIER FORM : CALCULATE SUBTOTAL
[ADMIN] [10/1/2016 00:53] [PENJUALAN] CASHIER FORM : SUBTOTAL [0]
[ADMIN] [10/1/2016 00:53] [PENJUALAN] CASHIER FORM : TextBox_TextChanged, subtotal value [0]
[ADMIN] [10/1/2016 00:53] [PENJUALAN] CASHIER FORM : TextBox_TextChanged, attempt to calculate total value
[ADMIN] [10/1/2016 00:53] [PENJUALAN] CASHIER FORM : calculateTotal
[ADMIN] [10/1/2016 00:53] [PENJUALAN] CASHIER FORM : calculateTotal [0]
[ADMIN] [10/1/2016 00:53] [PENJUALAN] CASHIER FORM : calculateTotal, totalAfterDisc [0]
[ADMIN] [10/1/2016 00:53] [PENJUALAN] CASHIER FORM : cashierDataGridView_CellValueChanged [discRP]
[ADMIN] [10/1/2016 00:53] [PENJUALAN] CASHIER FORM : TextBox_TextChanged, previousInput []
[ADMIN] [10/1/2016 00:53] [PENJUALAN] CASHIER FORM : TextBox_TextChanged, dataGridViewTextBoxEditingControl.Text pass REGEX Checking
[ADMIN] [10/1/2016 00:53] [PENJUALAN] CASHIER FORM : CALCULATE SUBTOTAL
[ADMIN] [10/1/2016 00:53] [PENJUALAN] CASHIER FORM : SUBTOTAL [0]
[ADMIN] [10/1/2016 00:53] [PENJUALAN] CASHIER FORM : TextBox_TextChanged, subtotal value [0]
[ADMIN] [10/1/2016 00:53] [PENJUALAN] CASHIER FORM : TextBox_TextChanged, attempt to calculate total value
[ADMIN] [10/1/2016 00:53] [PENJUALAN] CASHIER FORM : calculateTotal
[ADMIN] [10/1/2016 00:53] [PENJUALAN] CASHIER FORM : calculateTotal [0]
[ADMIN] [10/1/2016 00:53] [PENJUALAN] CASHIER FORM : calculateTotal, totalAfterDisc [0]
[ADMIN] [10/1/2016 00:53] [PENJUALAN] CASHIER FORM : cashierDataGridView_CellValueChanged [jumlah]
[ADMIN] [10/1/2016 00:53] [PENJUALAN] CASHIER FORM : cashierDataGridView_CellValueChanged [productID]
[ADMIN] [10/1/2016 00:53] [PENJUALAN] CASHIER FORM : cashierDataGridView_CellValueChanged [productName]
[] [10/1/2016 00:54] [] USER = ADMIN IS ACTIVE
[ADMIN] [10/1/2016 00:54] [] USER ID = 1 LOGIN SUCCESSFULLY
[ADMIN] [10/1/2016 00:54] [] ACTIVATE USER ACCESS RIGHT
[ADMIN] [10/1/2016 00:54] [] DISPLAY ADMIN FORM
[ADMIN] [10/1/2016 00:54] [] adminForm Load
[ADMIN] [10/1/2016 00:55] [PENJUALAN] CASHIER FORM : REGISTER HOTKEY
[ADMIN] [10/1/2016 00:55] [PENJUALAN] CASHIER FORM : loadNoFaktur, noFakturValue [SLO001]
[ADMIN] [10/1/2016 00:55] [PENJUALAN] CASHIER FORM : ADD NEW ROW,  isActive [True]
[ADMIN] [10/1/2016 00:55] [PENJUALAN] CASHIER FORM : ADD NEW ROW,  ROW COUNT [0]
[ADMIN] [10/1/2016 00:55] [PENJUALAN] CASHIER FORM : ADD NEW ROW,  ALLOW TO ADD [True]
[ADMIN] [10/1/2016 00:55] [PENJUALAN] CASHIER FORM : cashierDataGridView_CellValueChanged [F8]
[ADMIN] [10/1/2016 00:55] [PENJUALAN] CASHIER FORM : cashierDataGridView_CellValueChanged [hpp]
[ADMIN] [10/1/2016 00:55] [PENJUALAN] CASHIER FORM : TextBox_TextChanged, previousInput []
[ADMIN] [10/1/2016 00:55] [PENJUALAN] CASHIER FORM : TextBox_TextChanged, dataGridViewTextBoxEditingControl.Text pass REGEX Checking
[ADMIN] [10/1/2016 00:55] [PENJUALAN] CASHIER FORM : CALCULATE SUBTOTAL
[ADMIN] [10/1/2016 00:55] [PENJUALAN] CASHIER FORM : SUBTOTAL [0]
[ADMIN] [10/1/2016 00:55] [PENJUALAN] CASHIER FORM : TextBox_TextChanged, subtotal value [0]
[ADMIN] [10/1/2016 00:55] [PENJUALAN] CASHIER FORM : cashierDataGridView_CellValueChanged [jumlah]
[ADMIN] [10/1/2016 00:55] [PENJUALAN] CASHIER FORM : TextBox_TextChanged, attempt to calculate total value
[ADMIN] [10/1/2016 00:55] [PENJUALAN] CASHIER FORM : calculateTotal
[ADMIN] [10/1/2016 00:55] [PENJUALAN] CASHIER FORM : calculateTotal [0]
[ADMIN] [10/1/2016 00:55] [PENJUALAN] CASHIER FORM : calculateTotal, totalAfterDisc [0]
[ADMIN] [10/1/2016 00:55] [PENJUALAN] CASHIER FORM : cashierDataGridView_CellValueChanged [productPrice]
[ADMIN] [10/1/2016 00:55] [PENJUALAN] CASHIER FORM : cashierDataGridView_CellValueChanged [disc1]
[ADMIN] [10/1/2016 00:55] [PENJUALAN] CASHIER FORM : TextBox_TextChanged, previousInput []
[ADMIN] [10/1/2016 00:55] [PENJUALAN] CASHIER FORM : TextBox_TextChanged, dataGridViewTextBoxEditingControl.Text pass REGEX Checking
[ADMIN] [10/1/2016 00:55] [PENJUALAN] CASHIER FORM : CALCULATE SUBTOTAL
[ADMIN] [10/1/2016 00:55] [PENJUALAN] CASHIER FORM : SUBTOTAL [0]
[ADMIN] [10/1/2016 00:55] [PENJUALAN] CASHIER FORM : TextBox_TextChanged, subtotal value [0]
[ADMIN] [10/1/2016 00:55] [PENJUALAN] CASHIER FORM : TextBox_TextChanged, attempt to calculate total value
[ADMIN] [10/1/2016 00:55] [PENJUALAN] CASHIER FORM : calculateTotal
[ADMIN] [10/1/2016 00:55] [PENJUALAN] CASHIER FORM : calculateTotal [0]
[ADMIN] [10/1/2016 00:55] [PENJUALAN] CASHIER FORM : calculateTotal, totalAfterDisc [0]
[ADMIN] [10/1/2016 00:55] [PENJUALAN] CASHIER FORM : cashierDataGridView_CellValueChanged [qty]
[ADMIN] [10/1/2016 00:55] [PENJUALAN] CASHIER FORM : TextBox_TextChanged, previousInput []
[ADMIN] [10/1/2016 00:55] [PENJUALAN] CASHIER FORM : TextBox_TextChanged, dataGridViewTextBoxEditingControl.Text pass REGEX Checking
[ADMIN] [10/1/2016 00:55] [PENJUALAN] CASHIER FORM : CALCULATE SUBTOTAL
[ADMIN] [10/1/2016 00:55] [PENJUALAN] CASHIER FORM : SUBTOTAL [0]
[ADMIN] [10/1/2016 00:55] [PENJUALAN] CASHIER FORM : TextBox_TextChanged, subtotal value [0]
[ADMIN] [10/1/2016 00:55] [PENJUALAN] CASHIER FORM : TextBox_TextChanged, attempt to calculate total value
[ADMIN] [10/1/2016 00:55] [PENJUALAN] CASHIER FORM : calculateTotal
[ADMIN] [10/1/2016 00:55] [PENJUALAN] CASHIER FORM : calculateTotal [0]
[ADMIN] [10/1/2016 00:55] [PENJUALAN] CASHIER FORM : calculateTotal, totalAfterDisc [0]
[ADMIN] [10/1/2016 00:55] [PENJUALAN] CASHIER FORM : cashierDataGridView_CellValueChanged [disc2]
[ADMIN] [10/1/2016 00:55] [PENJUALAN] CASHIER FORM : TextBox_TextChanged, previousInput []
[ADMIN] [10/1/2016 00:55] [PENJUALAN] CASHIER FORM : TextBox_TextChanged, dataGridViewTextBoxEditingControl.Text pass REGEX Checking
[ADMIN] [10/1/2016 00:55] [PENJUALAN] CASHIER FORM : CALCULATE SUBTOTAL
[ADMIN] [10/1/2016 00:55] [PENJUALAN] CASHIER FORM : SUBTOTAL [0]
[ADMIN] [10/1/2016 00:55] [PENJUALAN] CASHIER FORM : TextBox_TextChanged, subtotal value [0]
[ADMIN] [10/1/2016 00:55] [PENJUALAN] CASHIER FORM : TextBox_TextChanged, attempt to calculate total value
[ADMIN] [10/1/2016 00:55] [PENJUALAN] CASHIER FORM : calculateTotal
[ADMIN] [10/1/2016 00:55] [PENJUALAN] CASHIER FORM : calculateTotal [0]
[ADMIN] [10/1/2016 00:55] [PENJUALAN] CASHIER FORM : calculateTotal, totalAfterDisc [0]
[ADMIN] [10/1/2016 00:55] [PENJUALAN] CASHIER FORM : cashierDataGridView_CellValueChanged [discRP]
[ADMIN] [10/1/2016 00:55] [PENJUALAN] CASHIER FORM : TextBox_TextChanged, previousInput []
[ADMIN] [10/1/2016 00:55] [PENJUALAN] CASHIER FORM : TextBox_TextChanged, dataGridViewTextBoxEditingControl.Text pass REGEX Checking
[ADMIN] [10/1/2016 00:55] [PENJUALAN] CASHIER FORM : CALCULATE SUBTOTAL
[ADMIN] [10/1/2016 00:55] [PENJUALAN] CASHIER FORM : SUBTOTAL [0]
[ADMIN] [10/1/2016 00:55] [PENJUALAN] CASHIER FORM : TextBox_TextChanged, subtotal value [0]
[ADMIN] [10/1/2016 00:55] [PENJUALAN] CASHIER FORM : TextBox_TextChanged, attempt to calculate total value
[ADMIN] [10/1/2016 00:55] [PENJUALAN] CASHIER FORM : calculateTotal
[ADMIN] [10/1/2016 00:55] [PENJUALAN] CASHIER FORM : calculateTotal [0]
[ADMIN] [10/1/2016 00:55] [PENJUALAN] CASHIER FORM : calculateTotal, totalAfterDisc [0]
[ADMIN] [10/1/2016 00:55] [PENJUALAN] CASHIER FORM : cashierDataGridView_CellValueChanged [jumlah]
[ADMIN] [10/1/2016 00:55] [PENJUALAN] CASHIER FORM : cashierDataGridView_CellValueChanged [productID]
[ADMIN] [10/1/2016 00:55] [PENJUALAN] CASHIER FORM : cashierDataGridView_CellValueChanged [productName]
[] [10/1/2016 00:57] [] USER = ADMIN IS ACTIVE
[ADMIN] [10/1/2016 00:57] [] USER ID = 1 LOGIN SUCCESSFULLY
[ADMIN] [10/1/2016 00:57] [] ACTIVATE USER ACCESS RIGHT
[ADMIN] [10/1/2016 00:57] [] DISPLAY ADMIN FORM
[ADMIN] [10/1/2016 00:57] [] adminForm Load
[ADMIN] [10/1/2016 00:58] [PENJUALAN] CASHIER FORM : REGISTER HOTKEY
[ADMIN] [10/1/2016 00:58] [PENJUALAN] CASHIER FORM : loadNoFaktur, noFakturValue [SLO001]
[ADMIN] [10/1/2016 00:58] [PENJUALAN] CASHIER FORM : ADD NEW ROW,  isActive [True]
[ADMIN] [10/1/2016 00:58] [PENJUALAN] CASHIER FORM : ADD NEW ROW,  ROW COUNT [0]
[ADMIN] [10/1/2016 00:58] [PENJUALAN] CASHIER FORM : ADD NEW ROW,  ALLOW TO ADD [True]
[ADMIN] [10/1/2016 00:58] [PENJUALAN] CASHIER FORM : cashierDataGridView_CellValueChanged [F8]
[ADMIN] [10/1/2016 00:58] [PENJUALAN] CASHIER FORM : cashierDataGridView_CellValueChanged [hpp]
[ADMIN] [10/1/2016 00:58] [PENJUALAN] CASHIER FORM : TextBox_TextChanged, previousInput []
[ADMIN] [10/1/2016 00:58] [PENJUALAN] CASHIER FORM : TextBox_TextChanged, dataGridViewTextBoxEditingControl.Text pass REGEX Checking
[ADMIN] [10/1/2016 00:58] [PENJUALAN] CASHIER FORM : CALCULATE SUBTOTAL
[ADMIN] [10/1/2016 00:58] [PENJUALAN] CASHIER FORM : SUBTOTAL [0]
[ADMIN] [10/1/2016 00:58] [PENJUALAN] CASHIER FORM : TextBox_TextChanged, subtotal value [0]
[ADMIN] [10/1/2016 00:58] [PENJUALAN] CASHIER FORM : cashierDataGridView_CellValueChanged [jumlah]
[ADMIN] [10/1/2016 00:58] [PENJUALAN] CASHIER FORM : TextBox_TextChanged, attempt to calculate total value
[ADMIN] [10/1/2016 00:58] [PENJUALAN] CASHIER FORM : calculateTotal
[ADMIN] [10/1/2016 00:58] [PENJUALAN] CASHIER FORM : calculateTotal [0]
[ADMIN] [10/1/2016 00:58] [PENJUALAN] CASHIER FORM : calculateTotal, totalAfterDisc [0]
[ADMIN] [10/1/2016 00:58] [PENJUALAN] CASHIER FORM : cashierDataGridView_CellValueChanged [productPrice]
[ADMIN] [10/1/2016 00:58] [PENJUALAN] CASHIER FORM : cashierDataGridView_CellValueChanged [disc1]
[ADMIN] [10/1/2016 00:58] [PENJUALAN] CASHIER FORM : TextBox_TextChanged, previousInput []
[ADMIN] [10/1/2016 00:58] [PENJUALAN] CASHIER FORM : TextBox_TextChanged, dataGridViewTextBoxEditingControl.Text pass REGEX Checking
[ADMIN] [10/1/2016 00:58] [PENJUALAN] CASHIER FORM : CALCULATE SUBTOTAL
[ADMIN] [10/1/2016 00:58] [PENJUALAN] CASHIER FORM : SUBTOTAL [0]
[ADMIN] [10/1/2016 00:58] [PENJUALAN] CASHIER FORM : TextBox_TextChanged, subtotal value [0]
[ADMIN] [10/1/2016 00:58] [PENJUALAN] CASHIER FORM : TextBox_TextChanged, attempt to calculate total value
[ADMIN] [10/1/2016 00:58] [PENJUALAN] CASHIER FORM : calculateTotal
[ADMIN] [10/1/2016 00:58] [PENJUALAN] CASHIER FORM : calculateTotal [0]
[ADMIN] [10/1/2016 00:58] [PENJUALAN] CASHIER FORM : calculateTotal, totalAfterDisc [0]
[ADMIN] [10/1/2016 00:58] [PENJUALAN] CASHIER FORM : cashierDataGridView_CellValueChanged [qty]
[ADMIN] [10/1/2016 00:58] [PENJUALAN] CASHIER FORM : TextBox_TextChanged, previousInput []
[ADMIN] [10/1/2016 00:58] [PENJUALAN] CASHIER FORM : TextBox_TextChanged, dataGridViewTextBoxEditingControl.Text pass REGEX Checking
[ADMIN] [10/1/2016 00:58] [PENJUALAN] CASHIER FORM : CALCULATE SUBTOTAL
[ADMIN] [10/1/2016 00:58] [PENJUALAN] CASHIER FORM : SUBTOTAL [0]
[ADMIN] [10/1/2016 00:58] [PENJUALAN] CASHIER FORM : TextBox_TextChanged, subtotal value [0]
[ADMIN] [10/1/2016 00:58] [PENJUALAN] CASHIER FORM : TextBox_TextChanged, attempt to calculate total value
[ADMIN] [10/1/2016 00:58] [PENJUALAN] CASHIER FORM : calculateTotal
[ADMIN] [10/1/2016 00:58] [PENJUALAN] CASHIER FORM : calculateTotal [0]
[ADMIN] [10/1/2016 00:58] [PENJUALAN] CASHIER FORM : calculateTotal, totalAfterDisc [0]
[ADMIN] [10/1/2016 00:58] [PENJUALAN] CASHIER FORM : cashierDataGridView_CellValueChanged [disc2]
[ADMIN] [10/1/2016 00:58] [PENJUALAN] CASHIER FORM : TextBox_TextChanged, previousInput []
[ADMIN] [10/1/2016 00:58] [PENJUALAN] CASHIER FORM : TextBox_TextChanged, dataGridViewTextBoxEditingControl.Text pass REGEX Checking
[ADMIN] [10/1/2016 00:58] [PENJUALAN] CASHIER FORM : CALCULATE SUBTOTAL
[ADMIN] [10/1/2016 00:58] [PENJUALAN] CASHIER FORM : SUBTOTAL [0]
[ADMIN] [10/1/2016 00:58] [PENJUALAN] CASHIER FORM : TextBox_TextChanged, subtotal value [0]
[ADMIN] [10/1/2016 00:58] [PENJUALAN] CASHIER FORM : TextBox_TextChanged, attempt to calculate total value
[ADMIN] [10/1/2016 00:58] [PENJUALAN] CASHIER FORM : calculateTotal
[ADMIN] [10/1/2016 00:58] [PENJUALAN] CASHIER FORM : calculateTotal [0]
[ADMIN] [10/1/2016 00:58] [PENJUALAN] CASHIER FORM : calculateTotal, totalAfterDisc [0]
[ADMIN] [10/1/2016 00:58] [PENJUALAN] CASHIER FORM : cashierDataGridView_CellValueChanged [discRP]
[ADMIN] [10/1/2016 00:58] [PENJUALAN] CASHIER FORM : TextBox_TextChanged, previousInput []
[ADMIN] [10/1/2016 00:58] [PENJUALAN] CASHIER FORM : TextBox_TextChanged, dataGridViewTextBoxEditingControl.Text pass REGEX Checking
[ADMIN] [10/1/2016 00:58] [PENJUALAN] CASHIER FORM : CALCULATE SUBTOTAL
[ADMIN] [10/1/2016 00:58] [PENJUALAN] CASHIER FORM : SUBTOTAL [0]
[ADMIN] [10/1/2016 00:58] [PENJUALAN] CASHIER FORM : TextBox_TextChanged, subtotal value [0]
[ADMIN] [10/1/2016 00:58] [PENJUALAN] CASHIER FORM : TextBox_TextChanged, attempt to calculate total value
[ADMIN] [10/1/2016 00:58] [PENJUALAN] CASHIER FORM : calculateTotal
[ADMIN] [10/1/2016 00:58] [PENJUALAN] CASHIER FORM : calculateTotal [0]
[ADMIN] [10/1/2016 00:58] [PENJUALAN] CASHIER FORM : calculateTotal, totalAfterDisc [0]
[ADMIN] [10/1/2016 00:58] [PENJUALAN] CASHIER FORM : cashierDataGridView_CellValueChanged [jumlah]
[ADMIN] [10/1/2016 00:58] [PENJUALAN] CASHIER FORM : cashierDataGridView_CellValueChanged [productID]
[ADMIN] [10/1/2016 00:58] [PENJUALAN] CASHIER FORM : cashierDataGridView_CellValueChanged [productName]
[] [10/1/2016 01:01] [] USER = ADMIN IS ACTIVE
[ADMIN] [10/1/2016 01:01] [] USER ID = 1 LOGIN SUCCESSFULLY
[ADMIN] [10/1/2016 01:02] [] ACTIVATE USER ACCESS RIGHT
[ADMIN] [10/1/2016 01:02] [] DISPLAY ADMIN FORM
[ADMIN] [10/1/2016 01:02] [] adminForm Load
[ADMIN] [10/1/2016 01:02] [PENJUALAN] CASHIER FORM : REGISTER HOTKEY
[ADMIN] [10/1/2016 01:02] [PENJUALAN] CASHIER FORM : loadNoFaktur, noFakturValue [SLO001]
[ADMIN] [10/1/2016 01:02] [PENJUALAN] CASHIER FORM : ADD NEW ROW,  isActive [True]
[ADMIN] [10/1/2016 01:02] [PENJUALAN] CASHIER FORM : ADD NEW ROW,  ROW COUNT [0]
[ADMIN] [10/1/2016 01:02] [PENJUALAN] CASHIER FORM : ADD NEW ROW,  ALLOW TO ADD [True]
[ADMIN] [10/1/2016 01:02] [PENJUALAN] CASHIER FORM : REGISTER HOTKEY
[ADMIN] [10/1/2016 01:02] [PENJUALAN] CASHIER FORM : UNREGISTER HOTKEY
[ADMIN] [10/1/2016 01:02] [PENJUALAN] CASHIER FORM : REGISTER HOTKEY
[ADMIN] [10/1/2016 01:02] [PENJUALAN] CASHIER FORM : DISPLAY PELANGGAN FORM
[ADMIN] [10/1/2016 01:02] [PENJUALAN] CASHIER FORM : UNREGISTER HOTKEY
[ADMIN] [10/1/2016 01:02] [PENJUALAN] CASHIER FORM : SELECTED TECHNICIAN ID [1]
[ADMIN] [10/1/2016 01:02] [PENJUALAN] CASHIER FORM : ATTEMPT TO SET CUSTOMER PROFILE
[ADMIN] [10/1/2016 01:02] [PENJUALAN] CASHIER FORM : FINISHED SET CUSTOMER PROFILE
[ADMIN] [10/1/2016 01:02] [PENJUALAN] CASHIER FORM : REGISTER HOTKEY
[ADMIN] [10/1/2016 01:02] [PENJUALAN] CASHIER FORM : ChangePrinterButton_Click, DISPLAY PRINTER SELECTION FORM
[ADMIN] [10/1/2016 01:02] [PENJUALAN] CASHIER FORM : UNREGISTER HOTKEY
[ADMIN] [10/1/2016 01:02] [PENJUALAN] CASHIER FORM : REGISTER HOTKEY
[ADMIN] [10/1/2016 01:02] [PENJUALAN] CASHIER FORM : HOTKEY TO SAVE AND PRINT OUT INVOICE PRESSED
[ADMIN] [10/1/2016 01:02] [PENJUALAN] CASHIER FORM : UNREGISTER HOTKEY
[ADMIN] [10/1/2016 01:02] [PENJUALAN] CASHIER FORM : REGISTER HOTKEY
[ADMIN] [10/1/2016 01:02] [PENJUALAN] ATTEMPT TO SAVE AND PRINT OUT INVOICE
[ADMIN] [10/1/2016 01:02] [PENJUALAN] CASHIER FORM : UNREGISTER HOTKEY
[ADMIN] [10/1/2016 01:02] [PENJUALAN] CASHIER FORM : ATTEMPT TO SAVE SALES DATA [01-10-2016 01:02]
[ADMIN] [10/1/2016 01:02] [PENJUALAN] CASHIER FORM : CASH SALES
[ADMIN] [10/1/2016 01:02] [PENJUALAN] INSERT INTO SURAT TUGAS HEADER [SLO001-8]
[ADMIN] [10/1/2016 01:02] [PENJUALAN] EXCEPTION THROWN [You have an error in your SQL syntax; check the manual that corresponds to your MySQL server version for the right syntax to use near ' 1, 1, STR_TO_DATE('01-10-2016 01:02', '%d-%m-%Y %H:%i'), '22:22', 0)' at line 1]
[ADMIN] [10/1/2016 01:02] [PENJUALAN] CASHIER FORM : REGISTER HOTKEY
[ADMIN] [10/1/2016 01:03] [PENJUALAN] CASHIER FORM : UNREGISTER HOTKEY
[ADMIN] [10/1/2016 01:03] [PENJUALAN] CASHIER FORM : REGISTER HOTKEY
[ADMIN] [10/1/2016 01:03] [PENJUALAN] CASHIER FORM : UNREGISTER HOTKEY
[ADMIN] [10/1/2016 01:03] [PENJUALAN] CASHIER FORM : REGISTER HOTKEY
[ADMIN] [10/1/2016 01:03] [PENJUALAN] CASHIER FORM : HOTKEY TO SAVE AND PRINT OUT INVOICE PRESSED
[ADMIN] [10/1/2016 01:03] [PENJUALAN] CASHIER FORM : UNREGISTER HOTKEY
[ADMIN] [10/1/2016 01:03] [PENJUALAN] CASHIER FORM : REGISTER HOTKEY
[ADMIN] [10/1/2016 01:03] [PENJUALAN] ATTEMPT TO SAVE AND PRINT OUT INVOICE
[ADMIN] [10/1/2016 01:03] [PENJUALAN] CASHIER FORM : UNREGISTER HOTKEY
[ADMIN] [10/1/2016 01:03] [PENJUALAN] CASHIER FORM : ATTEMPT TO SAVE SALES DATA [01-10-2016 01:03]
[ADMIN] [10/1/2016 01:03] [PENJUALAN] CASHIER FORM : CASH SALES
[] [10/1/2016 01:05] [] USER = ADMIN IS ACTIVE
[ADMIN] [10/1/2016 01:05] [] USER ID = 1 LOGIN SUCCESSFULLY
[ADMIN] [10/1/2016 01:05] [] ACTIVATE USER ACCESS RIGHT
[ADMIN] [10/1/2016 01:05] [] DISPLAY ADMIN FORM
[ADMIN] [10/1/2016 01:05] [] adminForm Load
[ADMIN] [10/1/2016 01:05] [PENJUALAN] CASHIER FORM : REGISTER HOTKEY
[ADMIN] [10/1/2016 01:05] [PENJUALAN] CASHIER FORM : loadNoFaktur, noFakturValue [SLO001]
[ADMIN] [10/1/2016 01:05] [PENJUALAN] CASHIER FORM : ADD NEW ROW,  isActive [True]
[ADMIN] [10/1/2016 01:05] [PENJUALAN] CASHIER FORM : ADD NEW ROW,  ROW COUNT [0]
[ADMIN] [10/1/2016 01:05] [PENJUALAN] CASHIER FORM : ADD NEW ROW,  ALLOW TO ADD [True]
[ADMIN] [10/1/2016 01:05] [PENJUALAN] CASHIER FORM : REGISTER HOTKEY
[ADMIN] [10/1/2016 01:05] [PENJUALAN] CASHIER FORM : UNREGISTER HOTKEY
[ADMIN] [10/1/2016 01:05] [PENJUALAN] CASHIER FORM : REGISTER HOTKEY
[ADMIN] [10/1/2016 01:06] [PENJUALAN] CASHIER FORM : DISPLAY PELANGGAN FORM
[ADMIN] [10/1/2016 01:06] [PENJUALAN] CASHIER FORM : UNREGISTER HOTKEY
[ADMIN] [10/1/2016 01:06] [PENJUALAN] CASHIER FORM : SELECTED TECHNICIAN ID [1]
[ADMIN] [10/1/2016 01:06] [PENJUALAN] CASHIER FORM : ATTEMPT TO SET CUSTOMER PROFILE
[ADMIN] [10/1/2016 01:06] [PENJUALAN] CASHIER FORM : FINISHED SET CUSTOMER PROFILE
[ADMIN] [10/1/2016 01:06] [PENJUALAN] CASHIER FORM : REGISTER HOTKEY
[ADMIN] [10/1/2016 01:06] [PENJUALAN] CASHIER FORM : HOTKEY TO SAVE AND PRINT OUT INVOICE PRESSED
[ADMIN] [10/1/2016 01:06] [PENJUALAN] CASHIER FORM : UNREGISTER HOTKEY
[ADMIN] [10/1/2016 01:06] [PENJUALAN] CASHIER FORM : REGISTER HOTKEY
[ADMIN] [10/1/2016 01:06] [PENJUALAN] ATTEMPT TO SAVE AND PRINT OUT INVOICE
[ADMIN] [10/1/2016 01:06] [PENJUALAN] CASHIER FORM : UNREGISTER HOTKEY
[ADMIN] [10/1/2016 01:06] [PENJUALAN] CASHIER FORM : ATTEMPT TO SAVE SALES DATA [01-10-2016 01:06]
[ADMIN] [10/1/2016 01:06] [PENJUALAN] CASHIER FORM : CASH SALES
[ADMIN] [10/1/2016 01:06] [PENJUALAN] INSERT INTO SURAT TUGAS HEADER [SLO001-8]
[ADMIN] [10/1/2016 01:06] [PENJUALAN] CASHIER FORM : NO FAKTUR [SLO001]
[ADMIN] [10/1/2016 01:06] [PENJUALAN] CASHIER FORM : MAX SALES INVOICE [0]
[ADMIN] [10/1/2016 01:06] [PENJUALAN] CASHIER FORM : SALES INVOICE [SLO001-1]
[ADMIN] [10/1/2016 01:06] [PENJUALAN] INSERT INTO SALES HEADER TAX [0]
[ADMIN] [10/1/2016 01:06] [PENJUALAN] INSERT INTO SALES DETAIL TAX [1]
[ADMIN] [10/1/2016 01:06] [PENJUALAN] INSERT INTO SURAT TUGAS DETAIL[1, 2]
[ADMIN] [10/1/2016 01:06] [PENJUALAN] CASHIER FORM : REGISTER HOTKEY
[ADMIN] [10/1/2016 01:06] [PENJUALAN] TRANSACTION SAVED
[ADMIN] [10/1/2016 01:06] [PENJUALAN] PRINT OUT INVOICE
[ADMIN] [10/1/2016 01:06] [PENJUALAN] CASHIER FORM : PrintReceipt
[ADMIN] [10/1/2016 01:06] [PENJUALAN] CASHIER FORM : PrintReceipt, papermode [0]
[ADMIN] [10/1/2016 01:06] [PENJUALAN] CASHIER FORM : UNREGISTER HOTKEY
[ADMIN] [10/1/2016 01:06] [PENJUALAN] CASHIER FORM : REGISTER HOTKEY
[ADMIN] [10/1/2016 01:06] [PENJUALAN] VALIDATE USER CREDIT STATUS
[ADMIN] [10/1/2016 01:06] [PENJUALAN] CASHIER FORM : UNREGISTER HOTKEY
[ADMIN] [10/1/2016 01:06] [PENJUALAN] CASHIER FORM : REGISTER HOTKEY
[ADMIN] [10/1/2016 01:06] [PENJUALAN] CASHIER FORM : UNREGISTER HOTKEY
[ADMIN] [10/1/2016 01:06] [PENJUALAN] CASHIER FORM : UNREGISTER HOTKEY
[ADMIN] [10/1/2016 01:06] [PENJUALAN] CASHIER FORM : REGISTER HOTKEY
[ADMIN] [10/1/2016 01:06] [PENJUALAN] CASHIER FORM : loadNoFaktur, noFakturValue [SLO001]
[] [10/1/2016 01:16] [] USER = ADMIN IS ACTIVE
[ADMIN] [10/1/2016 01:16] [] USER ID = 1 LOGIN SUCCESSFULLY
[ADMIN] [10/1/2016 01:16] [] ACTIVATE USER ACCESS RIGHT
[ADMIN] [10/1/2016 01:16] [] DISPLAY ADMIN FORM
[ADMIN] [10/1/2016 01:16] [] adminForm Load
[ADMIN] [10/1/2016 01:17] [PENJUALAN] CASHIER FORM : REGISTER HOTKEY
[ADMIN] [10/1/2016 01:17] [PENJUALAN] CASHIER FORM : loadNoFaktur, noFakturValue [SLO001]
[ADMIN] [10/1/2016 01:17] [PENJUALAN] CASHIER FORM : ADD NEW ROW,  isActive [True]
[ADMIN] [10/1/2016 01:17] [PENJUALAN] CASHIER FORM : ADD NEW ROW,  ROW COUNT [0]
[ADMIN] [10/1/2016 01:17] [PENJUALAN] CASHIER FORM : ADD NEW ROW,  ALLOW TO ADD [True]
[ADMIN] [10/1/2016 01:17] [PENJUALAN] CASHIER FORM : REGISTER HOTKEY
[ADMIN] [10/1/2016 01:17] [PENJUALAN] CASHIER FORM : UNREGISTER HOTKEY
[ADMIN] [10/1/2016 01:17] [PENJUALAN] CASHIER FORM : UNREGISTER HOTKEY
[ADMIN] [10/1/2016 01:17] [] USER ID = 1LOGOUT
