[] [9/2/2016 00:14] [] USER = ADMIN IS ACTIVE
[ADMIN] [9/2/2016 00:14] [] USER ID = 1 LOGIN SUCCESSFULLY
[ADMIN] [9/2/2016 00:14] [] ACTIVATE USER ACCESS RIGHT
[ADMIN] [9/2/2016 00:14] [] DISPLAY ADMIN FORM
[ADMIN] [9/2/2016 00:14] [] adminForm Load
[] [9/2/2016 01:08] [] USER = ADMIN IS ACTIVE
[ADMIN] [9/2/2016 01:08] [] USER ID = 1 LOGIN SUCCESSFULLY
[ADMIN] [9/2/2016 01:08] [] ACTIVATE USER ACCESS RIGHT
[ADMIN] [9/2/2016 01:08] [] DISPLAY ADMIN FORM
[ADMIN] [9/2/2016 01:08] [] adminForm Load
[] [9/2/2016 01:17] [] USER = ADMIN IS ACTIVE
[ADMIN] [9/2/2016 01:17] [] USER ID = 1 LOGIN SUCCESSFULLY
[ADMIN] [9/2/2016 01:17] [] ACTIVATE USER ACCESS RIGHT
[ADMIN] [9/2/2016 01:17] [] DISPLAY ADMIN FORM
[ADMIN] [9/2/2016 01:17] [] adminForm Load
[] [9/2/2016 01:18] [] USER = ADMIN IS ACTIVE
[ADMIN] [9/2/2016 01:18] [] USER ID = 1 LOGIN SUCCESSFULLY
[ADMIN] [9/2/2016 01:18] [] ACTIVATE USER ACCESS RIGHT
[ADMIN] [9/2/2016 01:18] [] DISPLAY ADMIN FORM
[ADMIN] [9/2/2016 01:18] [] adminForm Load
