[] [2/18/2017 15:29] [] USER = ADMIN IS ACTIVE
[ADMIN] [2/18/2017 15:29] [] USER ID = 1 LOGIN SUCCESSFULLY
[ADMIN] [2/18/2017 15:29] [] ACTIVATE USER ACCESS RIGHT
[ADMIN] [2/18/2017 15:29] [] DISPLAY ADMIN FORM
[ADMIN] [2/18/2017 15:29] [] adminForm Load
[ADMIN] [2/18/2017 15:30] [PENJUALAN] CASHIER FORM : MULTIPLE CASHIER INSTANCE [1]
[ADMIN] [2/18/2017 15:30] [PENJUALAN] CASHIER FORM : REGISTER HOTKEY
[ADMIN] [2/18/2017 15:30] [PENJUALAN] CASHIER FORM : cashierForm_Load, ATTEMPT TO LOAD NO FAKTUR
[ADMIN] [2/18/2017 15:30] [PENJUALAN] CASHIER FORM : loadNoFaktur, noFakturValue [SLO001]
[ADMIN] [2/18/2017 15:30] [PENJUALAN] CASHIER FORM : cashierForm_Load, ATTEMPT TO addColumnToDataGrid
[ADMIN] [2/18/2017 15:30] [PENJUALAN] CASHIER FORM : REGISTER HOTKEY
[ADMIN] [2/18/2017 15:30] [PENJUALAN] CASHIER FORM : HOTKEY TO ADD NEW ROW PRESSED
[ADMIN] [2/18/2017 15:30] [PENJUALAN] CASHIER FORM : ADD NEW ROW,  isActive [True]
[ADMIN] [2/18/2017 15:30] [PENJUALAN] CASHIER FORM : ADD NEW ROW,  ROW COUNT [0]
[ADMIN] [2/18/2017 15:30] [PENJUALAN] CASHIER FORM : ADD NEW ROW,  ALLOW TO ADD [True]
[ADMIN] [2/18/2017 15:30] [PENJUALAN] CASHIER FORM : cashierDataGridView_CellValueChanged [F8]
[ADMIN] [2/18/2017 15:30] [PENJUALAN] CASHIER FORM : cashierDataGridView_CellValueChanged [hpp]
[ADMIN] [2/18/2017 15:30] [PENJUALAN] CASHIER FORM : cashierDataGridView_CellValueChanged [productPrice]
[ADMIN] [2/18/2017 15:30] [PENJUALAN] CASHIER FORM : TextBox_TextChanged, previousInput []
[ADMIN] [2/18/2017 15:30] [PENJUALAN] CASHIER FORM : TextBox_TextChanged, dataGridViewTextBoxEditingControl.Text pass REGEX Checking
[ADMIN] [2/18/2017 15:30] [PENJUALAN] CASHIER FORM : CALCULATE SUBTOTAL
[ADMIN] [2/18/2017 15:30] [PENJUALAN] CASHIER FORM : SUBTOTAL [0]
[ADMIN] [2/18/2017 15:30] [PENJUALAN] CASHIER FORM : TextBox_TextChanged, subtotal value [0]
[ADMIN] [2/18/2017 15:30] [PENJUALAN] CASHIER FORM : TextBox_TextChanged, attempt to calculate total value
[ADMIN] [2/18/2017 15:30] [PENJUALAN] CASHIER FORM : calculateTotal
[ADMIN] [2/18/2017 15:30] [PENJUALAN] CASHIER FORM : calculateTotal [0]
[ADMIN] [2/18/2017 15:30] [PENJUALAN] CASHIER FORM : calculateTotal, totalAfterDisc [0]
[ADMIN] [2/18/2017 15:30] [PENJUALAN] CASHIER FORM : calculateChangeValue, bayarTextBox.Text [0]
[ADMIN] [2/18/2017 15:30] [PENJUALAN] CASHIER FORM : calculateChangeValue, sisaBayar [0]
[ADMIN] [2/18/2017 15:30] [PENJUALAN] CASHIER FORM : cashierDataGridView_CellValueChanged [disc1]
[ADMIN] [2/18/2017 15:30] [PENJUALAN] CASHIER FORM : TextBox_TextChanged, previousInput []
[ADMIN] [2/18/2017 15:30] [PENJUALAN] CASHIER FORM : TextBox_TextChanged, dataGridViewTextBoxEditingControl.Text pass REGEX Checking
[ADMIN] [2/18/2017 15:30] [PENJUALAN] CASHIER FORM : CALCULATE SUBTOTAL
[ADMIN] [2/18/2017 15:30] [PENJUALAN] CASHIER FORM : SUBTOTAL [0]
[ADMIN] [2/18/2017 15:30] [PENJUALAN] CASHIER FORM : TextBox_TextChanged, subtotal value [0]
[ADMIN] [2/18/2017 15:30] [PENJUALAN] CASHIER FORM : TextBox_TextChanged, attempt to calculate total value
[ADMIN] [2/18/2017 15:30] [PENJUALAN] CASHIER FORM : calculateTotal
[ADMIN] [2/18/2017 15:30] [PENJUALAN] CASHIER FORM : calculateTotal [0]
[ADMIN] [2/18/2017 15:30] [PENJUALAN] CASHIER FORM : calculateTotal, totalAfterDisc [0]
[ADMIN] [2/18/2017 15:30] [PENJUALAN] CASHIER FORM : calculateChangeValue, bayarTextBox.Text [0]
[ADMIN] [2/18/2017 15:30] [PENJUALAN] CASHIER FORM : calculateChangeValue, sisaBayar [0]
[ADMIN] [2/18/2017 15:30] [PENJUALAN] CASHIER FORM : cashierDataGridView_CellValueChanged [qty]
[ADMIN] [2/18/2017 15:30] [PENJUALAN] CASHIER FORM : TextBox_TextChanged, previousInput []
[ADMIN] [2/18/2017 15:30] [PENJUALAN] CASHIER FORM : TextBox_TextChanged, dataGridViewTextBoxEditingControl.Text pass REGEX Checking
[ADMIN] [2/18/2017 15:30] [] CHECK STOCK QTY IS ENOUGH []
[ADMIN] [2/18/2017 15:30] [PENJUALAN] CASHIER FORM : CALCULATE SUBTOTAL
[ADMIN] [2/18/2017 15:30] [PENJUALAN] CASHIER FORM : SUBTOTAL [0]
[ADMIN] [2/18/2017 15:30] [PENJUALAN] CASHIER FORM : TextBox_TextChanged, subtotal value [0]
[ADMIN] [2/18/2017 15:30] [PENJUALAN] CASHIER FORM : TextBox_TextChanged, attempt to calculate total value
[ADMIN] [2/18/2017 15:30] [PENJUALAN] CASHIER FORM : calculateTotal
[ADMIN] [2/18/2017 15:30] [PENJUALAN] CASHIER FORM : calculateTotal [0]
[ADMIN] [2/18/2017 15:30] [PENJUALAN] CASHIER FORM : calculateTotal, totalAfterDisc [0]
[ADMIN] [2/18/2017 15:30] [PENJUALAN] CASHIER FORM : calculateChangeValue, bayarTextBox.Text [0]
[ADMIN] [2/18/2017 15:30] [PENJUALAN] CASHIER FORM : calculateChangeValue, sisaBayar [0]
[ADMIN] [2/18/2017 15:30] [PENJUALAN] CASHIER FORM : cashierDataGridView_CellValueChanged [disc2]
[ADMIN] [2/18/2017 15:30] [PENJUALAN] CASHIER FORM : TextBox_TextChanged, previousInput []
[ADMIN] [2/18/2017 15:30] [PENJUALAN] CASHIER FORM : TextBox_TextChanged, dataGridViewTextBoxEditingControl.Text pass REGEX Checking
[ADMIN] [2/18/2017 15:30] [PENJUALAN] CASHIER FORM : CALCULATE SUBTOTAL
[ADMIN] [2/18/2017 15:30] [PENJUALAN] CASHIER FORM : SUBTOTAL [0]
[ADMIN] [2/18/2017 15:30] [PENJUALAN] CASHIER FORM : TextBox_TextChanged, subtotal value [0]
[ADMIN] [2/18/2017 15:30] [PENJUALAN] CASHIER FORM : TextBox_TextChanged, attempt to calculate total value
[ADMIN] [2/18/2017 15:30] [PENJUALAN] CASHIER FORM : calculateTotal
[ADMIN] [2/18/2017 15:30] [PENJUALAN] CASHIER FORM : calculateTotal [0]
[ADMIN] [2/18/2017 15:30] [PENJUALAN] CASHIER FORM : calculateTotal, totalAfterDisc [0]
[ADMIN] [2/18/2017 15:30] [PENJUALAN] CASHIER FORM : calculateChangeValue, bayarTextBox.Text [0]
[ADMIN] [2/18/2017 15:30] [PENJUALAN] CASHIER FORM : calculateChangeValue, sisaBayar [0]
[ADMIN] [2/18/2017 15:30] [PENJUALAN] CASHIER FORM : cashierDataGridView_CellValueChanged [discRP]
[ADMIN] [2/18/2017 15:30] [PENJUALAN] CASHIER FORM : TextBox_TextChanged, previousInput []
[ADMIN] [2/18/2017 15:30] [PENJUALAN] CASHIER FORM : TextBox_TextChanged, dataGridViewTextBoxEditingControl.Text pass REGEX Checking
[ADMIN] [2/18/2017 15:30] [PENJUALAN] CASHIER FORM : CALCULATE SUBTOTAL
[ADMIN] [2/18/2017 15:30] [PENJUALAN] CASHIER FORM : SUBTOTAL [0]
[ADMIN] [2/18/2017 15:30] [PENJUALAN] CASHIER FORM : TextBox_TextChanged, subtotal value [0]
[ADMIN] [2/18/2017 15:30] [PENJUALAN] CASHIER FORM : TextBox_TextChanged, attempt to calculate total value
[ADMIN] [2/18/2017 15:30] [PENJUALAN] CASHIER FORM : calculateTotal
[ADMIN] [2/18/2017 15:30] [PENJUALAN] CASHIER FORM : calculateTotal [0]
[ADMIN] [2/18/2017 15:30] [PENJUALAN] CASHIER FORM : calculateTotal, totalAfterDisc [0]
[ADMIN] [2/18/2017 15:30] [PENJUALAN] CASHIER FORM : calculateChangeValue, bayarTextBox.Text [0]
[ADMIN] [2/18/2017 15:30] [PENJUALAN] CASHIER FORM : calculateChangeValue, sisaBayar [0]
[ADMIN] [2/18/2017 15:30] [PENJUALAN] CASHIER FORM : cashierDataGridView_CellValueChanged [jumlah]
[ADMIN] [2/18/2017 15:30] [PENJUALAN] CASHIER FORM : cashierDataGridView_CellValueChanged [productName]
[ADMIN] [2/18/2017 15:30] [PENJUALAN] CASHIER FORM : cashierDataGridView_CellValueChanged [productName]
[] [2/18/2017 15:30] [] USER = ADMIN IS ACTIVE
[ADMIN] [2/18/2017 15:30] [] USER ID = 1 LOGIN SUCCESSFULLY
[ADMIN] [2/18/2017 15:31] [] ACTIVATE USER ACCESS RIGHT
[ADMIN] [2/18/2017 15:31] [] DISPLAY ADMIN FORM
[ADMIN] [2/18/2017 15:31] [] adminForm Load
[ADMIN] [2/18/2017 15:31] [PENJUALAN] CASHIER FORM : MULTIPLE CASHIER INSTANCE [1]
[ADMIN] [2/18/2017 15:31] [PENJUALAN] CASHIER FORM : REGISTER HOTKEY
[ADMIN] [2/18/2017 15:31] [PENJUALAN] CASHIER FORM : cashierForm_Load, ATTEMPT TO LOAD NO FAKTUR
[ADMIN] [2/18/2017 15:31] [PENJUALAN] CASHIER FORM : loadNoFaktur, noFakturValue [SLO001]
[ADMIN] [2/18/2017 15:31] [PENJUALAN] CASHIER FORM : cashierForm_Load, ATTEMPT TO addColumnToDataGrid
[ADMIN] [2/18/2017 15:31] [PENJUALAN] CASHIER FORM : REGISTER HOTKEY
[ADMIN] [2/18/2017 15:31] [PENJUALAN] CASHIER FORM : HOTKEY TO ADD NEW ROW PRESSED
[ADMIN] [2/18/2017 15:31] [PENJUALAN] CASHIER FORM : ADD NEW ROW,  isActive [True]
[ADMIN] [2/18/2017 15:31] [PENJUALAN] CASHIER FORM : ADD NEW ROW,  ROW COUNT [0]
[ADMIN] [2/18/2017 15:31] [PENJUALAN] CASHIER FORM : ADD NEW ROW,  ALLOW TO ADD [True]
[ADMIN] [2/18/2017 15:31] [PENJUALAN] CASHIER FORM : cashierDataGridView_CellValueChanged [F8]
[ADMIN] [2/18/2017 15:31] [PENJUALAN] CASHIER FORM : cashierDataGridView_CellValueChanged [hpp]
[ADMIN] [2/18/2017 15:31] [PENJUALAN] CASHIER FORM : cashierDataGridView_CellValueChanged [productPrice]
[ADMIN] [2/18/2017 15:31] [PENJUALAN] CASHIER FORM : TextBox_TextChanged, previousInput []
[ADMIN] [2/18/2017 15:31] [PENJUALAN] CASHIER FORM : TextBox_TextChanged, dataGridViewTextBoxEditingControl.Text pass REGEX Checking
[ADMIN] [2/18/2017 15:31] [PENJUALAN] CASHIER FORM : CALCULATE SUBTOTAL
[ADMIN] [2/18/2017 15:31] [PENJUALAN] CASHIER FORM : SUBTOTAL [0]
[ADMIN] [2/18/2017 15:31] [PENJUALAN] CASHIER FORM : TextBox_TextChanged, subtotal value [0]
[ADMIN] [2/18/2017 15:31] [PENJUALAN] CASHIER FORM : TextBox_TextChanged, attempt to calculate total value
[ADMIN] [2/18/2017 15:31] [PENJUALAN] CASHIER FORM : calculateTotal
[ADMIN] [2/18/2017 15:31] [PENJUALAN] CASHIER FORM : calculateTotal [0]
[ADMIN] [2/18/2017 15:31] [PENJUALAN] CASHIER FORM : calculateTotal, totalAfterDisc [0]
[ADMIN] [2/18/2017 15:31] [PENJUALAN] CASHIER FORM : calculateChangeValue, bayarTextBox.Text [0]
[ADMIN] [2/18/2017 15:31] [PENJUALAN] CASHIER FORM : calculateChangeValue, sisaBayar [0]
[ADMIN] [2/18/2017 15:31] [PENJUALAN] CASHIER FORM : cashierDataGridView_CellValueChanged [disc1]
[ADMIN] [2/18/2017 15:31] [PENJUALAN] CASHIER FORM : TextBox_TextChanged, previousInput []
[ADMIN] [2/18/2017 15:31] [PENJUALAN] CASHIER FORM : TextBox_TextChanged, dataGridViewTextBoxEditingControl.Text pass REGEX Checking
[ADMIN] [2/18/2017 15:31] [PENJUALAN] CASHIER FORM : CALCULATE SUBTOTAL
[ADMIN] [2/18/2017 15:31] [PENJUALAN] CASHIER FORM : SUBTOTAL [0]
[ADMIN] [2/18/2017 15:31] [PENJUALAN] CASHIER FORM : TextBox_TextChanged, subtotal value [0]
[ADMIN] [2/18/2017 15:31] [PENJUALAN] CASHIER FORM : TextBox_TextChanged, attempt to calculate total value
[ADMIN] [2/18/2017 15:31] [PENJUALAN] CASHIER FORM : calculateTotal
[ADMIN] [2/18/2017 15:31] [PENJUALAN] CASHIER FORM : calculateTotal [0]
[ADMIN] [2/18/2017 15:31] [PENJUALAN] CASHIER FORM : calculateTotal, totalAfterDisc [0]
[ADMIN] [2/18/2017 15:31] [PENJUALAN] CASHIER FORM : calculateChangeValue, bayarTextBox.Text [0]
[ADMIN] [2/18/2017 15:31] [PENJUALAN] CASHIER FORM : calculateChangeValue, sisaBayar [0]
[ADMIN] [2/18/2017 15:31] [PENJUALAN] CASHIER FORM : cashierDataGridView_CellValueChanged [qty]
[ADMIN] [2/18/2017 15:31] [PENJUALAN] CASHIER FORM : TextBox_TextChanged, previousInput []
[ADMIN] [2/18/2017 15:31] [PENJUALAN] CASHIER FORM : TextBox_TextChanged, dataGridViewTextBoxEditingControl.Text pass REGEX Checking
[ADMIN] [2/18/2017 15:31] [] CHECK STOCK QTY IS ENOUGH []
[ADMIN] [2/18/2017 15:31] [PENJUALAN] CASHIER FORM : CALCULATE SUBTOTAL
[ADMIN] [2/18/2017 15:31] [PENJUALAN] CASHIER FORM : SUBTOTAL [0]
[ADMIN] [2/18/2017 15:31] [PENJUALAN] CASHIER FORM : TextBox_TextChanged, subtotal value [0]
[ADMIN] [2/18/2017 15:31] [PENJUALAN] CASHIER FORM : TextBox_TextChanged, attempt to calculate total value
[ADMIN] [2/18/2017 15:31] [PENJUALAN] CASHIER FORM : calculateTotal
[ADMIN] [2/18/2017 15:31] [PENJUALAN] CASHIER FORM : calculateTotal [0]
[ADMIN] [2/18/2017 15:31] [PENJUALAN] CASHIER FORM : calculateTotal, totalAfterDisc [0]
[ADMIN] [2/18/2017 15:31] [PENJUALAN] CASHIER FORM : calculateChangeValue, bayarTextBox.Text [0]
[ADMIN] [2/18/2017 15:31] [PENJUALAN] CASHIER FORM : calculateChangeValue, sisaBayar [0]
[ADMIN] [2/18/2017 15:31] [PENJUALAN] CASHIER FORM : cashierDataGridView_CellValueChanged [disc2]
[ADMIN] [2/18/2017 15:31] [PENJUALAN] CASHIER FORM : TextBox_TextChanged, previousInput []
[ADMIN] [2/18/2017 15:31] [PENJUALAN] CASHIER FORM : TextBox_TextChanged, dataGridViewTextBoxEditingControl.Text pass REGEX Checking
[ADMIN] [2/18/2017 15:31] [PENJUALAN] CASHIER FORM : CALCULATE SUBTOTAL
[ADMIN] [2/18/2017 15:31] [PENJUALAN] CASHIER FORM : SUBTOTAL [0]
[ADMIN] [2/18/2017 15:31] [PENJUALAN] CASHIER FORM : TextBox_TextChanged, subtotal value [0]
[ADMIN] [2/18/2017 15:31] [PENJUALAN] CASHIER FORM : TextBox_TextChanged, attempt to calculate total value
[ADMIN] [2/18/2017 15:31] [PENJUALAN] CASHIER FORM : calculateTotal
[ADMIN] [2/18/2017 15:31] [PENJUALAN] CASHIER FORM : calculateTotal [0]
[ADMIN] [2/18/2017 15:31] [PENJUALAN] CASHIER FORM : calculateTotal, totalAfterDisc [0]
[ADMIN] [2/18/2017 15:31] [PENJUALAN] CASHIER FORM : calculateChangeValue, bayarTextBox.Text [0]
[ADMIN] [2/18/2017 15:31] [PENJUALAN] CASHIER FORM : calculateChangeValue, sisaBayar [0]
[ADMIN] [2/18/2017 15:31] [PENJUALAN] CASHIER FORM : cashierDataGridView_CellValueChanged [discRP]
[ADMIN] [2/18/2017 15:31] [PENJUALAN] CASHIER FORM : TextBox_TextChanged, previousInput []
[ADMIN] [2/18/2017 15:31] [PENJUALAN] CASHIER FORM : TextBox_TextChanged, dataGridViewTextBoxEditingControl.Text pass REGEX Checking
[ADMIN] [2/18/2017 15:31] [PENJUALAN] CASHIER FORM : CALCULATE SUBTOTAL
[ADMIN] [2/18/2017 15:31] [PENJUALAN] CASHIER FORM : SUBTOTAL [0]
[ADMIN] [2/18/2017 15:31] [PENJUALAN] CASHIER FORM : TextBox_TextChanged, subtotal value [0]
[ADMIN] [2/18/2017 15:31] [PENJUALAN] CASHIER FORM : TextBox_TextChanged, attempt to calculate total value
[ADMIN] [2/18/2017 15:31] [PENJUALAN] CASHIER FORM : calculateTotal
[ADMIN] [2/18/2017 15:31] [PENJUALAN] CASHIER FORM : calculateTotal [0]
[ADMIN] [2/18/2017 15:31] [PENJUALAN] CASHIER FORM : calculateTotal, totalAfterDisc [0]
[ADMIN] [2/18/2017 15:31] [PENJUALAN] CASHIER FORM : calculateChangeValue, bayarTextBox.Text [0]
[ADMIN] [2/18/2017 15:31] [PENJUALAN] CASHIER FORM : calculateChangeValue, sisaBayar [0]
[ADMIN] [2/18/2017 15:31] [PENJUALAN] CASHIER FORM : cashierDataGridView_CellValueChanged [jumlah]
[ADMIN] [2/18/2017 15:31] [PENJUALAN] CASHIER FORM : cashierDataGridView_CellValueChanged [productName]
[ADMIN] [2/18/2017 15:31] [PENJUALAN] CASHIER FORM : cashierDataGridView_CellValueChanged [productName]
[ADMIN] [2/18/2017 15:31] [PENJUALAN] CASHIER FORM : UNREGISTER HOTKEY
[ADMIN] [2/18/2017 15:31] [] [POS SEARCH PRODUCT] D:\Project\Rejeki_Utama\_CODE_\Rejeki_Utama\Rejeki_Utama\bin\Debug\PRODUCT_PHOTO\ 
[ADMIN] [2/18/2017 15:31] [] [POS SEARCH PRODUCT] D:\Project\Rejeki_Utama\_CODE_\Rejeki_Utama\Rejeki_Utama\bin\Debug\PRODUCT_PHOTO\ 
[] [2/18/2017 15:32] [] USER = ADMIN IS ACTIVE
[ADMIN] [2/18/2017 15:32] [] USER ID = 1 LOGIN SUCCESSFULLY
[ADMIN] [2/18/2017 15:32] [] ACTIVATE USER ACCESS RIGHT
[ADMIN] [2/18/2017 15:32] [] DISPLAY ADMIN FORM
[ADMIN] [2/18/2017 15:32] [] adminForm Load
[ADMIN] [2/18/2017 15:33] [PENJUALAN] CASHIER FORM : MULTIPLE CASHIER INSTANCE [1]
[ADMIN] [2/18/2017 15:33] [PENJUALAN] CASHIER FORM : REGISTER HOTKEY
[ADMIN] [2/18/2017 15:33] [PENJUALAN] CASHIER FORM : cashierForm_Load, ATTEMPT TO LOAD NO FAKTUR
[ADMIN] [2/18/2017 15:33] [PENJUALAN] CASHIER FORM : loadNoFaktur, noFakturValue [SLO001]
[ADMIN] [2/18/2017 15:33] [PENJUALAN] CASHIER FORM : cashierForm_Load, ATTEMPT TO addColumnToDataGrid
[ADMIN] [2/18/2017 15:33] [PENJUALAN] CASHIER FORM : REGISTER HOTKEY
[ADMIN] [2/18/2017 15:33] [PENJUALAN] CASHIER FORM : HOTKEY TO ADD NEW ROW PRESSED
[ADMIN] [2/18/2017 15:33] [PENJUALAN] CASHIER FORM : ADD NEW ROW,  isActive [True]
[ADMIN] [2/18/2017 15:33] [PENJUALAN] CASHIER FORM : ADD NEW ROW,  ROW COUNT [0]
[ADMIN] [2/18/2017 15:33] [PENJUALAN] CASHIER FORM : ADD NEW ROW,  ALLOW TO ADD [True]
[ADMIN] [2/18/2017 15:33] [PENJUALAN] CASHIER FORM : cashierDataGridView_CellValueChanged [F8]
[ADMIN] [2/18/2017 15:33] [PENJUALAN] CASHIER FORM : cashierDataGridView_CellValueChanged [hpp]
[ADMIN] [2/18/2017 15:33] [PENJUALAN] CASHIER FORM : cashierDataGridView_CellValueChanged [productPrice]
[ADMIN] [2/18/2017 15:33] [PENJUALAN] CASHIER FORM : TextBox_TextChanged, previousInput []
[ADMIN] [2/18/2017 15:33] [PENJUALAN] CASHIER FORM : TextBox_TextChanged, dataGridViewTextBoxEditingControl.Text pass REGEX Checking
[ADMIN] [2/18/2017 15:33] [PENJUALAN] CASHIER FORM : CALCULATE SUBTOTAL
[ADMIN] [2/18/2017 15:33] [PENJUALAN] CASHIER FORM : SUBTOTAL [0]
[ADMIN] [2/18/2017 15:33] [PENJUALAN] CASHIER FORM : TextBox_TextChanged, subtotal value [0]
[ADMIN] [2/18/2017 15:33] [PENJUALAN] CASHIER FORM : TextBox_TextChanged, attempt to calculate total value
[ADMIN] [2/18/2017 15:33] [PENJUALAN] CASHIER FORM : calculateTotal
[ADMIN] [2/18/2017 15:33] [PENJUALAN] CASHIER FORM : calculateTotal [0]
[ADMIN] [2/18/2017 15:33] [PENJUALAN] CASHIER FORM : calculateTotal, totalAfterDisc [0]
[ADMIN] [2/18/2017 15:33] [PENJUALAN] CASHIER FORM : calculateChangeValue, bayarTextBox.Text [0]
[ADMIN] [2/18/2017 15:33] [PENJUALAN] CASHIER FORM : calculateChangeValue, sisaBayar [0]
[ADMIN] [2/18/2017 15:33] [PENJUALAN] CASHIER FORM : cashierDataGridView_CellValueChanged [disc1]
[ADMIN] [2/18/2017 15:33] [PENJUALAN] CASHIER FORM : TextBox_TextChanged, previousInput []
[ADMIN] [2/18/2017 15:33] [PENJUALAN] CASHIER FORM : TextBox_TextChanged, dataGridViewTextBoxEditingControl.Text pass REGEX Checking
[ADMIN] [2/18/2017 15:33] [PENJUALAN] CASHIER FORM : CALCULATE SUBTOTAL
[ADMIN] [2/18/2017 15:33] [PENJUALAN] CASHIER FORM : SUBTOTAL [0]
[ADMIN] [2/18/2017 15:33] [PENJUALAN] CASHIER FORM : TextBox_TextChanged, subtotal value [0]
[ADMIN] [2/18/2017 15:33] [PENJUALAN] CASHIER FORM : TextBox_TextChanged, attempt to calculate total value
[ADMIN] [2/18/2017 15:33] [PENJUALAN] CASHIER FORM : calculateTotal
[ADMIN] [2/18/2017 15:33] [PENJUALAN] CASHIER FORM : calculateTotal [0]
[ADMIN] [2/18/2017 15:33] [PENJUALAN] CASHIER FORM : calculateTotal, totalAfterDisc [0]
[ADMIN] [2/18/2017 15:33] [PENJUALAN] CASHIER FORM : calculateChangeValue, bayarTextBox.Text [0]
[ADMIN] [2/18/2017 15:33] [PENJUALAN] CASHIER FORM : calculateChangeValue, sisaBayar [0]
[ADMIN] [2/18/2017 15:33] [PENJUALAN] CASHIER FORM : cashierDataGridView_CellValueChanged [qty]
[ADMIN] [2/18/2017 15:33] [PENJUALAN] CASHIER FORM : TextBox_TextChanged, previousInput []
[ADMIN] [2/18/2017 15:33] [PENJUALAN] CASHIER FORM : TextBox_TextChanged, dataGridViewTextBoxEditingControl.Text pass REGEX Checking
[ADMIN] [2/18/2017 15:33] [] CHECK STOCK QTY IS ENOUGH []
[ADMIN] [2/18/2017 15:33] [PENJUALAN] CASHIER FORM : CALCULATE SUBTOTAL
[ADMIN] [2/18/2017 15:33] [PENJUALAN] CASHIER FORM : SUBTOTAL [0]
[ADMIN] [2/18/2017 15:33] [PENJUALAN] CASHIER FORM : TextBox_TextChanged, subtotal value [0]
[ADMIN] [2/18/2017 15:33] [PENJUALAN] CASHIER FORM : TextBox_TextChanged, attempt to calculate total value
[ADMIN] [2/18/2017 15:33] [PENJUALAN] CASHIER FORM : calculateTotal
[ADMIN] [2/18/2017 15:33] [PENJUALAN] CASHIER FORM : calculateTotal [0]
[ADMIN] [2/18/2017 15:33] [PENJUALAN] CASHIER FORM : calculateTotal, totalAfterDisc [0]
[ADMIN] [2/18/2017 15:33] [PENJUALAN] CASHIER FORM : calculateChangeValue, bayarTextBox.Text [0]
[ADMIN] [2/18/2017 15:33] [PENJUALAN] CASHIER FORM : calculateChangeValue, sisaBayar [0]
[ADMIN] [2/18/2017 15:33] [PENJUALAN] CASHIER FORM : cashierDataGridView_CellValueChanged [disc2]
[ADMIN] [2/18/2017 15:33] [PENJUALAN] CASHIER FORM : TextBox_TextChanged, previousInput []
[ADMIN] [2/18/2017 15:33] [PENJUALAN] CASHIER FORM : TextBox_TextChanged, dataGridViewTextBoxEditingControl.Text pass REGEX Checking
[ADMIN] [2/18/2017 15:33] [PENJUALAN] CASHIER FORM : CALCULATE SUBTOTAL
[ADMIN] [2/18/2017 15:33] [PENJUALAN] CASHIER FORM : SUBTOTAL [0]
[ADMIN] [2/18/2017 15:33] [PENJUALAN] CASHIER FORM : TextBox_TextChanged, subtotal value [0]
[ADMIN] [2/18/2017 15:33] [PENJUALAN] CASHIER FORM : TextBox_TextChanged, attempt to calculate total value
[ADMIN] [2/18/2017 15:33] [PENJUALAN] CASHIER FORM : calculateTotal
[ADMIN] [2/18/2017 15:33] [PENJUALAN] CASHIER FORM : calculateTotal [0]
[ADMIN] [2/18/2017 15:33] [PENJUALAN] CASHIER FORM : calculateTotal, totalAfterDisc [0]
[ADMIN] [2/18/2017 15:33] [PENJUALAN] CASHIER FORM : calculateChangeValue, bayarTextBox.Text [0]
[ADMIN] [2/18/2017 15:33] [PENJUALAN] CASHIER FORM : calculateChangeValue, sisaBayar [0]
[ADMIN] [2/18/2017 15:33] [PENJUALAN] CASHIER FORM : cashierDataGridView_CellValueChanged [discRP]
[ADMIN] [2/18/2017 15:33] [PENJUALAN] CASHIER FORM : TextBox_TextChanged, previousInput []
[ADMIN] [2/18/2017 15:33] [PENJUALAN] CASHIER FORM : TextBox_TextChanged, dataGridViewTextBoxEditingControl.Text pass REGEX Checking
[ADMIN] [2/18/2017 15:33] [PENJUALAN] CASHIER FORM : CALCULATE SUBTOTAL
[ADMIN] [2/18/2017 15:33] [PENJUALAN] CASHIER FORM : SUBTOTAL [0]
[ADMIN] [2/18/2017 15:33] [PENJUALAN] CASHIER FORM : TextBox_TextChanged, subtotal value [0]
[ADMIN] [2/18/2017 15:33] [PENJUALAN] CASHIER FORM : TextBox_TextChanged, attempt to calculate total value
[ADMIN] [2/18/2017 15:33] [PENJUALAN] CASHIER FORM : calculateTotal
[ADMIN] [2/18/2017 15:33] [PENJUALAN] CASHIER FORM : calculateTotal [0]
[ADMIN] [2/18/2017 15:33] [PENJUALAN] CASHIER FORM : calculateTotal, totalAfterDisc [0]
[ADMIN] [2/18/2017 15:33] [PENJUALAN] CASHIER FORM : calculateChangeValue, bayarTextBox.Text [0]
[ADMIN] [2/18/2017 15:33] [PENJUALAN] CASHIER FORM : calculateChangeValue, sisaBayar [0]
[ADMIN] [2/18/2017 15:33] [PENJUALAN] CASHIER FORM : cashierDataGridView_CellValueChanged [jumlah]
[ADMIN] [2/18/2017 15:33] [PENJUALAN] CASHIER FORM : cashierDataGridView_CellValueChanged [productName]
[ADMIN] [2/18/2017 15:33] [PENJUALAN] CASHIER FORM : cashierDataGridView_CellValueChanged [productName]
[ADMIN] [2/18/2017 15:33] [PENJUALAN] CASHIER FORM : UNREGISTER HOTKEY
[ADMIN] [2/18/2017 15:33] [] [POS SEARCH PRODUCT] D:\Project\Rejeki_Utama\_CODE_\Rejeki_Utama\Rejeki_Utama\bin\Debug\PRODUCT_PHOTO\ 
[ADMIN] [2/18/2017 15:33] [] [POS SEARCH PRODUCT] D:\Project\Rejeki_Utama\_CODE_\Rejeki_Utama\Rejeki_Utama\bin\Debug\PRODUCT_PHOTO\ 
[ADMIN] [2/18/2017 15:33] [] [POS SEARCH PRODUCT] D:\Project\Rejeki_Utama\_CODE_\Rejeki_Utama\Rejeki_Utama\bin\Debug\PRODUCT_PHOTO\ 
[ADMIN] [2/18/2017 15:33] [PENJUALAN] CASHIER FORM : ADD NEW ROW FROM BARCODE [TES PRODUK UNTUK CSV]
[ADMIN] [2/18/2017 15:33] [PENJUALAN] CASHIER FORM : cashierDataGridView_CellValueChanged [productID]
[ADMIN] [2/18/2017 15:33] [PENJUALAN] CASHIER FORM : cashierDataGridView_CellValueChanged [productName]
[ADMIN] [2/18/2017 15:33] [PENJUALAN] CASHIER FORM : PRODUCT PRICE TYPE [PRODUCT_BASE_PRICE]
[ADMIN] [2/18/2017 15:33] [PENJUALAN] CASHIER FORM : PRODUCT PRICE [10]
[ADMIN] [2/18/2017 15:33] [PENJUALAN] CASHIER FORM : ComboBox_SelectedIndexChanged, PRODUCT_BASE_PRICE [10]
[ADMIN] [2/18/2017 15:33] [PENJUALAN] CASHIER FORM : cashierDataGridView_CellValueChanged [hpp]
[ADMIN] [2/18/2017 15:33] [PENJUALAN] CASHIER FORM : PRODUCT PRICE TYPE [PRODUCT_RETAIL_PRICE]
[ADMIN] [2/18/2017 15:33] [PENJUALAN] CASHIER FORM : PRODUCT PRICE [10]
[ADMIN] [2/18/2017 15:33] [PENJUALAN] CASHIER FORM : ComboBox_SelectedIndexChanged, PRODUCT_SALES_PRICE [10]
[ADMIN] [2/18/2017 15:33] [PENJUALAN] CASHIER FORM : cashierDataGridView_CellValueChanged [productPrice]
[ADMIN] [2/18/2017 15:33] [PENJUALAN] CASHIER FORM : TextBox_TextChanged, previousInput []
[ADMIN] [2/18/2017 15:33] [PENJUALAN] CASHIER FORM : TextBox_TextChanged, dataGridViewTextBoxEditingControl.Text pass REGEX Checking
[ADMIN] [2/18/2017 15:33] [PENJUALAN] CASHIER FORM : CALCULATE SUBTOTAL
[ADMIN] [2/18/2017 15:33] [PENJUALAN] CASHIER FORM : SUBTOTAL [0]
[ADMIN] [2/18/2017 15:33] [PENJUALAN] CASHIER FORM : TextBox_TextChanged, subtotal value [0]
[ADMIN] [2/18/2017 15:33] [PENJUALAN] CASHIER FORM : TextBox_TextChanged, attempt to calculate total value
[ADMIN] [2/18/2017 15:33] [PENJUALAN] CASHIER FORM : calculateTotal
[ADMIN] [2/18/2017 15:33] [PENJUALAN] CASHIER FORM : calculateTotal [0]
[ADMIN] [2/18/2017 15:33] [PENJUALAN] CASHIER FORM : calculateTotal, totalAfterDisc [0]
[ADMIN] [2/18/2017 15:33] [PENJUALAN] CASHIER FORM : calculateChangeValue, bayarTextBox.Text [0]
[ADMIN] [2/18/2017 15:33] [PENJUALAN] CASHIER FORM : calculateChangeValue, sisaBayar [0]
[ADMIN] [2/18/2017 15:33] [PENJUALAN] CASHIER FORM : cashierDataGridView_CellValueChanged [qty]
[ADMIN] [2/18/2017 15:33] [PENJUALAN] CASHIER FORM : TextBox_TextChanged, previousInput []
[ADMIN] [2/18/2017 15:33] [PENJUALAN] CASHIER FORM : TextBox_TextChanged, dataGridViewTextBoxEditingControl.Text pass REGEX Checking
[ADMIN] [2/18/2017 15:33] [] CHECK STOCK QTY IS ENOUGH [6]
[ADMIN] [2/18/2017 15:33] [] CHECK STOCK QTY IS ENOUGH [45, 0]
[ADMIN] [2/18/2017 15:33] [PENJUALAN] CASHIER FORM : CALCULATE SUBTOTAL
[ADMIN] [2/18/2017 15:33] [PENJUALAN] CASHIER FORM : SUBTOTAL [0]
[ADMIN] [2/18/2017 15:33] [PENJUALAN] CASHIER FORM : TextBox_TextChanged, subtotal value [0]
[ADMIN] [2/18/2017 15:33] [PENJUALAN] CASHIER FORM : TextBox_TextChanged, attempt to calculate total value
[ADMIN] [2/18/2017 15:33] [PENJUALAN] CASHIER FORM : calculateTotal
[ADMIN] [2/18/2017 15:33] [PENJUALAN] CASHIER FORM : calculateTotal [0]
[ADMIN] [2/18/2017 15:33] [PENJUALAN] CASHIER FORM : calculateTotal, totalAfterDisc [0]
[ADMIN] [2/18/2017 15:33] [PENJUALAN] CASHIER FORM : calculateChangeValue, bayarTextBox.Text [0]
[ADMIN] [2/18/2017 15:33] [PENJUALAN] CASHIER FORM : calculateChangeValue, sisaBayar [0]
[ADMIN] [2/18/2017 15:33] [PENJUALAN] CASHIER FORM : cashierDataGridView_CellValueChanged [jumlah]
[ADMIN] [2/18/2017 15:33] [PENJUALAN] CASHIER FORM : ComboBox_SelectedIndexChanged, attempt to calculate total
[ADMIN] [2/18/2017 15:33] [PENJUALAN] CASHIER FORM : calculateTotal
[ADMIN] [2/18/2017 15:33] [PENJUALAN] CASHIER FORM : calculateTotal [0]
[ADMIN] [2/18/2017 15:33] [PENJUALAN] CASHIER FORM : calculateTotal, totalAfterDisc [0]
[ADMIN] [2/18/2017 15:33] [PENJUALAN] CASHIER FORM : calculateChangeValue, bayarTextBox.Text [0]
[ADMIN] [2/18/2017 15:33] [PENJUALAN] CASHIER FORM : calculateChangeValue, sisaBayar [0]
[ADMIN] [2/18/2017 15:33] [] CHECK STOCK QTY IS ENOUGH []
[ADMIN] [2/18/2017 15:33] [PENJUALAN] CASHIER FORM : cashierDataGridView_CellValueChanged [qty]
[ADMIN] [2/18/2017 15:33] [PENJUALAN] CASHIER FORM : TextBox_TextChanged, previousInput []
[ADMIN] [2/18/2017 15:33] [PENJUALAN] CASHIER FORM : TextBox_TextChanged, dataGridViewTextBoxEditingControl.Text pass REGEX Checking
[ADMIN] [2/18/2017 15:33] [] CHECK STOCK QTY IS ENOUGH [6]
[ADMIN] [2/18/2017 15:33] [] CHECK STOCK QTY IS ENOUGH [45, 1]
[ADMIN] [2/18/2017 15:33] [PENJUALAN] CASHIER FORM : CALCULATE SUBTOTAL
[ADMIN] [2/18/2017 15:33] [PENJUALAN] CASHIER FORM : SUBTOTAL [10]
[ADMIN] [2/18/2017 15:33] [PENJUALAN] CASHIER FORM : TextBox_TextChanged, subtotal value [10]
[ADMIN] [2/18/2017 15:33] [PENJUALAN] CASHIER FORM : TextBox_TextChanged, attempt to calculate total value
[ADMIN] [2/18/2017 15:33] [PENJUALAN] CASHIER FORM : calculateTotal
[ADMIN] [2/18/2017 15:33] [PENJUALAN] CASHIER FORM : calculateTotal [10]
[ADMIN] [2/18/2017 15:33] [PENJUALAN] CASHIER FORM : calculateTotal, totalAfterDisc [10]
[ADMIN] [2/18/2017 15:33] [PENJUALAN] CASHIER FORM : calculateChangeValue, bayarTextBox.Text [0]
[ADMIN] [2/18/2017 15:33] [PENJUALAN] CASHIER FORM : calculateChangeValue, sisaBayar [0]
[ADMIN] [2/18/2017 15:33] [PENJUALAN] CASHIER FORM : SET QTY TO 1 BECAUSE OF NEW ROW
[ADMIN] [2/18/2017 15:33] [PENJUALAN] CASHIER FORM : CALCULATE SUBTOTAL
[ADMIN] [2/18/2017 15:33] [PENJUALAN] CASHIER FORM : SUBTOTAL [10]
[ADMIN] [2/18/2017 15:33] [PENJUALAN] CASHIER FORM : calculateTotal
[ADMIN] [2/18/2017 15:33] [PENJUALAN] CASHIER FORM : calculateTotal [10]
[ADMIN] [2/18/2017 15:33] [PENJUALAN] CASHIER FORM : calculateTotal, totalAfterDisc [10]
[ADMIN] [2/18/2017 15:33] [PENJUALAN] CASHIER FORM : calculateChangeValue, bayarTextBox.Text [0]
[ADMIN] [2/18/2017 15:33] [PENJUALAN] CASHIER FORM : calculateChangeValue, sisaBayar [0]
[ADMIN] [2/18/2017 15:33] [PENJUALAN] CASHIER FORM : REGISTER HOTKEY
[ADMIN] [2/18/2017 15:33] [PENJUALAN] CASHIER FORM : cashierDataGridView_CellValueChanged [qty]
[ADMIN] [2/18/2017 15:33] [PENJUALAN] CASHIER FORM : TextBox_TextChanged, previousInput []
[ADMIN] [2/18/2017 15:33] [PENJUALAN] CASHIER FORM : TextBox_TextChanged, dataGridViewTextBoxEditingControl.Text pass REGEX Checking
[ADMIN] [2/18/2017 15:33] [] CHECK STOCK QTY IS ENOUGH [6]
[ADMIN] [2/18/2017 15:33] [] CHECK STOCK QTY IS ENOUGH [45, 2]
[ADMIN] [2/18/2017 15:33] [PENJUALAN] CASHIER FORM : CALCULATE SUBTOTAL
[ADMIN] [2/18/2017 15:33] [PENJUALAN] CASHIER FORM : SUBTOTAL [20]
[ADMIN] [2/18/2017 15:33] [PENJUALAN] CASHIER FORM : TextBox_TextChanged, subtotal value [20]
[ADMIN] [2/18/2017 15:33] [PENJUALAN] CASHIER FORM : TextBox_TextChanged, attempt to calculate total value
[ADMIN] [2/18/2017 15:33] [PENJUALAN] CASHIER FORM : calculateTotal
[ADMIN] [2/18/2017 15:33] [PENJUALAN] CASHIER FORM : calculateTotal [20]
[ADMIN] [2/18/2017 15:33] [PENJUALAN] CASHIER FORM : calculateTotal, totalAfterDisc [20]
[ADMIN] [2/18/2017 15:33] [PENJUALAN] CASHIER FORM : calculateChangeValue, bayarTextBox.Text [0]
[ADMIN] [2/18/2017 15:33] [PENJUALAN] CASHIER FORM : calculateChangeValue, sisaBayar [0]
[ADMIN] [2/18/2017 15:33] [PENJUALAN] CASHIER FORM : cashierDataGridView_CellValueChanged [qty]
[ADMIN] [2/18/2017 15:33] [PENJUALAN] CASHIER FORM : TextBox_TextChanged, previousInput []
[ADMIN] [2/18/2017 15:33] [PENJUALAN] CASHIER FORM : TextBox_TextChanged, dataGridViewTextBoxEditingControl.Text pass REGEX Checking
[ADMIN] [2/18/2017 15:33] [] CHECK STOCK QTY IS ENOUGH [6]
[ADMIN] [2/18/2017 15:33] [] CHECK STOCK QTY IS ENOUGH [45, 20]
[ADMIN] [2/18/2017 15:33] [PENJUALAN] CASHIER FORM : CALCULATE SUBTOTAL
[ADMIN] [2/18/2017 15:33] [PENJUALAN] CASHIER FORM : SUBTOTAL [200]
[ADMIN] [2/18/2017 15:33] [PENJUALAN] CASHIER FORM : TextBox_TextChanged, subtotal value [200]
[ADMIN] [2/18/2017 15:33] [PENJUALAN] CASHIER FORM : TextBox_TextChanged, attempt to calculate total value
[ADMIN] [2/18/2017 15:33] [PENJUALAN] CASHIER FORM : calculateTotal
[ADMIN] [2/18/2017 15:33] [PENJUALAN] CASHIER FORM : calculateTotal [200]
[ADMIN] [2/18/2017 15:33] [PENJUALAN] CASHIER FORM : calculateTotal, totalAfterDisc [200]
[ADMIN] [2/18/2017 15:33] [PENJUALAN] CASHIER FORM : calculateChangeValue, bayarTextBox.Text [0]
[ADMIN] [2/18/2017 15:33] [PENJUALAN] CASHIER FORM : calculateChangeValue, sisaBayar [0]
[ADMIN] [2/18/2017 15:33] [PENJUALAN] CASHIER FORM : discJualMaskedTextBox_Validating, totalAfterDisc [200]
[ADMIN] [2/18/2017 15:33] [PENJUALAN] CASHIER FORM : discJualMaskedTextBox_Validating, totalAfterDisc [200]
[ADMIN] [2/18/2017 15:33] [PENJUALAN] CASHIER FORM : discJualMaskedTextBox_Validating, totalAfterDisc [198]
[ADMIN] [2/18/2017 15:33] [PENJUALAN] CASHIER FORM : discJualMaskedTextBox_Validating, totalAfterDisc [180]
[ADMIN] [2/18/2017 15:33] [PENJUALAN] CASHIER FORM : discJualMaskedTextBox_Validating, totalAfterDisc [160]
[ADMIN] [2/18/2017 15:33] [PENJUALAN] CASHIER FORM : calculateChangeValue, bayarTextBox.Text [1]
[ADMIN] [2/18/2017 15:33] [PENJUALAN] CASHIER FORM : calculateChangeValue, sisaBayar [0]
[ADMIN] [2/18/2017 15:33] [PENJUALAN] CASHIER FORM : calculateChangeValue, bayarTextBox.Text [17]
[ADMIN] [2/18/2017 15:33] [PENJUALAN] CASHIER FORM : calculateChangeValue, sisaBayar [0]
[ADMIN] [2/18/2017 15:33] [PENJUALAN] CASHIER FORM : calculateChangeValue, bayarTextBox.Text [170]
[ADMIN] [2/18/2017 15:33] [PENJUALAN] CASHIER FORM : calculateChangeValue, sisaBayar [10]
[ADMIN] [2/18/2017 15:33] [PENJUALAN] CASHIER FORM : UNREGISTER HOTKEY
[ADMIN] [2/18/2017 15:33] [PENJUALAN] CASHIER FORM : UNREGISTER HOTKEY
[ADMIN] [2/18/2017 15:33] [] USER ID = 1LOGOUT
