[] [11/2/2016 11:08] [] USER = ADMIN IS ACTIVE
[ADMIN] [11/2/2016 11:08] [] USER ID = 1 LOGIN SUCCESSFULLY
[ADMIN] [11/2/2016 11:08] [] ACTIVATE USER ACCESS RIGHT
[ADMIN] [11/2/2016 11:08] [] DISPLAY ADMIN FORM
[ADMIN] [11/2/2016 11:08] [] adminForm Load
[] [11/2/2016 11:17] [] USER = ADMIN IS ACTIVE
[ADMIN] [11/2/2016 11:18] [] USER ID = 1 LOGIN SUCCESSFULLY
[ADMIN] [11/2/2016 11:18] [] ACTIVATE USER ACCESS RIGHT
[ADMIN] [11/2/2016 11:18] [] DISPLAY ADMIN FORM
[ADMIN] [11/2/2016 11:18] [] adminForm Load
[] [11/2/2016 11:22] [] USER = ADMIN IS ACTIVE
[ADMIN] [11/2/2016 11:22] [] USER ID = 1 LOGIN SUCCESSFULLY
[ADMIN] [11/2/2016 11:22] [] ACTIVATE USER ACCESS RIGHT
[ADMIN] [11/2/2016 11:22] [] DISPLAY ADMIN FORM
[ADMIN] [11/2/2016 11:22] [] adminForm Load
[ADMIN] [11/2/2016 11:22] [PENJUALAN] CASHIER FORM : REGISTER HOTKEY
[ADMIN] [11/2/2016 11:22] [PENJUALAN] CASHIER FORM : loadNoFaktur, noFakturValue [SLO001]
[ADMIN] [11/2/2016 11:22] [PENJUALAN] CASHIER FORM : ADD NEW ROW,  isActive [True]
[ADMIN] [11/2/2016 11:22] [PENJUALAN] CASHIER FORM : ADD NEW ROW,  ROW COUNT [0]
[ADMIN] [11/2/2016 11:22] [PENJUALAN] CASHIER FORM : ADD NEW ROW,  ALLOW TO ADD [True]
[ADMIN] [11/2/2016 11:22] [PENJUALAN] CASHIER FORM : REGISTER HOTKEY
[ADMIN] [11/2/2016 11:22] [PENJUALAN] CASHIER FORM : UNREGISTER HOTKEY
[ADMIN] [11/2/2016 11:22] [PENJUALAN] CASHIER FORM : UNREGISTER HOTKEY
[ADMIN] [11/2/2016 11:22] [PENJUALAN] CASHIER FORM : REGISTER HOTKEY
[ADMIN] [11/2/2016 11:22] [PENJUALAN] CASHIER FORM : loadNoFaktur, noFakturValue [SLO001]
[ADMIN] [11/2/2016 11:22] [PENJUALAN] CASHIER FORM : ADD NEW ROW,  isActive [True]
[ADMIN] [11/2/2016 11:22] [PENJUALAN] CASHIER FORM : ADD NEW ROW,  ROW COUNT [0]
[ADMIN] [11/2/2016 11:22] [PENJUALAN] CASHIER FORM : ADD NEW ROW,  ALLOW TO ADD [True]
[ADMIN] [11/2/2016 11:22] [PENJUALAN] CASHIER FORM : REGISTER HOTKEY
[ADMIN] [11/2/2016 11:23] [PENJUALAN] CASHIER FORM : UNREGISTER HOTKEY
[ADMIN] [11/2/2016 11:23] [PENJUALAN] CASHIER FORM : REGISTER HOTKEY
[ADMIN] [11/2/2016 11:23] [PENJUALAN] CASHIER FORM : UNREGISTER HOTKEY
[ADMIN] [11/2/2016 11:23] [PENJUALAN] CASHIER FORM : UNREGISTER HOTKEY
[ADMIN] [11/2/2016 11:23] [] USER ID = 1LOGOUT
