[] [2/20/2017 12:42] [] USER = ADMIN IS ACTIVE
[ADMIN] [2/20/2017 12:42] [] USER ID = 1 LOGIN SUCCESSFULLY
[ADMIN] [2/20/2017 12:43] [] ACTIVATE USER ACCESS RIGHT
[ADMIN] [2/20/2017 12:43] [] DISPLAY ADMIN FORM
[ADMIN] [2/20/2017 12:43] [] adminForm Load
[ADMIN] [2/20/2017 12:43] [PENJUALAN] CASHIER FORM : MULTIPLE CASHIER INSTANCE [1]
[ADMIN] [2/20/2017 12:43] [PENJUALAN] CASHIER FORM : REGISTER HOTKEY
[ADMIN] [2/20/2017 12:43] [PENJUALAN] CASHIER FORM : cashierForm_Load, ATTEMPT TO LOAD NO FAKTUR
[ADMIN] [2/20/2017 12:43] [PENJUALAN] CASHIER FORM : loadNoFaktur, noFakturValue [SLO001]
[ADMIN] [2/20/2017 12:43] [PENJUALAN] CASHIER FORM : cashierForm_Load, ATTEMPT TO addColumnToDataGrid
[ADMIN] [2/20/2017 12:43] [PENJUALAN] CASHIER FORM : REGISTER HOTKEY
[ADMIN] [2/20/2017 12:43] [PENJUALAN] CASHIER FORM : HOTKEY TO ADD NEW ROW PRESSED
[ADMIN] [2/20/2017 12:43] [PENJUALAN] CASHIER FORM : ADD NEW ROW,  isActive [True]
[ADMIN] [2/20/2017 12:43] [PENJUALAN] CASHIER FORM : ADD NEW ROW,  ROW COUNT [0]
[ADMIN] [2/20/2017 12:43] [PENJUALAN] CASHIER FORM : ADD NEW ROW,  ALLOW TO ADD [True]
[ADMIN] [2/20/2017 12:43] [PENJUALAN] CASHIER FORM : cashierDataGridView_CellValueChanged [F8]
[ADMIN] [2/20/2017 12:43] [PENJUALAN] CASHIER FORM : cashierDataGridView_CellValueChanged [hpp]
[ADMIN] [2/20/2017 12:43] [PENJUALAN] CASHIER FORM : cashierDataGridView_CellValueChanged [productPrice]
[ADMIN] [2/20/2017 12:43] [PENJUALAN] CASHIER FORM : TextBox_TextChanged, previousInput []
[ADMIN] [2/20/2017 12:43] [PENJUALAN] CASHIER FORM : TextBox_TextChanged, dataGridViewTextBoxEditingControl.Text pass REGEX Checking
[ADMIN] [2/20/2017 12:43] [PENJUALAN] CASHIER FORM : CALCULATE SUBTOTAL
[ADMIN] [2/20/2017 12:43] [PENJUALAN] CASHIER FORM : SUBTOTAL [0]
[ADMIN] [2/20/2017 12:43] [PENJUALAN] CASHIER FORM : TextBox_TextChanged, subtotal value [0]
[ADMIN] [2/20/2017 12:43] [PENJUALAN] CASHIER FORM : TextBox_TextChanged, attempt to calculate total value
[ADMIN] [2/20/2017 12:43] [PENJUALAN] CASHIER FORM : calculateTotal
[ADMIN] [2/20/2017 12:43] [PENJUALAN] CASHIER FORM : calculateTotal [0]
[ADMIN] [2/20/2017 12:43] [PENJUALAN] CASHIER FORM : calculateTotal, totalAfterDisc [0]
[ADMIN] [2/20/2017 12:43] [PENJUALAN] CASHIER FORM : calculateChangeValue, bayarTextBox.Text [0]
[ADMIN] [2/20/2017 12:43] [PENJUALAN] CASHIER FORM : calculateChangeValue, sisaBayar [0]
[ADMIN] [2/20/2017 12:43] [PENJUALAN] CASHIER FORM : cashierDataGridView_CellValueChanged [disc1]
[ADMIN] [2/20/2017 12:43] [PENJUALAN] CASHIER FORM : TextBox_TextChanged, previousInput []
[ADMIN] [2/20/2017 12:43] [PENJUALAN] CASHIER FORM : TextBox_TextChanged, dataGridViewTextBoxEditingControl.Text pass REGEX Checking
[ADMIN] [2/20/2017 12:43] [PENJUALAN] CASHIER FORM : CALCULATE SUBTOTAL
[ADMIN] [2/20/2017 12:43] [PENJUALAN] CASHIER FORM : SUBTOTAL [0]
[ADMIN] [2/20/2017 12:43] [PENJUALAN] CASHIER FORM : TextBox_TextChanged, subtotal value [0]
[ADMIN] [2/20/2017 12:43] [PENJUALAN] CASHIER FORM : TextBox_TextChanged, attempt to calculate total value
[ADMIN] [2/20/2017 12:43] [PENJUALAN] CASHIER FORM : calculateTotal
[ADMIN] [2/20/2017 12:43] [PENJUALAN] CASHIER FORM : calculateTotal [0]
[ADMIN] [2/20/2017 12:43] [PENJUALAN] CASHIER FORM : calculateTotal, totalAfterDisc [0]
[ADMIN] [2/20/2017 12:43] [PENJUALAN] CASHIER FORM : calculateChangeValue, bayarTextBox.Text [0]
[ADMIN] [2/20/2017 12:43] [PENJUALAN] CASHIER FORM : calculateChangeValue, sisaBayar [0]
[ADMIN] [2/20/2017 12:43] [PENJUALAN] CASHIER FORM : cashierDataGridView_CellValueChanged [qty]
[ADMIN] [2/20/2017 12:43] [PENJUALAN] CASHIER FORM : TextBox_TextChanged, previousInput []
[ADMIN] [2/20/2017 12:43] [PENJUALAN] CASHIER FORM : TextBox_TextChanged, dataGridViewTextBoxEditingControl.Text pass REGEX Checking
[ADMIN] [2/20/2017 12:43] [] CHECK STOCK QTY IS ENOUGH []
[ADMIN] [2/20/2017 12:43] [PENJUALAN] CASHIER FORM : CALCULATE SUBTOTAL
[ADMIN] [2/20/2017 12:43] [PENJUALAN] CASHIER FORM : SUBTOTAL [0]
[ADMIN] [2/20/2017 12:43] [PENJUALAN] CASHIER FORM : TextBox_TextChanged, subtotal value [0]
[ADMIN] [2/20/2017 12:43] [PENJUALAN] CASHIER FORM : TextBox_TextChanged, attempt to calculate total value
[ADMIN] [2/20/2017 12:43] [PENJUALAN] CASHIER FORM : calculateTotal
[ADMIN] [2/20/2017 12:43] [PENJUALAN] CASHIER FORM : calculateTotal [0]
[ADMIN] [2/20/2017 12:43] [PENJUALAN] CASHIER FORM : calculateTotal, totalAfterDisc [0]
[ADMIN] [2/20/2017 12:43] [PENJUALAN] CASHIER FORM : calculateChangeValue, bayarTextBox.Text [0]
[ADMIN] [2/20/2017 12:43] [PENJUALAN] CASHIER FORM : calculateChangeValue, sisaBayar [0]
[ADMIN] [2/20/2017 12:43] [PENJUALAN] CASHIER FORM : cashierDataGridView_CellValueChanged [disc2]
[ADMIN] [2/20/2017 12:43] [PENJUALAN] CASHIER FORM : TextBox_TextChanged, previousInput []
[ADMIN] [2/20/2017 12:43] [PENJUALAN] CASHIER FORM : TextBox_TextChanged, dataGridViewTextBoxEditingControl.Text pass REGEX Checking
[ADMIN] [2/20/2017 12:43] [PENJUALAN] CASHIER FORM : CALCULATE SUBTOTAL
[ADMIN] [2/20/2017 12:43] [PENJUALAN] CASHIER FORM : SUBTOTAL [0]
[ADMIN] [2/20/2017 12:43] [PENJUALAN] CASHIER FORM : TextBox_TextChanged, subtotal value [0]
[ADMIN] [2/20/2017 12:43] [PENJUALAN] CASHIER FORM : TextBox_TextChanged, attempt to calculate total value
[ADMIN] [2/20/2017 12:43] [PENJUALAN] CASHIER FORM : calculateTotal
[ADMIN] [2/20/2017 12:43] [PENJUALAN] CASHIER FORM : calculateTotal [0]
[ADMIN] [2/20/2017 12:43] [PENJUALAN] CASHIER FORM : calculateTotal, totalAfterDisc [0]
[ADMIN] [2/20/2017 12:43] [PENJUALAN] CASHIER FORM : calculateChangeValue, bayarTextBox.Text [0]
[ADMIN] [2/20/2017 12:43] [PENJUALAN] CASHIER FORM : calculateChangeValue, sisaBayar [0]
[ADMIN] [2/20/2017 12:43] [PENJUALAN] CASHIER FORM : cashierDataGridView_CellValueChanged [discRP]
[ADMIN] [2/20/2017 12:43] [PENJUALAN] CASHIER FORM : TextBox_TextChanged, previousInput []
[ADMIN] [2/20/2017 12:43] [PENJUALAN] CASHIER FORM : TextBox_TextChanged, dataGridViewTextBoxEditingControl.Text pass REGEX Checking
[ADMIN] [2/20/2017 12:43] [PENJUALAN] CASHIER FORM : CALCULATE SUBTOTAL
[ADMIN] [2/20/2017 12:43] [PENJUALAN] CASHIER FORM : SUBTOTAL [0]
[ADMIN] [2/20/2017 12:43] [PENJUALAN] CASHIER FORM : TextBox_TextChanged, subtotal value [0]
[ADMIN] [2/20/2017 12:43] [PENJUALAN] CASHIER FORM : TextBox_TextChanged, attempt to calculate total value
[ADMIN] [2/20/2017 12:43] [PENJUALAN] CASHIER FORM : calculateTotal
[ADMIN] [2/20/2017 12:43] [PENJUALAN] CASHIER FORM : calculateTotal [0]
[ADMIN] [2/20/2017 12:43] [PENJUALAN] CASHIER FORM : calculateTotal, totalAfterDisc [0]
[ADMIN] [2/20/2017 12:43] [PENJUALAN] CASHIER FORM : calculateChangeValue, bayarTextBox.Text [0]
[ADMIN] [2/20/2017 12:43] [PENJUALAN] CASHIER FORM : calculateChangeValue, sisaBayar [0]
[ADMIN] [2/20/2017 12:43] [PENJUALAN] CASHIER FORM : cashierDataGridView_CellValueChanged [jumlah]
[ADMIN] [2/20/2017 12:43] [PENJUALAN] CASHIER FORM : cashierDataGridView_CellValueChanged [productName]
[ADMIN] [2/20/2017 12:43] [PENJUALAN] CASHIER FORM : cashierDataGridView_CellValueChanged [productName]
[ADMIN] [2/20/2017 12:43] [PENJUALAN] CASHIER FORM : UNREGISTER HOTKEY
[ADMIN] [2/20/2017 12:43] [PENJUALAN] CASHIER FORM : REGISTER HOTKEY
[ADMIN] [2/20/2017 12:43] [PENJUALAN] CASHIER FORM : UNREGISTER HOTKEY
[ADMIN] [2/20/2017 12:43] [PENJUALAN] CASHIER FORM : UNREGISTER HOTKEY
[ADMIN] [2/20/2017 12:43] [RETUR PENJUALAN] RETUR PENJUALAN : detailReturDataGridView_CellValueChanged [qty]
[ADMIN] [2/20/2017 12:43] [RETUR PENJUALAN] RETUR PENJUALAN : detailReturDataGridView_CellValueChanged [subtotal]
[ADMIN] [2/20/2017 12:43] [RETUR PENJUALAN] RETUR PENJUALAN : detailReturDataGridView_CellValueChanged [productName]
[ADMIN] [2/20/2017 12:43] [RETUR PENJUALAN] RETUR PENJUALAN : detailReturDataGridView_CellValueChanged [productName]
[ADMIN] [2/20/2017 12:43] [RETUR PENJUALAN] RETUR PENJUALAN : detailReturDataGridView_CellValueChanged [productPrice]
[ADMIN] [2/20/2017 12:43] [RETUR PENJUALAN] RETUR PENJUALAN : detailReturDataGridView_CellValueChanged [subtotal]
[ADMIN] [2/20/2017 12:43] [RETUR PENJUALAN] RETUR PENJUALAN : detailReturDataGridView_CellValueChanged [SOqty]
[ADMIN] [2/20/2017 12:43] [RETUR PENJUALAN] RETUR PENJUALAN : detailReturDataGridView_CellValueChanged [disc1]
[ADMIN] [2/20/2017 12:43] [RETUR PENJUALAN] RETUR PENJUALAN : detailReturDataGridView_CellValueChanged [disc2]
[ADMIN] [2/20/2017 12:43] [RETUR PENJUALAN] RETUR PENJUALAN : detailReturDataGridView_CellValueChanged [discRP]
[ADMIN] [2/20/2017 12:43] [] [POS SEARCH PRODUCT] D:\Project\Rejeki_Utama\_CODE_\Rejeki_Utama\Rejeki_Utama\bin\Debug\PRODUCT_PHOTO\ 
[ADMIN] [2/20/2017 12:43] [] [POS SEARCH PRODUCT] D:\Project\Rejeki_Utama\_CODE_\Rejeki_Utama\Rejeki_Utama\bin\Debug\PRODUCT_PHOTO\ 
[ADMIN] [2/20/2017 12:43] [] [POS SEARCH PRODUCT] D:\Project\Rejeki_Utama\_CODE_\Rejeki_Utama\Rejeki_Utama\bin\Debug\PRODUCT_PHOTO\ 
[ADMIN] [2/20/2017 12:43] [] [POS SEARCH PRODUCT] D:\Project\Rejeki_Utama\_CODE_\Rejeki_Utama\Rejeki_Utama\bin\Debug\PRODUCT_PHOTO\ 
[ADMIN] [2/20/2017 12:43] [] [POS SEARCH PRODUCT] D:\Project\Rejeki_Utama\_CODE_\Rejeki_Utama\Rejeki_Utama\bin\Debug\PRODUCT_PHOTO\ 
[ADMIN] [2/20/2017 12:43] [] [POS SEARCH PRODUCT] D:\Project\Rejeki_Utama\_CODE_\Rejeki_Utama\Rejeki_Utama\bin\Debug\PRODUCT_PHOTO\ 
[ADMIN] [2/20/2017 12:43] [] [POS SEARCH PRODUCT] D:\Project\Rejeki_Utama\_CODE_\Rejeki_Utama\Rejeki_Utama\bin\Debug\PRODUCT_PHOTO\ 
[ADMIN] [2/20/2017 12:43] [] [POS SEARCH PRODUCT] D:\Project\Rejeki_Utama\_CODE_\Rejeki_Utama\Rejeki_Utama\bin\Debug\PRODUCT_PHOTO\ 
[ADMIN] [2/20/2017 12:43] [] [POS SEARCH PRODUCT] D:\Project\Rejeki_Utama\_CODE_\Rejeki_Utama\Rejeki_Utama\bin\Debug\PRODUCT_PHOTO\ 
[ADMIN] [2/20/2017 12:44] [RETUR PENJUALAN] RETUR PENJUALAN : detailReturDataGridView_CellValueChanged [productID]
[ADMIN] [2/20/2017 12:44] [RETUR PENJUALAN] RETUR PENJUALAN : detailReturDataGridView_CellValueChanged [productName]
[ADMIN] [2/20/2017 12:44] [RETUR PENJUALAN] updateSomeRowsContent, PRODUCT_BASE_PRICE [0]
[ADMIN] [2/20/2017 12:44] [RETUR PENJUALAN] RETUR PENJUALAN : detailReturDataGridView_CellValueChanged [productPrice]
[ADMIN] [2/20/2017 12:44] [RETUR PENJUALAN] RETUR PENJUALAN : detailReturDataGridView_CellValueChanged [qty]
[ADMIN] [2/20/2017 12:44] [RETUR PENJUALAN] RETUR PENJUALAN : detailReturDataGridView_CellValueChanged [subtotal]
[ADMIN] [2/20/2017 12:44] [RETUR PENJUALAN] RETUR PENJUALAN : detailReturDataGridView_CellValueChanged [subtotal]
[ADMIN] [2/20/2017 12:44] [RETUR PENJUALAN] updateSomeRowsContent, attempt to calculate total
[ADMIN] [2/20/2017 12:44] [RETUR PENJUALAN] RETUR PENJUALAN : detailReturDataGridView_CellValueChanged [SOqty]
[ADMIN] [2/20/2017 12:44] [RETUR PENJUALAN] RETUR PENJUALAN : detailReturDataGridView_CellValueChanged [disc1]
[ADMIN] [2/20/2017 12:44] [RETUR PENJUALAN] RETUR PENJUALAN : detailReturDataGridView_CellValueChanged [disc2]
[ADMIN] [2/20/2017 12:44] [RETUR PENJUALAN] RETUR PENJUALAN : detailReturDataGridView_CellValueChanged [discRP]
[ADMIN] [2/20/2017 12:44] [RETUR PENJUALAN] RETUR PENJUALAN : detailReturDataGridView_CellValueChanged [subtotal]
[ADMIN] [2/20/2017 12:44] [RETUR PENJUALAN] RETUR PENJUALAN : detailReturDataGridView_CellValueChanged [productName]
[ADMIN] [2/20/2017 12:44] [RETUR PENJUALAN] RETUR PENJUALAN : detailReturDataGridView_CellValueChanged [productPrice]
[ADMIN] [2/20/2017 12:44] [RETUR PENJUALAN] RETUR PENJUALAN : detailReturDataGridView_CellValueChanged [subtotal]
[ADMIN] [2/20/2017 12:44] [RETUR PENJUALAN] RETUR PENJUALAN : detailReturDataGridView_CellValueChanged [qty]
[ADMIN] [2/20/2017 12:44] [RETUR PENJUALAN] RETUR PENJUALAN : detailReturDataGridView_CellValueChanged [subtotal]
[ADMIN] [2/20/2017 12:44] [RETUR PENJUALAN] RETUR PENJUALAN : detailReturDataGridView_CellValueChanged [SOqty]
[ADMIN] [2/20/2017 12:44] [RETUR PENJUALAN] RETUR PENJUALAN : detailReturDataGridView_CellValueChanged [disc1]
[ADMIN] [2/20/2017 12:44] [RETUR PENJUALAN] RETUR PENJUALAN : detailReturDataGridView_CellValueChanged [disc2]
[ADMIN] [2/20/2017 12:44] [RETUR PENJUALAN] RETUR PENJUALAN : detailReturDataGridView_CellValueChanged [discRP]
[ADMIN] [2/20/2017 12:44] [RETUR PENJUALAN] RETUR PENJUALAN : detailReturDataGridView_CellValueChanged [productName]
[ADMIN] [2/20/2017 12:44] [RETUR PENJUALAN] RETUR PENJUALAN : detailReturDataGridView_CellValueChanged [productName]
[ADMIN] [2/20/2017 12:44] [RETUR PENJUALAN] RETUR PENJUALAN : detailReturDataGridView_CellValueChanged [subtotal]
[ADMIN] [2/20/2017 12:44] [RETUR PENJUALAN] RETUR PENJUALAN : detailReturDataGridView_CellValueChanged [productName]
[ADMIN] [2/20/2017 12:44] [RETUR PENJUALAN] RETUR PENJUALAN : detailReturDataGridView_CellValueChanged [productName]
[ADMIN] [2/20/2017 12:44] [] [POS SEARCH PRODUCT] D:\Project\Rejeki_Utama\_CODE_\Rejeki_Utama\Rejeki_Utama\bin\Debug\PRODUCT_PHOTO\ 
[ADMIN] [2/20/2017 12:44] [RETUR PENJUALAN] RETUR PENJUALAN : detailReturDataGridView_CellValueChanged [productID]
[ADMIN] [2/20/2017 12:44] [RETUR PENJUALAN] RETUR PENJUALAN : detailReturDataGridView_CellValueChanged [productName]
[ADMIN] [2/20/2017 12:44] [RETUR PENJUALAN] updateSomeRowsContent, PRODUCT_BASE_PRICE [100]
[ADMIN] [2/20/2017 12:44] [RETUR PENJUALAN] RETUR PENJUALAN : detailReturDataGridView_CellValueChanged [productPrice]
[ADMIN] [2/20/2017 12:44] [RETUR PENJUALAN] RETUR PENJUALAN : detailReturDataGridView_CellValueChanged [qty]
[ADMIN] [2/20/2017 12:44] [RETUR PENJUALAN] RETUR PENJUALAN : detailReturDataGridView_CellValueChanged [subtotal]
[ADMIN] [2/20/2017 12:44] [RETUR PENJUALAN] RETUR PENJUALAN : detailReturDataGridView_CellValueChanged [subtotal]
[ADMIN] [2/20/2017 12:44] [RETUR PENJUALAN] updateSomeRowsContent, attempt to calculate total
[ADMIN] [2/20/2017 12:44] [RETUR PENJUALAN] RETUR PENJUALAN : detailReturDataGridView_CellValueChanged [SOqty]
[ADMIN] [2/20/2017 12:44] [RETUR PENJUALAN] RETUR PENJUALAN : detailReturDataGridView_CellValueChanged [disc1]
[ADMIN] [2/20/2017 12:44] [RETUR PENJUALAN] RETUR PENJUALAN : detailReturDataGridView_CellValueChanged [disc2]
[ADMIN] [2/20/2017 12:44] [RETUR PENJUALAN] RETUR PENJUALAN : detailReturDataGridView_CellValueChanged [discRP]
[ADMIN] [2/20/2017 12:44] [RETUR PENJUALAN] RETUR PENJUALAN : detailReturDataGridView_CellValueChanged [subtotal]
[ADMIN] [2/20/2017 12:44] [RETUR PENJUALAN] RETUR PENJUALAN : detailReturDataGridView_CellValueChanged [productName]
[ADMIN] [2/20/2017 12:44] [RETUR PENJUALAN] RETUR PENJUALAN : detailReturDataGridView_CellValueChanged [productPrice]
[ADMIN] [2/20/2017 12:44] [RETUR PENJUALAN] RETUR PENJUALAN : detailReturDataGridView_CellValueChanged [subtotal]
[ADMIN] [2/20/2017 12:44] [RETUR PENJUALAN] RETUR PENJUALAN : detailReturDataGridView_CellValueChanged [qty]
[ADMIN] [2/20/2017 12:44] [RETUR PENJUALAN] RETUR PENJUALAN : detailReturDataGridView_CellValueChanged [subtotal]
[ADMIN] [2/20/2017 12:44] [RETUR PENJUALAN] RETUR PENJUALAN : detailReturDataGridView_CellValueChanged [SOqty]
[ADMIN] [2/20/2017 12:44] [RETUR PENJUALAN] RETUR PENJUALAN : detailReturDataGridView_CellValueChanged [disc1]
[ADMIN] [2/20/2017 12:44] [RETUR PENJUALAN] RETUR PENJUALAN : detailReturDataGridView_CellValueChanged [disc2]
[ADMIN] [2/20/2017 12:44] [RETUR PENJUALAN] RETUR PENJUALAN : detailReturDataGridView_CellValueChanged [discRP]
[ADMIN] [2/20/2017 12:44] [RETUR PENJUALAN] RETUR PENJUALAN : detailReturDataGridView_CellValueChanged [subtotal]
[ADMIN] [2/20/2017 12:44] [PENJUALAN] CASHIER FORM : MULTIPLE CASHIER INSTANCE [1]
[ADMIN] [2/20/2017 12:44] [PENJUALAN] CASHIER FORM : REGISTER HOTKEY
[ADMIN] [2/20/2017 12:44] [PENJUALAN] CASHIER FORM : cashierForm_Load, ATTEMPT TO LOAD NO FAKTUR
[ADMIN] [2/20/2017 12:44] [PENJUALAN] CASHIER FORM : loadNoFaktur, noFakturValue [SLO001]
[ADMIN] [2/20/2017 12:44] [PENJUALAN] CASHIER FORM : cashierForm_Load, ATTEMPT TO addColumnToDataGrid
[ADMIN] [2/20/2017 12:44] [PENJUALAN] CASHIER FORM : REGISTER HOTKEY
[ADMIN] [2/20/2017 12:44] [PENJUALAN] CASHIER FORM : HOTKEY TO ADD NEW ROW PRESSED
[ADMIN] [2/20/2017 12:44] [PENJUALAN] CASHIER FORM : ADD NEW ROW,  isActive [True]
[ADMIN] [2/20/2017 12:44] [PENJUALAN] CASHIER FORM : ADD NEW ROW,  ROW COUNT [0]
[ADMIN] [2/20/2017 12:44] [PENJUALAN] CASHIER FORM : ADD NEW ROW,  ALLOW TO ADD [True]
[ADMIN] [2/20/2017 12:44] [PENJUALAN] CASHIER FORM : cashierDataGridView_CellValueChanged [F8]
[ADMIN] [2/20/2017 12:44] [PENJUALAN] CASHIER FORM : cashierDataGridView_CellValueChanged [hpp]
[ADMIN] [2/20/2017 12:44] [PENJUALAN] CASHIER FORM : cashierDataGridView_CellValueChanged [productPrice]
[ADMIN] [2/20/2017 12:44] [PENJUALAN] CASHIER FORM : TextBox_TextChanged, previousInput []
[ADMIN] [2/20/2017 12:44] [PENJUALAN] CASHIER FORM : TextBox_TextChanged, dataGridViewTextBoxEditingControl.Text pass REGEX Checking
[ADMIN] [2/20/2017 12:44] [PENJUALAN] CASHIER FORM : CALCULATE SUBTOTAL
[ADMIN] [2/20/2017 12:44] [PENJUALAN] CASHIER FORM : SUBTOTAL [0]
[ADMIN] [2/20/2017 12:44] [PENJUALAN] CASHIER FORM : TextBox_TextChanged, subtotal value [0]
[ADMIN] [2/20/2017 12:44] [PENJUALAN] CASHIER FORM : TextBox_TextChanged, attempt to calculate total value
[ADMIN] [2/20/2017 12:44] [PENJUALAN] CASHIER FORM : calculateTotal
[ADMIN] [2/20/2017 12:44] [PENJUALAN] CASHIER FORM : calculateTotal [0]
[ADMIN] [2/20/2017 12:44] [PENJUALAN] CASHIER FORM : calculateTotal, totalAfterDisc [0]
[ADMIN] [2/20/2017 12:44] [PENJUALAN] CASHIER FORM : calculateChangeValue, bayarTextBox.Text [0]
[ADMIN] [2/20/2017 12:44] [PENJUALAN] CASHIER FORM : calculateChangeValue, sisaBayar [0]
[ADMIN] [2/20/2017 12:44] [PENJUALAN] CASHIER FORM : cashierDataGridView_CellValueChanged [disc1]
[ADMIN] [2/20/2017 12:44] [PENJUALAN] CASHIER FORM : TextBox_TextChanged, previousInput []
[ADMIN] [2/20/2017 12:44] [PENJUALAN] CASHIER FORM : TextBox_TextChanged, dataGridViewTextBoxEditingControl.Text pass REGEX Checking
[ADMIN] [2/20/2017 12:44] [PENJUALAN] CASHIER FORM : CALCULATE SUBTOTAL
[ADMIN] [2/20/2017 12:44] [PENJUALAN] CASHIER FORM : SUBTOTAL [0]
[ADMIN] [2/20/2017 12:44] [PENJUALAN] CASHIER FORM : TextBox_TextChanged, subtotal value [0]
[ADMIN] [2/20/2017 12:44] [PENJUALAN] CASHIER FORM : TextBox_TextChanged, attempt to calculate total value
[ADMIN] [2/20/2017 12:44] [PENJUALAN] CASHIER FORM : calculateTotal
[ADMIN] [2/20/2017 12:44] [PENJUALAN] CASHIER FORM : calculateTotal [0]
[ADMIN] [2/20/2017 12:44] [PENJUALAN] CASHIER FORM : calculateTotal, totalAfterDisc [0]
[ADMIN] [2/20/2017 12:44] [PENJUALAN] CASHIER FORM : calculateChangeValue, bayarTextBox.Text [0]
[ADMIN] [2/20/2017 12:44] [PENJUALAN] CASHIER FORM : calculateChangeValue, sisaBayar [0]
[ADMIN] [2/20/2017 12:44] [PENJUALAN] CASHIER FORM : cashierDataGridView_CellValueChanged [qty]
[ADMIN] [2/20/2017 12:44] [PENJUALAN] CASHIER FORM : TextBox_TextChanged, previousInput []
[ADMIN] [2/20/2017 12:44] [PENJUALAN] CASHIER FORM : TextBox_TextChanged, dataGridViewTextBoxEditingControl.Text pass REGEX Checking
[ADMIN] [2/20/2017 12:44] [] CHECK STOCK QTY IS ENOUGH []
[ADMIN] [2/20/2017 12:44] [PENJUALAN] CASHIER FORM : CALCULATE SUBTOTAL
[ADMIN] [2/20/2017 12:44] [PENJUALAN] CASHIER FORM : SUBTOTAL [0]
[ADMIN] [2/20/2017 12:44] [PENJUALAN] CASHIER FORM : TextBox_TextChanged, subtotal value [0]
[ADMIN] [2/20/2017 12:44] [PENJUALAN] CASHIER FORM : TextBox_TextChanged, attempt to calculate total value
[ADMIN] [2/20/2017 12:44] [PENJUALAN] CASHIER FORM : calculateTotal
[ADMIN] [2/20/2017 12:44] [PENJUALAN] CASHIER FORM : calculateTotal [0]
[ADMIN] [2/20/2017 12:44] [PENJUALAN] CASHIER FORM : calculateTotal, totalAfterDisc [0]
[ADMIN] [2/20/2017 12:44] [PENJUALAN] CASHIER FORM : calculateChangeValue, bayarTextBox.Text [0]
[ADMIN] [2/20/2017 12:44] [PENJUALAN] CASHIER FORM : calculateChangeValue, sisaBayar [0]
[ADMIN] [2/20/2017 12:44] [PENJUALAN] CASHIER FORM : cashierDataGridView_CellValueChanged [disc2]
[ADMIN] [2/20/2017 12:44] [PENJUALAN] CASHIER FORM : TextBox_TextChanged, previousInput []
[ADMIN] [2/20/2017 12:44] [PENJUALAN] CASHIER FORM : TextBox_TextChanged, dataGridViewTextBoxEditingControl.Text pass REGEX Checking
[ADMIN] [2/20/2017 12:44] [PENJUALAN] CASHIER FORM : CALCULATE SUBTOTAL
[ADMIN] [2/20/2017 12:44] [PENJUALAN] CASHIER FORM : SUBTOTAL [0]
[ADMIN] [2/20/2017 12:44] [PENJUALAN] CASHIER FORM : TextBox_TextChanged, subtotal value [0]
[ADMIN] [2/20/2017 12:44] [PENJUALAN] CASHIER FORM : TextBox_TextChanged, attempt to calculate total value
[ADMIN] [2/20/2017 12:44] [PENJUALAN] CASHIER FORM : calculateTotal
[ADMIN] [2/20/2017 12:44] [PENJUALAN] CASHIER FORM : calculateTotal [0]
[ADMIN] [2/20/2017 12:44] [PENJUALAN] CASHIER FORM : calculateTotal, totalAfterDisc [0]
[ADMIN] [2/20/2017 12:44] [PENJUALAN] CASHIER FORM : calculateChangeValue, bayarTextBox.Text [0]
[ADMIN] [2/20/2017 12:44] [PENJUALAN] CASHIER FORM : calculateChangeValue, sisaBayar [0]
[ADMIN] [2/20/2017 12:44] [PENJUALAN] CASHIER FORM : cashierDataGridView_CellValueChanged [discRP]
[ADMIN] [2/20/2017 12:44] [PENJUALAN] CASHIER FORM : TextBox_TextChanged, previousInput []
[ADMIN] [2/20/2017 12:44] [PENJUALAN] CASHIER FORM : TextBox_TextChanged, dataGridViewTextBoxEditingControl.Text pass REGEX Checking
[ADMIN] [2/20/2017 12:44] [PENJUALAN] CASHIER FORM : CALCULATE SUBTOTAL
[ADMIN] [2/20/2017 12:44] [PENJUALAN] CASHIER FORM : SUBTOTAL [0]
[ADMIN] [2/20/2017 12:44] [PENJUALAN] CASHIER FORM : TextBox_TextChanged, subtotal value [0]
[ADMIN] [2/20/2017 12:44] [PENJUALAN] CASHIER FORM : TextBox_TextChanged, attempt to calculate total value
[ADMIN] [2/20/2017 12:44] [PENJUALAN] CASHIER FORM : calculateTotal
[ADMIN] [2/20/2017 12:44] [PENJUALAN] CASHIER FORM : calculateTotal [0]
[ADMIN] [2/20/2017 12:44] [PENJUALAN] CASHIER FORM : calculateTotal, totalAfterDisc [0]
[ADMIN] [2/20/2017 12:44] [PENJUALAN] CASHIER FORM : calculateChangeValue, bayarTextBox.Text [0]
[ADMIN] [2/20/2017 12:44] [PENJUALAN] CASHIER FORM : calculateChangeValue, sisaBayar [0]
[ADMIN] [2/20/2017 12:44] [PENJUALAN] CASHIER FORM : cashierDataGridView_CellValueChanged [jumlah]
[ADMIN] [2/20/2017 12:44] [PENJUALAN] CASHIER FORM : cashierDataGridView_CellValueChanged [productName]
[ADMIN] [2/20/2017 12:44] [PENJUALAN] CASHIER FORM : UNREGISTER HOTKEY
[ADMIN] [2/20/2017 12:44] [] [POS SEARCH PRODUCT] D:\Project\Rejeki_Utama\_CODE_\Rejeki_Utama\Rejeki_Utama\bin\Debug\PRODUCT_PHOTO\ 
[ADMIN] [2/20/2017 12:44] [PENJUALAN] CASHIER FORM : ADD NEW ROW FROM BARCODE [ANOTHER PRODUCT]
[ADMIN] [2/20/2017 12:44] [PENJUALAN] CASHIER FORM : cashierDataGridView_CellValueChanged [productID]
[ADMIN] [2/20/2017 12:44] [PENJUALAN] CASHIER FORM : cashierDataGridView_CellValueChanged [productName]
[ADMIN] [2/20/2017 12:44] [PENJUALAN] CASHIER FORM : PRODUCT PRICE TYPE [PRODUCT_BASE_PRICE]
[ADMIN] [2/20/2017 12:44] [PENJUALAN] CASHIER FORM : PRODUCT PRICE [10]
[ADMIN] [2/20/2017 12:44] [PENJUALAN] CASHIER FORM : ComboBox_SelectedIndexChanged, PRODUCT_BASE_PRICE [10]
[ADMIN] [2/20/2017 12:44] [PENJUALAN] CASHIER FORM : cashierDataGridView_CellValueChanged [hpp]
[ADMIN] [2/20/2017 12:44] [PENJUALAN] CASHIER FORM : PRODUCT PRICE TYPE [PRODUCT_RETAIL_PRICE]
[ADMIN] [2/20/2017 12:44] [PENJUALAN] CASHIER FORM : PRODUCT PRICE [1]
[ADMIN] [2/20/2017 12:44] [PENJUALAN] CASHIER FORM : ComboBox_SelectedIndexChanged, PRODUCT_SALES_PRICE [1]
[ADMIN] [2/20/2017 12:44] [PENJUALAN] CASHIER FORM : cashierDataGridView_CellValueChanged [productPrice]
[ADMIN] [2/20/2017 12:44] [PENJUALAN] CASHIER FORM : TextBox_TextChanged, previousInput []
[ADMIN] [2/20/2017 12:44] [PENJUALAN] CASHIER FORM : TextBox_TextChanged, dataGridViewTextBoxEditingControl.Text pass REGEX Checking
[ADMIN] [2/20/2017 12:44] [PENJUALAN] CASHIER FORM : CALCULATE SUBTOTAL
[ADMIN] [2/20/2017 12:44] [PENJUALAN] CASHIER FORM : SUBTOTAL [0]
[ADMIN] [2/20/2017 12:44] [PENJUALAN] CASHIER FORM : TextBox_TextChanged, subtotal value [0]
[ADMIN] [2/20/2017 12:44] [PENJUALAN] CASHIER FORM : TextBox_TextChanged, attempt to calculate total value
[ADMIN] [2/20/2017 12:44] [PENJUALAN] CASHIER FORM : calculateTotal
[ADMIN] [2/20/2017 12:44] [PENJUALAN] CASHIER FORM : calculateTotal [0]
[ADMIN] [2/20/2017 12:44] [PENJUALAN] CASHIER FORM : calculateTotal, totalAfterDisc [0]
[ADMIN] [2/20/2017 12:44] [PENJUALAN] CASHIER FORM : calculateChangeValue, bayarTextBox.Text [0]
[ADMIN] [2/20/2017 12:44] [PENJUALAN] CASHIER FORM : calculateChangeValue, sisaBayar [0]
[ADMIN] [2/20/2017 12:44] [PENJUALAN] CASHIER FORM : cashierDataGridView_CellValueChanged [qty]
[ADMIN] [2/20/2017 12:44] [PENJUALAN] CASHIER FORM : TextBox_TextChanged, previousInput []
[ADMIN] [2/20/2017 12:44] [PENJUALAN] CASHIER FORM : TextBox_TextChanged, dataGridViewTextBoxEditingControl.Text pass REGEX Checking
[ADMIN] [2/20/2017 12:44] [] CHECK STOCK QTY IS ENOUGH [1]
[ADMIN] [2/20/2017 12:44] [] CHECK STOCK QTY IS ENOUGH [-64, 0]
[ADMIN] [2/20/2017 12:44] [PENJUALAN] CASHIER FORM : cashierDataGridView_CellValueChanged [jumlah]
[ADMIN] [2/20/2017 12:44] [PENJUALAN] CASHIER FORM : ComboBox_SelectedIndexChanged, attempt to calculate total
[ADMIN] [2/20/2017 12:44] [PENJUALAN] CASHIER FORM : calculateTotal
[ADMIN] [2/20/2017 12:44] [PENJUALAN] CASHIER FORM : calculateTotal [0]
[ADMIN] [2/20/2017 12:44] [PENJUALAN] CASHIER FORM : calculateTotal, totalAfterDisc [0]
[ADMIN] [2/20/2017 12:44] [PENJUALAN] CASHIER FORM : calculateChangeValue, bayarTextBox.Text [0]
[ADMIN] [2/20/2017 12:44] [PENJUALAN] CASHIER FORM : calculateChangeValue, sisaBayar [0]
[ADMIN] [2/20/2017 12:44] [] CHECK STOCK QTY IS ENOUGH []
[ADMIN] [2/20/2017 12:44] [PENJUALAN] CASHIER FORM : cashierDataGridView_CellValueChanged [qty]
[ADMIN] [2/20/2017 12:44] [PENJUALAN] CASHIER FORM : TextBox_TextChanged, previousInput []
[ADMIN] [2/20/2017 12:44] [PENJUALAN] CASHIER FORM : TextBox_TextChanged, dataGridViewTextBoxEditingControl.Text pass REGEX Checking
[ADMIN] [2/20/2017 12:44] [] CHECK STOCK QTY IS ENOUGH [1]
[ADMIN] [2/20/2017 12:44] [] CHECK STOCK QTY IS ENOUGH [-64, 1]
[ADMIN] [2/20/2017 12:44] [PENJUALAN] CASHIER FORM : SET QTY TO 1 BECAUSE OF NEW ROW
[ADMIN] [2/20/2017 12:44] [PENJUALAN] CASHIER FORM : CALCULATE SUBTOTAL
[ADMIN] [2/20/2017 12:44] [PENJUALAN] CASHIER FORM : SUBTOTAL [1]
[ADMIN] [2/20/2017 12:44] [PENJUALAN] CASHIER FORM : cashierDataGridView_CellValueChanged [jumlah]
[ADMIN] [2/20/2017 12:44] [PENJUALAN] CASHIER FORM : calculateTotal
[ADMIN] [2/20/2017 12:44] [PENJUALAN] CASHIER FORM : calculateTotal [1]
[ADMIN] [2/20/2017 12:44] [PENJUALAN] CASHIER FORM : calculateTotal, totalAfterDisc [1]
[ADMIN] [2/20/2017 12:44] [PENJUALAN] CASHIER FORM : calculateChangeValue, bayarTextBox.Text [0]
[ADMIN] [2/20/2017 12:44] [PENJUALAN] CASHIER FORM : calculateChangeValue, sisaBayar [0]
[ADMIN] [2/20/2017 12:44] [] [POS SEARCH PRODUCT] D:\Project\Rejeki_Utama\_CODE_\Rejeki_Utama\Rejeki_Utama\bin\Debug\PRODUCT_PHOTO\ 
[ADMIN] [2/20/2017 12:44] [PENJUALAN] CASHIER FORM : REGISTER HOTKEY
[ADMIN] [2/20/2017 12:44] [PENJUALAN] CASHIER FORM : HOTKEY TO ADD NEW ROW PRESSED
[ADMIN] [2/20/2017 12:44] [PENJUALAN] CASHIER FORM : ADD NEW ROW,  isActive [True]
[ADMIN] [2/20/2017 12:44] [PENJUALAN] CASHIER FORM : ADD NEW ROW,  ROW COUNT [1]
[ADMIN] [2/20/2017 12:44] [PENJUALAN] CASHIER FORM : ADD NEW ROW,  ALLOW TO ADD [True]
[ADMIN] [2/20/2017 12:44] [PENJUALAN] CASHIER FORM : cashierDataGridView_CellValueChanged [F8]
[ADMIN] [2/20/2017 12:44] [PENJUALAN] CASHIER FORM : cashierDataGridView_CellValueChanged [hpp]
[ADMIN] [2/20/2017 12:44] [PENJUALAN] CASHIER FORM : cashierDataGridView_CellValueChanged [productPrice]
[ADMIN] [2/20/2017 12:44] [PENJUALAN] CASHIER FORM : TextBox_TextChanged, previousInput []
[ADMIN] [2/20/2017 12:44] [PENJUALAN] CASHIER FORM : TextBox_TextChanged, dataGridViewTextBoxEditingControl.Text pass REGEX Checking
[ADMIN] [2/20/2017 12:44] [PENJUALAN] CASHIER FORM : CALCULATE SUBTOTAL
[ADMIN] [2/20/2017 12:44] [PENJUALAN] CASHIER FORM : SUBTOTAL [0]
[ADMIN] [2/20/2017 12:44] [PENJUALAN] CASHIER FORM : TextBox_TextChanged, subtotal value [0]
[ADMIN] [2/20/2017 12:44] [PENJUALAN] CASHIER FORM : TextBox_TextChanged, attempt to calculate total value
[ADMIN] [2/20/2017 12:44] [PENJUALAN] CASHIER FORM : calculateTotal
[ADMIN] [2/20/2017 12:44] [PENJUALAN] CASHIER FORM : calculateTotal [1]
[ADMIN] [2/20/2017 12:44] [PENJUALAN] CASHIER FORM : calculateTotal, totalAfterDisc [1]
[ADMIN] [2/20/2017 12:44] [PENJUALAN] CASHIER FORM : calculateChangeValue, bayarTextBox.Text [0]
[ADMIN] [2/20/2017 12:44] [PENJUALAN] CASHIER FORM : calculateChangeValue, sisaBayar [0]
[ADMIN] [2/20/2017 12:44] [PENJUALAN] CASHIER FORM : cashierDataGridView_CellValueChanged [disc1]
[ADMIN] [2/20/2017 12:44] [PENJUALAN] CASHIER FORM : TextBox_TextChanged, previousInput []
[ADMIN] [2/20/2017 12:44] [PENJUALAN] CASHIER FORM : TextBox_TextChanged, dataGridViewTextBoxEditingControl.Text pass REGEX Checking
[ADMIN] [2/20/2017 12:44] [PENJUALAN] CASHIER FORM : CALCULATE SUBTOTAL
[ADMIN] [2/20/2017 12:44] [PENJUALAN] CASHIER FORM : SUBTOTAL [0]
[ADMIN] [2/20/2017 12:44] [PENJUALAN] CASHIER FORM : TextBox_TextChanged, subtotal value [0]
[ADMIN] [2/20/2017 12:44] [PENJUALAN] CASHIER FORM : TextBox_TextChanged, attempt to calculate total value
[ADMIN] [2/20/2017 12:44] [PENJUALAN] CASHIER FORM : calculateTotal
[ADMIN] [2/20/2017 12:44] [PENJUALAN] CASHIER FORM : calculateTotal [1]
[ADMIN] [2/20/2017 12:44] [PENJUALAN] CASHIER FORM : calculateTotal, totalAfterDisc [1]
[ADMIN] [2/20/2017 12:44] [PENJUALAN] CASHIER FORM : calculateChangeValue, bayarTextBox.Text [0]
[ADMIN] [2/20/2017 12:44] [PENJUALAN] CASHIER FORM : calculateChangeValue, sisaBayar [0]
[ADMIN] [2/20/2017 12:44] [PENJUALAN] CASHIER FORM : cashierDataGridView_CellValueChanged [qty]
[ADMIN] [2/20/2017 12:44] [PENJUALAN] CASHIER FORM : TextBox_TextChanged, previousInput []
[ADMIN] [2/20/2017 12:44] [PENJUALAN] CASHIER FORM : TextBox_TextChanged, dataGridViewTextBoxEditingControl.Text pass REGEX Checking
[ADMIN] [2/20/2017 12:44] [] CHECK STOCK QTY IS ENOUGH []
[ADMIN] [2/20/2017 12:44] [PENJUALAN] CASHIER FORM : CALCULATE SUBTOTAL
[ADMIN] [2/20/2017 12:44] [PENJUALAN] CASHIER FORM : SUBTOTAL [0]
[ADMIN] [2/20/2017 12:44] [PENJUALAN] CASHIER FORM : TextBox_TextChanged, subtotal value [0]
[ADMIN] [2/20/2017 12:44] [PENJUALAN] CASHIER FORM : TextBox_TextChanged, attempt to calculate total value
[ADMIN] [2/20/2017 12:44] [PENJUALAN] CASHIER FORM : calculateTotal
[ADMIN] [2/20/2017 12:44] [PENJUALAN] CASHIER FORM : calculateTotal [1]
[ADMIN] [2/20/2017 12:44] [PENJUALAN] CASHIER FORM : calculateTotal, totalAfterDisc [1]
[ADMIN] [2/20/2017 12:44] [PENJUALAN] CASHIER FORM : calculateChangeValue, bayarTextBox.Text [0]
[ADMIN] [2/20/2017 12:44] [PENJUALAN] CASHIER FORM : calculateChangeValue, sisaBayar [0]
[ADMIN] [2/20/2017 12:44] [PENJUALAN] CASHIER FORM : cashierDataGridView_CellValueChanged [disc2]
[ADMIN] [2/20/2017 12:44] [PENJUALAN] CASHIER FORM : TextBox_TextChanged, previousInput []
[ADMIN] [2/20/2017 12:44] [PENJUALAN] CASHIER FORM : TextBox_TextChanged, dataGridViewTextBoxEditingControl.Text pass REGEX Checking
[ADMIN] [2/20/2017 12:44] [PENJUALAN] CASHIER FORM : CALCULATE SUBTOTAL
[ADMIN] [2/20/2017 12:44] [PENJUALAN] CASHIER FORM : SUBTOTAL [0]
[ADMIN] [2/20/2017 12:44] [PENJUALAN] CASHIER FORM : TextBox_TextChanged, subtotal value [0]
[ADMIN] [2/20/2017 12:44] [PENJUALAN] CASHIER FORM : TextBox_TextChanged, attempt to calculate total value
[ADMIN] [2/20/2017 12:44] [PENJUALAN] CASHIER FORM : calculateTotal
[ADMIN] [2/20/2017 12:44] [PENJUALAN] CASHIER FORM : calculateTotal [1]
[ADMIN] [2/20/2017 12:44] [PENJUALAN] CASHIER FORM : calculateTotal, totalAfterDisc [1]
[ADMIN] [2/20/2017 12:44] [PENJUALAN] CASHIER FORM : calculateChangeValue, bayarTextBox.Text [0]
[ADMIN] [2/20/2017 12:44] [PENJUALAN] CASHIER FORM : calculateChangeValue, sisaBayar [0]
[ADMIN] [2/20/2017 12:44] [PENJUALAN] CASHIER FORM : cashierDataGridView_CellValueChanged [discRP]
[ADMIN] [2/20/2017 12:44] [PENJUALAN] CASHIER FORM : TextBox_TextChanged, previousInput []
[ADMIN] [2/20/2017 12:44] [PENJUALAN] CASHIER FORM : TextBox_TextChanged, dataGridViewTextBoxEditingControl.Text pass REGEX Checking
[ADMIN] [2/20/2017 12:44] [PENJUALAN] CASHIER FORM : CALCULATE SUBTOTAL
[ADMIN] [2/20/2017 12:44] [PENJUALAN] CASHIER FORM : SUBTOTAL [0]
[ADMIN] [2/20/2017 12:44] [PENJUALAN] CASHIER FORM : TextBox_TextChanged, subtotal value [0]
[ADMIN] [2/20/2017 12:44] [PENJUALAN] CASHIER FORM : TextBox_TextChanged, attempt to calculate total value
[ADMIN] [2/20/2017 12:44] [PENJUALAN] CASHIER FORM : calculateTotal
[ADMIN] [2/20/2017 12:44] [PENJUALAN] CASHIER FORM : calculateTotal [1]
[ADMIN] [2/20/2017 12:44] [PENJUALAN] CASHIER FORM : calculateTotal, totalAfterDisc [1]
[ADMIN] [2/20/2017 12:44] [PENJUALAN] CASHIER FORM : calculateChangeValue, bayarTextBox.Text [0]
[ADMIN] [2/20/2017 12:44] [PENJUALAN] CASHIER FORM : calculateChangeValue, sisaBayar [0]
[ADMIN] [2/20/2017 12:44] [PENJUALAN] CASHIER FORM : cashierDataGridView_CellValueChanged [jumlah]
[ADMIN] [2/20/2017 12:44] [PENJUALAN] CASHIER FORM : cashierDataGridView_CellValueChanged [productName]
[ADMIN] [2/20/2017 12:44] [PENJUALAN] CASHIER FORM : UNREGISTER HOTKEY
[ADMIN] [2/20/2017 12:44] [] [POS SEARCH PRODUCT] D:\Project\Rejeki_Utama\_CODE_\Rejeki_Utama\Rejeki_Utama\bin\Debug\PRODUCT_PHOTO\ 
[ADMIN] [2/20/2017 12:44] [PENJUALAN] CASHIER FORM : ADD NEW ROW FROM BARCODE [SFD]
[ADMIN] [2/20/2017 12:44] [PENJUALAN] CASHIER FORM : cashierDataGridView_CellValueChanged [productID]
[ADMIN] [2/20/2017 12:44] [PENJUALAN] CASHIER FORM : cashierDataGridView_CellValueChanged [productName]
[ADMIN] [2/20/2017 12:44] [PENJUALAN] CASHIER FORM : PRODUCT PRICE TYPE [PRODUCT_BASE_PRICE]
[ADMIN] [2/20/2017 12:44] [PENJUALAN] CASHIER FORM : PRODUCT PRICE [10]
[ADMIN] [2/20/2017 12:44] [PENJUALAN] CASHIER FORM : ComboBox_SelectedIndexChanged, PRODUCT_BASE_PRICE [10]
[ADMIN] [2/20/2017 12:44] [PENJUALAN] CASHIER FORM : cashierDataGridView_CellValueChanged [hpp]
[ADMIN] [2/20/2017 12:44] [PENJUALAN] CASHIER FORM : PRODUCT PRICE TYPE [PRODUCT_RETAIL_PRICE]
[ADMIN] [2/20/2017 12:44] [PENJUALAN] CASHIER FORM : PRODUCT PRICE [10]
[ADMIN] [2/20/2017 12:44] [PENJUALAN] CASHIER FORM : ComboBox_SelectedIndexChanged, PRODUCT_SALES_PRICE [10]
[ADMIN] [2/20/2017 12:44] [PENJUALAN] CASHIER FORM : cashierDataGridView_CellValueChanged [productPrice]
[ADMIN] [2/20/2017 12:44] [PENJUALAN] CASHIER FORM : TextBox_TextChanged, previousInput []
[ADMIN] [2/20/2017 12:44] [PENJUALAN] CASHIER FORM : TextBox_TextChanged, dataGridViewTextBoxEditingControl.Text pass REGEX Checking
[ADMIN] [2/20/2017 12:44] [PENJUALAN] CASHIER FORM : CALCULATE SUBTOTAL
[ADMIN] [2/20/2017 12:44] [PENJUALAN] CASHIER FORM : SUBTOTAL [0]
[ADMIN] [2/20/2017 12:44] [PENJUALAN] CASHIER FORM : TextBox_TextChanged, subtotal value [0]
[ADMIN] [2/20/2017 12:44] [PENJUALAN] CASHIER FORM : TextBox_TextChanged, attempt to calculate total value
[ADMIN] [2/20/2017 12:44] [PENJUALAN] CASHIER FORM : calculateTotal
[ADMIN] [2/20/2017 12:44] [PENJUALAN] CASHIER FORM : calculateTotal [1]
[ADMIN] [2/20/2017 12:44] [PENJUALAN] CASHIER FORM : calculateTotal, totalAfterDisc [1]
[ADMIN] [2/20/2017 12:44] [PENJUALAN] CASHIER FORM : calculateChangeValue, bayarTextBox.Text [0]
[ADMIN] [2/20/2017 12:44] [PENJUALAN] CASHIER FORM : calculateChangeValue, sisaBayar [0]
[ADMIN] [2/20/2017 12:44] [PENJUALAN] CASHIER FORM : cashierDataGridView_CellValueChanged [qty]
[ADMIN] [2/20/2017 12:44] [PENJUALAN] CASHIER FORM : TextBox_TextChanged, previousInput []
[ADMIN] [2/20/2017 12:44] [PENJUALAN] CASHIER FORM : TextBox_TextChanged, dataGridViewTextBoxEditingControl.Text pass REGEX Checking
[ADMIN] [2/20/2017 12:44] [] CHECK STOCK QTY IS ENOUGH [5]
[ADMIN] [2/20/2017 12:44] [] CHECK STOCK QTY IS ENOUGH [22, 0]
[ADMIN] [2/20/2017 12:44] [PENJUALAN] CASHIER FORM : CALCULATE SUBTOTAL
[ADMIN] [2/20/2017 12:44] [PENJUALAN] CASHIER FORM : SUBTOTAL [0]
[ADMIN] [2/20/2017 12:44] [PENJUALAN] CASHIER FORM : TextBox_TextChanged, subtotal value [0]
[ADMIN] [2/20/2017 12:44] [PENJUALAN] CASHIER FORM : TextBox_TextChanged, attempt to calculate total value
[ADMIN] [2/20/2017 12:44] [PENJUALAN] CASHIER FORM : calculateTotal
[ADMIN] [2/20/2017 12:44] [PENJUALAN] CASHIER FORM : calculateTotal [1]
[ADMIN] [2/20/2017 12:44] [PENJUALAN] CASHIER FORM : calculateTotal, totalAfterDisc [1]
[ADMIN] [2/20/2017 12:44] [PENJUALAN] CASHIER FORM : calculateChangeValue, bayarTextBox.Text [0]
[ADMIN] [2/20/2017 12:44] [PENJUALAN] CASHIER FORM : calculateChangeValue, sisaBayar [0]
[ADMIN] [2/20/2017 12:44] [PENJUALAN] CASHIER FORM : cashierDataGridView_CellValueChanged [jumlah]
[ADMIN] [2/20/2017 12:44] [PENJUALAN] CASHIER FORM : ComboBox_SelectedIndexChanged, attempt to calculate total
[ADMIN] [2/20/2017 12:44] [PENJUALAN] CASHIER FORM : calculateTotal
[ADMIN] [2/20/2017 12:44] [PENJUALAN] CASHIER FORM : calculateTotal [1]
[ADMIN] [2/20/2017 12:44] [PENJUALAN] CASHIER FORM : calculateTotal, totalAfterDisc [1]
[ADMIN] [2/20/2017 12:44] [PENJUALAN] CASHIER FORM : calculateChangeValue, bayarTextBox.Text [0]
[ADMIN] [2/20/2017 12:44] [PENJUALAN] CASHIER FORM : calculateChangeValue, sisaBayar [0]
[ADMIN] [2/20/2017 12:44] [] CHECK STOCK QTY IS ENOUGH []
[ADMIN] [2/20/2017 12:44] [PENJUALAN] CASHIER FORM : cashierDataGridView_CellValueChanged [qty]
[ADMIN] [2/20/2017 12:44] [PENJUALAN] CASHIER FORM : TextBox_TextChanged, previousInput []
[ADMIN] [2/20/2017 12:44] [PENJUALAN] CASHIER FORM : TextBox_TextChanged, dataGridViewTextBoxEditingControl.Text pass REGEX Checking
[ADMIN] [2/20/2017 12:44] [] CHECK STOCK QTY IS ENOUGH [5]
[ADMIN] [2/20/2017 12:44] [] CHECK STOCK QTY IS ENOUGH [22, 1]
[ADMIN] [2/20/2017 12:44] [PENJUALAN] CASHIER FORM : CALCULATE SUBTOTAL
[ADMIN] [2/20/2017 12:44] [PENJUALAN] CASHIER FORM : SUBTOTAL [10]
[ADMIN] [2/20/2017 12:44] [PENJUALAN] CASHIER FORM : TextBox_TextChanged, subtotal value [10]
[ADMIN] [2/20/2017 12:44] [PENJUALAN] CASHIER FORM : TextBox_TextChanged, attempt to calculate total value
[ADMIN] [2/20/2017 12:44] [PENJUALAN] CASHIER FORM : calculateTotal
[ADMIN] [2/20/2017 12:44] [PENJUALAN] CASHIER FORM : calculateTotal [11]
[ADMIN] [2/20/2017 12:44] [PENJUALAN] CASHIER FORM : calculateTotal, totalAfterDisc [11]
[ADMIN] [2/20/2017 12:44] [PENJUALAN] CASHIER FORM : calculateChangeValue, bayarTextBox.Text [0]
[ADMIN] [2/20/2017 12:44] [PENJUALAN] CASHIER FORM : calculateChangeValue, sisaBayar [0]
[ADMIN] [2/20/2017 12:44] [PENJUALAN] CASHIER FORM : SET QTY TO 1 BECAUSE OF NEW ROW
[ADMIN] [2/20/2017 12:44] [PENJUALAN] CASHIER FORM : CALCULATE SUBTOTAL
[ADMIN] [2/20/2017 12:44] [PENJUALAN] CASHIER FORM : SUBTOTAL [10]
[ADMIN] [2/20/2017 12:44] [PENJUALAN] CASHIER FORM : calculateTotal
[ADMIN] [2/20/2017 12:44] [PENJUALAN] CASHIER FORM : calculateTotal [11]
[ADMIN] [2/20/2017 12:44] [PENJUALAN] CASHIER FORM : calculateTotal, totalAfterDisc [11]
[ADMIN] [2/20/2017 12:44] [PENJUALAN] CASHIER FORM : calculateChangeValue, bayarTextBox.Text [0]
[ADMIN] [2/20/2017 12:44] [PENJUALAN] CASHIER FORM : calculateChangeValue, sisaBayar [0]
[ADMIN] [2/20/2017 12:44] [] [POS SEARCH PRODUCT] D:\Project\Rejeki_Utama\_CODE_\Rejeki_Utama\Rejeki_Utama\bin\Debug\PRODUCT_PHOTO\ 
[ADMIN] [2/20/2017 12:44] [PENJUALAN] CASHIER FORM : REGISTER HOTKEY
[ADMIN] [2/20/2017 12:45] [PENJUALAN] CASHIER FORM : HOTKEY TO ADD NEW ROW PRESSED
[ADMIN] [2/20/2017 12:45] [PENJUALAN] CASHIER FORM : ADD NEW ROW,  isActive [True]
[ADMIN] [2/20/2017 12:45] [PENJUALAN] CASHIER FORM : ADD NEW ROW,  ROW COUNT [2]
[ADMIN] [2/20/2017 12:45] [PENJUALAN] CASHIER FORM : ADD NEW ROW,  ALLOW TO ADD [True]
[ADMIN] [2/20/2017 12:45] [PENJUALAN] CASHIER FORM : cashierDataGridView_CellValueChanged [F8]
[ADMIN] [2/20/2017 12:45] [PENJUALAN] CASHIER FORM : cashierDataGridView_CellValueChanged [hpp]
[ADMIN] [2/20/2017 12:45] [PENJUALAN] CASHIER FORM : cashierDataGridView_CellValueChanged [productPrice]
[ADMIN] [2/20/2017 12:45] [PENJUALAN] CASHIER FORM : TextBox_TextChanged, previousInput []
[ADMIN] [2/20/2017 12:45] [PENJUALAN] CASHIER FORM : TextBox_TextChanged, dataGridViewTextBoxEditingControl.Text pass REGEX Checking
[ADMIN] [2/20/2017 12:45] [PENJUALAN] CASHIER FORM : CALCULATE SUBTOTAL
[ADMIN] [2/20/2017 12:45] [PENJUALAN] CASHIER FORM : SUBTOTAL [0]
[ADMIN] [2/20/2017 12:45] [PENJUALAN] CASHIER FORM : TextBox_TextChanged, subtotal value [0]
[ADMIN] [2/20/2017 12:45] [PENJUALAN] CASHIER FORM : TextBox_TextChanged, attempt to calculate total value
[ADMIN] [2/20/2017 12:45] [PENJUALAN] CASHIER FORM : calculateTotal
[ADMIN] [2/20/2017 12:45] [PENJUALAN] CASHIER FORM : calculateTotal [11]
[ADMIN] [2/20/2017 12:45] [PENJUALAN] CASHIER FORM : calculateTotal, totalAfterDisc [11]
[ADMIN] [2/20/2017 12:45] [PENJUALAN] CASHIER FORM : calculateChangeValue, bayarTextBox.Text [0]
[ADMIN] [2/20/2017 12:45] [PENJUALAN] CASHIER FORM : calculateChangeValue, sisaBayar [0]
[ADMIN] [2/20/2017 12:45] [PENJUALAN] CASHIER FORM : cashierDataGridView_CellValueChanged [disc1]
[ADMIN] [2/20/2017 12:45] [PENJUALAN] CASHIER FORM : TextBox_TextChanged, previousInput []
[ADMIN] [2/20/2017 12:45] [PENJUALAN] CASHIER FORM : TextBox_TextChanged, dataGridViewTextBoxEditingControl.Text pass REGEX Checking
[ADMIN] [2/20/2017 12:45] [PENJUALAN] CASHIER FORM : CALCULATE SUBTOTAL
[ADMIN] [2/20/2017 12:45] [PENJUALAN] CASHIER FORM : SUBTOTAL [0]
[ADMIN] [2/20/2017 12:45] [PENJUALAN] CASHIER FORM : TextBox_TextChanged, subtotal value [0]
[ADMIN] [2/20/2017 12:45] [PENJUALAN] CASHIER FORM : TextBox_TextChanged, attempt to calculate total value
[ADMIN] [2/20/2017 12:45] [PENJUALAN] CASHIER FORM : calculateTotal
[ADMIN] [2/20/2017 12:45] [PENJUALAN] CASHIER FORM : calculateTotal [11]
[ADMIN] [2/20/2017 12:45] [PENJUALAN] CASHIER FORM : calculateTotal, totalAfterDisc [11]
[ADMIN] [2/20/2017 12:45] [PENJUALAN] CASHIER FORM : calculateChangeValue, bayarTextBox.Text [0]
[ADMIN] [2/20/2017 12:45] [PENJUALAN] CASHIER FORM : calculateChangeValue, sisaBayar [0]
[ADMIN] [2/20/2017 12:45] [PENJUALAN] CASHIER FORM : cashierDataGridView_CellValueChanged [qty]
[ADMIN] [2/20/2017 12:45] [PENJUALAN] CASHIER FORM : TextBox_TextChanged, previousInput []
[ADMIN] [2/20/2017 12:45] [PENJUALAN] CASHIER FORM : TextBox_TextChanged, dataGridViewTextBoxEditingControl.Text pass REGEX Checking
[ADMIN] [2/20/2017 12:45] [] CHECK STOCK QTY IS ENOUGH []
[ADMIN] [2/20/2017 12:45] [PENJUALAN] CASHIER FORM : CALCULATE SUBTOTAL
[ADMIN] [2/20/2017 12:45] [PENJUALAN] CASHIER FORM : SUBTOTAL [0]
[ADMIN] [2/20/2017 12:45] [PENJUALAN] CASHIER FORM : TextBox_TextChanged, subtotal value [0]
[ADMIN] [2/20/2017 12:45] [PENJUALAN] CASHIER FORM : TextBox_TextChanged, attempt to calculate total value
[ADMIN] [2/20/2017 12:45] [PENJUALAN] CASHIER FORM : calculateTotal
[ADMIN] [2/20/2017 12:45] [PENJUALAN] CASHIER FORM : calculateTotal [11]
[ADMIN] [2/20/2017 12:45] [PENJUALAN] CASHIER FORM : calculateTotal, totalAfterDisc [11]
[ADMIN] [2/20/2017 12:45] [PENJUALAN] CASHIER FORM : calculateChangeValue, bayarTextBox.Text [0]
[ADMIN] [2/20/2017 12:45] [PENJUALAN] CASHIER FORM : calculateChangeValue, sisaBayar [0]
[ADMIN] [2/20/2017 12:45] [PENJUALAN] CASHIER FORM : cashierDataGridView_CellValueChanged [disc2]
[ADMIN] [2/20/2017 12:45] [PENJUALAN] CASHIER FORM : TextBox_TextChanged, previousInput []
[ADMIN] [2/20/2017 12:45] [PENJUALAN] CASHIER FORM : TextBox_TextChanged, dataGridViewTextBoxEditingControl.Text pass REGEX Checking
[ADMIN] [2/20/2017 12:45] [PENJUALAN] CASHIER FORM : CALCULATE SUBTOTAL
[ADMIN] [2/20/2017 12:45] [PENJUALAN] CASHIER FORM : SUBTOTAL [0]
[ADMIN] [2/20/2017 12:45] [PENJUALAN] CASHIER FORM : TextBox_TextChanged, subtotal value [0]
[ADMIN] [2/20/2017 12:45] [PENJUALAN] CASHIER FORM : TextBox_TextChanged, attempt to calculate total value
[ADMIN] [2/20/2017 12:45] [PENJUALAN] CASHIER FORM : calculateTotal
[ADMIN] [2/20/2017 12:45] [PENJUALAN] CASHIER FORM : calculateTotal [11]
[ADMIN] [2/20/2017 12:45] [PENJUALAN] CASHIER FORM : calculateTotal, totalAfterDisc [11]
[ADMIN] [2/20/2017 12:45] [PENJUALAN] CASHIER FORM : calculateChangeValue, bayarTextBox.Text [0]
[ADMIN] [2/20/2017 12:45] [PENJUALAN] CASHIER FORM : calculateChangeValue, sisaBayar [0]
[ADMIN] [2/20/2017 12:45] [PENJUALAN] CASHIER FORM : cashierDataGridView_CellValueChanged [discRP]
[ADMIN] [2/20/2017 12:45] [PENJUALAN] CASHIER FORM : TextBox_TextChanged, previousInput []
[ADMIN] [2/20/2017 12:45] [PENJUALAN] CASHIER FORM : TextBox_TextChanged, dataGridViewTextBoxEditingControl.Text pass REGEX Checking
[ADMIN] [2/20/2017 12:45] [PENJUALAN] CASHIER FORM : CALCULATE SUBTOTAL
[ADMIN] [2/20/2017 12:45] [PENJUALAN] CASHIER FORM : SUBTOTAL [0]
[ADMIN] [2/20/2017 12:45] [PENJUALAN] CASHIER FORM : TextBox_TextChanged, subtotal value [0]
[ADMIN] [2/20/2017 12:45] [PENJUALAN] CASHIER FORM : TextBox_TextChanged, attempt to calculate total value
[ADMIN] [2/20/2017 12:45] [PENJUALAN] CASHIER FORM : calculateTotal
[ADMIN] [2/20/2017 12:45] [PENJUALAN] CASHIER FORM : calculateTotal [11]
[ADMIN] [2/20/2017 12:45] [PENJUALAN] CASHIER FORM : calculateTotal, totalAfterDisc [11]
[ADMIN] [2/20/2017 12:45] [PENJUALAN] CASHIER FORM : calculateChangeValue, bayarTextBox.Text [0]
[ADMIN] [2/20/2017 12:45] [PENJUALAN] CASHIER FORM : calculateChangeValue, sisaBayar [0]
[ADMIN] [2/20/2017 12:45] [PENJUALAN] CASHIER FORM : cashierDataGridView_CellValueChanged [jumlah]
[ADMIN] [2/20/2017 12:45] [PENJUALAN] CASHIER FORM : cashierDataGridView_CellValueChanged [productName]
[ADMIN] [2/20/2017 12:45] [PENJUALAN] CASHIER FORM : UNREGISTER HOTKEY
[ADMIN] [2/20/2017 12:45] [] [POS SEARCH PRODUCT] D:\Project\Rejeki_Utama\_CODE_\Rejeki_Utama\Rejeki_Utama\bin\Debug\PRODUCT_PHOTO\ 
[ADMIN] [2/20/2017 12:45] [PENJUALAN] CASHIER FORM : ADD NEW ROW FROM BARCODE [ANOTHER PRODUCT]
[ADMIN] [2/20/2017 12:45] [PENJUALAN] CASHIER FORM : cashierDataGridView_CellValueChanged [productID]
[ADMIN] [2/20/2017 12:45] [PENJUALAN] CASHIER FORM : cashierDataGridView_CellValueChanged [productName]
[ADMIN] [2/20/2017 12:45] [PENJUALAN] CASHIER FORM : PRODUCT PRICE TYPE [PRODUCT_BASE_PRICE]
[ADMIN] [2/20/2017 12:45] [PENJUALAN] CASHIER FORM : PRODUCT PRICE [10]
[ADMIN] [2/20/2017 12:45] [PENJUALAN] CASHIER FORM : ComboBox_SelectedIndexChanged, PRODUCT_BASE_PRICE [10]
[ADMIN] [2/20/2017 12:45] [PENJUALAN] CASHIER FORM : cashierDataGridView_CellValueChanged [hpp]
[ADMIN] [2/20/2017 12:45] [PENJUALAN] CASHIER FORM : PRODUCT PRICE TYPE [PRODUCT_RETAIL_PRICE]
[ADMIN] [2/20/2017 12:45] [PENJUALAN] CASHIER FORM : PRODUCT PRICE [1]
[ADMIN] [2/20/2017 12:45] [PENJUALAN] CASHIER FORM : ComboBox_SelectedIndexChanged, PRODUCT_SALES_PRICE [1]
[ADMIN] [2/20/2017 12:45] [PENJUALAN] CASHIER FORM : cashierDataGridView_CellValueChanged [productPrice]
[ADMIN] [2/20/2017 12:45] [PENJUALAN] CASHIER FORM : TextBox_TextChanged, previousInput []
[ADMIN] [2/20/2017 12:45] [PENJUALAN] CASHIER FORM : TextBox_TextChanged, dataGridViewTextBoxEditingControl.Text pass REGEX Checking
[ADMIN] [2/20/2017 12:45] [PENJUALAN] CASHIER FORM : CALCULATE SUBTOTAL
[ADMIN] [2/20/2017 12:45] [PENJUALAN] CASHIER FORM : SUBTOTAL [0]
[ADMIN] [2/20/2017 12:45] [PENJUALAN] CASHIER FORM : TextBox_TextChanged, subtotal value [0]
[ADMIN] [2/20/2017 12:45] [PENJUALAN] CASHIER FORM : TextBox_TextChanged, attempt to calculate total value
[ADMIN] [2/20/2017 12:45] [PENJUALAN] CASHIER FORM : calculateTotal
[ADMIN] [2/20/2017 12:45] [PENJUALAN] CASHIER FORM : calculateTotal [11]
[ADMIN] [2/20/2017 12:45] [PENJUALAN] CASHIER FORM : calculateTotal, totalAfterDisc [11]
[ADMIN] [2/20/2017 12:45] [PENJUALAN] CASHIER FORM : calculateChangeValue, bayarTextBox.Text [0]
[ADMIN] [2/20/2017 12:45] [PENJUALAN] CASHIER FORM : calculateChangeValue, sisaBayar [0]
[ADMIN] [2/20/2017 12:45] [PENJUALAN] CASHIER FORM : cashierDataGridView_CellValueChanged [qty]
[ADMIN] [2/20/2017 12:45] [PENJUALAN] CASHIER FORM : TextBox_TextChanged, previousInput []
[ADMIN] [2/20/2017 12:45] [PENJUALAN] CASHIER FORM : TextBox_TextChanged, dataGridViewTextBoxEditingControl.Text pass REGEX Checking
[ADMIN] [2/20/2017 12:45] [] CHECK STOCK QTY IS ENOUGH [1]
[ADMIN] [2/20/2017 12:45] [] CHECK STOCK QTY IS ENOUGH [-64, 0]
[ADMIN] [2/20/2017 12:45] [PENJUALAN] CASHIER FORM : cashierDataGridView_CellValueChanged [jumlah]
[ADMIN] [2/20/2017 12:45] [PENJUALAN] CASHIER FORM : ComboBox_SelectedIndexChanged, attempt to calculate total
[ADMIN] [2/20/2017 12:45] [PENJUALAN] CASHIER FORM : calculateTotal
[ADMIN] [2/20/2017 12:45] [PENJUALAN] CASHIER FORM : calculateTotal [11]
[ADMIN] [2/20/2017 12:45] [PENJUALAN] CASHIER FORM : calculateTotal, totalAfterDisc [11]
[ADMIN] [2/20/2017 12:45] [PENJUALAN] CASHIER FORM : calculateChangeValue, bayarTextBox.Text [0]
[ADMIN] [2/20/2017 12:45] [PENJUALAN] CASHIER FORM : calculateChangeValue, sisaBayar [0]
[ADMIN] [2/20/2017 12:45] [] CHECK STOCK QTY IS ENOUGH []
[ADMIN] [2/20/2017 12:45] [PENJUALAN] CASHIER FORM : cashierDataGridView_CellValueChanged [qty]
[ADMIN] [2/20/2017 12:45] [PENJUALAN] CASHIER FORM : TextBox_TextChanged, previousInput []
[ADMIN] [2/20/2017 12:45] [PENJUALAN] CASHIER FORM : TextBox_TextChanged, dataGridViewTextBoxEditingControl.Text pass REGEX Checking
[ADMIN] [2/20/2017 12:45] [] CHECK STOCK QTY IS ENOUGH [1]
[ADMIN] [2/20/2017 12:45] [] CHECK STOCK QTY IS ENOUGH [-64, 1]
[ADMIN] [2/20/2017 12:45] [PENJUALAN] CASHIER FORM : SET QTY TO 1 BECAUSE OF NEW ROW
[ADMIN] [2/20/2017 12:45] [PENJUALAN] CASHIER FORM : CALCULATE SUBTOTAL
[ADMIN] [2/20/2017 12:45] [PENJUALAN] CASHIER FORM : SUBTOTAL [1]
[ADMIN] [2/20/2017 12:45] [PENJUALAN] CASHIER FORM : cashierDataGridView_CellValueChanged [jumlah]
[ADMIN] [2/20/2017 12:45] [PENJUALAN] CASHIER FORM : calculateTotal
[ADMIN] [2/20/2017 12:45] [PENJUALAN] CASHIER FORM : calculateTotal [12]
[ADMIN] [2/20/2017 12:45] [PENJUALAN] CASHIER FORM : calculateTotal, totalAfterDisc [12]
[ADMIN] [2/20/2017 12:45] [PENJUALAN] CASHIER FORM : calculateChangeValue, bayarTextBox.Text [0]
[ADMIN] [2/20/2017 12:45] [PENJUALAN] CASHIER FORM : calculateChangeValue, sisaBayar [0]
[ADMIN] [2/20/2017 12:45] [PENJUALAN] CASHIER FORM : REGISTER HOTKEY
[ADMIN] [2/20/2017 12:45] [PENJUALAN] CASHIER FORM : cashierDataGridView_CellValueChanged [qty]
[ADMIN] [2/20/2017 12:45] [PENJUALAN] CASHIER FORM : TextBox_TextChanged, previousInput []
[ADMIN] [2/20/2017 12:45] [PENJUALAN] CASHIER FORM : TextBox_TextChanged, dataGridViewTextBoxEditingControl.Text pass REGEX Checking
[ADMIN] [2/20/2017 12:45] [] CHECK STOCK QTY IS ENOUGH [1]
[ADMIN] [2/20/2017 12:45] [] CHECK STOCK QTY IS ENOUGH [-64, 2]
[ADMIN] [2/20/2017 12:45] [PENJUALAN] CASHIER FORM : cashierDataGridView_CellValueChanged [qty]
[ADMIN] [2/20/2017 12:45] [PENJUALAN] CASHIER FORM : TextBox_TextChanged, previousInput []
[ADMIN] [2/20/2017 12:45] [PENJUALAN] CASHIER FORM : TextBox_TextChanged, dataGridViewTextBoxEditingControl.Text pass REGEX Checking
[ADMIN] [2/20/2017 12:45] [] CHECK STOCK QTY IS ENOUGH [1]
[ADMIN] [2/20/2017 12:45] [] CHECK STOCK QTY IS ENOUGH [-64, 20]
[ADMIN] [2/20/2017 12:45] [PENJUALAN] CASHIER FORM : cashierDataGridView_CellValueChanged [qty]
[ADMIN] [2/20/2017 12:45] [PENJUALAN] CASHIER FORM : TextBox_TextChanged, previousInput []
[ADMIN] [2/20/2017 12:45] [PENJUALAN] CASHIER FORM : TextBox_TextChanged, dataGridViewTextBoxEditingControl.Text pass REGEX Checking
[ADMIN] [2/20/2017 12:45] [] CHECK STOCK QTY IS ENOUGH [1]
[ADMIN] [2/20/2017 12:45] [] CHECK STOCK QTY IS ENOUGH [-64, 0]
[ADMIN] [2/20/2017 12:45] [PENJUALAN] CASHIER FORM : cashierDataGridView_CellValueChanged [qty]
[ADMIN] [2/20/2017 12:45] [PENJUALAN] CASHIER FORM : TextBox_TextChanged, previousInput []
[ADMIN] [2/20/2017 12:45] [PENJUALAN] CASHIER FORM : TextBox_TextChanged, dataGridViewTextBoxEditingControl.Text pass REGEX Checking
[ADMIN] [2/20/2017 12:45] [] CHECK STOCK QTY IS ENOUGH [1]
[ADMIN] [2/20/2017 12:45] [] CHECK STOCK QTY IS ENOUGH [-64, 1]
[ADMIN] [2/20/2017 12:45] [PENJUALAN] CASHIER FORM : cashierDataGridView_CellValueChanged [qty]
[ADMIN] [2/20/2017 12:45] [PENJUALAN] CASHIER FORM : TextBox_TextChanged, previousInput []
[ADMIN] [2/20/2017 12:45] [PENJUALAN] CASHIER FORM : TextBox_TextChanged, dataGridViewTextBoxEditingControl.Text pass REGEX Checking
[ADMIN] [2/20/2017 12:45] [] CHECK STOCK QTY IS ENOUGH [1]
[ADMIN] [2/20/2017 12:45] [] CHECK STOCK QTY IS ENOUGH [-64, 2]
[ADMIN] [2/20/2017 12:45] [PENJUALAN] CASHIER FORM : cashierDataGridView_CellValueChanged [qty]
[ADMIN] [2/20/2017 12:45] [PENJUALAN] CASHIER FORM : TextBox_TextChanged, previousInput []
[ADMIN] [2/20/2017 12:45] [PENJUALAN] CASHIER FORM : TextBox_TextChanged, dataGridViewTextBoxEditingControl.Text pass REGEX Checking
[ADMIN] [2/20/2017 12:45] [] CHECK STOCK QTY IS ENOUGH [1]
[ADMIN] [2/20/2017 12:45] [] CHECK STOCK QTY IS ENOUGH [-64, 0]
[ADMIN] [2/20/2017 12:45] [PENJUALAN] CASHIER FORM : UNREGISTER HOTKEY
[ADMIN] [2/20/2017 12:45] [PENJUALAN] CASHIER FORM : REGISTER HOTKEY
[ADMIN] [2/20/2017 12:45] [PENJUALAN] CASHIER FORM : UNREGISTER HOTKEY
[ADMIN] [2/20/2017 13:51] [PENJUALAN] CASHIER FORM : REGISTER HOTKEY
[ADMIN] [2/20/2017 13:51] [PENJUALAN] CASHIER FORM : cashierDataGridView_CellValueChanged [qty]
[ADMIN] [2/20/2017 13:51] [PENJUALAN] CASHIER FORM : TextBox_TextChanged, previousInput []
[ADMIN] [2/20/2017 13:51] [PENJUALAN] CASHIER FORM : TextBox_TextChanged, dataGridViewTextBoxEditingControl.Text pass REGEX Checking
[ADMIN] [2/20/2017 13:51] [] CHECK STOCK QTY IS ENOUGH [1]
[ADMIN] [2/20/2017 13:51] [] CHECK STOCK QTY IS ENOUGH [29, 2]
[ADMIN] [2/20/2017 13:51] [PENJUALAN] CASHIER FORM : CALCULATE SUBTOTAL
[ADMIN] [2/20/2017 13:51] [PENJUALAN] CASHIER FORM : SUBTOTAL [2]
[ADMIN] [2/20/2017 13:51] [PENJUALAN] CASHIER FORM : TextBox_TextChanged, subtotal value [2]
[ADMIN] [2/20/2017 13:51] [PENJUALAN] CASHIER FORM : TextBox_TextChanged, attempt to calculate total value
[ADMIN] [2/20/2017 13:51] [PENJUALAN] CASHIER FORM : calculateTotal
[ADMIN] [2/20/2017 13:51] [PENJUALAN] CASHIER FORM : calculateTotal [13]
[ADMIN] [2/20/2017 13:51] [PENJUALAN] CASHIER FORM : calculateTotal, totalAfterDisc [13]
[ADMIN] [2/20/2017 13:51] [PENJUALAN] CASHIER FORM : calculateChangeValue, bayarTextBox.Text [0]
[ADMIN] [2/20/2017 13:51] [PENJUALAN] CASHIER FORM : calculateChangeValue, sisaBayar [0]
[ADMIN] [2/20/2017 13:51] [PENJUALAN] CASHIER FORM : cashierDataGridView_CellValueChanged [qty]
[ADMIN] [2/20/2017 13:51] [PENJUALAN] CASHIER FORM : TextBox_TextChanged, previousInput []
[ADMIN] [2/20/2017 13:51] [PENJUALAN] CASHIER FORM : TextBox_TextChanged, dataGridViewTextBoxEditingControl.Text pass REGEX Checking
[ADMIN] [2/20/2017 13:51] [] CHECK STOCK QTY IS ENOUGH [1]
[ADMIN] [2/20/2017 13:51] [] CHECK STOCK QTY IS ENOUGH [29, 20]
[ADMIN] [2/20/2017 13:51] [PENJUALAN] CASHIER FORM : CALCULATE SUBTOTAL
[ADMIN] [2/20/2017 13:51] [PENJUALAN] CASHIER FORM : SUBTOTAL [20]
[ADMIN] [2/20/2017 13:51] [PENJUALAN] CASHIER FORM : TextBox_TextChanged, subtotal value [20]
[ADMIN] [2/20/2017 13:51] [PENJUALAN] CASHIER FORM : TextBox_TextChanged, attempt to calculate total value
[ADMIN] [2/20/2017 13:51] [PENJUALAN] CASHIER FORM : calculateTotal
[ADMIN] [2/20/2017 13:51] [PENJUALAN] CASHIER FORM : calculateTotal [31]
[ADMIN] [2/20/2017 13:51] [PENJUALAN] CASHIER FORM : calculateTotal, totalAfterDisc [31]
[ADMIN] [2/20/2017 13:51] [PENJUALAN] CASHIER FORM : calculateChangeValue, bayarTextBox.Text [0]
[ADMIN] [2/20/2017 13:51] [PENJUALAN] CASHIER FORM : calculateChangeValue, sisaBayar [0]
[ADMIN] [2/20/2017 13:51] [PENJUALAN] CASHIER FORM : cashierDataGridView_CellValueChanged [qty]
[ADMIN] [2/20/2017 13:51] [PENJUALAN] CASHIER FORM : TextBox_TextChanged, previousInput []
[ADMIN] [2/20/2017 13:51] [PENJUALAN] CASHIER FORM : TextBox_TextChanged, dataGridViewTextBoxEditingControl.Text pass REGEX Checking
[ADMIN] [2/20/2017 13:51] [] CHECK STOCK QTY IS ENOUGH [1]
[ADMIN] [2/20/2017 13:51] [] CHECK STOCK QTY IS ENOUGH [29, 2]
[ADMIN] [2/20/2017 13:51] [PENJUALAN] CASHIER FORM : CALCULATE SUBTOTAL
[ADMIN] [2/20/2017 13:51] [PENJUALAN] CASHIER FORM : SUBTOTAL [2]
[ADMIN] [2/20/2017 13:51] [PENJUALAN] CASHIER FORM : TextBox_TextChanged, subtotal value [2]
[ADMIN] [2/20/2017 13:51] [PENJUALAN] CASHIER FORM : TextBox_TextChanged, attempt to calculate total value
[ADMIN] [2/20/2017 13:51] [PENJUALAN] CASHIER FORM : calculateTotal
[ADMIN] [2/20/2017 13:51] [PENJUALAN] CASHIER FORM : calculateTotal [13]
[ADMIN] [2/20/2017 13:51] [PENJUALAN] CASHIER FORM : calculateTotal, totalAfterDisc [13]
[ADMIN] [2/20/2017 13:51] [PENJUALAN] CASHIER FORM : calculateChangeValue, bayarTextBox.Text [0]
[ADMIN] [2/20/2017 13:51] [PENJUALAN] CASHIER FORM : calculateChangeValue, sisaBayar [0]
[ADMIN] [2/20/2017 13:51] [PENJUALAN] CASHIER FORM : cashierDataGridView_CellValueChanged [qty]
[ADMIN] [2/20/2017 13:51] [PENJUALAN] CASHIER FORM : TextBox_TextChanged, previousInput []
[ADMIN] [2/20/2017 13:51] [PENJUALAN] CASHIER FORM : TextBox_TextChanged, dataGridViewTextBoxEditingControl.Text pass REGEX Checking
[ADMIN] [2/20/2017 13:51] [] CHECK STOCK QTY IS ENOUGH [1]
[ADMIN] [2/20/2017 13:51] [] CHECK STOCK QTY IS ENOUGH [29, 22]
[ADMIN] [2/20/2017 13:51] [PENJUALAN] CASHIER FORM : CALCULATE SUBTOTAL
[ADMIN] [2/20/2017 13:51] [PENJUALAN] CASHIER FORM : SUBTOTAL [22]
[ADMIN] [2/20/2017 13:51] [PENJUALAN] CASHIER FORM : TextBox_TextChanged, subtotal value [22]
[ADMIN] [2/20/2017 13:51] [PENJUALAN] CASHIER FORM : TextBox_TextChanged, attempt to calculate total value
[ADMIN] [2/20/2017 13:51] [PENJUALAN] CASHIER FORM : calculateTotal
[ADMIN] [2/20/2017 13:51] [PENJUALAN] CASHIER FORM : calculateTotal [33]
[ADMIN] [2/20/2017 13:51] [PENJUALAN] CASHIER FORM : calculateTotal, totalAfterDisc [33]
[ADMIN] [2/20/2017 13:51] [PENJUALAN] CASHIER FORM : calculateChangeValue, bayarTextBox.Text [0]
[ADMIN] [2/20/2017 13:51] [PENJUALAN] CASHIER FORM : calculateChangeValue, sisaBayar [0]
[ADMIN] [2/20/2017 13:51] [PENJUALAN] CASHIER FORM : cashierDataGridView_CellValueChanged [qty]
[ADMIN] [2/20/2017 13:51] [PENJUALAN] CASHIER FORM : TextBox_TextChanged, previousInput []
[ADMIN] [2/20/2017 13:51] [PENJUALAN] CASHIER FORM : TextBox_TextChanged, dataGridViewTextBoxEditingControl.Text pass REGEX Checking
[ADMIN] [2/20/2017 13:51] [] CHECK STOCK QTY IS ENOUGH [1]
[ADMIN] [2/20/2017 13:51] [] CHECK STOCK QTY IS ENOUGH [29, 1]
[ADMIN] [2/20/2017 13:51] [PENJUALAN] CASHIER FORM : CALCULATE SUBTOTAL
[ADMIN] [2/20/2017 13:51] [PENJUALAN] CASHIER FORM : SUBTOTAL [1]
[ADMIN] [2/20/2017 13:51] [PENJUALAN] CASHIER FORM : TextBox_TextChanged, subtotal value [1]
[ADMIN] [2/20/2017 13:51] [PENJUALAN] CASHIER FORM : TextBox_TextChanged, attempt to calculate total value
[ADMIN] [2/20/2017 13:51] [PENJUALAN] CASHIER FORM : calculateTotal
[ADMIN] [2/20/2017 13:51] [PENJUALAN] CASHIER FORM : calculateTotal [12]
[ADMIN] [2/20/2017 13:51] [PENJUALAN] CASHIER FORM : calculateTotal, totalAfterDisc [12]
[ADMIN] [2/20/2017 13:51] [PENJUALAN] CASHIER FORM : calculateChangeValue, bayarTextBox.Text [0]
[ADMIN] [2/20/2017 13:51] [PENJUALAN] CASHIER FORM : calculateChangeValue, sisaBayar [0]
[ADMIN] [2/20/2017 13:51] [PENJUALAN] CASHIER FORM : cashierDataGridView_CellValueChanged [qty]
[ADMIN] [2/20/2017 13:51] [PENJUALAN] CASHIER FORM : TextBox_TextChanged, previousInput []
[ADMIN] [2/20/2017 13:51] [PENJUALAN] CASHIER FORM : TextBox_TextChanged, dataGridViewTextBoxEditingControl.Text pass REGEX Checking
[ADMIN] [2/20/2017 13:51] [] CHECK STOCK QTY IS ENOUGH [1]
[ADMIN] [2/20/2017 13:51] [] CHECK STOCK QTY IS ENOUGH [29, 11]
[ADMIN] [2/20/2017 13:51] [PENJUALAN] CASHIER FORM : CALCULATE SUBTOTAL
[ADMIN] [2/20/2017 13:51] [PENJUALAN] CASHIER FORM : SUBTOTAL [11]
[ADMIN] [2/20/2017 13:51] [PENJUALAN] CASHIER FORM : TextBox_TextChanged, subtotal value [11]
[ADMIN] [2/20/2017 13:51] [PENJUALAN] CASHIER FORM : TextBox_TextChanged, attempt to calculate total value
[ADMIN] [2/20/2017 13:51] [PENJUALAN] CASHIER FORM : calculateTotal
[ADMIN] [2/20/2017 13:51] [PENJUALAN] CASHIER FORM : calculateTotal [22]
[ADMIN] [2/20/2017 13:51] [PENJUALAN] CASHIER FORM : calculateTotal, totalAfterDisc [22]
[ADMIN] [2/20/2017 13:51] [PENJUALAN] CASHIER FORM : calculateChangeValue, bayarTextBox.Text [0]
[ADMIN] [2/20/2017 13:51] [PENJUALAN] CASHIER FORM : calculateChangeValue, sisaBayar [0]
[ADMIN] [2/20/2017 13:51] [PENJUALAN] CASHIER FORM : cashierDataGridView_CellValueChanged [qty]
[ADMIN] [2/20/2017 13:51] [PENJUALAN] CASHIER FORM : TextBox_TextChanged, previousInput []
[ADMIN] [2/20/2017 13:51] [PENJUALAN] CASHIER FORM : TextBox_TextChanged, dataGridViewTextBoxEditingControl.Text pass REGEX Checking
[ADMIN] [2/20/2017 13:51] [] CHECK STOCK QTY IS ENOUGH [1]
[ADMIN] [2/20/2017 13:51] [] CHECK STOCK QTY IS ENOUGH [29, 111]
[ADMIN] [2/20/2017 13:51] [PENJUALAN] CASHIER FORM : cashierDataGridView_CellValueChanged [qty]
[ADMIN] [2/20/2017 13:51] [PENJUALAN] CASHIER FORM : TextBox_TextChanged, previousInput []
[ADMIN] [2/20/2017 13:51] [PENJUALAN] CASHIER FORM : TextBox_TextChanged, dataGridViewTextBoxEditingControl.Text pass REGEX Checking
[ADMIN] [2/20/2017 13:51] [] CHECK STOCK QTY IS ENOUGH [1]
[ADMIN] [2/20/2017 13:51] [] CHECK STOCK QTY IS ENOUGH [29, 1111]
[ADMIN] [2/20/2017 13:51] [PENJUALAN] CASHIER FORM : cashierDataGridView_CellValueChanged [qty]
[ADMIN] [2/20/2017 13:51] [PENJUALAN] CASHIER FORM : TextBox_TextChanged, previousInput []
[ADMIN] [2/20/2017 13:51] [PENJUALAN] CASHIER FORM : TextBox_TextChanged, dataGridViewTextBoxEditingControl.Text pass REGEX Checking
[ADMIN] [2/20/2017 13:51] [] CHECK STOCK QTY IS ENOUGH [1]
[ADMIN] [2/20/2017 13:51] [] CHECK STOCK QTY IS ENOUGH [29, 111]
[ADMIN] [2/20/2017 13:51] [PENJUALAN] CASHIER FORM : cashierDataGridView_CellValueChanged [qty]
[ADMIN] [2/20/2017 13:51] [PENJUALAN] CASHIER FORM : TextBox_TextChanged, previousInput []
[ADMIN] [2/20/2017 13:51] [PENJUALAN] CASHIER FORM : TextBox_TextChanged, dataGridViewTextBoxEditingControl.Text pass REGEX Checking
[ADMIN] [2/20/2017 13:51] [] CHECK STOCK QTY IS ENOUGH [1]
[ADMIN] [2/20/2017 13:51] [] CHECK STOCK QTY IS ENOUGH [29, 11]
[ADMIN] [2/20/2017 13:51] [PENJUALAN] CASHIER FORM : CALCULATE SUBTOTAL
[ADMIN] [2/20/2017 13:51] [PENJUALAN] CASHIER FORM : SUBTOTAL [11]
[ADMIN] [2/20/2017 13:51] [PENJUALAN] CASHIER FORM : TextBox_TextChanged, subtotal value [11]
[ADMIN] [2/20/2017 13:51] [PENJUALAN] CASHIER FORM : TextBox_TextChanged, attempt to calculate total value
[ADMIN] [2/20/2017 13:51] [PENJUALAN] CASHIER FORM : calculateTotal
[ADMIN] [2/20/2017 13:51] [PENJUALAN] CASHIER FORM : calculateTotal [22]
[ADMIN] [2/20/2017 13:51] [PENJUALAN] CASHIER FORM : calculateTotal, totalAfterDisc [22]
[ADMIN] [2/20/2017 13:51] [PENJUALAN] CASHIER FORM : calculateChangeValue, bayarTextBox.Text [0]
[ADMIN] [2/20/2017 13:51] [PENJUALAN] CASHIER FORM : calculateChangeValue, sisaBayar [0]
[ADMIN] [2/20/2017 13:51] [PENJUALAN] CASHIER FORM : cashierDataGridView_CellValueChanged [qty]
[ADMIN] [2/20/2017 13:51] [PENJUALAN] CASHIER FORM : TextBox_TextChanged, previousInput []
[ADMIN] [2/20/2017 13:51] [PENJUALAN] CASHIER FORM : TextBox_TextChanged, dataGridViewTextBoxEditingControl.Text pass REGEX Checking
[ADMIN] [2/20/2017 13:51] [] CHECK STOCK QTY IS ENOUGH [1]
[ADMIN] [2/20/2017 13:51] [] CHECK STOCK QTY IS ENOUGH [29, 1]
[ADMIN] [2/20/2017 13:51] [PENJUALAN] CASHIER FORM : CALCULATE SUBTOTAL
[ADMIN] [2/20/2017 13:51] [PENJUALAN] CASHIER FORM : SUBTOTAL [1]
[ADMIN] [2/20/2017 13:51] [PENJUALAN] CASHIER FORM : TextBox_TextChanged, subtotal value [1]
[ADMIN] [2/20/2017 13:51] [PENJUALAN] CASHIER FORM : TextBox_TextChanged, attempt to calculate total value
[ADMIN] [2/20/2017 13:51] [PENJUALAN] CASHIER FORM : calculateTotal
[ADMIN] [2/20/2017 13:51] [PENJUALAN] CASHIER FORM : calculateTotal [12]
[ADMIN] [2/20/2017 13:51] [PENJUALAN] CASHIER FORM : calculateTotal, totalAfterDisc [12]
[ADMIN] [2/20/2017 13:51] [PENJUALAN] CASHIER FORM : calculateChangeValue, bayarTextBox.Text [0]
[ADMIN] [2/20/2017 13:51] [PENJUALAN] CASHIER FORM : calculateChangeValue, sisaBayar [0]
[ADMIN] [2/20/2017 13:51] [PENJUALAN] CASHIER FORM : cashierDataGridView_CellValueChanged [qty]
[ADMIN] [2/20/2017 13:51] [PENJUALAN] CASHIER FORM : cashierDataGridView_CellValueChanged , empty texbox, reset [qty] value to 0
[ADMIN] [2/20/2017 13:51] [PENJUALAN] CASHIER FORM : TextBox_TextChanged, recalculate total value
[ADMIN] [2/20/2017 13:51] [PENJUALAN] CASHIER FORM : calculateTotal
[ADMIN] [2/20/2017 13:51] [PENJUALAN] CASHIER FORM : calculateTotal [11]
[ADMIN] [2/20/2017 13:51] [PENJUALAN] CASHIER FORM : calculateTotal, totalAfterDisc [11]
[ADMIN] [2/20/2017 13:51] [PENJUALAN] CASHIER FORM : calculateChangeValue, bayarTextBox.Text [0]
[ADMIN] [2/20/2017 13:51] [PENJUALAN] CASHIER FORM : calculateChangeValue, sisaBayar [0]
[ADMIN] [2/20/2017 13:51] [PENJUALAN] CASHIER FORM : cashierDataGridView_CellValueChanged [qty]
[ADMIN] [2/20/2017 13:51] [PENJUALAN] CASHIER FORM : TextBox_TextChanged, previousInput []
[ADMIN] [2/20/2017 13:51] [PENJUALAN] CASHIER FORM : TextBox_TextChanged, dataGridViewTextBoxEditingControl.Text pass REGEX Checking
[ADMIN] [2/20/2017 13:51] [] CHECK STOCK QTY IS ENOUGH [1]
[ADMIN] [2/20/2017 13:51] [] CHECK STOCK QTY IS ENOUGH [29, 2]
[ADMIN] [2/20/2017 13:51] [PENJUALAN] CASHIER FORM : CALCULATE SUBTOTAL
[ADMIN] [2/20/2017 13:51] [PENJUALAN] CASHIER FORM : SUBTOTAL [2]
[ADMIN] [2/20/2017 13:51] [PENJUALAN] CASHIER FORM : TextBox_TextChanged, subtotal value [2]
[ADMIN] [2/20/2017 13:51] [PENJUALAN] CASHIER FORM : TextBox_TextChanged, attempt to calculate total value
[ADMIN] [2/20/2017 13:51] [PENJUALAN] CASHIER FORM : calculateTotal
[ADMIN] [2/20/2017 13:51] [PENJUALAN] CASHIER FORM : calculateTotal [13]
[ADMIN] [2/20/2017 13:51] [PENJUALAN] CASHIER FORM : calculateTotal, totalAfterDisc [13]
[ADMIN] [2/20/2017 13:51] [PENJUALAN] CASHIER FORM : calculateChangeValue, bayarTextBox.Text [0]
[ADMIN] [2/20/2017 13:51] [PENJUALAN] CASHIER FORM : calculateChangeValue, sisaBayar [0]
[ADMIN] [2/20/2017 13:51] [PENJUALAN] CASHIER FORM : cashierDataGridView_CellValueChanged [qty]
[ADMIN] [2/20/2017 13:51] [PENJUALAN] CASHIER FORM : TextBox_TextChanged, previousInput []
[ADMIN] [2/20/2017 13:51] [PENJUALAN] CASHIER FORM : TextBox_TextChanged, dataGridViewTextBoxEditingControl.Text pass REGEX Checking
[ADMIN] [2/20/2017 13:51] [] CHECK STOCK QTY IS ENOUGH [1]
[ADMIN] [2/20/2017 13:51] [] CHECK STOCK QTY IS ENOUGH [29, 29]
[ADMIN] [2/20/2017 13:51] [PENJUALAN] CASHIER FORM : CALCULATE SUBTOTAL
[ADMIN] [2/20/2017 13:51] [PENJUALAN] CASHIER FORM : SUBTOTAL [29]
[ADMIN] [2/20/2017 13:51] [PENJUALAN] CASHIER FORM : TextBox_TextChanged, subtotal value [29]
[ADMIN] [2/20/2017 13:51] [PENJUALAN] CASHIER FORM : TextBox_TextChanged, attempt to calculate total value
[ADMIN] [2/20/2017 13:51] [PENJUALAN] CASHIER FORM : calculateTotal
[ADMIN] [2/20/2017 13:51] [PENJUALAN] CASHIER FORM : calculateTotal [40]
[ADMIN] [2/20/2017 13:51] [PENJUALAN] CASHIER FORM : calculateTotal, totalAfterDisc [40]
[ADMIN] [2/20/2017 13:51] [PENJUALAN] CASHIER FORM : calculateChangeValue, bayarTextBox.Text [0]
[ADMIN] [2/20/2017 13:51] [PENJUALAN] CASHIER FORM : calculateChangeValue, sisaBayar [0]
[ADMIN] [2/20/2017 13:51] [PENJUALAN] CASHIER FORM : cashierDataGridView_CellValueChanged [qty]
[ADMIN] [2/20/2017 13:51] [PENJUALAN] CASHIER FORM : TextBox_TextChanged, previousInput []
[ADMIN] [2/20/2017 13:51] [PENJUALAN] CASHIER FORM : TextBox_TextChanged, dataGridViewTextBoxEditingControl.Text pass REGEX Checking
[ADMIN] [2/20/2017 13:51] [] CHECK STOCK QTY IS ENOUGH [1]
[ADMIN] [2/20/2017 13:51] [] CHECK STOCK QTY IS ENOUGH [29, 2]
[ADMIN] [2/20/2017 13:51] [PENJUALAN] CASHIER FORM : CALCULATE SUBTOTAL
[ADMIN] [2/20/2017 13:51] [PENJUALAN] CASHIER FORM : SUBTOTAL [2]
[ADMIN] [2/20/2017 13:51] [PENJUALAN] CASHIER FORM : TextBox_TextChanged, subtotal value [2]
[ADMIN] [2/20/2017 13:51] [PENJUALAN] CASHIER FORM : TextBox_TextChanged, attempt to calculate total value
[ADMIN] [2/20/2017 13:51] [PENJUALAN] CASHIER FORM : calculateTotal
[ADMIN] [2/20/2017 13:51] [PENJUALAN] CASHIER FORM : calculateTotal [13]
[ADMIN] [2/20/2017 13:51] [PENJUALAN] CASHIER FORM : calculateTotal, totalAfterDisc [13]
[ADMIN] [2/20/2017 13:51] [PENJUALAN] CASHIER FORM : calculateChangeValue, bayarTextBox.Text [0]
[ADMIN] [2/20/2017 13:51] [PENJUALAN] CASHIER FORM : calculateChangeValue, sisaBayar [0]
[ADMIN] [2/20/2017 13:51] [PENJUALAN] CASHIER FORM : cashierDataGridView_CellValueChanged [qty]
[ADMIN] [2/20/2017 13:51] [PENJUALAN] CASHIER FORM : cashierDataGridView_CellValueChanged , empty texbox, reset [qty] value to 0
[ADMIN] [2/20/2017 13:51] [PENJUALAN] CASHIER FORM : TextBox_TextChanged, recalculate total value
[ADMIN] [2/20/2017 13:51] [PENJUALAN] CASHIER FORM : calculateTotal
[ADMIN] [2/20/2017 13:51] [PENJUALAN] CASHIER FORM : calculateTotal [11]
[ADMIN] [2/20/2017 13:51] [PENJUALAN] CASHIER FORM : calculateTotal, totalAfterDisc [11]
[ADMIN] [2/20/2017 13:51] [PENJUALAN] CASHIER FORM : calculateChangeValue, bayarTextBox.Text [0]
[ADMIN] [2/20/2017 13:51] [PENJUALAN] CASHIER FORM : calculateChangeValue, sisaBayar [0]
[ADMIN] [2/20/2017 13:51] [PENJUALAN] CASHIER FORM : cashierDataGridView_CellValueChanged [qty]
[ADMIN] [2/20/2017 13:51] [PENJUALAN] CASHIER FORM : TextBox_TextChanged, previousInput []
[ADMIN] [2/20/2017 13:51] [PENJUALAN] CASHIER FORM : TextBox_TextChanged, dataGridViewTextBoxEditingControl.Text pass REGEX Checking
[ADMIN] [2/20/2017 13:51] [] CHECK STOCK QTY IS ENOUGH [1]
[ADMIN] [2/20/2017 13:51] [] CHECK STOCK QTY IS ENOUGH [29, 3]
[ADMIN] [2/20/2017 13:51] [PENJUALAN] CASHIER FORM : CALCULATE SUBTOTAL
[ADMIN] [2/20/2017 13:51] [PENJUALAN] CASHIER FORM : SUBTOTAL [3]
[ADMIN] [2/20/2017 13:51] [PENJUALAN] CASHIER FORM : TextBox_TextChanged, subtotal value [3]
[ADMIN] [2/20/2017 13:51] [PENJUALAN] CASHIER FORM : TextBox_TextChanged, attempt to calculate total value
[ADMIN] [2/20/2017 13:51] [PENJUALAN] CASHIER FORM : calculateTotal
[ADMIN] [2/20/2017 13:51] [PENJUALAN] CASHIER FORM : calculateTotal [14]
[ADMIN] [2/20/2017 13:51] [PENJUALAN] CASHIER FORM : calculateTotal, totalAfterDisc [14]
[ADMIN] [2/20/2017 13:51] [PENJUALAN] CASHIER FORM : calculateChangeValue, bayarTextBox.Text [0]
[ADMIN] [2/20/2017 13:51] [PENJUALAN] CASHIER FORM : calculateChangeValue, sisaBayar [0]
[ADMIN] [2/20/2017 13:51] [PENJUALAN] CASHIER FORM : cashierDataGridView_CellValueChanged [qty]
[ADMIN] [2/20/2017 13:51] [PENJUALAN] CASHIER FORM : TextBox_TextChanged, previousInput []
[ADMIN] [2/20/2017 13:51] [PENJUALAN] CASHIER FORM : TextBox_TextChanged, dataGridViewTextBoxEditingControl.Text pass REGEX Checking
[ADMIN] [2/20/2017 13:51] [] CHECK STOCK QTY IS ENOUGH [1]
[ADMIN] [2/20/2017 13:51] [] CHECK STOCK QTY IS ENOUGH [29, 30]
[ADMIN] [2/20/2017 13:51] [PENJUALAN] CASHIER FORM : cashierDataGridView_CellValueChanged [qty]
[ADMIN] [2/20/2017 13:51] [PENJUALAN] CASHIER FORM : TextBox_TextChanged, previousInput []
[ADMIN] [2/20/2017 13:51] [PENJUALAN] CASHIER FORM : TextBox_TextChanged, dataGridViewTextBoxEditingControl.Text pass REGEX Checking
[ADMIN] [2/20/2017 13:51] [] CHECK STOCK QTY IS ENOUGH [1]
[ADMIN] [2/20/2017 13:51] [] CHECK STOCK QTY IS ENOUGH [29, 3]
[ADMIN] [2/20/2017 13:51] [PENJUALAN] CASHIER FORM : CALCULATE SUBTOTAL
[ADMIN] [2/20/2017 13:51] [PENJUALAN] CASHIER FORM : SUBTOTAL [3]
[ADMIN] [2/20/2017 13:51] [PENJUALAN] CASHIER FORM : TextBox_TextChanged, subtotal value [3]
[ADMIN] [2/20/2017 13:51] [PENJUALAN] CASHIER FORM : TextBox_TextChanged, attempt to calculate total value
[ADMIN] [2/20/2017 13:51] [PENJUALAN] CASHIER FORM : calculateTotal
[ADMIN] [2/20/2017 13:51] [PENJUALAN] CASHIER FORM : calculateTotal [14]
[ADMIN] [2/20/2017 13:51] [PENJUALAN] CASHIER FORM : calculateTotal, totalAfterDisc [14]
[ADMIN] [2/20/2017 13:51] [PENJUALAN] CASHIER FORM : calculateChangeValue, bayarTextBox.Text [0]
[ADMIN] [2/20/2017 13:51] [PENJUALAN] CASHIER FORM : calculateChangeValue, sisaBayar [0]
[ADMIN] [2/20/2017 13:51] [PENJUALAN] CASHIER FORM : cashierDataGridView_CellValueChanged [qty]
[ADMIN] [2/20/2017 13:51] [PENJUALAN] CASHIER FORM : TextBox_TextChanged, previousInput []
[ADMIN] [2/20/2017 13:51] [PENJUALAN] CASHIER FORM : TextBox_TextChanged, dataGridViewTextBoxEditingControl.Text pass REGEX Checking
[ADMIN] [2/20/2017 13:51] [] CHECK STOCK QTY IS ENOUGH [1]
[ADMIN] [2/20/2017 13:51] [] CHECK STOCK QTY IS ENOUGH [29, 30]
[ADMIN] [2/20/2017 13:51] [PENJUALAN] CASHIER FORM : cashierDataGridView_CellValueChanged [qty]
[ADMIN] [2/20/2017 13:51] [PENJUALAN] CASHIER FORM : TextBox_TextChanged, previousInput []
[ADMIN] [2/20/2017 13:51] [PENJUALAN] CASHIER FORM : TextBox_TextChanged, dataGridViewTextBoxEditingControl.Text pass REGEX Checking
[ADMIN] [2/20/2017 13:51] [] CHECK STOCK QTY IS ENOUGH [1]
[ADMIN] [2/20/2017 13:51] [] CHECK STOCK QTY IS ENOUGH [29, 3]
[ADMIN] [2/20/2017 13:51] [PENJUALAN] CASHIER FORM : CALCULATE SUBTOTAL
[ADMIN] [2/20/2017 13:51] [PENJUALAN] CASHIER FORM : SUBTOTAL [3]
[ADMIN] [2/20/2017 13:51] [PENJUALAN] CASHIER FORM : TextBox_TextChanged, subtotal value [3]
[ADMIN] [2/20/2017 13:51] [PENJUALAN] CASHIER FORM : TextBox_TextChanged, attempt to calculate total value
[ADMIN] [2/20/2017 13:51] [PENJUALAN] CASHIER FORM : calculateTotal
[ADMIN] [2/20/2017 13:51] [PENJUALAN] CASHIER FORM : calculateTotal [14]
[ADMIN] [2/20/2017 13:51] [PENJUALAN] CASHIER FORM : calculateTotal, totalAfterDisc [14]
[ADMIN] [2/20/2017 13:51] [PENJUALAN] CASHIER FORM : calculateChangeValue, bayarTextBox.Text [0]
[ADMIN] [2/20/2017 13:51] [PENJUALAN] CASHIER FORM : calculateChangeValue, sisaBayar [0]
[ADMIN] [2/20/2017 13:51] [PENJUALAN] CASHIER FORM : cashierDataGridView_CellValueChanged [qty]
[ADMIN] [2/20/2017 13:51] [PENJUALAN] CASHIER FORM : TextBox_TextChanged, previousInput []
[ADMIN] [2/20/2017 13:51] [PENJUALAN] CASHIER FORM : TextBox_TextChanged, dataGridViewTextBoxEditingControl.Text pass REGEX Checking
[ADMIN] [2/20/2017 13:51] [] CHECK STOCK QTY IS ENOUGH [1]
[ADMIN] [2/20/2017 13:51] [] CHECK STOCK QTY IS ENOUGH [29, 31]
[ADMIN] [2/20/2017 13:51] [PENJUALAN] CASHIER FORM : cashierDataGridView_CellValueChanged [qty]
[ADMIN] [2/20/2017 13:51] [PENJUALAN] CASHIER FORM : TextBox_TextChanged, previousInput []
[ADMIN] [2/20/2017 13:51] [PENJUALAN] CASHIER FORM : TextBox_TextChanged, dataGridViewTextBoxEditingControl.Text pass REGEX Checking
[ADMIN] [2/20/2017 13:51] [] CHECK STOCK QTY IS ENOUGH [1]
[ADMIN] [2/20/2017 13:51] [] CHECK STOCK QTY IS ENOUGH [29, 3]
[ADMIN] [2/20/2017 13:51] [PENJUALAN] CASHIER FORM : CALCULATE SUBTOTAL
[ADMIN] [2/20/2017 13:51] [PENJUALAN] CASHIER FORM : SUBTOTAL [3]
[ADMIN] [2/20/2017 13:51] [PENJUALAN] CASHIER FORM : TextBox_TextChanged, subtotal value [3]
[ADMIN] [2/20/2017 13:51] [PENJUALAN] CASHIER FORM : TextBox_TextChanged, attempt to calculate total value
[ADMIN] [2/20/2017 13:51] [PENJUALAN] CASHIER FORM : calculateTotal
[ADMIN] [2/20/2017 13:51] [PENJUALAN] CASHIER FORM : calculateTotal [14]
[ADMIN] [2/20/2017 13:51] [PENJUALAN] CASHIER FORM : calculateTotal, totalAfterDisc [14]
[ADMIN] [2/20/2017 13:51] [PENJUALAN] CASHIER FORM : calculateChangeValue, bayarTextBox.Text [0]
[ADMIN] [2/20/2017 13:51] [PENJUALAN] CASHIER FORM : calculateChangeValue, sisaBayar [0]
[ADMIN] [2/20/2017 13:51] [PENJUALAN] CASHIER FORM : cashierDataGridView_CellValueChanged [qty]
[ADMIN] [2/20/2017 13:51] [PENJUALAN] CASHIER FORM : cashierDataGridView_CellValueChanged , empty texbox, reset [qty] value to 0
[ADMIN] [2/20/2017 13:51] [PENJUALAN] CASHIER FORM : TextBox_TextChanged, recalculate total value
[ADMIN] [2/20/2017 13:51] [PENJUALAN] CASHIER FORM : calculateTotal
[ADMIN] [2/20/2017 13:51] [PENJUALAN] CASHIER FORM : calculateTotal [11]
[ADMIN] [2/20/2017 13:51] [PENJUALAN] CASHIER FORM : calculateTotal, totalAfterDisc [11]
[ADMIN] [2/20/2017 13:51] [PENJUALAN] CASHIER FORM : calculateChangeValue, bayarTextBox.Text [0]
[ADMIN] [2/20/2017 13:51] [PENJUALAN] CASHIER FORM : calculateChangeValue, sisaBayar [0]
[ADMIN] [2/20/2017 13:51] [PENJUALAN] CASHIER FORM : cashierDataGridView_CellValueChanged [qty]
[ADMIN] [2/20/2017 13:51] [PENJUALAN] CASHIER FORM : TextBox_TextChanged, previousInput []
[ADMIN] [2/20/2017 13:51] [PENJUALAN] CASHIER FORM : TextBox_TextChanged, dataGridViewTextBoxEditingControl.Text did not pass REGEX Checking
[ADMIN] [2/20/2017 13:51] [PENJUALAN] CASHIER FORM : UNREGISTER HOTKEY
[ADMIN] [2/20/2017 13:51] [PENJUALAN] CASHIER FORM : UNREGISTER HOTKEY
[ADMIN] [2/20/2017 13:51] [] USER ID = 1LOGOUT
