[] [2/19/2017 00:28] [] USER = ADMIN IS ACTIVE
[ADMIN] [2/19/2017 00:28] [] USER ID = 1 LOGIN SUCCESSFULLY
[ADMIN] [2/19/2017 00:28] [] ACTIVATE USER ACCESS RIGHT
[ADMIN] [2/19/2017 00:28] [] DISPLAY ADMIN FORM
[ADMIN] [2/19/2017 00:28] [] adminForm Load
[] [2/19/2017 00:32] [] USER = ADMIN IS ACTIVE
[ADMIN] [2/19/2017 00:32] [] USER ID = 1 LOGIN SUCCESSFULLY
[ADMIN] [2/19/2017 00:32] [] ACTIVATE USER ACCESS RIGHT
[ADMIN] [2/19/2017 00:32] [] DISPLAY ADMIN FORM
[ADMIN] [2/19/2017 00:32] [] adminForm Load
[] [2/19/2017 00:35] [] USER = ADMIN IS ACTIVE
[ADMIN] [2/19/2017 00:35] [] USER ID = 1 LOGIN SUCCESSFULLY
[ADMIN] [2/19/2017 00:35] [] ACTIVATE USER ACCESS RIGHT
[ADMIN] [2/19/2017 00:35] [] DISPLAY ADMIN FORM
[ADMIN] [2/19/2017 00:35] [] adminForm Load
[] [2/19/2017 00:38] [] USER = ADMIN IS ACTIVE
[ADMIN] [2/19/2017 00:38] [] USER ID = 1 LOGIN SUCCESSFULLY
[ADMIN] [2/19/2017 00:39] [] ACTIVATE USER ACCESS RIGHT
[ADMIN] [2/19/2017 00:39] [] DISPLAY ADMIN FORM
[ADMIN] [2/19/2017 00:39] [] adminForm Load
[] [2/19/2017 00:44] [] USER = ADMIN IS ACTIVE
[ADMIN] [2/19/2017 00:44] [] USER ID = 1 LOGIN SUCCESSFULLY
[ADMIN] [2/19/2017 00:44] [] ACTIVATE USER ACCESS RIGHT
[ADMIN] [2/19/2017 00:44] [] DISPLAY ADMIN FORM
[ADMIN] [2/19/2017 00:44] [] adminForm Load
[] [2/19/2017 00:51] [] USER = ADMIN IS ACTIVE
[ADMIN] [2/19/2017 00:51] [] USER ID = 1 LOGIN SUCCESSFULLY
[ADMIN] [2/19/2017 00:51] [] ACTIVATE USER ACCESS RIGHT
[ADMIN] [2/19/2017 00:51] [] DISPLAY ADMIN FORM
[ADMIN] [2/19/2017 00:51] [] adminForm Load
[ADMIN] [2/19/2017 00:51] [] USER ID = 1LOGOUT
