[] [10/17/2016 15:10] [] USER = ADMIN IS ACTIVE
[ADMIN] [10/17/2016 15:10] [] USER ID = 1 LOGIN SUCCESSFULLY
[ADMIN] [10/17/2016 15:10] [] ACTIVATE USER ACCESS RIGHT
[ADMIN] [10/17/2016 15:10] [] DISPLAY ADMIN FORM
[ADMIN] [10/17/2016 15:10] [] adminForm Load
[ADMIN] [10/17/2016 15:10] [PENJUALAN] CASHIER FORM : MULTIPLE CASHIER INSTANCE [1]
[ADMIN] [10/17/2016 15:10] [PENJUALAN] CASHIER FORM : REGISTER HOTKEY
[ADMIN] [10/17/2016 15:10] [PENJUALAN] CASHIER FORM : cashierForm_Load, ATTEMPT TO LOAD NO FAKTUR
[ADMIN] [10/17/2016 15:10] [PENJUALAN] CASHIER FORM : loadNoFaktur, noFakturValue [SLO001]
[ADMIN] [10/17/2016 15:10] [PENJUALAN] CASHIER FORM : cashierForm_Load, ATTEMPT TO addColumnToDataGrid
[ADMIN] [10/17/2016 15:10] [PENJUALAN] CASHIER FORM : calculateTotal
[ADMIN] [10/17/2016 15:10] [PENJUALAN] CASHIER FORM : calculateTotal [0]
[ADMIN] [10/17/2016 15:10] [PENJUALAN] CASHIER FORM : calculateTotal, totalAfterDisc [0]
[ADMIN] [10/17/2016 15:10] [PENJUALAN] CASHIER FORM : REGISTER HOTKEY
[ADMIN] [10/17/2016 15:10] [PENJUALAN] CASHIER FORM : HOTKEY TO ADD NEW ROW PRESSED
[ADMIN] [10/17/2016 15:10] [PENJUALAN] CASHIER FORM : ADD NEW ROW,  isActive [True]
[ADMIN] [10/17/2016 15:10] [PENJUALAN] CASHIER FORM : ADD NEW ROW,  ROW COUNT [0]
[ADMIN] [10/17/2016 15:10] [PENJUALAN] CASHIER FORM : ADD NEW ROW,  ALLOW TO ADD [True]
[ADMIN] [10/17/2016 15:10] [PENJUALAN] CASHIER FORM : cashierDataGridView_CellValueChanged [F8]
[ADMIN] [10/17/2016 15:10] [PENJUALAN] CASHIER FORM : cashierDataGridView_CellValueChanged [hpp]
[ADMIN] [10/17/2016 15:10] [PENJUALAN] CASHIER FORM : cashierDataGridView_CellValueChanged [productPrice]
[ADMIN] [10/17/2016 15:10] [PENJUALAN] CASHIER FORM : TextBox_TextChanged, previousInput []
[ADMIN] [10/17/2016 15:10] [PENJUALAN] CASHIER FORM : TextBox_TextChanged, dataGridViewTextBoxEditingControl.Text pass REGEX Checking
[ADMIN] [10/17/2016 15:10] [PENJUALAN] CASHIER FORM : CALCULATE SUBTOTAL
[ADMIN] [10/17/2016 15:10] [PENJUALAN] CASHIER FORM : SUBTOTAL [0]
[ADMIN] [10/17/2016 15:10] [PENJUALAN] CASHIER FORM : TextBox_TextChanged, subtotal value [0]
[ADMIN] [10/17/2016 15:10] [PENJUALAN] CASHIER FORM : TextBox_TextChanged, attempt to calculate total value
[ADMIN] [10/17/2016 15:10] [PENJUALAN] CASHIER FORM : calculateTotal
[ADMIN] [10/17/2016 15:10] [PENJUALAN] CASHIER FORM : calculateTotal [0]
[ADMIN] [10/17/2016 15:10] [PENJUALAN] CASHIER FORM : calculateTotal, totalAfterDisc [0]
[ADMIN] [10/17/2016 15:10] [PENJUALAN] CASHIER FORM : cashierDataGridView_CellValueChanged [disc1]
[ADMIN] [10/17/2016 15:10] [PENJUALAN] CASHIER FORM : TextBox_TextChanged, previousInput []
[ADMIN] [10/17/2016 15:10] [PENJUALAN] CASHIER FORM : TextBox_TextChanged, dataGridViewTextBoxEditingControl.Text pass REGEX Checking
[ADMIN] [10/17/2016 15:10] [PENJUALAN] CASHIER FORM : CALCULATE SUBTOTAL
[ADMIN] [10/17/2016 15:10] [PENJUALAN] CASHIER FORM : SUBTOTAL [0]
[ADMIN] [10/17/2016 15:10] [PENJUALAN] CASHIER FORM : TextBox_TextChanged, subtotal value [0]
[ADMIN] [10/17/2016 15:10] [PENJUALAN] CASHIER FORM : TextBox_TextChanged, attempt to calculate total value
[ADMIN] [10/17/2016 15:10] [PENJUALAN] CASHIER FORM : calculateTotal
[ADMIN] [10/17/2016 15:10] [PENJUALAN] CASHIER FORM : calculateTotal [0]
[ADMIN] [10/17/2016 15:10] [PENJUALAN] CASHIER FORM : calculateTotal, totalAfterDisc [0]
[ADMIN] [10/17/2016 15:10] [PENJUALAN] CASHIER FORM : cashierDataGridView_CellValueChanged [qty]
[ADMIN] [10/17/2016 15:10] [PENJUALAN] CASHIER FORM : TextBox_TextChanged, previousInput []
[ADMIN] [10/17/2016 15:10] [PENJUALAN] CASHIER FORM : TextBox_TextChanged, dataGridViewTextBoxEditingControl.Text pass REGEX Checking
[ADMIN] [10/17/2016 15:10] [PENJUALAN] CASHIER FORM : CALCULATE SUBTOTAL
[ADMIN] [10/17/2016 15:10] [PENJUALAN] CASHIER FORM : SUBTOTAL [0]
[ADMIN] [10/17/2016 15:10] [PENJUALAN] CASHIER FORM : TextBox_TextChanged, subtotal value [0]
[ADMIN] [10/17/2016 15:10] [PENJUALAN] CASHIER FORM : TextBox_TextChanged, attempt to calculate total value
[ADMIN] [10/17/2016 15:10] [PENJUALAN] CASHIER FORM : calculateTotal
[ADMIN] [10/17/2016 15:10] [PENJUALAN] CASHIER FORM : calculateTotal [0]
[ADMIN] [10/17/2016 15:10] [PENJUALAN] CASHIER FORM : calculateTotal, totalAfterDisc [0]
[ADMIN] [10/17/2016 15:10] [PENJUALAN] CASHIER FORM : cashierDataGridView_CellValueChanged [disc2]
[ADMIN] [10/17/2016 15:10] [PENJUALAN] CASHIER FORM : TextBox_TextChanged, previousInput []
[ADMIN] [10/17/2016 15:10] [PENJUALAN] CASHIER FORM : TextBox_TextChanged, dataGridViewTextBoxEditingControl.Text pass REGEX Checking
[ADMIN] [10/17/2016 15:10] [PENJUALAN] CASHIER FORM : CALCULATE SUBTOTAL
[ADMIN] [10/17/2016 15:10] [PENJUALAN] CASHIER FORM : SUBTOTAL [0]
[ADMIN] [10/17/2016 15:10] [PENJUALAN] CASHIER FORM : TextBox_TextChanged, subtotal value [0]
[ADMIN] [10/17/2016 15:10] [PENJUALAN] CASHIER FORM : TextBox_TextChanged, attempt to calculate total value
[ADMIN] [10/17/2016 15:10] [PENJUALAN] CASHIER FORM : calculateTotal
[ADMIN] [10/17/2016 15:10] [PENJUALAN] CASHIER FORM : calculateTotal [0]
[ADMIN] [10/17/2016 15:10] [PENJUALAN] CASHIER FORM : calculateTotal, totalAfterDisc [0]
[ADMIN] [10/17/2016 15:10] [PENJUALAN] CASHIER FORM : cashierDataGridView_CellValueChanged [discRP]
[ADMIN] [10/17/2016 15:10] [PENJUALAN] CASHIER FORM : TextBox_TextChanged, previousInput []
[ADMIN] [10/17/2016 15:10] [PENJUALAN] CASHIER FORM : TextBox_TextChanged, dataGridViewTextBoxEditingControl.Text pass REGEX Checking
[ADMIN] [10/17/2016 15:10] [PENJUALAN] CASHIER FORM : CALCULATE SUBTOTAL
[ADMIN] [10/17/2016 15:10] [PENJUALAN] CASHIER FORM : SUBTOTAL [0]
[ADMIN] [10/17/2016 15:10] [PENJUALAN] CASHIER FORM : TextBox_TextChanged, subtotal value [0]
[ADMIN] [10/17/2016 15:10] [PENJUALAN] CASHIER FORM : TextBox_TextChanged, attempt to calculate total value
[ADMIN] [10/17/2016 15:10] [PENJUALAN] CASHIER FORM : calculateTotal
[ADMIN] [10/17/2016 15:10] [PENJUALAN] CASHIER FORM : calculateTotal [0]
[ADMIN] [10/17/2016 15:10] [PENJUALAN] CASHIER FORM : calculateTotal, totalAfterDisc [0]
[ADMIN] [10/17/2016 15:10] [PENJUALAN] CASHIER FORM : cashierDataGridView_CellValueChanged [jumlah]
[ADMIN] [10/17/2016 15:10] [PENJUALAN] CASHIER FORM : cashierDataGridView_CellValueChanged [productName]
[ADMIN] [10/17/2016 15:10] [PENJUALAN] CASHIER FORM : cashierDataGridView_CellValueChanged [productName]
[ADMIN] [10/17/2016 15:10] [PENJUALAN] CASHIER FORM : calculateTotal
[ADMIN] [10/17/2016 15:10] [PENJUALAN] CASHIER FORM : calculateTotal [0]
[ADMIN] [10/17/2016 15:10] [PENJUALAN] CASHIER FORM : calculateTotal, totalAfterDisc [0]
[ADMIN] [10/17/2016 15:10] [PENJUALAN] CASHIER FORM : cashierDataGridView_CellValueChanged [productName]
[ADMIN] [10/17/2016 15:10] [PENJUALAN] CASHIER FORM : cashierDataGridView_CellValueChanged [productName]
[ADMIN] [10/17/2016 15:10] [PENJUALAN] CASHIER FORM : calculateTotal
[ADMIN] [10/17/2016 15:10] [PENJUALAN] CASHIER FORM : calculateTotal [0]
[ADMIN] [10/17/2016 15:10] [PENJUALAN] CASHIER FORM : calculateTotal, totalAfterDisc [0]
[ADMIN] [10/17/2016 15:10] [PENJUALAN] CASHIER FORM : cashierDataGridView_CellValueChanged [productName]
[ADMIN] [10/17/2016 15:10] [PENJUALAN] CASHIER FORM : cashierDataGridView_CellValueChanged [productID]
[ADMIN] [10/17/2016 15:10] [PENJUALAN] CASHIER FORM : PRODUCT PRICE TYPE [PRODUCT_BASE_PRICE]
[ADMIN] [10/17/2016 15:10] [PENJUALAN] CASHIER FORM : PRODUCT PRICE [10]
[ADMIN] [10/17/2016 15:10] [PENJUALAN] CASHIER FORM : ComboBox_SelectedIndexChanged, PRODUCT_BASE_PRICE [10]
[ADMIN] [10/17/2016 15:10] [PENJUALAN] CASHIER FORM : cashierDataGridView_CellValueChanged [hpp]
[ADMIN] [10/17/2016 15:10] [PENJUALAN] CASHIER FORM : PRODUCT PRICE TYPE [PRODUCT_RETAIL_PRICE]
[ADMIN] [10/17/2016 15:10] [PENJUALAN] CASHIER FORM : PRODUCT PRICE [1]
[ADMIN] [10/17/2016 15:10] [PENJUALAN] CASHIER FORM : ComboBox_SelectedIndexChanged, PRODUCT_SALES_PRICE [1]
[ADMIN] [10/17/2016 15:10] [PENJUALAN] CASHIER FORM : cashierDataGridView_CellValueChanged [productPrice]
[ADMIN] [10/17/2016 15:10] [PENJUALAN] CASHIER FORM : TextBox_TextChanged, previousInput []
[ADMIN] [10/17/2016 15:10] [PENJUALAN] CASHIER FORM : TextBox_TextChanged, dataGridViewTextBoxEditingControl.Text pass REGEX Checking
[ADMIN] [10/17/2016 15:10] [PENJUALAN] CASHIER FORM : CALCULATE SUBTOTAL
[ADMIN] [10/17/2016 15:10] [PENJUALAN] CASHIER FORM : SUBTOTAL [0]
[ADMIN] [10/17/2016 15:10] [PENJUALAN] CASHIER FORM : TextBox_TextChanged, subtotal value [0]
[ADMIN] [10/17/2016 15:10] [PENJUALAN] CASHIER FORM : TextBox_TextChanged, attempt to calculate total value
[ADMIN] [10/17/2016 15:10] [PENJUALAN] CASHIER FORM : calculateTotal
[ADMIN] [10/17/2016 15:10] [PENJUALAN] CASHIER FORM : calculateTotal [0]
[ADMIN] [10/17/2016 15:10] [PENJUALAN] CASHIER FORM : calculateTotal, totalAfterDisc [0]
[ADMIN] [10/17/2016 15:10] [PENJUALAN] CASHIER FORM : cashierDataGridView_CellValueChanged [qty]
[ADMIN] [10/17/2016 15:10] [PENJUALAN] CASHIER FORM : TextBox_TextChanged, previousInput []
[ADMIN] [10/17/2016 15:10] [PENJUALAN] CASHIER FORM : TextBox_TextChanged, dataGridViewTextBoxEditingControl.Text pass REGEX Checking
[ADMIN] [10/17/2016 15:10] [PENJUALAN] CASHIER FORM : CALCULATE SUBTOTAL
[ADMIN] [10/17/2016 15:10] [PENJUALAN] CASHIER FORM : SUBTOTAL [0]
[ADMIN] [10/17/2016 15:10] [PENJUALAN] CASHIER FORM : TextBox_TextChanged, subtotal value [0]
[ADMIN] [10/17/2016 15:10] [PENJUALAN] CASHIER FORM : TextBox_TextChanged, attempt to calculate total value
[ADMIN] [10/17/2016 15:10] [PENJUALAN] CASHIER FORM : calculateTotal
[ADMIN] [10/17/2016 15:10] [PENJUALAN] CASHIER FORM : calculateTotal [0]
[ADMIN] [10/17/2016 15:10] [PENJUALAN] CASHIER FORM : calculateTotal, totalAfterDisc [0]
[ADMIN] [10/17/2016 15:10] [PENJUALAN] CASHIER FORM : ComboBox_SelectedIndexChanged, attempt to calculate total
[ADMIN] [10/17/2016 15:10] [PENJUALAN] CASHIER FORM : calculateTotal
[ADMIN] [10/17/2016 15:10] [PENJUALAN] CASHIER FORM : calculateTotal [0]
[ADMIN] [10/17/2016 15:10] [PENJUALAN] CASHIER FORM : calculateTotal, totalAfterDisc [0]
[ADMIN] [10/17/2016 15:10] [PENJUALAN] CASHIER FORM : cashierDataGridView_CellValueChanged [productName]
[ADMIN] [10/17/2016 15:10] [PENJUALAN] CASHIER FORM : cashierDataGridView_CellValueChanged [productName]
[ADMIN] [10/17/2016 15:10] [PENJUALAN] CASHIER FORM : cashierDataGridView_CellValueChanged [hpp]
[ADMIN] [10/17/2016 15:10] [PENJUALAN] CASHIER FORM : cashierDataGridView_CellValueChanged [productPrice]
[ADMIN] [10/17/2016 15:10] [PENJUALAN] CASHIER FORM : TextBox_TextChanged, previousInput []
[ADMIN] [10/17/2016 15:10] [PENJUALAN] CASHIER FORM : TextBox_TextChanged, dataGridViewTextBoxEditingControl.Text pass REGEX Checking
[ADMIN] [10/17/2016 15:10] [PENJUALAN] CASHIER FORM : CALCULATE SUBTOTAL
[ADMIN] [10/17/2016 15:10] [PENJUALAN] CASHIER FORM : SUBTOTAL [0]
[ADMIN] [10/17/2016 15:10] [PENJUALAN] CASHIER FORM : TextBox_TextChanged, subtotal value [0]
[ADMIN] [10/17/2016 15:10] [PENJUALAN] CASHIER FORM : TextBox_TextChanged, attempt to calculate total value
[ADMIN] [10/17/2016 15:10] [PENJUALAN] CASHIER FORM : calculateTotal
[ADMIN] [10/17/2016 15:10] [PENJUALAN] CASHIER FORM : calculateTotal [0]
[ADMIN] [10/17/2016 15:10] [PENJUALAN] CASHIER FORM : calculateTotal, totalAfterDisc [0]
[ADMIN] [10/17/2016 15:10] [PENJUALAN] CASHIER FORM : cashierDataGridView_CellValueChanged [qty]
[ADMIN] [10/17/2016 15:10] [PENJUALAN] CASHIER FORM : TextBox_TextChanged, previousInput []
[ADMIN] [10/17/2016 15:10] [PENJUALAN] CASHIER FORM : TextBox_TextChanged, dataGridViewTextBoxEditingControl.Text pass REGEX Checking
[ADMIN] [10/17/2016 15:10] [PENJUALAN] CASHIER FORM : CALCULATE SUBTOTAL
[ADMIN] [10/17/2016 15:10] [PENJUALAN] CASHIER FORM : SUBTOTAL [0]
[ADMIN] [10/17/2016 15:10] [PENJUALAN] CASHIER FORM : TextBox_TextChanged, subtotal value [0]
[ADMIN] [10/17/2016 15:10] [PENJUALAN] CASHIER FORM : TextBox_TextChanged, attempt to calculate total value
[ADMIN] [10/17/2016 15:10] [PENJUALAN] CASHIER FORM : calculateTotal
[ADMIN] [10/17/2016 15:10] [PENJUALAN] CASHIER FORM : calculateTotal [0]
[ADMIN] [10/17/2016 15:10] [PENJUALAN] CASHIER FORM : calculateTotal, totalAfterDisc [0]
[ADMIN] [10/17/2016 15:10] [PENJUALAN] CASHIER FORM : cashierDataGridView_CellValueChanged [jumlah]
[ADMIN] [10/17/2016 15:10] [PENJUALAN] CASHIER FORM : calculateTotal
[ADMIN] [10/17/2016 15:10] [PENJUALAN] CASHIER FORM : calculateTotal [0]
[ADMIN] [10/17/2016 15:10] [PENJUALAN] CASHIER FORM : calculateTotal, totalAfterDisc [0]
[ADMIN] [10/17/2016 15:10] [PENJUALAN] CASHIER FORM : cashierDataGridView_CellValueChanged [productName]
[ADMIN] [10/17/2016 15:10] [PENJUALAN] CASHIER FORM : cashierDataGridView_CellValueChanged [productName]
[ADMIN] [10/17/2016 15:10] [PENJUALAN] CASHIER FORM : calculateTotal
[ADMIN] [10/17/2016 15:10] [PENJUALAN] CASHIER FORM : calculateTotal [0]
[ADMIN] [10/17/2016 15:10] [PENJUALAN] CASHIER FORM : calculateTotal, totalAfterDisc [0]
[ADMIN] [10/17/2016 15:10] [PENJUALAN] CASHIER FORM : cashierDataGridView_CellValueChanged [productName]
[ADMIN] [10/17/2016 15:10] [PENJUALAN] CASHIER FORM : cashierDataGridView_CellValueChanged [productName]
[ADMIN] [10/17/2016 15:10] [PENJUALAN] CASHIER FORM : calculateTotal
[ADMIN] [10/17/2016 15:10] [PENJUALAN] CASHIER FORM : calculateTotal [0]
[ADMIN] [10/17/2016 15:10] [PENJUALAN] CASHIER FORM : calculateTotal, totalAfterDisc [0]
[ADMIN] [10/17/2016 15:10] [PENJUALAN] CASHIER FORM : cashierDataGridView_CellValueChanged [productName]
[ADMIN] [10/17/2016 15:10] [PENJUALAN] CASHIER FORM : cashierDataGridView_CellValueChanged [productPrice]
[ADMIN] [10/17/2016 15:10] [PENJUALAN] CASHIER FORM : TextBox_TextChanged, previousInput []
[ADMIN] [10/17/2016 15:10] [PENJUALAN] CASHIER FORM : TextBox_TextChanged, dataGridViewTextBoxEditingControl.Text pass REGEX Checking
[ADMIN] [10/17/2016 15:10] [PENJUALAN] CASHIER FORM : CALCULATE SUBTOTAL
[ADMIN] [10/17/2016 15:10] [PENJUALAN] CASHIER FORM : SUBTOTAL [0]
[ADMIN] [10/17/2016 15:10] [PENJUALAN] CASHIER FORM : TextBox_TextChanged, subtotal value [0]
[ADMIN] [10/17/2016 15:10] [PENJUALAN] CASHIER FORM : TextBox_TextChanged, attempt to calculate total value
[ADMIN] [10/17/2016 15:10] [PENJUALAN] CASHIER FORM : calculateTotal
[ADMIN] [10/17/2016 15:10] [PENJUALAN] CASHIER FORM : calculateTotal [0]
[ADMIN] [10/17/2016 15:10] [PENJUALAN] CASHIER FORM : calculateTotal, totalAfterDisc [0]
[ADMIN] [10/17/2016 15:10] [PENJUALAN] CASHIER FORM : cashierDataGridView_CellValueChanged [productPrice]
[ADMIN] [10/17/2016 15:10] [PENJUALAN] CASHIER FORM : TextBox_TextChanged, previousInput []
[ADMIN] [10/17/2016 15:10] [PENJUALAN] CASHIER FORM : TextBox_TextChanged, dataGridViewTextBoxEditingControl.Text pass REGEX Checking
[ADMIN] [10/17/2016 15:10] [PENJUALAN] CASHIER FORM : CALCULATE SUBTOTAL
[ADMIN] [10/17/2016 15:10] [PENJUALAN] CASHIER FORM : SUBTOTAL [0]
[ADMIN] [10/17/2016 15:10] [PENJUALAN] CASHIER FORM : TextBox_TextChanged, subtotal value [0]
[ADMIN] [10/17/2016 15:10] [PENJUALAN] CASHIER FORM : TextBox_TextChanged, attempt to calculate total value
[ADMIN] [10/17/2016 15:10] [PENJUALAN] CASHIER FORM : calculateTotal
[ADMIN] [10/17/2016 15:10] [PENJUALAN] CASHIER FORM : calculateTotal [0]
[ADMIN] [10/17/2016 15:10] [PENJUALAN] CASHIER FORM : calculateTotal, totalAfterDisc [0]
[ADMIN] [10/17/2016 15:10] [PENJUALAN] CASHIER FORM : cashierDataGridView_CellValueChanged [productPrice]
[ADMIN] [10/17/2016 15:10] [PENJUALAN] CASHIER FORM : TextBox_TextChanged, previousInput []
[ADMIN] [10/17/2016 15:10] [PENJUALAN] CASHIER FORM : TextBox_TextChanged, dataGridViewTextBoxEditingControl.Text pass REGEX Checking
[ADMIN] [10/17/2016 15:10] [PENJUALAN] CASHIER FORM : CALCULATE SUBTOTAL
[ADMIN] [10/17/2016 15:10] [PENJUALAN] CASHIER FORM : SUBTOTAL [0]
[ADMIN] [10/17/2016 15:10] [PENJUALAN] CASHIER FORM : TextBox_TextChanged, subtotal value [0]
[ADMIN] [10/17/2016 15:10] [PENJUALAN] CASHIER FORM : TextBox_TextChanged, attempt to calculate total value
[ADMIN] [10/17/2016 15:10] [PENJUALAN] CASHIER FORM : calculateTotal
[ADMIN] [10/17/2016 15:10] [PENJUALAN] CASHIER FORM : calculateTotal [0]
[ADMIN] [10/17/2016 15:10] [PENJUALAN] CASHIER FORM : calculateTotal, totalAfterDisc [0]
[ADMIN] [10/17/2016 15:10] [PENJUALAN] CASHIER FORM : cashierDataGridView_CellValueChanged [qty]
[ADMIN] [10/17/2016 15:10] [PENJUALAN] CASHIER FORM : TextBox_TextChanged, previousInput [0]
[ADMIN] [10/17/2016 15:10] [PENJUALAN] CASHIER FORM : TextBox_TextChanged, dataGridViewTextBoxEditingControl.Text [2]
[ADMIN] [10/17/2016 15:10] [PENJUALAN] CASHIER FORM : TextBox_TextChanged, dataGridViewTextBoxEditingControl.Text pass REGEX Checking
[ADMIN] [10/17/2016 15:10] [PENJUALAN] CASHIER FORM : CHECK STOCK QTY IS ENOUGH [1]
[ADMIN] [10/17/2016 15:10] [PENJUALAN] CASHIER FORM : CHECK STOCK QTY IS ENOUGH [13, 2]
[ADMIN] [10/17/2016 15:10] [PENJUALAN] CASHIER FORM : CALCULATE SUBTOTAL
[ADMIN] [10/17/2016 15:10] [PENJUALAN] CASHIER FORM : SUBTOTAL [400]
[ADMIN] [10/17/2016 15:10] [PENJUALAN] CASHIER FORM : TextBox_TextChanged, subtotal value [400]
[ADMIN] [10/17/2016 15:10] [PENJUALAN] CASHIER FORM : TextBox_TextChanged, attempt to calculate total value
[ADMIN] [10/17/2016 15:10] [PENJUALAN] CASHIER FORM : calculateTotal
[ADMIN] [10/17/2016 15:10] [PENJUALAN] CASHIER FORM : calculateTotal [400]
[ADMIN] [10/17/2016 15:10] [PENJUALAN] CASHIER FORM : calculateTotal, totalAfterDisc [400]
[ADMIN] [10/17/2016 15:10] [PENJUALAN] CASHIER FORM : DISPLAY PELANGGAN FORM
[ADMIN] [10/17/2016 15:10] [PENJUALAN] CASHIER FORM : UNREGISTER HOTKEY
[ADMIN] [10/17/2016 15:10] [PENJUALAN] CASHIER FORM : REGISTER HOTKEY
[ADMIN] [10/17/2016 15:10] [PENJUALAN] CASHIER FORM : UNREGISTER HOTKEY
[ADMIN] [10/17/2016 15:10] [PENJUALAN] CASHIER FORM : UNREGISTER HOTKEY
[ADMIN] [10/17/2016 15:10] [PELANGGAN] ATTEMPT TO SAVE DATA
[ADMIN] [10/17/2016 15:10] [PELANGGAN] EDIT CUSTOMER DATA [1]
[ADMIN] [10/17/2016 15:10] [PELANGGAN] DATA SAVED
[ADMIN] [10/17/2016 15:10] [PENJUALAN] CASHIER FORM : MULTIPLE CASHIER INSTANCE [1]
[ADMIN] [10/17/2016 15:10] [PENJUALAN] CASHIER FORM : REGISTER HOTKEY
[ADMIN] [10/17/2016 15:10] [PENJUALAN] CASHIER FORM : cashierForm_Load, ATTEMPT TO LOAD NO FAKTUR
[ADMIN] [10/17/2016 15:10] [PENJUALAN] CASHIER FORM : loadNoFaktur, noFakturValue [SLO001]
[ADMIN] [10/17/2016 15:10] [PENJUALAN] CASHIER FORM : cashierForm_Load, ATTEMPT TO addColumnToDataGrid
[ADMIN] [10/17/2016 15:10] [PENJUALAN] CASHIER FORM : calculateTotal
[ADMIN] [10/17/2016 15:10] [PENJUALAN] CASHIER FORM : calculateTotal [0]
[ADMIN] [10/17/2016 15:10] [PENJUALAN] CASHIER FORM : calculateTotal, totalAfterDisc [0]
[ADMIN] [10/17/2016 15:10] [PENJUALAN] CASHIER FORM : REGISTER HOTKEY
[ADMIN] [10/17/2016 15:10] [PENJUALAN] CASHIER FORM : HOTKEY TO ADD NEW ROW PRESSED
[ADMIN] [10/17/2016 15:10] [PENJUALAN] CASHIER FORM : ADD NEW ROW,  isActive [True]
[ADMIN] [10/17/2016 15:10] [PENJUALAN] CASHIER FORM : ADD NEW ROW,  ROW COUNT [0]
[ADMIN] [10/17/2016 15:10] [PENJUALAN] CASHIER FORM : ADD NEW ROW,  ALLOW TO ADD [True]
[ADMIN] [10/17/2016 15:10] [PENJUALAN] CASHIER FORM : cashierDataGridView_CellValueChanged [F8]
[ADMIN] [10/17/2016 15:10] [PENJUALAN] CASHIER FORM : cashierDataGridView_CellValueChanged [hpp]
[ADMIN] [10/17/2016 15:10] [PENJUALAN] CASHIER FORM : cashierDataGridView_CellValueChanged [productPrice]
[ADMIN] [10/17/2016 15:10] [PENJUALAN] CASHIER FORM : TextBox_TextChanged, previousInput []
[ADMIN] [10/17/2016 15:10] [PENJUALAN] CASHIER FORM : TextBox_TextChanged, dataGridViewTextBoxEditingControl.Text pass REGEX Checking
[ADMIN] [10/17/2016 15:10] [PENJUALAN] CASHIER FORM : CALCULATE SUBTOTAL
[ADMIN] [10/17/2016 15:10] [PENJUALAN] CASHIER FORM : SUBTOTAL [0]
[ADMIN] [10/17/2016 15:10] [PENJUALAN] CASHIER FORM : TextBox_TextChanged, subtotal value [0]
[ADMIN] [10/17/2016 15:10] [PENJUALAN] CASHIER FORM : TextBox_TextChanged, attempt to calculate total value
[ADMIN] [10/17/2016 15:10] [PENJUALAN] CASHIER FORM : calculateTotal
[ADMIN] [10/17/2016 15:10] [PENJUALAN] CASHIER FORM : calculateTotal [0]
[ADMIN] [10/17/2016 15:10] [PENJUALAN] CASHIER FORM : calculateTotal, totalAfterDisc [0]
[ADMIN] [10/17/2016 15:10] [PENJUALAN] CASHIER FORM : cashierDataGridView_CellValueChanged [disc1]
[ADMIN] [10/17/2016 15:10] [PENJUALAN] CASHIER FORM : TextBox_TextChanged, previousInput []
[ADMIN] [10/17/2016 15:10] [PENJUALAN] CASHIER FORM : TextBox_TextChanged, dataGridViewTextBoxEditingControl.Text pass REGEX Checking
[ADMIN] [10/17/2016 15:10] [PENJUALAN] CASHIER FORM : CALCULATE SUBTOTAL
[ADMIN] [10/17/2016 15:10] [PENJUALAN] CASHIER FORM : SUBTOTAL [0]
[ADMIN] [10/17/2016 15:10] [PENJUALAN] CASHIER FORM : TextBox_TextChanged, subtotal value [0]
[ADMIN] [10/17/2016 15:10] [PENJUALAN] CASHIER FORM : TextBox_TextChanged, attempt to calculate total value
[ADMIN] [10/17/2016 15:10] [PENJUALAN] CASHIER FORM : calculateTotal
[ADMIN] [10/17/2016 15:10] [PENJUALAN] CASHIER FORM : calculateTotal [0]
[ADMIN] [10/17/2016 15:10] [PENJUALAN] CASHIER FORM : calculateTotal, totalAfterDisc [0]
[ADMIN] [10/17/2016 15:10] [PENJUALAN] CASHIER FORM : cashierDataGridView_CellValueChanged [qty]
[ADMIN] [10/17/2016 15:10] [PENJUALAN] CASHIER FORM : TextBox_TextChanged, previousInput []
[ADMIN] [10/17/2016 15:10] [PENJUALAN] CASHIER FORM : TextBox_TextChanged, dataGridViewTextBoxEditingControl.Text pass REGEX Checking
[ADMIN] [10/17/2016 15:10] [PENJUALAN] CASHIER FORM : CALCULATE SUBTOTAL
[ADMIN] [10/17/2016 15:10] [PENJUALAN] CASHIER FORM : SUBTOTAL [0]
[ADMIN] [10/17/2016 15:10] [PENJUALAN] CASHIER FORM : TextBox_TextChanged, subtotal value [0]
[ADMIN] [10/17/2016 15:10] [PENJUALAN] CASHIER FORM : TextBox_TextChanged, attempt to calculate total value
[ADMIN] [10/17/2016 15:10] [PENJUALAN] CASHIER FORM : calculateTotal
[ADMIN] [10/17/2016 15:10] [PENJUALAN] CASHIER FORM : calculateTotal [0]
[ADMIN] [10/17/2016 15:10] [PENJUALAN] CASHIER FORM : calculateTotal, totalAfterDisc [0]
[ADMIN] [10/17/2016 15:10] [PENJUALAN] CASHIER FORM : cashierDataGridView_CellValueChanged [disc2]
[ADMIN] [10/17/2016 15:10] [PENJUALAN] CASHIER FORM : TextBox_TextChanged, previousInput []
[ADMIN] [10/17/2016 15:10] [PENJUALAN] CASHIER FORM : TextBox_TextChanged, dataGridViewTextBoxEditingControl.Text pass REGEX Checking
[ADMIN] [10/17/2016 15:10] [PENJUALAN] CASHIER FORM : CALCULATE SUBTOTAL
[ADMIN] [10/17/2016 15:10] [PENJUALAN] CASHIER FORM : SUBTOTAL [0]
[ADMIN] [10/17/2016 15:10] [PENJUALAN] CASHIER FORM : TextBox_TextChanged, subtotal value [0]
[ADMIN] [10/17/2016 15:10] [PENJUALAN] CASHIER FORM : TextBox_TextChanged, attempt to calculate total value
[ADMIN] [10/17/2016 15:10] [PENJUALAN] CASHIER FORM : calculateTotal
[ADMIN] [10/17/2016 15:10] [PENJUALAN] CASHIER FORM : calculateTotal [0]
[ADMIN] [10/17/2016 15:10] [PENJUALAN] CASHIER FORM : calculateTotal, totalAfterDisc [0]
[ADMIN] [10/17/2016 15:10] [PENJUALAN] CASHIER FORM : cashierDataGridView_CellValueChanged [discRP]
[ADMIN] [10/17/2016 15:10] [PENJUALAN] CASHIER FORM : TextBox_TextChanged, previousInput []
[ADMIN] [10/17/2016 15:10] [PENJUALAN] CASHIER FORM : TextBox_TextChanged, dataGridViewTextBoxEditingControl.Text pass REGEX Checking
[ADMIN] [10/17/2016 15:10] [PENJUALAN] CASHIER FORM : CALCULATE SUBTOTAL
[ADMIN] [10/17/2016 15:10] [PENJUALAN] CASHIER FORM : SUBTOTAL [0]
[ADMIN] [10/17/2016 15:10] [PENJUALAN] CASHIER FORM : TextBox_TextChanged, subtotal value [0]
[ADMIN] [10/17/2016 15:10] [PENJUALAN] CASHIER FORM : TextBox_TextChanged, attempt to calculate total value
[ADMIN] [10/17/2016 15:10] [PENJUALAN] CASHIER FORM : calculateTotal
[ADMIN] [10/17/2016 15:10] [PENJUALAN] CASHIER FORM : calculateTotal [0]
[ADMIN] [10/17/2016 15:10] [PENJUALAN] CASHIER FORM : calculateTotal, totalAfterDisc [0]
[ADMIN] [10/17/2016 15:10] [PENJUALAN] CASHIER FORM : cashierDataGridView_CellValueChanged [jumlah]
[ADMIN] [10/17/2016 15:10] [PENJUALAN] CASHIER FORM : cashierDataGridView_CellValueChanged [productName]
[ADMIN] [10/17/2016 15:10] [PENJUALAN] CASHIER FORM : cashierDataGridView_CellValueChanged [productName]
[ADMIN] [10/17/2016 15:10] [PENJUALAN] CASHIER FORM : calculateTotal
[ADMIN] [10/17/2016 15:10] [PENJUALAN] CASHIER FORM : calculateTotal [0]
[ADMIN] [10/17/2016 15:10] [PENJUALAN] CASHIER FORM : calculateTotal, totalAfterDisc [0]
[ADMIN] [10/17/2016 15:10] [PENJUALAN] CASHIER FORM : cashierDataGridView_CellValueChanged [productName]
[ADMIN] [10/17/2016 15:10] [PENJUALAN] CASHIER FORM : cashierDataGridView_CellValueChanged [productName]
[ADMIN] [10/17/2016 15:10] [PENJUALAN] CASHIER FORM : calculateTotal
[ADMIN] [10/17/2016 15:10] [PENJUALAN] CASHIER FORM : calculateTotal [0]
[ADMIN] [10/17/2016 15:10] [PENJUALAN] CASHIER FORM : calculateTotal, totalAfterDisc [0]
[ADMIN] [10/17/2016 15:10] [PENJUALAN] CASHIER FORM : cashierDataGridView_CellValueChanged [productName]
[ADMIN] [10/17/2016 15:10] [PENJUALAN] CASHIER FORM : cashierDataGridView_CellValueChanged [productID]
[ADMIN] [10/17/2016 15:10] [PENJUALAN] CASHIER FORM : PRODUCT PRICE TYPE [PRODUCT_BASE_PRICE]
[ADMIN] [10/17/2016 15:10] [PENJUALAN] CASHIER FORM : PRODUCT PRICE [10]
[ADMIN] [10/17/2016 15:10] [PENJUALAN] CASHIER FORM : ComboBox_SelectedIndexChanged, PRODUCT_BASE_PRICE [10]
[ADMIN] [10/17/2016 15:10] [PENJUALAN] CASHIER FORM : cashierDataGridView_CellValueChanged [hpp]
[ADMIN] [10/17/2016 15:10] [PENJUALAN] CASHIER FORM : PRODUCT PRICE TYPE [PRODUCT_RETAIL_PRICE]
[ADMIN] [10/17/2016 15:10] [PENJUALAN] CASHIER FORM : PRODUCT PRICE [1]
[ADMIN] [10/17/2016 15:10] [PENJUALAN] CASHIER FORM : ComboBox_SelectedIndexChanged, PRODUCT_SALES_PRICE [1]
[ADMIN] [10/17/2016 15:10] [PENJUALAN] CASHIER FORM : cashierDataGridView_CellValueChanged [productPrice]
[ADMIN] [10/17/2016 15:10] [PENJUALAN] CASHIER FORM : TextBox_TextChanged, previousInput []
[ADMIN] [10/17/2016 15:10] [PENJUALAN] CASHIER FORM : TextBox_TextChanged, dataGridViewTextBoxEditingControl.Text pass REGEX Checking
[ADMIN] [10/17/2016 15:10] [PENJUALAN] CASHIER FORM : CALCULATE SUBTOTAL
[ADMIN] [10/17/2016 15:10] [PENJUALAN] CASHIER FORM : SUBTOTAL [0]
[ADMIN] [10/17/2016 15:10] [PENJUALAN] CASHIER FORM : TextBox_TextChanged, subtotal value [0]
[ADMIN] [10/17/2016 15:10] [PENJUALAN] CASHIER FORM : TextBox_TextChanged, attempt to calculate total value
[ADMIN] [10/17/2016 15:10] [PENJUALAN] CASHIER FORM : calculateTotal
[ADMIN] [10/17/2016 15:10] [PENJUALAN] CASHIER FORM : calculateTotal [0]
[ADMIN] [10/17/2016 15:10] [PENJUALAN] CASHIER FORM : calculateTotal, totalAfterDisc [0]
[ADMIN] [10/17/2016 15:10] [PENJUALAN] CASHIER FORM : cashierDataGridView_CellValueChanged [qty]
[ADMIN] [10/17/2016 15:10] [PENJUALAN] CASHIER FORM : TextBox_TextChanged, previousInput []
[ADMIN] [10/17/2016 15:10] [PENJUALAN] CASHIER FORM : TextBox_TextChanged, dataGridViewTextBoxEditingControl.Text pass REGEX Checking
[ADMIN] [10/17/2016 15:10] [PENJUALAN] CASHIER FORM : CALCULATE SUBTOTAL
[ADMIN] [10/17/2016 15:10] [PENJUALAN] CASHIER FORM : SUBTOTAL [0]
[ADMIN] [10/17/2016 15:10] [PENJUALAN] CASHIER FORM : TextBox_TextChanged, subtotal value [0]
[ADMIN] [10/17/2016 15:10] [PENJUALAN] CASHIER FORM : TextBox_TextChanged, attempt to calculate total value
[ADMIN] [10/17/2016 15:10] [PENJUALAN] CASHIER FORM : calculateTotal
[ADMIN] [10/17/2016 15:10] [PENJUALAN] CASHIER FORM : calculateTotal [0]
[ADMIN] [10/17/2016 15:10] [PENJUALAN] CASHIER FORM : calculateTotal, totalAfterDisc [0]
[ADMIN] [10/17/2016 15:10] [PENJUALAN] CASHIER FORM : ComboBox_SelectedIndexChanged, attempt to calculate total
[ADMIN] [10/17/2016 15:10] [PENJUALAN] CASHIER FORM : calculateTotal
[ADMIN] [10/17/2016 15:10] [PENJUALAN] CASHIER FORM : calculateTotal [0]
[ADMIN] [10/17/2016 15:10] [PENJUALAN] CASHIER FORM : calculateTotal, totalAfterDisc [0]
[ADMIN] [10/17/2016 15:10] [PENJUALAN] CASHIER FORM : cashierDataGridView_CellValueChanged [productName]
[ADMIN] [10/17/2016 15:10] [PENJUALAN] CASHIER FORM : cashierDataGridView_CellValueChanged [productName]
[ADMIN] [10/17/2016 15:10] [PENJUALAN] CASHIER FORM : cashierDataGridView_CellValueChanged [hpp]
[ADMIN] [10/17/2016 15:10] [PENJUALAN] CASHIER FORM : cashierDataGridView_CellValueChanged [productPrice]
[ADMIN] [10/17/2016 15:10] [PENJUALAN] CASHIER FORM : TextBox_TextChanged, previousInput []
[ADMIN] [10/17/2016 15:10] [PENJUALAN] CASHIER FORM : TextBox_TextChanged, dataGridViewTextBoxEditingControl.Text pass REGEX Checking
[ADMIN] [10/17/2016 15:10] [PENJUALAN] CASHIER FORM : CALCULATE SUBTOTAL
[ADMIN] [10/17/2016 15:10] [PENJUALAN] CASHIER FORM : SUBTOTAL [0]
[ADMIN] [10/17/2016 15:10] [PENJUALAN] CASHIER FORM : TextBox_TextChanged, subtotal value [0]
[ADMIN] [10/17/2016 15:10] [PENJUALAN] CASHIER FORM : TextBox_TextChanged, attempt to calculate total value
[ADMIN] [10/17/2016 15:10] [PENJUALAN] CASHIER FORM : calculateTotal
[ADMIN] [10/17/2016 15:10] [PENJUALAN] CASHIER FORM : calculateTotal [0]
[ADMIN] [10/17/2016 15:10] [PENJUALAN] CASHIER FORM : calculateTotal, totalAfterDisc [0]
[ADMIN] [10/17/2016 15:10] [PENJUALAN] CASHIER FORM : cashierDataGridView_CellValueChanged [qty]
[ADMIN] [10/17/2016 15:10] [PENJUALAN] CASHIER FORM : TextBox_TextChanged, previousInput []
[ADMIN] [10/17/2016 15:10] [PENJUALAN] CASHIER FORM : TextBox_TextChanged, dataGridViewTextBoxEditingControl.Text pass REGEX Checking
[ADMIN] [10/17/2016 15:10] [PENJUALAN] CASHIER FORM : CALCULATE SUBTOTAL
[ADMIN] [10/17/2016 15:10] [PENJUALAN] CASHIER FORM : SUBTOTAL [0]
[ADMIN] [10/17/2016 15:10] [PENJUALAN] CASHIER FORM : TextBox_TextChanged, subtotal value [0]
[ADMIN] [10/17/2016 15:10] [PENJUALAN] CASHIER FORM : TextBox_TextChanged, attempt to calculate total value
[ADMIN] [10/17/2016 15:10] [PENJUALAN] CASHIER FORM : calculateTotal
[ADMIN] [10/17/2016 15:10] [PENJUALAN] CASHIER FORM : calculateTotal [0]
[ADMIN] [10/17/2016 15:10] [PENJUALAN] CASHIER FORM : calculateTotal, totalAfterDisc [0]
[ADMIN] [10/17/2016 15:10] [PENJUALAN] CASHIER FORM : cashierDataGridView_CellValueChanged [jumlah]
[ADMIN] [10/17/2016 15:10] [PENJUALAN] CASHIER FORM : calculateTotal
[ADMIN] [10/17/2016 15:10] [PENJUALAN] CASHIER FORM : calculateTotal [0]
[ADMIN] [10/17/2016 15:10] [PENJUALAN] CASHIER FORM : calculateTotal, totalAfterDisc [0]
[ADMIN] [10/17/2016 15:10] [PENJUALAN] CASHIER FORM : cashierDataGridView_CellValueChanged [productName]
[ADMIN] [10/17/2016 15:10] [PENJUALAN] CASHIER FORM : cashierDataGridView_CellValueChanged [productName]
[ADMIN] [10/17/2016 15:10] [PENJUALAN] CASHIER FORM : calculateTotal
[ADMIN] [10/17/2016 15:10] [PENJUALAN] CASHIER FORM : calculateTotal [0]
[ADMIN] [10/17/2016 15:10] [PENJUALAN] CASHIER FORM : calculateTotal, totalAfterDisc [0]
[ADMIN] [10/17/2016 15:10] [PENJUALAN] CASHIER FORM : cashierDataGridView_CellValueChanged [productName]
[ADMIN] [10/17/2016 15:10] [PENJUALAN] CASHIER FORM : cashierDataGridView_CellValueChanged [productName]
[ADMIN] [10/17/2016 15:10] [PENJUALAN] CASHIER FORM : calculateTotal
[ADMIN] [10/17/2016 15:10] [PENJUALAN] CASHIER FORM : calculateTotal [0]
[ADMIN] [10/17/2016 15:10] [PENJUALAN] CASHIER FORM : calculateTotal, totalAfterDisc [0]
[ADMIN] [10/17/2016 15:10] [PENJUALAN] CASHIER FORM : cashierDataGridView_CellValueChanged [productName]
[ADMIN] [10/17/2016 15:10] [PENJUALAN] CASHIER FORM : cashierDataGridView_CellValueChanged [productPrice]
[ADMIN] [10/17/2016 15:10] [PENJUALAN] CASHIER FORM : TextBox_TextChanged, previousInput []
[ADMIN] [10/17/2016 15:10] [PENJUALAN] CASHIER FORM : TextBox_TextChanged, dataGridViewTextBoxEditingControl.Text pass REGEX Checking
[ADMIN] [10/17/2016 15:10] [PENJUALAN] CASHIER FORM : CALCULATE SUBTOTAL
[ADMIN] [10/17/2016 15:10] [PENJUALAN] CASHIER FORM : SUBTOTAL [0]
[ADMIN] [10/17/2016 15:10] [PENJUALAN] CASHIER FORM : TextBox_TextChanged, subtotal value [0]
[ADMIN] [10/17/2016 15:10] [PENJUALAN] CASHIER FORM : TextBox_TextChanged, attempt to calculate total value
[ADMIN] [10/17/2016 15:10] [PENJUALAN] CASHIER FORM : calculateTotal
[ADMIN] [10/17/2016 15:10] [PENJUALAN] CASHIER FORM : calculateTotal [0]
[ADMIN] [10/17/2016 15:10] [PENJUALAN] CASHIER FORM : calculateTotal, totalAfterDisc [0]
[ADMIN] [10/17/2016 15:10] [PENJUALAN] CASHIER FORM : cashierDataGridView_CellValueChanged [productPrice]
[ADMIN] [10/17/2016 15:10] [PENJUALAN] CASHIER FORM : TextBox_TextChanged, previousInput []
[ADMIN] [10/17/2016 15:10] [PENJUALAN] CASHIER FORM : TextBox_TextChanged, dataGridViewTextBoxEditingControl.Text pass REGEX Checking
[ADMIN] [10/17/2016 15:10] [PENJUALAN] CASHIER FORM : CALCULATE SUBTOTAL
[ADMIN] [10/17/2016 15:10] [PENJUALAN] CASHIER FORM : SUBTOTAL [0]
[ADMIN] [10/17/2016 15:10] [PENJUALAN] CASHIER FORM : TextBox_TextChanged, subtotal value [0]
[ADMIN] [10/17/2016 15:10] [PENJUALAN] CASHIER FORM : TextBox_TextChanged, attempt to calculate total value
[ADMIN] [10/17/2016 15:10] [PENJUALAN] CASHIER FORM : calculateTotal
[ADMIN] [10/17/2016 15:10] [PENJUALAN] CASHIER FORM : calculateTotal [0]
[ADMIN] [10/17/2016 15:10] [PENJUALAN] CASHIER FORM : calculateTotal, totalAfterDisc [0]
[ADMIN] [10/17/2016 15:10] [PENJUALAN] CASHIER FORM : cashierDataGridView_CellValueChanged [productPrice]
[ADMIN] [10/17/2016 15:10] [PENJUALAN] CASHIER FORM : TextBox_TextChanged, previousInput []
[ADMIN] [10/17/2016 15:10] [PENJUALAN] CASHIER FORM : TextBox_TextChanged, dataGridViewTextBoxEditingControl.Text pass REGEX Checking
[ADMIN] [10/17/2016 15:10] [PENJUALAN] CASHIER FORM : CALCULATE SUBTOTAL
[ADMIN] [10/17/2016 15:10] [PENJUALAN] CASHIER FORM : SUBTOTAL [0]
[ADMIN] [10/17/2016 15:10] [PENJUALAN] CASHIER FORM : TextBox_TextChanged, subtotal value [0]
[ADMIN] [10/17/2016 15:10] [PENJUALAN] CASHIER FORM : TextBox_TextChanged, attempt to calculate total value
[ADMIN] [10/17/2016 15:10] [PENJUALAN] CASHIER FORM : calculateTotal
[ADMIN] [10/17/2016 15:10] [PENJUALAN] CASHIER FORM : calculateTotal [0]
[ADMIN] [10/17/2016 15:10] [PENJUALAN] CASHIER FORM : calculateTotal, totalAfterDisc [0]
[ADMIN] [10/17/2016 15:11] [PENJUALAN] CASHIER FORM : cashierDataGridView_CellValueChanged [qty]
[ADMIN] [10/17/2016 15:11] [PENJUALAN] CASHIER FORM : TextBox_TextChanged, previousInput [0]
[ADMIN] [10/17/2016 15:11] [PENJUALAN] CASHIER FORM : TextBox_TextChanged, dataGridViewTextBoxEditingControl.Text [2]
[ADMIN] [10/17/2016 15:11] [PENJUALAN] CASHIER FORM : TextBox_TextChanged, dataGridViewTextBoxEditingControl.Text pass REGEX Checking
[ADMIN] [10/17/2016 15:11] [PENJUALAN] CASHIER FORM : CHECK STOCK QTY IS ENOUGH [1]
[ADMIN] [10/17/2016 15:11] [PENJUALAN] CASHIER FORM : CHECK STOCK QTY IS ENOUGH [13, 2]
[ADMIN] [10/17/2016 15:11] [PENJUALAN] CASHIER FORM : CALCULATE SUBTOTAL
[ADMIN] [10/17/2016 15:11] [PENJUALAN] CASHIER FORM : SUBTOTAL [400]
[ADMIN] [10/17/2016 15:11] [PENJUALAN] CASHIER FORM : TextBox_TextChanged, subtotal value [400]
[ADMIN] [10/17/2016 15:11] [PENJUALAN] CASHIER FORM : TextBox_TextChanged, attempt to calculate total value
[ADMIN] [10/17/2016 15:11] [PENJUALAN] CASHIER FORM : calculateTotal
[ADMIN] [10/17/2016 15:11] [PENJUALAN] CASHIER FORM : calculateTotal [400]
[ADMIN] [10/17/2016 15:11] [PENJUALAN] CASHIER FORM : calculateTotal, totalAfterDisc [400]
[ADMIN] [10/17/2016 15:11] [PENJUALAN] CASHIER FORM : cashierDataGridView_CellValueChanged [qty]
[ADMIN] [10/17/2016 15:11] [PENJUALAN] CASHIER FORM : TextBox_TextChanged, previousInput [2]
[ADMIN] [10/17/2016 15:11] [PENJUALAN] CASHIER FORM : TextBox_TextChanged, dataGridViewTextBoxEditingControl.Text pass REGEX Checking
[ADMIN] [10/17/2016 15:11] [PENJUALAN] CASHIER FORM : CHECK STOCK QTY IS ENOUGH [1]
[ADMIN] [10/17/2016 15:11] [PENJUALAN] CASHIER FORM : CHECK STOCK QTY IS ENOUGH [13, 20]
[ADMIN] [10/17/2016 15:11] [PENJUALAN] CASHIER FORM : CALCULATE SUBTOTAL
[ADMIN] [10/17/2016 15:11] [PENJUALAN] CASHIER FORM : SUBTOTAL [400]
[ADMIN] [10/17/2016 15:11] [PENJUALAN] CASHIER FORM : TextBox_TextChanged, subtotal value [400]
[ADMIN] [10/17/2016 15:11] [PENJUALAN] CASHIER FORM : TextBox_TextChanged, attempt to calculate total value
[ADMIN] [10/17/2016 15:11] [PENJUALAN] CASHIER FORM : calculateTotal
[ADMIN] [10/17/2016 15:11] [PENJUALAN] CASHIER FORM : calculateTotal [400]
[ADMIN] [10/17/2016 15:11] [PENJUALAN] CASHIER FORM : calculateTotal, totalAfterDisc [400]
[ADMIN] [10/17/2016 15:11] [PENJUALAN] CASHIER FORM : DISPLAY PELANGGAN FORM
[ADMIN] [10/17/2016 15:11] [PENJUALAN] CASHIER FORM : UNREGISTER HOTKEY
[ADMIN] [10/17/2016 15:11] [PENJUALAN] CASHIER FORM : SELECTED CUSTOMER ID [1]
[ADMIN] [10/17/2016 15:11] [PENJUALAN] CASHIER FORM : ATTEMPT TO SET CUSTOMER PROFILE
[ADMIN] [10/17/2016 15:11] [PENJUALAN] CASHIER FORM : SET CUSTOMER PROFILE [PELANGGAN 1]
[ADMIN] [10/17/2016 15:11] [PENJUALAN] CASHIER FORM : CUSTOMER GROUP [P-UMUM [ECER]]
[ADMIN] [10/17/2016 15:11] [PENJUALAN] CASHIER FORM : FINISHED SET CUSTOMER PROFILE
[ADMIN] [10/17/2016 15:11] [PENJUALAN] CASHIER FORM : ATTEMPT TO REFRESH PRODUCT PRICE
[ADMIN] [10/17/2016 15:11] [PENJUALAN] CASHIER FORM : PRODUCT PRICE TYPE [PRODUCT_RETAIL_PRICE]
[ADMIN] [10/17/2016 15:11] [PENJUALAN] CASHIER FORM : PRODUCT PRICE [1]
[ADMIN] [10/17/2016 15:11] [PENJUALAN] CASHIER FORM : cashierDataGridView_CellValueChanged [productPrice]
[ADMIN] [10/17/2016 15:11] [PENJUALAN] CASHIER FORM : TextBox_TextChanged, previousInput [0]
[ADMIN] [10/17/2016 15:11] [PENJUALAN] CASHIER FORM : TextBox_TextChanged, dataGridViewTextBoxEditingControl.Text [1]
[ADMIN] [10/17/2016 15:11] [PENJUALAN] CASHIER FORM : TextBox_TextChanged, dataGridViewTextBoxEditingControl.Text pass REGEX Checking
[ADMIN] [10/17/2016 15:11] [PENJUALAN] CASHIER FORM : CALCULATE SUBTOTAL
[ADMIN] [10/17/2016 15:11] [PENJUALAN] CASHIER FORM : SUBTOTAL [1.98]
[ADMIN] [10/17/2016 15:11] [PENJUALAN] CASHIER FORM : TextBox_TextChanged, subtotal value [1.98]
[ADMIN] [10/17/2016 15:11] [PENJUALAN] CASHIER FORM : TextBox_TextChanged, attempt to calculate total value
[ADMIN] [10/17/2016 15:11] [PENJUALAN] CASHIER FORM : calculateTotal
[ADMIN] [10/17/2016 15:11] [PENJUALAN] CASHIER FORM : calculateTotal [1.98]
[ADMIN] [10/17/2016 15:11] [PENJUALAN] CASHIER FORM : calculateTotal, totalAfterDisc [1.98]
[ADMIN] [10/17/2016 15:11] [PENJUALAN] CASHIER FORM : CHECK IF THERE'S ANY ENTRY IN THE PRODUCT DISC
[ADMIN] [10/17/2016 15:11] [PENJUALAN] CASHIER FORM : ENTRY IN THE PRODUCT DISC FOUND, RETRIEVE THE DISC VALUE
[ADMIN] [10/17/2016 15:11] [PENJUALAN] CASHIER FORM : DISC FOUND [0, 0, 0]
[ADMIN] [10/17/2016 15:11] [PENJUALAN] CASHIER FORM : CALCULATE SUBTOTAL
[ADMIN] [10/17/2016 15:11] [PENJUALAN] CASHIER FORM : SUBTOTAL [2]
[ADMIN] [10/17/2016 15:11] [PENJUALAN] CASHIER FORM : cashierDataGridView_CellValueChanged [jumlah]
[ADMIN] [10/17/2016 15:11] [PENJUALAN] CASHIER FORM : calculateTotal
[ADMIN] [10/17/2016 15:11] [PENJUALAN] CASHIER FORM : calculateTotal [2]
[ADMIN] [10/17/2016 15:11] [PENJUALAN] CASHIER FORM : calculateTotal, totalAfterDisc [2]
[ADMIN] [10/17/2016 15:11] [PENJUALAN] CASHIER FORM : PRODUCT PRICE REFRESHED
[ADMIN] [10/17/2016 15:11] [PENJUALAN] CASHIER FORM : REGISTER HOTKEY
[ADMIN] [10/17/2016 15:11] [PENJUALAN] CASHIER FORM : discJualMaskedTextBox_Validating, totalAfterDisc [2]
[ADMIN] [10/17/2016 15:11] [PENJUALAN] CASHIER FORM : discJualMaskedTextBox_Validating, totalAfterDisc [2]
[ADMIN] [10/17/2016 15:11] [PENJUALAN] CASHIER FORM : discJualMaskedTextBox_Validating, totalAfterDisc [-198]
[ADMIN] [10/17/2016 15:11] [PENJUALAN] CASHIER FORM : discJualMaskedTextBox_Validating, totalAfterDisc [2]
[ADMIN] [10/17/2016 15:11] [PENJUALAN] CASHIER FORM : cashierDataGridView_CellValueChanged [productPrice]
[ADMIN] [10/17/2016 15:11] [PENJUALAN] CASHIER FORM : TextBox_TextChanged, previousInput []
[ADMIN] [10/17/2016 15:11] [PENJUALAN] CASHIER FORM : TextBox_TextChanged, dataGridViewTextBoxEditingControl.Text pass REGEX Checking
[ADMIN] [10/17/2016 15:11] [PENJUALAN] CASHIER FORM : CALCULATE SUBTOTAL
[ADMIN] [10/17/2016 15:11] [PENJUALAN] CASHIER FORM : SUBTOTAL [2]
[ADMIN] [10/17/2016 15:11] [PENJUALAN] CASHIER FORM : TextBox_TextChanged, subtotal value [2]
[ADMIN] [10/17/2016 15:11] [PENJUALAN] CASHIER FORM : TextBox_TextChanged, attempt to calculate total value
[ADMIN] [10/17/2016 15:11] [PENJUALAN] CASHIER FORM : calculateTotal
[ADMIN] [10/17/2016 15:11] [PENJUALAN] CASHIER FORM : calculateTotal [2]
[ADMIN] [10/17/2016 15:11] [PENJUALAN] CASHIER FORM : calculateTotal, totalAfterDisc [1.8]
[ADMIN] [10/17/2016 15:11] [PENJUALAN] CASHIER FORM : cashierDataGridView_CellValueChanged [productPrice]
[ADMIN] [10/17/2016 15:11] [PENJUALAN] CASHIER FORM : TextBox_TextChanged, previousInput []
[ADMIN] [10/17/2016 15:11] [PENJUALAN] CASHIER FORM : TextBox_TextChanged, dataGridViewTextBoxEditingControl.Text pass REGEX Checking
[ADMIN] [10/17/2016 15:11] [PENJUALAN] CASHIER FORM : CALCULATE SUBTOTAL
[ADMIN] [10/17/2016 15:11] [PENJUALAN] CASHIER FORM : SUBTOTAL [20]
[ADMIN] [10/17/2016 15:11] [PENJUALAN] CASHIER FORM : TextBox_TextChanged, subtotal value [20]
[ADMIN] [10/17/2016 15:11] [PENJUALAN] CASHIER FORM : TextBox_TextChanged, attempt to calculate total value
[ADMIN] [10/17/2016 15:11] [PENJUALAN] CASHIER FORM : calculateTotal
[ADMIN] [10/17/2016 15:11] [PENJUALAN] CASHIER FORM : calculateTotal [20]
[ADMIN] [10/17/2016 15:11] [PENJUALAN] CASHIER FORM : calculateTotal, totalAfterDisc [18]
[ADMIN] [10/17/2016 15:11] [PENJUALAN] CASHIER FORM : cashierDataGridView_CellValueChanged [productPrice]
[ADMIN] [10/17/2016 15:11] [PENJUALAN] CASHIER FORM : TextBox_TextChanged, previousInput []
[ADMIN] [10/17/2016 15:11] [PENJUALAN] CASHIER FORM : TextBox_TextChanged, dataGridViewTextBoxEditingControl.Text pass REGEX Checking
[ADMIN] [10/17/2016 15:11] [PENJUALAN] CASHIER FORM : CALCULATE SUBTOTAL
[ADMIN] [10/17/2016 15:11] [PENJUALAN] CASHIER FORM : SUBTOTAL [200]
[ADMIN] [10/17/2016 15:11] [PENJUALAN] CASHIER FORM : TextBox_TextChanged, subtotal value [200]
[ADMIN] [10/17/2016 15:11] [PENJUALAN] CASHIER FORM : TextBox_TextChanged, attempt to calculate total value
[ADMIN] [10/17/2016 15:11] [PENJUALAN] CASHIER FORM : calculateTotal
[ADMIN] [10/17/2016 15:11] [PENJUALAN] CASHIER FORM : calculateTotal [200]
[ADMIN] [10/17/2016 15:11] [PENJUALAN] CASHIER FORM : calculateTotal, totalAfterDisc [180]
[ADMIN] [10/17/2016 15:11] [PENJUALAN] CASHIER FORM : discJualMaskedTextBox_Validating, totalAfterDisc [180]
[ADMIN] [10/17/2016 15:11] [PENJUALAN] CASHIER FORM : discJualMaskedTextBox_Validating, totalAfterDisc [198]
[ADMIN] [10/17/2016 15:11] [PENJUALAN] CASHIER FORM : discJualMaskedTextBox_Validating, totalAfterDisc [180]
[ADMIN] [10/17/2016 15:11] [PENJUALAN] CASHIER FORM : discJualMaskedTextBox_Validating, totalAfterDisc [0]
[ADMIN] [10/17/2016 15:11] [PENJUALAN] CASHIER FORM : discJualMaskedTextBox_Validating, totalAfterDisc [0]
[ADMIN] [10/17/2016 15:11] [PENJUALAN] CASHIER FORM : discJualMaskedTextBox_Validating, totalAfterDisc [198]
[ADMIN] [10/17/2016 15:11] [PENJUALAN] CASHIER FORM : discJualMaskedTextBox_Validating, totalAfterDisc [180]
[ADMIN] [10/17/2016 15:11] [PENJUALAN] CASHIER FORM : discJualMaskedTextBox_Validating, totalAfterDisc [160]
[ADMIN] [10/17/2016 15:11] [PENJUALAN] CASHIER FORM : calculateChangeValue, bayarTextBox.Text [2]
[ADMIN] [10/17/2016 15:11] [PENJUALAN] CASHIER FORM : calculateChangeValue, sisaBayar [0]
[ADMIN] [10/17/2016 15:11] [PENJUALAN] CASHIER FORM : calculateChangeValue, bayarTextBox.Text [20]
[ADMIN] [10/17/2016 15:11] [PENJUALAN] CASHIER FORM : calculateChangeValue, sisaBayar [0]
[ADMIN] [10/17/2016 15:11] [PENJUALAN] CASHIER FORM : calculateChangeValue, bayarTextBox.Text [200]
[ADMIN] [10/17/2016 15:11] [PENJUALAN] CASHIER FORM : calculateChangeValue, sisaBayar [20]
[ADMIN] [10/17/2016 15:11] [PENJUALAN] CASHIER FORM : HOTKEY TO SAVE AND PRINT OUT INVOICE PRESSED
[ADMIN] [10/17/2016 15:11] [PENJUALAN] CASHIER FORM : UNREGISTER HOTKEY
[ADMIN] [10/17/2016 15:11] [PENJUALAN] CASHIER FORM : REGISTER HOTKEY
[ADMIN] [10/17/2016 15:11] [PENJUALAN] ATTEMPT TO SAVE AND PRINT OUT INVOICE
[ADMIN] [10/17/2016 15:11] [PENJUALAN] CASHIER FORM : UNREGISTER HOTKEY
[ADMIN] [10/17/2016 15:11] [PENJUALAN] CASHIER FORM : ATTEMPT TO SAVE SALES DATA [17-10-2016 15:11]
[ADMIN] [10/17/2016 15:11] [PENJUALAN] CASHIER FORM : SALES DISC FINAL [20]
[ADMIN] [10/17/2016 15:11] [PENJUALAN] CASHIER FORM : CASH SALES
[ADMIN] [10/17/2016 15:11] [PENJUALAN] CHECK IF TAX LIMIT SET FOR PERCENTAGE PURCHASE [0]
[ADMIN] [10/17/2016 15:11] [PENJUALAN] CHECK IF TAX LIMIT SET FOR AVERAGE DAILY PURCHASE [0]
[ADMIN] [10/17/2016 15:11] [PENJUALAN] CASHIER FORM : NO FAKTUR [SLO001]
[ADMIN] [10/17/2016 15:11] [PENJUALAN] CASHIER FORM : MAX SALES INVOICE [9]
[ADMIN] [10/17/2016 15:11] [PENJUALAN] CASHIER FORM : SALES INVOICE [SLO001-10]
[ADMIN] [10/17/2016 15:11] [PENJUALAN] INSERT INTO SALES HEADER [SLO001-10]
[ADMIN] [10/17/2016 15:11] [PENJUALAN] INSERT INTO SALES DETAIL[1, 100, 2]
[ADMIN] [10/17/2016 15:11] [PENJUALAN] UPDATE CUSTOMER PRODUCT DISC [1]
[ADMIN] [10/17/2016 15:11] [PENJUALAN] INSERT TO CREDIT TABLE [SLO001-10]
[ADMIN] [10/17/2016 15:11] [PENJUALAN] INSERT TO DAILY JOURNAL TABLE [200]
[ADMIN] [10/17/2016 15:11] [PENJUALAN] CASHIER FORM : REGISTER HOTKEY
[ADMIN] [10/17/2016 15:11] [PENJUALAN] TRANSACTION SAVED
[ADMIN] [10/17/2016 15:11] [PENJUALAN] PRINT OUT INVOICE
[ADMIN] [10/17/2016 15:11] [PENJUALAN] CASHIER FORM : PrintReceipt
[ADMIN] [10/17/2016 15:11] [PENJUALAN] CASHIER FORM : PrintReceipt, POS size Paper
[ADMIN] [10/17/2016 15:11] [PENJUALAN] CASHIER FORM : loadInfoToko
[ADMIN] [10/17/2016 15:11] [PENJUALAN] CASHIER FORM : calculatePageLength, totalLengthPage [388]
[ADMIN] [10/17/2016 15:11] [PENJUALAN] CASHIER FORM : UNREGISTER HOTKEY
[ADMIN] [10/17/2016 15:11] [PENJUALAN] CASHIER FORM : printDocument1_PrintPage, print POS size receipt
[ADMIN] [10/17/2016 15:11] [PENJUALAN] CASHIER FORM : loadInfoToko
[ADMIN] [10/17/2016 15:11] [PENJUALAN] CASHIER FORM : loadNamaUser
[ADMIN] [10/17/2016 15:11] [PENJUALAN] CASHIER FORM : REGISTER HOTKEY
[ADMIN] [10/17/2016 15:11] [PENJUALAN] VALIDATE USER CREDIT STATUS
[ADMIN] [10/17/2016 15:11] [PENJUALAN] CASHIER FORM : UNREGISTER HOTKEY
[ADMIN] [10/17/2016 15:11] [PENJUALAN] CASHIER FORM : REGISTER HOTKEY
[ADMIN] [10/17/2016 15:11] [PENJUALAN] CASHIER FORM : UNREGISTER HOTKEY
[] [10/17/2016 15:14] [] USER = ADMIN IS ACTIVE
[ADMIN] [10/17/2016 15:14] [] USER ID = 1 LOGIN SUCCESSFULLY
[ADMIN] [10/17/2016 15:14] [] ACTIVATE USER ACCESS RIGHT
[ADMIN] [10/17/2016 15:14] [] DISPLAY ADMIN FORM
[ADMIN] [10/17/2016 15:14] [] adminForm Load
[ADMIN] [10/17/2016 15:15] [PENJUALAN] CASHIER FORM : REGISTER HOTKEY
[ADMIN] [10/17/2016 15:15] [PENJUALAN] CASHIER FORM : loadNoFaktur, noFakturValue [SLO001]
[ADMIN] [10/17/2016 15:15] [PENJUALAN] CASHIER FORM : ADD NEW ROW,  isActive [True]
[ADMIN] [10/17/2016 15:15] [PENJUALAN] CASHIER FORM : ADD NEW ROW,  ROW COUNT [0]
[ADMIN] [10/17/2016 15:15] [PENJUALAN] CASHIER FORM : ADD NEW ROW,  ALLOW TO ADD [True]
[ADMIN] [10/17/2016 15:15] [PENJUALAN] CASHIER FORM : REGISTER HOTKEY
[ADMIN] [10/17/2016 15:15] [PENJUALAN] CASHIER FORM : DISPLAY PELANGGAN FORM
[ADMIN] [10/17/2016 15:15] [PENJUALAN] CASHIER FORM : UNREGISTER HOTKEY
[ADMIN] [10/17/2016 15:15] [PENJUALAN] CASHIER FORM : SELECTED TECHNICIAN ID [1]
[ADMIN] [10/17/2016 15:15] [PENJUALAN] CASHIER FORM : ATTEMPT TO SET CUSTOMER PROFILE
[ADMIN] [10/17/2016 15:15] [PENJUALAN] CASHIER FORM : FINISHED SET CUSTOMER PROFILE
[ADMIN] [10/17/2016 15:15] [PENJUALAN] CASHIER FORM : REGISTER HOTKEY
[ADMIN] [10/17/2016 15:15] [PENJUALAN] CASHIER FORM : UNREGISTER HOTKEY
[ADMIN] [10/17/2016 15:15] [PENJUALAN] CASHIER FORM : REGISTER HOTKEY
[ADMIN] [10/17/2016 15:15] [PENJUALAN] CASHIER FORM : UNREGISTER HOTKEY
[ADMIN] [10/17/2016 15:16] [PENJUALAN] CASHIER FORM : REGISTER HOTKEY
[ADMIN] [10/17/2016 15:16] [PENJUALAN] CASHIER FORM : HOTKEY TO SAVE AND PRINT OUT INVOICE PRESSED
[ADMIN] [10/17/2016 15:16] [PENJUALAN] CASHIER FORM : UNREGISTER HOTKEY
[ADMIN] [10/17/2016 15:16] [PENJUALAN] CASHIER FORM : REGISTER HOTKEY
[ADMIN] [10/17/2016 15:16] [PENJUALAN] CASHIER FORM : UNREGISTER HOTKEY
[ADMIN] [10/17/2016 15:16] [PENJUALAN] CASHIER FORM : REGISTER HOTKEY
[ADMIN] [10/17/2016 15:16] [PENJUALAN] CASHIER FORM : UNREGISTER HOTKEY
[] [10/17/2016 15:17] [] USER = ADMIN IS ACTIVE
[ADMIN] [10/17/2016 15:17] [] USER ID = 1 LOGIN SUCCESSFULLY
[ADMIN] [10/17/2016 15:17] [] ACTIVATE USER ACCESS RIGHT
[ADMIN] [10/17/2016 15:17] [] DISPLAY ADMIN FORM
[ADMIN] [10/17/2016 15:17] [] adminForm Load
[ADMIN] [10/17/2016 15:17] [PENJUALAN] CASHIER FORM : MULTIPLE CASHIER INSTANCE [1]
[ADMIN] [10/17/2016 15:17] [PENJUALAN] CASHIER FORM : REGISTER HOTKEY
[ADMIN] [10/17/2016 15:17] [PENJUALAN] CASHIER FORM : cashierForm_Load, ATTEMPT TO LOAD NO FAKTUR
[ADMIN] [10/17/2016 15:17] [PENJUALAN] CASHIER FORM : loadNoFaktur, noFakturValue [SLO001]
[ADMIN] [10/17/2016 15:17] [PENJUALAN] CASHIER FORM : cashierForm_Load, ATTEMPT TO addColumnToDataGrid
[ADMIN] [10/17/2016 15:17] [PENJUALAN] CASHIER FORM : calculateTotal
[ADMIN] [10/17/2016 15:17] [PENJUALAN] CASHIER FORM : calculateTotal [0]
[ADMIN] [10/17/2016 15:17] [PENJUALAN] CASHIER FORM : calculateTotal, totalAfterDisc [0]
[ADMIN] [10/17/2016 15:17] [PENJUALAN] CASHIER FORM : REGISTER HOTKEY
[ADMIN] [10/17/2016 15:17] [PENJUALAN] CASHIER FORM : UNREGISTER HOTKEY
[ADMIN] [10/17/2016 15:17] [PENJUALAN] CASHIER FORM : UNREGISTER HOTKEY
[ADMIN] [10/17/2016 15:17] [PENJUALAN] CASHIER FORM : REGISTER HOTKEY
[ADMIN] [10/17/2016 15:18] [PENJUALAN] CASHIER FORM : loadNoFaktur, noFakturValue [SLO001]
[ADMIN] [10/17/2016 15:18] [PENJUALAN] CASHIER FORM : ADD NEW ROW,  isActive [True]
[ADMIN] [10/17/2016 15:18] [PENJUALAN] CASHIER FORM : ADD NEW ROW,  ROW COUNT [0]
[ADMIN] [10/17/2016 15:18] [PENJUALAN] CASHIER FORM : ADD NEW ROW,  ALLOW TO ADD [True]
[ADMIN] [10/17/2016 15:18] [PENJUALAN] CASHIER FORM : REGISTER HOTKEY
[ADMIN] [10/17/2016 15:18] [PENJUALAN] CASHIER FORM : HOTKEY TO SAVE AND PRINT OUT INVOICE PRESSED
[ADMIN] [10/17/2016 15:18] [PENJUALAN] CASHIER FORM : UNREGISTER HOTKEY
[ADMIN] [10/17/2016 15:18] [PENJUALAN] CASHIER FORM : REGISTER HOTKEY
[ADMIN] [10/17/2016 15:18] [PENJUALAN] ATTEMPT TO SAVE AND PRINT OUT INVOICE
[ADMIN] [10/17/2016 15:18] [PENJUALAN] CASHIER FORM : UNREGISTER HOTKEY
[ADMIN] [10/17/2016 15:18] [PENJUALAN] CASHIER FORM : ATTEMPT TO SAVE SALES DATA [17-10-2016 15:18]
[ADMIN] [10/17/2016 15:18] [PENJUALAN] CASHIER FORM : CASH SALES
[ADMIN] [10/17/2016 15:18] [PENJUALAN] INSERT INTO SURAT TUGAS HEADER [SLO001-10]
[ADMIN] [10/17/2016 15:18] [PENJUALAN] INSERT INTO SURAT TUGAS DETAIL[1, 2]
[ADMIN] [10/17/2016 15:18] [PENJUALAN] CASHIER FORM : REGISTER HOTKEY
[ADMIN] [10/17/2016 15:18] [PENJUALAN] TRANSACTION SAVED
[ADMIN] [10/17/2016 15:18] [PENJUALAN] PRINT OUT INVOICE
[ADMIN] [10/17/2016 15:18] [PENJUALAN] CASHIER FORM : PrintReceipt
[ADMIN] [10/17/2016 15:18] [PENJUALAN] CASHIER FORM : PrintReceipt, papermode [0]
[ADMIN] [10/17/2016 15:18] [PENJUALAN] CASHIER FORM : UNREGISTER HOTKEY
[ADMIN] [10/17/2016 15:18] [PENJUALAN] CASHIER FORM : REGISTER HOTKEY
[ADMIN] [10/17/2016 15:18] [PENJUALAN] VALIDATE USER CREDIT STATUS
[ADMIN] [10/17/2016 15:18] [PENJUALAN] CASHIER FORM : UNREGISTER HOTKEY
[ADMIN] [10/17/2016 15:18] [PENJUALAN] CASHIER FORM : REGISTER HOTKEY
[ADMIN] [10/17/2016 15:18] [PENJUALAN] CASHIER FORM : UNREGISTER HOTKEY
[ADMIN] [10/17/2016 15:18] [PENJUALAN] CASHIER FORM : REGISTER HOTKEY
[ADMIN] [10/17/2016 15:18] [PENJUALAN] CASHIER FORM : UNREGISTER HOTKEY
[ADMIN] [10/17/2016 15:52] [PENJUALAN] CASHIER FORM : REGISTER HOTKEY
[ADMIN] [10/17/2016 15:52] [PENJUALAN] CASHIER FORM : UNREGISTER HOTKEY
[ADMIN] [10/17/2016 15:52] [PENJUALAN] CASHIER FORM : UNREGISTER HOTKEY
[ADMIN] [10/17/2016 15:52] [] USER ID = 1LOGOUT
