[] [2/18/2017 12:37] [] USER = ADMIN IS ACTIVE
[ADMIN] [2/18/2017 12:37] [] USER ID = 1 LOGIN SUCCESSFULLY
[ADMIN] [2/18/2017 12:37] [] ACTIVATE USER ACCESS RIGHT
[ADMIN] [2/18/2017 12:37] [] DISPLAY ADMIN FORM
[ADMIN] [2/18/2017 12:37] [] adminForm Load
[ADMIN] [2/18/2017 12:38] [PURCHASE ORDER] PURCHASE ORDER : detailPODataGridView_CellValueChanged [productName]
[ADMIN] [2/18/2017 12:38] [] [POS SEARCH PRODUCT] D:\Project\Rejeki_Utama\_CODE_\Rejeki_Utama\Rejeki_Utama\bin\Debug\PRODUCT_PHOTO\ 
[ADMIN] [2/18/2017 12:38] [PURCHASE ORDER] PURCHASE ORDER : detailPODataGridView_CellValueChanged [productID]
[ADMIN] [2/18/2017 12:38] [PURCHASE ORDER] PURCHASE ORDER : detailPODataGridView_CellValueChanged [productName]
[ADMIN] [2/18/2017 12:38] [PURCHASE ORDER] updateSomeRowsContent, PRODUCT_BASE_PRICE [10]
[ADMIN] [2/18/2017 12:38] [PURCHASE ORDER] updateSomeRowsContent, attempt to calculate total
[ADMIN] [2/18/2017 12:38] [PURCHASE ORDER] PURCHASE ORDER : detailPODataGridView_CellValueChanged [qty]
[ADMIN] [2/18/2017 12:38] [PURCHASE ORDER] PURCHASE ORDER : detailPODataGridView_CellValueChanged [qty]
[ADMIN] [2/18/2017 12:38] [PURCHASE ORDER] PURCHASE ORDER : detailPODataGridView_CellValueChanged [qty]
[ADMIN] [2/18/2017 12:38] [PURCHASE ORDER] PURCHASE ORDER : detailPODataGridView_CellValueChanged [productName]
[ADMIN] [2/18/2017 12:38] [PURCHASE ORDER] PURCHASE ORDER : detailPODataGridView_CellValueChanged [productName]
[ADMIN] [2/18/2017 12:38] [] [POS SEARCH PRODUCT] D:\Project\Rejeki_Utama\_CODE_\Rejeki_Utama\Rejeki_Utama\bin\Debug\PRODUCT_PHOTO\ 
[ADMIN] [2/18/2017 12:38] [PURCHASE ORDER] PURCHASE ORDER : detailPODataGridView_CellValueChanged [productID]
[ADMIN] [2/18/2017 12:38] [PURCHASE ORDER] PURCHASE ORDER : detailPODataGridView_CellValueChanged [productName]
[ADMIN] [2/18/2017 12:38] [PURCHASE ORDER] updateSomeRowsContent, PRODUCT_BASE_PRICE [10]
[ADMIN] [2/18/2017 12:38] [PURCHASE ORDER] updateSomeRowsContent, attempt to calculate total
[ADMIN] [2/18/2017 12:38] [PURCHASE ORDER] PURCHASE ORDER : detailPODataGridView_CellValueChanged [qty]
[ADMIN] [2/18/2017 12:38] [PURCHASE ORDER] PURCHASE ORDER : detailPODataGridView_CellValueChanged [qty]
[ADMIN] [2/18/2017 12:38] [PURCHASE ORDER] PURCHASE ORDER : detailPODataGridView_CellValueChanged [qty]
[ADMIN] [2/18/2017 12:38] [PURCHASE ORDER] ATTEMPT TO SAVE DATA
[ADMIN] [2/18/2017 12:38] [PURCHASE ORDER] CHECK IF TAX LIMIT SET FOR PERCENTAGE PURCHASE [0]
[ADMIN] [2/18/2017 12:38] [PURCHASE ORDER] CHECK IF TAX LIMIT SET FOR AVERAGE DAILY PURCHASE [0]
[ADMIN] [2/18/2017 12:38] [PURCHASE ORDER] NEW PURCHASE HEADER
[ADMIN] [2/18/2017 12:38] [PURCHASE ORDER] INSERT PURCHASE HEADER DATA [PO-2]
[ADMIN] [2/18/2017 12:38] [PURCHASE ORDER] INSERT DETAIL PURCHASE DATA [1', 10, 20]
[ADMIN] [2/18/2017 12:38] [PURCHASE ORDER] INSERT DETAIL PURCHASE DATA [6', 10, 10]
[ADMIN] [2/18/2017 12:38] [PURCHASE ORDER] PURCHASE ORDER SAVED
[ADMIN] [2/18/2017 12:38] [PURCHASE ORDER] CHECK IF TAX LIMIT SET FOR PERCENTAGE PURCHASE [0]
[ADMIN] [2/18/2017 12:38] [PURCHASE ORDER] CHECK IF TAX LIMIT SET FOR AVERAGE DAILY PURCHASE [0]
[ADMIN] [2/18/2017 12:38] [PURCHASE ORDER] UPDATE PURCHASE HEADER DATA TO INDICATE PO HAS BEEN PRINTED OUT, THEREFORE UNEDITABLE
[ADMIN] [2/18/2017 12:38] [PURCHASE ORDER] UPDATE FLAG AT PURCHASE HEADER TAX
[ADMIN] [2/18/2017 12:38] [PURCHASE ORDER] PURCHASE ORDER : detailPODataGridView_CellValueChanged [productName]
[ADMIN] [2/18/2017 12:38] [] [POS SEARCH PRODUCT] D:\Project\Rejeki_Utama\_CODE_\Rejeki_Utama\Rejeki_Utama\bin\Debug\PRODUCT_PHOTO\ 
[ADMIN] [2/18/2017 12:38] [PURCHASE ORDER] PURCHASE ORDER : detailPODataGridView_CellValueChanged [productID]
[ADMIN] [2/18/2017 12:38] [PURCHASE ORDER] PURCHASE ORDER : detailPODataGridView_CellValueChanged [productName]
[ADMIN] [2/18/2017 12:38] [PURCHASE ORDER] updateSomeRowsContent, PRODUCT_BASE_PRICE [10]
[ADMIN] [2/18/2017 12:38] [PURCHASE ORDER] updateSomeRowsContent, attempt to calculate total
[ADMIN] [2/18/2017 12:38] [PURCHASE ORDER] PURCHASE ORDER : detailPODataGridView_CellValueChanged [qty]
[ADMIN] [2/18/2017 12:38] [PURCHASE ORDER] PURCHASE ORDER : detailPODataGridView_CellValueChanged [qty]
[ADMIN] [2/18/2017 12:38] [PURCHASE ORDER] ATTEMPT TO SAVE DATA
[ADMIN] [2/18/2017 12:39] [PENERIMAAN BARANG] GET PO INVOICE TO RECEIVE
[ADMIN] [2/18/2017 12:39] [PENERIMAAN BARANG] PO INVOICE TO RECEIVE [PO-2]
[ADMIN] [2/18/2017 12:39] [PENERIMAAN BARANG] PO INVOICE TO RECEIVE [PO-2]
[ADMIN] [2/18/2017 12:39] [PENERIMAAN BARANG] PENERIMAAN BARANG : detailGridView_CellValueChanged [qtyReceived]
[ADMIN] [2/18/2017 12:39] [PENERIMAAN BARANG] SAVE PENERIMAAN BARANG
[ADMIN] [2/18/2017 12:39] [PENERIMAAN BARANG] SAVE PENERIMAAN BARANG
[ADMIN] [2/18/2017 12:39] [PENERIMAAN BARANG] PENERIMAAN BARANG : detailGridView_CellValueChanged [qtyReceived]
[ADMIN] [2/18/2017 12:39] [PENERIMAAN BARANG] PENERIMAAN BARANG : detailGridView_CellValueChanged [subtotal]
[ADMIN] [2/18/2017 12:39] [PENERIMAAN BARANG] PENERIMAAN BARANG : detailGridView_CellValueChanged [qtyReceived]
[ADMIN] [2/18/2017 12:39] [PENERIMAAN BARANG] PENERIMAAN BARANG : detailGridView_CellValueChanged [subtotal]
[ADMIN] [2/18/2017 12:39] [PENERIMAAN BARANG] PENERIMAAN BARANG : detailGridView_CellValueChanged [qtyReceived]
[ADMIN] [2/18/2017 12:39] [PENERIMAAN BARANG] PENERIMAAN BARANG : detailGridView_CellValueChanged [subtotal]
[ADMIN] [2/18/2017 12:39] [PENERIMAAN BARANG] SAVE PENERIMAAN BARANG
[ADMIN] [2/18/2017 12:39] [PENERIMAAN BARANG] INSERT PENERIMAAN BARANG [PR-4]
[ADMIN] [2/18/2017 12:39] [PENERIMAAN BARANG] PRICE CHANGE PARAM [1] [0]
[ADMIN] [2/18/2017 12:39] [PENERIMAAN BARANG] SAVE DETAIL PENERIMAAN [1, 10, 20]
[ADMIN] [2/18/2017 12:39] [PENERIMAAN BARANG] UPDATE PRODUCT LOCATION DATA [1'2]
[ADMIN] [2/18/2017 12:39] [PENERIMAAN BARANG] UPDATE MASTER PRODUCT DATA [1]
[ADMIN] [2/18/2017 12:39] [PENERIMAAN BARANG] PRICE CHANGE PARAM [6] [0]
[ADMIN] [2/18/2017 12:39] [PENERIMAAN BARANG] SAVE DETAIL PENERIMAAN [6, 10, 10]
[ADMIN] [2/18/2017 12:39] [PENERIMAAN BARANG] UPDATE PRODUCT LOCATION DATA [6'2]
[ADMIN] [2/18/2017 12:39] [PENERIMAAN BARANG] UPDATE MASTER PRODUCT DATA [6]
[ADMIN] [2/18/2017 12:39] [PENERIMAAN BARANG] UPDATE PURCHASE HEADER [PO-2]
[ADMIN] [2/18/2017 12:39] [PENERIMAAN BARANG] UPDATE PURCHASE HEADER TAX [PO-2]
[ADMIN] [2/18/2017 12:39] [PENERIMAAN BARANG] UPDATE PURCHASE HEADER DUE DATE [PO-2]
[ADMIN] [2/18/2017 12:39] [PENERIMAAN BARANG] UPDATE PURCHASE HEADER TAX DUE DATE [PO-2]
[ADMIN] [2/18/2017 12:39] [PENERIMAAN BARANG] INSERT INTO DEBT [PO-2]
[ADMIN] [2/18/2017 12:39] [PENERIMAAN BARANG] PENERIMAAN BARANG SAVED
[ADMIN] [2/18/2017 12:39] [PENERIMAAN BARANG] PENERIMAAN BARANG : detailGridView_CellValueChanged [productName]
[ADMIN] [2/18/2017 12:39] [PENERIMAAN BARANG] PENERIMAAN BARANG : detailGridView_CellValueChanged [productName]
[ADMIN] [2/18/2017 12:39] [] [POS SEARCH PRODUCT] D:\Project\Rejeki_Utama\_CODE_\Rejeki_Utama\Rejeki_Utama\bin\Debug\PRODUCT_PHOTO\ 
[ADMIN] [2/18/2017 12:39] [PENERIMAAN BARANG] PENERIMAAN BARANG : detailGridView_CellValueChanged [productID]
[ADMIN] [2/18/2017 12:39] [PENERIMAAN BARANG] PENERIMAAN BARANG : detailGridView_CellValueChanged [productName]
[ADMIN] [2/18/2017 12:39] [PENJUALAN] CASHIER FORM : ComboBox_SelectedIndexChanged, PRODUCT_BASE_PRICE [10]
[ADMIN] [2/18/2017 12:39] [PENJUALAN] CASHIER FORM : ComboBox_SelectedIndexChanged, attempt to calculate total
[ADMIN] [2/18/2017 12:39] [PENERIMAAN BARANG] PENERIMAAN BARANG : detailGridView_CellValueChanged [qtyReceived]
[ADMIN] [2/18/2017 12:39] [PENERIMAAN BARANG] PENERIMAAN BARANG : detailGridView_CellValueChanged [subtotal]
[ADMIN] [2/18/2017 12:39] [PENERIMAAN BARANG] PENERIMAAN BARANG : detailGridView_CellValueChanged [subtotal]
[ADMIN] [2/18/2017 12:40] [PENERIMAAN BARANG] PENERIMAAN BARANG : detailGridView_CellValueChanged [qtyReceived]
[ADMIN] [2/18/2017 12:40] [PENERIMAAN BARANG] PENERIMAAN BARANG : detailGridView_CellValueChanged [subtotal]
[ADMIN] [2/18/2017 12:40] [PENERIMAAN BARANG] PENERIMAAN BARANG : detailGridView_CellValueChanged [qtyReceived]
[ADMIN] [2/18/2017 12:40] [PENERIMAAN BARANG] PENERIMAAN BARANG : detailGridView_CellValueChanged [subtotal]
[ADMIN] [2/18/2017 12:40] [PENERIMAAN BARANG] SAVE PENERIMAAN BARANG
[ADMIN] [2/18/2017 12:40] [PENERIMAAN BARANG] DIRECT PENERIMAAN BARANG, THEREFORE CALCULATE TAX LIMIT
[ADMIN] [2/18/2017 12:40] [PENERIMAAN BARANG] CHECK IF TAX LIMIT SET FOR PERCENTAGE PURCHASE [0]
[ADMIN] [2/18/2017 12:40] [PENERIMAAN BARANG] CHECK IF TAX LIMIT SET FOR AVERAGE DAILY PURCHASE [0]
[ADMIN] [2/18/2017 12:40] [PENERIMAAN BARANG] INSERT PENERIMAAN BARANG [PR-5]
[ADMIN] [2/18/2017 12:40] [PENERIMAAN BARANG] INSERT PO DATA BECAUSE OF DIRECT PENERIMAAN [PR-5]
[ADMIN] [2/18/2017 12:40] [PENERIMAAN BARANG] SAVE DETAIL PENERIMAAN [6, 10, 20]
[ADMIN] [2/18/2017 12:40] [PENERIMAAN BARANG] UPDATE PRODUCT LOCATION DATA [6'2]
[ADMIN] [2/18/2017 12:40] [PENERIMAAN BARANG] UPDATE MASTER PRODUCT DATA [6]
[ADMIN] [2/18/2017 12:40] [PENERIMAAN BARANG] INSERT TO PURCHASE DETAIL [6]
[ADMIN] [2/18/2017 12:40] [PENERIMAAN BARANG] INSERT INTO DEBT [PR-5]
[ADMIN] [2/18/2017 12:40] [PENERIMAAN BARANG] PENERIMAAN BARANG SAVED
