[] [2/23/2017 12:48] [] USER = ADMIN IS ACTIVE
[ADMIN] [2/23/2017 12:49] [] USER ID = 1 LOGIN SUCCESSFULLY
[ADMIN] [2/23/2017 12:49] [] ACTIVATE USER ACCESS RIGHT
[ADMIN] [2/23/2017 12:49] [] DISPLAY ADMIN FORM
[ADMIN] [2/23/2017 12:49] [] adminForm Load
[ADMIN] [2/23/2017 12:49] [] CREATE DATA GROUP FORM MODULE_ID [51]
[ADMIN] [2/23/2017 12:49] [] CREATE DATA GROUP ACCESS MODULE FORM, GROUP USER ID [1]
[ADMIN] [2/23/2017 12:49] [] USER ID = 1LOGOUT
[ADMIN] [2/23/2017 12:49] [] USER = ADMIN IS ACTIVE
[ADMIN] [2/23/2017 12:49] [] USER ID = 1 LOGIN SUCCESSFULLY
[ADMIN] [2/23/2017 12:49] [] ACTIVATE USER ACCESS RIGHT
[ADMIN] [2/23/2017 12:49] [] DISPLAY ADMIN FORM
[ADMIN] [2/23/2017 12:49] [] adminForm Load
[ADMIN] [2/23/2017 12:49] [] CREATE DATA GROUP FORM MODULE_ID [2]
[ADMIN] [2/23/2017 12:49] [] USER ID = 1LOGOUT
[ADMIN] [2/23/2017 12:49] [] USER = ADMIN IS ACTIVE
[ADMIN] [2/23/2017 12:49] [] USER ID = 1 LOGIN SUCCESSFULLY
[ADMIN] [2/23/2017 12:49] [] ACTIVATE USER ACCESS RIGHT
[ADMIN] [2/23/2017 12:49] [] DISPLAY ADMIN FORM
[ADMIN] [2/23/2017 12:49] [] adminForm Load
[ADMIN] [2/23/2017 12:50] [TAMBAH / UPDATE PRODUK] UPDATE CURRENT PRODUCT DATA [5]
[ADMIN] [2/23/2017 12:50] [TAMBAH / UPDATE PRODUK] UPDATE PRODUCT CATEGORY FOR [5]
[ADMIN] [2/23/2017 12:50] [TAMBAH / UPDATE PRODUK] DELETE CURRENT PRODUCT CATEGORY FOR [5]
[ADMIN] [2/23/2017 12:50] [TAMBAH / UPDATE PRODUK] INSERT PRODUCT CATEGORY FOR [5]
[ADMIN] [2/23/2017 13:28] [] [SMS] ERROR WHEN READING PORT SETTING [Could not find file 'D:\Project\Rejeki_Utama\_CODE_\Rejeki_Utama\Rejeki_Utama\bin\Debug\portSetting'.]
[ADMIN] [2/23/2017 13:28] [] [SMS] ERROR OPENING PORT [The port 'COM1' does not exist.]
[ADMIN] [2/23/2017 13:29] [] USER ID = 1LOGOUT
