[] [2/19/2017 22:20] [] USER = ADMIN IS ACTIVE
[ADMIN] [2/19/2017 22:20] [] USER ID = 1 LOGIN SUCCESSFULLY
[ADMIN] [2/19/2017 22:20] [] ACTIVATE USER ACCESS RIGHT
[ADMIN] [2/19/2017 22:20] [] DISPLAY ADMIN FORM
[ADMIN] [2/19/2017 22:20] [] adminForm Load
[] [2/19/2017 22:43] [] USER = ADMIN IS ACTIVE
[ADMIN] [2/19/2017 22:43] [] USER ID = 1 LOGIN SUCCESSFULLY
[ADMIN] [2/19/2017 22:43] [] ACTIVATE USER ACCESS RIGHT
[ADMIN] [2/19/2017 22:43] [] DISPLAY ADMIN FORM
[ADMIN] [2/19/2017 22:43] [] adminForm Load
[ADMIN] [2/19/2017 22:46] [PENJUALAN] CASHIER FORM : REGISTER HOTKEY
[ADMIN] [2/19/2017 22:46] [PENJUALAN] CASHIER FORM : loadNoFaktur, noFakturValue [SLO001]
[ADMIN] [2/19/2017 22:46] [PENJUALAN] CASHIER FORM : ADD NEW ROW,  isActive [True]
[ADMIN] [2/19/2017 22:46] [PENJUALAN] CASHIER FORM : ADD NEW ROW,  ROW COUNT [0]
[ADMIN] [2/19/2017 22:46] [PENJUALAN] CASHIER FORM : ADD NEW ROW,  ALLOW TO ADD [True]
[ADMIN] [2/19/2017 22:46] [PENJUALAN] CASHIER FORM : REGISTER HOTKEY
[ADMIN] [2/19/2017 22:46] [PENJUALAN] CASHIER FORM : DISPLAY TEKNISI FORM
[ADMIN] [2/19/2017 22:46] [PENJUALAN] CASHIER FORM : UNREGISTER HOTKEY
[ADMIN] [2/19/2017 22:46] [PENJUALAN] CASHIER FORM : SELECTED TECHNICIAN ID [1]
[ADMIN] [2/19/2017 22:46] [PENJUALAN] CASHIER FORM : ATTEMPT TO SET CUSTOMER PROFILE
[ADMIN] [2/19/2017 22:46] [PENJUALAN] CASHIER FORM : FINISHED SET CUSTOMER PROFILE
[ADMIN] [2/19/2017 22:46] [PENJUALAN] CASHIER FORM : REGISTER HOTKEY
[ADMIN] [2/19/2017 22:46] [PENJUALAN] CASHIER FORM : ChangePrinterButton_Click, DISPLAY PRINTER SELECTION FORM
[ADMIN] [2/19/2017 22:46] [PENJUALAN] CASHIER FORM : UNREGISTER HOTKEY
[ADMIN] [2/19/2017 22:46] [PENJUALAN] CASHIER FORM : REGISTER HOTKEY
[ADMIN] [2/19/2017 22:46] [PENJUALAN] CASHIER FORM : HOTKEY TO SAVE AND PRINT OUT INVOICE PRESSED
[ADMIN] [2/19/2017 22:46] [PENJUALAN] CASHIER FORM : UNREGISTER HOTKEY
[ADMIN] [2/19/2017 22:46] [PENJUALAN] CASHIER FORM : REGISTER HOTKEY
[ADMIN] [2/19/2017 22:46] [PENJUALAN] ATTEMPT TO SAVE AND PRINT OUT INVOICE
[ADMIN] [2/19/2017 22:46] [PENJUALAN] CASHIER FORM : UNREGISTER HOTKEY
[ADMIN] [2/19/2017 22:46] [PENJUALAN] CASHIER FORM : REGISTER HOTKEY
[ADMIN] [2/19/2017 22:46] [PENJUALAN] CASHIER FORM : ChangePrinterButton_Click, DISPLAY PRINTER SELECTION FORM
[ADMIN] [2/19/2017 22:46] [PENJUALAN] CASHIER FORM : UNREGISTER HOTKEY
[ADMIN] [2/19/2017 22:46] [PENGATURAN PRINTER] PAPER SIZE CHANGED [0]
[ADMIN] [2/19/2017 22:46] [PENGATURAN PRINTER] DEFAULT PRINTER CHANGED [PrimoPDF]
[ADMIN] [2/19/2017 22:46] [PENJUALAN] CASHIER FORM : REGISTER HOTKEY
[ADMIN] [2/19/2017 22:46] [PENJUALAN] CASHIER FORM : HOTKEY TO SAVE AND PRINT OUT INVOICE PRESSED
[ADMIN] [2/19/2017 22:46] [PENJUALAN] CASHIER FORM : UNREGISTER HOTKEY
[ADMIN] [2/19/2017 22:46] [PENJUALAN] CASHIER FORM : REGISTER HOTKEY
[ADMIN] [2/19/2017 22:46] [PENJUALAN] ATTEMPT TO SAVE AND PRINT OUT INVOICE
[ADMIN] [2/19/2017 22:46] [PENJUALAN] CASHIER FORM : UNREGISTER HOTKEY
[ADMIN] [2/19/2017 22:46] [PENJUALAN] CASHIER FORM : REGISTER HOTKEY
[ADMIN] [2/19/2017 22:46] [PENJUALAN] CASHIER FORM : UNREGISTER HOTKEY
[ADMIN] [2/19/2017 22:46] [PENJUALAN] CASHIER FORM : ATTEMPT TO SAVE SALES DATA [19-02-2017 22:46]
[ADMIN] [2/19/2017 22:46] [PENJUALAN] CASHIER FORM : SALES DISC FINAL [0]
[ADMIN] [2/19/2017 22:46] [PENJUALAN] CASHIER FORM : CASH SALES
[ADMIN] [2/19/2017 22:47] [PENJUALAN] INSERT INTO SURAT TUGAS HEADER [SLO001-13]
[ADMIN] [2/19/2017 22:47] [PENJUALAN] INSERT INTO SURAT TUGAS DETAIL[6, 20]
[ADMIN] [2/19/2017 22:47] [PENJUALAN] CASHIER FORM : REGISTER HOTKEY
[ADMIN] [2/19/2017 22:47] [PENJUALAN] TRANSACTION SAVED
[ADMIN] [2/19/2017 22:47] [PENJUALAN] PRINT OUT INVOICE
[ADMIN] [2/19/2017 22:47] [PENJUALAN] CASHIER FORM : PrintReceipt
[ADMIN] [2/19/2017 22:47] [PENJUALAN] CASHIER FORM : PrintReceipt, papermode [1]
[ADMIN] [2/19/2017 22:47] [PENJUALAN] CASHIER FORM : UNREGISTER HOTKEY
[ADMIN] [2/19/2017 22:47] [PENJUALAN] CASHIER FORM : REGISTER HOTKEY
[ADMIN] [2/19/2017 22:47] [PENJUALAN] VALIDATE USER CREDIT STATUS
[ADMIN] [2/19/2017 22:47] [PENJUALAN] CASHIER FORM : UNREGISTER HOTKEY
[ADMIN] [2/19/2017 22:47] [PENJUALAN] CASHIER FORM : REGISTER HOTKEY
[ADMIN] [2/19/2017 22:47] [PENJUALAN] CASHIER FORM : UNREGISTER HOTKEY
[ADMIN] [2/19/2017 22:47] [PENJUALAN] CASHIER FORM : UNREGISTER HOTKEY
[ADMIN] [2/19/2017 22:47] [PENJUALAN] CASHIER FORM : REGISTER HOTKEY
[ADMIN] [2/19/2017 22:47] [PENJUALAN] CASHIER FORM : loadNoFaktur, noFakturValue [SLO001]
[ADMIN] [2/19/2017 22:47] [PENJUALAN] CASHIER FORM : ADD NEW ROW,  isActive [True]
[ADMIN] [2/19/2017 22:47] [PENJUALAN] CASHIER FORM : ADD NEW ROW,  ROW COUNT [0]
[ADMIN] [2/19/2017 22:47] [PENJUALAN] CASHIER FORM : ADD NEW ROW,  ALLOW TO ADD [True]
[ADMIN] [2/19/2017 22:47] [PENJUALAN] CASHIER FORM : REGISTER HOTKEY
[ADMIN] [2/19/2017 22:47] [PENJUALAN] CASHIER FORM : HOTKEY TO SAVE AND PRINT OUT INVOICE PRESSED
[ADMIN] [2/19/2017 22:47] [PENJUALAN] CASHIER FORM : UNREGISTER HOTKEY
[ADMIN] [2/19/2017 22:47] [PENJUALAN] CASHIER FORM : REGISTER HOTKEY
[ADMIN] [2/19/2017 22:47] [PENJUALAN] ATTEMPT TO SAVE AND PRINT OUT INVOICE
[ADMIN] [2/19/2017 22:47] [PENJUALAN] CASHIER FORM : UNREGISTER HOTKEY
[ADMIN] [2/19/2017 22:47] [PENJUALAN] CASHIER FORM : REGISTER HOTKEY
[ADMIN] [2/19/2017 22:47] [PENJUALAN] CASHIER FORM : UNREGISTER HOTKEY
[ADMIN] [2/19/2017 22:47] [PENJUALAN] CASHIER FORM : ATTEMPT TO SAVE SALES DATA [19-02-2017 22:47]
[ADMIN] [2/19/2017 22:47] [PENJUALAN] CASHIER FORM : SALES DISC FINAL [0]
[ADMIN] [2/19/2017 22:47] [PENJUALAN] CASHIER FORM : CASH SALES
[ADMIN] [2/19/2017 22:47] [PENJUALAN] UPDATE SURAT TUGAS [SLO001-13]
[ADMIN] [2/19/2017 22:47] [PENJUALAN] CLEAR SURAT TUGAS [SLO001-13]
[ADMIN] [2/19/2017 22:47] [PENJUALAN] INSERT INTO SURAT TUGAS DETAIL[6, 20]
[ADMIN] [2/19/2017 22:47] [PENJUALAN] CASHIER FORM : REGISTER HOTKEY
[ADMIN] [2/19/2017 22:47] [PENJUALAN] TRANSACTION SAVED
[ADMIN] [2/19/2017 22:47] [PENJUALAN] PRINT OUT INVOICE
[ADMIN] [2/19/2017 22:47] [PENJUALAN] CASHIER FORM : PrintReceipt
[ADMIN] [2/19/2017 22:47] [PENJUALAN] CASHIER FORM : PrintReceipt, papermode [1]
[ADMIN] [2/19/2017 22:47] [PENJUALAN] CASHIER FORM : UNREGISTER HOTKEY
[ADMIN] [2/19/2017 22:47] [PENJUALAN] CASHIER FORM : REGISTER HOTKEY
[ADMIN] [2/19/2017 22:47] [PENJUALAN] VALIDATE USER CREDIT STATUS
[ADMIN] [2/19/2017 22:47] [PENJUALAN] CASHIER FORM : UNREGISTER HOTKEY
[ADMIN] [2/19/2017 22:47] [PENJUALAN] CASHIER FORM : REGISTER HOTKEY
[ADMIN] [2/19/2017 22:47] [PENJUALAN] CASHIER FORM : UNREGISTER HOTKEY
[ADMIN] [2/19/2017 22:47] [PENJUALAN] CASHIER FORM : UNREGISTER HOTKEY
[ADMIN] [2/19/2017 22:49] [PENJUALAN] CASHIER FORM : REGISTER HOTKEY
[ADMIN] [2/19/2017 22:49] [PENJUALAN] CASHIER FORM : loadNoFaktur, noFakturValue [SLO001]
[ADMIN] [2/19/2017 22:49] [PENJUALAN] CASHIER FORM : ADD NEW ROW,  isActive [True]
[ADMIN] [2/19/2017 22:49] [PENJUALAN] CASHIER FORM : ADD NEW ROW,  ROW COUNT [0]
[ADMIN] [2/19/2017 22:49] [PENJUALAN] CASHIER FORM : ADD NEW ROW,  ALLOW TO ADD [True]
[ADMIN] [2/19/2017 22:49] [PENJUALAN] CASHIER FORM : REGISTER HOTKEY
[ADMIN] [2/19/2017 22:49] [PENJUALAN] CASHIER FORM : UNREGISTER HOTKEY
[ADMIN] [2/19/2017 22:49] [PENJUALAN] CASHIER FORM : UNREGISTER HOTKEY
[ADMIN] [2/19/2017 22:49] [PENJUALAN] CASHIER FORM : REGISTER HOTKEY
[ADMIN] [2/19/2017 22:49] [PENJUALAN] CASHIER FORM : loadNoFaktur, noFakturValue [SLO001]
[ADMIN] [2/19/2017 22:49] [PENJUALAN] CASHIER FORM : ADD NEW ROW,  isActive [True]
[ADMIN] [2/19/2017 22:49] [PENJUALAN] CASHIER FORM : ADD NEW ROW,  ROW COUNT [0]
[ADMIN] [2/19/2017 22:49] [PENJUALAN] CASHIER FORM : ADD NEW ROW,  ALLOW TO ADD [True]
[ADMIN] [2/19/2017 22:49] [PENJUALAN] CASHIER FORM : REGISTER HOTKEY
[ADMIN] [2/19/2017 22:49] [PENJUALAN] CASHIER FORM : UNREGISTER HOTKEY
[ADMIN] [2/19/2017 22:49] [PENJUALAN] CASHIER FORM : UNREGISTER HOTKEY
[ADMIN] [2/19/2017 22:49] [] USER ID = 1LOGOUT
