[] [2/18/2017 14:50] [] USER = ADMIN IS ACTIVE
[ADMIN] [2/18/2017 14:50] [] USER ID = 1 LOGIN SUCCESSFULLY
[ADMIN] [2/18/2017 14:50] [] ACTIVATE USER ACCESS RIGHT
[ADMIN] [2/18/2017 14:50] [] DISPLAY ADMIN FORM
[ADMIN] [2/18/2017 14:50] [] adminForm Load
[ADMIN] [2/18/2017 14:50] [PENJUALAN] CASHIER FORM : MULTIPLE CASHIER INSTANCE [1]
[ADMIN] [2/18/2017 14:50] [PENJUALAN] CASHIER FORM : REGISTER HOTKEY
[ADMIN] [2/18/2017 14:50] [PENJUALAN] CASHIER FORM : cashierForm_Load, ATTEMPT TO LOAD NO FAKTUR
[ADMIN] [2/18/2017 14:50] [PENJUALAN] CASHIER FORM : loadNoFaktur, noFakturValue [SLO001]
[ADMIN] [2/18/2017 14:50] [PENJUALAN] CASHIER FORM : cashierForm_Load, ATTEMPT TO addColumnToDataGrid
[ADMIN] [2/18/2017 14:50] [PENJUALAN] CASHIER FORM : REGISTER HOTKEY
[ADMIN] [2/18/2017 14:50] [PENJUALAN] CASHIER FORM : HOTKEY TO ADD NEW ROW PRESSED
[ADMIN] [2/18/2017 14:50] [PENJUALAN] CASHIER FORM : ADD NEW ROW,  isActive [True]
[ADMIN] [2/18/2017 14:50] [PENJUALAN] CASHIER FORM : ADD NEW ROW,  ROW COUNT [0]
[ADMIN] [2/18/2017 14:50] [PENJUALAN] CASHIER FORM : ADD NEW ROW,  ALLOW TO ADD [True]
[ADMIN] [2/18/2017 14:50] [PENJUALAN] CASHIER FORM : cashierDataGridView_CellValueChanged [F8]
[ADMIN] [2/18/2017 14:50] [PENJUALAN] CASHIER FORM : cashierDataGridView_CellValueChanged [hpp]
[ADMIN] [2/18/2017 14:50] [PENJUALAN] CASHIER FORM : cashierDataGridView_CellValueChanged [productPrice]
[ADMIN] [2/18/2017 14:50] [PENJUALAN] CASHIER FORM : TextBox_TextChanged, previousInput []
[ADMIN] [2/18/2017 14:50] [PENJUALAN] CASHIER FORM : TextBox_TextChanged, dataGridViewTextBoxEditingControl.Text pass REGEX Checking
[ADMIN] [2/18/2017 14:50] [PENJUALAN] CASHIER FORM : CALCULATE SUBTOTAL
[ADMIN] [2/18/2017 14:50] [PENJUALAN] CASHIER FORM : SUBTOTAL [0]
[ADMIN] [2/18/2017 14:50] [PENJUALAN] CASHIER FORM : TextBox_TextChanged, subtotal value [0]
[ADMIN] [2/18/2017 14:50] [PENJUALAN] CASHIER FORM : TextBox_TextChanged, attempt to calculate total value
[ADMIN] [2/18/2017 14:50] [PENJUALAN] CASHIER FORM : calculateTotal
[ADMIN] [2/18/2017 14:50] [PENJUALAN] CASHIER FORM : calculateTotal [0]
[ADMIN] [2/18/2017 14:50] [PENJUALAN] CASHIER FORM : calculateTotal, totalAfterDisc [0]
[ADMIN] [2/18/2017 14:50] [PENJUALAN] CASHIER FORM : calculateChangeValue, bayarTextBox.Text [0]
[ADMIN] [2/18/2017 14:50] [PENJUALAN] CASHIER FORM : calculateChangeValue, sisaBayar [0]
[ADMIN] [2/18/2017 14:50] [PENJUALAN] CASHIER FORM : cashierDataGridView_CellValueChanged [disc1]
[ADMIN] [2/18/2017 14:50] [PENJUALAN] CASHIER FORM : TextBox_TextChanged, previousInput []
[ADMIN] [2/18/2017 14:50] [PENJUALAN] CASHIER FORM : TextBox_TextChanged, dataGridViewTextBoxEditingControl.Text pass REGEX Checking
[ADMIN] [2/18/2017 14:50] [PENJUALAN] CASHIER FORM : CALCULATE SUBTOTAL
[ADMIN] [2/18/2017 14:50] [PENJUALAN] CASHIER FORM : SUBTOTAL [0]
[ADMIN] [2/18/2017 14:50] [PENJUALAN] CASHIER FORM : TextBox_TextChanged, subtotal value [0]
[ADMIN] [2/18/2017 14:50] [PENJUALAN] CASHIER FORM : TextBox_TextChanged, attempt to calculate total value
[ADMIN] [2/18/2017 14:50] [PENJUALAN] CASHIER FORM : calculateTotal
[ADMIN] [2/18/2017 14:50] [PENJUALAN] CASHIER FORM : calculateTotal [0]
[ADMIN] [2/18/2017 14:50] [PENJUALAN] CASHIER FORM : calculateTotal, totalAfterDisc [0]
[ADMIN] [2/18/2017 14:50] [PENJUALAN] CASHIER FORM : calculateChangeValue, bayarTextBox.Text [0]
[ADMIN] [2/18/2017 14:50] [PENJUALAN] CASHIER FORM : calculateChangeValue, sisaBayar [0]
[ADMIN] [2/18/2017 14:50] [PENJUALAN] CASHIER FORM : cashierDataGridView_CellValueChanged [qty]
[ADMIN] [2/18/2017 14:50] [PENJUALAN] CASHIER FORM : TextBox_TextChanged, previousInput []
[ADMIN] [2/18/2017 14:50] [PENJUALAN] CASHIER FORM : TextBox_TextChanged, dataGridViewTextBoxEditingControl.Text pass REGEX Checking
[ADMIN] [2/18/2017 14:50] [] CHECK STOCK QTY IS ENOUGH []
[ADMIN] [2/18/2017 14:50] [PENJUALAN] CASHIER FORM : CALCULATE SUBTOTAL
[ADMIN] [2/18/2017 14:50] [PENJUALAN] CASHIER FORM : SUBTOTAL [0]
[ADMIN] [2/18/2017 14:50] [PENJUALAN] CASHIER FORM : TextBox_TextChanged, subtotal value [0]
[ADMIN] [2/18/2017 14:50] [PENJUALAN] CASHIER FORM : TextBox_TextChanged, attempt to calculate total value
[ADMIN] [2/18/2017 14:50] [PENJUALAN] CASHIER FORM : calculateTotal
[ADMIN] [2/18/2017 14:50] [PENJUALAN] CASHIER FORM : calculateTotal [0]
[ADMIN] [2/18/2017 14:50] [PENJUALAN] CASHIER FORM : calculateTotal, totalAfterDisc [0]
[ADMIN] [2/18/2017 14:50] [PENJUALAN] CASHIER FORM : calculateChangeValue, bayarTextBox.Text [0]
[ADMIN] [2/18/2017 14:50] [PENJUALAN] CASHIER FORM : calculateChangeValue, sisaBayar [0]
[ADMIN] [2/18/2017 14:50] [PENJUALAN] CASHIER FORM : cashierDataGridView_CellValueChanged [disc2]
[ADMIN] [2/18/2017 14:50] [PENJUALAN] CASHIER FORM : TextBox_TextChanged, previousInput []
[ADMIN] [2/18/2017 14:50] [PENJUALAN] CASHIER FORM : TextBox_TextChanged, dataGridViewTextBoxEditingControl.Text pass REGEX Checking
[ADMIN] [2/18/2017 14:50] [PENJUALAN] CASHIER FORM : CALCULATE SUBTOTAL
[ADMIN] [2/18/2017 14:50] [PENJUALAN] CASHIER FORM : SUBTOTAL [0]
[ADMIN] [2/18/2017 14:50] [PENJUALAN] CASHIER FORM : TextBox_TextChanged, subtotal value [0]
[ADMIN] [2/18/2017 14:50] [PENJUALAN] CASHIER FORM : TextBox_TextChanged, attempt to calculate total value
[ADMIN] [2/18/2017 14:50] [PENJUALAN] CASHIER FORM : calculateTotal
[ADMIN] [2/18/2017 14:50] [PENJUALAN] CASHIER FORM : calculateTotal [0]
[ADMIN] [2/18/2017 14:50] [PENJUALAN] CASHIER FORM : calculateTotal, totalAfterDisc [0]
[ADMIN] [2/18/2017 14:50] [PENJUALAN] CASHIER FORM : calculateChangeValue, bayarTextBox.Text [0]
[ADMIN] [2/18/2017 14:50] [PENJUALAN] CASHIER FORM : calculateChangeValue, sisaBayar [0]
[ADMIN] [2/18/2017 14:50] [PENJUALAN] CASHIER FORM : cashierDataGridView_CellValueChanged [discRP]
[ADMIN] [2/18/2017 14:50] [PENJUALAN] CASHIER FORM : TextBox_TextChanged, previousInput []
[ADMIN] [2/18/2017 14:50] [PENJUALAN] CASHIER FORM : TextBox_TextChanged, dataGridViewTextBoxEditingControl.Text pass REGEX Checking
[ADMIN] [2/18/2017 14:50] [PENJUALAN] CASHIER FORM : CALCULATE SUBTOTAL
[ADMIN] [2/18/2017 14:50] [PENJUALAN] CASHIER FORM : SUBTOTAL [0]
[ADMIN] [2/18/2017 14:50] [PENJUALAN] CASHIER FORM : TextBox_TextChanged, subtotal value [0]
[ADMIN] [2/18/2017 14:50] [PENJUALAN] CASHIER FORM : TextBox_TextChanged, attempt to calculate total value
[ADMIN] [2/18/2017 14:50] [PENJUALAN] CASHIER FORM : calculateTotal
[ADMIN] [2/18/2017 14:50] [PENJUALAN] CASHIER FORM : calculateTotal [0]
[ADMIN] [2/18/2017 14:50] [PENJUALAN] CASHIER FORM : calculateTotal, totalAfterDisc [0]
[ADMIN] [2/18/2017 14:50] [PENJUALAN] CASHIER FORM : calculateChangeValue, bayarTextBox.Text [0]
[ADMIN] [2/18/2017 14:50] [PENJUALAN] CASHIER FORM : calculateChangeValue, sisaBayar [0]
[ADMIN] [2/18/2017 14:50] [PENJUALAN] CASHIER FORM : cashierDataGridView_CellValueChanged [jumlah]
[ADMIN] [2/18/2017 14:50] [PENJUALAN] CASHIER FORM : cashierDataGridView_CellValueChanged [productName]
[ADMIN] [2/18/2017 14:50] [PENJUALAN] CASHIER FORM : cashierDataGridView_CellValueChanged [productName]
[ADMIN] [2/18/2017 14:50] [PENJUALAN] CASHIER FORM : cashierDataGridView_CellValueChanged [productName]
[ADMIN] [2/18/2017 14:50] [PENJUALAN] CASHIER FORM : cashierDataGridView_CellValueChanged [productName]
[ADMIN] [2/18/2017 14:50] [PENJUALAN] CASHIER FORM : cashierDataGridView_CellValueChanged [productName]
[ADMIN] [2/18/2017 14:50] [PENJUALAN] CASHIER FORM : cashierDataGridView_CellValueChanged [productName]
[ADMIN] [2/18/2017 14:50] [PENJUALAN] CASHIER FORM : cashierDataGridView_CellValueChanged [productName]
[ADMIN] [2/18/2017 14:50] [PENJUALAN] CASHIER FORM : calculateTotal
[ADMIN] [2/18/2017 14:50] [PENJUALAN] CASHIER FORM : calculateTotal [0]
[ADMIN] [2/18/2017 14:50] [PENJUALAN] CASHIER FORM : calculateTotal, totalAfterDisc [0]
[ADMIN] [2/18/2017 14:50] [PENJUALAN] CASHIER FORM : calculateChangeValue, bayarTextBox.Text [0]
[ADMIN] [2/18/2017 14:50] [PENJUALAN] CASHIER FORM : calculateChangeValue, sisaBayar [0]
[ADMIN] [2/18/2017 14:50] [PENJUALAN] CASHIER FORM : cashierDataGridView_CellValueChanged [productName]
[ADMIN] [2/18/2017 14:50] [PENJUALAN] CASHIER FORM : cashierDataGridView_CellValueChanged [productName]
[ADMIN] [2/18/2017 14:50] [PENJUALAN] CASHIER FORM : cashierDataGridView_CellValueChanged [productName]
[ADMIN] [2/18/2017 14:50] [PENJUALAN] CASHIER FORM : cashierDataGridView_CellValueChanged [productName]
[ADMIN] [2/18/2017 14:50] [PENJUALAN] CASHIER FORM : cashierDataGridView_CellValueChanged [productName]
[ADMIN] [2/18/2017 14:50] [PENJUALAN] CASHIER FORM : calculateTotal
[ADMIN] [2/18/2017 14:50] [PENJUALAN] CASHIER FORM : calculateTotal [0]
[ADMIN] [2/18/2017 14:50] [PENJUALAN] CASHIER FORM : calculateTotal, totalAfterDisc [0]
[ADMIN] [2/18/2017 14:50] [PENJUALAN] CASHIER FORM : calculateChangeValue, bayarTextBox.Text [0]
[ADMIN] [2/18/2017 14:50] [PENJUALAN] CASHIER FORM : calculateChangeValue, sisaBayar [0]
[ADMIN] [2/18/2017 14:50] [PENJUALAN] CASHIER FORM : UNREGISTER HOTKEY
[ADMIN] [2/18/2017 14:50] [PENJUALAN] CASHIER FORM : UNREGISTER HOTKEY
[ADMIN] [2/18/2017 14:50] [] USER ID = 1LOGOUT
