[] [2/18/2017 00:10] [] USER = ADMIN IS ACTIVE
[ADMIN] [2/18/2017 00:10] [] USER ID = 1 LOGIN SUCCESSFULLY
[ADMIN] [2/18/2017 00:10] [] ACTIVATE USER ACCESS RIGHT
[ADMIN] [2/18/2017 00:10] [] DISPLAY ADMIN FORM
[ADMIN] [2/18/2017 00:10] [] adminForm Load
[ADMIN] [2/18/2017 00:12] [PENJUALAN] CASHIER FORM : MULTIPLE CASHIER INSTANCE [1]
[ADMIN] [2/18/2017 00:12] [PENJUALAN] CASHIER FORM : REGISTER HOTKEY
[ADMIN] [2/18/2017 00:12] [PENJUALAN] CASHIER FORM : cashierForm_Load, ATTEMPT TO LOAD NO FAKTUR
[ADMIN] [2/18/2017 00:12] [PENJUALAN] CASHIER FORM : loadNoFaktur, noFakturValue [SLO001]
[ADMIN] [2/18/2017 00:12] [PENJUALAN] CASHIER FORM : cashierForm_Load, ATTEMPT TO addColumnToDataGrid
[ADMIN] [2/18/2017 00:12] [PENJUALAN] CASHIER FORM : calculateTotal
[ADMIN] [2/18/2017 00:12] [PENJUALAN] CASHIER FORM : calculateTotal [0]
[ADMIN] [2/18/2017 00:12] [PENJUALAN] CASHIER FORM : calculateTotal, totalAfterDisc [0]
[ADMIN] [2/18/2017 00:12] [PENJUALAN] CASHIER FORM : calculateChangeValue, bayarTextBox.Text [0]
[ADMIN] [2/18/2017 00:12] [PENJUALAN] CASHIER FORM : calculateChangeValue, sisaBayar [0]
[ADMIN] [2/18/2017 00:12] [PENJUALAN] CASHIER FORM : REGISTER HOTKEY
[ADMIN] [2/18/2017 00:12] [PENJUALAN] CASHIER FORM : UNREGISTER HOTKEY
[ADMIN] [2/18/2017 00:12] [PENJUALAN] CASHIER FORM : UNREGISTER HOTKEY
[ADMIN] [2/18/2017 00:12] [SATUAN PRODUK] ADD NEW UNIT CONVERT [2/1/2]
[ADMIN] [2/18/2017 00:13] [PECAH SATUAN PRODUK] REDUCE PRODUCT LOCATION QTY [1] AMT [2/2]
[ADMIN] [2/18/2017 00:13] [PECAH SATUAN PRODUK] REDUCE QTY [1] AMT [2]
[ADMIN] [2/18/2017 00:13] [PECAH SATUAN PRODUK] ADD PRODUCT LOCATION QTY [SFD] AMT [2] [2]
[ADMIN] [2/18/2017 00:13] [PECAH SATUAN PRODUK] ADD QTY [SFD] AMT [2]
[ADMIN] [2/18/2017 00:16] [SATUAN PRODUK] TRY TO EXPORT STOCK OPNAME TO CSV
[] [2/18/2017 00:18] [] USER = ADMIN IS ACTIVE
[ADMIN] [2/18/2017 00:18] [] USER ID = 1 LOGIN SUCCESSFULLY
[ADMIN] [2/18/2017 00:18] [] ACTIVATE USER ACCESS RIGHT
[ADMIN] [2/18/2017 00:18] [] DISPLAY ADMIN FORM
[ADMIN] [2/18/2017 00:18] [] adminForm Load
[ADMIN] [2/18/2017 00:18] [SATUAN PRODUK] TRY TO EXPORT STOCK OPNAME TO CSV
[] [2/18/2017 00:21] [] USER = ADMIN IS ACTIVE
[ADMIN] [2/18/2017 00:21] [] USER ID = 1 LOGIN SUCCESSFULLY
[ADMIN] [2/18/2017 00:21] [] ACTIVATE USER ACCESS RIGHT
[ADMIN] [2/18/2017 00:21] [] DISPLAY ADMIN FORM
[ADMIN] [2/18/2017 00:21] [] adminForm Load
[ADMIN] [2/18/2017 00:21] [SATUAN PRODUK] TRY TO EXPORT STOCK OPNAME TO CSV
[ADMIN] [2/18/2017 00:22] [SATUAN PRODUK] STOCK OPNAME EXPORTED TO CSV[C:\Users\Andri\Desktop\STOCKOPNAME_18022017.csv]
[ADMIN] [2/18/2017 00:22] [PENYESUAIAN STOK] TRY TO DO MANUAL STOCK ADJUSTMENT
[ADMIN] [2/18/2017 00:22] [PENYESUAIAN STOK] UPDATE PRODUCT LOCATION QTY [1]
[ADMIN] [2/18/2017 00:22] [PENYESUAIAN STOK] UPDATE STOCK QTY [1]
[ADMIN] [2/18/2017 00:22] [PENYESUAIAN STOK] INSERT INTO PRODUCT ADJUSTMENT TABLE [1, 1, 100]
[ADMIN] [2/18/2017 00:24] [PENYESUAIAN STOK] TRY TO IMPORT DATA FROM CSV FILE
[] [2/18/2017 00:27] [] USER = ADMIN IS ACTIVE
[ADMIN] [2/18/2017 00:27] [] USER ID = 1 LOGIN SUCCESSFULLY
[ADMIN] [2/18/2017 00:27] [] ACTIVATE USER ACCESS RIGHT
[ADMIN] [2/18/2017 00:27] [] DISPLAY ADMIN FORM
[ADMIN] [2/18/2017 00:27] [] adminForm Load
[ADMIN] [2/18/2017 00:28] [PENYESUAIAN STOK] TRY TO IMPORT DATA FROM CSV FILE
[ADMIN] [2/18/2017 00:28] [PENYESUAIAN STOK] UPDATE STOCK QTY [1]
[ADMIN] [2/18/2017 00:28] [PENYESUAIAN STOK] INSERT INTO PRODUCT ADJUSTMENT [1, 1, 4]
[ADMIN] [2/18/2017 00:28] [PENYESUAIAN STOK] UPDATE STOCK QTY [1]
[ADMIN] [2/18/2017 00:28] [PENYESUAIAN STOK] UPDATE STOCK QTY [5]
[ADMIN] [2/18/2017 00:28] [PENYESUAIAN STOK] INSERT INTO PRODUCT ADJUSTMENT [5, 4, 5]
[ADMIN] [2/18/2017 00:28] [PENYESUAIAN STOK] UPDATE STOCK QTY [5]
[ADMIN] [2/18/2017 00:31] [] USER ID = 1LOGOUT
