[] [10/24/2016 15:10] [] USER = ADMIN IS ACTIVE
[ADMIN] [10/24/2016 15:10] [] USER ID = 1 LOGIN SUCCESSFULLY
[ADMIN] [10/24/2016 15:10] [] ACTIVATE USER ACCESS RIGHT
[ADMIN] [10/24/2016 15:10] [] DISPLAY ADMIN FORM
[ADMIN] [10/24/2016 15:10] [] adminForm Load
[ADMIN] [10/24/2016 15:10] [PENJUALAN] [REMINDER SMS] REGISTER HOTKEY
[ADMIN] [10/24/2016 15:10] [PENJUALAN] [REMINDER SMS] REGISTER HOTKEY
[ADMIN] [10/24/2016 15:10] [PENJUALAN] [REMINDER SMS] DISPLAY PELANGGAN FORM
[ADMIN] [10/24/2016 15:10] [PENJUALAN] [REMINDER SMS] UNREGISTER HOTKEY
[ADMIN] [10/24/2016 15:10] [PENJUALAN] [REMINDER SMS] REGISTER HOTKEY
[ADMIN] [10/24/2016 15:11] [PENJUALAN] [REMINDER SMS] UNREGISTER HOTKEY
[ADMIN] [10/24/2016 15:11] [PENJUALAN] [REMINDER SMS] REGISTER HOTKEY
[ADMIN] [10/24/2016 15:11] [PENJUALAN] [REMINDER SMS] UNREGISTER HOTKEY
[ADMIN] [10/24/2016 15:11] [PENJUALAN] [REMINDER SMS] REGISTER HOTKEY
[ADMIN] [10/24/2016 15:11] [PENJUALAN] [REMINDER SMS] UNREGISTER HOTKEY
[ADMIN] [10/24/2016 15:11] [PENJUALAN] [REMINDER SMS] REGISTER HOTKEY
[ADMIN] [10/24/2016 15:11] [PENJUALAN] [REMINDER SMS] UNREGISTER HOTKEY
[ADMIN] [10/24/2016 15:11] [PENJUALAN] [REMINDER SMS] REGISTER HOTKEY
[ADMIN] [10/24/2016 15:11] [PENJUALAN] [REMINDER SMS] UNREGISTER HOTKEY
[ADMIN] [10/24/2016 15:11] [PENJUALAN] [REMINDER SMS] REGISTER HOTKEY
[ADMIN] [10/24/2016 15:11] [PENJUALAN] [REMINDER SMS] UNREGISTER HOTKEY
[ADMIN] [10/24/2016 15:12] [PENJUALAN] [REMINDER SMS] REGISTER HOTKEY
[ADMIN] [10/24/2016 15:12] [PENJUALAN] [REMINDER SMS] UNREGISTER HOTKEY
[ADMIN] [10/24/2016 15:12] [PENJUALAN] [REMINDER SMS] REGISTER HOTKEY
[ADMIN] [10/24/2016 15:12] [PENJUALAN] [REMINDER SMS] UNREGISTER HOTKEY
[ADMIN] [10/24/2016 15:12] [PENJUALAN] [REMINDER SMS] REGISTER HOTKEY
[ADMIN] [10/24/2016 15:12] [PENJUALAN] [REMINDER SMS] UNREGISTER HOTKEY
[] [10/24/2016 15:14] [] USER = ADMIN IS ACTIVE
[ADMIN] [10/24/2016 15:14] [] USER ID = 1 LOGIN SUCCESSFULLY
[ADMIN] [10/24/2016 15:14] [] ACTIVATE USER ACCESS RIGHT
[ADMIN] [10/24/2016 15:14] [] DISPLAY ADMIN FORM
[ADMIN] [10/24/2016 15:14] [] adminForm Load
[ADMIN] [10/24/2016 15:14] [PENJUALAN] [REMINDER SMS] REGISTER HOTKEY
[ADMIN] [10/24/2016 15:14] [PENJUALAN] [REMINDER SMS] REGISTER HOTKEY
[ADMIN] [10/24/2016 15:14] [PENJUALAN] [REMINDER SMS] DISPLAY PELANGGAN FORM
[ADMIN] [10/24/2016 15:14] [PENJUALAN] [REMINDER SMS] UNREGISTER HOTKEY
[ADMIN] [10/24/2016 15:15] [PENJUALAN] [REMINDER SMS] REGISTER HOTKEY
[ADMIN] [10/24/2016 15:15] [PENJUALAN] [REMINDER SMS] UNREGISTER HOTKEY
[ADMIN] [10/24/2016 15:15] [PENJUALAN] [REMINDER SMS] REGISTER HOTKEY
[ADMIN] [10/24/2016 15:15] [PENJUALAN] [REMINDER SMS] UNREGISTER HOTKEY
[ADMIN] [10/24/2016 15:15] [PENJUALAN] [REMINDER SMS] REGISTER HOTKEY
[ADMIN] [10/24/2016 15:15] [PENJUALAN] [REMINDER SMS] UNREGISTER HOTKEY
[ADMIN] [10/24/2016 15:15] [PENJUALAN] [REMINDER SMS] REGISTER HOTKEY
[ADMIN] [10/24/2016 15:15] [PENJUALAN] [REMINDER SMS] UNREGISTER HOTKEY
[ADMIN] [10/24/2016 15:15] [PENJUALAN] [REMINDER SMS] REGISTER HOTKEY
[ADMIN] [10/24/2016 15:15] [PENJUALAN] [REMINDER SMS] UNREGISTER HOTKEY
[ADMIN] [10/24/2016 15:15] [PENJUALAN] [REMINDER SMS] REGISTER HOTKEY
[ADMIN] [10/24/2016 15:15] [PENJUALAN] [REMINDER SMS] UNREGISTER HOTKEY
[ADMIN] [10/24/2016 15:15] [PENJUALAN] [REMINDER SMS] REGISTER HOTKEY
[ADMIN] [10/24/2016 15:15] [PENJUALAN] [REMINDER SMS] UNREGISTER HOTKEY
[ADMIN] [10/24/2016 15:15] [PENJUALAN] [REMINDER SMS] REGISTER HOTKEY
[ADMIN] [10/24/2016 15:15] [PENJUALAN] [REMINDER SMS] UNREGISTER HOTKEY
[ADMIN] [10/24/2016 15:15] [PENJUALAN] [REMINDER SMS] REGISTER HOTKEY
[ADMIN] [10/24/2016 15:15] [PENJUALAN] [REMINDER SMS] UNREGISTER HOTKEY
[ADMIN] [10/24/2016 15:15] [PENJUALAN] [REMINDER SMS] REGISTER HOTKEY
[ADMIN] [10/24/2016 15:15] [PENJUALAN] [REMINDER SMS] UNREGISTER HOTKEY
[ADMIN] [10/24/2016 15:15] [PENJUALAN] [REMINDER SMS] REGISTER HOTKEY
[ADMIN] [10/24/2016 15:15] [PENJUALAN] [REMINDER SMS] UNREGISTER HOTKEY
[ADMIN] [10/24/2016 15:15] [PENJUALAN] [REMINDER SMS] UNREGISTER HOTKEY
[ADMIN] [10/24/2016 15:15] [] USER ID = 1LOGOUT
