[] [2/18/2017 11:31] [] USER = ADMIN IS ACTIVE
[ADMIN] [2/18/2017 11:31] [] USER ID = 1 LOGIN SUCCESSFULLY
[ADMIN] [2/18/2017 11:31] [] ACTIVATE USER ACCESS RIGHT
[ADMIN] [2/18/2017 11:31] [] DISPLAY ADMIN FORM
[ADMIN] [2/18/2017 11:31] [] adminForm Load
[ADMIN] [2/18/2017 11:32] [PENYESUAIAN STOK] TRY TO DO MANUAL STOCK ADJUSTMENT
[ADMIN] [2/18/2017 11:32] [PENYESUAIAN STOK] UPDATE PRODUCT LOCATION QTY [6]
[ADMIN] [2/18/2017 11:32] [PENYESUAIAN STOK] UPDATE STOCK QTY [6]
[ADMIN] [2/18/2017 11:32] [PENYESUAIAN STOK] INSERT INTO PRODUCT ADJUSTMENT TABLE [6, 20, 30]
[ADMIN] [2/18/2017 11:34] [PENYESUAIAN STOK] TRY TO DO MANUAL STOCK ADJUSTMENT
[] [2/18/2017 11:43] [] USER = ADMIN IS ACTIVE
[ADMIN] [2/18/2017 11:43] [] USER ID = 1 LOGIN SUCCESSFULLY
[ADMIN] [2/18/2017 11:43] [] ACTIVATE USER ACCESS RIGHT
[ADMIN] [2/18/2017 11:43] [] DISPLAY ADMIN FORM
[ADMIN] [2/18/2017 11:43] [] adminForm Load
[ADMIN] [2/18/2017 11:44] [PENYESUAIAN STOK] TRY TO DO MANUAL STOCK ADJUSTMENT
[ADMIN] [2/18/2017 11:44] [PENYESUAIAN STOK] UPDATE PRODUCT LOCATION QTY [6]
[ADMIN] [2/18/2017 11:44] [PENYESUAIAN STOK] UPDATE STOCK QTY [6]
[ADMIN] [2/18/2017 11:44] [PENYESUAIAN STOK] INSERT INTO PRODUCT ADJUSTMENT TABLE [6, 30, 5]
[ADMIN] [2/18/2017 11:52] [PENERIMAAN BARANG] PENERIMAAN BARANG : detailGridView_CellValueChanged [productID]
[ADMIN] [2/18/2017 11:52] [PENERIMAAN BARANG] PENERIMAAN BARANG : detailGridView_CellValueChanged [productID]
[ADMIN] [2/18/2017 11:52] [PENERIMAAN BARANG] PENERIMAAN BARANG : detailGridView_CellValueChanged [productID]
[ADMIN] [2/18/2017 11:52] [PENERIMAAN BARANG] PENERIMAAN BARANG : detailGridView_CellValueChanged [productID]
[ADMIN] [2/18/2017 11:52] [PENERIMAAN BARANG] PENERIMAAN BARANG : detailGridView_CellValueChanged [productID]
[ADMIN] [2/18/2017 11:52] [PENERIMAAN BARANG] PENERIMAAN BARANG : detailGridView_CellValueChanged [productID]
[ADMIN] [2/18/2017 11:52] [PENERIMAAN BARANG] PENERIMAAN BARANG : detailGridView_CellValueChanged [productName]
[ADMIN] [2/18/2017 11:52] [PENERIMAAN BARANG] PENERIMAAN BARANG : detailGridView_CellValueChanged [productName]
[ADMIN] [2/18/2017 11:52] [PENERIMAAN BARANG] PENERIMAAN BARANG : detailGridView_CellValueChanged [productName]
[ADMIN] [2/18/2017 11:52] [PENERIMAAN BARANG] PENERIMAAN BARANG : detailGridView_CellValueChanged [productName]
[ADMIN] [2/18/2017 11:52] [PENERIMAAN BARANG] PENERIMAAN BARANG : detailGridView_CellValueChanged [productName]
[ADMIN] [2/18/2017 11:52] [PENERIMAAN BARANG] PENERIMAAN BARANG : detailGridView_CellValueChanged [productName]
[ADMIN] [2/18/2017 11:52] [PENERIMAAN BARANG] PENERIMAAN BARANG : detailGridView_CellValueChanged [productName]
[ADMIN] [2/18/2017 11:53] [PENERIMAAN BARANG] PENERIMAAN BARANG : detailGridView_CellValueChanged [productID]
[ADMIN] [2/18/2017 11:53] [PENERIMAAN BARANG] PENERIMAAN BARANG : detailGridView_CellValueChanged [productName]
[ADMIN] [2/18/2017 11:53] [] USER ID = 1LOGOUT
