[] [10/25/2016 23:57] [] USER = ADMIN IS ACTIVE
[ADMIN] [10/25/2016 23:57] [] USER ID = 1 LOGIN SUCCESSFULLY
[ADMIN] [10/25/2016 23:57] [] ACTIVATE USER ACCESS RIGHT
[ADMIN] [10/25/2016 23:57] [] DISPLAY ADMIN FORM
[ADMIN] [10/25/2016 23:57] [] adminForm Load
[ADMIN] [10/25/2016 23:58] [PENJUALAN] [REMINDER SMS] REGISTER HOTKEY
[ADMIN] [10/25/2016 23:58] [PENJUALAN] [REMINDER SMS] REGISTER HOTKEY
[ADMIN] [10/25/2016 23:58] [PENJUALAN] [REMINDER SMS] DISPLAY PELANGGAN FORM
[ADMIN] [10/25/2016 23:58] [PENJUALAN] [REMINDER SMS] UNREGISTER HOTKEY
[ADMIN] [10/25/2016 23:59] [PENJUALAN] [REMINDER SMS] REGISTER HOTKEY
[ADMIN] [10/25/2016 23:59] [PENJUALAN] [REMINDER SMS] DISPLAY PELANGGAN FORM
[ADMIN] [10/25/2016 23:59] [PENJUALAN] [REMINDER SMS] UNREGISTER HOTKEY
[ADMIN] [10/25/2016 23:59] [PENJUALAN] [REMINDER SMS] REGISTER HOTKEY
[ADMIN] [10/25/2016 23:59] [PENJUALAN] [REMINDER SMS] UNREGISTER HOTKEY
[ADMIN] [10/25/2016 23:59] [PENJUALAN] [REMINDER SMS] REGISTER HOTKEY
[ADMIN] [10/25/2016 23:59] [PENJUALAN] [REMINDER SMS] UNREGISTER HOTKEY
[] [10/26/2016 11:44] [] USER = ADMIN IS ACTIVE
[ADMIN] [10/26/2016 11:44] [] USER ID = 1 LOGIN SUCCESSFULLY
[ADMIN] [10/26/2016 11:44] [] ACTIVATE USER ACCESS RIGHT
[ADMIN] [10/26/2016 11:44] [] DISPLAY ADMIN FORM
[ADMIN] [10/26/2016 11:44] [] adminForm Load
[ADMIN] [10/26/2016 11:44] [PENJUALAN] [REMINDER SMS] REGISTER HOTKEY
[ADMIN] [10/26/2016 11:44] [PENJUALAN] [REMINDER SMS] REGISTER HOTKEY
[ADMIN] [10/26/2016 11:44] [PENJUALAN] [REMINDER SMS] DISPLAY PELANGGAN FORM
[ADMIN] [10/26/2016 11:44] [PENJUALAN] [REMINDER SMS] UNREGISTER HOTKEY
[ADMIN] [10/26/2016 11:44] [PENJUALAN] [REMINDER SMS] REGISTER HOTKEY
[ADMIN] [10/26/2016 11:45] [PENJUALAN] [REMINDER SMS] DISPLAY PELANGGAN FORM
[ADMIN] [10/26/2016 11:45] [PENJUALAN] [REMINDER SMS] UNREGISTER HOTKEY
[ADMIN] [10/26/2016 11:45] [PENJUALAN] [REMINDER SMS] REGISTER HOTKEY
[ADMIN] [10/26/2016 11:45] [PENJUALAN] [REMINDER SMS] UNREGISTER HOTKEY
[ADMIN] [10/26/2016 11:45] [PENJUALAN] [REMINDER SMS] REGISTER HOTKEY
[ADMIN] [10/26/2016 11:45] [PENJUALAN] [REMINDER SMS] UNREGISTER HOTKEY
[ADMIN] [10/26/2016 11:45] [PENJUALAN] [REMINDER SMS] REGISTER HOTKEY
[ADMIN] [10/26/2016 11:45] [PENJUALAN] [REMINDER SMS] UNREGISTER HOTKEY
[ADMIN] [10/26/2016 11:45] [PENJUALAN] [REMINDER SMS] REGISTER HOTKEY
[ADMIN] [10/26/2016 11:46] [PENJUALAN] [REMINDER SMS] UNREGISTER HOTKEY
[ADMIN] [10/26/2016 11:46] [PENJUALAN] [REMINDER SMS] REGISTER HOTKEY
[ADMIN] [10/26/2016 11:46] [PENJUALAN] [REMINDER SMS] UNREGISTER HOTKEY
[] [10/26/2016 12:05] [] USER = ADMIN IS ACTIVE
[ADMIN] [10/26/2016 12:05] [] USER ID = 1 LOGIN SUCCESSFULLY
[ADMIN] [10/26/2016 12:05] [] ACTIVATE USER ACCESS RIGHT
[ADMIN] [10/26/2016 12:05] [] DISPLAY ADMIN FORM
[ADMIN] [10/26/2016 12:05] [] adminForm Load
[ADMIN] [10/26/2016 12:05] [PENJUALAN] [REMINDER SMS] REGISTER HOTKEY
[ADMIN] [10/26/2016 12:05] [PENJUALAN] [REMINDER SMS] REGISTER HOTKEY
[ADMIN] [10/26/2016 12:05] [PENJUALAN] [REMINDER SMS] DISPLAY PELANGGAN FORM
[ADMIN] [10/26/2016 12:05] [PENJUALAN] [REMINDER SMS] UNREGISTER HOTKEY
[ADMIN] [10/26/2016 12:05] [PENJUALAN] [REMINDER SMS] REGISTER HOTKEY
[ADMIN] [10/26/2016 12:05] [PENJUALAN] [REMINDER SMS] UNREGISTER HOTKEY
[ADMIN] [10/26/2016 12:05] [PENJUALAN] [REMINDER SMS] REGISTER HOTKEY
[ADMIN] [10/26/2016 12:06] [PENJUALAN] [REMINDER SMS] UNREGISTER HOTKEY
[ADMIN] [10/26/2016 12:06] [PENJUALAN] [REMINDER SMS] REGISTER HOTKEY
[ADMIN] [10/26/2016 12:06] [PENJUALAN] [REMINDER SMS] UNREGISTER HOTKEY
[ADMIN] [10/26/2016 12:06] [PENJUALAN] [REMINDER SMS] REGISTER HOTKEY
[] [10/26/2016 12:10] [] USER = ADMIN IS ACTIVE
[ADMIN] [10/26/2016 12:10] [] USER ID = 1 LOGIN SUCCESSFULLY
[ADMIN] [10/26/2016 12:10] [] ACTIVATE USER ACCESS RIGHT
[ADMIN] [10/26/2016 12:10] [] DISPLAY ADMIN FORM
[ADMIN] [10/26/2016 12:10] [] adminForm Load
[ADMIN] [10/26/2016 12:10] [PENJUALAN] [REMINDER SMS] REGISTER HOTKEY
[ADMIN] [10/26/2016 12:10] [PENJUALAN] [REMINDER SMS] REGISTER HOTKEY
[ADMIN] [10/26/2016 12:11] [PENJUALAN] [REMINDER SMS] DISPLAY PELANGGAN FORM
[ADMIN] [10/26/2016 12:11] [PENJUALAN] [REMINDER SMS] UNREGISTER HOTKEY
[ADMIN] [10/26/2016 12:11] [PENJUALAN] [REMINDER SMS] REGISTER HOTKEY
[] [10/26/2016 12:14] [] USER = ADMIN IS ACTIVE
[ADMIN] [10/26/2016 12:14] [] USER ID = 1 LOGIN SUCCESSFULLY
[ADMIN] [10/26/2016 12:15] [] ACTIVATE USER ACCESS RIGHT
[ADMIN] [10/26/2016 12:15] [] DISPLAY ADMIN FORM
[ADMIN] [10/26/2016 12:15] [] adminForm Load
[ADMIN] [10/26/2016 12:17] [PENJUALAN] [REMINDER SMS] REGISTER HOTKEY
[ADMIN] [10/26/2016 12:17] [PENJUALAN] [REMINDER SMS] REGISTER HOTKEY
[ADMIN] [10/26/2016 12:17] [PENJUALAN] [REMINDER SMS] DISPLAY PELANGGAN FORM
[ADMIN] [10/26/2016 12:17] [PENJUALAN] [REMINDER SMS] UNREGISTER HOTKEY
[ADMIN] [10/26/2016 12:17] [PENJUALAN] [REMINDER SMS] REGISTER HOTKEY
[ADMIN] [10/26/2016 12:17] [PENJUALAN] [REMINDER SMS] UNREGISTER HOTKEY
[ADMIN] [10/26/2016 12:17] [PENJUALAN] [REMINDER SMS] REGISTER HOTKEY
[ADMIN] [10/26/2016 12:17] [PENJUALAN] [REMINDER SMS] UNREGISTER HOTKEY
[ADMIN] [10/26/2016 12:17] [PENJUALAN] [REMINDER SMS] REGISTER HOTKEY
[ADMIN] [10/26/2016 12:17] [PENJUALAN] [REMINDER SMS] UNREGISTER HOTKEY
[ADMIN] [10/26/2016 12:17] [PENJUALAN] [REMINDER SMS] REGISTER HOTKEY
[ADMIN] [10/26/2016 12:17] [PENJUALAN] [REMINDER SMS] UNREGISTER HOTKEY
[ADMIN] [10/26/2016 12:17] [PENJUALAN] [REMINDER SMS] UNREGISTER HOTKEY
[ADMIN] [10/26/2016 12:17] [] USER ID = 1LOGOUT
