[] [2/20/2017 15:17] [] USER = ADMIN IS ACTIVE
[ADMIN] [2/20/2017 15:17] [] USER ID = 1 LOGIN SUCCESSFULLY
[ADMIN] [2/20/2017 15:17] [] ACTIVATE USER ACCESS RIGHT
[ADMIN] [2/20/2017 15:17] [] DISPLAY ADMIN FORM
[ADMIN] [2/20/2017 15:17] [] adminForm Load
[ADMIN] [2/20/2017 15:20] [RETUR PENJUALAN] RETUR PENJUALAN : detailReturDataGridView_CellValueChanged [qty]
[ADMIN] [2/20/2017 15:20] [RETUR PENJUALAN] RETUR PENJUALAN : detailReturDataGridView_CellValueChanged [subtotal]
[ADMIN] [2/20/2017 15:20] [RETUR PENJUALAN] RETUR PENJUALAN : detailReturDataGridView_CellValueChanged [productName]
[ADMIN] [2/20/2017 15:20] [RETUR PENJUALAN] RETUR PENJUALAN : detailReturDataGridView_CellValueChanged [productName]
[ADMIN] [2/20/2017 15:20] [RETUR PENJUALAN] RETUR PENJUALAN : detailReturDataGridView_CellValueChanged [productPrice]
[ADMIN] [2/20/2017 15:20] [RETUR PENJUALAN] RETUR PENJUALAN : detailReturDataGridView_CellValueChanged [subtotal]
[ADMIN] [2/20/2017 15:20] [RETUR PENJUALAN] RETUR PENJUALAN : detailReturDataGridView_CellValueChanged [SOqty]
[ADMIN] [2/20/2017 15:20] [RETUR PENJUALAN] RETUR PENJUALAN : detailReturDataGridView_CellValueChanged [disc1]
[ADMIN] [2/20/2017 15:20] [RETUR PENJUALAN] RETUR PENJUALAN : detailReturDataGridView_CellValueChanged [disc2]
[ADMIN] [2/20/2017 15:20] [RETUR PENJUALAN] RETUR PENJUALAN : detailReturDataGridView_CellValueChanged [discRP]
[ADMIN] [2/20/2017 15:20] [] [POS SEARCH PRODUCT] D:\Project\Rejeki_Utama\_CODE_\Rejeki_Utama\Rejeki_Utama\bin\Debug\PRODUCT_PHOTO\ 
[ADMIN] [2/20/2017 15:20] [RETUR PENJUALAN] RETUR PENJUALAN : detailReturDataGridView_CellValueChanged [productID]
[ADMIN] [2/20/2017 15:20] [RETUR PENJUALAN] RETUR PENJUALAN : detailReturDataGridView_CellValueChanged [productName]
[ADMIN] [2/20/2017 15:20] [RETUR PENJUALAN] updateSomeRowsContent, PRODUCT_BASE_PRICE [1]
[ADMIN] [2/20/2017 15:20] [RETUR PENJUALAN] RETUR PENJUALAN : detailReturDataGridView_CellValueChanged [productPrice]
[ADMIN] [2/20/2017 15:20] [RETUR PENJUALAN] RETUR PENJUALAN : detailReturDataGridView_CellValueChanged [qty]
[ADMIN] [2/20/2017 15:20] [RETUR PENJUALAN] RETUR PENJUALAN : detailReturDataGridView_CellValueChanged [subtotal]
[ADMIN] [2/20/2017 15:20] [RETUR PENJUALAN] RETUR PENJUALAN : detailReturDataGridView_CellValueChanged [subtotal]
[ADMIN] [2/20/2017 15:20] [RETUR PENJUALAN] updateSomeRowsContent, attempt to calculate total
[ADMIN] [2/20/2017 15:20] [RETUR PENJUALAN] RETUR PENJUALAN : detailReturDataGridView_CellValueChanged [SOqty]
[ADMIN] [2/20/2017 15:20] [RETUR PENJUALAN] RETUR PENJUALAN : detailReturDataGridView_CellValueChanged [disc1]
[ADMIN] [2/20/2017 15:20] [RETUR PENJUALAN] RETUR PENJUALAN : detailReturDataGridView_CellValueChanged [disc2]
[ADMIN] [2/20/2017 15:20] [RETUR PENJUALAN] RETUR PENJUALAN : detailReturDataGridView_CellValueChanged [discRP]
[ADMIN] [2/20/2017 15:20] [RETUR PENJUALAN] RETUR PENJUALAN : detailReturDataGridView_CellValueChanged [subtotal]
[ADMIN] [2/20/2017 15:20] [RETUR PENJUALAN] RETUR PENJUALAN : detailReturDataGridView_CellValueChanged [qty]
[ADMIN] [2/20/2017 15:20] [RETUR PENJUALAN] RETUR PENJUALAN : detailReturDataGridView_CellValueChanged [subtotal]
[ADMIN] [2/20/2017 15:21] [RETUR PENJUALAN] SALES PAID STATUS [0]
[ADMIN] [2/20/2017 15:21] [RETUR PENJUALAN] ATTEMPT TO SAVE DATA
[ADMIN] [2/20/2017 15:21] [RETUR PENJUALAN] INSERT INTO RETURN SALES HEADER [RT-1]
[ADMIN] [2/20/2017 15:21] [RETUR PENJUALAN] INSERT INTO RETURN SALES DETAIL [1, 1, 2, 2]
[ADMIN] [2/20/2017 15:21] [STOK OPNAME] UPDATE PRODUCT_LOCATION QTY [1/2]
[ADMIN] [2/20/2017 15:21] [RETUR PENJUALAN] UPDATE MASTER PRODUCT QTY [1]
[ADMIN] [2/20/2017 15:21] [RETUR PENJUALAN] CHECK FOR ANY OUTSTANDING AMOUNT FOR THE INVOICE
[ADMIN] [2/20/2017 15:21] [RETUR PENJUALAN] selectedCreditID [1]
[ADMIN] [2/20/2017 15:21] [RETUR PENJUALAN] RETUR VALUE LESS THAN OR EQUAL TOTAL CREDIT
[ADMIN] [2/20/2017 15:21] [RETUR PENJUALAN] INSERT INTO PAYMENT CREDIT [1, 2]
[ADMIN] [2/20/2017 15:21] [RETUR PENJUALAN] RETUR VALUE BIGGER THAN TOTAL CREDIT VALUE, MEANS FULLY PAID
[ADMIN] [2/20/2017 15:21] [RETUR PENJUALAN] UPDATE SALES HEADER [SLO001-1]
[ADMIN] [2/20/2017 15:21] [RETUR PENJUALAN] UPDATE SALES HEADER TAX [SLO001-1]
[ADMIN] [2/20/2017 15:21] [RETUR PENJUALAN] UPDATE CREDIT [1]
[ADMIN] [2/20/2017 15:21] [PENJUALAN] RETUR PENJUALAN FORM : ChangePrinterButton_Click, DISPLAY PRINTER SELECTION FORM
[ADMIN] [2/20/2017 15:46] [] USER ID = 1LOGOUT
