[] [2/21/2017 14:28] [] USER = ADMIN IS ACTIVE
[ADMIN] [2/21/2017 14:28] [] USER ID = 1 LOGIN SUCCESSFULLY
[ADMIN] [2/21/2017 14:28] [] ACTIVATE USER ACCESS RIGHT
[ADMIN] [2/21/2017 14:28] [] DISPLAY ADMIN FORM
[ADMIN] [2/21/2017 14:28] [] adminForm Load
[ADMIN] [2/21/2017 14:29] [TAMBAH TRANSAKSI HARIAN] LOAD DATA TRANSAKSI
[ADMIN] [2/21/2017 14:29] [TAMBAH TRANSAKSI HARIAN] LOAD DATA TRANSAKSI
[] [2/21/2017 14:31] [] USER = ADMIN IS ACTIVE
[ADMIN] [2/21/2017 14:31] [] USER ID = 1 LOGIN SUCCESSFULLY
[ADMIN] [2/21/2017 14:31] [] ACTIVATE USER ACCESS RIGHT
[ADMIN] [2/21/2017 14:31] [] DISPLAY ADMIN FORM
[ADMIN] [2/21/2017 14:31] [] adminForm Load
[ADMIN] [2/21/2017 14:31] [TAMBAH TRANSAKSI HARIAN] LOAD DATA TRANSAKSI
[ADMIN] [2/21/2017 14:31] [TAMBAH TRANSAKSI HARIAN] LOAD DATA TRANSAKSI
[ADMIN] [2/21/2017 14:31] [TAMBAH TRANSAKSI HARIAN] LOAD DATA TRANSAKSI
[ADMIN] [2/21/2017 14:32] [TAMBAH TRANSAKSI HARIAN] LOAD DATA TRANSAKSI
[ADMIN] [2/21/2017 14:32] [TAMBAH TRANSAKSI HARIAN] LOAD DATA TRANSAKSI
[ADMIN] [2/21/2017 14:32] [TAMBAH TRANSAKSI HARIAN] LOAD DATA TRANSAKSI
[ADMIN] [2/21/2017 14:32] [TAMBAH TRANSAKSI HARIAN] LOAD DATA TRANSAKSI
[ADMIN] [2/21/2017 14:32] [PENJUALAN] CASHIER FORM : MULTIPLE CASHIER INSTANCE [1]
[ADMIN] [2/21/2017 14:32] [PENJUALAN] CASHIER FORM : REGISTER HOTKEY
[ADMIN] [2/21/2017 14:32] [PENJUALAN] CASHIER FORM : cashierForm_Load, ATTEMPT TO LOAD NO FAKTUR
[ADMIN] [2/21/2017 14:32] [PENJUALAN] CASHIER FORM : loadNoFaktur, noFakturValue [SLO001]
[ADMIN] [2/21/2017 14:32] [PENJUALAN] CASHIER FORM : cashierForm_Load, ATTEMPT TO addColumnToDataGrid
[ADMIN] [2/21/2017 14:32] [PENJUALAN] CASHIER FORM : REGISTER HOTKEY
[ADMIN] [2/21/2017 14:32] [PENJUALAN] CASHIER FORM : HOTKEY TO ADD NEW ROW PRESSED
[ADMIN] [2/21/2017 14:32] [PENJUALAN] CASHIER FORM : ADD NEW ROW,  isActive [True]
[ADMIN] [2/21/2017 14:32] [PENJUALAN] CASHIER FORM : ADD NEW ROW,  ROW COUNT [0]
[ADMIN] [2/21/2017 14:32] [PENJUALAN] CASHIER FORM : ADD NEW ROW,  ALLOW TO ADD [True]
[ADMIN] [2/21/2017 14:32] [PENJUALAN] CASHIER FORM : cashierDataGridView_CellValueChanged [F8]
[ADMIN] [2/21/2017 14:32] [PENJUALAN] CASHIER FORM : cashierDataGridView_CellValueChanged [hpp]
[ADMIN] [2/21/2017 14:32] [PENJUALAN] CASHIER FORM : cashierDataGridView_CellValueChanged [productPrice]
[ADMIN] [2/21/2017 14:32] [PENJUALAN] CASHIER FORM : TextBox_TextChanged, previousInput []
[ADMIN] [2/21/2017 14:32] [PENJUALAN] CASHIER FORM : TextBox_TextChanged, dataGridViewTextBoxEditingControl.Text pass REGEX Checking
[ADMIN] [2/21/2017 14:32] [PENJUALAN] CASHIER FORM : CALCULATE SUBTOTAL
[ADMIN] [2/21/2017 14:32] [PENJUALAN] CASHIER FORM : SUBTOTAL [0]
[ADMIN] [2/21/2017 14:32] [PENJUALAN] CASHIER FORM : TextBox_TextChanged, subtotal value [0]
[ADMIN] [2/21/2017 14:32] [PENJUALAN] CASHIER FORM : TextBox_TextChanged, attempt to calculate total value
[ADMIN] [2/21/2017 14:32] [PENJUALAN] CASHIER FORM : calculateTotal
[ADMIN] [2/21/2017 14:32] [PENJUALAN] CASHIER FORM : calculateTotal [0]
[ADMIN] [2/21/2017 14:32] [PENJUALAN] CASHIER FORM : calculateTotal, totalAfterDisc [0]
[ADMIN] [2/21/2017 14:32] [PENJUALAN] CASHIER FORM : calculateChangeValue, bayarTextBox.Text [0]
[ADMIN] [2/21/2017 14:32] [PENJUALAN] CASHIER FORM : calculateChangeValue, sisaBayar [0]
[ADMIN] [2/21/2017 14:32] [PENJUALAN] CASHIER FORM : cashierDataGridView_CellValueChanged [disc1]
[ADMIN] [2/21/2017 14:32] [PENJUALAN] CASHIER FORM : TextBox_TextChanged, previousInput []
[ADMIN] [2/21/2017 14:32] [PENJUALAN] CASHIER FORM : TextBox_TextChanged, dataGridViewTextBoxEditingControl.Text pass REGEX Checking
[ADMIN] [2/21/2017 14:32] [PENJUALAN] CASHIER FORM : CALCULATE SUBTOTAL
[ADMIN] [2/21/2017 14:32] [PENJUALAN] CASHIER FORM : SUBTOTAL [0]
[ADMIN] [2/21/2017 14:32] [PENJUALAN] CASHIER FORM : TextBox_TextChanged, subtotal value [0]
[ADMIN] [2/21/2017 14:32] [PENJUALAN] CASHIER FORM : TextBox_TextChanged, attempt to calculate total value
[ADMIN] [2/21/2017 14:32] [PENJUALAN] CASHIER FORM : calculateTotal
[ADMIN] [2/21/2017 14:32] [PENJUALAN] CASHIER FORM : calculateTotal [0]
[ADMIN] [2/21/2017 14:32] [PENJUALAN] CASHIER FORM : calculateTotal, totalAfterDisc [0]
[ADMIN] [2/21/2017 14:32] [PENJUALAN] CASHIER FORM : calculateChangeValue, bayarTextBox.Text [0]
[ADMIN] [2/21/2017 14:32] [PENJUALAN] CASHIER FORM : calculateChangeValue, sisaBayar [0]
[ADMIN] [2/21/2017 14:32] [PENJUALAN] CASHIER FORM : cashierDataGridView_CellValueChanged [qty]
[ADMIN] [2/21/2017 14:32] [PENJUALAN] CASHIER FORM : TextBox_TextChanged, previousInput []
[ADMIN] [2/21/2017 14:32] [PENJUALAN] CASHIER FORM : TextBox_TextChanged, dataGridViewTextBoxEditingControl.Text pass REGEX Checking
[ADMIN] [2/21/2017 14:32] [] CHECK STOCK QTY IS ENOUGH []
[ADMIN] [2/21/2017 14:32] [PENJUALAN] CASHIER FORM : CALCULATE SUBTOTAL
[ADMIN] [2/21/2017 14:32] [PENJUALAN] CASHIER FORM : SUBTOTAL [0]
[ADMIN] [2/21/2017 14:32] [PENJUALAN] CASHIER FORM : TextBox_TextChanged, subtotal value [0]
[ADMIN] [2/21/2017 14:32] [PENJUALAN] CASHIER FORM : TextBox_TextChanged, attempt to calculate total value
[ADMIN] [2/21/2017 14:32] [PENJUALAN] CASHIER FORM : calculateTotal
[ADMIN] [2/21/2017 14:32] [PENJUALAN] CASHIER FORM : calculateTotal [0]
[ADMIN] [2/21/2017 14:32] [PENJUALAN] CASHIER FORM : calculateTotal, totalAfterDisc [0]
[ADMIN] [2/21/2017 14:32] [PENJUALAN] CASHIER FORM : calculateChangeValue, bayarTextBox.Text [0]
[ADMIN] [2/21/2017 14:32] [PENJUALAN] CASHIER FORM : calculateChangeValue, sisaBayar [0]
[ADMIN] [2/21/2017 14:32] [PENJUALAN] CASHIER FORM : cashierDataGridView_CellValueChanged [disc2]
[ADMIN] [2/21/2017 14:32] [PENJUALAN] CASHIER FORM : TextBox_TextChanged, previousInput []
[ADMIN] [2/21/2017 14:32] [PENJUALAN] CASHIER FORM : TextBox_TextChanged, dataGridViewTextBoxEditingControl.Text pass REGEX Checking
[ADMIN] [2/21/2017 14:32] [PENJUALAN] CASHIER FORM : CALCULATE SUBTOTAL
[ADMIN] [2/21/2017 14:32] [PENJUALAN] CASHIER FORM : SUBTOTAL [0]
[ADMIN] [2/21/2017 14:32] [PENJUALAN] CASHIER FORM : TextBox_TextChanged, subtotal value [0]
[ADMIN] [2/21/2017 14:32] [PENJUALAN] CASHIER FORM : TextBox_TextChanged, attempt to calculate total value
[ADMIN] [2/21/2017 14:32] [PENJUALAN] CASHIER FORM : calculateTotal
[ADMIN] [2/21/2017 14:32] [PENJUALAN] CASHIER FORM : calculateTotal [0]
[ADMIN] [2/21/2017 14:32] [PENJUALAN] CASHIER FORM : calculateTotal, totalAfterDisc [0]
[ADMIN] [2/21/2017 14:32] [PENJUALAN] CASHIER FORM : calculateChangeValue, bayarTextBox.Text [0]
[ADMIN] [2/21/2017 14:32] [PENJUALAN] CASHIER FORM : calculateChangeValue, sisaBayar [0]
[ADMIN] [2/21/2017 14:32] [PENJUALAN] CASHIER FORM : cashierDataGridView_CellValueChanged [discRP]
[ADMIN] [2/21/2017 14:32] [PENJUALAN] CASHIER FORM : TextBox_TextChanged, previousInput []
[ADMIN] [2/21/2017 14:32] [PENJUALAN] CASHIER FORM : TextBox_TextChanged, dataGridViewTextBoxEditingControl.Text pass REGEX Checking
[ADMIN] [2/21/2017 14:32] [PENJUALAN] CASHIER FORM : CALCULATE SUBTOTAL
[ADMIN] [2/21/2017 14:32] [PENJUALAN] CASHIER FORM : SUBTOTAL [0]
[ADMIN] [2/21/2017 14:32] [PENJUALAN] CASHIER FORM : TextBox_TextChanged, subtotal value [0]
[ADMIN] [2/21/2017 14:32] [PENJUALAN] CASHIER FORM : TextBox_TextChanged, attempt to calculate total value
[ADMIN] [2/21/2017 14:32] [PENJUALAN] CASHIER FORM : calculateTotal
[ADMIN] [2/21/2017 14:32] [PENJUALAN] CASHIER FORM : calculateTotal [0]
[ADMIN] [2/21/2017 14:32] [PENJUALAN] CASHIER FORM : calculateTotal, totalAfterDisc [0]
[ADMIN] [2/21/2017 14:32] [PENJUALAN] CASHIER FORM : calculateChangeValue, bayarTextBox.Text [0]
[ADMIN] [2/21/2017 14:32] [PENJUALAN] CASHIER FORM : calculateChangeValue, sisaBayar [0]
[ADMIN] [2/21/2017 14:32] [PENJUALAN] CASHIER FORM : cashierDataGridView_CellValueChanged [jumlah]
[ADMIN] [2/21/2017 14:32] [PENJUALAN] CASHIER FORM : cashierDataGridView_CellValueChanged [productName]
[ADMIN] [2/21/2017 14:32] [PENJUALAN] CASHIER FORM : UNREGISTER HOTKEY
[ADMIN] [2/21/2017 14:32] [] [POS SEARCH PRODUCT] D:\Project\Rejeki_Utama\_CODE_\Rejeki_Utama\Rejeki_Utama\bin\Debug\PRODUCT_PHOTO\ 
[ADMIN] [2/21/2017 14:32] [PENJUALAN] CASHIER FORM : ADD NEW ROW FROM BARCODE [SFD]
[ADMIN] [2/21/2017 14:32] [PENJUALAN] CASHIER FORM : cashierDataGridView_CellValueChanged [productID]
[ADMIN] [2/21/2017 14:32] [PENJUALAN] CASHIER FORM : cashierDataGridView_CellValueChanged [productName]
[ADMIN] [2/21/2017 14:32] [PENJUALAN] CASHIER FORM : PRODUCT PRICE TYPE [PRODUCT_BASE_PRICE]
[ADMIN] [2/21/2017 14:32] [PENJUALAN] CASHIER FORM : PRODUCT PRICE [10]
[ADMIN] [2/21/2017 14:32] [PENJUALAN] CASHIER FORM : ComboBox_SelectedIndexChanged, PRODUCT_BASE_PRICE [10]
[ADMIN] [2/21/2017 14:32] [PENJUALAN] CASHIER FORM : cashierDataGridView_CellValueChanged [hpp]
[ADMIN] [2/21/2017 14:32] [PENJUALAN] CASHIER FORM : PRODUCT PRICE TYPE [PRODUCT_RETAIL_PRICE]
[ADMIN] [2/21/2017 14:32] [PENJUALAN] CASHIER FORM : PRODUCT PRICE [10]
[ADMIN] [2/21/2017 14:32] [PENJUALAN] CASHIER FORM : ComboBox_SelectedIndexChanged, PRODUCT_SALES_PRICE [10]
[ADMIN] [2/21/2017 14:32] [PENJUALAN] CASHIER FORM : cashierDataGridView_CellValueChanged [productPrice]
[ADMIN] [2/21/2017 14:32] [PENJUALAN] CASHIER FORM : TextBox_TextChanged, previousInput []
[ADMIN] [2/21/2017 14:32] [PENJUALAN] CASHIER FORM : TextBox_TextChanged, dataGridViewTextBoxEditingControl.Text pass REGEX Checking
[ADMIN] [2/21/2017 14:32] [PENJUALAN] CASHIER FORM : CALCULATE SUBTOTAL
[ADMIN] [2/21/2017 14:32] [PENJUALAN] CASHIER FORM : SUBTOTAL [0]
[ADMIN] [2/21/2017 14:32] [PENJUALAN] CASHIER FORM : TextBox_TextChanged, subtotal value [0]
[ADMIN] [2/21/2017 14:32] [PENJUALAN] CASHIER FORM : TextBox_TextChanged, attempt to calculate total value
[ADMIN] [2/21/2017 14:32] [PENJUALAN] CASHIER FORM : calculateTotal
[ADMIN] [2/21/2017 14:32] [PENJUALAN] CASHIER FORM : calculateTotal [0]
[ADMIN] [2/21/2017 14:32] [PENJUALAN] CASHIER FORM : calculateTotal, totalAfterDisc [0]
[ADMIN] [2/21/2017 14:32] [PENJUALAN] CASHIER FORM : calculateChangeValue, bayarTextBox.Text [0]
[ADMIN] [2/21/2017 14:32] [PENJUALAN] CASHIER FORM : calculateChangeValue, sisaBayar [0]
[ADMIN] [2/21/2017 14:32] [PENJUALAN] CASHIER FORM : cashierDataGridView_CellValueChanged [qty]
[ADMIN] [2/21/2017 14:32] [PENJUALAN] CASHIER FORM : TextBox_TextChanged, previousInput []
[ADMIN] [2/21/2017 14:32] [PENJUALAN] CASHIER FORM : TextBox_TextChanged, dataGridViewTextBoxEditingControl.Text pass REGEX Checking
[ADMIN] [2/21/2017 14:32] [] CHECK STOCK QTY IS ENOUGH [5]
[ADMIN] [2/21/2017 14:32] [] CHECK STOCK QTY IS ENOUGH [22, 0]
[ADMIN] [2/21/2017 14:32] [PENJUALAN] CASHIER FORM : CALCULATE SUBTOTAL
[ADMIN] [2/21/2017 14:32] [PENJUALAN] CASHIER FORM : SUBTOTAL [0]
[ADMIN] [2/21/2017 14:32] [PENJUALAN] CASHIER FORM : TextBox_TextChanged, subtotal value [0]
[ADMIN] [2/21/2017 14:32] [PENJUALAN] CASHIER FORM : TextBox_TextChanged, attempt to calculate total value
[ADMIN] [2/21/2017 14:32] [PENJUALAN] CASHIER FORM : calculateTotal
[ADMIN] [2/21/2017 14:32] [PENJUALAN] CASHIER FORM : calculateTotal [0]
[ADMIN] [2/21/2017 14:32] [PENJUALAN] CASHIER FORM : calculateTotal, totalAfterDisc [0]
[ADMIN] [2/21/2017 14:32] [PENJUALAN] CASHIER FORM : calculateChangeValue, bayarTextBox.Text [0]
[ADMIN] [2/21/2017 14:32] [PENJUALAN] CASHIER FORM : calculateChangeValue, sisaBayar [0]
[ADMIN] [2/21/2017 14:32] [PENJUALAN] CASHIER FORM : cashierDataGridView_CellValueChanged [jumlah]
[ADMIN] [2/21/2017 14:32] [PENJUALAN] CASHIER FORM : ComboBox_SelectedIndexChanged, attempt to calculate total
[ADMIN] [2/21/2017 14:32] [PENJUALAN] CASHIER FORM : calculateTotal
[ADMIN] [2/21/2017 14:32] [PENJUALAN] CASHIER FORM : calculateTotal [0]
[ADMIN] [2/21/2017 14:32] [PENJUALAN] CASHIER FORM : calculateTotal, totalAfterDisc [0]
[ADMIN] [2/21/2017 14:32] [PENJUALAN] CASHIER FORM : calculateChangeValue, bayarTextBox.Text [0]
[ADMIN] [2/21/2017 14:32] [PENJUALAN] CASHIER FORM : calculateChangeValue, sisaBayar [0]
[ADMIN] [2/21/2017 14:32] [] CHECK STOCK QTY IS ENOUGH []
[ADMIN] [2/21/2017 14:32] [PENJUALAN] CASHIER FORM : cashierDataGridView_CellValueChanged [qty]
[ADMIN] [2/21/2017 14:32] [PENJUALAN] CASHIER FORM : TextBox_TextChanged, previousInput []
[ADMIN] [2/21/2017 14:32] [PENJUALAN] CASHIER FORM : TextBox_TextChanged, dataGridViewTextBoxEditingControl.Text pass REGEX Checking
[ADMIN] [2/21/2017 14:32] [] CHECK STOCK QTY IS ENOUGH [5]
[ADMIN] [2/21/2017 14:32] [] CHECK STOCK QTY IS ENOUGH [22, 1]
[ADMIN] [2/21/2017 14:32] [PENJUALAN] CASHIER FORM : CALCULATE SUBTOTAL
[ADMIN] [2/21/2017 14:32] [PENJUALAN] CASHIER FORM : SUBTOTAL [10]
[ADMIN] [2/21/2017 14:32] [PENJUALAN] CASHIER FORM : TextBox_TextChanged, subtotal value [10]
[ADMIN] [2/21/2017 14:32] [PENJUALAN] CASHIER FORM : TextBox_TextChanged, attempt to calculate total value
[ADMIN] [2/21/2017 14:32] [PENJUALAN] CASHIER FORM : calculateTotal
[ADMIN] [2/21/2017 14:32] [PENJUALAN] CASHIER FORM : calculateTotal [10]
[ADMIN] [2/21/2017 14:32] [PENJUALAN] CASHIER FORM : calculateTotal, totalAfterDisc [10]
[ADMIN] [2/21/2017 14:32] [PENJUALAN] CASHIER FORM : calculateChangeValue, bayarTextBox.Text [0]
[ADMIN] [2/21/2017 14:32] [PENJUALAN] CASHIER FORM : calculateChangeValue, sisaBayar [0]
[ADMIN] [2/21/2017 14:32] [PENJUALAN] CASHIER FORM : SET QTY TO 1 BECAUSE OF NEW ROW
[ADMIN] [2/21/2017 14:32] [PENJUALAN] CASHIER FORM : CALCULATE SUBTOTAL
[ADMIN] [2/21/2017 14:32] [PENJUALAN] CASHIER FORM : SUBTOTAL [10]
[ADMIN] [2/21/2017 14:32] [PENJUALAN] CASHIER FORM : calculateTotal
[ADMIN] [2/21/2017 14:32] [PENJUALAN] CASHIER FORM : calculateTotal [10]
[ADMIN] [2/21/2017 14:32] [PENJUALAN] CASHIER FORM : calculateTotal, totalAfterDisc [10]
[ADMIN] [2/21/2017 14:32] [PENJUALAN] CASHIER FORM : calculateChangeValue, bayarTextBox.Text [0]
[ADMIN] [2/21/2017 14:32] [PENJUALAN] CASHIER FORM : calculateChangeValue, sisaBayar [0]
[ADMIN] [2/21/2017 14:32] [] [POS SEARCH PRODUCT] D:\Project\Rejeki_Utama\_CODE_\Rejeki_Utama\Rejeki_Utama\bin\Debug\PRODUCT_PHOTO\ 
[ADMIN] [2/21/2017 14:32] [PENJUALAN] CASHIER FORM : REGISTER HOTKEY
[ADMIN] [2/21/2017 14:32] [PENJUALAN] CASHIER FORM : cashierDataGridView_CellValueChanged [qty]
[ADMIN] [2/21/2017 14:32] [PENJUALAN] CASHIER FORM : TextBox_TextChanged, previousInput []
[ADMIN] [2/21/2017 14:32] [PENJUALAN] CASHIER FORM : TextBox_TextChanged, dataGridViewTextBoxEditingControl.Text pass REGEX Checking
[ADMIN] [2/21/2017 14:32] [] CHECK STOCK QTY IS ENOUGH [5]
[ADMIN] [2/21/2017 14:32] [] CHECK STOCK QTY IS ENOUGH [22, 2]
[ADMIN] [2/21/2017 14:32] [PENJUALAN] CASHIER FORM : CALCULATE SUBTOTAL
[ADMIN] [2/21/2017 14:32] [PENJUALAN] CASHIER FORM : SUBTOTAL [20]
[ADMIN] [2/21/2017 14:32] [PENJUALAN] CASHIER FORM : TextBox_TextChanged, subtotal value [20]
[ADMIN] [2/21/2017 14:32] [PENJUALAN] CASHIER FORM : TextBox_TextChanged, attempt to calculate total value
[ADMIN] [2/21/2017 14:32] [PENJUALAN] CASHIER FORM : calculateTotal
[ADMIN] [2/21/2017 14:32] [PENJUALAN] CASHIER FORM : calculateTotal [20]
[ADMIN] [2/21/2017 14:32] [PENJUALAN] CASHIER FORM : calculateTotal, totalAfterDisc [20]
[ADMIN] [2/21/2017 14:32] [PENJUALAN] CASHIER FORM : calculateChangeValue, bayarTextBox.Text [0]
[ADMIN] [2/21/2017 14:32] [PENJUALAN] CASHIER FORM : calculateChangeValue, sisaBayar [0]
[ADMIN] [2/21/2017 14:32] [PENJUALAN] CASHIER FORM : cashierDataGridView_CellValueChanged [qty]
[ADMIN] [2/21/2017 14:32] [PENJUALAN] CASHIER FORM : TextBox_TextChanged, previousInput []
[ADMIN] [2/21/2017 14:32] [PENJUALAN] CASHIER FORM : TextBox_TextChanged, dataGridViewTextBoxEditingControl.Text pass REGEX Checking
[ADMIN] [2/21/2017 14:32] [] CHECK STOCK QTY IS ENOUGH [5]
[ADMIN] [2/21/2017 14:32] [] CHECK STOCK QTY IS ENOUGH [22, 20]
[ADMIN] [2/21/2017 14:32] [PENJUALAN] CASHIER FORM : CALCULATE SUBTOTAL
[ADMIN] [2/21/2017 14:32] [PENJUALAN] CASHIER FORM : SUBTOTAL [200]
[ADMIN] [2/21/2017 14:32] [PENJUALAN] CASHIER FORM : TextBox_TextChanged, subtotal value [200]
[ADMIN] [2/21/2017 14:32] [PENJUALAN] CASHIER FORM : TextBox_TextChanged, attempt to calculate total value
[ADMIN] [2/21/2017 14:32] [PENJUALAN] CASHIER FORM : calculateTotal
[ADMIN] [2/21/2017 14:32] [PENJUALAN] CASHIER FORM : calculateTotal [200]
[ADMIN] [2/21/2017 14:32] [PENJUALAN] CASHIER FORM : calculateTotal, totalAfterDisc [200]
[ADMIN] [2/21/2017 14:32] [PENJUALAN] CASHIER FORM : calculateChangeValue, bayarTextBox.Text [0]
[ADMIN] [2/21/2017 14:32] [PENJUALAN] CASHIER FORM : calculateChangeValue, sisaBayar [0]
[ADMIN] [2/21/2017 14:33] [PENJUALAN] CASHIER FORM : HOTKEY TO SAVE AND PRINT OUT INVOICE PRESSED
[ADMIN] [2/21/2017 14:33] [PENJUALAN] CASHIER FORM : UNREGISTER HOTKEY
[ADMIN] [2/21/2017 14:33] [PENJUALAN] CASHIER FORM : REGISTER HOTKEY
[ADMIN] [2/21/2017 14:33] [PENJUALAN] ATTEMPT TO SAVE AND PRINT OUT INVOICE
[ADMIN] [2/21/2017 14:33] [] CHECK STOCK QTY IS ENOUGH [5]
[ADMIN] [2/21/2017 14:33] [] CHECK STOCK QTY IS ENOUGH [22, 20]
[ADMIN] [2/21/2017 14:33] [PENJUALAN] CASHIER FORM : UNREGISTER HOTKEY
[ADMIN] [2/21/2017 14:33] [PENJUALAN] CASHIER FORM : REGISTER HOTKEY
[ADMIN] [2/21/2017 14:33] [PENJUALAN] CASHIER FORM : UNREGISTER HOTKEY
[ADMIN] [2/21/2017 14:33] [PENJUALAN] CASHIER FORM : ATTEMPT TO SAVE SALES DATA [21-02-2017 14:33]
[ADMIN] [2/21/2017 14:33] [PENJUALAN] CASHIER FORM : SALES DISC FINAL [0]
[ADMIN] [2/21/2017 14:33] [PENJUALAN] CASHIER FORM : NON CASH - SALES DUE DATE [03-03-2017]
[ADMIN] [2/21/2017 14:33] [PENJUALAN] CHECK IF TAX LIMIT SET FOR PERCENTAGE PURCHASE [0]
[ADMIN] [2/21/2017 14:33] [PENJUALAN] CHECK IF TAX LIMIT SET FOR AVERAGE DAILY PURCHASE [0]
[ADMIN] [2/21/2017 14:33] [PENJUALAN] CASHIER FORM : NO FAKTUR [SLO001]
[ADMIN] [2/21/2017 14:33] [PENJUALAN] CASHIER FORM : MAX SALES INVOICE [13]
[ADMIN] [2/21/2017 14:33] [PENJUALAN] CASHIER FORM : SALES INVOICE [SLO001-14]
[ADMIN] [2/21/2017 14:33] [PENJUALAN] INSERT INTO SALES HEADER [SLO001-14]
[ADMIN] [2/21/2017 14:33] [PENJUALAN] INSERT INTO SALES DETAIL[5, 10, 20]
[ADMIN] [2/21/2017 14:33] [PENJUALAN] INSERT TO CREDIT TABLE [SLO001-14]
[ADMIN] [2/21/2017 14:33] [PENJUALAN] INSERT TO DAILY JOURNAL TABLE [200]
[ADMIN] [2/21/2017 14:33] [PENJUALAN] CASHIER FORM : REGISTER HOTKEY
[ADMIN] [2/21/2017 14:33] [PENJUALAN] TRANSACTION SAVED
[ADMIN] [2/21/2017 14:33] [PENJUALAN] PRINT OUT INVOICE
[ADMIN] [2/21/2017 14:33] [PENJUALAN] CASHIER FORM : PrintReceipt
[ADMIN] [2/21/2017 14:33] [PENJUALAN] CASHIER FORM : PrintReceipt, POS size Paper
[ADMIN] [2/21/2017 14:33] [PENJUALAN] CASHIER FORM : loadInfoToko
[ADMIN] [2/21/2017 14:33] [PENJUALAN] CASHIER FORM : calculatePageLength, totalLengthPage [369]
[ADMIN] [2/21/2017 14:33] [PENJUALAN] CASHIER FORM : UNREGISTER HOTKEY
[ADMIN] [2/21/2017 14:33] [PENJUALAN] CASHIER FORM : printDocument1_PrintPage, print POS size receipt
[ADMIN] [2/21/2017 14:33] [PENJUALAN] CASHIER FORM : loadInfoToko
[ADMIN] [2/21/2017 14:33] [PENJUALAN] CASHIER FORM : loadNamaUser
[ADMIN] [2/21/2017 14:33] [PENJUALAN] CASHIER FORM : REGISTER HOTKEY
[ADMIN] [2/21/2017 14:33] [PENJUALAN] VALIDATE USER CREDIT STATUS
[ADMIN] [2/21/2017 14:33] [PENJUALAN] CASHIER FORM : UNREGISTER HOTKEY
[ADMIN] [2/21/2017 14:33] [PENJUALAN] CASHIER FORM : REGISTER HOTKEY
[ADMIN] [2/21/2017 14:33] [PENJUALAN] CASHIER FORM : UNREGISTER HOTKEY
[ADMIN] [2/21/2017 14:33] [PENJUALAN] CASHIER FORM : REGISTER HOTKEY
[ADMIN] [2/21/2017 14:33] [PENJUALAN] CASHIER FORM : UNREGISTER HOTKEY
[ADMIN] [2/21/2017 14:33] [PENJUALAN] CASHIER FORM : REGISTER HOTKEY
[ADMIN] [2/21/2017 14:34] [PENJUALAN] CASHIER FORM : REGISTER HOTKEY
[ADMIN] [2/21/2017 14:34] [PENJUALAN] CASHIER FORM : loadNoFaktur, noFakturValue [SLO001]
[ADMIN] [2/21/2017 14:34] [PENJUALAN] CASHIER FORM : ADD NEW ROW,  isActive [True]
[ADMIN] [2/21/2017 14:34] [PENJUALAN] CASHIER FORM : ADD NEW ROW,  ROW COUNT [0]
[ADMIN] [2/21/2017 14:34] [PENJUALAN] CASHIER FORM : ADD NEW ROW,  ALLOW TO ADD [True]
[ADMIN] [2/21/2017 14:34] [PENJUALAN] CASHIER FORM : UNREGISTER HOTKEY
[ADMIN] [2/21/2017 14:34] [PENJUALAN] CASHIER FORM : REGISTER HOTKEY
[ADMIN] [2/21/2017 14:34] [PENJUALAN] CASHIER FORM : UNREGISTER HOTKEY
[ADMIN] [2/21/2017 14:34] [PENJUALAN] CASHIER FORM : UNREGISTER HOTKEY
[ADMIN] [2/21/2017 14:34] [PENJUALAN] CASHIER FORM : REGISTER HOTKEY
[ADMIN] [2/21/2017 14:34] [PENJUALAN] CASHIER FORM : UNREGISTER HOTKEY
[ADMIN] [2/21/2017 14:34] [PENJUALAN] CASHIER FORM : UNREGISTER HOTKEY
[ADMIN] [2/21/2017 14:34] [] USER ID = 1LOGOUT
[ADMIN] [2/21/2017 14:36] [] USER = ADMIN IS ACTIVE
[ADMIN] [2/21/2017 14:36] [] USER ID = 1 LOGIN SUCCESSFULLY
[ADMIN] [2/21/2017 14:36] [] ACTIVATE USER ACCESS RIGHT
[ADMIN] [2/21/2017 14:36] [] DISPLAY ADMIN FORM
[ADMIN] [2/21/2017 14:36] [] adminForm Load
[ADMIN] [2/21/2017 14:36] [PENJUALAN] CASHIER FORM : REGISTER HOTKEY
[ADMIN] [2/21/2017 14:36] [PENJUALAN] CASHIER FORM : ADD NEW ROW,  isActive [True]
[ADMIN] [2/21/2017 14:36] [PENJUALAN] CASHIER FORM : ADD NEW ROW,  ROW COUNT [0]
[ADMIN] [2/21/2017 14:36] [PENJUALAN] CASHIER FORM : ADD NEW ROW,  ALLOW TO ADD [True]
[ADMIN] [2/21/2017 14:36] [PENJUALAN] CASHIER FORM : REGISTER HOTKEY
[ADMIN] [2/21/2017 14:36] [PENJUALAN] CASHIER FORM : HOTKEY TO SAVE AND PRINT OUT INVOICE PRESSED
[ADMIN] [2/21/2017 14:36] [PENJUALAN] CASHIER FORM : UNREGISTER HOTKEY
[ADMIN] [2/21/2017 14:36] [PENJUALAN] CASHIER FORM : REGISTER HOTKEY
[ADMIN] [2/21/2017 14:36] [PENJUALAN] ATTEMPT TO SAVE AND PRINT OUT INVOICE
[ADMIN] [2/21/2017 14:36] [] CHECK STOCK QTY IS ENOUGH [5]
[ADMIN] [2/21/2017 14:36] [] CHECK STOCK QTY IS ENOUGH [22, 20]
[ADMIN] [2/21/2017 14:36] [PENJUALAN] CASHIER FORM : UNREGISTER HOTKEY
[ADMIN] [2/21/2017 14:36] [PENJUALAN] CASHIER FORM : REGISTER HOTKEY
[ADMIN] [2/21/2017 14:36] [PENJUALAN] CASHIER FORM : UNREGISTER HOTKEY
[ADMIN] [2/21/2017 14:36] [PENJUALAN] CASHIER FORM : ATTEMPT TO SAVE SALES DATA [21-02-2017 14:36]
[ADMIN] [2/21/2017 14:36] [PENJUALAN] CASHIER FORM : SALES DISC FINAL [0]
[ADMIN] [2/21/2017 14:36] [PENJUALAN] CASHIER FORM : NON CASH - SALES DUE DATE [03-03-2017]
[ADMIN] [2/21/2017 14:36] [PENJUALAN] UPDATE PREVIOUS REV_NO TO VOID [SLO001-14]
[ADMIN] [2/21/2017 14:37] [PENJUALAN] CASHIER FORM : REGISTER HOTKEY
[ADMIN] [2/21/2017 14:37] [PENJUALAN] CASHIER FORM : UNREGISTER HOTKEY
[ADMIN] [2/21/2017 14:37] [PENJUALAN] EXCEPTION THROWN [Timeout expired.  The timeout period elapsed prior to completion of the operation or the server is not responding.]
[] [2/21/2017 14:39] [] USER = ADMIN IS ACTIVE
[ADMIN] [2/21/2017 14:40] [] USER ID = 1 LOGIN SUCCESSFULLY
[ADMIN] [2/21/2017 14:40] [] ACTIVATE USER ACCESS RIGHT
[ADMIN] [2/21/2017 14:40] [] DISPLAY ADMIN FORM
[ADMIN] [2/21/2017 14:40] [] adminForm Load
[ADMIN] [2/21/2017 14:40] [PENJUALAN] CASHIER FORM : MULTIPLE CASHIER INSTANCE [1]
[ADMIN] [2/21/2017 14:40] [PENJUALAN] CASHIER FORM : REGISTER HOTKEY
[ADMIN] [2/21/2017 14:40] [PENJUALAN] CASHIER FORM : cashierForm_Load, ATTEMPT TO LOAD NO FAKTUR
[ADMIN] [2/21/2017 14:40] [PENJUALAN] CASHIER FORM : loadNoFaktur, noFakturValue [SLO001]
[ADMIN] [2/21/2017 14:40] [PENJUALAN] CASHIER FORM : cashierForm_Load, ATTEMPT TO addColumnToDataGrid
[ADMIN] [2/21/2017 14:40] [PENJUALAN] CASHIER FORM : REGISTER HOTKEY
[ADMIN] [2/21/2017 14:46] [PENJUALAN] CASHIER FORM : HOTKEY TO ADD NEW ROW PRESSED
[ADMIN] [2/21/2017 14:46] [PENJUALAN] CASHIER FORM : ADD NEW ROW,  isActive [True]
[ADMIN] [2/21/2017 14:46] [PENJUALAN] CASHIER FORM : ADD NEW ROW,  ROW COUNT [0]
[ADMIN] [2/21/2017 14:46] [PENJUALAN] CASHIER FORM : ADD NEW ROW,  ALLOW TO ADD [True]
[ADMIN] [2/21/2017 14:46] [PENJUALAN] CASHIER FORM : cashierDataGridView_CellValueChanged [F8]
[ADMIN] [2/21/2017 14:46] [PENJUALAN] CASHIER FORM : cashierDataGridView_CellValueChanged [hpp]
[ADMIN] [2/21/2017 14:46] [PENJUALAN] CASHIER FORM : cashierDataGridView_CellValueChanged [productPrice]
[ADMIN] [2/21/2017 14:46] [PENJUALAN] CASHIER FORM : TextBox_TextChanged, previousInput []
[ADMIN] [2/21/2017 14:46] [PENJUALAN] CASHIER FORM : TextBox_TextChanged, dataGridViewTextBoxEditingControl.Text pass REGEX Checking
[ADMIN] [2/21/2017 14:46] [PENJUALAN] CASHIER FORM : CALCULATE SUBTOTAL
[ADMIN] [2/21/2017 14:46] [PENJUALAN] CASHIER FORM : SUBTOTAL [0]
[ADMIN] [2/21/2017 14:46] [PENJUALAN] CASHIER FORM : TextBox_TextChanged, subtotal value [0]
[ADMIN] [2/21/2017 14:46] [PENJUALAN] CASHIER FORM : TextBox_TextChanged, attempt to calculate total value
[ADMIN] [2/21/2017 14:46] [PENJUALAN] CASHIER FORM : calculateTotal
[ADMIN] [2/21/2017 14:46] [PENJUALAN] CASHIER FORM : calculateTotal [0]
[ADMIN] [2/21/2017 14:46] [PENJUALAN] CASHIER FORM : calculateTotal, totalAfterDisc [0]
[ADMIN] [2/21/2017 14:46] [PENJUALAN] CASHIER FORM : calculateChangeValue, bayarTextBox.Text [0]
[ADMIN] [2/21/2017 14:46] [PENJUALAN] CASHIER FORM : calculateChangeValue, sisaBayar [0]
[ADMIN] [2/21/2017 14:46] [PENJUALAN] CASHIER FORM : cashierDataGridView_CellValueChanged [disc1]
[ADMIN] [2/21/2017 14:46] [PENJUALAN] CASHIER FORM : TextBox_TextChanged, previousInput []
[ADMIN] [2/21/2017 14:46] [PENJUALAN] CASHIER FORM : TextBox_TextChanged, dataGridViewTextBoxEditingControl.Text pass REGEX Checking
[ADMIN] [2/21/2017 14:46] [PENJUALAN] CASHIER FORM : CALCULATE SUBTOTAL
[ADMIN] [2/21/2017 14:46] [PENJUALAN] CASHIER FORM : SUBTOTAL [0]
[ADMIN] [2/21/2017 14:46] [PENJUALAN] CASHIER FORM : TextBox_TextChanged, subtotal value [0]
[ADMIN] [2/21/2017 14:46] [PENJUALAN] CASHIER FORM : TextBox_TextChanged, attempt to calculate total value
[ADMIN] [2/21/2017 14:46] [PENJUALAN] CASHIER FORM : calculateTotal
[ADMIN] [2/21/2017 14:46] [PENJUALAN] CASHIER FORM : calculateTotal [0]
[ADMIN] [2/21/2017 14:46] [PENJUALAN] CASHIER FORM : calculateTotal, totalAfterDisc [0]
[ADMIN] [2/21/2017 14:46] [PENJUALAN] CASHIER FORM : calculateChangeValue, bayarTextBox.Text [0]
[ADMIN] [2/21/2017 14:46] [PENJUALAN] CASHIER FORM : calculateChangeValue, sisaBayar [0]
[ADMIN] [2/21/2017 14:46] [PENJUALAN] CASHIER FORM : cashierDataGridView_CellValueChanged [qty]
[ADMIN] [2/21/2017 14:46] [PENJUALAN] CASHIER FORM : TextBox_TextChanged, previousInput []
[ADMIN] [2/21/2017 14:46] [PENJUALAN] CASHIER FORM : TextBox_TextChanged, dataGridViewTextBoxEditingControl.Text pass REGEX Checking
[ADMIN] [2/21/2017 14:46] [] CHECK STOCK QTY IS ENOUGH []
[ADMIN] [2/21/2017 14:46] [PENJUALAN] CASHIER FORM : CALCULATE SUBTOTAL
[ADMIN] [2/21/2017 14:46] [PENJUALAN] CASHIER FORM : SUBTOTAL [0]
[ADMIN] [2/21/2017 14:46] [PENJUALAN] CASHIER FORM : TextBox_TextChanged, subtotal value [0]
[ADMIN] [2/21/2017 14:46] [PENJUALAN] CASHIER FORM : TextBox_TextChanged, attempt to calculate total value
[ADMIN] [2/21/2017 14:46] [PENJUALAN] CASHIER FORM : calculateTotal
[ADMIN] [2/21/2017 14:46] [PENJUALAN] CASHIER FORM : calculateTotal [0]
[ADMIN] [2/21/2017 14:46] [PENJUALAN] CASHIER FORM : calculateTotal, totalAfterDisc [0]
[ADMIN] [2/21/2017 14:46] [PENJUALAN] CASHIER FORM : calculateChangeValue, bayarTextBox.Text [0]
[ADMIN] [2/21/2017 14:46] [PENJUALAN] CASHIER FORM : calculateChangeValue, sisaBayar [0]
[ADMIN] [2/21/2017 14:46] [PENJUALAN] CASHIER FORM : cashierDataGridView_CellValueChanged [disc2]
[ADMIN] [2/21/2017 14:46] [PENJUALAN] CASHIER FORM : TextBox_TextChanged, previousInput []
[ADMIN] [2/21/2017 14:46] [PENJUALAN] CASHIER FORM : TextBox_TextChanged, dataGridViewTextBoxEditingControl.Text pass REGEX Checking
[ADMIN] [2/21/2017 14:46] [PENJUALAN] CASHIER FORM : CALCULATE SUBTOTAL
[ADMIN] [2/21/2017 14:46] [PENJUALAN] CASHIER FORM : SUBTOTAL [0]
[ADMIN] [2/21/2017 14:46] [PENJUALAN] CASHIER FORM : TextBox_TextChanged, subtotal value [0]
[ADMIN] [2/21/2017 14:46] [PENJUALAN] CASHIER FORM : TextBox_TextChanged, attempt to calculate total value
[ADMIN] [2/21/2017 14:46] [PENJUALAN] CASHIER FORM : calculateTotal
[ADMIN] [2/21/2017 14:46] [PENJUALAN] CASHIER FORM : calculateTotal [0]
[ADMIN] [2/21/2017 14:46] [PENJUALAN] CASHIER FORM : calculateTotal, totalAfterDisc [0]
[ADMIN] [2/21/2017 14:46] [PENJUALAN] CASHIER FORM : calculateChangeValue, bayarTextBox.Text [0]
[ADMIN] [2/21/2017 14:46] [PENJUALAN] CASHIER FORM : calculateChangeValue, sisaBayar [0]
[ADMIN] [2/21/2017 14:46] [PENJUALAN] CASHIER FORM : cashierDataGridView_CellValueChanged [discRP]
[ADMIN] [2/21/2017 14:46] [PENJUALAN] CASHIER FORM : TextBox_TextChanged, previousInput []
[ADMIN] [2/21/2017 14:46] [PENJUALAN] CASHIER FORM : TextBox_TextChanged, dataGridViewTextBoxEditingControl.Text pass REGEX Checking
[ADMIN] [2/21/2017 14:46] [PENJUALAN] CASHIER FORM : CALCULATE SUBTOTAL
[ADMIN] [2/21/2017 14:46] [PENJUALAN] CASHIER FORM : SUBTOTAL [0]
[ADMIN] [2/21/2017 14:46] [PENJUALAN] CASHIER FORM : TextBox_TextChanged, subtotal value [0]
[ADMIN] [2/21/2017 14:46] [PENJUALAN] CASHIER FORM : TextBox_TextChanged, attempt to calculate total value
[ADMIN] [2/21/2017 14:46] [PENJUALAN] CASHIER FORM : calculateTotal
[ADMIN] [2/21/2017 14:46] [PENJUALAN] CASHIER FORM : calculateTotal [0]
[ADMIN] [2/21/2017 14:46] [PENJUALAN] CASHIER FORM : calculateTotal, totalAfterDisc [0]
[ADMIN] [2/21/2017 14:46] [PENJUALAN] CASHIER FORM : calculateChangeValue, bayarTextBox.Text [0]
[ADMIN] [2/21/2017 14:46] [PENJUALAN] CASHIER FORM : calculateChangeValue, sisaBayar [0]
[ADMIN] [2/21/2017 14:46] [PENJUALAN] CASHIER FORM : cashierDataGridView_CellValueChanged [jumlah]
[ADMIN] [2/21/2017 14:46] [PENJUALAN] CASHIER FORM : cashierDataGridView_CellValueChanged [productName]
[ADMIN] [2/21/2017 14:46] [PENJUALAN] CASHIER FORM : UNREGISTER HOTKEY
[ADMIN] [2/21/2017 14:46] [PENJUALAN] CASHIER FORM : ADD NEW ROW FROM BARCODE [ANOTHER PRODUCT]
[ADMIN] [2/21/2017 14:46] [PENJUALAN] CASHIER FORM : cashierDataGridView_CellValueChanged [productID]
[ADMIN] [2/21/2017 14:46] [PENJUALAN] CASHIER FORM : cashierDataGridView_CellValueChanged [productName]
[ADMIN] [2/21/2017 14:46] [PENJUALAN] CASHIER FORM : PRODUCT PRICE TYPE [PRODUCT_BASE_PRICE]
[ADMIN] [2/21/2017 14:46] [PENJUALAN] CASHIER FORM : PRODUCT PRICE [10]
[ADMIN] [2/21/2017 14:46] [PENJUALAN] CASHIER FORM : ComboBox_SelectedIndexChanged, PRODUCT_BASE_PRICE [10]
[ADMIN] [2/21/2017 14:46] [PENJUALAN] CASHIER FORM : cashierDataGridView_CellValueChanged [hpp]
[ADMIN] [2/21/2017 14:46] [PENJUALAN] CASHIER FORM : PRODUCT PRICE TYPE [PRODUCT_RETAIL_PRICE]
[ADMIN] [2/21/2017 14:46] [PENJUALAN] CASHIER FORM : PRODUCT PRICE [1]
[ADMIN] [2/21/2017 14:46] [PENJUALAN] CASHIER FORM : ComboBox_SelectedIndexChanged, PRODUCT_SALES_PRICE [1]
[ADMIN] [2/21/2017 14:46] [PENJUALAN] CASHIER FORM : cashierDataGridView_CellValueChanged [productPrice]
[ADMIN] [2/21/2017 14:46] [PENJUALAN] CASHIER FORM : TextBox_TextChanged, previousInput []
[ADMIN] [2/21/2017 14:46] [PENJUALAN] CASHIER FORM : TextBox_TextChanged, dataGridViewTextBoxEditingControl.Text pass REGEX Checking
[ADMIN] [2/21/2017 14:46] [PENJUALAN] CASHIER FORM : CALCULATE SUBTOTAL
[ADMIN] [2/21/2017 14:46] [PENJUALAN] CASHIER FORM : SUBTOTAL [0]
[ADMIN] [2/21/2017 14:46] [PENJUALAN] CASHIER FORM : TextBox_TextChanged, subtotal value [0]
[ADMIN] [2/21/2017 14:46] [PENJUALAN] CASHIER FORM : TextBox_TextChanged, attempt to calculate total value
[ADMIN] [2/21/2017 14:46] [PENJUALAN] CASHIER FORM : calculateTotal
[ADMIN] [2/21/2017 14:46] [PENJUALAN] CASHIER FORM : calculateTotal [0]
[ADMIN] [2/21/2017 14:46] [PENJUALAN] CASHIER FORM : calculateTotal, totalAfterDisc [0]
[ADMIN] [2/21/2017 14:46] [PENJUALAN] CASHIER FORM : calculateChangeValue, bayarTextBox.Text [0]
[ADMIN] [2/21/2017 14:46] [PENJUALAN] CASHIER FORM : calculateChangeValue, sisaBayar [0]
[ADMIN] [2/21/2017 14:46] [PENJUALAN] CASHIER FORM : cashierDataGridView_CellValueChanged [qty]
[ADMIN] [2/21/2017 14:46] [PENJUALAN] CASHIER FORM : TextBox_TextChanged, previousInput []
[ADMIN] [2/21/2017 14:46] [PENJUALAN] CASHIER FORM : TextBox_TextChanged, dataGridViewTextBoxEditingControl.Text pass REGEX Checking
[ADMIN] [2/21/2017 14:46] [] CHECK STOCK QTY IS ENOUGH [1]
[ADMIN] [2/21/2017 14:46] [] CHECK STOCK QTY IS ENOUGH [31, 0]
[ADMIN] [2/21/2017 14:46] [PENJUALAN] CASHIER FORM : CALCULATE SUBTOTAL
[ADMIN] [2/21/2017 14:46] [PENJUALAN] CASHIER FORM : SUBTOTAL [0]
[ADMIN] [2/21/2017 14:46] [PENJUALAN] CASHIER FORM : TextBox_TextChanged, subtotal value [0]
[ADMIN] [2/21/2017 14:46] [PENJUALAN] CASHIER FORM : TextBox_TextChanged, attempt to calculate total value
[ADMIN] [2/21/2017 14:46] [PENJUALAN] CASHIER FORM : calculateTotal
[ADMIN] [2/21/2017 14:46] [PENJUALAN] CASHIER FORM : calculateTotal [0]
[ADMIN] [2/21/2017 14:46] [PENJUALAN] CASHIER FORM : calculateTotal, totalAfterDisc [0]
[ADMIN] [2/21/2017 14:46] [PENJUALAN] CASHIER FORM : calculateChangeValue, bayarTextBox.Text [0]
[ADMIN] [2/21/2017 14:46] [PENJUALAN] CASHIER FORM : calculateChangeValue, sisaBayar [0]
[ADMIN] [2/21/2017 14:46] [PENJUALAN] CASHIER FORM : cashierDataGridView_CellValueChanged [jumlah]
[ADMIN] [2/21/2017 14:46] [PENJUALAN] CASHIER FORM : ComboBox_SelectedIndexChanged, attempt to calculate total
[ADMIN] [2/21/2017 14:46] [PENJUALAN] CASHIER FORM : calculateTotal
[ADMIN] [2/21/2017 14:46] [PENJUALAN] CASHIER FORM : calculateTotal [0]
[ADMIN] [2/21/2017 14:46] [PENJUALAN] CASHIER FORM : calculateTotal, totalAfterDisc [0]
[ADMIN] [2/21/2017 14:46] [PENJUALAN] CASHIER FORM : calculateChangeValue, bayarTextBox.Text [0]
[ADMIN] [2/21/2017 14:46] [PENJUALAN] CASHIER FORM : calculateChangeValue, sisaBayar [0]
[ADMIN] [2/21/2017 14:46] [] CHECK STOCK QTY IS ENOUGH []
[ADMIN] [2/21/2017 14:46] [PENJUALAN] CASHIER FORM : cashierDataGridView_CellValueChanged [qty]
[ADMIN] [2/21/2017 14:46] [PENJUALAN] CASHIER FORM : TextBox_TextChanged, previousInput []
[ADMIN] [2/21/2017 14:46] [PENJUALAN] CASHIER FORM : TextBox_TextChanged, dataGridViewTextBoxEditingControl.Text pass REGEX Checking
[ADMIN] [2/21/2017 14:46] [] CHECK STOCK QTY IS ENOUGH [1]
[ADMIN] [2/21/2017 14:46] [] CHECK STOCK QTY IS ENOUGH [31, 1]
[ADMIN] [2/21/2017 14:46] [PENJUALAN] CASHIER FORM : CALCULATE SUBTOTAL
[ADMIN] [2/21/2017 14:46] [PENJUALAN] CASHIER FORM : SUBTOTAL [1]
[ADMIN] [2/21/2017 14:46] [PENJUALAN] CASHIER FORM : TextBox_TextChanged, subtotal value [1]
[ADMIN] [2/21/2017 14:46] [PENJUALAN] CASHIER FORM : TextBox_TextChanged, attempt to calculate total value
[ADMIN] [2/21/2017 14:46] [PENJUALAN] CASHIER FORM : calculateTotal
[ADMIN] [2/21/2017 14:46] [PENJUALAN] CASHIER FORM : calculateTotal [1]
[ADMIN] [2/21/2017 14:46] [PENJUALAN] CASHIER FORM : calculateTotal, totalAfterDisc [1]
[ADMIN] [2/21/2017 14:46] [PENJUALAN] CASHIER FORM : calculateChangeValue, bayarTextBox.Text [0]
[ADMIN] [2/21/2017 14:46] [PENJUALAN] CASHIER FORM : calculateChangeValue, sisaBayar [0]
[ADMIN] [2/21/2017 14:46] [PENJUALAN] CASHIER FORM : SET QTY TO 1 BECAUSE OF NEW ROW
[ADMIN] [2/21/2017 14:46] [PENJUALAN] CASHIER FORM : CALCULATE SUBTOTAL
[ADMIN] [2/21/2017 14:46] [PENJUALAN] CASHIER FORM : SUBTOTAL [1]
[ADMIN] [2/21/2017 14:46] [PENJUALAN] CASHIER FORM : calculateTotal
[ADMIN] [2/21/2017 14:46] [PENJUALAN] CASHIER FORM : calculateTotal [1]
[ADMIN] [2/21/2017 14:46] [PENJUALAN] CASHIER FORM : calculateTotal, totalAfterDisc [1]
[ADMIN] [2/21/2017 14:46] [PENJUALAN] CASHIER FORM : calculateChangeValue, bayarTextBox.Text [0]
[ADMIN] [2/21/2017 14:46] [PENJUALAN] CASHIER FORM : calculateChangeValue, sisaBayar [0]
[ADMIN] [2/21/2017 14:46] [PENJUALAN] CASHIER FORM : REGISTER HOTKEY
[ADMIN] [2/21/2017 14:46] [PENJUALAN] CASHIER FORM : cashierDataGridView_CellValueChanged [qty]
[ADMIN] [2/21/2017 14:46] [PENJUALAN] CASHIER FORM : TextBox_TextChanged, previousInput []
[ADMIN] [2/21/2017 14:46] [PENJUALAN] CASHIER FORM : TextBox_TextChanged, dataGridViewTextBoxEditingControl.Text pass REGEX Checking
[ADMIN] [2/21/2017 14:46] [] CHECK STOCK QTY IS ENOUGH [1]
[ADMIN] [2/21/2017 14:46] [] CHECK STOCK QTY IS ENOUGH [31, 2]
[ADMIN] [2/21/2017 14:46] [PENJUALAN] CASHIER FORM : CALCULATE SUBTOTAL
[ADMIN] [2/21/2017 14:46] [PENJUALAN] CASHIER FORM : SUBTOTAL [2]
[ADMIN] [2/21/2017 14:46] [PENJUALAN] CASHIER FORM : TextBox_TextChanged, subtotal value [2]
[ADMIN] [2/21/2017 14:46] [PENJUALAN] CASHIER FORM : TextBox_TextChanged, attempt to calculate total value
[ADMIN] [2/21/2017 14:46] [PENJUALAN] CASHIER FORM : calculateTotal
[ADMIN] [2/21/2017 14:46] [PENJUALAN] CASHIER FORM : calculateTotal [2]
[ADMIN] [2/21/2017 14:46] [PENJUALAN] CASHIER FORM : calculateTotal, totalAfterDisc [2]
[ADMIN] [2/21/2017 14:46] [PENJUALAN] CASHIER FORM : calculateChangeValue, bayarTextBox.Text [0]
[ADMIN] [2/21/2017 14:46] [PENJUALAN] CASHIER FORM : calculateChangeValue, sisaBayar [0]
[ADMIN] [2/21/2017 14:46] [PENJUALAN] CASHIER FORM : cashierDataGridView_CellValueChanged [qty]
[ADMIN] [2/21/2017 14:46] [PENJUALAN] CASHIER FORM : TextBox_TextChanged, previousInput []
[ADMIN] [2/21/2017 14:46] [PENJUALAN] CASHIER FORM : TextBox_TextChanged, dataGridViewTextBoxEditingControl.Text pass REGEX Checking
[ADMIN] [2/21/2017 14:46] [] CHECK STOCK QTY IS ENOUGH [1]
[ADMIN] [2/21/2017 14:46] [] CHECK STOCK QTY IS ENOUGH [31, 20]
[ADMIN] [2/21/2017 14:46] [PENJUALAN] CASHIER FORM : CALCULATE SUBTOTAL
[ADMIN] [2/21/2017 14:46] [PENJUALAN] CASHIER FORM : SUBTOTAL [20]
[ADMIN] [2/21/2017 14:46] [PENJUALAN] CASHIER FORM : TextBox_TextChanged, subtotal value [20]
[ADMIN] [2/21/2017 14:46] [PENJUALAN] CASHIER FORM : TextBox_TextChanged, attempt to calculate total value
[ADMIN] [2/21/2017 14:46] [PENJUALAN] CASHIER FORM : calculateTotal
[ADMIN] [2/21/2017 14:46] [PENJUALAN] CASHIER FORM : calculateTotal [20]
[ADMIN] [2/21/2017 14:46] [PENJUALAN] CASHIER FORM : calculateTotal, totalAfterDisc [20]
[ADMIN] [2/21/2017 14:46] [PENJUALAN] CASHIER FORM : calculateChangeValue, bayarTextBox.Text [0]
[ADMIN] [2/21/2017 14:46] [PENJUALAN] CASHIER FORM : calculateChangeValue, sisaBayar [0]
[ADMIN] [2/21/2017 14:46] [PENJUALAN] CASHIER FORM : HOTKEY TO SAVE AND PRINT OUT INVOICE PRESSED
[ADMIN] [2/21/2017 14:46] [PENJUALAN] CASHIER FORM : UNREGISTER HOTKEY
[ADMIN] [2/21/2017 14:46] [PENJUALAN] CASHIER FORM : REGISTER HOTKEY
[ADMIN] [2/21/2017 14:46] [PENJUALAN] CASHIER FORM : UNREGISTER HOTKEY
[ADMIN] [2/21/2017 14:46] [PENJUALAN] CASHIER FORM : REGISTER HOTKEY
[ADMIN] [2/21/2017 14:46] [PENJUALAN] ATTEMPT TO SAVE AND PRINT OUT INVOICE
[ADMIN] [2/21/2017 14:46] [] CHECK STOCK QTY IS ENOUGH [1]
[ADMIN] [2/21/2017 14:46] [] CHECK STOCK QTY IS ENOUGH [31, 20]
[ADMIN] [2/21/2017 14:46] [PENJUALAN] CASHIER FORM : UNREGISTER HOTKEY
[ADMIN] [2/21/2017 14:46] [PENJUALAN] CASHIER FORM : REGISTER HOTKEY
[ADMIN] [2/21/2017 14:46] [PENJUALAN] CASHIER FORM : UNREGISTER HOTKEY
[ADMIN] [2/21/2017 14:46] [PENJUALAN] CASHIER FORM : ATTEMPT TO SAVE SALES DATA [21-02-2017 14:46]
[ADMIN] [2/21/2017 14:46] [PENJUALAN] CASHIER FORM : SALES DISC FINAL [0]
[ADMIN] [2/21/2017 14:46] [PENJUALAN] CASHIER FORM : NON CASH - SALES DUE DATE [03-03-2017]
[ADMIN] [2/21/2017 14:46] [PENJUALAN] CHECK IF TAX LIMIT SET FOR PERCENTAGE PURCHASE [0]
[ADMIN] [2/21/2017 14:46] [PENJUALAN] CHECK IF TAX LIMIT SET FOR AVERAGE DAILY PURCHASE [0]
[ADMIN] [2/21/2017 14:46] [PENJUALAN] CASHIER FORM : NO FAKTUR [SLO001]
[ADMIN] [2/21/2017 14:46] [PENJUALAN] CASHIER FORM : MAX SALES INVOICE [14]
[ADMIN] [2/21/2017 14:46] [PENJUALAN] CASHIER FORM : SALES INVOICE [SLO001-15]
[ADMIN] [2/21/2017 14:46] [PENJUALAN] INSERT INTO SALES HEADER [SLO001-15]
[ADMIN] [2/21/2017 14:46] [PENJUALAN] INSERT INTO SALES DETAIL[1, 1, 20]
[ADMIN] [2/21/2017 14:46] [PENJUALAN] INSERT TO CREDIT TABLE [SLO001-15]
[ADMIN] [2/21/2017 14:46] [PENJUALAN] INSERT TO DAILY JOURNAL TABLE [20]
[ADMIN] [2/21/2017 14:46] [PENJUALAN] CASHIER FORM : REGISTER HOTKEY
[ADMIN] [2/21/2017 14:46] [PENJUALAN] TRANSACTION SAVED
[ADMIN] [2/21/2017 14:46] [PENJUALAN] PRINT OUT INVOICE
[ADMIN] [2/21/2017 14:46] [PENJUALAN] CASHIER FORM : PrintReceipt
[ADMIN] [2/21/2017 14:46] [PENJUALAN] CASHIER FORM : PrintReceipt, POS size Paper
[ADMIN] [2/21/2017 14:46] [PENJUALAN] CASHIER FORM : loadInfoToko
[ADMIN] [2/21/2017 14:46] [PENJUALAN] CASHIER FORM : calculatePageLength, totalLengthPage [369]
[ADMIN] [2/21/2017 14:46] [PENJUALAN] CASHIER FORM : UNREGISTER HOTKEY
[ADMIN] [2/21/2017 14:46] [PENJUALAN] CASHIER FORM : printDocument1_PrintPage, print POS size receipt
[ADMIN] [2/21/2017 14:46] [PENJUALAN] CASHIER FORM : loadInfoToko
[ADMIN] [2/21/2017 14:46] [PENJUALAN] CASHIER FORM : loadNamaUser
[ADMIN] [2/21/2017 14:46] [PENJUALAN] CASHIER FORM : REGISTER HOTKEY
[ADMIN] [2/21/2017 14:46] [PENJUALAN] VALIDATE USER CREDIT STATUS
[ADMIN] [2/21/2017 14:46] [PENJUALAN] CASHIER FORM : UNREGISTER HOTKEY
[ADMIN] [2/21/2017 14:46] [PENJUALAN] CASHIER FORM : REGISTER HOTKEY
[ADMIN] [2/21/2017 14:46] [PENJUALAN] CASHIER FORM : UNREGISTER HOTKEY
[ADMIN] [2/21/2017 14:46] [PENJUALAN] CASHIER FORM : REGISTER HOTKEY
[ADMIN] [2/21/2017 14:48] [PENJUALAN] CASHIER FORM : DISPLAY TEKNISI FORM
[ADMIN] [2/21/2017 14:48] [PENJUALAN] CASHIER FORM : UNREGISTER HOTKEY
[ADMIN] [2/21/2017 14:48] [PENJUALAN] CASHIER FORM : REGISTER HOTKEY
[ADMIN] [2/21/2017 14:48] [PENJUALAN] CASHIER FORM : UNREGISTER HOTKEY
[ADMIN] [2/21/2017 14:48] [PENJUALAN] CASHIER FORM : REGISTER HOTKEY
[ADMIN] [2/21/2017 14:48] [PENJUALAN] CASHIER FORM : UNREGISTER HOTKEY
[ADMIN] [2/21/2017 14:48] [PENJUALAN] CASHIER FORM : REGISTER HOTKEY
[ADMIN] [2/21/2017 14:48] [PENJUALAN] CASHIER FORM : UNREGISTER HOTKEY
[ADMIN] [2/21/2017 14:48] [PENJUALAN] CASHIER FORM : REGISTER HOTKEY
[ADMIN] [2/21/2017 14:48] [PENJUALAN] CASHIER FORM : UNREGISTER HOTKEY
[ADMIN] [2/21/2017 14:48] [PENJUALAN] CASHIER FORM : REGISTER HOTKEY
[ADMIN] [2/21/2017 14:48] [PENJUALAN] CASHIER FORM : UNREGISTER HOTKEY
[ADMIN] [2/21/2017 14:48] [PENJUALAN] CASHIER FORM : REGISTER HOTKEY
[ADMIN] [2/21/2017 14:48] [PENJUALAN] CASHIER FORM : REGISTER HOTKEY
[ADMIN] [2/21/2017 14:48] [PENJUALAN] CASHIER FORM : loadNoFaktur, noFakturValue [SLO001]
[ADMIN] [2/21/2017 14:49] [PENJUALAN] CASHIER FORM : ADD NEW ROW,  isActive [True]
[ADMIN] [2/21/2017 14:49] [PENJUALAN] CASHIER FORM : ADD NEW ROW,  ROW COUNT [0]
[ADMIN] [2/21/2017 14:49] [PENJUALAN] CASHIER FORM : ADD NEW ROW,  ALLOW TO ADD [True]
[ADMIN] [2/21/2017 14:49] [PENJUALAN] CASHIER FORM : UNREGISTER HOTKEY
[ADMIN] [2/21/2017 14:49] [PENJUALAN] CASHIER FORM : REGISTER HOTKEY
[ADMIN] [2/21/2017 15:00] [PENJUALAN] CASHIER FORM : UNREGISTER HOTKEY
[ADMIN] [2/21/2017 15:00] [PENJUALAN] CASHIER FORM : UNREGISTER HOTKEY
[ADMIN] [2/21/2017 15:00] [PENJUALAN] CASHIER FORM : REGISTER HOTKEY
[ADMIN] [2/21/2017 15:00] [PENJUALAN] CASHIER FORM : UNREGISTER HOTKEY
[ADMIN] [2/21/2017 15:00] [PENJUALAN] CASHIER FORM : UNREGISTER HOTKEY
[ADMIN] [2/21/2017 15:00] [PENJUALAN] CASHIER FORM : REGISTER HOTKEY
[ADMIN] [2/21/2017 15:00] [PENJUALAN] CASHIER FORM : ADD NEW ROW,  isActive [True]
[ADMIN] [2/21/2017 15:00] [PENJUALAN] CASHIER FORM : ADD NEW ROW,  ROW COUNT [0]
[ADMIN] [2/21/2017 15:00] [PENJUALAN] CASHIER FORM : ADD NEW ROW,  ALLOW TO ADD [True]
[ADMIN] [2/21/2017 15:00] [PENJUALAN] CASHIER FORM : REGISTER HOTKEY
[ADMIN] [2/21/2017 15:00] [PENJUALAN] CASHIER FORM : HOTKEY TO SAVE AND PRINT OUT INVOICE PRESSED
[ADMIN] [2/21/2017 15:00] [PENJUALAN] CASHIER FORM : UNREGISTER HOTKEY
[ADMIN] [2/21/2017 15:00] [PENJUALAN] CASHIER FORM : REGISTER HOTKEY
[ADMIN] [2/21/2017 15:00] [PENJUALAN] CASHIER FORM : UNREGISTER HOTKEY
[ADMIN] [2/21/2017 15:00] [PENJUALAN] CASHIER FORM : REGISTER HOTKEY
[ADMIN] [2/21/2017 15:01] [PENJUALAN] ATTEMPT TO SAVE AND PRINT OUT INVOICE
[ADMIN] [2/21/2017 15:01] [] CHECK STOCK QTY IS ENOUGH [5]
[ADMIN] [2/21/2017 15:01] [] CHECK STOCK QTY IS ENOUGH [22, 20]
[ADMIN] [2/21/2017 15:01] [PENJUALAN] CASHIER FORM : UNREGISTER HOTKEY
[ADMIN] [2/21/2017 15:01] [PENJUALAN] CASHIER FORM : REGISTER HOTKEY
[ADMIN] [2/21/2017 15:01] [PENJUALAN] CASHIER FORM : UNREGISTER HOTKEY
[ADMIN] [2/21/2017 15:01] [PENJUALAN] CASHIER FORM : REGISTER HOTKEY
[ADMIN] [2/21/2017 15:01] [PENJUALAN] CASHIER FORM : UNREGISTER HOTKEY
[ADMIN] [2/21/2017 15:01] [PENJUALAN] CASHIER FORM : ATTEMPT TO SAVE SALES DATA [21-02-2017 15:01]
[ADMIN] [2/21/2017 15:01] [PENJUALAN] CASHIER FORM : SALES DISC FINAL [0]
[ADMIN] [2/21/2017 15:01] [PENJUALAN] CASHIER FORM : NON CASH - SALES DUE DATE [03-03-2017]
[ADMIN] [2/21/2017 15:01] [PENJUALAN] UPDATE PREVIOUS REV_NO TO VOID [SLO001-14]
[ADMIN] [2/21/2017 15:01] [PENJUALAN] INSERT INTO SALES HEADER [SLO001-14]
[ADMIN] [2/21/2017 15:02] [PENJUALAN] INSERT INTO SALES DETAIL[5, 10, 20]
[ADMIN] [2/21/2017 15:02] [PENJUALAN] INSERT TO CREDIT TABLE [SLO001-14]
[ADMIN] [2/21/2017 15:02] [PENJUALAN] INSERT TO DAILY JOURNAL TABLE [200]
[ADMIN] [2/21/2017 15:03] [PENJUALAN] CASHIER FORM : REGISTER HOTKEY
[ADMIN] [2/21/2017 15:03] [PENJUALAN] TRANSACTION SAVED
[ADMIN] [2/21/2017 15:03] [PENJUALAN] PRINT OUT INVOICE
[ADMIN] [2/21/2017 15:03] [PENJUALAN] CASHIER FORM : PrintReceipt
[ADMIN] [2/21/2017 15:03] [PENJUALAN] CASHIER FORM : PrintReceipt, POS size Paper
[ADMIN] [2/21/2017 15:03] [PENJUALAN] CASHIER FORM : UNREGISTER HOTKEY
[ADMIN] [2/21/2017 15:03] [PENJUALAN] CASHIER FORM : loadInfoToko
[ADMIN] [2/21/2017 15:03] [PENJUALAN] CASHIER FORM : calculatePageLength, totalLengthPage [411]
[ADMIN] [2/21/2017 15:03] [PENJUALAN] CASHIER FORM : printDocument1_PrintPage, print POS size receipt
[ADMIN] [2/21/2017 15:03] [PENJUALAN] CASHIER FORM : loadInfoToko
[ADMIN] [2/21/2017 15:03] [PENJUALAN] CASHIER FORM : loadNamaUser
[ADMIN] [2/21/2017 15:03] [PENJUALAN] CASHIER FORM : REGISTER HOTKEY
[ADMIN] [2/21/2017 15:04] [PENJUALAN] CASHIER FORM : UNREGISTER HOTKEY
