[] [2/18/2017 23:47] [] USER = ADMIN IS ACTIVE
[ADMIN] [2/18/2017 23:47] [] USER ID = 1 LOGIN SUCCESSFULLY
[ADMIN] [2/18/2017 23:47] [] ACTIVATE USER ACCESS RIGHT
[ADMIN] [2/18/2017 23:47] [] DISPLAY ADMIN FORM
[ADMIN] [2/18/2017 23:47] [] adminForm Load
[] [2/18/2017 23:52] [] USER = ADMIN IS ACTIVE
[ADMIN] [2/18/2017 23:52] [] USER ID = 1 LOGIN SUCCESSFULLY
[ADMIN] [2/18/2017 23:52] [] ACTIVATE USER ACCESS RIGHT
[ADMIN] [2/18/2017 23:52] [] DISPLAY ADMIN FORM
[ADMIN] [2/18/2017 23:52] [] adminForm Load
[] [2/18/2017 23:55] [] USER = ADMIN IS ACTIVE
[ADMIN] [2/18/2017 23:55] [] USER ID = 1 LOGIN SUCCESSFULLY
[ADMIN] [2/18/2017 23:55] [] ACTIVATE USER ACCESS RIGHT
[ADMIN] [2/18/2017 23:55] [] DISPLAY ADMIN FORM
[ADMIN] [2/18/2017 23:55] [] adminForm Load
[ADMIN] [2/18/2017 23:55] [PENJUALAN] CASHIER FORM : REGISTER HOTKEY
[ADMIN] [2/18/2017 23:55] [PENJUALAN] CASHIER FORM : discJualMaskedTextBox_Validating, totalAfterDisc [180]
[ADMIN] [2/18/2017 23:55] [PENJUALAN] CASHIER FORM : calculateChangeValue, bayarTextBox.Text [150]
[ADMIN] [2/18/2017 23:55] [PENJUALAN] CASHIER FORM : calculateChangeValue, sisaBayar [20]
[ADMIN] [2/18/2017 23:55] [PENJUALAN] CASHIER FORM : ADD NEW ROW,  isActive [True]
[ADMIN] [2/18/2017 23:55] [PENJUALAN] CASHIER FORM : ADD NEW ROW,  ROW COUNT [0]
[ADMIN] [2/18/2017 23:55] [PENJUALAN] CASHIER FORM : ADD NEW ROW,  ALLOW TO ADD [True]
[ADMIN] [2/18/2017 23:55] [PENJUALAN] CASHIER FORM : REGISTER HOTKEY
[ADMIN] [2/18/2017 23:55] [PENJUALAN] CASHIER FORM : UNREGISTER HOTKEY
[ADMIN] [2/18/2017 23:55] [PENJUALAN] CASHIER FORM : REGISTER HOTKEY
[ADMIN] [2/18/2017 23:55] [PENJUALAN] CASHIER FORM : UNREGISTER HOTKEY
[ADMIN] [2/18/2017 23:56] [PENJUALAN] CASHIER FORM : REGISTER HOTKEY
[ADMIN] [2/18/2017 23:56] [PENJUALAN] CASHIER FORM : discJualMaskedTextBox_Validating, totalAfterDisc [110]
[ADMIN] [2/18/2017 23:56] [PENJUALAN] CASHIER FORM : discJualMaskedTextBox_Validating, totalAfterDisc [90]
[ADMIN] [2/18/2017 23:56] [PENJUALAN] CASHIER FORM : discJualMaskedTextBox_Validating, totalAfterDisc [90]
[ADMIN] [2/18/2017 23:56] [PENJUALAN] CASHIER FORM : calculateChangeValue, bayarTextBox.Text [15]
[ADMIN] [2/18/2017 23:56] [PENJUALAN] CASHIER FORM : calculateChangeValue, sisaBayar [0]
[ADMIN] [2/18/2017 23:56] [PENJUALAN] CASHIER FORM : calculateChangeValue, bayarTextBox.Text [150]
[ADMIN] [2/18/2017 23:56] [PENJUALAN] CASHIER FORM : calculateChangeValue, sisaBayar [60]
[ADMIN] [2/18/2017 23:57] [PENJUALAN] CASHIER FORM : discJualMaskedTextBox_Validating, totalAfterDisc [90]
[ADMIN] [2/18/2017 23:57] [PENJUALAN] CASHIER FORM : HOTKEY TO SAVE AND PRINT OUT INVOICE PRESSED
[ADMIN] [2/18/2017 23:57] [PENJUALAN] CASHIER FORM : UNREGISTER HOTKEY
[ADMIN] [2/18/2017 23:57] [PENJUALAN] CASHIER FORM : REGISTER HOTKEY
[ADMIN] [2/18/2017 23:57] [PENJUALAN] ATTEMPT TO SAVE AND PRINT OUT INVOICE
[ADMIN] [2/18/2017 23:57] [] CHECK STOCK QTY IS ENOUGH [6]
[ADMIN] [2/18/2017 23:57] [] CHECK STOCK QTY IS ENOUGH [45, 20]
[ADMIN] [2/18/2017 23:57] [PENJUALAN] CASHIER FORM : UNREGISTER HOTKEY
[ADMIN] [2/18/2017 23:57] [PENJUALAN] CASHIER FORM : REGISTER HOTKEY
[ADMIN] [2/18/2017 23:57] [PENJUALAN] CASHIER FORM : UNREGISTER HOTKEY
[ADMIN] [2/18/2017 23:57] [PENJUALAN] CASHIER FORM : ATTEMPT TO SAVE SALES DATA [18-02-2017 23:57]
[ADMIN] [2/18/2017 23:57] [PENJUALAN] CASHIER FORM : SALES DISC FINAL [70]
[ADMIN] [2/18/2017 23:57] [PENJUALAN] CASHIER FORM : CASH SALES
[ADMIN] [2/18/2017 23:57] [PENJUALAN] UPDATE PREVIOUS REV_NO TO VOID [SLO001-12]
[ADMIN] [2/18/2017 23:57] [PENJUALAN] INSERT INTO SALES HEADER [SLO001-12]
[ADMIN] [2/18/2017 23:57] [PENJUALAN] INSERT INTO SALES DETAIL[6, 10, 20]
[ADMIN] [2/18/2017 23:57] [PENJUALAN] INSERT TO CREDIT TABLE [SLO001-12]
[ADMIN] [2/18/2017 23:57] [PENJUALAN] INSERT TO DAILY JOURNAL TABLE [200]
[ADMIN] [2/18/2017 23:57] [PENJUALAN] CASHIER FORM : REGISTER HOTKEY
[ADMIN] [2/18/2017 23:57] [PENJUALAN] TRANSACTION SAVED
[ADMIN] [2/18/2017 23:57] [PENJUALAN] PRINT OUT INVOICE
[ADMIN] [2/18/2017 23:57] [PENJUALAN] CASHIER FORM : PrintReceipt
[ADMIN] [2/18/2017 23:57] [PENJUALAN] CASHIER FORM : PrintReceipt, POS size Paper
[ADMIN] [2/18/2017 23:57] [PENJUALAN] CASHIER FORM : loadInfoToko
[ADMIN] [2/18/2017 23:57] [PENJUALAN] CASHIER FORM : calculatePageLength, totalLengthPage [411]
[ADMIN] [2/18/2017 23:57] [PENJUALAN] CASHIER FORM : UNREGISTER HOTKEY
[ADMIN] [2/18/2017 23:57] [PENJUALAN] CASHIER FORM : printDocument1_PrintPage, print POS size receipt
[ADMIN] [2/18/2017 23:57] [PENJUALAN] CASHIER FORM : loadInfoToko
[ADMIN] [2/18/2017 23:57] [PENJUALAN] CASHIER FORM : loadNamaUser
[ADMIN] [2/18/2017 23:57] [PENJUALAN] CASHIER FORM : REGISTER HOTKEY
[ADMIN] [2/18/2017 23:57] [PENJUALAN] VALIDATE USER CREDIT STATUS
[ADMIN] [2/18/2017 23:57] [PENJUALAN] CASHIER FORM : UNREGISTER HOTKEY
[ADMIN] [2/18/2017 23:57] [PENJUALAN] CASHIER FORM : REGISTER HOTKEY
[ADMIN] [2/18/2017 23:57] [PENJUALAN] CASHIER FORM : UNREGISTER HOTKEY
[ADMIN] [2/18/2017 23:57] [PENJUALAN] CASHIER FORM : UNREGISTER HOTKEY
[ADMIN] [2/18/2017 23:57] [PENJUALAN] CASHIER FORM : REGISTER HOTKEY
[ADMIN] [2/18/2017 23:57] [PENJUALAN] CASHIER FORM : discJualMaskedTextBox_Validating, totalAfterDisc [160]
[ADMIN] [2/18/2017 23:57] [PENJUALAN] CASHIER FORM : calculateChangeValue, bayarTextBox.Text [150]
[ADMIN] [2/18/2017 23:57] [PENJUALAN] CASHIER FORM : calculateChangeValue, sisaBayar [60]
[ADMIN] [2/18/2017 23:57] [PENJUALAN] CASHIER FORM : ADD NEW ROW,  isActive [True]
[ADMIN] [2/18/2017 23:57] [PENJUALAN] CASHIER FORM : ADD NEW ROW,  ROW COUNT [0]
[ADMIN] [2/18/2017 23:57] [PENJUALAN] CASHIER FORM : ADD NEW ROW,  ALLOW TO ADD [True]
[ADMIN] [2/18/2017 23:57] [PENJUALAN] CASHIER FORM : REGISTER HOTKEY
[ADMIN] [2/18/2017 23:57] [PENJUALAN] CASHIER FORM : UNREGISTER HOTKEY
[ADMIN] [2/18/2017 23:57] [PENJUALAN] CASHIER FORM : UNREGISTER HOTKEY
[ADMIN] [2/18/2017 23:57] [] USER ID = 1LOGOUT
