[] [10/26/2016 12:19] [] USER = ADMIN IS ACTIVE
[ADMIN] [10/26/2016 12:19] [] USER ID = 1 LOGIN SUCCESSFULLY
[ADMIN] [10/26/2016 12:19] [] ACTIVATE USER ACCESS RIGHT
[ADMIN] [10/26/2016 12:19] [] DISPLAY ADMIN FORM
[ADMIN] [10/26/2016 12:19] [] adminForm Load
[] [10/26/2016 12:27] [] USER = ADMIN IS ACTIVE
[ADMIN] [10/26/2016 12:27] [] USER ID = 1 LOGIN SUCCESSFULLY
[ADMIN] [10/26/2016 12:27] [] ACTIVATE USER ACCESS RIGHT
[ADMIN] [10/26/2016 12:27] [] DISPLAY ADMIN FORM
[ADMIN] [10/26/2016 12:27] [] adminForm Load
[] [10/26/2016 12:29] [] USER = ADMIN IS ACTIVE
[ADMIN] [10/26/2016 12:29] [] USER ID = 1 LOGIN SUCCESSFULLY
[ADMIN] [10/26/2016 12:29] [] ACTIVATE USER ACCESS RIGHT
[ADMIN] [10/26/2016 12:29] [] DISPLAY ADMIN FORM
[ADMIN] [10/26/2016 12:29] [] adminForm Load
[] [10/26/2016 12:30] [] USER = ADMIN IS ACTIVE
[ADMIN] [10/26/2016 12:30] [] USER ID = 1 LOGIN SUCCESSFULLY
[ADMIN] [10/26/2016 12:30] [] ACTIVATE USER ACCESS RIGHT
[ADMIN] [10/26/2016 12:31] [] DISPLAY ADMIN FORM
[ADMIN] [10/26/2016 12:31] [] adminForm Load
[] [10/26/2016 12:31] [] USER = ADMIN IS ACTIVE
[ADMIN] [10/26/2016 12:31] [] USER ID = 1 LOGIN SUCCESSFULLY
[ADMIN] [10/26/2016 12:31] [] ACTIVATE USER ACCESS RIGHT
[ADMIN] [10/26/2016 12:31] [] DISPLAY ADMIN FORM
[ADMIN] [10/26/2016 12:31] [] adminForm Load
[] [10/26/2016 12:39] [] USER = ADMIN IS ACTIVE
[ADMIN] [10/26/2016 12:39] [] USER ID = 1 LOGIN SUCCESSFULLY
[ADMIN] [10/26/2016 12:39] [] ACTIVATE USER ACCESS RIGHT
[ADMIN] [10/26/2016 12:39] [] DISPLAY ADMIN FORM
[ADMIN] [10/26/2016 12:39] [] adminForm Load
[] [10/26/2016 12:41] [] USER = ADMIN IS ACTIVE
[ADMIN] [10/26/2016 12:41] [] USER ID = 1 LOGIN SUCCESSFULLY
[ADMIN] [10/26/2016 12:41] [] ACTIVATE USER ACCESS RIGHT
[ADMIN] [10/26/2016 12:41] [] DISPLAY ADMIN FORM
[ADMIN] [10/26/2016 12:41] [] adminForm Load
[ADMIN] [10/26/2016 12:41] [PENJUALAN] [REMINDER SMS] REGISTER HOTKEY
[ADMIN] [10/26/2016 12:41] [PENJUALAN] [REMINDER SMS] REGISTER HOTKEY
[ADMIN] [10/26/2016 12:41] [PENJUALAN] [REMINDER SMS] UNREGISTER HOTKEY
[ADMIN] [10/26/2016 12:41] [PENJUALAN] [REMINDER SMS] REGISTER HOTKEY
[ADMIN] [10/26/2016 12:41] [PENJUALAN] [REMINDER SMS] UNREGISTER HOTKEY
[ADMIN] [10/26/2016 12:41] [PENJUALAN] [REMINDER SMS] REGISTER HOTKEY
[ADMIN] [10/26/2016 12:41] [PENJUALAN] [REMINDER SMS] UNREGISTER HOTKEY
[ADMIN] [10/26/2016 12:41] [PENJUALAN] [REMINDER SMS] REGISTER HOTKEY
[ADMIN] [10/26/2016 12:41] [PENJUALAN] [REMINDER SMS] UNREGISTER HOTKEY
[ADMIN] [10/26/2016 12:41] [PENJUALAN] [REMINDER SMS] REGISTER HOTKEY
[ADMIN] [10/26/2016 12:41] [PENJUALAN] [REMINDER SMS] UNREGISTER HOTKEY
[ADMIN] [10/26/2016 12:42] [PENJUALAN] [REMINDER SMS] REGISTER HOTKEY
[ADMIN] [10/26/2016 12:42] [PENJUALAN] [REMINDER SMS] UNREGISTER HOTKEY
[] [10/26/2016 12:43] [] USER = ADMIN IS ACTIVE
[ADMIN] [10/26/2016 12:43] [] USER ID = 1 LOGIN SUCCESSFULLY
[ADMIN] [10/26/2016 12:43] [] ACTIVATE USER ACCESS RIGHT
[ADMIN] [10/26/2016 12:43] [] DISPLAY ADMIN FORM
[ADMIN] [10/26/2016 12:43] [] adminForm Load
[ADMIN] [10/26/2016 12:44] [PENJUALAN] [REMINDER SMS] REGISTER HOTKEY
[ADMIN] [10/26/2016 12:44] [PENJUALAN] [REMINDER SMS] REGISTER HOTKEY
[ADMIN] [10/26/2016 12:44] [PENJUALAN] [REMINDER SMS] UNREGISTER HOTKEY
[ADMIN] [10/26/2016 12:44] [PENJUALAN] [REMINDER SMS] REGISTER HOTKEY
[ADMIN] [10/26/2016 12:44] [PENJUALAN] [REMINDER SMS] UNREGISTER HOTKEY
[ADMIN] [10/26/2016 12:44] [PENJUALAN] [REMINDER SMS] REGISTER HOTKEY
[ADMIN] [10/26/2016 12:44] [PENJUALAN] [REMINDER SMS] UNREGISTER HOTKEY
[ADMIN] [10/26/2016 12:44] [PENJUALAN] [REMINDER SMS] REGISTER HOTKEY
[ADMIN] [10/26/2016 12:44] [PENJUALAN] [REMINDER SMS] UNREGISTER HOTKEY
[ADMIN] [10/26/2016 12:44] [PENJUALAN] [REMINDER SMS] REGISTER HOTKEY
[ADMIN] [10/26/2016 12:44] [PENJUALAN] [REMINDER SMS] UNREGISTER HOTKEY
[ADMIN] [10/26/2016 12:44] [PENJUALAN] [REMINDER SMS] UNREGISTER HOTKEY
[] [10/26/2016 21:43] [] USER = ADMIN IS ACTIVE
[ADMIN] [10/26/2016 21:43] [] USER ID = 1 LOGIN SUCCESSFULLY
[ADMIN] [10/26/2016 21:43] [] ACTIVATE USER ACCESS RIGHT
[ADMIN] [10/26/2016 21:43] [] DISPLAY ADMIN FORM
[ADMIN] [10/26/2016 21:43] [] adminForm Load
[] [10/26/2016 21:45] [] USER = ADMIN IS ACTIVE
[ADMIN] [10/26/2016 21:45] [] USER ID = 1 LOGIN SUCCESSFULLY
[ADMIN] [10/26/2016 21:45] [] ACTIVATE USER ACCESS RIGHT
[ADMIN] [10/26/2016 21:45] [] DISPLAY ADMIN FORM
[ADMIN] [10/26/2016 21:45] [] adminForm Load
[] [10/26/2016 21:47] [] USER = ADMIN IS ACTIVE
[ADMIN] [10/26/2016 21:47] [] USER ID = 1 LOGIN SUCCESSFULLY
[ADMIN] [10/26/2016 21:47] [] ACTIVATE USER ACCESS RIGHT
[ADMIN] [10/26/2016 21:47] [] DISPLAY ADMIN FORM
[ADMIN] [10/26/2016 21:47] [] adminForm Load
[ADMIN] [10/26/2016 21:48] [PENJUALAN] [REMINDER SMS] REGISTER HOTKEY
[ADMIN] [10/26/2016 21:48] [PENJUALAN] [REMINDER SMS] REGISTER HOTKEY
[ADMIN] [10/26/2016 21:48] [PENJUALAN] [REMINDER SMS] UNREGISTER HOTKEY
[ADMIN] [10/26/2016 21:48] [PENJUALAN] [REMINDER SMS] REGISTER HOTKEY
[ADMIN] [10/26/2016 21:48] [PENJUALAN] [REMINDER SMS] DISPLAY PELANGGAN FORM
[ADMIN] [10/26/2016 21:48] [PENJUALAN] [REMINDER SMS] UNREGISTER HOTKEY
[ADMIN] [10/26/2016 21:48] [PENJUALAN] [REMINDER SMS] REGISTER HOTKEY
[ADMIN] [10/26/2016 21:48] [PENJUALAN] [REMINDER SMS] UNREGISTER HOTKEY
[ADMIN] [10/26/2016 21:48] [PENJUALAN] [REMINDER SMS] REGISTER HOTKEY
[ADMIN] [10/26/2016 21:48] [PENJUALAN] [REMINDER SMS] UNREGISTER HOTKEY
[ADMIN] [10/26/2016 21:48] [PENJUALAN] [REMINDER SMS] REGISTER HOTKEY
[ADMIN] [10/26/2016 21:48] [PENJUALAN] [REMINDER SMS] UNREGISTER HOTKEY
[ADMIN] [10/26/2016 21:48] [PENJUALAN] [REMINDER SMS] UNREGISTER HOTKEY
[] [10/26/2016 23:43] [] USER = ADMIN IS ACTIVE
[ADMIN] [10/26/2016 23:43] [] USER ID = 1 LOGIN SUCCESSFULLY
[ADMIN] [10/26/2016 23:43] [] ACTIVATE USER ACCESS RIGHT
[ADMIN] [10/26/2016 23:43] [] DISPLAY ADMIN FORM
[ADMIN] [10/26/2016 23:43] [] adminForm Load
[] [10/26/2016 23:44] [] USER = ADMIN IS ACTIVE
[ADMIN] [10/26/2016 23:44] [] USER ID = 1 LOGIN SUCCESSFULLY
[ADMIN] [10/26/2016 23:44] [] ACTIVATE USER ACCESS RIGHT
[ADMIN] [10/26/2016 23:44] [] DISPLAY ADMIN FORM
[ADMIN] [10/26/2016 23:44] [] adminForm Load
[] [10/26/2016 23:52] [] USER = ADMIN IS ACTIVE
[ADMIN] [10/26/2016 23:52] [] USER ID = 1 LOGIN SUCCESSFULLY
[ADMIN] [10/26/2016 23:52] [] ACTIVATE USER ACCESS RIGHT
[ADMIN] [10/26/2016 23:52] [] DISPLAY ADMIN FORM
[ADMIN] [10/26/2016 23:52] [] adminForm Load
[ADMIN] [10/26/2016 23:54] [] USER ID = 1LOGOUT
