[] [9/26/2016 15:36] [] USER = ADMIN IS ACTIVE
[ADMIN] [9/26/2016 15:36] [] USER ID = 1 LOGIN SUCCESSFULLY
[ADMIN] [9/26/2016 15:37] [] ACTIVATE USER ACCESS RIGHT
[ADMIN] [9/26/2016 15:37] [] DISPLAY ADMIN FORM
[ADMIN] [9/26/2016 15:37] [] adminForm Load
[ADMIN] [9/26/2016 15:37] [PENJUALAN] CASHIER FORM : MULTIPLE CASHIER INSTANCE [1]
[ADMIN] [9/26/2016 15:37] [PENJUALAN] CASHIER FORM : REGISTER HOTKEY
[ADMIN] [9/26/2016 15:37] [PENJUALAN] CASHIER FORM : cashierForm_Load, ATTEMPT TO LOAD NO FAKTUR
[ADMIN] [9/26/2016 15:37] [PENJUALAN] CASHIER FORM : loadNoFaktur, noFakturValue [SLO001]
[ADMIN] [9/26/2016 15:37] [PENJUALAN] CASHIER FORM : cashierForm_Load, ATTEMPT TO addColumnToDataGrid
[ADMIN] [9/26/2016 15:37] [PENJUALAN] CASHIER FORM : calculateTotal
[ADMIN] [9/26/2016 15:37] [PENJUALAN] CASHIER FORM : calculateTotal [0]
[ADMIN] [9/26/2016 15:37] [PENJUALAN] CASHIER FORM : calculateTotal, totalAfterDisc [0]
[ADMIN] [9/26/2016 15:37] [PENJUALAN] CASHIER FORM : REGISTER HOTKEY
[ADMIN] [9/26/2016 15:37] [PENJUALAN] CASHIER FORM : HOTKEY TO ADD NEW ROW PRESSED
[ADMIN] [9/26/2016 15:37] [PENJUALAN] CASHIER FORM : ADD NEW ROW,  isActive [True]
[ADMIN] [9/26/2016 15:37] [PENJUALAN] CASHIER FORM : ADD NEW ROW,  ROW COUNT [0]
[ADMIN] [9/26/2016 15:37] [PENJUALAN] CASHIER FORM : ADD NEW ROW,  ALLOW TO ADD [True]
[ADMIN] [9/26/2016 15:37] [PENJUALAN] CASHIER FORM : cashierDataGridView_CellValueChanged [F8]
[ADMIN] [9/26/2016 15:37] [PENJUALAN] CASHIER FORM : cashierDataGridView_CellValueChanged [hpp]
[ADMIN] [9/26/2016 15:37] [PENJUALAN] CASHIER FORM : TextBox_TextChanged, previousInput []
[ADMIN] [9/26/2016 15:37] [PENJUALAN] CASHIER FORM : TextBox_TextChanged, dataGridViewTextBoxEditingControl.Text pass REGEX Checking
[ADMIN] [9/26/2016 15:37] [PENJUALAN] CASHIER FORM : CALCULATE SUBTOTAL
[ADMIN] [9/26/2016 15:37] [PENJUALAN] CASHIER FORM : SUBTOTAL [0]
[ADMIN] [9/26/2016 15:37] [PENJUALAN] CASHIER FORM : TextBox_TextChanged, subtotal value [0]
[ADMIN] [9/26/2016 15:37] [PENJUALAN] CASHIER FORM : cashierDataGridView_CellValueChanged [jumlah]
[ADMIN] [9/26/2016 15:37] [PENJUALAN] CASHIER FORM : TextBox_TextChanged, attempt to calculate total value
[ADMIN] [9/26/2016 15:37] [PENJUALAN] CASHIER FORM : calculateTotal
[ADMIN] [9/26/2016 15:37] [PENJUALAN] CASHIER FORM : calculateTotal [0]
[ADMIN] [9/26/2016 15:37] [PENJUALAN] CASHIER FORM : calculateTotal, totalAfterDisc [0]
[ADMIN] [9/26/2016 15:37] [PENJUALAN] CASHIER FORM : cashierDataGridView_CellValueChanged [productPrice]
[ADMIN] [9/26/2016 15:37] [PENJUALAN] CASHIER FORM : cashierDataGridView_CellValueChanged [disc1]
[ADMIN] [9/26/2016 15:37] [PENJUALAN] CASHIER FORM : TextBox_TextChanged, previousInput []
[ADMIN] [9/26/2016 15:37] [PENJUALAN] CASHIER FORM : TextBox_TextChanged, dataGridViewTextBoxEditingControl.Text pass REGEX Checking
[ADMIN] [9/26/2016 15:37] [PENJUALAN] CASHIER FORM : CALCULATE SUBTOTAL
[ADMIN] [9/26/2016 15:37] [PENJUALAN] CASHIER FORM : SUBTOTAL [0]
[ADMIN] [9/26/2016 15:37] [PENJUALAN] CASHIER FORM : TextBox_TextChanged, subtotal value [0]
[ADMIN] [9/26/2016 15:37] [PENJUALAN] CASHIER FORM : TextBox_TextChanged, attempt to calculate total value
[ADMIN] [9/26/2016 15:37] [PENJUALAN] CASHIER FORM : calculateTotal
[ADMIN] [9/26/2016 15:37] [PENJUALAN] CASHIER FORM : calculateTotal [0]
[ADMIN] [9/26/2016 15:37] [PENJUALAN] CASHIER FORM : calculateTotal, totalAfterDisc [0]
[ADMIN] [9/26/2016 15:37] [PENJUALAN] CASHIER FORM : cashierDataGridView_CellValueChanged [qty]
[ADMIN] [9/26/2016 15:37] [PENJUALAN] CASHIER FORM : TextBox_TextChanged, previousInput []
[ADMIN] [9/26/2016 15:37] [PENJUALAN] CASHIER FORM : TextBox_TextChanged, dataGridViewTextBoxEditingControl.Text pass REGEX Checking
[ADMIN] [9/26/2016 15:37] [PENJUALAN] CASHIER FORM : CALCULATE SUBTOTAL
[ADMIN] [9/26/2016 15:37] [PENJUALAN] CASHIER FORM : SUBTOTAL [0]
[ADMIN] [9/26/2016 15:37] [PENJUALAN] CASHIER FORM : TextBox_TextChanged, subtotal value [0]
[ADMIN] [9/26/2016 15:37] [PENJUALAN] CASHIER FORM : TextBox_TextChanged, attempt to calculate total value
[ADMIN] [9/26/2016 15:37] [PENJUALAN] CASHIER FORM : calculateTotal
[ADMIN] [9/26/2016 15:37] [PENJUALAN] CASHIER FORM : calculateTotal [0]
[ADMIN] [9/26/2016 15:37] [PENJUALAN] CASHIER FORM : calculateTotal, totalAfterDisc [0]
[ADMIN] [9/26/2016 15:37] [PENJUALAN] CASHIER FORM : cashierDataGridView_CellValueChanged [disc2]
[ADMIN] [9/26/2016 15:37] [PENJUALAN] CASHIER FORM : TextBox_TextChanged, previousInput []
[ADMIN] [9/26/2016 15:37] [PENJUALAN] CASHIER FORM : TextBox_TextChanged, dataGridViewTextBoxEditingControl.Text pass REGEX Checking
[ADMIN] [9/26/2016 15:37] [PENJUALAN] CASHIER FORM : CALCULATE SUBTOTAL
[ADMIN] [9/26/2016 15:37] [PENJUALAN] CASHIER FORM : SUBTOTAL [0]
[ADMIN] [9/26/2016 15:37] [PENJUALAN] CASHIER FORM : TextBox_TextChanged, subtotal value [0]
[ADMIN] [9/26/2016 15:37] [PENJUALAN] CASHIER FORM : TextBox_TextChanged, attempt to calculate total value
[ADMIN] [9/26/2016 15:37] [PENJUALAN] CASHIER FORM : calculateTotal
[ADMIN] [9/26/2016 15:37] [PENJUALAN] CASHIER FORM : calculateTotal [0]
[ADMIN] [9/26/2016 15:37] [PENJUALAN] CASHIER FORM : calculateTotal, totalAfterDisc [0]
[ADMIN] [9/26/2016 15:37] [PENJUALAN] CASHIER FORM : cashierDataGridView_CellValueChanged [discRP]
[ADMIN] [9/26/2016 15:37] [PENJUALAN] CASHIER FORM : TextBox_TextChanged, previousInput []
[ADMIN] [9/26/2016 15:37] [PENJUALAN] CASHIER FORM : TextBox_TextChanged, dataGridViewTextBoxEditingControl.Text pass REGEX Checking
[ADMIN] [9/26/2016 15:37] [PENJUALAN] CASHIER FORM : CALCULATE SUBTOTAL
[ADMIN] [9/26/2016 15:37] [PENJUALAN] CASHIER FORM : SUBTOTAL [0]
[ADMIN] [9/26/2016 15:37] [PENJUALAN] CASHIER FORM : TextBox_TextChanged, subtotal value [0]
[ADMIN] [9/26/2016 15:37] [PENJUALAN] CASHIER FORM : TextBox_TextChanged, attempt to calculate total value
[ADMIN] [9/26/2016 15:37] [PENJUALAN] CASHIER FORM : calculateTotal
[ADMIN] [9/26/2016 15:37] [PENJUALAN] CASHIER FORM : calculateTotal [0]
[ADMIN] [9/26/2016 15:37] [PENJUALAN] CASHIER FORM : calculateTotal, totalAfterDisc [0]
[ADMIN] [9/26/2016 15:37] [PENJUALAN] CASHIER FORM : cashierDataGridView_CellValueChanged [jumlah]
[ADMIN] [9/26/2016 15:37] [PENJUALAN] CASHIER FORM : cashierDataGridView_CellValueChanged [productName]
[ADMIN] [9/26/2016 15:37] [PENJUALAN] CASHIER FORM : cashierDataGridView_CellValueChanged [productName]
[ADMIN] [9/26/2016 15:37] [PENJUALAN] CASHIER FORM : calculateTotal
[ADMIN] [9/26/2016 15:37] [PENJUALAN] CASHIER FORM : calculateTotal [0]
[ADMIN] [9/26/2016 15:37] [PENJUALAN] CASHIER FORM : calculateTotal, totalAfterDisc [0]
[ADMIN] [9/26/2016 15:37] [PENJUALAN] CASHIER FORM : cashierDataGridView_CellValueChanged [productName]
[ADMIN] [9/26/2016 15:37] [PENJUALAN] CASHIER FORM : cashierDataGridView_CellValueChanged [productName]
[ADMIN] [9/26/2016 15:37] [PENJUALAN] CASHIER FORM : calculateTotal
[ADMIN] [9/26/2016 15:37] [PENJUALAN] CASHIER FORM : calculateTotal [0]
[ADMIN] [9/26/2016 15:37] [PENJUALAN] CASHIER FORM : calculateTotal, totalAfterDisc [0]
[ADMIN] [9/26/2016 15:37] [PENJUALAN] CASHIER FORM : cashierDataGridView_CellValueChanged [productName]
[ADMIN] [9/26/2016 15:37] [PENJUALAN] CASHIER FORM : cashierDataGridView_CellValueChanged [productID]
[ADMIN] [9/26/2016 15:37] [PENJUALAN] CASHIER FORM : PRODUCT PRICE TYPE [PRODUCT_BASE_PRICE]
[ADMIN] [9/26/2016 15:37] [PENJUALAN] CASHIER FORM : PRODUCT PRICE [10]
[ADMIN] [9/26/2016 15:37] [PENJUALAN] CASHIER FORM : ComboBox_SelectedIndexChanged, PRODUCT_BASE_PRICE [10]
[ADMIN] [9/26/2016 15:37] [PENJUALAN] CASHIER FORM : cashierDataGridView_CellValueChanged [hpp]
[ADMIN] [9/26/2016 15:37] [PENJUALAN] CASHIER FORM : TextBox_TextChanged, previousInput []
[ADMIN] [9/26/2016 15:37] [PENJUALAN] CASHIER FORM : TextBox_TextChanged, dataGridViewTextBoxEditingControl.Text pass REGEX Checking
[ADMIN] [9/26/2016 15:37] [PENJUALAN] CASHIER FORM : CALCULATE SUBTOTAL
[ADMIN] [9/26/2016 15:37] [PENJUALAN] CASHIER FORM : SUBTOTAL [0]
[ADMIN] [9/26/2016 15:37] [PENJUALAN] CASHIER FORM : TextBox_TextChanged, subtotal value [0]
[ADMIN] [9/26/2016 15:37] [PENJUALAN] CASHIER FORM : cashierDataGridView_CellValueChanged [jumlah]
[ADMIN] [9/26/2016 15:37] [PENJUALAN] CASHIER FORM : TextBox_TextChanged, attempt to calculate total value
[ADMIN] [9/26/2016 15:37] [PENJUALAN] CASHIER FORM : calculateTotal
[ADMIN] [9/26/2016 15:37] [PENJUALAN] CASHIER FORM : calculateTotal [0]
[ADMIN] [9/26/2016 15:37] [PENJUALAN] CASHIER FORM : calculateTotal, totalAfterDisc [0]
[ADMIN] [9/26/2016 15:37] [PENJUALAN] CASHIER FORM : PRODUCT PRICE TYPE [PRODUCT_RETAIL_PRICE]
[ADMIN] [9/26/2016 15:37] [PENJUALAN] CASHIER FORM : PRODUCT PRICE [1]
[ADMIN] [9/26/2016 15:37] [PENJUALAN] CASHIER FORM : ComboBox_SelectedIndexChanged, PRODUCT_SALES_PRICE [1]
[ADMIN] [9/26/2016 15:37] [PENJUALAN] CASHIER FORM : cashierDataGridView_CellValueChanged [productPrice]
[ADMIN] [9/26/2016 15:37] [PENJUALAN] CASHIER FORM : cashierDataGridView_CellValueChanged [qty]
[ADMIN] [9/26/2016 15:37] [PENJUALAN] CASHIER FORM : TextBox_TextChanged, previousInput []
[ADMIN] [9/26/2016 15:37] [PENJUALAN] CASHIER FORM : TextBox_TextChanged, dataGridViewTextBoxEditingControl.Text pass REGEX Checking
[ADMIN] [9/26/2016 15:37] [PENJUALAN] CASHIER FORM : CALCULATE SUBTOTAL
[ADMIN] [9/26/2016 15:37] [PENJUALAN] CASHIER FORM : SUBTOTAL [0]
[ADMIN] [9/26/2016 15:37] [PENJUALAN] CASHIER FORM : TextBox_TextChanged, subtotal value [0]
[ADMIN] [9/26/2016 15:37] [PENJUALAN] CASHIER FORM : TextBox_TextChanged, attempt to calculate total value
[ADMIN] [9/26/2016 15:37] [PENJUALAN] CASHIER FORM : calculateTotal
[ADMIN] [9/26/2016 15:37] [PENJUALAN] CASHIER FORM : calculateTotal [0]
[ADMIN] [9/26/2016 15:37] [PENJUALAN] CASHIER FORM : calculateTotal, totalAfterDisc [0]
[ADMIN] [9/26/2016 15:37] [PENJUALAN] CASHIER FORM : ComboBox_SelectedIndexChanged, attempt to calculate total
[ADMIN] [9/26/2016 15:37] [PENJUALAN] CASHIER FORM : calculateTotal
[ADMIN] [9/26/2016 15:37] [PENJUALAN] CASHIER FORM : calculateTotal [0]
[ADMIN] [9/26/2016 15:37] [PENJUALAN] CASHIER FORM : calculateTotal, totalAfterDisc [0]
[ADMIN] [9/26/2016 15:37] [PENJUALAN] CASHIER FORM : cashierDataGridView_CellValueChanged [productName]
[ADMIN] [9/26/2016 15:37] [PENJUALAN] CASHIER FORM : cashierDataGridView_CellValueChanged [productName]
[ADMIN] [9/26/2016 15:37] [PENJUALAN] CASHIER FORM : cashierDataGridView_CellValueChanged [hpp]
[ADMIN] [9/26/2016 15:37] [PENJUALAN] CASHIER FORM : TextBox_TextChanged, previousInput []
[ADMIN] [9/26/2016 15:37] [PENJUALAN] CASHIER FORM : TextBox_TextChanged, dataGridViewTextBoxEditingControl.Text pass REGEX Checking
[ADMIN] [9/26/2016 15:37] [PENJUALAN] CASHIER FORM : CALCULATE SUBTOTAL
[ADMIN] [9/26/2016 15:37] [PENJUALAN] CASHIER FORM : SUBTOTAL [0]
[ADMIN] [9/26/2016 15:37] [PENJUALAN] CASHIER FORM : TextBox_TextChanged, subtotal value [0]
[ADMIN] [9/26/2016 15:37] [PENJUALAN] CASHIER FORM : TextBox_TextChanged, attempt to calculate total value
[ADMIN] [9/26/2016 15:37] [PENJUALAN] CASHIER FORM : calculateTotal
[ADMIN] [9/26/2016 15:37] [PENJUALAN] CASHIER FORM : calculateTotal [0]
[ADMIN] [9/26/2016 15:37] [PENJUALAN] CASHIER FORM : calculateTotal, totalAfterDisc [0]
[ADMIN] [9/26/2016 15:37] [PENJUALAN] CASHIER FORM : cashierDataGridView_CellValueChanged [productPrice]
[ADMIN] [9/26/2016 15:37] [PENJUALAN] CASHIER FORM : cashierDataGridView_CellValueChanged [qty]
[ADMIN] [9/26/2016 15:37] [PENJUALAN] CASHIER FORM : TextBox_TextChanged, previousInput []
[ADMIN] [9/26/2016 15:37] [PENJUALAN] CASHIER FORM : TextBox_TextChanged, dataGridViewTextBoxEditingControl.Text pass REGEX Checking
[ADMIN] [9/26/2016 15:37] [PENJUALAN] CASHIER FORM : CALCULATE SUBTOTAL
[ADMIN] [9/26/2016 15:37] [PENJUALAN] CASHIER FORM : SUBTOTAL [0]
[ADMIN] [9/26/2016 15:37] [PENJUALAN] CASHIER FORM : TextBox_TextChanged, subtotal value [0]
[ADMIN] [9/26/2016 15:37] [PENJUALAN] CASHIER FORM : TextBox_TextChanged, attempt to calculate total value
[ADMIN] [9/26/2016 15:37] [PENJUALAN] CASHIER FORM : calculateTotal
[ADMIN] [9/26/2016 15:37] [PENJUALAN] CASHIER FORM : calculateTotal [0]
[ADMIN] [9/26/2016 15:37] [PENJUALAN] CASHIER FORM : calculateTotal, totalAfterDisc [0]
[ADMIN] [9/26/2016 15:37] [PENJUALAN] CASHIER FORM : cashierDataGridView_CellValueChanged [jumlah]
[ADMIN] [9/26/2016 15:37] [PENJUALAN] CASHIER FORM : calculateTotal
[ADMIN] [9/26/2016 15:37] [PENJUALAN] CASHIER FORM : calculateTotal [0]
[ADMIN] [9/26/2016 15:37] [PENJUALAN] CASHIER FORM : calculateTotal, totalAfterDisc [0]
[ADMIN] [9/26/2016 15:37] [PENJUALAN] CASHIER FORM : cashierDataGridView_CellValueChanged [productName]
[ADMIN] [9/26/2016 15:37] [PENJUALAN] CASHIER FORM : cashierDataGridView_CellValueChanged [productName]
[ADMIN] [9/26/2016 15:37] [PENJUALAN] CASHIER FORM : calculateTotal
[ADMIN] [9/26/2016 15:37] [PENJUALAN] CASHIER FORM : calculateTotal [0]
[ADMIN] [9/26/2016 15:37] [PENJUALAN] CASHIER FORM : calculateTotal, totalAfterDisc [0]
[ADMIN] [9/26/2016 15:37] [PENJUALAN] CASHIER FORM : cashierDataGridView_CellValueChanged [productName]
[ADMIN] [9/26/2016 15:37] [PENJUALAN] CASHIER FORM : cashierDataGridView_CellValueChanged [productName]
[ADMIN] [9/26/2016 15:37] [PENJUALAN] CASHIER FORM : calculateTotal
[ADMIN] [9/26/2016 15:37] [PENJUALAN] CASHIER FORM : calculateTotal [0]
[ADMIN] [9/26/2016 15:37] [PENJUALAN] CASHIER FORM : calculateTotal, totalAfterDisc [0]
[ADMIN] [9/26/2016 15:37] [PENJUALAN] CASHIER FORM : cashierDataGridView_CellValueChanged [productName]
[ADMIN] [9/26/2016 15:37] [PENJUALAN] CASHIER FORM : cashierDataGridView_CellValueChanged [productName]
[ADMIN] [9/26/2016 15:37] [PENJUALAN] CASHIER FORM : cashierDataGridView_CellValueChanged [productName]
[ADMIN] [9/26/2016 15:37] [PENJUALAN] CASHIER FORM : calculateTotal
[ADMIN] [9/26/2016 15:37] [PENJUALAN] CASHIER FORM : calculateTotal [0]
[ADMIN] [9/26/2016 15:37] [PENJUALAN] CASHIER FORM : calculateTotal, totalAfterDisc [0]
[ADMIN] [9/26/2016 15:37] [PENJUALAN] CASHIER FORM : cashierDataGridView_CellValueChanged [productName]
[ADMIN] [9/26/2016 15:37] [PENJUALAN] CASHIER FORM : cashierDataGridView_CellValueChanged [productName]
[ADMIN] [9/26/2016 15:37] [PENJUALAN] CASHIER FORM : calculateTotal
[ADMIN] [9/26/2016 15:37] [PENJUALAN] CASHIER FORM : calculateTotal [0]
[ADMIN] [9/26/2016 15:37] [PENJUALAN] CASHIER FORM : calculateTotal, totalAfterDisc [0]
[ADMIN] [9/26/2016 15:37] [PENJUALAN] CASHIER FORM : cashierDataGridView_CellValueChanged [productName]
[ADMIN] [9/26/2016 15:37] [PENJUALAN] CASHIER FORM : cashierDataGridView_CellValueChanged [productName]
[ADMIN] [9/26/2016 15:37] [PENJUALAN] CASHIER FORM : calculateTotal
[ADMIN] [9/26/2016 15:37] [PENJUALAN] CASHIER FORM : calculateTotal [0]
[ADMIN] [9/26/2016 15:37] [PENJUALAN] CASHIER FORM : calculateTotal, totalAfterDisc [0]
[ADMIN] [9/26/2016 15:37] [PENJUALAN] CASHIER FORM : cashierDataGridView_CellValueChanged [productName]
[ADMIN] [9/26/2016 15:37] [PENJUALAN] CASHIER FORM : cashierDataGridView_CellValueChanged [productPrice]
[ADMIN] [9/26/2016 15:37] [PENJUALAN] CASHIER FORM : cashierDataGridView_CellValueChanged [productPrice]
[ADMIN] [9/26/2016 15:37] [PENJUALAN] CASHIER FORM : cashierDataGridView_CellValueChanged [productPrice]
[ADMIN] [9/26/2016 15:37] [PENJUALAN] CASHIER FORM : cashierDataGridView_CellValueChanged [productPrice]
[ADMIN] [9/26/2016 15:37] [PENJUALAN] CASHIER FORM : cashierDataGridView_CellValueChanged [qty]
[ADMIN] [9/26/2016 15:37] [PENJUALAN] CASHIER FORM : TextBox_TextChanged, previousInput [0]
[ADMIN] [9/26/2016 15:37] [PENJUALAN] CASHIER FORM : TextBox_TextChanged, dataGridViewTextBoxEditingControl.Text [2]
[ADMIN] [9/26/2016 15:37] [PENJUALAN] CASHIER FORM : TextBox_TextChanged, dataGridViewTextBoxEditingControl.Text pass REGEX Checking
[ADMIN] [9/26/2016 15:37] [PENJUALAN] CASHIER FORM : CHECK STOCK QTY IS ENOUGH [1]
[ADMIN] [9/26/2016 15:37] [PENJUALAN] CASHIER FORM : CHECK STOCK QTY IS ENOUGH [27, 2]
[ADMIN] [9/26/2016 15:37] [PENJUALAN] CASHIER FORM : CALCULATE SUBTOTAL
[ADMIN] [9/26/2016 15:37] [PENJUALAN] CASHIER FORM : SUBTOTAL [4000]
[ADMIN] [9/26/2016 15:37] [PENJUALAN] CASHIER FORM : TextBox_TextChanged, subtotal value [4000]
[ADMIN] [9/26/2016 15:37] [PENJUALAN] CASHIER FORM : cashierDataGridView_CellValueChanged [jumlah]
[ADMIN] [9/26/2016 15:37] [PENJUALAN] CASHIER FORM : TextBox_TextChanged, attempt to calculate total value
[ADMIN] [9/26/2016 15:37] [PENJUALAN] CASHIER FORM : calculateTotal
[ADMIN] [9/26/2016 15:37] [PENJUALAN] CASHIER FORM : calculateTotal [4000]
[ADMIN] [9/26/2016 15:37] [PENJUALAN] CASHIER FORM : calculateTotal, totalAfterDisc [4000]
[ADMIN] [9/26/2016 15:37] [PENJUALAN] CASHIER FORM : UNREGISTER HOTKEY
[ADMIN] [9/26/2016 15:37] [PENJUALAN] CASHIER FORM : REGISTER HOTKEY
[ADMIN] [9/26/2016 15:37] [PENJUALAN] CASHIER FORM : UNREGISTER HOTKEY
[ADMIN] [9/26/2016 15:37] [PENJUALAN] CASHIER FORM : REGISTER HOTKEY
[ADMIN] [9/26/2016 15:37] [PENJUALAN] CASHIER FORM : UNREGISTER HOTKEY
[ADMIN] [9/26/2016 15:37] [PENJUALAN] CASHIER FORM : REGISTER HOTKEY
[ADMIN] [9/26/2016 15:37] [PENJUALAN] CASHIER FORM : discJualMaskedTextBox_Validating, totalAfterDisc [3960]
[ADMIN] [9/26/2016 15:37] [PENJUALAN] CASHIER FORM : discJualMaskedTextBox_Validating, totalAfterDisc [3520]
[ADMIN] [9/26/2016 15:37] [PENJUALAN] CASHIER FORM : discJualMaskedTextBox_Validating, totalAfterDisc [-920]
[ADMIN] [9/26/2016 15:37] [PENJUALAN] CASHIER FORM : discJualMaskedTextBox_Validating, totalAfterDisc [3520]
[ADMIN] [9/26/2016 15:37] [PENJUALAN] CASHIER FORM : discJualMaskedTextBox_Validating, totalAfterDisc [3960]
[ADMIN] [9/26/2016 15:37] [PENJUALAN] CASHIER FORM : discJualMaskedTextBox_Validating, totalAfterDisc [3960]
[ADMIN] [9/26/2016 15:37] [PENJUALAN] CASHIER FORM : UNREGISTER HOTKEY
[ADMIN] [9/26/2016 15:37] [PENJUALAN] CASHIER FORM : REGISTER HOTKEY
[ADMIN] [9/26/2016 15:37] [PENJUALAN] CASHIER FORM : UNREGISTER HOTKEY
[ADMIN] [9/26/2016 15:37] [PENJUALAN] CASHIER FORM : REGISTER HOTKEY
[ADMIN] [9/26/2016 15:37] [PENJUALAN] CASHIER FORM : UNREGISTER HOTKEY
[ADMIN] [9/26/2016 15:37] [PENJUALAN] CASHIER FORM : REGISTER HOTKEY
[ADMIN] [9/26/2016 15:37] [PENJUALAN] CASHIER FORM : UNREGISTER HOTKEY
[ADMIN] [9/26/2016 15:37] [PENJUALAN] CASHIER FORM : REGISTER HOTKEY
[ADMIN] [9/26/2016 15:38] [PENJUALAN] CASHIER FORM : UNREGISTER HOTKEY
[ADMIN] [9/26/2016 15:38] [PENJUALAN] CASHIER FORM : REGISTER HOTKEY
[ADMIN] [9/26/2016 15:38] [PENJUALAN] CASHIER FORM : UNREGISTER HOTKEY
[ADMIN] [9/26/2016 15:38] [PENJUALAN] CASHIER FORM : UNREGISTER HOTKEY
[] [9/26/2016 15:39] [] USER = ADMIN IS ACTIVE
[ADMIN] [9/26/2016 15:39] [] USER ID = 1 LOGIN SUCCESSFULLY
[ADMIN] [9/26/2016 15:39] [] ACTIVATE USER ACCESS RIGHT
[ADMIN] [9/26/2016 15:39] [] DISPLAY ADMIN FORM
[ADMIN] [9/26/2016 15:39] [] adminForm Load
[ADMIN] [9/26/2016 15:39] [PENJUALAN] CASHIER FORM : MULTIPLE CASHIER INSTANCE [1]
[ADMIN] [9/26/2016 15:39] [PENJUALAN] CASHIER FORM : REGISTER HOTKEY
[ADMIN] [9/26/2016 15:39] [PENJUALAN] CASHIER FORM : cashierForm_Load, ATTEMPT TO LOAD NO FAKTUR
[ADMIN] [9/26/2016 15:39] [PENJUALAN] CASHIER FORM : loadNoFaktur, noFakturValue [SLO001]
[ADMIN] [9/26/2016 15:39] [PENJUALAN] CASHIER FORM : cashierForm_Load, ATTEMPT TO addColumnToDataGrid
[ADMIN] [9/26/2016 15:39] [PENJUALAN] CASHIER FORM : calculateTotal
[ADMIN] [9/26/2016 15:39] [PENJUALAN] CASHIER FORM : calculateTotal [0]
[ADMIN] [9/26/2016 15:39] [PENJUALAN] CASHIER FORM : calculateTotal, totalAfterDisc [0]
[ADMIN] [9/26/2016 15:39] [PENJUALAN] CASHIER FORM : REGISTER HOTKEY
[ADMIN] [9/26/2016 15:39] [PENJUALAN] CASHIER FORM : HOTKEY TO ADD NEW ROW PRESSED
[ADMIN] [9/26/2016 15:39] [PENJUALAN] CASHIER FORM : ADD NEW ROW,  isActive [True]
[ADMIN] [9/26/2016 15:39] [PENJUALAN] CASHIER FORM : ADD NEW ROW,  ROW COUNT [0]
[ADMIN] [9/26/2016 15:39] [PENJUALAN] CASHIER FORM : ADD NEW ROW,  ALLOW TO ADD [True]
[ADMIN] [9/26/2016 15:39] [PENJUALAN] CASHIER FORM : cashierDataGridView_CellValueChanged [F8]
[ADMIN] [9/26/2016 15:39] [PENJUALAN] CASHIER FORM : cashierDataGridView_CellValueChanged [hpp]
[ADMIN] [9/26/2016 15:39] [PENJUALAN] CASHIER FORM : TextBox_TextChanged, previousInput []
[ADMIN] [9/26/2016 15:39] [PENJUALAN] CASHIER FORM : TextBox_TextChanged, dataGridViewTextBoxEditingControl.Text pass REGEX Checking
[ADMIN] [9/26/2016 15:39] [PENJUALAN] CASHIER FORM : CALCULATE SUBTOTAL
[ADMIN] [9/26/2016 15:39] [PENJUALAN] CASHIER FORM : SUBTOTAL [0]
[ADMIN] [9/26/2016 15:39] [PENJUALAN] CASHIER FORM : TextBox_TextChanged, subtotal value [0]
[ADMIN] [9/26/2016 15:39] [PENJUALAN] CASHIER FORM : cashierDataGridView_CellValueChanged [jumlah]
[ADMIN] [9/26/2016 15:39] [PENJUALAN] CASHIER FORM : TextBox_TextChanged, attempt to calculate total value
[ADMIN] [9/26/2016 15:39] [PENJUALAN] CASHIER FORM : calculateTotal
[ADMIN] [9/26/2016 15:39] [PENJUALAN] CASHIER FORM : calculateTotal [0]
[ADMIN] [9/26/2016 15:39] [PENJUALAN] CASHIER FORM : calculateTotal, totalAfterDisc [0]
[ADMIN] [9/26/2016 15:39] [PENJUALAN] CASHIER FORM : cashierDataGridView_CellValueChanged [productPrice]
[ADMIN] [9/26/2016 15:39] [PENJUALAN] CASHIER FORM : cashierDataGridView_CellValueChanged [disc1]
[ADMIN] [9/26/2016 15:39] [PENJUALAN] CASHIER FORM : TextBox_TextChanged, previousInput []
[ADMIN] [9/26/2016 15:39] [PENJUALAN] CASHIER FORM : TextBox_TextChanged, dataGridViewTextBoxEditingControl.Text pass REGEX Checking
[ADMIN] [9/26/2016 15:39] [PENJUALAN] CASHIER FORM : CALCULATE SUBTOTAL
[ADMIN] [9/26/2016 15:39] [PENJUALAN] CASHIER FORM : SUBTOTAL [0]
[ADMIN] [9/26/2016 15:39] [PENJUALAN] CASHIER FORM : TextBox_TextChanged, subtotal value [0]
[ADMIN] [9/26/2016 15:39] [PENJUALAN] CASHIER FORM : TextBox_TextChanged, attempt to calculate total value
[ADMIN] [9/26/2016 15:39] [PENJUALAN] CASHIER FORM : calculateTotal
[ADMIN] [9/26/2016 15:39] [PENJUALAN] CASHIER FORM : calculateTotal [0]
[ADMIN] [9/26/2016 15:39] [PENJUALAN] CASHIER FORM : calculateTotal, totalAfterDisc [0]
[ADMIN] [9/26/2016 15:39] [PENJUALAN] CASHIER FORM : cashierDataGridView_CellValueChanged [qty]
[ADMIN] [9/26/2016 15:39] [PENJUALAN] CASHIER FORM : TextBox_TextChanged, previousInput []
[ADMIN] [9/26/2016 15:39] [PENJUALAN] CASHIER FORM : TextBox_TextChanged, dataGridViewTextBoxEditingControl.Text pass REGEX Checking
[ADMIN] [9/26/2016 15:39] [PENJUALAN] CASHIER FORM : CALCULATE SUBTOTAL
[ADMIN] [9/26/2016 15:39] [PENJUALAN] CASHIER FORM : SUBTOTAL [0]
[ADMIN] [9/26/2016 15:39] [PENJUALAN] CASHIER FORM : TextBox_TextChanged, subtotal value [0]
[ADMIN] [9/26/2016 15:39] [PENJUALAN] CASHIER FORM : TextBox_TextChanged, attempt to calculate total value
[ADMIN] [9/26/2016 15:39] [PENJUALAN] CASHIER FORM : calculateTotal
[ADMIN] [9/26/2016 15:39] [PENJUALAN] CASHIER FORM : calculateTotal [0]
[ADMIN] [9/26/2016 15:39] [PENJUALAN] CASHIER FORM : calculateTotal, totalAfterDisc [0]
[ADMIN] [9/26/2016 15:39] [PENJUALAN] CASHIER FORM : cashierDataGridView_CellValueChanged [disc2]
[ADMIN] [9/26/2016 15:39] [PENJUALAN] CASHIER FORM : TextBox_TextChanged, previousInput []
[ADMIN] [9/26/2016 15:39] [PENJUALAN] CASHIER FORM : TextBox_TextChanged, dataGridViewTextBoxEditingControl.Text pass REGEX Checking
[ADMIN] [9/26/2016 15:39] [PENJUALAN] CASHIER FORM : CALCULATE SUBTOTAL
[ADMIN] [9/26/2016 15:39] [PENJUALAN] CASHIER FORM : SUBTOTAL [0]
[ADMIN] [9/26/2016 15:39] [PENJUALAN] CASHIER FORM : TextBox_TextChanged, subtotal value [0]
[ADMIN] [9/26/2016 15:39] [PENJUALAN] CASHIER FORM : TextBox_TextChanged, attempt to calculate total value
[ADMIN] [9/26/2016 15:39] [PENJUALAN] CASHIER FORM : calculateTotal
[ADMIN] [9/26/2016 15:39] [PENJUALAN] CASHIER FORM : calculateTotal [0]
[ADMIN] [9/26/2016 15:39] [PENJUALAN] CASHIER FORM : calculateTotal, totalAfterDisc [0]
[ADMIN] [9/26/2016 15:39] [PENJUALAN] CASHIER FORM : cashierDataGridView_CellValueChanged [discRP]
[ADMIN] [9/26/2016 15:39] [PENJUALAN] CASHIER FORM : TextBox_TextChanged, previousInput []
[ADMIN] [9/26/2016 15:39] [PENJUALAN] CASHIER FORM : TextBox_TextChanged, dataGridViewTextBoxEditingControl.Text pass REGEX Checking
[ADMIN] [9/26/2016 15:39] [PENJUALAN] CASHIER FORM : CALCULATE SUBTOTAL
[ADMIN] [9/26/2016 15:39] [PENJUALAN] CASHIER FORM : SUBTOTAL [0]
[ADMIN] [9/26/2016 15:39] [PENJUALAN] CASHIER FORM : TextBox_TextChanged, subtotal value [0]
[ADMIN] [9/26/2016 15:39] [PENJUALAN] CASHIER FORM : TextBox_TextChanged, attempt to calculate total value
[ADMIN] [9/26/2016 15:39] [PENJUALAN] CASHIER FORM : calculateTotal
[ADMIN] [9/26/2016 15:39] [PENJUALAN] CASHIER FORM : calculateTotal [0]
[ADMIN] [9/26/2016 15:39] [PENJUALAN] CASHIER FORM : calculateTotal, totalAfterDisc [0]
[ADMIN] [9/26/2016 15:39] [PENJUALAN] CASHIER FORM : cashierDataGridView_CellValueChanged [jumlah]
[ADMIN] [9/26/2016 15:39] [PENJUALAN] CASHIER FORM : cashierDataGridView_CellValueChanged [productName]
[ADMIN] [9/26/2016 15:39] [PENJUALAN] CASHIER FORM : cashierDataGridView_CellValueChanged [productName]
[ADMIN] [9/26/2016 15:39] [PENJUALAN] CASHIER FORM : calculateTotal
[ADMIN] [9/26/2016 15:39] [PENJUALAN] CASHIER FORM : calculateTotal [0]
[ADMIN] [9/26/2016 15:39] [PENJUALAN] CASHIER FORM : calculateTotal, totalAfterDisc [0]
[ADMIN] [9/26/2016 15:39] [PENJUALAN] CASHIER FORM : cashierDataGridView_CellValueChanged [productName]
[ADMIN] [9/26/2016 15:39] [PENJUALAN] CASHIER FORM : cashierDataGridView_CellValueChanged [productName]
[ADMIN] [9/26/2016 15:39] [PENJUALAN] CASHIER FORM : calculateTotal
[ADMIN] [9/26/2016 15:39] [PENJUALAN] CASHIER FORM : calculateTotal [0]
[ADMIN] [9/26/2016 15:39] [PENJUALAN] CASHIER FORM : calculateTotal, totalAfterDisc [0]
[ADMIN] [9/26/2016 15:39] [PENJUALAN] CASHIER FORM : cashierDataGridView_CellValueChanged [productName]
[ADMIN] [9/26/2016 15:39] [PENJUALAN] CASHIER FORM : cashierDataGridView_CellValueChanged [productID]
[ADMIN] [9/26/2016 15:39] [PENJUALAN] CASHIER FORM : PRODUCT PRICE TYPE [PRODUCT_BASE_PRICE]
[ADMIN] [9/26/2016 15:39] [PENJUALAN] CASHIER FORM : PRODUCT PRICE [10]
[ADMIN] [9/26/2016 15:39] [PENJUALAN] CASHIER FORM : ComboBox_SelectedIndexChanged, PRODUCT_BASE_PRICE [10]
[ADMIN] [9/26/2016 15:39] [PENJUALAN] CASHIER FORM : cashierDataGridView_CellValueChanged [hpp]
[ADMIN] [9/26/2016 15:39] [PENJUALAN] CASHIER FORM : TextBox_TextChanged, previousInput []
[ADMIN] [9/26/2016 15:39] [PENJUALAN] CASHIER FORM : TextBox_TextChanged, dataGridViewTextBoxEditingControl.Text pass REGEX Checking
[ADMIN] [9/26/2016 15:39] [PENJUALAN] CASHIER FORM : CALCULATE SUBTOTAL
[ADMIN] [9/26/2016 15:39] [PENJUALAN] CASHIER FORM : SUBTOTAL [0]
[ADMIN] [9/26/2016 15:39] [PENJUALAN] CASHIER FORM : TextBox_TextChanged, subtotal value [0]
[ADMIN] [9/26/2016 15:39] [PENJUALAN] CASHIER FORM : cashierDataGridView_CellValueChanged [jumlah]
[ADMIN] [9/26/2016 15:39] [PENJUALAN] CASHIER FORM : TextBox_TextChanged, attempt to calculate total value
[ADMIN] [9/26/2016 15:39] [PENJUALAN] CASHIER FORM : calculateTotal
[ADMIN] [9/26/2016 15:39] [PENJUALAN] CASHIER FORM : calculateTotal [0]
[ADMIN] [9/26/2016 15:39] [PENJUALAN] CASHIER FORM : calculateTotal, totalAfterDisc [0]
[ADMIN] [9/26/2016 15:39] [PENJUALAN] CASHIER FORM : PRODUCT PRICE TYPE [PRODUCT_RETAIL_PRICE]
[ADMIN] [9/26/2016 15:39] [PENJUALAN] CASHIER FORM : PRODUCT PRICE [1]
[ADMIN] [9/26/2016 15:39] [PENJUALAN] CASHIER FORM : ComboBox_SelectedIndexChanged, PRODUCT_SALES_PRICE [1]
[ADMIN] [9/26/2016 15:39] [PENJUALAN] CASHIER FORM : cashierDataGridView_CellValueChanged [productPrice]
[ADMIN] [9/26/2016 15:39] [PENJUALAN] CASHIER FORM : cashierDataGridView_CellValueChanged [qty]
[ADMIN] [9/26/2016 15:39] [PENJUALAN] CASHIER FORM : TextBox_TextChanged, previousInput []
[ADMIN] [9/26/2016 15:39] [PENJUALAN] CASHIER FORM : TextBox_TextChanged, dataGridViewTextBoxEditingControl.Text pass REGEX Checking
[ADMIN] [9/26/2016 15:39] [PENJUALAN] CASHIER FORM : CALCULATE SUBTOTAL
[ADMIN] [9/26/2016 15:39] [PENJUALAN] CASHIER FORM : SUBTOTAL [0]
[ADMIN] [9/26/2016 15:39] [PENJUALAN] CASHIER FORM : TextBox_TextChanged, subtotal value [0]
[ADMIN] [9/26/2016 15:39] [PENJUALAN] CASHIER FORM : TextBox_TextChanged, attempt to calculate total value
[ADMIN] [9/26/2016 15:39] [PENJUALAN] CASHIER FORM : calculateTotal
[ADMIN] [9/26/2016 15:39] [PENJUALAN] CASHIER FORM : calculateTotal [0]
[ADMIN] [9/26/2016 15:39] [PENJUALAN] CASHIER FORM : calculateTotal, totalAfterDisc [0]
[ADMIN] [9/26/2016 15:39] [PENJUALAN] CASHIER FORM : ComboBox_SelectedIndexChanged, attempt to calculate total
[ADMIN] [9/26/2016 15:39] [PENJUALAN] CASHIER FORM : calculateTotal
[ADMIN] [9/26/2016 15:39] [PENJUALAN] CASHIER FORM : calculateTotal [0]
[ADMIN] [9/26/2016 15:39] [PENJUALAN] CASHIER FORM : calculateTotal, totalAfterDisc [0]
[ADMIN] [9/26/2016 15:39] [PENJUALAN] CASHIER FORM : cashierDataGridView_CellValueChanged [productName]
[ADMIN] [9/26/2016 15:39] [PENJUALAN] CASHIER FORM : cashierDataGridView_CellValueChanged [productName]
[ADMIN] [9/26/2016 15:39] [PENJUALAN] CASHIER FORM : cashierDataGridView_CellValueChanged [hpp]
[ADMIN] [9/26/2016 15:39] [PENJUALAN] CASHIER FORM : TextBox_TextChanged, previousInput []
[ADMIN] [9/26/2016 15:39] [PENJUALAN] CASHIER FORM : TextBox_TextChanged, dataGridViewTextBoxEditingControl.Text pass REGEX Checking
[ADMIN] [9/26/2016 15:39] [PENJUALAN] CASHIER FORM : CALCULATE SUBTOTAL
[ADMIN] [9/26/2016 15:39] [PENJUALAN] CASHIER FORM : SUBTOTAL [0]
[ADMIN] [9/26/2016 15:39] [PENJUALAN] CASHIER FORM : TextBox_TextChanged, subtotal value [0]
[ADMIN] [9/26/2016 15:39] [PENJUALAN] CASHIER FORM : TextBox_TextChanged, attempt to calculate total value
[ADMIN] [9/26/2016 15:39] [PENJUALAN] CASHIER FORM : calculateTotal
[ADMIN] [9/26/2016 15:39] [PENJUALAN] CASHIER FORM : calculateTotal [0]
[ADMIN] [9/26/2016 15:39] [PENJUALAN] CASHIER FORM : calculateTotal, totalAfterDisc [0]
[ADMIN] [9/26/2016 15:39] [PENJUALAN] CASHIER FORM : cashierDataGridView_CellValueChanged [productPrice]
[ADMIN] [9/26/2016 15:39] [PENJUALAN] CASHIER FORM : cashierDataGridView_CellValueChanged [qty]
[ADMIN] [9/26/2016 15:39] [PENJUALAN] CASHIER FORM : TextBox_TextChanged, previousInput []
[ADMIN] [9/26/2016 15:39] [PENJUALAN] CASHIER FORM : TextBox_TextChanged, dataGridViewTextBoxEditingControl.Text pass REGEX Checking
[ADMIN] [9/26/2016 15:39] [PENJUALAN] CASHIER FORM : CALCULATE SUBTOTAL
[ADMIN] [9/26/2016 15:39] [PENJUALAN] CASHIER FORM : SUBTOTAL [0]
[ADMIN] [9/26/2016 15:39] [PENJUALAN] CASHIER FORM : TextBox_TextChanged, subtotal value [0]
[ADMIN] [9/26/2016 15:39] [PENJUALAN] CASHIER FORM : TextBox_TextChanged, attempt to calculate total value
[ADMIN] [9/26/2016 15:39] [PENJUALAN] CASHIER FORM : calculateTotal
[ADMIN] [9/26/2016 15:39] [PENJUALAN] CASHIER FORM : calculateTotal [0]
[ADMIN] [9/26/2016 15:39] [PENJUALAN] CASHIER FORM : calculateTotal, totalAfterDisc [0]
[ADMIN] [9/26/2016 15:39] [PENJUALAN] CASHIER FORM : cashierDataGridView_CellValueChanged [jumlah]
[ADMIN] [9/26/2016 15:39] [PENJUALAN] CASHIER FORM : calculateTotal
[ADMIN] [9/26/2016 15:39] [PENJUALAN] CASHIER FORM : calculateTotal [0]
[ADMIN] [9/26/2016 15:39] [PENJUALAN] CASHIER FORM : calculateTotal, totalAfterDisc [0]
[ADMIN] [9/26/2016 15:39] [PENJUALAN] CASHIER FORM : cashierDataGridView_CellValueChanged [productName]
[ADMIN] [9/26/2016 15:39] [PENJUALAN] CASHIER FORM : cashierDataGridView_CellValueChanged [productName]
[ADMIN] [9/26/2016 15:39] [PENJUALAN] CASHIER FORM : calculateTotal
[ADMIN] [9/26/2016 15:39] [PENJUALAN] CASHIER FORM : calculateTotal [0]
[ADMIN] [9/26/2016 15:39] [PENJUALAN] CASHIER FORM : calculateTotal, totalAfterDisc [0]
[ADMIN] [9/26/2016 15:39] [PENJUALAN] CASHIER FORM : cashierDataGridView_CellValueChanged [productName]
[ADMIN] [9/26/2016 15:39] [PENJUALAN] CASHIER FORM : cashierDataGridView_CellValueChanged [productName]
[ADMIN] [9/26/2016 15:39] [PENJUALAN] CASHIER FORM : calculateTotal
[ADMIN] [9/26/2016 15:39] [PENJUALAN] CASHIER FORM : calculateTotal [0]
[ADMIN] [9/26/2016 15:39] [PENJUALAN] CASHIER FORM : calculateTotal, totalAfterDisc [0]
[ADMIN] [9/26/2016 15:39] [PENJUALAN] CASHIER FORM : cashierDataGridView_CellValueChanged [productName]
[ADMIN] [9/26/2016 15:39] [PENJUALAN] CASHIER FORM : cashierDataGridView_CellValueChanged [productPrice]
[ADMIN] [9/26/2016 15:39] [PENJUALAN] CASHIER FORM : cashierDataGridView_CellValueChanged [productPrice]
[ADMIN] [9/26/2016 15:39] [PENJUALAN] CASHIER FORM : cashierDataGridView_CellValueChanged [productPrice]
[ADMIN] [9/26/2016 15:39] [PENJUALAN] CASHIER FORM : cashierDataGridView_CellValueChanged [productPrice]
[ADMIN] [9/26/2016 15:39] [PENJUALAN] CASHIER FORM : cashierDataGridView_CellValueChanged [qty]
[ADMIN] [9/26/2016 15:39] [PENJUALAN] CASHIER FORM : TextBox_TextChanged, previousInput [0]
[ADMIN] [9/26/2016 15:39] [PENJUALAN] CASHIER FORM : TextBox_TextChanged, dataGridViewTextBoxEditingControl.Text [2]
[ADMIN] [9/26/2016 15:39] [PENJUALAN] CASHIER FORM : TextBox_TextChanged, dataGridViewTextBoxEditingControl.Text pass REGEX Checking
[ADMIN] [9/26/2016 15:39] [PENJUALAN] CASHIER FORM : CHECK STOCK QTY IS ENOUGH [1]
[ADMIN] [9/26/2016 15:39] [PENJUALAN] CASHIER FORM : CHECK STOCK QTY IS ENOUGH [27, 2]
[ADMIN] [9/26/2016 15:39] [PENJUALAN] CASHIER FORM : CALCULATE SUBTOTAL
[ADMIN] [9/26/2016 15:39] [PENJUALAN] CASHIER FORM : SUBTOTAL [4000]
[ADMIN] [9/26/2016 15:39] [PENJUALAN] CASHIER FORM : TextBox_TextChanged, subtotal value [4000]
[ADMIN] [9/26/2016 15:39] [PENJUALAN] CASHIER FORM : cashierDataGridView_CellValueChanged [jumlah]
[ADMIN] [9/26/2016 15:39] [PENJUALAN] CASHIER FORM : TextBox_TextChanged, attempt to calculate total value
[ADMIN] [9/26/2016 15:39] [PENJUALAN] CASHIER FORM : calculateTotal
[ADMIN] [9/26/2016 15:39] [PENJUALAN] CASHIER FORM : calculateTotal [4000]
[ADMIN] [9/26/2016 15:39] [PENJUALAN] CASHIER FORM : calculateTotal, totalAfterDisc [4000]
[ADMIN] [9/26/2016 15:39] [PENJUALAN] CASHIER FORM : discJualMaskedTextBox_Validating, totalAfterDisc [3600]
[ADMIN] [9/26/2016 15:39] [PENJUALAN] CASHIER FORM : UNREGISTER HOTKEY
[ADMIN] [9/26/2016 15:39] [PENJUALAN] CASHIER FORM : REGISTER HOTKEY
[ADMIN] [9/26/2016 15:39] [PENJUALAN] CASHIER FORM : discJualMaskedTextBox_Validating, totalAfterDisc [-80]
[ADMIN] [9/26/2016 15:39] [PENJUALAN] CASHIER FORM : discJualMaskedTextBox_Validating, totalAfterDisc [3600]
[ADMIN] [9/26/2016 15:39] [PENJUALAN] CASHIER FORM : discJualMaskedTextBox_Validating, totalAfterDisc [3960]
[ADMIN] [9/26/2016 15:39] [PENJUALAN] CASHIER FORM : discJualMaskedTextBox_Validating, totalAfterDisc [3960]
[ADMIN] [9/26/2016 15:39] [PENJUALAN] CASHIER FORM : discJualMaskedTextBox_Validating, totalAfterDisc [3920]
[ADMIN] [9/26/2016 15:39] [PENJUALAN] CASHIER FORM : discJualMaskedTextBox_Validating, totalAfterDisc [3120]
[ADMIN] [9/26/2016 15:39] [PENJUALAN] CASHIER FORM : discJualMaskedTextBox_Validating, totalAfterDisc [3920]
[ADMIN] [9/26/2016 15:39] [PENJUALAN] CASHIER FORM : discJualMaskedTextBox_Validating, totalAfterDisc [3960]
[ADMIN] [9/26/2016 15:39] [PENJUALAN] CASHIER FORM : discJualMaskedTextBox_Validating, totalAfterDisc [3560]
[ADMIN] [9/26/2016 15:39] [PENJUALAN] CASHIER FORM : discJualMaskedTextBox_Validating, totalAfterDisc [-440]
[ADMIN] [9/26/2016 15:39] [PENJUALAN] CASHIER FORM : discJualMaskedTextBox_Validating, totalAfterDisc [-40440]
[ADMIN] [9/26/2016 15:40] [PENJUALAN] CASHIER FORM : discJualMaskedTextBox_Validating, totalAfterDisc [-440]
[ADMIN] [9/26/2016 15:40] [PENJUALAN] CASHIER FORM : discJualMaskedTextBox_Validating, totalAfterDisc [3560]
[ADMIN] [9/26/2016 15:40] [PENJUALAN] CASHIER FORM : discJualMaskedTextBox_Validating, totalAfterDisc [3960]
[ADMIN] [9/26/2016 15:40] [PENJUALAN] CASHIER FORM : UNREGISTER HOTKEY
[ADMIN] [9/26/2016 15:40] [PENJUALAN] CASHIER FORM : UNREGISTER HOTKEY
[ADMIN] [9/26/2016 15:40] [] USER ID = 1LOGOUT
