[] [11/2/2016 15:41] [] USER = ADMIN IS ACTIVE
[ADMIN] [11/2/2016 15:41] [] USER ID = 1 LOGIN SUCCESSFULLY
[ADMIN] [11/2/2016 15:41] [] ACTIVATE USER ACCESS RIGHT
[ADMIN] [11/2/2016 15:41] [] DISPLAY ADMIN FORM
[ADMIN] [11/2/2016 15:41] [] adminForm Load
[] [11/3/2016 11:55] [] USER = ADMIN IS ACTIVE
[ADMIN] [11/3/2016 11:55] [] USER ID = 1 LOGIN SUCCESSFULLY
[ADMIN] [11/3/2016 11:55] [] ACTIVATE USER ACCESS RIGHT
[ADMIN] [11/3/2016 11:55] [] DISPLAY ADMIN FORM
[ADMIN] [11/3/2016 11:55] [] adminForm Load
[] [11/3/2016 11:57] [] USER = ADMIN IS ACTIVE
[ADMIN] [11/3/2016 11:57] [] USER ID = 1 LOGIN SUCCESSFULLY
[ADMIN] [11/3/2016 11:57] [] ACTIVATE USER ACCESS RIGHT
[ADMIN] [11/3/2016 11:57] [] DISPLAY ADMIN FORM
[ADMIN] [11/3/2016 11:57] [] adminForm Load
[] [11/3/2016 12:05] [] USER = ADMIN IS ACTIVE
[ADMIN] [11/3/2016 12:05] [] USER ID = 1 LOGIN SUCCESSFULLY
[ADMIN] [11/3/2016 12:05] [] ACTIVATE USER ACCESS RIGHT
[ADMIN] [11/3/2016 12:05] [] DISPLAY ADMIN FORM
[ADMIN] [11/3/2016 12:05] [] adminForm Load
[ADMIN] [11/3/2016 12:06] [] USER ID = 1LOGOUT
