[] [10/18/2016 12:09] [] USER = ADMIN IS ACTIVE
[ADMIN] [10/18/2016 12:09] [] USER ID = 1 LOGIN SUCCESSFULLY
[ADMIN] [10/18/2016 12:09] [] ACTIVATE USER ACCESS RIGHT
[ADMIN] [10/18/2016 12:09] [] DISPLAY ADMIN FORM
[ADMIN] [10/18/2016 12:09] [] adminForm Load
[ADMIN] [10/18/2016 12:09] [PENJUALAN] CASHIER FORM : REGISTER HOTKEY
[ADMIN] [10/18/2016 12:09] [PENJUALAN] CASHIER FORM : loadNoFaktur, noFakturValue [SLO001]
[ADMIN] [10/18/2016 12:09] [PENJUALAN] CASHIER FORM : ADD NEW ROW,  isActive [True]
[ADMIN] [10/18/2016 12:09] [PENJUALAN] CASHIER FORM : ADD NEW ROW,  ROW COUNT [0]
[ADMIN] [10/18/2016 12:09] [PENJUALAN] CASHIER FORM : ADD NEW ROW,  ALLOW TO ADD [True]
[ADMIN] [10/18/2016 12:09] [PENJUALAN] CASHIER FORM : REGISTER HOTKEY
[ADMIN] [10/18/2016 12:09] [PENJUALAN] CASHIER FORM : UNREGISTER HOTKEY
[ADMIN] [10/18/2016 12:09] [PENJUALAN] CASHIER FORM : UNREGISTER HOTKEY
[ADMIN] [10/18/2016 12:09] [PENJUALAN] CASHIER FORM : REGISTER HOTKEY
[ADMIN] [10/18/2016 12:09] [PENJUALAN] CASHIER FORM : loadNoFaktur, noFakturValue [SLO001]
[ADMIN] [10/18/2016 12:09] [PENJUALAN] CASHIER FORM : ADD NEW ROW,  isActive [True]
[ADMIN] [10/18/2016 12:09] [PENJUALAN] CASHIER FORM : ADD NEW ROW,  ROW COUNT [0]
[ADMIN] [10/18/2016 12:09] [PENJUALAN] CASHIER FORM : ADD NEW ROW,  ALLOW TO ADD [True]
[ADMIN] [10/18/2016 12:09] [PENJUALAN] CASHIER FORM : REGISTER HOTKEY
[ADMIN] [10/18/2016 12:09] [PENJUALAN] CASHIER FORM : UNREGISTER HOTKEY
[ADMIN] [10/18/2016 12:11] [PENJUALAN] CASHIER FORM : REGISTER HOTKEY
[ADMIN] [10/18/2016 12:11] [PENJUALAN] CASHIER FORM : UNREGISTER HOTKEY
[ADMIN] [10/18/2016 12:11] [PENJUALAN] CASHIER FORM : UNREGISTER HOTKEY
[ADMIN] [10/18/2016 12:11] [] USER ID = 1LOGOUT
[] [10/18/2016 12:17] [] USER = ADMIN IS ACTIVE
[ADMIN] [10/18/2016 12:17] [] USER ID = 1 LOGIN SUCCESSFULLY
[ADMIN] [10/18/2016 12:17] [] ACTIVATE USER ACCESS RIGHT
[ADMIN] [10/18/2016 12:17] [] DISPLAY ADMIN FORM
[ADMIN] [10/18/2016 12:17] [] adminForm Load
[ADMIN] [10/18/2016 12:17] [PENJUALAN] CASHIER FORM : REGISTER HOTKEY
[ADMIN] [10/18/2016 12:18] [PENJUALAN] CASHIER FORM : loadNoFaktur, noFakturValue [SLO001]
[ADMIN] [10/18/2016 12:18] [PENJUALAN] CASHIER FORM : ADD NEW ROW,  isActive [True]
[ADMIN] [10/18/2016 12:18] [PENJUALAN] CASHIER FORM : ADD NEW ROW,  ROW COUNT [0]
[ADMIN] [10/18/2016 12:18] [PENJUALAN] CASHIER FORM : ADD NEW ROW,  ALLOW TO ADD [True]
[ADMIN] [10/18/2016 12:18] [PENJUALAN] CASHIER FORM : REGISTER HOTKEY
[ADMIN] [10/18/2016 12:18] [PENJUALAN] CASHIER FORM : UNREGISTER HOTKEY
[ADMIN] [10/18/2016 12:18] [PENJUALAN] CASHIER FORM : UNREGISTER HOTKEY
[] [10/18/2016 14:21] [] USER = ADMIN IS ACTIVE
[ADMIN] [10/18/2016 14:21] [] USER ID = 1 LOGIN SUCCESSFULLY
[ADMIN] [10/18/2016 14:21] [] ACTIVATE USER ACCESS RIGHT
[ADMIN] [10/18/2016 14:21] [] DISPLAY ADMIN FORM
[ADMIN] [10/18/2016 14:21] [] adminForm Load
[ADMIN] [10/18/2016 15:23] [] USER ID = 1LOGOUT
