[] [10/1/2016 22:13] [] USER = ADMIN IS ACTIVE
[ADMIN] [10/1/2016 22:13] [] USER ID = 1 LOGIN SUCCESSFULLY
[ADMIN] [10/1/2016 22:13] [] ACTIVATE USER ACCESS RIGHT
[ADMIN] [10/1/2016 22:13] [] DISPLAY ADMIN FORM
[ADMIN] [10/1/2016 22:13] [] adminForm Load
[ADMIN] [10/1/2016 22:14] [PENJUALAN] CASHIER FORM : REGISTER HOTKEY
[ADMIN] [10/1/2016 22:14] [PENJUALAN] CASHIER FORM : loadNoFaktur, noFakturValue [SLO001]
[ADMIN] [10/1/2016 22:14] [PENJUALAN] CASHIER FORM : ADD NEW ROW,  isActive [True]
[ADMIN] [10/1/2016 22:14] [PENJUALAN] CASHIER FORM : ADD NEW ROW,  ROW COUNT [0]
[ADMIN] [10/1/2016 22:14] [PENJUALAN] CASHIER FORM : ADD NEW ROW,  ALLOW TO ADD [True]
[ADMIN] [10/1/2016 22:14] [PENJUALAN] CASHIER FORM : REGISTER HOTKEY
[ADMIN] [10/1/2016 22:14] [PENJUALAN] CASHIER FORM : DISPLAY PELANGGAN FORM
[ADMIN] [10/1/2016 22:14] [PENJUALAN] CASHIER FORM : UNREGISTER HOTKEY
[ADMIN] [10/1/2016 22:14] [PENJUALAN] CASHIER FORM : SELECTED TECHNICIAN ID [1]
[ADMIN] [10/1/2016 22:14] [PENJUALAN] CASHIER FORM : ATTEMPT TO SET CUSTOMER PROFILE
[ADMIN] [10/1/2016 22:14] [PENJUALAN] CASHIER FORM : FINISHED SET CUSTOMER PROFILE
[ADMIN] [10/1/2016 22:14] [PENJUALAN] CASHIER FORM : REGISTER HOTKEY
[ADMIN] [10/1/2016 22:14] [PENJUALAN] CASHIER FORM : HOTKEY TO SAVE AND PRINT OUT INVOICE PRESSED
[ADMIN] [10/1/2016 22:14] [PENJUALAN] CASHIER FORM : UNREGISTER HOTKEY
[ADMIN] [10/1/2016 22:14] [PENJUALAN] CASHIER FORM : REGISTER HOTKEY
[ADMIN] [10/1/2016 22:14] [PENJUALAN] ATTEMPT TO SAVE AND PRINT OUT INVOICE
[ADMIN] [10/1/2016 22:14] [PENJUALAN] CASHIER FORM : UNREGISTER HOTKEY
[ADMIN] [10/1/2016 22:14] [PENJUALAN] CASHIER FORM : REGISTER HOTKEY
[ADMIN] [10/1/2016 22:14] [PENJUALAN] CASHIER FORM : UNREGISTER HOTKEY
[ADMIN] [10/1/2016 22:14] [PENJUALAN] CASHIER FORM : ATTEMPT TO SAVE SALES DATA [01-10-2016 22:14]
[ADMIN] [10/1/2016 22:14] [PENJUALAN] CASHIER FORM : CASH SALES
[ADMIN] [10/1/2016 22:14] [PENJUALAN] INSERT INTO SURAT TUGAS HEADER [SLO001-9]
[ADMIN] [10/1/2016 22:14] [PENJUALAN] EXCEPTION THROWN [You have an error in your SQL syntax; check the manual that corresponds to your MySQL server version for the right syntax to use near 'STR_TO_DATE('01-10-2016 22:14', '%d-%m-%Y %H:%i'), '00:00', 0)' at line 1]
[ADMIN] [10/1/2016 22:14] [PENJUALAN] CASHIER FORM : REGISTER HOTKEY
[ADMIN] [10/1/2016 22:14] [PENJUALAN] CASHIER FORM : UNREGISTER HOTKEY
[ADMIN] [10/1/2016 22:15] [PENJUALAN] CASHIER FORM : REGISTER HOTKEY
[ADMIN] [10/1/2016 22:15] [PENJUALAN] CASHIER FORM : HOTKEY TO SAVE AND PRINT OUT INVOICE PRESSED
[ADMIN] [10/1/2016 22:15] [PENJUALAN] CASHIER FORM : UNREGISTER HOTKEY
[ADMIN] [10/1/2016 22:15] [PENJUALAN] CASHIER FORM : REGISTER HOTKEY
[ADMIN] [10/1/2016 22:15] [PENJUALAN] ATTEMPT TO SAVE AND PRINT OUT INVOICE
[ADMIN] [10/1/2016 22:15] [PENJUALAN] CASHIER FORM : UNREGISTER HOTKEY
[ADMIN] [10/1/2016 22:15] [PENJUALAN] CASHIER FORM : REGISTER HOTKEY
[ADMIN] [10/1/2016 22:15] [PENJUALAN] CASHIER FORM : UNREGISTER HOTKEY
[ADMIN] [10/1/2016 22:15] [PENJUALAN] CASHIER FORM : ATTEMPT TO SAVE SALES DATA [01-10-2016 22:15]
[ADMIN] [10/1/2016 22:15] [PENJUALAN] CASHIER FORM : CASH SALES
[] [10/1/2016 22:17] [] USER = ADMIN IS ACTIVE
[ADMIN] [10/1/2016 22:17] [] USER ID = 1 LOGIN SUCCESSFULLY
[ADMIN] [10/1/2016 22:17] [] ACTIVATE USER ACCESS RIGHT
[ADMIN] [10/1/2016 22:17] [] DISPLAY ADMIN FORM
[ADMIN] [10/1/2016 22:17] [] adminForm Load
[ADMIN] [10/1/2016 22:17] [PENJUALAN] CASHIER FORM : REGISTER HOTKEY
[ADMIN] [10/1/2016 22:18] [PENJUALAN] CASHIER FORM : loadNoFaktur, noFakturValue [SLO001]
[ADMIN] [10/1/2016 22:18] [PENJUALAN] CASHIER FORM : ADD NEW ROW,  isActive [True]
[ADMIN] [10/1/2016 22:18] [PENJUALAN] CASHIER FORM : ADD NEW ROW,  ROW COUNT [0]
[ADMIN] [10/1/2016 22:18] [PENJUALAN] CASHIER FORM : ADD NEW ROW,  ALLOW TO ADD [True]
[ADMIN] [10/1/2016 22:18] [PENJUALAN] CASHIER FORM : REGISTER HOTKEY
[ADMIN] [10/1/2016 22:18] [PENJUALAN] CASHIER FORM : DISPLAY PELANGGAN FORM
[ADMIN] [10/1/2016 22:18] [PENJUALAN] CASHIER FORM : UNREGISTER HOTKEY
[ADMIN] [10/1/2016 22:18] [PENJUALAN] CASHIER FORM : SELECTED TECHNICIAN ID [1]
[ADMIN] [10/1/2016 22:18] [PENJUALAN] CASHIER FORM : ATTEMPT TO SET CUSTOMER PROFILE
[ADMIN] [10/1/2016 22:18] [PENJUALAN] CASHIER FORM : FINISHED SET CUSTOMER PROFILE
[ADMIN] [10/1/2016 22:18] [PENJUALAN] CASHIER FORM : REGISTER HOTKEY
[ADMIN] [10/1/2016 22:18] [PENJUALAN] CASHIER FORM : HOTKEY TO SAVE AND PRINT OUT INVOICE PRESSED
[ADMIN] [10/1/2016 22:18] [PENJUALAN] CASHIER FORM : UNREGISTER HOTKEY
[ADMIN] [10/1/2016 22:18] [PENJUALAN] CASHIER FORM : REGISTER HOTKEY
[ADMIN] [10/1/2016 22:18] [PENJUALAN] ATTEMPT TO SAVE AND PRINT OUT INVOICE
[ADMIN] [10/1/2016 22:18] [PENJUALAN] CASHIER FORM : UNREGISTER HOTKEY
[ADMIN] [10/1/2016 22:18] [PENJUALAN] CASHIER FORM : REGISTER HOTKEY
[ADMIN] [10/1/2016 22:18] [PENJUALAN] CASHIER FORM : UNREGISTER HOTKEY
[ADMIN] [10/1/2016 22:18] [PENJUALAN] CASHIER FORM : ATTEMPT TO SAVE SALES DATA [01-10-2016 22:18]
[ADMIN] [10/1/2016 22:18] [PENJUALAN] CASHIER FORM : CASH SALES
[ADMIN] [10/1/2016 22:18] [PENJUALAN] INSERT INTO SURAT TUGAS HEADER [SLO001-9]
[ADMIN] [10/1/2016 22:18] [PENJUALAN] EXCEPTION THROWN [You have an error in your SQL syntax; check the manual that corresponds to your MySQL server version for the right syntax to use near '01-10-2016 22:18', '%d-%m-%Y %H:%i'), '00:00', 0)' at line 1]
[ADMIN] [10/1/2016 22:18] [PENJUALAN] CASHIER FORM : REGISTER HOTKEY
[ADMIN] [10/1/2016 22:18] [PENJUALAN] CASHIER FORM : UNREGISTER HOTKEY
[ADMIN] [10/1/2016 22:19] [PENJUALAN] CASHIER FORM : REGISTER HOTKEY
[ADMIN] [10/1/2016 22:19] [PENJUALAN] CASHIER FORM : HOTKEY TO SAVE AND PRINT OUT INVOICE PRESSED
[ADMIN] [10/1/2016 22:19] [PENJUALAN] CASHIER FORM : UNREGISTER HOTKEY
[ADMIN] [10/1/2016 22:19] [PENJUALAN] CASHIER FORM : REGISTER HOTKEY
[ADMIN] [10/1/2016 22:19] [PENJUALAN] ATTEMPT TO SAVE AND PRINT OUT INVOICE
[ADMIN] [10/1/2016 22:19] [PENJUALAN] CASHIER FORM : UNREGISTER HOTKEY
[ADMIN] [10/1/2016 22:19] [PENJUALAN] CASHIER FORM : REGISTER HOTKEY
[ADMIN] [10/1/2016 22:19] [PENJUALAN] CASHIER FORM : UNREGISTER HOTKEY
[ADMIN] [10/1/2016 22:19] [PENJUALAN] CASHIER FORM : ATTEMPT TO SAVE SALES DATA [01-10-2016 22:19]
[ADMIN] [10/1/2016 22:19] [PENJUALAN] CASHIER FORM : CASH SALES
[] [10/1/2016 22:20] [] USER = ADMIN IS ACTIVE
[ADMIN] [10/1/2016 22:20] [] USER ID = 1 LOGIN SUCCESSFULLY
[ADMIN] [10/1/2016 22:20] [] ACTIVATE USER ACCESS RIGHT
[ADMIN] [10/1/2016 22:20] [] DISPLAY ADMIN FORM
[ADMIN] [10/1/2016 22:20] [] adminForm Load
[ADMIN] [10/1/2016 22:20] [PENJUALAN] CASHIER FORM : REGISTER HOTKEY
[ADMIN] [10/1/2016 22:20] [PENJUALAN] CASHIER FORM : loadNoFaktur, noFakturValue [SLO001]
[ADMIN] [10/1/2016 22:20] [PENJUALAN] CASHIER FORM : ADD NEW ROW,  isActive [True]
[ADMIN] [10/1/2016 22:20] [PENJUALAN] CASHIER FORM : ADD NEW ROW,  ROW COUNT [0]
[ADMIN] [10/1/2016 22:20] [PENJUALAN] CASHIER FORM : ADD NEW ROW,  ALLOW TO ADD [True]
[ADMIN] [10/1/2016 22:20] [PENJUALAN] CASHIER FORM : REGISTER HOTKEY
[ADMIN] [10/1/2016 22:20] [PENJUALAN] CASHIER FORM : DISPLAY PELANGGAN FORM
[ADMIN] [10/1/2016 22:20] [PENJUALAN] CASHIER FORM : UNREGISTER HOTKEY
[ADMIN] [10/1/2016 22:20] [PENJUALAN] CASHIER FORM : SELECTED TECHNICIAN ID [1]
[ADMIN] [10/1/2016 22:20] [PENJUALAN] CASHIER FORM : ATTEMPT TO SET CUSTOMER PROFILE
[ADMIN] [10/1/2016 22:20] [PENJUALAN] CASHIER FORM : FINISHED SET CUSTOMER PROFILE
[ADMIN] [10/1/2016 22:20] [PENJUALAN] CASHIER FORM : REGISTER HOTKEY
[ADMIN] [10/1/2016 22:20] [PENJUALAN] CASHIER FORM : HOTKEY TO SAVE AND PRINT OUT INVOICE PRESSED
[ADMIN] [10/1/2016 22:20] [PENJUALAN] CASHIER FORM : UNREGISTER HOTKEY
[ADMIN] [10/1/2016 22:20] [PENJUALAN] CASHIER FORM : REGISTER HOTKEY
[ADMIN] [10/1/2016 22:20] [PENJUALAN] ATTEMPT TO SAVE AND PRINT OUT INVOICE
[ADMIN] [10/1/2016 22:20] [PENJUALAN] CASHIER FORM : UNREGISTER HOTKEY
[ADMIN] [10/1/2016 22:20] [PENJUALAN] CASHIER FORM : REGISTER HOTKEY
[ADMIN] [10/1/2016 22:20] [PENJUALAN] CASHIER FORM : UNREGISTER HOTKEY
[ADMIN] [10/1/2016 22:20] [PENJUALAN] CASHIER FORM : ATTEMPT TO SAVE SALES DATA [01-10-2016 22:20]
[ADMIN] [10/1/2016 22:20] [PENJUALAN] CASHIER FORM : CASH SALES
[ADMIN] [10/1/2016 22:20] [PENJUALAN] INSERT INTO SURAT TUGAS HEADER [SLO001-9]
[ADMIN] [10/1/2016 22:20] [PENJUALAN] CASHIER FORM : NO FAKTUR [SLO001]
[ADMIN] [10/1/2016 22:20] [PENJUALAN] CASHIER FORM : MAX SALES INVOICE [1]
[ADMIN] [10/1/2016 22:20] [PENJUALAN] CASHIER FORM : SALES INVOICE [SLO001-2]
[ADMIN] [10/1/2016 22:20] [PENJUALAN] INSERT INTO SALES HEADER TAX [0]
[ADMIN] [10/1/2016 22:20] [PENJUALAN] INSERT INTO SALES DETAIL TAX [1]
[ADMIN] [10/1/2016 22:20] [PENJUALAN] INSERT INTO SURAT TUGAS DETAIL[1, 2]
[ADMIN] [10/1/2016 22:20] [PENJUALAN] CASHIER FORM : REGISTER HOTKEY
[ADMIN] [10/1/2016 22:20] [PENJUALAN] TRANSACTION SAVED
[ADMIN] [10/1/2016 22:20] [PENJUALAN] PRINT OUT INVOICE
[ADMIN] [10/1/2016 22:20] [PENJUALAN] CASHIER FORM : PrintReceipt
[ADMIN] [10/1/2016 22:20] [PENJUALAN] CASHIER FORM : PrintReceipt, papermode [0]
[ADMIN] [10/1/2016 22:20] [PENJUALAN] CASHIER FORM : UNREGISTER HOTKEY
[ADMIN] [10/1/2016 22:20] [PENJUALAN] CASHIER FORM : REGISTER HOTKEY
[ADMIN] [10/1/2016 22:20] [PENJUALAN] CASHIER FORM : UNREGISTER HOTKEY
[ADMIN] [10/1/2016 22:21] [PENJUALAN] CASHIER FORM : REGISTER HOTKEY
[ADMIN] [10/1/2016 22:21] [PENJUALAN] VALIDATE USER CREDIT STATUS
[ADMIN] [10/1/2016 22:21] [PENJUALAN] CASHIER FORM : UNREGISTER HOTKEY
[ADMIN] [10/1/2016 22:21] [PENJUALAN] CASHIER FORM : REGISTER HOTKEY
[ADMIN] [10/1/2016 22:21] [PENJUALAN] CASHIER FORM : UNREGISTER HOTKEY
[ADMIN] [10/1/2016 22:21] [PENJUALAN] CASHIER FORM : UNREGISTER HOTKEY
[ADMIN] [10/1/2016 22:21] [PENJUALAN] CASHIER FORM : REGISTER HOTKEY
[ADMIN] [10/1/2016 22:21] [PENJUALAN] CASHIER FORM : loadNoFaktur, noFakturValue [SLO001]
[] [10/1/2016 22:22] [] USER = ADMIN IS ACTIVE
[ADMIN] [10/1/2016 22:22] [] USER ID = 1 LOGIN SUCCESSFULLY
[ADMIN] [10/1/2016 22:22] [] ACTIVATE USER ACCESS RIGHT
[ADMIN] [10/1/2016 22:22] [] DISPLAY ADMIN FORM
[ADMIN] [10/1/2016 22:22] [] adminForm Load
[ADMIN] [10/1/2016 22:22] [PENJUALAN] CASHIER FORM : REGISTER HOTKEY
[ADMIN] [10/1/2016 22:23] [PENJUALAN] CASHIER FORM : loadNoFaktur, noFakturValue [SLO001]
[] [10/1/2016 22:24] [] USER = ADMIN IS ACTIVE
[ADMIN] [10/1/2016 22:24] [] USER ID = 1 LOGIN SUCCESSFULLY
[ADMIN] [10/1/2016 22:24] [] ACTIVATE USER ACCESS RIGHT
[ADMIN] [10/1/2016 22:24] [] DISPLAY ADMIN FORM
[ADMIN] [10/1/2016 22:24] [] adminForm Load
[ADMIN] [10/1/2016 22:24] [PENJUALAN] CASHIER FORM : REGISTER HOTKEY
[ADMIN] [10/1/2016 22:24] [PENJUALAN] CASHIER FORM : loadNoFaktur, noFakturValue [SLO001]
[ADMIN] [10/1/2016 22:24] [PENJUALAN] CASHIER FORM : ADD NEW ROW,  isActive [True]
[ADMIN] [10/1/2016 22:24] [PENJUALAN] CASHIER FORM : ADD NEW ROW,  ROW COUNT [0]
[ADMIN] [10/1/2016 22:24] [PENJUALAN] CASHIER FORM : ADD NEW ROW,  ALLOW TO ADD [True]
[ADMIN] [10/1/2016 22:24] [PENJUALAN] CASHIER FORM : REGISTER HOTKEY
[ADMIN] [10/1/2016 22:24] [PENJUALAN] CASHIER FORM : UNREGISTER HOTKEY
[ADMIN] [10/1/2016 22:24] [PENJUALAN] CASHIER FORM : REGISTER HOTKEY
[ADMIN] [10/1/2016 22:25] [PENJUALAN] CASHIER FORM : HOTKEY TO SAVE AND PRINT OUT INVOICE PRESSED
[ADMIN] [10/1/2016 22:25] [PENJUALAN] CASHIER FORM : UNREGISTER HOTKEY
[ADMIN] [10/1/2016 22:25] [PENJUALAN] CASHIER FORM : REGISTER HOTKEY
[ADMIN] [10/1/2016 22:25] [PENJUALAN] ATTEMPT TO SAVE AND PRINT OUT INVOICE
[ADMIN] [10/1/2016 22:25] [PENJUALAN] CASHIER FORM : UNREGISTER HOTKEY
[ADMIN] [10/1/2016 22:25] [PENJUALAN] CASHIER FORM : UNREGISTER HOTKEY
[] [10/1/2016 22:29] [] USER = ADMIN IS ACTIVE
[ADMIN] [10/1/2016 22:29] [] USER ID = 1 LOGIN SUCCESSFULLY
[ADMIN] [10/1/2016 22:29] [] ACTIVATE USER ACCESS RIGHT
[ADMIN] [10/1/2016 22:29] [] DISPLAY ADMIN FORM
[ADMIN] [10/1/2016 22:29] [] adminForm Load
[ADMIN] [10/1/2016 22:29] [PENJUALAN] CASHIER FORM : REGISTER HOTKEY
[ADMIN] [10/1/2016 22:29] [PENJUALAN] CASHIER FORM : loadNoFaktur, noFakturValue [SLO001]
[ADMIN] [10/1/2016 22:29] [PENJUALAN] CASHIER FORM : ADD NEW ROW,  isActive [True]
[ADMIN] [10/1/2016 22:29] [PENJUALAN] CASHIER FORM : ADD NEW ROW,  ROW COUNT [0]
[ADMIN] [10/1/2016 22:29] [PENJUALAN] CASHIER FORM : ADD NEW ROW,  ALLOW TO ADD [True]
[ADMIN] [10/1/2016 22:29] [PENJUALAN] CASHIER FORM : REGISTER HOTKEY
[ADMIN] [10/1/2016 22:29] [PENJUALAN] CASHIER FORM : HOTKEY TO SAVE AND PRINT OUT INVOICE PRESSED
[ADMIN] [10/1/2016 22:29] [PENJUALAN] CASHIER FORM : UNREGISTER HOTKEY
[ADMIN] [10/1/2016 22:29] [PENJUALAN] CASHIER FORM : REGISTER HOTKEY
[ADMIN] [10/1/2016 22:29] [PENJUALAN] ATTEMPT TO SAVE AND PRINT OUT INVOICE
[ADMIN] [10/1/2016 22:29] [PENJUALAN] CASHIER FORM : UNREGISTER HOTKEY
[ADMIN] [10/1/2016 22:29] [PENJUALAN] CASHIER FORM : REGISTER HOTKEY
[ADMIN] [10/1/2016 22:29] [PENJUALAN] CASHIER FORM : UNREGISTER HOTKEY
[ADMIN] [10/1/2016 22:29] [PENJUALAN] CASHIER FORM : ATTEMPT TO SAVE SALES DATA [01-10-2016 22:29]
[ADMIN] [10/1/2016 22:29] [PENJUALAN] CASHIER FORM : CASH SALES
[ADMIN] [10/1/2016 22:29] [PENJUALAN] UPDATE SURAT TUGAS [SLO001-9]
[ADMIN] [10/1/2016 22:29] [PENJUALAN] CLEAR SURAT TUGAS [SLO001-9]
[ADMIN] [10/1/2016 22:29] [PENJUALAN] CASHIER FORM : NO FAKTUR [SLO001]
[ADMIN] [10/1/2016 22:29] [PENJUALAN] CASHIER FORM : MAX SALES INVOICE [2]
[ADMIN] [10/1/2016 22:29] [PENJUALAN] CASHIER FORM : SALES INVOICE [SLO001-3]
[ADMIN] [10/1/2016 22:29] [PENJUALAN] INSERT INTO SALES HEADER TAX [0]
[ADMIN] [10/1/2016 22:29] [PENJUALAN] INSERT INTO SALES DETAIL TAX [1]
[ADMIN] [10/1/2016 22:29] [PENJUALAN] INSERT INTO SURAT TUGAS DETAIL[1, 2]
[ADMIN] [10/1/2016 22:29] [PENJUALAN] CASHIER FORM : REGISTER HOTKEY
[ADMIN] [10/1/2016 22:29] [PENJUALAN] TRANSACTION SAVED
[ADMIN] [10/1/2016 22:29] [PENJUALAN] PRINT OUT INVOICE
[ADMIN] [10/1/2016 22:29] [PENJUALAN] CASHIER FORM : PrintReceipt
[ADMIN] [10/1/2016 22:29] [PENJUALAN] CASHIER FORM : PrintReceipt, POS size Paper
[ADMIN] [10/1/2016 22:30] [PENJUALAN] CASHIER FORM : loadInfoToko
[ADMIN] [10/1/2016 22:30] [PENJUALAN] CASHIER FORM : calculatePageLength, totalLengthPage [388]
[ADMIN] [10/1/2016 22:30] [PENJUALAN] CASHIER FORM : UNREGISTER HOTKEY
[ADMIN] [10/1/2016 22:30] [PENJUALAN] CASHIER FORM : printDocument1_PrintPage, print POS size receipt
[ADMIN] [10/1/2016 22:30] [PENJUALAN] CASHIER FORM : loadInfoToko
[ADMIN] [10/1/2016 22:30] [PENJUALAN] CASHIER FORM : loadNamaUser
[ADMIN] [10/1/2016 22:30] [PENJUALAN] CASHIER FORM : REGISTER HOTKEY
[] [10/3/2016 14:44] [] USER = ADMIN IS ACTIVE
[ADMIN] [10/3/2016 14:44] [] USER ID = 1 LOGIN SUCCESSFULLY
[ADMIN] [10/3/2016 14:44] [] ACTIVATE USER ACCESS RIGHT
[ADMIN] [10/3/2016 14:44] [] DISPLAY ADMIN FORM
[ADMIN] [10/3/2016 14:44] [] adminForm Load
[] [10/3/2016 14:45] [] USER = ADMIN IS ACTIVE
[ADMIN] [10/3/2016 14:45] [] USER ID = 1 LOGIN SUCCESSFULLY
[ADMIN] [10/3/2016 14:45] [] ACTIVATE USER ACCESS RIGHT
[ADMIN] [10/3/2016 14:45] [] DISPLAY ADMIN FORM
[ADMIN] [10/3/2016 14:45] [] adminForm Load
[] [10/3/2016 14:46] [] USER = ADMIN IS ACTIVE
[ADMIN] [10/3/2016 14:46] [] USER ID = 1 LOGIN SUCCESSFULLY
[ADMIN] [10/3/2016 14:46] [] ACTIVATE USER ACCESS RIGHT
[ADMIN] [10/3/2016 14:46] [] DISPLAY ADMIN FORM
[ADMIN] [10/3/2016 14:46] [] adminForm Load
[] [10/3/2016 14:50] [] USER = ADMIN IS ACTIVE
[ADMIN] [10/3/2016 14:50] [] USER ID = 1 LOGIN SUCCESSFULLY
[ADMIN] [10/3/2016 14:50] [] ACTIVATE USER ACCESS RIGHT
[ADMIN] [10/3/2016 14:50] [] DISPLAY ADMIN FORM
[ADMIN] [10/3/2016 14:50] [] adminForm Load
[] [10/6/2016 12:24] [] USER = ADMIN IS ACTIVE
[ADMIN] [10/6/2016 12:24] [] USER ID = 1 LOGIN SUCCESSFULLY
[ADMIN] [10/6/2016 12:24] [] ACTIVATE USER ACCESS RIGHT
[ADMIN] [10/6/2016 12:24] [] DISPLAY ADMIN FORM
[ADMIN] [10/6/2016 12:24] [] adminForm Load
[ADMIN] [10/6/2016 12:25] [PENJUALAN] CASHIER FORM : REGISTER HOTKEY
[ADMIN] [10/6/2016 12:25] [PENJUALAN] CASHIER FORM : loadNoFaktur, noFakturValue [SLO001]
[] [10/6/2016 12:26] [] USER = ADMIN IS ACTIVE
[ADMIN] [10/6/2016 12:26] [] USER ID = 1 LOGIN SUCCESSFULLY
[ADMIN] [10/6/2016 12:26] [] ACTIVATE USER ACCESS RIGHT
[ADMIN] [10/6/2016 12:26] [] DISPLAY ADMIN FORM
[ADMIN] [10/6/2016 12:26] [] adminForm Load
[ADMIN] [10/6/2016 12:26] [PENJUALAN] CASHIER FORM : REGISTER HOTKEY
[ADMIN] [10/6/2016 12:26] [PENJUALAN] CASHIER FORM : loadNoFaktur, noFakturValue [SLO001]
[ADMIN] [10/6/2016 12:26] [PENJUALAN] CASHIER FORM : ADD NEW ROW,  isActive [True]
[ADMIN] [10/6/2016 12:26] [PENJUALAN] CASHIER FORM : ADD NEW ROW,  ROW COUNT [0]
[ADMIN] [10/6/2016 12:26] [PENJUALAN] CASHIER FORM : ADD NEW ROW,  ALLOW TO ADD [True]
[ADMIN] [10/6/2016 12:26] [PENJUALAN] CASHIER FORM : REGISTER HOTKEY
[ADMIN] [10/6/2016 12:27] [PENJUALAN] UPDATE JOB FINISHED SURAT TUGAS [SLO001-9]
[ADMIN] [10/6/2016 12:27] [PENJUALAN] CASHIER FORM : UNREGISTER HOTKEY
[ADMIN] [10/6/2016 12:27] [PENJUALAN] CASHIER FORM : REGISTER HOTKEY
[ADMIN] [10/6/2016 12:27] [PENJUALAN] UPDATE JOB FINISHED SURAT TUGAS [SLO001-9]
[ADMIN] [10/6/2016 12:28] [PENJUALAN] EXCEPTION THROWN [Timeout expired.  The timeout period elapsed prior to completion of the operation or the server is not responding.]
[] [10/6/2016 12:40] [] USER = ADMIN IS ACTIVE
[ADMIN] [10/6/2016 12:40] [] USER ID = 1 LOGIN SUCCESSFULLY
[ADMIN] [10/6/2016 12:41] [] ACTIVATE USER ACCESS RIGHT
[ADMIN] [10/6/2016 12:41] [] DISPLAY ADMIN FORM
[ADMIN] [10/6/2016 12:41] [] adminForm Load
[ADMIN] [10/6/2016 12:41] [PENJUALAN] CASHIER FORM : REGISTER HOTKEY
[ADMIN] [10/6/2016 12:41] [PENJUALAN] CASHIER FORM : loadNoFaktur, noFakturValue [SLO001]
[ADMIN] [10/6/2016 12:41] [PENJUALAN] CASHIER FORM : ADD NEW ROW,  isActive [True]
[ADMIN] [10/6/2016 12:41] [PENJUALAN] CASHIER FORM : ADD NEW ROW,  ROW COUNT [0]
[ADMIN] [10/6/2016 12:41] [PENJUALAN] CASHIER FORM : ADD NEW ROW,  ALLOW TO ADD [True]
[ADMIN] [10/6/2016 12:41] [PENJUALAN] CASHIER FORM : REGISTER HOTKEY
[ADMIN] [10/6/2016 12:42] [PENJUALAN] UPDATE JOB FINISHED SURAT TUGAS [SLO001-9]
[ADMIN] [10/6/2016 12:42] [PENJUALAN] CASHIER FORM : UNREGISTER HOTKEY
[ADMIN] [10/6/2016 12:42] [PENJUALAN] CASHIER FORM : REGISTER HOTKEY
[ADMIN] [10/6/2016 12:42] [PENJUALAN] CASHIER FORM : UNREGISTER HOTKEY
[] [10/6/2016 12:48] [] USER = ADMIN IS ACTIVE
[ADMIN] [10/6/2016 12:48] [] USER ID = 1 LOGIN SUCCESSFULLY
[ADMIN] [10/6/2016 12:48] [] ACTIVATE USER ACCESS RIGHT
[ADMIN] [10/6/2016 12:49] [] DISPLAY ADMIN FORM
[ADMIN] [10/6/2016 12:49] [] adminForm Load
[ADMIN] [10/6/2016 12:49] [PENJUALAN] CASHIER FORM : REGISTER HOTKEY
[ADMIN] [10/6/2016 12:49] [PENJUALAN] CASHIER FORM : loadNoFaktur, noFakturValue [SLO001]
[ADMIN] [10/6/2016 12:49] [PENJUALAN] CASHIER FORM : ADD NEW ROW,  isActive [True]
[ADMIN] [10/6/2016 12:49] [PENJUALAN] CASHIER FORM : ADD NEW ROW,  ROW COUNT [0]
[ADMIN] [10/6/2016 12:49] [PENJUALAN] CASHIER FORM : ADD NEW ROW,  ALLOW TO ADD [True]
[ADMIN] [10/6/2016 12:49] [PENJUALAN] CASHIER FORM : REGISTER HOTKEY
[ADMIN] [10/6/2016 12:49] [PENJUALAN] UPDATE JOB FINISHED SURAT TUGAS [SLO001-9]
[ADMIN] [10/6/2016 12:49] [PENJUALAN] CASHIER FORM : UNREGISTER HOTKEY
[ADMIN] [10/6/2016 12:49] [PENJUALAN] CASHIER FORM : REGISTER HOTKEY
[ADMIN] [10/6/2016 12:49] [PENJUALAN] CASHIER FORM : UNREGISTER HOTKEY
[ADMIN] [10/6/2016 12:49] [PENJUALAN] CASHIER FORM : UNREGISTER HOTKEY
[ADMIN] [10/6/2016 12:49] [PENJUALAN] CASHIER FORM : REGISTER HOTKEY
[ADMIN] [10/6/2016 12:49] [PENJUALAN] CASHIER FORM : loadNoFaktur, noFakturValue [SLO001]
[] [10/6/2016 13:14] [] USER = ADMIN IS ACTIVE
[ADMIN] [10/6/2016 13:14] [] USER ID = 1 LOGIN SUCCESSFULLY
[ADMIN] [10/6/2016 13:15] [] ACTIVATE USER ACCESS RIGHT
[ADMIN] [10/6/2016 13:15] [] DISPLAY ADMIN FORM
[ADMIN] [10/6/2016 13:15] [] adminForm Load
[ADMIN] [10/6/2016 13:15] [PENJUALAN] CASHIER FORM : REGISTER HOTKEY
[ADMIN] [10/6/2016 13:15] [PENJUALAN] CASHIER FORM : loadNoFaktur, noFakturValue [SLO001]
[ADMIN] [10/6/2016 13:15] [PENJUALAN] CASHIER FORM : ADD NEW ROW,  isActive [True]
[ADMIN] [10/6/2016 13:15] [PENJUALAN] CASHIER FORM : ADD NEW ROW,  ROW COUNT [0]
[ADMIN] [10/6/2016 13:15] [PENJUALAN] CASHIER FORM : ADD NEW ROW,  ALLOW TO ADD [True]
[ADMIN] [10/6/2016 13:15] [PENJUALAN] CASHIER FORM : REGISTER HOTKEY
[ADMIN] [10/6/2016 13:15] [PENJUALAN] UPDATE JOB FINISHED SURAT TUGAS [SLO001-8]
[ADMIN] [10/6/2016 13:15] [PENJUALAN] CASHIER FORM : UNREGISTER HOTKEY
[ADMIN] [10/6/2016 13:15] [PENJUALAN] CASHIER FORM : REGISTER HOTKEY
[ADMIN] [10/6/2016 13:15] [PENJUALAN] CASHIER FORM : UNREGISTER HOTKEY
[ADMIN] [10/6/2016 13:15] [PENJUALAN] CASHIER FORM : UNREGISTER HOTKEY
[ADMIN] [10/6/2016 13:15] [PENJUALAN] CASHIER FORM : REGISTER HOTKEY
[ADMIN] [10/6/2016 13:15] [PENJUALAN] CASHIER FORM : loadNoFaktur, noFakturValue [SLO001]
[ADMIN] [10/6/2016 13:15] [PENJUALAN] CASHIER FORM : ADD NEW ROW,  isActive [True]
[ADMIN] [10/6/2016 13:15] [PENJUALAN] CASHIER FORM : ADD NEW ROW,  ROW COUNT [0]
[ADMIN] [10/6/2016 13:15] [PENJUALAN] CASHIER FORM : ADD NEW ROW,  ALLOW TO ADD [True]
[ADMIN] [10/6/2016 13:15] [PENJUALAN] CASHIER FORM : REGISTER HOTKEY
[ADMIN] [10/6/2016 13:15] [PENJUALAN] CASHIER FORM : UNREGISTER HOTKEY
[ADMIN] [10/6/2016 13:15] [PENJUALAN] CASHIER FORM : UNREGISTER HOTKEY
[ADMIN] [10/6/2016 13:15] [] USER ID = 1LOGOUT
