[] [9/27/2016 15:14] [] USER = ADMIN IS ACTIVE
[ADMIN] [9/27/2016 15:14] [] USER ID = 1 LOGIN SUCCESSFULLY
[ADMIN] [9/27/2016 15:14] [] ACTIVATE USER ACCESS RIGHT
[ADMIN] [9/27/2016 15:14] [] DISPLAY ADMIN FORM
[ADMIN] [9/27/2016 15:14] [] adminForm Load
[ADMIN] [9/27/2016 15:15] [PENJUALAN] CASHIER FORM : REGISTER HOTKEY
[ADMIN] [9/27/2016 15:15] [PENJUALAN] CASHIER FORM : loadNoFaktur, noFakturValue [SLO001]
[ADMIN] [9/27/2016 15:15] [PENJUALAN] CASHIER FORM : calculateTotal
[ADMIN] [9/27/2016 15:15] [PENJUALAN] CASHIER FORM : calculateTotal [0]
[ADMIN] [9/27/2016 15:15] [PENJUALAN] CASHIER FORM : calculateTotal, totalAfterDisc [0]
[ADMIN] [9/27/2016 15:15] [PENJUALAN] CASHIER FORM : REGISTER HOTKEY
[ADMIN] [9/27/2016 15:15] [PENJUALAN] CASHIER FORM : HOTKEY TO ADD NEW ROW PRESSED
[ADMIN] [9/27/2016 15:15] [PENJUALAN] CASHIER FORM : ADD NEW ROW,  isActive [True]
[ADMIN] [9/27/2016 15:15] [PENJUALAN] CASHIER FORM : ADD NEW ROW,  ROW COUNT [0]
[ADMIN] [9/27/2016 15:15] [PENJUALAN] CASHIER FORM : ADD NEW ROW,  ALLOW TO ADD [True]
[ADMIN] [9/27/2016 15:15] [PENJUALAN] CASHIER FORM : cashierDataGridView_CellValueChanged [F8]
[ADMIN] [9/27/2016 15:15] [PENJUALAN] CASHIER FORM : cashierDataGridView_CellValueChanged [hpp]
[ADMIN] [9/27/2016 15:15] [PENJUALAN] CASHIER FORM : TextBox_TextChanged, previousInput []
[ADMIN] [9/27/2016 15:15] [PENJUALAN] CASHIER FORM : TextBox_TextChanged, dataGridViewTextBoxEditingControl.Text pass REGEX Checking
[ADMIN] [9/27/2016 15:15] [PENJUALAN] CASHIER FORM : CALCULATE SUBTOTAL
[ADMIN] [9/27/2016 15:15] [PENJUALAN] CASHIER FORM : SUBTOTAL [0]
[ADMIN] [9/27/2016 15:15] [PENJUALAN] CASHIER FORM : TextBox_TextChanged, subtotal value [0]
[ADMIN] [9/27/2016 15:15] [PENJUALAN] CASHIER FORM : cashierDataGridView_CellValueChanged [jumlah]
[ADMIN] [9/27/2016 15:15] [PENJUALAN] CASHIER FORM : TextBox_TextChanged, attempt to calculate total value
[ADMIN] [9/27/2016 15:15] [PENJUALAN] CASHIER FORM : calculateTotal
[ADMIN] [9/27/2016 15:15] [PENJUALAN] CASHIER FORM : calculateTotal [0]
[ADMIN] [9/27/2016 15:15] [PENJUALAN] CASHIER FORM : calculateTotal, totalAfterDisc [0]
[ADMIN] [9/27/2016 15:15] [PENJUALAN] CASHIER FORM : cashierDataGridView_CellValueChanged [productPrice]
[ADMIN] [9/27/2016 15:15] [PENJUALAN] CASHIER FORM : cashierDataGridView_CellValueChanged [disc1]
[ADMIN] [9/27/2016 15:15] [PENJUALAN] CASHIER FORM : TextBox_TextChanged, previousInput []
[ADMIN] [9/27/2016 15:15] [PENJUALAN] CASHIER FORM : TextBox_TextChanged, dataGridViewTextBoxEditingControl.Text pass REGEX Checking
[ADMIN] [9/27/2016 15:15] [PENJUALAN] CASHIER FORM : CALCULATE SUBTOTAL
[ADMIN] [9/27/2016 15:15] [PENJUALAN] CASHIER FORM : SUBTOTAL [0]
[ADMIN] [9/27/2016 15:15] [PENJUALAN] CASHIER FORM : TextBox_TextChanged, subtotal value [0]
[ADMIN] [9/27/2016 15:15] [PENJUALAN] CASHIER FORM : TextBox_TextChanged, attempt to calculate total value
[ADMIN] [9/27/2016 15:15] [PENJUALAN] CASHIER FORM : calculateTotal
[ADMIN] [9/27/2016 15:15] [PENJUALAN] CASHIER FORM : calculateTotal [0]
[ADMIN] [9/27/2016 15:15] [PENJUALAN] CASHIER FORM : calculateTotal, totalAfterDisc [0]
[ADMIN] [9/27/2016 15:15] [PENJUALAN] CASHIER FORM : cashierDataGridView_CellValueChanged [qty]
[ADMIN] [9/27/2016 15:15] [PENJUALAN] CASHIER FORM : TextBox_TextChanged, previousInput []
[ADMIN] [9/27/2016 15:15] [PENJUALAN] CASHIER FORM : TextBox_TextChanged, dataGridViewTextBoxEditingControl.Text pass REGEX Checking
[ADMIN] [9/27/2016 15:15] [PENJUALAN] CASHIER FORM : CALCULATE SUBTOTAL
[ADMIN] [9/27/2016 15:15] [PENJUALAN] CASHIER FORM : SUBTOTAL [0]
[ADMIN] [9/27/2016 15:15] [PENJUALAN] CASHIER FORM : TextBox_TextChanged, subtotal value [0]
[ADMIN] [9/27/2016 15:15] [PENJUALAN] CASHIER FORM : TextBox_TextChanged, attempt to calculate total value
[ADMIN] [9/27/2016 15:15] [PENJUALAN] CASHIER FORM : calculateTotal
[ADMIN] [9/27/2016 15:15] [PENJUALAN] CASHIER FORM : calculateTotal [0]
[ADMIN] [9/27/2016 15:15] [PENJUALAN] CASHIER FORM : calculateTotal, totalAfterDisc [0]
[ADMIN] [9/27/2016 15:15] [PENJUALAN] CASHIER FORM : cashierDataGridView_CellValueChanged [disc2]
[ADMIN] [9/27/2016 15:15] [PENJUALAN] CASHIER FORM : TextBox_TextChanged, previousInput []
[ADMIN] [9/27/2016 15:15] [PENJUALAN] CASHIER FORM : TextBox_TextChanged, dataGridViewTextBoxEditingControl.Text pass REGEX Checking
[ADMIN] [9/27/2016 15:15] [PENJUALAN] CASHIER FORM : CALCULATE SUBTOTAL
[ADMIN] [9/27/2016 15:15] [PENJUALAN] CASHIER FORM : SUBTOTAL [0]
[ADMIN] [9/27/2016 15:15] [PENJUALAN] CASHIER FORM : TextBox_TextChanged, subtotal value [0]
[ADMIN] [9/27/2016 15:15] [PENJUALAN] CASHIER FORM : TextBox_TextChanged, attempt to calculate total value
[ADMIN] [9/27/2016 15:15] [PENJUALAN] CASHIER FORM : calculateTotal
[ADMIN] [9/27/2016 15:15] [PENJUALAN] CASHIER FORM : calculateTotal [0]
[ADMIN] [9/27/2016 15:15] [PENJUALAN] CASHIER FORM : calculateTotal, totalAfterDisc [0]
[ADMIN] [9/27/2016 15:15] [PENJUALAN] CASHIER FORM : cashierDataGridView_CellValueChanged [discRP]
[ADMIN] [9/27/2016 15:15] [PENJUALAN] CASHIER FORM : TextBox_TextChanged, previousInput []
[ADMIN] [9/27/2016 15:15] [PENJUALAN] CASHIER FORM : TextBox_TextChanged, dataGridViewTextBoxEditingControl.Text pass REGEX Checking
[ADMIN] [9/27/2016 15:15] [PENJUALAN] CASHIER FORM : CALCULATE SUBTOTAL
[ADMIN] [9/27/2016 15:15] [PENJUALAN] CASHIER FORM : SUBTOTAL [0]
[ADMIN] [9/27/2016 15:15] [PENJUALAN] CASHIER FORM : TextBox_TextChanged, subtotal value [0]
[ADMIN] [9/27/2016 15:15] [PENJUALAN] CASHIER FORM : TextBox_TextChanged, attempt to calculate total value
[ADMIN] [9/27/2016 15:15] [PENJUALAN] CASHIER FORM : calculateTotal
[ADMIN] [9/27/2016 15:15] [PENJUALAN] CASHIER FORM : calculateTotal [0]
[ADMIN] [9/27/2016 15:15] [PENJUALAN] CASHIER FORM : calculateTotal, totalAfterDisc [0]
[ADMIN] [9/27/2016 15:15] [PENJUALAN] CASHIER FORM : cashierDataGridView_CellValueChanged [jumlah]
[ADMIN] [9/27/2016 15:15] [PENJUALAN] CASHIER FORM : cashierDataGridView_CellValueChanged [productName]
[ADMIN] [9/27/2016 15:15] [PENJUALAN] CASHIER FORM : cashierDataGridView_CellValueChanged [productName]
[ADMIN] [9/27/2016 15:15] [PENJUALAN] CASHIER FORM : calculateTotal
[ADMIN] [9/27/2016 15:15] [PENJUALAN] CASHIER FORM : calculateTotal [0]
[ADMIN] [9/27/2016 15:15] [PENJUALAN] CASHIER FORM : calculateTotal, totalAfterDisc [0]
[ADMIN] [9/27/2016 15:15] [PENJUALAN] CASHIER FORM : cashierDataGridView_CellValueChanged [productName]
[ADMIN] [9/27/2016 15:15] [PENJUALAN] CASHIER FORM : cashierDataGridView_CellValueChanged [productName]
[ADMIN] [9/27/2016 15:15] [PENJUALAN] CASHIER FORM : calculateTotal
[ADMIN] [9/27/2016 15:15] [PENJUALAN] CASHIER FORM : calculateTotal [0]
[ADMIN] [9/27/2016 15:15] [PENJUALAN] CASHIER FORM : calculateTotal, totalAfterDisc [0]
[ADMIN] [9/27/2016 15:15] [PENJUALAN] CASHIER FORM : cashierDataGridView_CellValueChanged [productName]
[ADMIN] [9/27/2016 15:15] [PENJUALAN] CASHIER FORM : cashierDataGridView_CellValueChanged [productID]
[ADMIN] [9/27/2016 15:15] [PENJUALAN] CASHIER FORM : PRODUCT PRICE TYPE [PRODUCT_BASE_PRICE]
[ADMIN] [9/27/2016 15:15] [PENJUALAN] CASHIER FORM : PRODUCT PRICE [10]
[ADMIN] [9/27/2016 15:15] [PENJUALAN] CASHIER FORM : ComboBox_SelectedIndexChanged, PRODUCT_BASE_PRICE [10]
[ADMIN] [9/27/2016 15:15] [PENJUALAN] CASHIER FORM : cashierDataGridView_CellValueChanged [hpp]
[ADMIN] [9/27/2016 15:15] [PENJUALAN] CASHIER FORM : TextBox_TextChanged, previousInput []
[ADMIN] [9/27/2016 15:15] [PENJUALAN] CASHIER FORM : TextBox_TextChanged, dataGridViewTextBoxEditingControl.Text pass REGEX Checking
[ADMIN] [9/27/2016 15:15] [PENJUALAN] CASHIER FORM : CALCULATE SUBTOTAL
[ADMIN] [9/27/2016 15:15] [PENJUALAN] CASHIER FORM : SUBTOTAL [0]
[ADMIN] [9/27/2016 15:15] [PENJUALAN] CASHIER FORM : TextBox_TextChanged, subtotal value [0]
[ADMIN] [9/27/2016 15:15] [PENJUALAN] CASHIER FORM : cashierDataGridView_CellValueChanged [jumlah]
[ADMIN] [9/27/2016 15:15] [PENJUALAN] CASHIER FORM : TextBox_TextChanged, attempt to calculate total value
[ADMIN] [9/27/2016 15:15] [PENJUALAN] CASHIER FORM : calculateTotal
[ADMIN] [9/27/2016 15:15] [PENJUALAN] CASHIER FORM : calculateTotal [0]
[ADMIN] [9/27/2016 15:15] [PENJUALAN] CASHIER FORM : calculateTotal, totalAfterDisc [0]
[ADMIN] [9/27/2016 15:15] [PENJUALAN] CASHIER FORM : PRODUCT PRICE TYPE [PRODUCT_RETAIL_PRICE]
[ADMIN] [9/27/2016 15:15] [PENJUALAN] CASHIER FORM : PRODUCT PRICE [1]
[ADMIN] [9/27/2016 15:15] [PENJUALAN] CASHIER FORM : ComboBox_SelectedIndexChanged, PRODUCT_SALES_PRICE [1]
[ADMIN] [9/27/2016 15:15] [PENJUALAN] CASHIER FORM : cashierDataGridView_CellValueChanged [productPrice]
[ADMIN] [9/27/2016 15:15] [PENJUALAN] CASHIER FORM : cashierDataGridView_CellValueChanged [qty]
[ADMIN] [9/27/2016 15:15] [PENJUALAN] CASHIER FORM : TextBox_TextChanged, previousInput []
[ADMIN] [9/27/2016 15:15] [PENJUALAN] CASHIER FORM : TextBox_TextChanged, dataGridViewTextBoxEditingControl.Text pass REGEX Checking
[ADMIN] [9/27/2016 15:15] [PENJUALAN] CASHIER FORM : CALCULATE SUBTOTAL
[ADMIN] [9/27/2016 15:15] [PENJUALAN] CASHIER FORM : SUBTOTAL [0]
[ADMIN] [9/27/2016 15:15] [PENJUALAN] CASHIER FORM : TextBox_TextChanged, subtotal value [0]
[ADMIN] [9/27/2016 15:15] [PENJUALAN] CASHIER FORM : TextBox_TextChanged, attempt to calculate total value
[ADMIN] [9/27/2016 15:15] [PENJUALAN] CASHIER FORM : calculateTotal
[ADMIN] [9/27/2016 15:15] [PENJUALAN] CASHIER FORM : calculateTotal [0]
[ADMIN] [9/27/2016 15:15] [PENJUALAN] CASHIER FORM : calculateTotal, totalAfterDisc [0]
[ADMIN] [9/27/2016 15:15] [PENJUALAN] CASHIER FORM : ComboBox_SelectedIndexChanged, attempt to calculate total
[ADMIN] [9/27/2016 15:15] [PENJUALAN] CASHIER FORM : calculateTotal
[ADMIN] [9/27/2016 15:15] [PENJUALAN] CASHIER FORM : calculateTotal [0]
[ADMIN] [9/27/2016 15:15] [PENJUALAN] CASHIER FORM : calculateTotal, totalAfterDisc [0]
[ADMIN] [9/27/2016 15:15] [PENJUALAN] CASHIER FORM : cashierDataGridView_CellValueChanged [productName]
[ADMIN] [9/27/2016 15:15] [PENJUALAN] CASHIER FORM : cashierDataGridView_CellValueChanged [productName]
[ADMIN] [9/27/2016 15:15] [PENJUALAN] CASHIER FORM : cashierDataGridView_CellValueChanged [hpp]
[ADMIN] [9/27/2016 15:15] [PENJUALAN] CASHIER FORM : TextBox_TextChanged, previousInput []
[ADMIN] [9/27/2016 15:15] [PENJUALAN] CASHIER FORM : TextBox_TextChanged, dataGridViewTextBoxEditingControl.Text pass REGEX Checking
[ADMIN] [9/27/2016 15:15] [PENJUALAN] CASHIER FORM : CALCULATE SUBTOTAL
[ADMIN] [9/27/2016 15:15] [PENJUALAN] CASHIER FORM : SUBTOTAL [0]
[ADMIN] [9/27/2016 15:15] [PENJUALAN] CASHIER FORM : TextBox_TextChanged, subtotal value [0]
[ADMIN] [9/27/2016 15:15] [PENJUALAN] CASHIER FORM : TextBox_TextChanged, attempt to calculate total value
[ADMIN] [9/27/2016 15:15] [PENJUALAN] CASHIER FORM : calculateTotal
[ADMIN] [9/27/2016 15:15] [PENJUALAN] CASHIER FORM : calculateTotal [0]
[ADMIN] [9/27/2016 15:15] [PENJUALAN] CASHIER FORM : calculateTotal, totalAfterDisc [0]
[ADMIN] [9/27/2016 15:15] [PENJUALAN] CASHIER FORM : cashierDataGridView_CellValueChanged [productPrice]
[ADMIN] [9/27/2016 15:15] [PENJUALAN] CASHIER FORM : cashierDataGridView_CellValueChanged [qty]
[ADMIN] [9/27/2016 15:15] [PENJUALAN] CASHIER FORM : TextBox_TextChanged, previousInput []
[ADMIN] [9/27/2016 15:15] [PENJUALAN] CASHIER FORM : TextBox_TextChanged, dataGridViewTextBoxEditingControl.Text pass REGEX Checking
[ADMIN] [9/27/2016 15:15] [PENJUALAN] CASHIER FORM : CALCULATE SUBTOTAL
[ADMIN] [9/27/2016 15:15] [PENJUALAN] CASHIER FORM : SUBTOTAL [0]
[ADMIN] [9/27/2016 15:15] [PENJUALAN] CASHIER FORM : TextBox_TextChanged, subtotal value [0]
[ADMIN] [9/27/2016 15:15] [PENJUALAN] CASHIER FORM : TextBox_TextChanged, attempt to calculate total value
[ADMIN] [9/27/2016 15:15] [PENJUALAN] CASHIER FORM : calculateTotal
[ADMIN] [9/27/2016 15:15] [PENJUALAN] CASHIER FORM : calculateTotal [0]
[ADMIN] [9/27/2016 15:15] [PENJUALAN] CASHIER FORM : calculateTotal, totalAfterDisc [0]
[ADMIN] [9/27/2016 15:15] [PENJUALAN] CASHIER FORM : cashierDataGridView_CellValueChanged [jumlah]
[ADMIN] [9/27/2016 15:15] [PENJUALAN] CASHIER FORM : calculateTotal
[ADMIN] [9/27/2016 15:15] [PENJUALAN] CASHIER FORM : calculateTotal [0]
[ADMIN] [9/27/2016 15:15] [PENJUALAN] CASHIER FORM : calculateTotal, totalAfterDisc [0]
[ADMIN] [9/27/2016 15:15] [PENJUALAN] CASHIER FORM : cashierDataGridView_CellValueChanged [productName]
[ADMIN] [9/27/2016 15:15] [PENJUALAN] CASHIER FORM : cashierDataGridView_CellValueChanged [productPrice]
[ADMIN] [9/27/2016 15:15] [PENJUALAN] CASHIER FORM : cashierDataGridView_CellValueChanged [productPrice]
[ADMIN] [9/27/2016 15:15] [PENJUALAN] CASHIER FORM : cashierDataGridView_CellValueChanged [productPrice]
[ADMIN] [9/27/2016 15:15] [PENJUALAN] CASHIER FORM : cashierDataGridView_CellValueChanged [productPrice]
[ADMIN] [9/27/2016 15:15] [PENJUALAN] CASHIER FORM : cashierDataGridView_CellValueChanged [qty]
[ADMIN] [9/27/2016 15:15] [PENJUALAN] CASHIER FORM : TextBox_TextChanged, previousInput [0]
[ADMIN] [9/27/2016 15:15] [PENJUALAN] CASHIER FORM : TextBox_TextChanged, dataGridViewTextBoxEditingControl.Text [1]
[ADMIN] [9/27/2016 15:15] [PENJUALAN] CASHIER FORM : TextBox_TextChanged, dataGridViewTextBoxEditingControl.Text pass REGEX Checking
[ADMIN] [9/27/2016 15:15] [PENJUALAN] CASHIER FORM : CHECK STOCK QTY IS ENOUGH [1]
[ADMIN] [9/27/2016 15:15] [PENJUALAN] CASHIER FORM : CHECK STOCK QTY IS ENOUGH [27, 1]
[ADMIN] [9/27/2016 15:15] [PENJUALAN] CASHIER FORM : CALCULATE SUBTOTAL
[ADMIN] [9/27/2016 15:15] [PENJUALAN] CASHIER FORM : SUBTOTAL [2000]
[ADMIN] [9/27/2016 15:15] [PENJUALAN] CASHIER FORM : TextBox_TextChanged, subtotal value [2000]
[ADMIN] [9/27/2016 15:15] [PENJUALAN] CASHIER FORM : cashierDataGridView_CellValueChanged [jumlah]
[ADMIN] [9/27/2016 15:15] [PENJUALAN] CASHIER FORM : TextBox_TextChanged, attempt to calculate total value
[ADMIN] [9/27/2016 15:15] [PENJUALAN] CASHIER FORM : calculateTotal
[ADMIN] [9/27/2016 15:15] [PENJUALAN] CASHIER FORM : calculateTotal [2000]
[ADMIN] [9/27/2016 15:15] [PENJUALAN] CASHIER FORM : calculateTotal, totalAfterDisc [2000]
[ADMIN] [9/27/2016 15:15] [PENJUALAN] CASHIER FORM : DISPLAY PELANGGAN FORM
[ADMIN] [9/27/2016 15:15] [PENJUALAN] CASHIER FORM : UNREGISTER HOTKEY
[ADMIN] [9/27/2016 15:15] [PENJUALAN] CASHIER FORM : REGISTER HOTKEY
[ADMIN] [9/27/2016 15:15] [PENJUALAN] CASHIER FORM : HOTKEY TO SAVE AND PRINT OUT INVOICE PRESSED
[ADMIN] [9/27/2016 15:15] [PENJUALAN] CASHIER FORM : UNREGISTER HOTKEY
[ADMIN] [9/27/2016 15:15] [PENJUALAN] CASHIER FORM : REGISTER HOTKEY
[ADMIN] [9/27/2016 15:15] [PENJUALAN] ATTEMPT TO SAVE AND PRINT OUT INVOICE
[ADMIN] [9/27/2016 15:15] [PENJUALAN] CASHIER FORM : UNREGISTER HOTKEY
[ADMIN] [9/27/2016 15:15] [PENJUALAN] CASHIER FORM : REGISTER HOTKEY
[ADMIN] [9/27/2016 15:15] [PENJUALAN] CASHIER FORM : calculateChangeValue, bayarTextBox.Text [1]
[ADMIN] [9/27/2016 15:15] [PENJUALAN] CASHIER FORM : calculateChangeValue, sisaBayar [0]
[ADMIN] [9/27/2016 15:15] [PENJUALAN] CASHIER FORM : calculateChangeValue, bayarTextBox.Text [10]
[ADMIN] [9/27/2016 15:15] [PENJUALAN] CASHIER FORM : calculateChangeValue, sisaBayar [0]
[ADMIN] [9/27/2016 15:15] [PENJUALAN] CASHIER FORM : calculateChangeValue, bayarTextBox.Text [100]
[ADMIN] [9/27/2016 15:15] [PENJUALAN] CASHIER FORM : calculateChangeValue, sisaBayar [0]
[ADMIN] [9/27/2016 15:15] [PENJUALAN] CASHIER FORM : calculateChangeValue, bayarTextBox.Text [1000]
[ADMIN] [9/27/2016 15:15] [PENJUALAN] CASHIER FORM : calculateChangeValue, sisaBayar [0]
[ADMIN] [9/27/2016 15:15] [PENJUALAN] CASHIER FORM : calculateChangeValue, bayarTextBox.Text [10000]
[ADMIN] [9/27/2016 15:15] [PENJUALAN] CASHIER FORM : calculateChangeValue, sisaBayar [8000]
[ADMIN] [9/27/2016 15:15] [PENJUALAN] CASHIER FORM : HOTKEY TO SAVE AND PRINT OUT INVOICE PRESSED
[ADMIN] [9/27/2016 15:15] [PENJUALAN] CASHIER FORM : UNREGISTER HOTKEY
[ADMIN] [9/27/2016 15:15] [PENJUALAN] CASHIER FORM : REGISTER HOTKEY
[ADMIN] [9/27/2016 15:15] [PENJUALAN] ATTEMPT TO SAVE AND PRINT OUT INVOICE
[ADMIN] [9/27/2016 15:15] [PENJUALAN] CASHIER FORM : UNREGISTER HOTKEY
[ADMIN] [9/27/2016 15:15] [PENJUALAN] CASHIER FORM : REGISTER HOTKEY
[ADMIN] [9/27/2016 15:15] [PENJUALAN] CASHIER FORM : UNREGISTER HOTKEY
[ADMIN] [9/27/2016 15:15] [PENJUALAN] CASHIER FORM : ATTEMPT TO SAVE SALES DATA [27-09-2016 15:15]
[ADMIN] [9/27/2016 15:15] [PENJUALAN] CASHIER FORM : CASH SALES
[ADMIN] [9/27/2016 15:15] [PENJUALAN] CASHIER FORM : NO FAKTUR [SLO001]
[ADMIN] [9/27/2016 15:15] [PENJUALAN] CASHIER FORM : MAX SALES INVOICE [1]
[ADMIN] [9/27/2016 15:15] [PENJUALAN] CASHIER FORM : SALES INVOICE [SLO001-2]
[ADMIN] [9/27/2016 15:15] [PENJUALAN] EXCEPTION THROWN [Input string was not in a correct format.]
[ADMIN] [9/27/2016 15:16] [PENJUALAN] CASHIER FORM : REGISTER HOTKEY
[ADMIN] [9/27/2016 15:16] [PENJUALAN] CASHIER FORM : UNREGISTER HOTKEY
[ADMIN] [9/27/2016 15:16] [PENJUALAN] CASHIER FORM : REGISTER HOTKEY
[ADMIN] [9/27/2016 15:16] [PENJUALAN] CASHIER FORM : HOTKEY TO SAVE AND PRINT OUT INVOICE PRESSED
[ADMIN] [9/27/2016 15:16] [PENJUALAN] CASHIER FORM : UNREGISTER HOTKEY
[ADMIN] [9/27/2016 15:16] [PENJUALAN] CASHIER FORM : REGISTER HOTKEY
[ADMIN] [9/27/2016 15:16] [PENJUALAN] ATTEMPT TO SAVE AND PRINT OUT INVOICE
[ADMIN] [9/27/2016 15:16] [PENJUALAN] CASHIER FORM : UNREGISTER HOTKEY
[ADMIN] [9/27/2016 15:16] [PENJUALAN] CASHIER FORM : REGISTER HOTKEY
[ADMIN] [9/27/2016 15:16] [PENJUALAN] CASHIER FORM : UNREGISTER HOTKEY
[ADMIN] [9/27/2016 15:16] [PENJUALAN] CASHIER FORM : ATTEMPT TO SAVE SALES DATA [27-09-2016 15:16]
[ADMIN] [9/27/2016 15:16] [PENJUALAN] CASHIER FORM : CASH SALES
[ADMIN] [9/27/2016 15:16] [PENJUALAN] CASHIER FORM : NO FAKTUR [SLO001]
[ADMIN] [9/27/2016 15:16] [PENJUALAN] CASHIER FORM : MAX SALES INVOICE [1]
[ADMIN] [9/27/2016 15:16] [PENJUALAN] CASHIER FORM : SALES INVOICE [SLO001-2]
[] [9/27/2016 15:21] [] USER = ADMIN IS ACTIVE
[ADMIN] [9/27/2016 15:21] [] USER ID = 1 LOGIN SUCCESSFULLY
[ADMIN] [9/27/2016 15:22] [] ACTIVATE USER ACCESS RIGHT
[ADMIN] [9/27/2016 15:22] [] DISPLAY ADMIN FORM
[ADMIN] [9/27/2016 15:22] [] adminForm Load
[ADMIN] [9/27/2016 15:22] [PENJUALAN] CASHIER FORM : REGISTER HOTKEY
[ADMIN] [9/27/2016 15:22] [PENJUALAN] CASHIER FORM : loadNoFaktur, noFakturValue [SLO001]
[ADMIN] [9/27/2016 15:22] [PENJUALAN] CASHIER FORM : calculateTotal
[ADMIN] [9/27/2016 15:22] [PENJUALAN] CASHIER FORM : calculateTotal [0]
[ADMIN] [9/27/2016 15:22] [PENJUALAN] CASHIER FORM : calculateTotal, totalAfterDisc [0]
[ADMIN] [9/27/2016 15:22] [PENJUALAN] CASHIER FORM : REGISTER HOTKEY
[ADMIN] [9/27/2016 15:22] [PENJUALAN] CASHIER FORM : HOTKEY TO ADD NEW ROW PRESSED
[ADMIN] [9/27/2016 15:22] [PENJUALAN] CASHIER FORM : ADD NEW ROW,  isActive [True]
[ADMIN] [9/27/2016 15:22] [PENJUALAN] CASHIER FORM : ADD NEW ROW,  ROW COUNT [0]
[ADMIN] [9/27/2016 15:22] [PENJUALAN] CASHIER FORM : ADD NEW ROW,  ALLOW TO ADD [True]
[ADMIN] [9/27/2016 15:22] [PENJUALAN] CASHIER FORM : cashierDataGridView_CellValueChanged [F8]
[ADMIN] [9/27/2016 15:22] [PENJUALAN] CASHIER FORM : cashierDataGridView_CellValueChanged [hpp]
[ADMIN] [9/27/2016 15:22] [PENJUALAN] CASHIER FORM : TextBox_TextChanged, previousInput []
[ADMIN] [9/27/2016 15:22] [PENJUALAN] CASHIER FORM : TextBox_TextChanged, dataGridViewTextBoxEditingControl.Text pass REGEX Checking
[ADMIN] [9/27/2016 15:22] [PENJUALAN] CASHIER FORM : CALCULATE SUBTOTAL
[ADMIN] [9/27/2016 15:22] [PENJUALAN] CASHIER FORM : SUBTOTAL [0]
[ADMIN] [9/27/2016 15:22] [PENJUALAN] CASHIER FORM : TextBox_TextChanged, subtotal value [0]
[ADMIN] [9/27/2016 15:22] [PENJUALAN] CASHIER FORM : cashierDataGridView_CellValueChanged [jumlah]
[ADMIN] [9/27/2016 15:22] [PENJUALAN] CASHIER FORM : TextBox_TextChanged, attempt to calculate total value
[ADMIN] [9/27/2016 15:22] [PENJUALAN] CASHIER FORM : calculateTotal
[ADMIN] [9/27/2016 15:22] [PENJUALAN] CASHIER FORM : calculateTotal [0]
[ADMIN] [9/27/2016 15:22] [PENJUALAN] CASHIER FORM : calculateTotal, totalAfterDisc [0]
[ADMIN] [9/27/2016 15:22] [PENJUALAN] CASHIER FORM : cashierDataGridView_CellValueChanged [productPrice]
[ADMIN] [9/27/2016 15:22] [PENJUALAN] CASHIER FORM : cashierDataGridView_CellValueChanged [disc1]
[ADMIN] [9/27/2016 15:22] [PENJUALAN] CASHIER FORM : TextBox_TextChanged, previousInput []
[ADMIN] [9/27/2016 15:22] [PENJUALAN] CASHIER FORM : TextBox_TextChanged, dataGridViewTextBoxEditingControl.Text pass REGEX Checking
[ADMIN] [9/27/2016 15:22] [PENJUALAN] CASHIER FORM : CALCULATE SUBTOTAL
[ADMIN] [9/27/2016 15:22] [PENJUALAN] CASHIER FORM : SUBTOTAL [0]
[ADMIN] [9/27/2016 15:22] [PENJUALAN] CASHIER FORM : TextBox_TextChanged, subtotal value [0]
[ADMIN] [9/27/2016 15:22] [PENJUALAN] CASHIER FORM : TextBox_TextChanged, attempt to calculate total value
[ADMIN] [9/27/2016 15:22] [PENJUALAN] CASHIER FORM : calculateTotal
[ADMIN] [9/27/2016 15:22] [PENJUALAN] CASHIER FORM : calculateTotal [0]
[ADMIN] [9/27/2016 15:22] [PENJUALAN] CASHIER FORM : calculateTotal, totalAfterDisc [0]
[ADMIN] [9/27/2016 15:22] [PENJUALAN] CASHIER FORM : cashierDataGridView_CellValueChanged [qty]
[ADMIN] [9/27/2016 15:22] [PENJUALAN] CASHIER FORM : TextBox_TextChanged, previousInput []
[ADMIN] [9/27/2016 15:22] [PENJUALAN] CASHIER FORM : TextBox_TextChanged, dataGridViewTextBoxEditingControl.Text pass REGEX Checking
[ADMIN] [9/27/2016 15:22] [PENJUALAN] CASHIER FORM : CALCULATE SUBTOTAL
[ADMIN] [9/27/2016 15:22] [PENJUALAN] CASHIER FORM : SUBTOTAL [0]
[ADMIN] [9/27/2016 15:22] [PENJUALAN] CASHIER FORM : TextBox_TextChanged, subtotal value [0]
[ADMIN] [9/27/2016 15:22] [PENJUALAN] CASHIER FORM : TextBox_TextChanged, attempt to calculate total value
[ADMIN] [9/27/2016 15:22] [PENJUALAN] CASHIER FORM : calculateTotal
[ADMIN] [9/27/2016 15:22] [PENJUALAN] CASHIER FORM : calculateTotal [0]
[ADMIN] [9/27/2016 15:22] [PENJUALAN] CASHIER FORM : calculateTotal, totalAfterDisc [0]
[ADMIN] [9/27/2016 15:22] [PENJUALAN] CASHIER FORM : cashierDataGridView_CellValueChanged [disc2]
[ADMIN] [9/27/2016 15:22] [PENJUALAN] CASHIER FORM : TextBox_TextChanged, previousInput []
[ADMIN] [9/27/2016 15:22] [PENJUALAN] CASHIER FORM : TextBox_TextChanged, dataGridViewTextBoxEditingControl.Text pass REGEX Checking
[ADMIN] [9/27/2016 15:22] [PENJUALAN] CASHIER FORM : CALCULATE SUBTOTAL
[ADMIN] [9/27/2016 15:22] [PENJUALAN] CASHIER FORM : SUBTOTAL [0]
[ADMIN] [9/27/2016 15:22] [PENJUALAN] CASHIER FORM : TextBox_TextChanged, subtotal value [0]
[ADMIN] [9/27/2016 15:22] [PENJUALAN] CASHIER FORM : TextBox_TextChanged, attempt to calculate total value
[ADMIN] [9/27/2016 15:22] [PENJUALAN] CASHIER FORM : calculateTotal
[ADMIN] [9/27/2016 15:22] [PENJUALAN] CASHIER FORM : calculateTotal [0]
[ADMIN] [9/27/2016 15:22] [PENJUALAN] CASHIER FORM : calculateTotal, totalAfterDisc [0]
[ADMIN] [9/27/2016 15:22] [PENJUALAN] CASHIER FORM : cashierDataGridView_CellValueChanged [discRP]
[ADMIN] [9/27/2016 15:22] [PENJUALAN] CASHIER FORM : TextBox_TextChanged, previousInput []
[ADMIN] [9/27/2016 15:22] [PENJUALAN] CASHIER FORM : TextBox_TextChanged, dataGridViewTextBoxEditingControl.Text pass REGEX Checking
[ADMIN] [9/27/2016 15:22] [PENJUALAN] CASHIER FORM : CALCULATE SUBTOTAL
[ADMIN] [9/27/2016 15:22] [PENJUALAN] CASHIER FORM : SUBTOTAL [0]
[ADMIN] [9/27/2016 15:22] [PENJUALAN] CASHIER FORM : TextBox_TextChanged, subtotal value [0]
[ADMIN] [9/27/2016 15:22] [PENJUALAN] CASHIER FORM : TextBox_TextChanged, attempt to calculate total value
[ADMIN] [9/27/2016 15:22] [PENJUALAN] CASHIER FORM : calculateTotal
[ADMIN] [9/27/2016 15:22] [PENJUALAN] CASHIER FORM : calculateTotal [0]
[ADMIN] [9/27/2016 15:22] [PENJUALAN] CASHIER FORM : calculateTotal, totalAfterDisc [0]
[ADMIN] [9/27/2016 15:22] [PENJUALAN] CASHIER FORM : cashierDataGridView_CellValueChanged [jumlah]
[ADMIN] [9/27/2016 15:22] [PENJUALAN] CASHIER FORM : cashierDataGridView_CellValueChanged [productName]
[ADMIN] [9/27/2016 15:22] [PENJUALAN] CASHIER FORM : cashierDataGridView_CellValueChanged [productName]
[ADMIN] [9/27/2016 15:22] [PENJUALAN] CASHIER FORM : calculateTotal
[ADMIN] [9/27/2016 15:22] [PENJUALAN] CASHIER FORM : calculateTotal [0]
[ADMIN] [9/27/2016 15:22] [PENJUALAN] CASHIER FORM : calculateTotal, totalAfterDisc [0]
[ADMIN] [9/27/2016 15:22] [PENJUALAN] CASHIER FORM : cashierDataGridView_CellValueChanged [productName]
[ADMIN] [9/27/2016 15:22] [PENJUALAN] CASHIER FORM : cashierDataGridView_CellValueChanged [productName]
[ADMIN] [9/27/2016 15:22] [PENJUALAN] CASHIER FORM : calculateTotal
[ADMIN] [9/27/2016 15:22] [PENJUALAN] CASHIER FORM : calculateTotal [0]
[ADMIN] [9/27/2016 15:22] [PENJUALAN] CASHIER FORM : calculateTotal, totalAfterDisc [0]
[ADMIN] [9/27/2016 15:22] [PENJUALAN] CASHIER FORM : cashierDataGridView_CellValueChanged [productName]
[ADMIN] [9/27/2016 15:22] [PENJUALAN] CASHIER FORM : cashierDataGridView_CellValueChanged [productID]
[ADMIN] [9/27/2016 15:22] [PENJUALAN] CASHIER FORM : PRODUCT PRICE TYPE [PRODUCT_BASE_PRICE]
[ADMIN] [9/27/2016 15:22] [PENJUALAN] CASHIER FORM : PRODUCT PRICE [10]
[ADMIN] [9/27/2016 15:22] [PENJUALAN] CASHIER FORM : ComboBox_SelectedIndexChanged, PRODUCT_BASE_PRICE [10]
[ADMIN] [9/27/2016 15:22] [PENJUALAN] CASHIER FORM : cashierDataGridView_CellValueChanged [hpp]
[ADMIN] [9/27/2016 15:22] [PENJUALAN] CASHIER FORM : TextBox_TextChanged, previousInput []
[ADMIN] [9/27/2016 15:22] [PENJUALAN] CASHIER FORM : TextBox_TextChanged, dataGridViewTextBoxEditingControl.Text pass REGEX Checking
[ADMIN] [9/27/2016 15:22] [PENJUALAN] CASHIER FORM : CALCULATE SUBTOTAL
[ADMIN] [9/27/2016 15:22] [PENJUALAN] CASHIER FORM : SUBTOTAL [0]
[ADMIN] [9/27/2016 15:22] [PENJUALAN] CASHIER FORM : TextBox_TextChanged, subtotal value [0]
[ADMIN] [9/27/2016 15:22] [PENJUALAN] CASHIER FORM : cashierDataGridView_CellValueChanged [jumlah]
[ADMIN] [9/27/2016 15:22] [PENJUALAN] CASHIER FORM : TextBox_TextChanged, attempt to calculate total value
[ADMIN] [9/27/2016 15:22] [PENJUALAN] CASHIER FORM : calculateTotal
[ADMIN] [9/27/2016 15:22] [PENJUALAN] CASHIER FORM : calculateTotal [0]
[ADMIN] [9/27/2016 15:22] [PENJUALAN] CASHIER FORM : calculateTotal, totalAfterDisc [0]
[ADMIN] [9/27/2016 15:22] [PENJUALAN] CASHIER FORM : PRODUCT PRICE TYPE [PRODUCT_RETAIL_PRICE]
[ADMIN] [9/27/2016 15:22] [PENJUALAN] CASHIER FORM : PRODUCT PRICE [1]
[ADMIN] [9/27/2016 15:22] [PENJUALAN] CASHIER FORM : ComboBox_SelectedIndexChanged, PRODUCT_SALES_PRICE [1]
[ADMIN] [9/27/2016 15:22] [PENJUALAN] CASHIER FORM : cashierDataGridView_CellValueChanged [productPrice]
[ADMIN] [9/27/2016 15:22] [PENJUALAN] CASHIER FORM : cashierDataGridView_CellValueChanged [qty]
[ADMIN] [9/27/2016 15:22] [PENJUALAN] CASHIER FORM : TextBox_TextChanged, previousInput []
[ADMIN] [9/27/2016 15:22] [PENJUALAN] CASHIER FORM : TextBox_TextChanged, dataGridViewTextBoxEditingControl.Text pass REGEX Checking
[ADMIN] [9/27/2016 15:22] [PENJUALAN] CASHIER FORM : CALCULATE SUBTOTAL
[ADMIN] [9/27/2016 15:22] [PENJUALAN] CASHIER FORM : SUBTOTAL [0]
[ADMIN] [9/27/2016 15:22] [PENJUALAN] CASHIER FORM : TextBox_TextChanged, subtotal value [0]
[ADMIN] [9/27/2016 15:22] [PENJUALAN] CASHIER FORM : TextBox_TextChanged, attempt to calculate total value
[ADMIN] [9/27/2016 15:22] [PENJUALAN] CASHIER FORM : calculateTotal
[ADMIN] [9/27/2016 15:22] [PENJUALAN] CASHIER FORM : calculateTotal [0]
[ADMIN] [9/27/2016 15:22] [PENJUALAN] CASHIER FORM : calculateTotal, totalAfterDisc [0]
[ADMIN] [9/27/2016 15:22] [PENJUALAN] CASHIER FORM : ComboBox_SelectedIndexChanged, attempt to calculate total
[ADMIN] [9/27/2016 15:22] [PENJUALAN] CASHIER FORM : calculateTotal
[ADMIN] [9/27/2016 15:22] [PENJUALAN] CASHIER FORM : calculateTotal [0]
[ADMIN] [9/27/2016 15:22] [PENJUALAN] CASHIER FORM : calculateTotal, totalAfterDisc [0]
[ADMIN] [9/27/2016 15:22] [PENJUALAN] CASHIER FORM : cashierDataGridView_CellValueChanged [productName]
[ADMIN] [9/27/2016 15:22] [PENJUALAN] CASHIER FORM : cashierDataGridView_CellValueChanged [productName]
[ADMIN] [9/27/2016 15:22] [PENJUALAN] CASHIER FORM : cashierDataGridView_CellValueChanged [hpp]
[ADMIN] [9/27/2016 15:22] [PENJUALAN] CASHIER FORM : TextBox_TextChanged, previousInput []
[ADMIN] [9/27/2016 15:22] [PENJUALAN] CASHIER FORM : TextBox_TextChanged, dataGridViewTextBoxEditingControl.Text pass REGEX Checking
[ADMIN] [9/27/2016 15:22] [PENJUALAN] CASHIER FORM : CALCULATE SUBTOTAL
[ADMIN] [9/27/2016 15:22] [PENJUALAN] CASHIER FORM : SUBTOTAL [0]
[ADMIN] [9/27/2016 15:22] [PENJUALAN] CASHIER FORM : TextBox_TextChanged, subtotal value [0]
[ADMIN] [9/27/2016 15:22] [PENJUALAN] CASHIER FORM : TextBox_TextChanged, attempt to calculate total value
[ADMIN] [9/27/2016 15:22] [PENJUALAN] CASHIER FORM : calculateTotal
[ADMIN] [9/27/2016 15:22] [PENJUALAN] CASHIER FORM : calculateTotal [0]
[ADMIN] [9/27/2016 15:22] [PENJUALAN] CASHIER FORM : calculateTotal, totalAfterDisc [0]
[ADMIN] [9/27/2016 15:22] [PENJUALAN] CASHIER FORM : cashierDataGridView_CellValueChanged [productPrice]
[ADMIN] [9/27/2016 15:22] [PENJUALAN] CASHIER FORM : cashierDataGridView_CellValueChanged [qty]
[ADMIN] [9/27/2016 15:22] [PENJUALAN] CASHIER FORM : TextBox_TextChanged, previousInput []
[ADMIN] [9/27/2016 15:22] [PENJUALAN] CASHIER FORM : TextBox_TextChanged, dataGridViewTextBoxEditingControl.Text pass REGEX Checking
[ADMIN] [9/27/2016 15:22] [PENJUALAN] CASHIER FORM : CALCULATE SUBTOTAL
[ADMIN] [9/27/2016 15:22] [PENJUALAN] CASHIER FORM : SUBTOTAL [0]
[ADMIN] [9/27/2016 15:22] [PENJUALAN] CASHIER FORM : TextBox_TextChanged, subtotal value [0]
[ADMIN] [9/27/2016 15:22] [PENJUALAN] CASHIER FORM : TextBox_TextChanged, attempt to calculate total value
[ADMIN] [9/27/2016 15:22] [PENJUALAN] CASHIER FORM : calculateTotal
[ADMIN] [9/27/2016 15:22] [PENJUALAN] CASHIER FORM : calculateTotal [0]
[ADMIN] [9/27/2016 15:22] [PENJUALAN] CASHIER FORM : calculateTotal, totalAfterDisc [0]
[ADMIN] [9/27/2016 15:22] [PENJUALAN] CASHIER FORM : cashierDataGridView_CellValueChanged [jumlah]
[ADMIN] [9/27/2016 15:22] [PENJUALAN] CASHIER FORM : calculateTotal
[ADMIN] [9/27/2016 15:22] [PENJUALAN] CASHIER FORM : calculateTotal [0]
[ADMIN] [9/27/2016 15:22] [PENJUALAN] CASHIER FORM : calculateTotal, totalAfterDisc [0]
[ADMIN] [9/27/2016 15:22] [PENJUALAN] CASHIER FORM : cashierDataGridView_CellValueChanged [productName]
[ADMIN] [9/27/2016 15:22] [PENJUALAN] CASHIER FORM : cashierDataGridView_CellValueChanged [productName]
[ADMIN] [9/27/2016 15:22] [PENJUALAN] CASHIER FORM : calculateTotal
[ADMIN] [9/27/2016 15:22] [PENJUALAN] CASHIER FORM : calculateTotal [0]
[ADMIN] [9/27/2016 15:22] [PENJUALAN] CASHIER FORM : calculateTotal, totalAfterDisc [0]
[ADMIN] [9/27/2016 15:22] [PENJUALAN] CASHIER FORM : cashierDataGridView_CellValueChanged [productName]
[ADMIN] [9/27/2016 15:22] [PENJUALAN] CASHIER FORM : cashierDataGridView_CellValueChanged [productName]
[ADMIN] [9/27/2016 15:22] [PENJUALAN] CASHIER FORM : calculateTotal
[ADMIN] [9/27/2016 15:22] [PENJUALAN] CASHIER FORM : calculateTotal [0]
[ADMIN] [9/27/2016 15:22] [PENJUALAN] CASHIER FORM : calculateTotal, totalAfterDisc [0]
[ADMIN] [9/27/2016 15:22] [PENJUALAN] CASHIER FORM : cashierDataGridView_CellValueChanged [productName]
[ADMIN] [9/27/2016 15:22] [PENJUALAN] CASHIER FORM : cashierDataGridView_CellValueChanged [productPrice]
[ADMIN] [9/27/2016 15:22] [PENJUALAN] CASHIER FORM : cashierDataGridView_CellValueChanged [qty]
[ADMIN] [9/27/2016 15:22] [PENJUALAN] CASHIER FORM : TextBox_TextChanged, previousInput [0]
[ADMIN] [9/27/2016 15:22] [PENJUALAN] CASHIER FORM : TextBox_TextChanged, dataGridViewTextBoxEditingControl.Text [2]
[ADMIN] [9/27/2016 15:22] [PENJUALAN] CASHIER FORM : TextBox_TextChanged, dataGridViewTextBoxEditingControl.Text pass REGEX Checking
[ADMIN] [9/27/2016 15:22] [PENJUALAN] CASHIER FORM : CHECK STOCK QTY IS ENOUGH [1]
[ADMIN] [9/27/2016 15:22] [PENJUALAN] CASHIER FORM : CHECK STOCK QTY IS ENOUGH [27, 2]
[ADMIN] [9/27/2016 15:22] [PENJUALAN] CASHIER FORM : CALCULATE SUBTOTAL
[ADMIN] [9/27/2016 15:22] [PENJUALAN] CASHIER FORM : SUBTOTAL [4]
[ADMIN] [9/27/2016 15:22] [PENJUALAN] CASHIER FORM : TextBox_TextChanged, subtotal value [4]
[ADMIN] [9/27/2016 15:22] [PENJUALAN] CASHIER FORM : cashierDataGridView_CellValueChanged [jumlah]
[ADMIN] [9/27/2016 15:22] [PENJUALAN] CASHIER FORM : TextBox_TextChanged, attempt to calculate total value
[ADMIN] [9/27/2016 15:22] [PENJUALAN] CASHIER FORM : calculateTotal
[ADMIN] [9/27/2016 15:22] [PENJUALAN] CASHIER FORM : calculateTotal [4]
[ADMIN] [9/27/2016 15:22] [PENJUALAN] CASHIER FORM : calculateTotal, totalAfterDisc [4]
[ADMIN] [9/27/2016 15:22] [PENJUALAN] CASHIER FORM : cashierDataGridView_CellValueChanged [disc1]
[ADMIN] [9/27/2016 15:22] [PENJUALAN] CASHIER FORM : TextBox_TextChanged, previousInput [0]
[ADMIN] [9/27/2016 15:22] [PENJUALAN] CASHIER FORM : TextBox_TextChanged, dataGridViewTextBoxEditingControl.Text [+]
[ADMIN] [9/27/2016 15:22] [PENJUALAN] CASHIER FORM : TextBox_TextChanged, dataGridViewTextBoxEditingControl.Text did not pass REGEX Checking
[ADMIN] [9/27/2016 15:22] [PENJUALAN] CASHIER FORM : cashierDataGridView_CellValueChanged [disc1]
[ADMIN] [9/27/2016 15:22] [PENJUALAN] CASHIER FORM : TextBox_TextChanged, previousInput [0]
[ADMIN] [9/27/2016 15:22] [PENJUALAN] CASHIER FORM : TextBox_TextChanged, dataGridViewTextBoxEditingControl.Text [0]
[ADMIN] [9/27/2016 15:22] [PENJUALAN] CASHIER FORM : TextBox_TextChanged, dataGridViewTextBoxEditingControl.Text pass REGEX Checking
[ADMIN] [9/27/2016 15:22] [PENJUALAN] CASHIER FORM : CALCULATE SUBTOTAL
[ADMIN] [9/27/2016 15:22] [PENJUALAN] CASHIER FORM : SUBTOTAL [4]
[ADMIN] [9/27/2016 15:22] [PENJUALAN] CASHIER FORM : TextBox_TextChanged, subtotal value [4]
[ADMIN] [9/27/2016 15:22] [PENJUALAN] CASHIER FORM : TextBox_TextChanged, attempt to calculate total value
[ADMIN] [9/27/2016 15:22] [PENJUALAN] CASHIER FORM : calculateTotal
[ADMIN] [9/27/2016 15:22] [PENJUALAN] CASHIER FORM : calculateTotal [4]
[ADMIN] [9/27/2016 15:22] [PENJUALAN] CASHIER FORM : calculateTotal, totalAfterDisc [4]
[ADMIN] [9/27/2016 15:22] [PENJUALAN] CASHIER FORM : CALCULATE SUBTOTAL
[ADMIN] [9/27/2016 15:22] [PENJUALAN] CASHIER FORM : SUBTOTAL [4]
[ADMIN] [9/27/2016 15:22] [PENJUALAN] CASHIER FORM : TextBox_TextChanged, subtotal value [4]
[ADMIN] [9/27/2016 15:22] [PENJUALAN] CASHIER FORM : TextBox_TextChanged, attempt to calculate total value
[ADMIN] [9/27/2016 15:22] [PENJUALAN] CASHIER FORM : calculateTotal
[ADMIN] [9/27/2016 15:22] [PENJUALAN] CASHIER FORM : calculateTotal [4]
[ADMIN] [9/27/2016 15:22] [PENJUALAN] CASHIER FORM : calculateTotal, totalAfterDisc [4]
[ADMIN] [9/27/2016 15:22] [PENJUALAN] CASHIER FORM : cashierDataGridView_CellValueChanged [disc1]
[ADMIN] [9/27/2016 15:22] [PENJUALAN] CASHIER FORM : cashierDataGridView_CellValueChanged , empty texbox, reset [disc1] value to 0
[ADMIN] [9/27/2016 15:22] [PENJUALAN] CASHIER FORM : cashierDataGridView_CellValueChanged [jumlah]
[ADMIN] [9/27/2016 15:22] [PENJUALAN] CASHIER FORM : cashierDataGridView_CellValueChanged [disc1]
[ADMIN] [9/27/2016 15:22] [PENJUALAN] CASHIER FORM : TextBox_TextChanged, previousInput [0]
[ADMIN] [9/27/2016 15:22] [PENJUALAN] CASHIER FORM : TextBox_TextChanged, dataGridViewTextBoxEditingControl.Text [0]
[ADMIN] [9/27/2016 15:22] [PENJUALAN] CASHIER FORM : TextBox_TextChanged, dataGridViewTextBoxEditingControl.Text pass REGEX Checking
[ADMIN] [9/27/2016 15:22] [PENJUALAN] CASHIER FORM : CALCULATE SUBTOTAL
[ADMIN] [9/27/2016 15:22] [PENJUALAN] CASHIER FORM : SUBTOTAL [4]
[ADMIN] [9/27/2016 15:22] [PENJUALAN] CASHIER FORM : TextBox_TextChanged, subtotal value [4]
[ADMIN] [9/27/2016 15:22] [PENJUALAN] CASHIER FORM : cashierDataGridView_CellValueChanged [jumlah]
[ADMIN] [9/27/2016 15:22] [PENJUALAN] CASHIER FORM : TextBox_TextChanged, attempt to calculate total value
[ADMIN] [9/27/2016 15:22] [PENJUALAN] CASHIER FORM : calculateTotal
[ADMIN] [9/27/2016 15:22] [PENJUALAN] CASHIER FORM : calculateTotal [4]
[ADMIN] [9/27/2016 15:22] [PENJUALAN] CASHIER FORM : calculateTotal, totalAfterDisc [4]
[ADMIN] [9/27/2016 15:22] [PENJUALAN] CASHIER FORM : TextBox_TextChanged, recalculate total value
[ADMIN] [9/27/2016 15:22] [PENJUALAN] CASHIER FORM : calculateTotal
[ADMIN] [9/27/2016 15:22] [PENJUALAN] CASHIER FORM : calculateTotal [4]
[ADMIN] [9/27/2016 15:22] [PENJUALAN] CASHIER FORM : calculateTotal, totalAfterDisc [4]
[ADMIN] [9/27/2016 15:22] [PENJUALAN] CASHIER FORM : cashierDataGridView_CellValueChanged [disc1]
[ADMIN] [9/27/2016 15:22] [PENJUALAN] CASHIER FORM : TextBox_TextChanged, previousInput [0]
[ADMIN] [9/27/2016 15:22] [PENJUALAN] CASHIER FORM : TextBox_TextChanged, dataGridViewTextBoxEditingControl.Text [1]
[ADMIN] [9/27/2016 15:22] [PENJUALAN] CASHIER FORM : TextBox_TextChanged, dataGridViewTextBoxEditingControl.Text pass REGEX Checking
[ADMIN] [9/27/2016 15:22] [PENJUALAN] CASHIER FORM : CALCULATE SUBTOTAL
[ADMIN] [9/27/2016 15:22] [PENJUALAN] CASHIER FORM : SUBTOTAL [3.96]
[ADMIN] [9/27/2016 15:22] [PENJUALAN] CASHIER FORM : TextBox_TextChanged, subtotal value [3.96]
[ADMIN] [9/27/2016 15:22] [PENJUALAN] CASHIER FORM : cashierDataGridView_CellValueChanged [jumlah]
[ADMIN] [9/27/2016 15:22] [PENJUALAN] CASHIER FORM : TextBox_TextChanged, attempt to calculate total value
[ADMIN] [9/27/2016 15:22] [PENJUALAN] CASHIER FORM : calculateTotal
[ADMIN] [9/27/2016 15:22] [PENJUALAN] CASHIER FORM : calculateTotal [3.96]
[ADMIN] [9/27/2016 15:22] [PENJUALAN] CASHIER FORM : calculateTotal, totalAfterDisc [3.96]
[ADMIN] [9/27/2016 15:22] [PENJUALAN] CASHIER FORM : cashierDataGridView_CellValueChanged [disc1]
[ADMIN] [9/27/2016 15:22] [PENJUALAN] CASHIER FORM : cashierDataGridView_CellValueChanged , empty texbox, reset [disc1] value to 0
[ADMIN] [9/27/2016 15:22] [PENJUALAN] CASHIER FORM : cashierDataGridView_CellValueChanged [jumlah]
[ADMIN] [9/27/2016 15:22] [PENJUALAN] CASHIER FORM : cashierDataGridView_CellValueChanged [disc1]
[ADMIN] [9/27/2016 15:22] [PENJUALAN] CASHIER FORM : TextBox_TextChanged, previousInput [0]
[ADMIN] [9/27/2016 15:22] [PENJUALAN] CASHIER FORM : TextBox_TextChanged, dataGridViewTextBoxEditingControl.Text [0]
[ADMIN] [9/27/2016 15:22] [PENJUALAN] CASHIER FORM : TextBox_TextChanged, dataGridViewTextBoxEditingControl.Text pass REGEX Checking
[ADMIN] [9/27/2016 15:22] [PENJUALAN] CASHIER FORM : CALCULATE SUBTOTAL
[ADMIN] [9/27/2016 15:22] [PENJUALAN] CASHIER FORM : SUBTOTAL [4]
[ADMIN] [9/27/2016 15:22] [PENJUALAN] CASHIER FORM : TextBox_TextChanged, subtotal value [4]
[ADMIN] [9/27/2016 15:22] [PENJUALAN] CASHIER FORM : cashierDataGridView_CellValueChanged [jumlah]
[ADMIN] [9/27/2016 15:22] [PENJUALAN] CASHIER FORM : TextBox_TextChanged, attempt to calculate total value
[ADMIN] [9/27/2016 15:22] [PENJUALAN] CASHIER FORM : calculateTotal
[ADMIN] [9/27/2016 15:22] [PENJUALAN] CASHIER FORM : calculateTotal [4]
[ADMIN] [9/27/2016 15:22] [PENJUALAN] CASHIER FORM : calculateTotal, totalAfterDisc [4]
[ADMIN] [9/27/2016 15:22] [PENJUALAN] CASHIER FORM : TextBox_TextChanged, recalculate total value
[ADMIN] [9/27/2016 15:22] [PENJUALAN] CASHIER FORM : calculateTotal
[ADMIN] [9/27/2016 15:22] [PENJUALAN] CASHIER FORM : calculateTotal [4]
[ADMIN] [9/27/2016 15:22] [PENJUALAN] CASHIER FORM : calculateTotal, totalAfterDisc [4]
[ADMIN] [9/27/2016 15:22] [PENJUALAN] CASHIER FORM : calculateChangeValue, bayarTextBox.Text [4]
[ADMIN] [9/27/2016 15:22] [PENJUALAN] CASHIER FORM : calculateChangeValue, sisaBayar [0]
[ADMIN] [9/27/2016 15:22] [PENJUALAN] CASHIER FORM : HOTKEY TO SAVE AND PRINT OUT INVOICE PRESSED
[ADMIN] [9/27/2016 15:22] [PENJUALAN] CASHIER FORM : UNREGISTER HOTKEY
[ADMIN] [9/27/2016 15:22] [PENJUALAN] CASHIER FORM : REGISTER HOTKEY
[ADMIN] [9/27/2016 15:22] [PENJUALAN] ATTEMPT TO SAVE AND PRINT OUT INVOICE
[ADMIN] [9/27/2016 15:22] [PENJUALAN] CASHIER FORM : UNREGISTER HOTKEY
[ADMIN] [9/27/2016 15:22] [PENJUALAN] CASHIER FORM : REGISTER HOTKEY
[ADMIN] [9/27/2016 15:22] [PENJUALAN] CASHIER FORM : UNREGISTER HOTKEY
[ADMIN] [9/27/2016 15:22] [PENJUALAN] CASHIER FORM : ATTEMPT TO SAVE SALES DATA [27-09-2016 15:22]
[ADMIN] [9/27/2016 15:22] [PENJUALAN] CASHIER FORM : CASH SALES
[ADMIN] [9/27/2016 15:22] [PENJUALAN] CASHIER FORM : NO FAKTUR [SLO001]
[ADMIN] [9/27/2016 15:22] [PENJUALAN] CASHIER FORM : MAX SALES INVOICE [1]
[ADMIN] [9/27/2016 15:22] [PENJUALAN] CASHIER FORM : SALES INVOICE [SLO001-2]
[] [9/27/2016 15:25] [] USER = ADMIN IS ACTIVE
[ADMIN] [9/27/2016 15:25] [] USER ID = 1 LOGIN SUCCESSFULLY
[ADMIN] [9/27/2016 15:25] [] ACTIVATE USER ACCESS RIGHT
[ADMIN] [9/27/2016 15:25] [] DISPLAY ADMIN FORM
[ADMIN] [9/27/2016 15:25] [] adminForm Load
[ADMIN] [9/27/2016 15:25] [PENJUALAN] CASHIER FORM : REGISTER HOTKEY
[ADMIN] [9/27/2016 15:25] [PENJUALAN] CASHIER FORM : loadNoFaktur, noFakturValue [SLO001]
[ADMIN] [9/27/2016 15:25] [PENJUALAN] CASHIER FORM : calculateTotal
[ADMIN] [9/27/2016 15:25] [PENJUALAN] CASHIER FORM : calculateTotal [0]
[ADMIN] [9/27/2016 15:25] [PENJUALAN] CASHIER FORM : calculateTotal, totalAfterDisc [0]
[ADMIN] [9/27/2016 15:25] [PENJUALAN] CASHIER FORM : REGISTER HOTKEY
[ADMIN] [9/27/2016 15:25] [PENJUALAN] CASHIER FORM : HOTKEY TO ADD NEW ROW PRESSED
[ADMIN] [9/27/2016 15:25] [PENJUALAN] CASHIER FORM : ADD NEW ROW,  isActive [True]
[ADMIN] [9/27/2016 15:25] [PENJUALAN] CASHIER FORM : ADD NEW ROW,  ROW COUNT [0]
[ADMIN] [9/27/2016 15:25] [PENJUALAN] CASHIER FORM : ADD NEW ROW,  ALLOW TO ADD [True]
[ADMIN] [9/27/2016 15:25] [PENJUALAN] CASHIER FORM : cashierDataGridView_CellValueChanged [F8]
[ADMIN] [9/27/2016 15:25] [PENJUALAN] CASHIER FORM : cashierDataGridView_CellValueChanged [hpp]
[ADMIN] [9/27/2016 15:25] [PENJUALAN] CASHIER FORM : TextBox_TextChanged, previousInput []
[ADMIN] [9/27/2016 15:25] [PENJUALAN] CASHIER FORM : TextBox_TextChanged, dataGridViewTextBoxEditingControl.Text pass REGEX Checking
[ADMIN] [9/27/2016 15:25] [PENJUALAN] CASHIER FORM : CALCULATE SUBTOTAL
[ADMIN] [9/27/2016 15:25] [PENJUALAN] CASHIER FORM : SUBTOTAL [0]
[ADMIN] [9/27/2016 15:25] [PENJUALAN] CASHIER FORM : TextBox_TextChanged, subtotal value [0]
[ADMIN] [9/27/2016 15:25] [PENJUALAN] CASHIER FORM : cashierDataGridView_CellValueChanged [jumlah]
[ADMIN] [9/27/2016 15:25] [PENJUALAN] CASHIER FORM : TextBox_TextChanged, attempt to calculate total value
[ADMIN] [9/27/2016 15:25] [PENJUALAN] CASHIER FORM : calculateTotal
[ADMIN] [9/27/2016 15:25] [PENJUALAN] CASHIER FORM : calculateTotal [0]
[ADMIN] [9/27/2016 15:25] [PENJUALAN] CASHIER FORM : calculateTotal, totalAfterDisc [0]
[ADMIN] [9/27/2016 15:25] [PENJUALAN] CASHIER FORM : cashierDataGridView_CellValueChanged [productPrice]
[ADMIN] [9/27/2016 15:25] [PENJUALAN] CASHIER FORM : cashierDataGridView_CellValueChanged [disc1]
[ADMIN] [9/27/2016 15:25] [PENJUALAN] CASHIER FORM : TextBox_TextChanged, previousInput []
[ADMIN] [9/27/2016 15:25] [PENJUALAN] CASHIER FORM : TextBox_TextChanged, dataGridViewTextBoxEditingControl.Text pass REGEX Checking
[ADMIN] [9/27/2016 15:25] [PENJUALAN] CASHIER FORM : CALCULATE SUBTOTAL
[ADMIN] [9/27/2016 15:25] [PENJUALAN] CASHIER FORM : SUBTOTAL [0]
[ADMIN] [9/27/2016 15:25] [PENJUALAN] CASHIER FORM : TextBox_TextChanged, subtotal value [0]
[ADMIN] [9/27/2016 15:25] [PENJUALAN] CASHIER FORM : TextBox_TextChanged, attempt to calculate total value
[ADMIN] [9/27/2016 15:25] [PENJUALAN] CASHIER FORM : calculateTotal
[ADMIN] [9/27/2016 15:25] [PENJUALAN] CASHIER FORM : calculateTotal [0]
[ADMIN] [9/27/2016 15:25] [PENJUALAN] CASHIER FORM : calculateTotal, totalAfterDisc [0]
[ADMIN] [9/27/2016 15:25] [PENJUALAN] CASHIER FORM : cashierDataGridView_CellValueChanged [qty]
[ADMIN] [9/27/2016 15:25] [PENJUALAN] CASHIER FORM : TextBox_TextChanged, previousInput []
[ADMIN] [9/27/2016 15:25] [PENJUALAN] CASHIER FORM : TextBox_TextChanged, dataGridViewTextBoxEditingControl.Text pass REGEX Checking
[ADMIN] [9/27/2016 15:25] [PENJUALAN] CASHIER FORM : CALCULATE SUBTOTAL
[ADMIN] [9/27/2016 15:25] [PENJUALAN] CASHIER FORM : SUBTOTAL [0]
[ADMIN] [9/27/2016 15:25] [PENJUALAN] CASHIER FORM : TextBox_TextChanged, subtotal value [0]
[ADMIN] [9/27/2016 15:25] [PENJUALAN] CASHIER FORM : TextBox_TextChanged, attempt to calculate total value
[ADMIN] [9/27/2016 15:25] [PENJUALAN] CASHIER FORM : calculateTotal
[ADMIN] [9/27/2016 15:25] [PENJUALAN] CASHIER FORM : calculateTotal [0]
[ADMIN] [9/27/2016 15:25] [PENJUALAN] CASHIER FORM : calculateTotal, totalAfterDisc [0]
[ADMIN] [9/27/2016 15:25] [PENJUALAN] CASHIER FORM : cashierDataGridView_CellValueChanged [disc2]
[ADMIN] [9/27/2016 15:25] [PENJUALAN] CASHIER FORM : TextBox_TextChanged, previousInput []
[ADMIN] [9/27/2016 15:25] [PENJUALAN] CASHIER FORM : TextBox_TextChanged, dataGridViewTextBoxEditingControl.Text pass REGEX Checking
[ADMIN] [9/27/2016 15:25] [PENJUALAN] CASHIER FORM : CALCULATE SUBTOTAL
[ADMIN] [9/27/2016 15:25] [PENJUALAN] CASHIER FORM : SUBTOTAL [0]
[ADMIN] [9/27/2016 15:25] [PENJUALAN] CASHIER FORM : TextBox_TextChanged, subtotal value [0]
[ADMIN] [9/27/2016 15:25] [PENJUALAN] CASHIER FORM : TextBox_TextChanged, attempt to calculate total value
[ADMIN] [9/27/2016 15:25] [PENJUALAN] CASHIER FORM : calculateTotal
[ADMIN] [9/27/2016 15:25] [PENJUALAN] CASHIER FORM : calculateTotal [0]
[ADMIN] [9/27/2016 15:25] [PENJUALAN] CASHIER FORM : calculateTotal, totalAfterDisc [0]
[ADMIN] [9/27/2016 15:25] [PENJUALAN] CASHIER FORM : cashierDataGridView_CellValueChanged [discRP]
[ADMIN] [9/27/2016 15:25] [PENJUALAN] CASHIER FORM : TextBox_TextChanged, previousInput []
[ADMIN] [9/27/2016 15:25] [PENJUALAN] CASHIER FORM : TextBox_TextChanged, dataGridViewTextBoxEditingControl.Text pass REGEX Checking
[ADMIN] [9/27/2016 15:25] [PENJUALAN] CASHIER FORM : CALCULATE SUBTOTAL
[ADMIN] [9/27/2016 15:25] [PENJUALAN] CASHIER FORM : SUBTOTAL [0]
[ADMIN] [9/27/2016 15:25] [PENJUALAN] CASHIER FORM : TextBox_TextChanged, subtotal value [0]
[ADMIN] [9/27/2016 15:25] [PENJUALAN] CASHIER FORM : TextBox_TextChanged, attempt to calculate total value
[ADMIN] [9/27/2016 15:25] [PENJUALAN] CASHIER FORM : calculateTotal
[ADMIN] [9/27/2016 15:25] [PENJUALAN] CASHIER FORM : calculateTotal [0]
[ADMIN] [9/27/2016 15:25] [PENJUALAN] CASHIER FORM : calculateTotal, totalAfterDisc [0]
[ADMIN] [9/27/2016 15:25] [PENJUALAN] CASHIER FORM : cashierDataGridView_CellValueChanged [jumlah]
[ADMIN] [9/27/2016 15:25] [PENJUALAN] CASHIER FORM : cashierDataGridView_CellValueChanged [productName]
[ADMIN] [9/27/2016 15:25] [PENJUALAN] CASHIER FORM : cashierDataGridView_CellValueChanged [productName]
[ADMIN] [9/27/2016 15:25] [PENJUALAN] CASHIER FORM : calculateTotal
[ADMIN] [9/27/2016 15:25] [PENJUALAN] CASHIER FORM : calculateTotal [0]
[ADMIN] [9/27/2016 15:25] [PENJUALAN] CASHIER FORM : calculateTotal, totalAfterDisc [0]
[ADMIN] [9/27/2016 15:25] [PENJUALAN] CASHIER FORM : cashierDataGridView_CellValueChanged [productName]
[ADMIN] [9/27/2016 15:25] [PENJUALAN] CASHIER FORM : cashierDataGridView_CellValueChanged [productName]
[ADMIN] [9/27/2016 15:25] [PENJUALAN] CASHIER FORM : calculateTotal
[ADMIN] [9/27/2016 15:25] [PENJUALAN] CASHIER FORM : calculateTotal [0]
[ADMIN] [9/27/2016 15:25] [PENJUALAN] CASHIER FORM : calculateTotal, totalAfterDisc [0]
[ADMIN] [9/27/2016 15:25] [PENJUALAN] CASHIER FORM : cashierDataGridView_CellValueChanged [productName]
[ADMIN] [9/27/2016 15:25] [PENJUALAN] CASHIER FORM : cashierDataGridView_CellValueChanged [productName]
[ADMIN] [9/27/2016 15:25] [PENJUALAN] CASHIER FORM : calculateTotal
[ADMIN] [9/27/2016 15:25] [PENJUALAN] CASHIER FORM : calculateTotal [0]
[ADMIN] [9/27/2016 15:25] [PENJUALAN] CASHIER FORM : calculateTotal, totalAfterDisc [0]
[ADMIN] [9/27/2016 15:25] [PENJUALAN] CASHIER FORM : cashierDataGridView_CellValueChanged [productName]
[ADMIN] [9/27/2016 15:25] [PENJUALAN] CASHIER FORM : cashierDataGridView_CellValueChanged [productID]
[ADMIN] [9/27/2016 15:25] [PENJUALAN] CASHIER FORM : PRODUCT PRICE TYPE [PRODUCT_BASE_PRICE]
[ADMIN] [9/27/2016 15:25] [PENJUALAN] CASHIER FORM : PRODUCT PRICE [10]
[ADMIN] [9/27/2016 15:25] [PENJUALAN] CASHIER FORM : ComboBox_SelectedIndexChanged, PRODUCT_BASE_PRICE [10]
[ADMIN] [9/27/2016 15:25] [PENJUALAN] CASHIER FORM : cashierDataGridView_CellValueChanged [hpp]
[ADMIN] [9/27/2016 15:25] [PENJUALAN] CASHIER FORM : TextBox_TextChanged, previousInput []
[ADMIN] [9/27/2016 15:25] [PENJUALAN] CASHIER FORM : TextBox_TextChanged, dataGridViewTextBoxEditingControl.Text pass REGEX Checking
[ADMIN] [9/27/2016 15:25] [PENJUALAN] CASHIER FORM : CALCULATE SUBTOTAL
[ADMIN] [9/27/2016 15:25] [PENJUALAN] CASHIER FORM : SUBTOTAL [0]
[ADMIN] [9/27/2016 15:25] [PENJUALAN] CASHIER FORM : TextBox_TextChanged, subtotal value [0]
[ADMIN] [9/27/2016 15:25] [PENJUALAN] CASHIER FORM : cashierDataGridView_CellValueChanged [jumlah]
[ADMIN] [9/27/2016 15:25] [PENJUALAN] CASHIER FORM : TextBox_TextChanged, attempt to calculate total value
[ADMIN] [9/27/2016 15:25] [PENJUALAN] CASHIER FORM : calculateTotal
[ADMIN] [9/27/2016 15:25] [PENJUALAN] CASHIER FORM : calculateTotal [0]
[ADMIN] [9/27/2016 15:25] [PENJUALAN] CASHIER FORM : calculateTotal, totalAfterDisc [0]
[ADMIN] [9/27/2016 15:25] [PENJUALAN] CASHIER FORM : PRODUCT PRICE TYPE [PRODUCT_RETAIL_PRICE]
[ADMIN] [9/27/2016 15:25] [PENJUALAN] CASHIER FORM : PRODUCT PRICE [1]
[ADMIN] [9/27/2016 15:25] [PENJUALAN] CASHIER FORM : ComboBox_SelectedIndexChanged, PRODUCT_SALES_PRICE [1]
[ADMIN] [9/27/2016 15:25] [PENJUALAN] CASHIER FORM : cashierDataGridView_CellValueChanged [productPrice]
[ADMIN] [9/27/2016 15:25] [PENJUALAN] CASHIER FORM : cashierDataGridView_CellValueChanged [qty]
[ADMIN] [9/27/2016 15:25] [PENJUALAN] CASHIER FORM : TextBox_TextChanged, previousInput []
[ADMIN] [9/27/2016 15:25] [PENJUALAN] CASHIER FORM : TextBox_TextChanged, dataGridViewTextBoxEditingControl.Text pass REGEX Checking
[ADMIN] [9/27/2016 15:25] [PENJUALAN] CASHIER FORM : CALCULATE SUBTOTAL
[ADMIN] [9/27/2016 15:25] [PENJUALAN] CASHIER FORM : SUBTOTAL [0]
[ADMIN] [9/27/2016 15:25] [PENJUALAN] CASHIER FORM : TextBox_TextChanged, subtotal value [0]
[ADMIN] [9/27/2016 15:25] [PENJUALAN] CASHIER FORM : TextBox_TextChanged, attempt to calculate total value
[ADMIN] [9/27/2016 15:25] [PENJUALAN] CASHIER FORM : calculateTotal
[ADMIN] [9/27/2016 15:25] [PENJUALAN] CASHIER FORM : calculateTotal [0]
[ADMIN] [9/27/2016 15:25] [PENJUALAN] CASHIER FORM : calculateTotal, totalAfterDisc [0]
[ADMIN] [9/27/2016 15:25] [PENJUALAN] CASHIER FORM : ComboBox_SelectedIndexChanged, attempt to calculate total
[ADMIN] [9/27/2016 15:25] [PENJUALAN] CASHIER FORM : calculateTotal
[ADMIN] [9/27/2016 15:25] [PENJUALAN] CASHIER FORM : calculateTotal [0]
[ADMIN] [9/27/2016 15:25] [PENJUALAN] CASHIER FORM : calculateTotal, totalAfterDisc [0]
[ADMIN] [9/27/2016 15:25] [PENJUALAN] CASHIER FORM : cashierDataGridView_CellValueChanged [qty]
[ADMIN] [9/27/2016 15:25] [PENJUALAN] CASHIER FORM : TextBox_TextChanged, previousInput [0]
[ADMIN] [9/27/2016 15:25] [PENJUALAN] CASHIER FORM : TextBox_TextChanged, dataGridViewTextBoxEditingControl.Text [2]
[ADMIN] [9/27/2016 15:25] [PENJUALAN] CASHIER FORM : TextBox_TextChanged, dataGridViewTextBoxEditingControl.Text pass REGEX Checking
[ADMIN] [9/27/2016 15:25] [PENJUALAN] CASHIER FORM : CHECK STOCK QTY IS ENOUGH [1]
[ADMIN] [9/27/2016 15:25] [PENJUALAN] CASHIER FORM : CHECK STOCK QTY IS ENOUGH [27, 2]
[ADMIN] [9/27/2016 15:25] [PENJUALAN] CASHIER FORM : CALCULATE SUBTOTAL
[ADMIN] [9/27/2016 15:25] [PENJUALAN] CASHIER FORM : SUBTOTAL [2]
[ADMIN] [9/27/2016 15:25] [PENJUALAN] CASHIER FORM : TextBox_TextChanged, subtotal value [2]
[ADMIN] [9/27/2016 15:25] [PENJUALAN] CASHIER FORM : cashierDataGridView_CellValueChanged [jumlah]
[ADMIN] [9/27/2016 15:25] [PENJUALAN] CASHIER FORM : TextBox_TextChanged, attempt to calculate total value
[ADMIN] [9/27/2016 15:25] [PENJUALAN] CASHIER FORM : calculateTotal
[ADMIN] [9/27/2016 15:25] [PENJUALAN] CASHIER FORM : calculateTotal [2]
[ADMIN] [9/27/2016 15:25] [PENJUALAN] CASHIER FORM : calculateTotal, totalAfterDisc [2]
[ADMIN] [9/27/2016 15:26] [PENJUALAN] CASHIER FORM : calculateChangeValue, bayarTextBox.Text [2]
[ADMIN] [9/27/2016 15:26] [PENJUALAN] CASHIER FORM : calculateChangeValue, sisaBayar [0]
[ADMIN] [9/27/2016 15:26] [PENJUALAN] CASHIER FORM : HOTKEY TO SAVE AND PRINT OUT INVOICE PRESSED
[ADMIN] [9/27/2016 15:26] [PENJUALAN] CASHIER FORM : UNREGISTER HOTKEY
[ADMIN] [9/27/2016 15:26] [PENJUALAN] CASHIER FORM : REGISTER HOTKEY
[ADMIN] [9/27/2016 15:26] [PENJUALAN] ATTEMPT TO SAVE AND PRINT OUT INVOICE
[ADMIN] [9/27/2016 15:26] [PENJUALAN] CASHIER FORM : UNREGISTER HOTKEY
[ADMIN] [9/27/2016 15:26] [PENJUALAN] CASHIER FORM : REGISTER HOTKEY
[ADMIN] [9/27/2016 15:26] [PENJUALAN] CASHIER FORM : UNREGISTER HOTKEY
[ADMIN] [9/27/2016 15:26] [PENJUALAN] CASHIER FORM : ATTEMPT TO SAVE SALES DATA [27-09-2016 15:26]
[ADMIN] [9/27/2016 15:26] [PENJUALAN] CASHIER FORM : CASH SALES
[ADMIN] [9/27/2016 15:26] [PENJUALAN] CASHIER FORM : NO FAKTUR [SLO001]
[ADMIN] [9/27/2016 15:26] [PENJUALAN] CASHIER FORM : MAX SALES INVOICE [1]
[ADMIN] [9/27/2016 15:26] [PENJUALAN] CASHIER FORM : SALES INVOICE [SLO001-2]
[ADMIN] [9/27/2016 15:26] [PENJUALAN] INSERT INTO SALES HEADER [SLO001-2]
[ADMIN] [9/27/2016 15:26] [PENJUALAN] INSERT INTO SALES DETAIL[1, 1, 2]
[ADMIN] [9/27/2016 15:26] [PENJUALAN] CASHIER FORM : REGISTER HOTKEY
[ADMIN] [9/27/2016 15:26] [PENJUALAN] TRANSACTION SAVED
[ADMIN] [9/27/2016 15:26] [PENJUALAN] VALIDATE USER CREDIT STATUS
[ADMIN] [9/27/2016 15:26] [PENJUALAN] CASHIER FORM : UNREGISTER HOTKEY
[ADMIN] [9/27/2016 15:26] [PENJUALAN] CASHIER FORM : REGISTER HOTKEY
[ADMIN] [9/27/2016 15:26] [PENJUALAN] CASHIER FORM : UNREGISTER HOTKEY
[ADMIN] [9/27/2016 15:26] [PENJUALAN] CASHIER FORM : REGISTER HOTKEY
[ADMIN] [9/27/2016 15:26] [PENJUALAN] CASHIER FORM : UNREGISTER HOTKEY
[ADMIN] [9/27/2016 15:26] [PENJUALAN] CASHIER FORM : UNREGISTER HOTKEY
[] [9/28/2016 00:50] [] USER = ADMIN IS ACTIVE
[ADMIN] [9/28/2016 00:50] [] USER ID = 1 LOGIN SUCCESSFULLY
[ADMIN] [9/28/2016 00:50] [] ACTIVATE USER ACCESS RIGHT
[ADMIN] [9/28/2016 00:50] [] DISPLAY ADMIN FORM
[ADMIN] [9/28/2016 00:50] [] adminForm Load
[ADMIN] [9/28/2016 00:50] [PENJUALAN] CASHIER FORM : REGISTER HOTKEY
[ADMIN] [9/28/2016 00:50] [PENJUALAN] CASHIER FORM : loadNoFaktur, noFakturValue [SLO001]
[ADMIN] [9/28/2016 00:50] [PENJUALAN] CASHIER FORM : calculateTotal
[ADMIN] [9/28/2016 00:50] [PENJUALAN] CASHIER FORM : calculateTotal [0]
[ADMIN] [9/28/2016 00:50] [PENJUALAN] CASHIER FORM : calculateTotal, totalAfterDisc [0]
[ADMIN] [9/28/2016 00:50] [PENJUALAN] CASHIER FORM : REGISTER HOTKEY
[ADMIN] [9/28/2016 00:50] [PENJUALAN] CASHIER FORM : UNREGISTER HOTKEY
[ADMIN] [9/28/2016 00:52] [PENJUALAN] CASHIER FORM : REGISTER HOTKEY
[ADMIN] [9/28/2016 00:52] [PENJUALAN] CASHIER FORM : UNREGISTER HOTKEY
[ADMIN] [9/28/2016 00:52] [PENJUALAN] CASHIER FORM : UNREGISTER HOTKEY
[ADMIN] [9/28/2016 00:52] [PENJUALAN] CASHIER FORM : MULTIPLE CASHIER INSTANCE [1]
[ADMIN] [9/28/2016 00:52] [PENJUALAN] CASHIER FORM : REGISTER HOTKEY
[ADMIN] [9/28/2016 00:52] [PENJUALAN] CASHIER FORM : cashierForm_Load, ATTEMPT TO LOAD NO FAKTUR
[ADMIN] [9/28/2016 00:52] [PENJUALAN] CASHIER FORM : loadNoFaktur, noFakturValue [SLO001]
[ADMIN] [9/28/2016 00:52] [PENJUALAN] CASHIER FORM : cashierForm_Load, ATTEMPT TO addColumnToDataGrid
[ADMIN] [9/28/2016 00:52] [PENJUALAN] CASHIER FORM : calculateTotal
[ADMIN] [9/28/2016 00:52] [PENJUALAN] CASHIER FORM : calculateTotal [0]
[ADMIN] [9/28/2016 00:52] [PENJUALAN] CASHIER FORM : calculateTotal, totalAfterDisc [0]
[ADMIN] [9/28/2016 00:52] [PENJUALAN] CASHIER FORM : REGISTER HOTKEY
[ADMIN] [9/28/2016 00:52] [PENJUALAN] CASHIER FORM : UNREGISTER HOTKEY
[ADMIN] [9/28/2016 00:53] [PENJUALAN] CASHIER FORM : REGISTER HOTKEY
[ADMIN] [9/28/2016 00:53] [PENJUALAN] CASHIER FORM : UNREGISTER HOTKEY
[ADMIN] [9/28/2016 00:53] [PENJUALAN] CASHIER FORM : UNREGISTER HOTKEY
[ADMIN] [9/28/2016 00:53] [PENJUALAN] CASHIER FORM : REGISTER HOTKEY
[ADMIN] [9/28/2016 00:53] [PENJUALAN] CASHIER FORM : loadNoFaktur, noFakturValue [SLO001]
[ADMIN] [9/28/2016 00:53] [PENJUALAN] CASHIER FORM : calculateTotal
[ADMIN] [9/28/2016 00:53] [PENJUALAN] CASHIER FORM : calculateTotal [0]
[ADMIN] [9/28/2016 00:53] [PENJUALAN] CASHIER FORM : calculateTotal, totalAfterDisc [0]
[ADMIN] [9/28/2016 00:53] [PENJUALAN] CASHIER FORM : REGISTER HOTKEY
[ADMIN] [9/28/2016 00:53] [PENJUALAN] CASHIER FORM : UNREGISTER HOTKEY
[ADMIN] [9/28/2016 00:53] [PENJUALAN] CASHIER FORM : REGISTER HOTKEY
[ADMIN] [9/28/2016 00:53] [] USER ID = 1LOGOUT
[ADMIN] [9/28/2016 00:53] [PENJUALAN] CASHIER FORM : UNREGISTER HOTKEY
[ADMIN] [9/28/2016 00:53] [PENJUALAN] CASHIER FORM : REGISTER HOTKEY
[ADMIN] [9/28/2016 00:53] [PENJUALAN] CASHIER FORM : UNREGISTER HOTKEY
[ADMIN] [9/28/2016 00:53] [PENJUALAN] CASHIER FORM : UNREGISTER HOTKEY
