[] [9/16/2016 22:47] [] USER = ADMIN IS ACTIVE
[ADMIN] [9/16/2016 22:47] [] USER ID = 1 LOGIN SUCCESSFULLY
[ADMIN] [9/16/2016 22:47] [] ACTIVATE USER ACCESS RIGHT
[ADMIN] [9/16/2016 22:47] [] DISPLAY ADMIN FORM
[ADMIN] [9/16/2016 22:47] [] adminForm Load
[] [9/17/2016 10:57] [] USER = ADMIN IS ACTIVE
[ADMIN] [9/17/2016 10:57] [] USER ID = 1 LOGIN SUCCESSFULLY
[ADMIN] [9/17/2016 10:57] [] ACTIVATE USER ACCESS RIGHT
[ADMIN] [9/17/2016 10:57] [] DISPLAY ADMIN FORM
[ADMIN] [9/17/2016 10:57] [] adminForm Load
[ADMIN] [9/17/2016 11:01] [] USER ID = 1LOGOUT
[ADMIN] [9/17/2016 11:02] [] USER = ADMIN IS ACTIVE
[ADMIN] [9/17/2016 11:02] [] USER ID = 1 LOGIN SUCCESSFULLY
[ADMIN] [9/17/2016 11:02] [] ACTIVATE USER ACCESS RIGHT
[ADMIN] [9/17/2016 11:02] [] DISPLAY ADMIN FORM
[ADMIN] [9/17/2016 11:02] [] adminForm Load
[ADMIN] [9/17/2016 11:02] [PENJUALAN] CASHIER FORM : MULTIPLE CASHIER INSTANCE [1]
[ADMIN] [9/17/2016 11:02] [PENJUALAN] CASHIER FORM : REGISTER HOTKEY
[ADMIN] [9/17/2016 11:02] [PENJUALAN] CASHIER FORM : cashierForm_Load, ATTEMPT TO LOAD NO FAKTUR
[ADMIN] [9/17/2016 11:02] [PENJUALAN] CASHIER FORM : loadNoFaktur, noFakturValue [SLO001]
[ADMIN] [9/17/2016 11:02] [PENJUALAN] CASHIER FORM : cashierForm_Load, ATTEMPT TO addColumnToDataGrid
[ADMIN] [9/17/2016 11:02] [PENJUALAN] CASHIER FORM : calculateTotal
[ADMIN] [9/17/2016 11:02] [PENJUALAN] CASHIER FORM : calculateTotal [0]
[ADMIN] [9/17/2016 11:02] [PENJUALAN] CASHIER FORM : calculateTotal, totalAfterDisc [0]
[ADMIN] [9/17/2016 11:02] [PENJUALAN] CASHIER FORM : REGISTER HOTKEY
[ADMIN] [9/17/2016 11:02] [PENJUALAN] CASHIER FORM : UNREGISTER HOTKEY
[ADMIN] [9/17/2016 11:03] [PENJUALAN] CASHIER FORM : REGISTER HOTKEY
[ADMIN] [9/17/2016 11:03] [PENJUALAN] CASHIER FORM : UNREGISTER HOTKEY
[ADMIN] [9/17/2016 12:27] [PENJUALAN] CASHIER FORM : REGISTER HOTKEY
[ADMIN] [9/17/2016 12:27] [PENJUALAN] CASHIER FORM : UNREGISTER HOTKEY
[ADMIN] [9/17/2016 12:30] [PENJUALAN] CASHIER FORM : REGISTER HOTKEY
[ADMIN] [9/17/2016 12:32] [PENJUALAN] CASHIER FORM : UNREGISTER HOTKEY
[ADMIN] [9/17/2016 12:43] [PENJUALAN] CASHIER FORM : REGISTER HOTKEY
[ADMIN] [9/17/2016 12:43] [PENJUALAN] CASHIER FORM : UNREGISTER HOTKEY
[ADMIN] [9/17/2016 14:40] [PENJUALAN] CASHIER FORM : UNREGISTER HOTKEY
[ADMIN] [9/17/2016 14:40] [] USER ID = 1LOGOUT
