[] [9/28/2016 00:54] [] USER = ADMIN IS ACTIVE
[ADMIN] [9/28/2016 00:54] [] USER ID = 1 LOGIN SUCCESSFULLY
[ADMIN] [9/28/2016 00:54] [] ACTIVATE USER ACCESS RIGHT
[ADMIN] [9/28/2016 00:54] [] DISPLAY ADMIN FORM
[ADMIN] [9/28/2016 00:54] [] adminForm Load
[ADMIN] [9/28/2016 00:55] [PENJUALAN] CASHIER FORM : REGISTER HOTKEY
[ADMIN] [9/28/2016 00:55] [PENJUALAN] CASHIER FORM : loadNoFaktur, noFakturValue [SLO001]
[ADMIN] [9/28/2016 00:55] [PENJUALAN] CASHIER FORM : calculateTotal
[ADMIN] [9/28/2016 00:55] [PENJUALAN] CASHIER FORM : calculateTotal [0]
[ADMIN] [9/28/2016 00:55] [PENJUALAN] CASHIER FORM : calculateTotal, totalAfterDisc [0]
[ADMIN] [9/28/2016 00:55] [PENJUALAN] CASHIER FORM : REGISTER HOTKEY
[ADMIN] [9/28/2016 00:55] [PENJUALAN] CASHIER FORM : HOTKEY TO ADD NEW ROW PRESSED
[ADMIN] [9/28/2016 00:55] [PENJUALAN] CASHIER FORM : ADD NEW ROW,  isActive [True]
[ADMIN] [9/28/2016 00:55] [PENJUALAN] CASHIER FORM : ADD NEW ROW,  ROW COUNT [0]
[ADMIN] [9/28/2016 00:55] [PENJUALAN] CASHIER FORM : ADD NEW ROW,  ALLOW TO ADD [True]
[ADMIN] [9/28/2016 00:55] [PENJUALAN] CASHIER FORM : cashierDataGridView_CellValueChanged [F8]
[ADMIN] [9/28/2016 00:55] [PENJUALAN] CASHIER FORM : cashierDataGridView_CellValueChanged [hpp]
[ADMIN] [9/28/2016 00:55] [PENJUALAN] CASHIER FORM : TextBox_TextChanged, previousInput []
[ADMIN] [9/28/2016 00:55] [PENJUALAN] CASHIER FORM : TextBox_TextChanged, dataGridViewTextBoxEditingControl.Text pass REGEX Checking
[ADMIN] [9/28/2016 00:55] [PENJUALAN] CASHIER FORM : CALCULATE SUBTOTAL
[ADMIN] [9/28/2016 00:55] [PENJUALAN] CASHIER FORM : SUBTOTAL [0]
[ADMIN] [9/28/2016 00:55] [PENJUALAN] CASHIER FORM : TextBox_TextChanged, subtotal value [0]
[ADMIN] [9/28/2016 00:55] [PENJUALAN] CASHIER FORM : cashierDataGridView_CellValueChanged [jumlah]
[ADMIN] [9/28/2016 00:55] [PENJUALAN] CASHIER FORM : TextBox_TextChanged, attempt to calculate total value
[ADMIN] [9/28/2016 00:55] [PENJUALAN] CASHIER FORM : calculateTotal
[ADMIN] [9/28/2016 00:55] [PENJUALAN] CASHIER FORM : calculateTotal [0]
[ADMIN] [9/28/2016 00:55] [PENJUALAN] CASHIER FORM : calculateTotal, totalAfterDisc [0]
[ADMIN] [9/28/2016 00:55] [PENJUALAN] CASHIER FORM : cashierDataGridView_CellValueChanged [productPrice]
[ADMIN] [9/28/2016 00:55] [PENJUALAN] CASHIER FORM : cashierDataGridView_CellValueChanged [disc1]
[ADMIN] [9/28/2016 00:55] [PENJUALAN] CASHIER FORM : TextBox_TextChanged, previousInput []
[ADMIN] [9/28/2016 00:55] [PENJUALAN] CASHIER FORM : TextBox_TextChanged, dataGridViewTextBoxEditingControl.Text pass REGEX Checking
[ADMIN] [9/28/2016 00:55] [PENJUALAN] CASHIER FORM : CALCULATE SUBTOTAL
[ADMIN] [9/28/2016 00:55] [PENJUALAN] CASHIER FORM : SUBTOTAL [0]
[ADMIN] [9/28/2016 00:55] [PENJUALAN] CASHIER FORM : TextBox_TextChanged, subtotal value [0]
[ADMIN] [9/28/2016 00:55] [PENJUALAN] CASHIER FORM : TextBox_TextChanged, attempt to calculate total value
[ADMIN] [9/28/2016 00:55] [PENJUALAN] CASHIER FORM : calculateTotal
[ADMIN] [9/28/2016 00:55] [PENJUALAN] CASHIER FORM : calculateTotal [0]
[ADMIN] [9/28/2016 00:55] [PENJUALAN] CASHIER FORM : calculateTotal, totalAfterDisc [0]
[ADMIN] [9/28/2016 00:55] [PENJUALAN] CASHIER FORM : cashierDataGridView_CellValueChanged [qty]
[ADMIN] [9/28/2016 00:55] [PENJUALAN] CASHIER FORM : TextBox_TextChanged, previousInput []
[ADMIN] [9/28/2016 00:55] [PENJUALAN] CASHIER FORM : TextBox_TextChanged, dataGridViewTextBoxEditingControl.Text pass REGEX Checking
[ADMIN] [9/28/2016 00:55] [PENJUALAN] CASHIER FORM : CALCULATE SUBTOTAL
[ADMIN] [9/28/2016 00:55] [PENJUALAN] CASHIER FORM : SUBTOTAL [0]
[ADMIN] [9/28/2016 00:55] [PENJUALAN] CASHIER FORM : TextBox_TextChanged, subtotal value [0]
[ADMIN] [9/28/2016 00:55] [PENJUALAN] CASHIER FORM : TextBox_TextChanged, attempt to calculate total value
[ADMIN] [9/28/2016 00:55] [PENJUALAN] CASHIER FORM : calculateTotal
[ADMIN] [9/28/2016 00:55] [PENJUALAN] CASHIER FORM : calculateTotal [0]
[ADMIN] [9/28/2016 00:55] [PENJUALAN] CASHIER FORM : calculateTotal, totalAfterDisc [0]
[ADMIN] [9/28/2016 00:55] [PENJUALAN] CASHIER FORM : cashierDataGridView_CellValueChanged [disc2]
[ADMIN] [9/28/2016 00:55] [PENJUALAN] CASHIER FORM : TextBox_TextChanged, previousInput []
[ADMIN] [9/28/2016 00:55] [PENJUALAN] CASHIER FORM : TextBox_TextChanged, dataGridViewTextBoxEditingControl.Text pass REGEX Checking
[ADMIN] [9/28/2016 00:55] [PENJUALAN] CASHIER FORM : CALCULATE SUBTOTAL
[ADMIN] [9/28/2016 00:55] [PENJUALAN] CASHIER FORM : SUBTOTAL [0]
[ADMIN] [9/28/2016 00:55] [PENJUALAN] CASHIER FORM : TextBox_TextChanged, subtotal value [0]
[ADMIN] [9/28/2016 00:55] [PENJUALAN] CASHIER FORM : TextBox_TextChanged, attempt to calculate total value
[ADMIN] [9/28/2016 00:55] [PENJUALAN] CASHIER FORM : calculateTotal
[ADMIN] [9/28/2016 00:55] [PENJUALAN] CASHIER FORM : calculateTotal [0]
[ADMIN] [9/28/2016 00:55] [PENJUALAN] CASHIER FORM : calculateTotal, totalAfterDisc [0]
[ADMIN] [9/28/2016 00:55] [PENJUALAN] CASHIER FORM : cashierDataGridView_CellValueChanged [discRP]
[ADMIN] [9/28/2016 00:55] [PENJUALAN] CASHIER FORM : TextBox_TextChanged, previousInput []
[ADMIN] [9/28/2016 00:55] [PENJUALAN] CASHIER FORM : TextBox_TextChanged, dataGridViewTextBoxEditingControl.Text pass REGEX Checking
[ADMIN] [9/28/2016 00:55] [PENJUALAN] CASHIER FORM : CALCULATE SUBTOTAL
[ADMIN] [9/28/2016 00:55] [PENJUALAN] CASHIER FORM : SUBTOTAL [0]
[ADMIN] [9/28/2016 00:55] [PENJUALAN] CASHIER FORM : TextBox_TextChanged, subtotal value [0]
[ADMIN] [9/28/2016 00:55] [PENJUALAN] CASHIER FORM : TextBox_TextChanged, attempt to calculate total value
[ADMIN] [9/28/2016 00:55] [PENJUALAN] CASHIER FORM : calculateTotal
[ADMIN] [9/28/2016 00:55] [PENJUALAN] CASHIER FORM : calculateTotal [0]
[ADMIN] [9/28/2016 00:55] [PENJUALAN] CASHIER FORM : calculateTotal, totalAfterDisc [0]
[ADMIN] [9/28/2016 00:55] [PENJUALAN] CASHIER FORM : cashierDataGridView_CellValueChanged [jumlah]
[ADMIN] [9/28/2016 00:55] [PENJUALAN] CASHIER FORM : cashierDataGridView_CellValueChanged [productName]
[ADMIN] [9/28/2016 00:55] [PENJUALAN] CASHIER FORM : cashierDataGridView_CellValueChanged [productName]
[ADMIN] [9/28/2016 00:55] [PENJUALAN] CASHIER FORM : calculateTotal
[ADMIN] [9/28/2016 00:55] [PENJUALAN] CASHIER FORM : calculateTotal [0]
[ADMIN] [9/28/2016 00:55] [PENJUALAN] CASHIER FORM : calculateTotal, totalAfterDisc [0]
[ADMIN] [9/28/2016 00:55] [PENJUALAN] CASHIER FORM : cashierDataGridView_CellValueChanged [productName]
[ADMIN] [9/28/2016 00:55] [PENJUALAN] CASHIER FORM : cashierDataGridView_CellValueChanged [productName]
[ADMIN] [9/28/2016 00:55] [PENJUALAN] CASHIER FORM : calculateTotal
[ADMIN] [9/28/2016 00:55] [PENJUALAN] CASHIER FORM : calculateTotal [0]
[ADMIN] [9/28/2016 00:55] [PENJUALAN] CASHIER FORM : calculateTotal, totalAfterDisc [0]
[ADMIN] [9/28/2016 00:55] [PENJUALAN] CASHIER FORM : cashierDataGridView_CellValueChanged [productName]
[ADMIN] [9/28/2016 00:55] [PENJUALAN] CASHIER FORM : cashierDataGridView_CellValueChanged [productID]
[ADMIN] [9/28/2016 00:55] [PENJUALAN] CASHIER FORM : PRODUCT PRICE TYPE [PRODUCT_BASE_PRICE]
[ADMIN] [9/28/2016 00:55] [PENJUALAN] CASHIER FORM : PRODUCT PRICE [10]
[ADMIN] [9/28/2016 00:55] [PENJUALAN] CASHIER FORM : ComboBox_SelectedIndexChanged, PRODUCT_BASE_PRICE [10]
[ADMIN] [9/28/2016 00:55] [PENJUALAN] CASHIER FORM : cashierDataGridView_CellValueChanged [hpp]
[ADMIN] [9/28/2016 00:55] [PENJUALAN] CASHIER FORM : TextBox_TextChanged, previousInput []
[ADMIN] [9/28/2016 00:55] [PENJUALAN] CASHIER FORM : TextBox_TextChanged, dataGridViewTextBoxEditingControl.Text pass REGEX Checking
[ADMIN] [9/28/2016 00:55] [PENJUALAN] CASHIER FORM : CALCULATE SUBTOTAL
[ADMIN] [9/28/2016 00:55] [PENJUALAN] CASHIER FORM : SUBTOTAL [0]
[ADMIN] [9/28/2016 00:55] [PENJUALAN] CASHIER FORM : TextBox_TextChanged, subtotal value [0]
[ADMIN] [9/28/2016 00:55] [PENJUALAN] CASHIER FORM : cashierDataGridView_CellValueChanged [jumlah]
[ADMIN] [9/28/2016 00:55] [PENJUALAN] CASHIER FORM : TextBox_TextChanged, attempt to calculate total value
[ADMIN] [9/28/2016 00:55] [PENJUALAN] CASHIER FORM : calculateTotal
[ADMIN] [9/28/2016 00:55] [PENJUALAN] CASHIER FORM : calculateTotal [0]
[ADMIN] [9/28/2016 00:55] [PENJUALAN] CASHIER FORM : calculateTotal, totalAfterDisc [0]
[ADMIN] [9/28/2016 00:55] [PENJUALAN] CASHIER FORM : PRODUCT PRICE TYPE [PRODUCT_RETAIL_PRICE]
[ADMIN] [9/28/2016 00:55] [PENJUALAN] CASHIER FORM : PRODUCT PRICE [1]
[ADMIN] [9/28/2016 00:55] [PENJUALAN] CASHIER FORM : ComboBox_SelectedIndexChanged, PRODUCT_SALES_PRICE [1]
[ADMIN] [9/28/2016 00:55] [PENJUALAN] CASHIER FORM : cashierDataGridView_CellValueChanged [productPrice]
[ADMIN] [9/28/2016 00:55] [PENJUALAN] CASHIER FORM : cashierDataGridView_CellValueChanged [qty]
[ADMIN] [9/28/2016 00:55] [PENJUALAN] CASHIER FORM : TextBox_TextChanged, previousInput []
[ADMIN] [9/28/2016 00:55] [PENJUALAN] CASHIER FORM : TextBox_TextChanged, dataGridViewTextBoxEditingControl.Text pass REGEX Checking
[ADMIN] [9/28/2016 00:55] [PENJUALAN] CASHIER FORM : CALCULATE SUBTOTAL
[ADMIN] [9/28/2016 00:55] [PENJUALAN] CASHIER FORM : SUBTOTAL [0]
[ADMIN] [9/28/2016 00:55] [PENJUALAN] CASHIER FORM : TextBox_TextChanged, subtotal value [0]
[ADMIN] [9/28/2016 00:55] [PENJUALAN] CASHIER FORM : TextBox_TextChanged, attempt to calculate total value
[ADMIN] [9/28/2016 00:55] [PENJUALAN] CASHIER FORM : calculateTotal
[ADMIN] [9/28/2016 00:55] [PENJUALAN] CASHIER FORM : calculateTotal [0]
[ADMIN] [9/28/2016 00:55] [PENJUALAN] CASHIER FORM : calculateTotal, totalAfterDisc [0]
[ADMIN] [9/28/2016 00:55] [PENJUALAN] CASHIER FORM : ComboBox_SelectedIndexChanged, attempt to calculate total
[ADMIN] [9/28/2016 00:55] [PENJUALAN] CASHIER FORM : calculateTotal
[ADMIN] [9/28/2016 00:55] [PENJUALAN] CASHIER FORM : calculateTotal [0]
[ADMIN] [9/28/2016 00:55] [PENJUALAN] CASHIER FORM : calculateTotal, totalAfterDisc [0]
[ADMIN] [9/28/2016 00:55] [PENJUALAN] CASHIER FORM : UNREGISTER HOTKEY
[ADMIN] [9/28/2016 00:55] [PENJUALAN] CASHIER FORM : REGISTER HOTKEY
[ADMIN] [9/28/2016 00:55] [PENJUALAN] CASHIER FORM : cashierDataGridView_KeyDown ATTEMPT TO DELETE ROW
[ADMIN] [9/28/2016 00:55] [PENJUALAN] CASHIER FORM : deleteCurrentRow [0]
[ADMIN] [9/28/2016 00:55] [PENJUALAN] CASHIER FORM : UPDATE ROW NUMBER, TOTAL ROW [0]
[ADMIN] [9/28/2016 00:55] [PENJUALAN] CASHIER FORM : calculateTotal
[ADMIN] [9/28/2016 00:55] [PENJUALAN] CASHIER FORM : calculateTotal [0]
[ADMIN] [9/28/2016 00:55] [PENJUALAN] CASHIER FORM : calculateTotal, totalAfterDisc [0]
[ADMIN] [9/28/2016 00:55] [PENJUALAN] CASHIER FORM : UNREGISTER HOTKEY
[ADMIN] [9/28/2016 00:56] [PENJUALAN] CASHIER FORM : REGISTER HOTKEY
[ADMIN] [9/28/2016 00:56] [PENJUALAN] CASHIER FORM : UNREGISTER HOTKEY
[ADMIN] [9/28/2016 00:56] [PENJUALAN] CASHIER FORM : UNREGISTER HOTKEY
[ADMIN] [9/28/2016 00:56] [] USER ID = 1LOGOUT
