[] [10/17/2016 11:37] [] USER = ADMIN IS ACTIVE
[ADMIN] [10/17/2016 11:37] [] USER ID = 1 LOGIN SUCCESSFULLY
[ADMIN] [10/17/2016 11:37] [] ACTIVATE USER ACCESS RIGHT
[ADMIN] [10/17/2016 11:37] [] DISPLAY ADMIN FORM
[ADMIN] [10/17/2016 11:37] [] adminForm Load
[ADMIN] [10/17/2016 11:38] [PENJUALAN] CASHIER FORM : MULTIPLE CASHIER INSTANCE [1]
[ADMIN] [10/17/2016 11:38] [PENJUALAN] CASHIER FORM : REGISTER HOTKEY
[ADMIN] [10/17/2016 11:38] [PENJUALAN] CASHIER FORM : cashierForm_Load, ATTEMPT TO LOAD NO FAKTUR
[ADMIN] [10/17/2016 11:38] [PENJUALAN] CASHIER FORM : loadNoFaktur, noFakturValue [SLO001]
[ADMIN] [10/17/2016 11:38] [PENJUALAN] CASHIER FORM : cashierForm_Load, ATTEMPT TO addColumnToDataGrid
[ADMIN] [10/17/2016 11:38] [PENJUALAN] CASHIER FORM : calculateTotal
[ADMIN] [10/17/2016 11:38] [PENJUALAN] CASHIER FORM : calculateTotal [0]
[ADMIN] [10/17/2016 11:38] [PENJUALAN] CASHIER FORM : calculateTotal, totalAfterDisc [0]
[ADMIN] [10/17/2016 11:38] [PENJUALAN] CASHIER FORM : REGISTER HOTKEY
[ADMIN] [10/17/2016 11:38] [PENJUALAN] CASHIER FORM : UNREGISTER HOTKEY
[ADMIN] [10/17/2016 11:38] [PENJUALAN] CASHIER FORM : UNREGISTER HOTKEY
[ADMIN] [10/17/2016 11:48] [PENJUALAN] CASHIER FORM : MULTIPLE CASHIER INSTANCE [1]
[ADMIN] [10/17/2016 11:48] [PENJUALAN] CASHIER FORM : REGISTER HOTKEY
[ADMIN] [10/17/2016 11:48] [PENJUALAN] CASHIER FORM : cashierForm_Load, ATTEMPT TO LOAD NO FAKTUR
[ADMIN] [10/17/2016 11:48] [PENJUALAN] CASHIER FORM : loadNoFaktur, noFakturValue [SLO001]
[ADMIN] [10/17/2016 11:48] [PENJUALAN] CASHIER FORM : cashierForm_Load, ATTEMPT TO addColumnToDataGrid
[ADMIN] [10/17/2016 11:48] [PENJUALAN] CASHIER FORM : calculateTotal
[ADMIN] [10/17/2016 11:48] [PENJUALAN] CASHIER FORM : calculateTotal [0]
[ADMIN] [10/17/2016 11:48] [PENJUALAN] CASHIER FORM : calculateTotal, totalAfterDisc [0]
[ADMIN] [10/17/2016 11:48] [PENJUALAN] CASHIER FORM : REGISTER HOTKEY
[ADMIN] [10/17/2016 11:49] [PENJUALAN] CASHIER FORM : UNREGISTER HOTKEY
[ADMIN] [10/17/2016 11:49] [PENJUALAN] CASHIER FORM : UNREGISTER HOTKEY
[ADMIN] [10/17/2016 11:49] [] USER ID = 1LOGOUT
