[] [9/10/2016 12:03] [] USER = ADMIN IS ACTIVE
[ADMIN] [9/10/2016 12:03] [] USER ID = 1 LOGIN SUCCESSFULLY
[ADMIN] [9/10/2016 12:03] [] ACTIVATE USER ACCESS RIGHT
[ADMIN] [9/10/2016 12:03] [] DISPLAY ADMIN FORM
[ADMIN] [9/10/2016 12:03] [] adminForm Load
[ADMIN] [9/10/2016 12:03] [] CREATE DATA GROUP FORM MODULE_ID [51]
[ADMIN] [9/10/2016 12:03] [] CREATE DATA GROUP ACCESS MODULE FORM, GROUP USER ID [1]
[] [9/10/2016 12:04] [] USER = ADMIN IS ACTIVE
[ADMIN] [9/10/2016 12:04] [] USER ID = 1 LOGIN SUCCESSFULLY
[ADMIN] [9/10/2016 12:04] [] ACTIVATE USER ACCESS RIGHT
[ADMIN] [9/10/2016 12:04] [] DISPLAY ADMIN FORM
[ADMIN] [9/10/2016 12:04] [] adminForm Load
[ADMIN] [9/10/2016 12:04] [] CREATE DATA GROUP FORM MODULE_ID [51]
[ADMIN] [9/10/2016 12:04] [] CREATE DATA GROUP ACCESS MODULE FORM, GROUP USER ID [1]
[] [9/10/2016 12:06] [] USER = ADMIN IS ACTIVE
[ADMIN] [9/10/2016 12:06] [] USER ID = 1 LOGIN SUCCESSFULLY
[ADMIN] [9/10/2016 12:07] [] ACTIVATE USER ACCESS RIGHT
[ADMIN] [9/10/2016 12:07] [] DISPLAY ADMIN FORM
[ADMIN] [9/10/2016 12:07] [] adminForm Load
[ADMIN] [9/10/2016 12:07] [] CREATE DATA GROUP FORM MODULE_ID [51]
[ADMIN] [9/10/2016 12:07] [] CREATE DATA GROUP ACCESS MODULE FORM, GROUP USER ID [1]
[] [9/10/2016 12:11] [] USER = ADMIN IS ACTIVE
[ADMIN] [9/10/2016 12:11] [] USER ID = 1 LOGIN SUCCESSFULLY
[ADMIN] [9/10/2016 12:11] [] ACTIVATE USER ACCESS RIGHT
[ADMIN] [9/10/2016 12:11] [] DISPLAY ADMIN FORM
[ADMIN] [9/10/2016 12:11] [] adminForm Load
[ADMIN] [9/10/2016 12:11] [] CREATE DATA GROUP FORM MODULE_ID [51]
[ADMIN] [9/10/2016 12:11] [] CREATE DATA GROUP ACCESS MODULE FORM, GROUP USER ID [1]
[ADMIN] [9/10/2016 12:12] [] USER ID = 1LOGOUT
