[] [9/16/2016 22:34] [] USER = ADMIN IS ACTIVE
[ADMIN] [9/16/2016 22:34] [] USER ID = 1 LOGIN SUCCESSFULLY
[ADMIN] [9/16/2016 22:34] [] ACTIVATE USER ACCESS RIGHT
[ADMIN] [9/16/2016 22:34] [] DISPLAY ADMIN FORM
[ADMIN] [9/16/2016 22:34] [] adminForm Load
[] [9/16/2016 22:37] [] USER = ADMIN IS ACTIVE
[ADMIN] [9/16/2016 22:37] [] USER ID = 1 LOGIN SUCCESSFULLY
[ADMIN] [9/16/2016 22:37] [] ACTIVATE USER ACCESS RIGHT
[ADMIN] [9/16/2016 22:37] [] DISPLAY ADMIN FORM
[ADMIN] [9/16/2016 22:37] [] adminForm Load
[] [9/16/2016 22:41] [] USER = ADMIN IS ACTIVE
[ADMIN] [9/16/2016 22:41] [] USER ID = 1 LOGIN SUCCESSFULLY
[ADMIN] [9/16/2016 22:41] [] ACTIVATE USER ACCESS RIGHT
[ADMIN] [9/16/2016 22:41] [] DISPLAY ADMIN FORM
[ADMIN] [9/16/2016 22:41] [] adminForm Load
[] [9/16/2016 22:43] [] USER = ADMIN IS ACTIVE
[ADMIN] [9/16/2016 22:43] [] USER ID = 1 LOGIN SUCCESSFULLY
[ADMIN] [9/16/2016 22:43] [] ACTIVATE USER ACCESS RIGHT
[ADMIN] [9/16/2016 22:43] [] DISPLAY ADMIN FORM
[ADMIN] [9/16/2016 22:43] [] adminForm Load
[] [9/16/2016 22:45] [] USER = ADMIN IS ACTIVE
[ADMIN] [9/16/2016 22:45] [] USER ID = 1 LOGIN SUCCESSFULLY
[ADMIN] [9/16/2016 22:45] [] ACTIVATE USER ACCESS RIGHT
[ADMIN] [9/16/2016 22:45] [] DISPLAY ADMIN FORM
[ADMIN] [9/16/2016 22:45] [] adminForm Load
[ADMIN] [9/16/2016 22:45] [] USER ID = 1LOGOUT
