[] [11/2/2016 12:11] [] USER = ADMIN IS ACTIVE
[ADMIN] [11/2/2016 12:11] [] USER ID = 1 LOGIN SUCCESSFULLY
[ADMIN] [11/2/2016 12:11] [] ACTIVATE USER ACCESS RIGHT
[ADMIN] [11/2/2016 12:11] [] DISPLAY ADMIN FORM
[ADMIN] [11/2/2016 12:11] [] adminForm Load
[ADMIN] [11/2/2016 12:17] [PENJUALAN] CASHIER FORM : MULTIPLE CASHIER INSTANCE [1]
[ADMIN] [11/2/2016 12:17] [PENJUALAN] CASHIER FORM : REGISTER HOTKEY
[ADMIN] [11/2/2016 12:17] [PENJUALAN] CASHIER FORM : cashierForm_Load, ATTEMPT TO LOAD NO FAKTUR
[ADMIN] [11/2/2016 12:17] [PENJUALAN] CASHIER FORM : loadNoFaktur, noFakturValue [SLO001]
[ADMIN] [11/2/2016 12:17] [PENJUALAN] CASHIER FORM : cashierForm_Load, ATTEMPT TO addColumnToDataGrid
[ADMIN] [11/2/2016 12:17] [PENJUALAN] CASHIER FORM : calculateTotal
[ADMIN] [11/2/2016 12:17] [PENJUALAN] CASHIER FORM : calculateTotal [0]
[ADMIN] [11/2/2016 12:17] [PENJUALAN] CASHIER FORM : calculateTotal, totalAfterDisc [0]
[ADMIN] [11/2/2016 12:17] [PENJUALAN] CASHIER FORM : REGISTER HOTKEY
[ADMIN] [11/2/2016 12:29] [PENJUALAN] CASHIER FORM : HOTKEY TO ADD NEW ROW PRESSED
[ADMIN] [11/2/2016 12:29] [PENJUALAN] CASHIER FORM : ADD NEW ROW,  isActive [True]
[ADMIN] [11/2/2016 12:29] [PENJUALAN] CASHIER FORM : ADD NEW ROW,  ROW COUNT [0]
[ADMIN] [11/2/2016 12:29] [PENJUALAN] CASHIER FORM : ADD NEW ROW,  ALLOW TO ADD [True]
[ADMIN] [11/2/2016 12:29] [PENJUALAN] CASHIER FORM : cashierDataGridView_CellValueChanged [F8]
[ADMIN] [11/2/2016 12:29] [PENJUALAN] CASHIER FORM : cashierDataGridView_CellValueChanged [hpp]
[ADMIN] [11/2/2016 12:29] [PENJUALAN] CASHIER FORM : cashierDataGridView_CellValueChanged [productPrice]
[ADMIN] [11/2/2016 12:29] [PENJUALAN] CASHIER FORM : TextBox_TextChanged, previousInput []
[ADMIN] [11/2/2016 12:29] [PENJUALAN] CASHIER FORM : TextBox_TextChanged, dataGridViewTextBoxEditingControl.Text pass REGEX Checking
[ADMIN] [11/2/2016 12:29] [PENJUALAN] CASHIER FORM : CALCULATE SUBTOTAL
[ADMIN] [11/2/2016 12:29] [PENJUALAN] CASHIER FORM : SUBTOTAL [0]
[ADMIN] [11/2/2016 12:29] [PENJUALAN] CASHIER FORM : TextBox_TextChanged, subtotal value [0]
[ADMIN] [11/2/2016 12:29] [PENJUALAN] CASHIER FORM : TextBox_TextChanged, attempt to calculate total value
[ADMIN] [11/2/2016 12:29] [PENJUALAN] CASHIER FORM : calculateTotal
[ADMIN] [11/2/2016 12:29] [PENJUALAN] CASHIER FORM : calculateTotal [0]
[ADMIN] [11/2/2016 12:29] [PENJUALAN] CASHIER FORM : calculateTotal, totalAfterDisc [0]
[ADMIN] [11/2/2016 12:29] [PENJUALAN] CASHIER FORM : cashierDataGridView_CellValueChanged [disc1]
[ADMIN] [11/2/2016 12:29] [PENJUALAN] CASHIER FORM : TextBox_TextChanged, previousInput []
[ADMIN] [11/2/2016 12:29] [PENJUALAN] CASHIER FORM : TextBox_TextChanged, dataGridViewTextBoxEditingControl.Text pass REGEX Checking
[ADMIN] [11/2/2016 12:29] [PENJUALAN] CASHIER FORM : CALCULATE SUBTOTAL
[ADMIN] [11/2/2016 12:29] [PENJUALAN] CASHIER FORM : SUBTOTAL [0]
[ADMIN] [11/2/2016 12:29] [PENJUALAN] CASHIER FORM : TextBox_TextChanged, subtotal value [0]
[ADMIN] [11/2/2016 12:29] [PENJUALAN] CASHIER FORM : TextBox_TextChanged, attempt to calculate total value
[ADMIN] [11/2/2016 12:29] [PENJUALAN] CASHIER FORM : calculateTotal
[ADMIN] [11/2/2016 12:29] [PENJUALAN] CASHIER FORM : calculateTotal [0]
[ADMIN] [11/2/2016 12:29] [PENJUALAN] CASHIER FORM : calculateTotal, totalAfterDisc [0]
[ADMIN] [11/2/2016 12:29] [PENJUALAN] CASHIER FORM : cashierDataGridView_CellValueChanged [qty]
[ADMIN] [11/2/2016 12:29] [PENJUALAN] CASHIER FORM : TextBox_TextChanged, previousInput []
[ADMIN] [11/2/2016 12:29] [PENJUALAN] CASHIER FORM : TextBox_TextChanged, dataGridViewTextBoxEditingControl.Text pass REGEX Checking
[ADMIN] [11/2/2016 12:29] [PENJUALAN] CASHIER FORM : CALCULATE SUBTOTAL
[ADMIN] [11/2/2016 12:29] [PENJUALAN] CASHIER FORM : SUBTOTAL [0]
[ADMIN] [11/2/2016 12:29] [PENJUALAN] CASHIER FORM : TextBox_TextChanged, subtotal value [0]
[ADMIN] [11/2/2016 12:29] [PENJUALAN] CASHIER FORM : TextBox_TextChanged, attempt to calculate total value
[ADMIN] [11/2/2016 12:29] [PENJUALAN] CASHIER FORM : calculateTotal
[ADMIN] [11/2/2016 12:29] [PENJUALAN] CASHIER FORM : calculateTotal [0]
[ADMIN] [11/2/2016 12:29] [PENJUALAN] CASHIER FORM : calculateTotal, totalAfterDisc [0]
[ADMIN] [11/2/2016 12:29] [PENJUALAN] CASHIER FORM : cashierDataGridView_CellValueChanged [disc2]
[ADMIN] [11/2/2016 12:29] [PENJUALAN] CASHIER FORM : TextBox_TextChanged, previousInput []
[ADMIN] [11/2/2016 12:29] [PENJUALAN] CASHIER FORM : TextBox_TextChanged, dataGridViewTextBoxEditingControl.Text pass REGEX Checking
[ADMIN] [11/2/2016 12:29] [PENJUALAN] CASHIER FORM : CALCULATE SUBTOTAL
[ADMIN] [11/2/2016 12:29] [PENJUALAN] CASHIER FORM : SUBTOTAL [0]
[ADMIN] [11/2/2016 12:29] [PENJUALAN] CASHIER FORM : TextBox_TextChanged, subtotal value [0]
[ADMIN] [11/2/2016 12:29] [PENJUALAN] CASHIER FORM : TextBox_TextChanged, attempt to calculate total value
[ADMIN] [11/2/2016 12:29] [PENJUALAN] CASHIER FORM : calculateTotal
[ADMIN] [11/2/2016 12:29] [PENJUALAN] CASHIER FORM : calculateTotal [0]
[ADMIN] [11/2/2016 12:29] [PENJUALAN] CASHIER FORM : calculateTotal, totalAfterDisc [0]
[ADMIN] [11/2/2016 12:29] [PENJUALAN] CASHIER FORM : cashierDataGridView_CellValueChanged [discRP]
[ADMIN] [11/2/2016 12:29] [PENJUALAN] CASHIER FORM : TextBox_TextChanged, previousInput []
[ADMIN] [11/2/2016 12:29] [PENJUALAN] CASHIER FORM : TextBox_TextChanged, dataGridViewTextBoxEditingControl.Text pass REGEX Checking
[ADMIN] [11/2/2016 12:29] [PENJUALAN] CASHIER FORM : CALCULATE SUBTOTAL
[ADMIN] [11/2/2016 12:29] [PENJUALAN] CASHIER FORM : SUBTOTAL [0]
[ADMIN] [11/2/2016 12:29] [PENJUALAN] CASHIER FORM : TextBox_TextChanged, subtotal value [0]
[ADMIN] [11/2/2016 12:29] [PENJUALAN] CASHIER FORM : TextBox_TextChanged, attempt to calculate total value
[ADMIN] [11/2/2016 12:29] [PENJUALAN] CASHIER FORM : calculateTotal
[ADMIN] [11/2/2016 12:29] [PENJUALAN] CASHIER FORM : calculateTotal [0]
[ADMIN] [11/2/2016 12:29] [PENJUALAN] CASHIER FORM : calculateTotal, totalAfterDisc [0]
[ADMIN] [11/2/2016 12:29] [PENJUALAN] CASHIER FORM : cashierDataGridView_CellValueChanged [jumlah]
[ADMIN] [11/2/2016 12:29] [PENJUALAN] CASHIER FORM : cashierDataGridView_CellValueChanged [productName]
[ADMIN] [11/2/2016 12:29] [PENJUALAN] CASHIER FORM : cashierDataGridView_CellValueChanged [productName]
[ADMIN] [11/2/2016 12:29] [PENJUALAN] CASHIER FORM : calculateTotal
[ADMIN] [11/2/2016 12:29] [PENJUALAN] CASHIER FORM : calculateTotal [0]
[ADMIN] [11/2/2016 12:29] [PENJUALAN] CASHIER FORM : calculateTotal, totalAfterDisc [0]
[ADMIN] [11/2/2016 12:29] [PENJUALAN] CASHIER FORM : cashierDataGridView_CellValueChanged [productName]
[ADMIN] [11/2/2016 12:29] [PENJUALAN] CASHIER FORM : cashierDataGridView_CellValueChanged [productName]
[ADMIN] [11/2/2016 12:29] [PENJUALAN] CASHIER FORM : calculateTotal
[ADMIN] [11/2/2016 12:29] [PENJUALAN] CASHIER FORM : calculateTotal [0]
[ADMIN] [11/2/2016 12:29] [PENJUALAN] CASHIER FORM : calculateTotal, totalAfterDisc [0]
[ADMIN] [11/2/2016 12:29] [PENJUALAN] CASHIER FORM : cashierDataGridView_CellValueChanged [productName]
[ADMIN] [11/2/2016 12:29] [PENJUALAN] CASHIER FORM : cashierDataGridView_CellValueChanged [productID]
[ADMIN] [11/2/2016 12:29] [PENJUALAN] CASHIER FORM : PRODUCT PRICE TYPE [PRODUCT_BASE_PRICE]
[ADMIN] [11/2/2016 12:29] [PENJUALAN] CASHIER FORM : PRODUCT PRICE [200]
[ADMIN] [11/2/2016 12:29] [PENJUALAN] CASHIER FORM : ComboBox_SelectedIndexChanged, PRODUCT_BASE_PRICE [200]
[ADMIN] [11/2/2016 12:29] [PENJUALAN] CASHIER FORM : cashierDataGridView_CellValueChanged [hpp]
[ADMIN] [11/2/2016 12:29] [PENJUALAN] CASHIER FORM : PRODUCT PRICE TYPE [PRODUCT_RETAIL_PRICE]
[ADMIN] [11/2/2016 12:29] [PENJUALAN] CASHIER FORM : PRODUCT PRICE [200]
[ADMIN] [11/2/2016 12:29] [PENJUALAN] CASHIER FORM : ComboBox_SelectedIndexChanged, PRODUCT_SALES_PRICE [200]
[ADMIN] [11/2/2016 12:29] [PENJUALAN] CASHIER FORM : cashierDataGridView_CellValueChanged [productPrice]
[ADMIN] [11/2/2016 12:29] [PENJUALAN] CASHIER FORM : TextBox_TextChanged, previousInput []
[ADMIN] [11/2/2016 12:29] [PENJUALAN] CASHIER FORM : TextBox_TextChanged, dataGridViewTextBoxEditingControl.Text pass REGEX Checking
[ADMIN] [11/2/2016 12:29] [PENJUALAN] CASHIER FORM : CALCULATE SUBTOTAL
[ADMIN] [11/2/2016 12:29] [PENJUALAN] CASHIER FORM : SUBTOTAL [0]
[ADMIN] [11/2/2016 12:29] [PENJUALAN] CASHIER FORM : TextBox_TextChanged, subtotal value [0]
[ADMIN] [11/2/2016 12:29] [PENJUALAN] CASHIER FORM : TextBox_TextChanged, attempt to calculate total value
[ADMIN] [11/2/2016 12:29] [PENJUALAN] CASHIER FORM : calculateTotal
[ADMIN] [11/2/2016 12:29] [PENJUALAN] CASHIER FORM : calculateTotal [0]
[ADMIN] [11/2/2016 12:29] [PENJUALAN] CASHIER FORM : calculateTotal, totalAfterDisc [0]
[ADMIN] [11/2/2016 12:29] [PENJUALAN] CASHIER FORM : cashierDataGridView_CellValueChanged [qty]
[ADMIN] [11/2/2016 12:29] [PENJUALAN] CASHIER FORM : TextBox_TextChanged, previousInput []
[ADMIN] [11/2/2016 12:29] [PENJUALAN] CASHIER FORM : TextBox_TextChanged, dataGridViewTextBoxEditingControl.Text pass REGEX Checking
[ADMIN] [11/2/2016 12:29] [PENJUALAN] CASHIER FORM : CALCULATE SUBTOTAL
[ADMIN] [11/2/2016 12:29] [PENJUALAN] CASHIER FORM : SUBTOTAL [0]
[ADMIN] [11/2/2016 12:29] [PENJUALAN] CASHIER FORM : TextBox_TextChanged, subtotal value [0]
[ADMIN] [11/2/2016 12:29] [PENJUALAN] CASHIER FORM : TextBox_TextChanged, attempt to calculate total value
[ADMIN] [11/2/2016 12:29] [PENJUALAN] CASHIER FORM : calculateTotal
[ADMIN] [11/2/2016 12:29] [PENJUALAN] CASHIER FORM : calculateTotal [0]
[ADMIN] [11/2/2016 12:29] [PENJUALAN] CASHIER FORM : calculateTotal, totalAfterDisc [0]
[ADMIN] [11/2/2016 12:29] [PENJUALAN] CASHIER FORM : ComboBox_SelectedIndexChanged, attempt to calculate total
[ADMIN] [11/2/2016 12:29] [PENJUALAN] CASHIER FORM : calculateTotal
[ADMIN] [11/2/2016 12:29] [PENJUALAN] CASHIER FORM : calculateTotal [0]
[ADMIN] [11/2/2016 12:29] [PENJUALAN] CASHIER FORM : calculateTotal, totalAfterDisc [0]
[ADMIN] [11/2/2016 12:29] [PENJUALAN] CASHIER FORM : cashierDataGridView_CellValueChanged [productName]
[ADMIN] [11/2/2016 12:29] [PENJUALAN] CASHIER FORM : cashierDataGridView_CellValueChanged [productName]
[ADMIN] [11/2/2016 12:29] [PENJUALAN] CASHIER FORM : cashierDataGridView_CellValueChanged [hpp]
[ADMIN] [11/2/2016 12:29] [PENJUALAN] CASHIER FORM : cashierDataGridView_CellValueChanged [productPrice]
[ADMIN] [11/2/2016 12:29] [PENJUALAN] CASHIER FORM : TextBox_TextChanged, previousInput []
[ADMIN] [11/2/2016 12:29] [PENJUALAN] CASHIER FORM : TextBox_TextChanged, dataGridViewTextBoxEditingControl.Text pass REGEX Checking
[ADMIN] [11/2/2016 12:29] [PENJUALAN] CASHIER FORM : CALCULATE SUBTOTAL
[ADMIN] [11/2/2016 12:29] [PENJUALAN] CASHIER FORM : SUBTOTAL [0]
[ADMIN] [11/2/2016 12:29] [PENJUALAN] CASHIER FORM : TextBox_TextChanged, subtotal value [0]
[ADMIN] [11/2/2016 12:29] [PENJUALAN] CASHIER FORM : TextBox_TextChanged, attempt to calculate total value
[ADMIN] [11/2/2016 12:29] [PENJUALAN] CASHIER FORM : calculateTotal
[ADMIN] [11/2/2016 12:29] [PENJUALAN] CASHIER FORM : calculateTotal [0]
[ADMIN] [11/2/2016 12:29] [PENJUALAN] CASHIER FORM : calculateTotal, totalAfterDisc [0]
[ADMIN] [11/2/2016 12:29] [PENJUALAN] CASHIER FORM : cashierDataGridView_CellValueChanged [qty]
[ADMIN] [11/2/2016 12:29] [PENJUALAN] CASHIER FORM : TextBox_TextChanged, previousInput []
[ADMIN] [11/2/2016 12:29] [PENJUALAN] CASHIER FORM : TextBox_TextChanged, dataGridViewTextBoxEditingControl.Text pass REGEX Checking
[ADMIN] [11/2/2016 12:29] [PENJUALAN] CASHIER FORM : CALCULATE SUBTOTAL
[ADMIN] [11/2/2016 12:29] [PENJUALAN] CASHIER FORM : SUBTOTAL [0]
[ADMIN] [11/2/2016 12:29] [PENJUALAN] CASHIER FORM : TextBox_TextChanged, subtotal value [0]
[ADMIN] [11/2/2016 12:29] [PENJUALAN] CASHIER FORM : TextBox_TextChanged, attempt to calculate total value
[ADMIN] [11/2/2016 12:29] [PENJUALAN] CASHIER FORM : calculateTotal
[ADMIN] [11/2/2016 12:29] [PENJUALAN] CASHIER FORM : calculateTotal [0]
[ADMIN] [11/2/2016 12:29] [PENJUALAN] CASHIER FORM : calculateTotal, totalAfterDisc [0]
[ADMIN] [11/2/2016 12:29] [PENJUALAN] CASHIER FORM : cashierDataGridView_CellValueChanged [jumlah]
[ADMIN] [11/2/2016 12:29] [PENJUALAN] CASHIER FORM : calculateTotal
[ADMIN] [11/2/2016 12:29] [PENJUALAN] CASHIER FORM : calculateTotal [0]
[ADMIN] [11/2/2016 12:29] [PENJUALAN] CASHIER FORM : calculateTotal, totalAfterDisc [0]
[ADMIN] [11/2/2016 12:29] [PENJUALAN] CASHIER FORM : cashierDataGridView_CellValueChanged [productName]
[ADMIN] [11/2/2016 12:29] [PENJUALAN] CASHIER FORM : cashierDataGridView_CellValueChanged [productName]
[ADMIN] [11/2/2016 12:29] [PENJUALAN] CASHIER FORM : calculateTotal
[ADMIN] [11/2/2016 12:29] [PENJUALAN] CASHIER FORM : calculateTotal [0]
[ADMIN] [11/2/2016 12:29] [PENJUALAN] CASHIER FORM : calculateTotal, totalAfterDisc [0]
[ADMIN] [11/2/2016 12:29] [PENJUALAN] CASHIER FORM : cashierDataGridView_CellValueChanged [productName]
[ADMIN] [11/2/2016 12:29] [PENJUALAN] CASHIER FORM : cashierDataGridView_CellValueChanged [productName]
[ADMIN] [11/2/2016 12:29] [PENJUALAN] CASHIER FORM : calculateTotal
[ADMIN] [11/2/2016 12:29] [PENJUALAN] CASHIER FORM : calculateTotal [0]
[ADMIN] [11/2/2016 12:29] [PENJUALAN] CASHIER FORM : calculateTotal, totalAfterDisc [0]
[ADMIN] [11/2/2016 12:29] [PENJUALAN] CASHIER FORM : cashierDataGridView_CellValueChanged [productName]
[ADMIN] [11/2/2016 12:29] [PENJUALAN] CASHIER FORM : cashierDataGridView_CellValueChanged [productPrice]
[ADMIN] [11/2/2016 12:29] [PENJUALAN] CASHIER FORM : TextBox_TextChanged, previousInput []
[ADMIN] [11/2/2016 12:29] [PENJUALAN] CASHIER FORM : TextBox_TextChanged, dataGridViewTextBoxEditingControl.Text pass REGEX Checking
[ADMIN] [11/2/2016 12:29] [PENJUALAN] CASHIER FORM : CALCULATE SUBTOTAL
[ADMIN] [11/2/2016 12:29] [PENJUALAN] CASHIER FORM : SUBTOTAL [0]
[ADMIN] [11/2/2016 12:29] [PENJUALAN] CASHIER FORM : TextBox_TextChanged, subtotal value [0]
[ADMIN] [11/2/2016 12:29] [PENJUALAN] CASHIER FORM : TextBox_TextChanged, attempt to calculate total value
[ADMIN] [11/2/2016 12:29] [PENJUALAN] CASHIER FORM : calculateTotal
[ADMIN] [11/2/2016 12:29] [PENJUALAN] CASHIER FORM : calculateTotal [0]
[ADMIN] [11/2/2016 12:29] [PENJUALAN] CASHIER FORM : calculateTotal, totalAfterDisc [0]
[ADMIN] [11/2/2016 12:29] [PENJUALAN] CASHIER FORM : cashierDataGridView_CellValueChanged [qty]
[ADMIN] [11/2/2016 12:29] [PENJUALAN] CASHIER FORM : TextBox_TextChanged, previousInput [0]
[ADMIN] [11/2/2016 12:29] [PENJUALAN] CASHIER FORM : TextBox_TextChanged, dataGridViewTextBoxEditingControl.Text [2]
[ADMIN] [11/2/2016 12:29] [PENJUALAN] CASHIER FORM : TextBox_TextChanged, dataGridViewTextBoxEditingControl.Text pass REGEX Checking
[ADMIN] [11/2/2016 12:29] [PENJUALAN] CASHIER FORM : CHECK STOCK QTY IS ENOUGH [2]
[ADMIN] [11/2/2016 12:29] [PENJUALAN] CASHIER FORM : CALCULATE SUBTOTAL
[ADMIN] [11/2/2016 12:29] [PENJUALAN] CASHIER FORM : SUBTOTAL [4]
[ADMIN] [11/2/2016 12:29] [PENJUALAN] CASHIER FORM : TextBox_TextChanged, subtotal value [4]
[ADMIN] [11/2/2016 12:29] [PENJUALAN] CASHIER FORM : TextBox_TextChanged, attempt to calculate total value
[ADMIN] [11/2/2016 12:29] [PENJUALAN] CASHIER FORM : calculateTotal
[ADMIN] [11/2/2016 12:29] [PENJUALAN] CASHIER FORM : calculateTotal [4]
[ADMIN] [11/2/2016 12:29] [PENJUALAN] CASHIER FORM : calculateTotal, totalAfterDisc [4]
[ADMIN] [11/2/2016 12:29] [PENJUALAN] CASHIER FORM : DISPLAY PELANGGAN FORM
[ADMIN] [11/2/2016 12:29] [PENJUALAN] CASHIER FORM : UNREGISTER HOTKEY
[ADMIN] [11/2/2016 12:29] [PENJUALAN] CASHIER FORM : SELECTED CUSTOMER ID [2]
[ADMIN] [11/2/2016 12:29] [PENJUALAN] CASHIER FORM : ATTEMPT TO SET CUSTOMER PROFILE
[ADMIN] [11/2/2016 12:29] [PENJUALAN] CASHIER FORM : SET CUSTOMER PROFILE [123]
[ADMIN] [11/2/2016 12:29] [PENJUALAN] CASHIER FORM : CUSTOMER GROUP [P-UMUM [ECER]]
[ADMIN] [11/2/2016 12:29] [PENJUALAN] CASHIER FORM : FINISHED SET CUSTOMER PROFILE
[ADMIN] [11/2/2016 12:29] [PENJUALAN] CASHIER FORM : ATTEMPT TO REFRESH PRODUCT PRICE
[ADMIN] [11/2/2016 12:29] [PENJUALAN] CASHIER FORM : PRODUCT PRICE TYPE [PRODUCT_RETAIL_PRICE]
[ADMIN] [11/2/2016 12:29] [PENJUALAN] CASHIER FORM : PRODUCT PRICE [200]
[ADMIN] [11/2/2016 12:29] [PENJUALAN] CASHIER FORM : cashierDataGridView_CellValueChanged [productPrice]
[ADMIN] [11/2/2016 12:29] [PENJUALAN] CASHIER FORM : TextBox_TextChanged, previousInput [0]
[ADMIN] [11/2/2016 12:29] [PENJUALAN] CASHIER FORM : TextBox_TextChanged, dataGridViewTextBoxEditingControl.Text [200]
[ADMIN] [11/2/2016 12:29] [PENJUALAN] CASHIER FORM : TextBox_TextChanged, dataGridViewTextBoxEditingControl.Text pass REGEX Checking
[ADMIN] [11/2/2016 12:29] [PENJUALAN] CASHIER FORM : CALCULATE SUBTOTAL
[ADMIN] [11/2/2016 12:29] [PENJUALAN] CASHIER FORM : SUBTOTAL [-400]
[ADMIN] [11/2/2016 12:29] [PENJUALAN] CASHIER FORM : TextBox_TextChanged, subtotal value [-400]
[ADMIN] [11/2/2016 12:29] [PENJUALAN] CASHIER FORM : TextBox_TextChanged, attempt to calculate total value
[ADMIN] [11/2/2016 12:29] [PENJUALAN] CASHIER FORM : calculateTotal
[ADMIN] [11/2/2016 12:29] [PENJUALAN] CASHIER FORM : calculateTotal [-400]
[ADMIN] [11/2/2016 12:29] [PENJUALAN] CASHIER FORM : calculateTotal, totalAfterDisc [-400]
[ADMIN] [11/2/2016 12:29] [PENJUALAN] CASHIER FORM : CHECK IF THERE'S ANY ENTRY IN THE PRODUCT DISC
[ADMIN] [11/2/2016 12:29] [PENJUALAN] CASHIER FORM : cashierDataGridView_CellValueChanged [disc1]
[ADMIN] [11/2/2016 12:29] [PENJUALAN] CASHIER FORM : TextBox_TextChanged, previousInput [200]
[ADMIN] [11/2/2016 12:29] [PENJUALAN] CASHIER FORM : TextBox_TextChanged, dataGridViewTextBoxEditingControl.Text pass REGEX Checking
[ADMIN] [11/2/2016 12:29] [PENJUALAN] CASHIER FORM : CALCULATE SUBTOTAL
[ADMIN] [11/2/2016 12:29] [PENJUALAN] CASHIER FORM : SUBTOTAL [400]
[ADMIN] [11/2/2016 12:29] [PENJUALAN] CASHIER FORM : TextBox_TextChanged, subtotal value [400]
[ADMIN] [11/2/2016 12:29] [PENJUALAN] CASHIER FORM : TextBox_TextChanged, attempt to calculate total value
[ADMIN] [11/2/2016 12:29] [PENJUALAN] CASHIER FORM : calculateTotal
[ADMIN] [11/2/2016 12:29] [PENJUALAN] CASHIER FORM : calculateTotal [400]
[ADMIN] [11/2/2016 12:29] [PENJUALAN] CASHIER FORM : calculateTotal, totalAfterDisc [400]
[ADMIN] [11/2/2016 12:29] [PENJUALAN] CASHIER FORM : cashierDataGridView_CellValueChanged [disc2]
[ADMIN] [11/2/2016 12:29] [PENJUALAN] CASHIER FORM : TextBox_TextChanged, previousInput [0]
[ADMIN] [11/2/2016 12:29] [PENJUALAN] CASHIER FORM : TextBox_TextChanged, dataGridViewTextBoxEditingControl.Text [0]
[ADMIN] [11/2/2016 12:29] [PENJUALAN] CASHIER FORM : TextBox_TextChanged, dataGridViewTextBoxEditingControl.Text pass REGEX Checking
[ADMIN] [11/2/2016 12:29] [PENJUALAN] CASHIER FORM : CALCULATE SUBTOTAL
[ADMIN] [11/2/2016 12:29] [PENJUALAN] CASHIER FORM : SUBTOTAL [400]
[ADMIN] [11/2/2016 12:29] [PENJUALAN] CASHIER FORM : TextBox_TextChanged, subtotal value [400]
[ADMIN] [11/2/2016 12:29] [PENJUALAN] CASHIER FORM : TextBox_TextChanged, attempt to calculate total value
[ADMIN] [11/2/2016 12:29] [PENJUALAN] CASHIER FORM : calculateTotal
[ADMIN] [11/2/2016 12:29] [PENJUALAN] CASHIER FORM : calculateTotal [400]
[ADMIN] [11/2/2016 12:29] [PENJUALAN] CASHIER FORM : calculateTotal, totalAfterDisc [400]
[ADMIN] [11/2/2016 12:29] [PENJUALAN] CASHIER FORM : cashierDataGridView_CellValueChanged [discRP]
[ADMIN] [11/2/2016 12:29] [PENJUALAN] CASHIER FORM : TextBox_TextChanged, previousInput [0]
[ADMIN] [11/2/2016 12:29] [PENJUALAN] CASHIER FORM : TextBox_TextChanged, dataGridViewTextBoxEditingControl.Text [0]
[ADMIN] [11/2/2016 12:29] [PENJUALAN] CASHIER FORM : TextBox_TextChanged, dataGridViewTextBoxEditingControl.Text pass REGEX Checking
[ADMIN] [11/2/2016 12:29] [PENJUALAN] CASHIER FORM : CALCULATE SUBTOTAL
[ADMIN] [11/2/2016 12:29] [PENJUALAN] CASHIER FORM : SUBTOTAL [400]
[ADMIN] [11/2/2016 12:29] [PENJUALAN] CASHIER FORM : TextBox_TextChanged, subtotal value [400]
[ADMIN] [11/2/2016 12:29] [PENJUALAN] CASHIER FORM : TextBox_TextChanged, attempt to calculate total value
[ADMIN] [11/2/2016 12:29] [PENJUALAN] CASHIER FORM : calculateTotal
[ADMIN] [11/2/2016 12:29] [PENJUALAN] CASHIER FORM : calculateTotal [400]
[ADMIN] [11/2/2016 12:29] [PENJUALAN] CASHIER FORM : calculateTotal, totalAfterDisc [400]
[ADMIN] [11/2/2016 12:29] [PENJUALAN] CASHIER FORM : CALCULATE SUBTOTAL
[ADMIN] [11/2/2016 12:29] [PENJUALAN] CASHIER FORM : SUBTOTAL [400]
[ADMIN] [11/2/2016 12:29] [PENJUALAN] CASHIER FORM : calculateTotal
[ADMIN] [11/2/2016 12:29] [PENJUALAN] CASHIER FORM : calculateTotal [400]
[ADMIN] [11/2/2016 12:29] [PENJUALAN] CASHIER FORM : calculateTotal, totalAfterDisc [400]
[ADMIN] [11/2/2016 12:29] [PENJUALAN] CASHIER FORM : PRODUCT PRICE REFRESHED
[ADMIN] [11/2/2016 12:29] [PENJUALAN] CASHIER FORM : REGISTER HOTKEY
[ADMIN] [11/2/2016 12:30] [PENJUALAN] CASHIER FORM : discJualMaskedTextBox_Validating, totalAfterDisc [400]
[ADMIN] [11/2/2016 12:30] [PENJUALAN] CASHIER FORM : cashierDataGridView_CellValueChanged [productPrice]
[ADMIN] [11/2/2016 12:30] [PENJUALAN] CASHIER FORM : TextBox_TextChanged, previousInput []
[ADMIN] [11/2/2016 12:30] [PENJUALAN] CASHIER FORM : TextBox_TextChanged, dataGridViewTextBoxEditingControl.Text pass REGEX Checking
[ADMIN] [11/2/2016 12:30] [PENJUALAN] CASHIER FORM : CALCULATE SUBTOTAL
[ADMIN] [11/2/2016 12:30] [PENJUALAN] CASHIER FORM : SUBTOTAL [4]
[ADMIN] [11/2/2016 12:30] [PENJUALAN] CASHIER FORM : TextBox_TextChanged, subtotal value [4]
[ADMIN] [11/2/2016 12:30] [PENJUALAN] CASHIER FORM : TextBox_TextChanged, attempt to calculate total value
[ADMIN] [11/2/2016 12:30] [PENJUALAN] CASHIER FORM : calculateTotal
[ADMIN] [11/2/2016 12:30] [PENJUALAN] CASHIER FORM : calculateTotal [4]
[ADMIN] [11/2/2016 12:30] [PENJUALAN] CASHIER FORM : calculateTotal, totalAfterDisc [4]
[ADMIN] [11/2/2016 12:30] [PENJUALAN] CASHIER FORM : cashierDataGridView_CellValueChanged [productPrice]
[ADMIN] [11/2/2016 12:30] [PENJUALAN] CASHIER FORM : TextBox_TextChanged, previousInput []
[ADMIN] [11/2/2016 12:30] [PENJUALAN] CASHIER FORM : TextBox_TextChanged, dataGridViewTextBoxEditingControl.Text pass REGEX Checking
[ADMIN] [11/2/2016 12:30] [PENJUALAN] CASHIER FORM : CALCULATE SUBTOTAL
[ADMIN] [11/2/2016 12:30] [PENJUALAN] CASHIER FORM : SUBTOTAL [50]
[ADMIN] [11/2/2016 12:30] [PENJUALAN] CASHIER FORM : TextBox_TextChanged, subtotal value [50]
[ADMIN] [11/2/2016 12:30] [PENJUALAN] CASHIER FORM : TextBox_TextChanged, attempt to calculate total value
[ADMIN] [11/2/2016 12:30] [PENJUALAN] CASHIER FORM : calculateTotal
[ADMIN] [11/2/2016 12:30] [PENJUALAN] CASHIER FORM : calculateTotal [50]
[ADMIN] [11/2/2016 12:30] [PENJUALAN] CASHIER FORM : calculateTotal, totalAfterDisc [50]
[ADMIN] [11/2/2016 12:30] [PENJUALAN] CASHIER FORM : cashierDataGridView_CellValueChanged [productPrice]
[ADMIN] [11/2/2016 12:30] [PENJUALAN] CASHIER FORM : TextBox_TextChanged, previousInput []
[ADMIN] [11/2/2016 12:30] [PENJUALAN] CASHIER FORM : TextBox_TextChanged, dataGridViewTextBoxEditingControl.Text pass REGEX Checking
[ADMIN] [11/2/2016 12:30] [PENJUALAN] CASHIER FORM : CALCULATE SUBTOTAL
[ADMIN] [11/2/2016 12:30] [PENJUALAN] CASHIER FORM : SUBTOTAL [500]
[ADMIN] [11/2/2016 12:30] [PENJUALAN] CASHIER FORM : TextBox_TextChanged, subtotal value [500]
[ADMIN] [11/2/2016 12:30] [PENJUALAN] CASHIER FORM : TextBox_TextChanged, attempt to calculate total value
[ADMIN] [11/2/2016 12:30] [PENJUALAN] CASHIER FORM : calculateTotal
[ADMIN] [11/2/2016 12:30] [PENJUALAN] CASHIER FORM : calculateTotal [500]
[ADMIN] [11/2/2016 12:30] [PENJUALAN] CASHIER FORM : calculateTotal, totalAfterDisc [500]
[ADMIN] [11/2/2016 12:30] [PENJUALAN] CASHIER FORM : calculateChangeValue, bayarTextBox.Text [5]
[ADMIN] [11/2/2016 12:30] [PENJUALAN] CASHIER FORM : calculateChangeValue, sisaBayar [0]
[ADMIN] [11/2/2016 12:30] [PENJUALAN] CASHIER FORM : calculateChangeValue, bayarTextBox.Text [50]
[ADMIN] [11/2/2016 12:30] [PENJUALAN] CASHIER FORM : calculateChangeValue, sisaBayar [0]
[ADMIN] [11/2/2016 12:30] [PENJUALAN] CASHIER FORM : calculateChangeValue, bayarTextBox.Text [500]
[ADMIN] [11/2/2016 12:30] [PENJUALAN] CASHIER FORM : calculateChangeValue, sisaBayar [0]
[ADMIN] [11/2/2016 12:30] [PENJUALAN] CASHIER FORM : HOTKEY TO SAVE AND PRINT OUT INVOICE PRESSED
[ADMIN] [11/2/2016 12:30] [PENJUALAN] CASHIER FORM : UNREGISTER HOTKEY
[ADMIN] [11/2/2016 12:30] [PENJUALAN] CASHIER FORM : REGISTER HOTKEY
[ADMIN] [11/2/2016 12:30] [PENJUALAN] ATTEMPT TO SAVE AND PRINT OUT INVOICE
[ADMIN] [11/2/2016 12:30] [PENJUALAN] CASHIER FORM : UNREGISTER HOTKEY
[ADMIN] [11/2/2016 12:30] [PENJUALAN] CASHIER FORM : ATTEMPT TO SAVE SALES DATA [02-11-2016 12:30]
[ADMIN] [11/2/2016 12:30] [PENJUALAN] CASHIER FORM : CASH SALES
[ADMIN] [11/2/2016 12:30] [PENJUALAN] CHECK IF TAX LIMIT SET FOR PERCENTAGE PURCHASE [0]
[ADMIN] [11/2/2016 12:30] [PENJUALAN] CHECK IF TAX LIMIT SET FOR AVERAGE DAILY PURCHASE [0]
[ADMIN] [11/2/2016 12:30] [PENJUALAN] CASHIER FORM : NO FAKTUR [SLO001]
[ADMIN] [11/2/2016 12:30] [PENJUALAN] CASHIER FORM : MAX SALES INVOICE [10]
[ADMIN] [11/2/2016 12:30] [PENJUALAN] CASHIER FORM : SALES INVOICE [SLO001-11]
[ADMIN] [11/2/2016 12:30] [PENJUALAN] INSERT INTO SALES HEADER [SLO001-11]
[ADMIN] [11/2/2016 12:30] [PENJUALAN] INSERT INTO SALES DETAIL[2, 250, 2]
[ADMIN] [11/2/2016 12:30] [PENJUALAN] INSERT CUSTOMER PRODUCT DISC [2]
[ADMIN] [11/2/2016 12:30] [PENJUALAN] INSERT TO CREDIT TABLE [SLO001-11]
[ADMIN] [11/2/2016 12:30] [PENJUALAN] INSERT TO DAILY JOURNAL TABLE [500]
[ADMIN] [11/2/2016 12:30] [PENJUALAN] CASHIER FORM : REGISTER HOTKEY
[ADMIN] [11/2/2016 12:30] [PENJUALAN] TRANSACTION SAVED
[ADMIN] [11/2/2016 12:30] [PENJUALAN] PRINT OUT INVOICE
[ADMIN] [11/2/2016 12:30] [PENJUALAN] CASHIER FORM : PrintReceipt
[ADMIN] [11/2/2016 12:30] [PENJUALAN] CASHIER FORM : PrintReceipt, POS size Paper
[ADMIN] [11/2/2016 12:30] [PENJUALAN] CASHIER FORM : loadInfoToko
[ADMIN] [11/2/2016 12:30] [PENJUALAN] CASHIER FORM : calculatePageLength, totalLengthPage [388]
[ADMIN] [11/2/2016 12:30] [PENJUALAN] CASHIER FORM : UNREGISTER HOTKEY
[ADMIN] [11/2/2016 12:30] [PENJUALAN] CASHIER FORM : printDocument1_PrintPage, print POS size receipt
[ADMIN] [11/2/2016 12:30] [PENJUALAN] CASHIER FORM : loadInfoToko
[ADMIN] [11/2/2016 12:30] [PENJUALAN] CASHIER FORM : loadNamaUser
[ADMIN] [11/2/2016 12:30] [PENJUALAN] CASHIER FORM : REGISTER HOTKEY
[ADMIN] [11/2/2016 12:30] [PENJUALAN] VALIDATE USER CREDIT STATUS
[ADMIN] [11/2/2016 12:30] [PENJUALAN] CASHIER FORM : UNREGISTER HOTKEY
[ADMIN] [11/2/2016 12:30] [PENJUALAN] CASHIER FORM : REGISTER HOTKEY
[ADMIN] [11/2/2016 12:30] [PENJUALAN] CASHIER FORM : UNREGISTER HOTKEY
[ADMIN] [11/2/2016 12:30] [PENJUALAN] CASHIER FORM : UNREGISTER HOTKEY
[] [11/2/2016 14:55] [] USER = ADMIN IS ACTIVE
[ADMIN] [11/2/2016 14:55] [] USER ID = 1 LOGIN SUCCESSFULLY
[ADMIN] [11/2/2016 14:55] [] ACTIVATE USER ACCESS RIGHT
[ADMIN] [11/2/2016 14:55] [] DISPLAY ADMIN FORM
[ADMIN] [11/2/2016 14:55] [] adminForm Load
[ADMIN] [11/2/2016 14:55] [] USER ID = 1LOGOUT
