[] [10/31/2016 11:57] [] USER = ADMIN IS ACTIVE
[ADMIN] [10/31/2016 11:57] [] USER ID = 1 LOGIN SUCCESSFULLY
[ADMIN] [10/31/2016 11:57] [] ACTIVATE USER ACCESS RIGHT
[ADMIN] [10/31/2016 11:57] [] DISPLAY ADMIN FORM
[ADMIN] [10/31/2016 11:57] [] adminForm Load
[] [10/31/2016 11:59] [] USER = ADMIN IS ACTIVE
[ADMIN] [10/31/2016 11:59] [] USER ID = 1 LOGIN SUCCESSFULLY
[ADMIN] [10/31/2016 11:59] [] ACTIVATE USER ACCESS RIGHT
[ADMIN] [10/31/2016 11:59] [] DISPLAY ADMIN FORM
[ADMIN] [10/31/2016 11:59] [] adminForm Load
[] [10/31/2016 12:00] [] USER = ADMIN IS ACTIVE
[ADMIN] [10/31/2016 12:00] [] USER ID = 1 LOGIN SUCCESSFULLY
[ADMIN] [10/31/2016 12:00] [] ACTIVATE USER ACCESS RIGHT
[ADMIN] [10/31/2016 12:00] [] DISPLAY ADMIN FORM
[ADMIN] [10/31/2016 12:00] [] adminForm Load
[] [10/31/2016 12:15] [] USER = ADMIN IS ACTIVE
[ADMIN] [10/31/2016 12:15] [] USER ID = 1 LOGIN SUCCESSFULLY
[ADMIN] [10/31/2016 12:15] [] ACTIVATE USER ACCESS RIGHT
[ADMIN] [10/31/2016 12:15] [] DISPLAY ADMIN FORM
[ADMIN] [10/31/2016 12:15] [] adminForm Load
[] [10/31/2016 12:20] [] USER = ADMIN IS ACTIVE
[ADMIN] [10/31/2016 12:20] [] USER ID = 1 LOGIN SUCCESSFULLY
[ADMIN] [10/31/2016 12:20] [] ACTIVATE USER ACCESS RIGHT
[ADMIN] [10/31/2016 12:20] [] DISPLAY ADMIN FORM
[ADMIN] [10/31/2016 12:20] [] adminForm Load
[] [10/31/2016 15:09] [] USER = ADMIN IS ACTIVE
[ADMIN] [10/31/2016 15:09] [] USER ID = 1 LOGIN SUCCESSFULLY
[ADMIN] [10/31/2016 15:09] [] ACTIVATE USER ACCESS RIGHT
[ADMIN] [10/31/2016 15:09] [] DISPLAY ADMIN FORM
[ADMIN] [10/31/2016 15:09] [] adminForm Load
[ADMIN] [10/31/2016 15:23] [] USER ID = 1LOGOUT
