[] [9/3/2016 00:22] [] USER = ADMIN IS ACTIVE
[ADMIN] [9/3/2016 00:22] [] USER ID = 1 LOGIN SUCCESSFULLY
[ADMIN] [9/3/2016 00:22] [] ACTIVATE USER ACCESS RIGHT
[ADMIN] [9/3/2016 00:22] [] DISPLAY ADMIN FORM
[ADMIN] [9/3/2016 00:22] [] adminForm Load
[] [9/8/2016 22:35] [] USER = ADMIN IS ACTIVE
[ADMIN] [9/8/2016 22:35] [] USER ID = 1 LOGIN SUCCESSFULLY
[ADMIN] [9/8/2016 22:35] [] ACTIVATE USER ACCESS RIGHT
[ADMIN] [9/8/2016 22:35] [] DISPLAY ADMIN FORM
[ADMIN] [9/8/2016 22:35] [] adminForm Load
[ADMIN] [9/8/2016 22:40] [] CREATE DATA GROUP FORM MODULE_ID [51]
[ADMIN] [9/8/2016 22:40] [] CREATE DATA GROUP ACCESS MODULE FORM, GROUP USER ID [1]
[ADMIN] [9/8/2016 22:50] [] CREATE CHANGE PASSWORD FORM UID[1]
[] [9/8/2016 22:50] [] USER = ADMIN IS ACTIVE
[ADMIN] [9/8/2016 22:50] [] USER ID = 1 LOGIN SUCCESSFULLY
[ADMIN] [9/8/2016 22:50] [] ACTIVATE USER ACCESS RIGHT
[ADMIN] [9/8/2016 22:51] [] DISPLAY ADMIN FORM
[ADMIN] [9/8/2016 22:51] [] adminForm Load
[ADMIN] [9/8/2016 22:51] [] CREATE CHANGE PASSWORD FORM UID[1]
[ADMIN] [9/8/2016 23:01] [] USER ID = 1LOGOUT
