[] [10/17/2016 12:26] [] USER = ADMIN IS ACTIVE
[] [10/17/2016 12:27] [] USER = ADMIN IS ACTIVE
[ADMIN] [10/17/2016 12:27] [] USER ID = 1 LOGIN SUCCESSFULLY
[ADMIN] [10/17/2016 12:27] [] ACTIVATE USER ACCESS RIGHT
[ADMIN] [10/17/2016 12:27] [] DISPLAY ADMIN FORM
[ADMIN] [10/17/2016 12:27] [] adminForm Load
[ADMIN] [10/17/2016 12:27] [PENJUALAN] CASHIER FORM : MULTIPLE CASHIER INSTANCE [1]
[ADMIN] [10/17/2016 12:27] [PENJUALAN] CASHIER FORM : REGISTER HOTKEY
[ADMIN] [10/17/2016 12:27] [PENJUALAN] CASHIER FORM : cashierForm_Load, ATTEMPT TO LOAD NO FAKTUR
[ADMIN] [10/17/2016 12:27] [PENJUALAN] CASHIER FORM : loadNoFaktur, noFakturValue [SLO001]
[ADMIN] [10/17/2016 12:27] [PENJUALAN] CASHIER FORM : cashierForm_Load, ATTEMPT TO addColumnToDataGrid
[ADMIN] [10/17/2016 12:27] [PENJUALAN] CASHIER FORM : calculateTotal
[ADMIN] [10/17/2016 12:27] [PENJUALAN] CASHIER FORM : calculateTotal [0]
[ADMIN] [10/17/2016 12:27] [PENJUALAN] CASHIER FORM : calculateTotal, totalAfterDisc [0]
[ADMIN] [10/17/2016 12:27] [PENJUALAN] CASHIER FORM : REGISTER HOTKEY
[ADMIN] [10/17/2016 12:36] [PENJUALAN] CASHIER FORM : HOTKEY TO ADD NEW ROW PRESSED
[ADMIN] [10/17/2016 12:36] [PENJUALAN] CASHIER FORM : ADD NEW ROW,  isActive [True]
[ADMIN] [10/17/2016 12:36] [PENJUALAN] CASHIER FORM : ADD NEW ROW,  ROW COUNT [0]
[ADMIN] [10/17/2016 12:36] [PENJUALAN] CASHIER FORM : ADD NEW ROW,  ALLOW TO ADD [True]
[ADMIN] [10/17/2016 12:36] [PENJUALAN] CASHIER FORM : cashierDataGridView_CellValueChanged [F8]
[ADMIN] [10/17/2016 12:36] [PENJUALAN] CASHIER FORM : cashierDataGridView_CellValueChanged [hpp]
[ADMIN] [10/17/2016 12:36] [PENJUALAN] CASHIER FORM : cashierDataGridView_CellValueChanged [productPrice]
[ADMIN] [10/17/2016 12:36] [PENJUALAN] CASHIER FORM : TextBox_TextChanged, previousInput []
[ADMIN] [10/17/2016 12:36] [PENJUALAN] CASHIER FORM : TextBox_TextChanged, dataGridViewTextBoxEditingControl.Text pass REGEX Checking
[ADMIN] [10/17/2016 12:36] [PENJUALAN] CASHIER FORM : CALCULATE SUBTOTAL
[ADMIN] [10/17/2016 12:36] [PENJUALAN] CASHIER FORM : SUBTOTAL [0]
[ADMIN] [10/17/2016 12:36] [PENJUALAN] CASHIER FORM : TextBox_TextChanged, subtotal value [0]
[ADMIN] [10/17/2016 12:36] [PENJUALAN] CASHIER FORM : TextBox_TextChanged, attempt to calculate total value
[ADMIN] [10/17/2016 12:36] [PENJUALAN] CASHIER FORM : calculateTotal
[ADMIN] [10/17/2016 12:36] [PENJUALAN] CASHIER FORM : calculateTotal [0]
[ADMIN] [10/17/2016 12:36] [PENJUALAN] CASHIER FORM : calculateTotal, totalAfterDisc [0]
[ADMIN] [10/17/2016 12:36] [PENJUALAN] CASHIER FORM : cashierDataGridView_CellValueChanged [disc1]
[ADMIN] [10/17/2016 12:36] [PENJUALAN] CASHIER FORM : TextBox_TextChanged, previousInput []
[ADMIN] [10/17/2016 12:36] [PENJUALAN] CASHIER FORM : TextBox_TextChanged, dataGridViewTextBoxEditingControl.Text pass REGEX Checking
[ADMIN] [10/17/2016 12:36] [PENJUALAN] CASHIER FORM : CALCULATE SUBTOTAL
[ADMIN] [10/17/2016 12:36] [PENJUALAN] CASHIER FORM : SUBTOTAL [0]
[ADMIN] [10/17/2016 12:36] [PENJUALAN] CASHIER FORM : TextBox_TextChanged, subtotal value [0]
[ADMIN] [10/17/2016 12:36] [PENJUALAN] CASHIER FORM : TextBox_TextChanged, attempt to calculate total value
[ADMIN] [10/17/2016 12:36] [PENJUALAN] CASHIER FORM : calculateTotal
[ADMIN] [10/17/2016 12:36] [PENJUALAN] CASHIER FORM : calculateTotal [0]
[ADMIN] [10/17/2016 12:36] [PENJUALAN] CASHIER FORM : calculateTotal, totalAfterDisc [0]
[ADMIN] [10/17/2016 12:36] [PENJUALAN] CASHIER FORM : cashierDataGridView_CellValueChanged [qty]
[ADMIN] [10/17/2016 12:36] [PENJUALAN] CASHIER FORM : TextBox_TextChanged, previousInput []
[ADMIN] [10/17/2016 12:36] [PENJUALAN] CASHIER FORM : TextBox_TextChanged, dataGridViewTextBoxEditingControl.Text pass REGEX Checking
[ADMIN] [10/17/2016 12:36] [PENJUALAN] CASHIER FORM : CALCULATE SUBTOTAL
[ADMIN] [10/17/2016 12:36] [PENJUALAN] CASHIER FORM : SUBTOTAL [0]
[ADMIN] [10/17/2016 12:36] [PENJUALAN] CASHIER FORM : TextBox_TextChanged, subtotal value [0]
[ADMIN] [10/17/2016 12:36] [PENJUALAN] CASHIER FORM : TextBox_TextChanged, attempt to calculate total value
[ADMIN] [10/17/2016 12:36] [PENJUALAN] CASHIER FORM : calculateTotal
[ADMIN] [10/17/2016 12:36] [PENJUALAN] CASHIER FORM : calculateTotal [0]
[ADMIN] [10/17/2016 12:36] [PENJUALAN] CASHIER FORM : calculateTotal, totalAfterDisc [0]
[ADMIN] [10/17/2016 12:36] [PENJUALAN] CASHIER FORM : cashierDataGridView_CellValueChanged [disc2]
[ADMIN] [10/17/2016 12:36] [PENJUALAN] CASHIER FORM : TextBox_TextChanged, previousInput []
[ADMIN] [10/17/2016 12:36] [PENJUALAN] CASHIER FORM : TextBox_TextChanged, dataGridViewTextBoxEditingControl.Text pass REGEX Checking
[ADMIN] [10/17/2016 12:36] [PENJUALAN] CASHIER FORM : CALCULATE SUBTOTAL
[ADMIN] [10/17/2016 12:36] [PENJUALAN] CASHIER FORM : SUBTOTAL [0]
[ADMIN] [10/17/2016 12:36] [PENJUALAN] CASHIER FORM : TextBox_TextChanged, subtotal value [0]
[ADMIN] [10/17/2016 12:36] [PENJUALAN] CASHIER FORM : TextBox_TextChanged, attempt to calculate total value
[ADMIN] [10/17/2016 12:36] [PENJUALAN] CASHIER FORM : calculateTotal
[ADMIN] [10/17/2016 12:36] [PENJUALAN] CASHIER FORM : calculateTotal [0]
[ADMIN] [10/17/2016 12:36] [PENJUALAN] CASHIER FORM : calculateTotal, totalAfterDisc [0]
[ADMIN] [10/17/2016 12:36] [PENJUALAN] CASHIER FORM : cashierDataGridView_CellValueChanged [discRP]
[ADMIN] [10/17/2016 12:36] [PENJUALAN] CASHIER FORM : TextBox_TextChanged, previousInput []
[ADMIN] [10/17/2016 12:36] [PENJUALAN] CASHIER FORM : TextBox_TextChanged, dataGridViewTextBoxEditingControl.Text pass REGEX Checking
[ADMIN] [10/17/2016 12:36] [PENJUALAN] CASHIER FORM : CALCULATE SUBTOTAL
[ADMIN] [10/17/2016 12:36] [PENJUALAN] CASHIER FORM : SUBTOTAL [0]
[ADMIN] [10/17/2016 12:36] [PENJUALAN] CASHIER FORM : TextBox_TextChanged, subtotal value [0]
[ADMIN] [10/17/2016 12:36] [PENJUALAN] CASHIER FORM : TextBox_TextChanged, attempt to calculate total value
[ADMIN] [10/17/2016 12:36] [PENJUALAN] CASHIER FORM : calculateTotal
[ADMIN] [10/17/2016 12:36] [PENJUALAN] CASHIER FORM : calculateTotal [0]
[ADMIN] [10/17/2016 12:36] [PENJUALAN] CASHIER FORM : calculateTotal, totalAfterDisc [0]
[ADMIN] [10/17/2016 12:36] [PENJUALAN] CASHIER FORM : cashierDataGridView_CellValueChanged [jumlah]
[ADMIN] [10/17/2016 12:36] [PENJUALAN] CASHIER FORM : cashierDataGridView_CellValueChanged [productName]
[ADMIN] [10/17/2016 12:36] [PENJUALAN] CASHIER FORM : cashierDataGridView_CellValueChanged [productName]
[ADMIN] [10/17/2016 12:36] [PENJUALAN] CASHIER FORM : calculateTotal
[ADMIN] [10/17/2016 12:36] [PENJUALAN] CASHIER FORM : calculateTotal [0]
[ADMIN] [10/17/2016 12:36] [PENJUALAN] CASHIER FORM : calculateTotal, totalAfterDisc [0]
[ADMIN] [10/17/2016 12:36] [PENJUALAN] CASHIER FORM : cashierDataGridView_CellValueChanged [productName]
[ADMIN] [10/17/2016 12:36] [PENJUALAN] CASHIER FORM : cashierDataGridView_CellValueChanged [productName]
[ADMIN] [10/17/2016 12:36] [PENJUALAN] CASHIER FORM : calculateTotal
[ADMIN] [10/17/2016 12:36] [PENJUALAN] CASHIER FORM : calculateTotal [0]
[ADMIN] [10/17/2016 12:36] [PENJUALAN] CASHIER FORM : calculateTotal, totalAfterDisc [0]
[ADMIN] [10/17/2016 12:36] [PENJUALAN] CASHIER FORM : cashierDataGridView_CellValueChanged [productName]
[ADMIN] [10/17/2016 12:36] [PENJUALAN] CASHIER FORM : cashierDataGridView_CellValueChanged [productID]
[ADMIN] [10/17/2016 12:36] [PENJUALAN] CASHIER FORM : PRODUCT PRICE TYPE [PRODUCT_BASE_PRICE]
[ADMIN] [10/17/2016 12:36] [PENJUALAN] CASHIER FORM : PRODUCT PRICE [10]
[ADMIN] [10/17/2016 12:36] [PENJUALAN] CASHIER FORM : ComboBox_SelectedIndexChanged, PRODUCT_BASE_PRICE [10]
[ADMIN] [10/17/2016 12:36] [PENJUALAN] CASHIER FORM : cashierDataGridView_CellValueChanged [hpp]
[ADMIN] [10/17/2016 12:36] [PENJUALAN] CASHIER FORM : PRODUCT PRICE TYPE [PRODUCT_RETAIL_PRICE]
[ADMIN] [10/17/2016 12:36] [PENJUALAN] CASHIER FORM : PRODUCT PRICE [1]
[ADMIN] [10/17/2016 12:36] [PENJUALAN] CASHIER FORM : ComboBox_SelectedIndexChanged, PRODUCT_SALES_PRICE [1]
[ADMIN] [10/17/2016 12:36] [PENJUALAN] CASHIER FORM : cashierDataGridView_CellValueChanged [productPrice]
[ADMIN] [10/17/2016 12:36] [PENJUALAN] CASHIER FORM : TextBox_TextChanged, previousInput []
[ADMIN] [10/17/2016 12:36] [PENJUALAN] CASHIER FORM : TextBox_TextChanged, dataGridViewTextBoxEditingControl.Text pass REGEX Checking
[ADMIN] [10/17/2016 12:36] [PENJUALAN] CASHIER FORM : CALCULATE SUBTOTAL
[ADMIN] [10/17/2016 12:36] [PENJUALAN] CASHIER FORM : SUBTOTAL [0]
[ADMIN] [10/17/2016 12:36] [PENJUALAN] CASHIER FORM : TextBox_TextChanged, subtotal value [0]
[ADMIN] [10/17/2016 12:36] [PENJUALAN] CASHIER FORM : TextBox_TextChanged, attempt to calculate total value
[ADMIN] [10/17/2016 12:36] [PENJUALAN] CASHIER FORM : calculateTotal
[ADMIN] [10/17/2016 12:36] [PENJUALAN] CASHIER FORM : calculateTotal [0]
[ADMIN] [10/17/2016 12:36] [PENJUALAN] CASHIER FORM : calculateTotal, totalAfterDisc [0]
[ADMIN] [10/17/2016 12:36] [PENJUALAN] CASHIER FORM : cashierDataGridView_CellValueChanged [qty]
[ADMIN] [10/17/2016 12:36] [PENJUALAN] CASHIER FORM : TextBox_TextChanged, previousInput []
[ADMIN] [10/17/2016 12:36] [PENJUALAN] CASHIER FORM : TextBox_TextChanged, dataGridViewTextBoxEditingControl.Text pass REGEX Checking
[ADMIN] [10/17/2016 12:36] [PENJUALAN] CASHIER FORM : CALCULATE SUBTOTAL
[ADMIN] [10/17/2016 12:36] [PENJUALAN] CASHIER FORM : SUBTOTAL [0]
[ADMIN] [10/17/2016 12:36] [PENJUALAN] CASHIER FORM : TextBox_TextChanged, subtotal value [0]
[ADMIN] [10/17/2016 12:36] [PENJUALAN] CASHIER FORM : TextBox_TextChanged, attempt to calculate total value
[ADMIN] [10/17/2016 12:36] [PENJUALAN] CASHIER FORM : calculateTotal
[ADMIN] [10/17/2016 12:36] [PENJUALAN] CASHIER FORM : calculateTotal [0]
[ADMIN] [10/17/2016 12:36] [PENJUALAN] CASHIER FORM : calculateTotal, totalAfterDisc [0]
[ADMIN] [10/17/2016 12:36] [PENJUALAN] CASHIER FORM : ComboBox_SelectedIndexChanged, attempt to calculate total
[ADMIN] [10/17/2016 12:36] [PENJUALAN] CASHIER FORM : calculateTotal
[ADMIN] [10/17/2016 12:36] [PENJUALAN] CASHIER FORM : calculateTotal [0]
[ADMIN] [10/17/2016 12:36] [PENJUALAN] CASHIER FORM : calculateTotal, totalAfterDisc [0]
[ADMIN] [10/17/2016 12:36] [PENJUALAN] CASHIER FORM : cashierDataGridView_CellValueChanged [productName]
[ADMIN] [10/17/2016 12:36] [PENJUALAN] CASHIER FORM : cashierDataGridView_CellValueChanged [productName]
[ADMIN] [10/17/2016 12:36] [PENJUALAN] CASHIER FORM : cashierDataGridView_CellValueChanged [hpp]
[ADMIN] [10/17/2016 12:36] [PENJUALAN] CASHIER FORM : cashierDataGridView_CellValueChanged [productPrice]
[ADMIN] [10/17/2016 12:36] [PENJUALAN] CASHIER FORM : TextBox_TextChanged, previousInput []
[ADMIN] [10/17/2016 12:36] [PENJUALAN] CASHIER FORM : TextBox_TextChanged, dataGridViewTextBoxEditingControl.Text pass REGEX Checking
[ADMIN] [10/17/2016 12:36] [PENJUALAN] CASHIER FORM : CALCULATE SUBTOTAL
[ADMIN] [10/17/2016 12:36] [PENJUALAN] CASHIER FORM : SUBTOTAL [0]
[ADMIN] [10/17/2016 12:36] [PENJUALAN] CASHIER FORM : TextBox_TextChanged, subtotal value [0]
[ADMIN] [10/17/2016 12:36] [PENJUALAN] CASHIER FORM : TextBox_TextChanged, attempt to calculate total value
[ADMIN] [10/17/2016 12:36] [PENJUALAN] CASHIER FORM : calculateTotal
[ADMIN] [10/17/2016 12:36] [PENJUALAN] CASHIER FORM : calculateTotal [0]
[ADMIN] [10/17/2016 12:36] [PENJUALAN] CASHIER FORM : calculateTotal, totalAfterDisc [0]
[ADMIN] [10/17/2016 12:36] [PENJUALAN] CASHIER FORM : cashierDataGridView_CellValueChanged [qty]
[ADMIN] [10/17/2016 12:36] [PENJUALAN] CASHIER FORM : TextBox_TextChanged, previousInput []
[ADMIN] [10/17/2016 12:36] [PENJUALAN] CASHIER FORM : TextBox_TextChanged, dataGridViewTextBoxEditingControl.Text pass REGEX Checking
[ADMIN] [10/17/2016 12:36] [PENJUALAN] CASHIER FORM : CALCULATE SUBTOTAL
[ADMIN] [10/17/2016 12:36] [PENJUALAN] CASHIER FORM : SUBTOTAL [0]
[ADMIN] [10/17/2016 12:36] [PENJUALAN] CASHIER FORM : TextBox_TextChanged, subtotal value [0]
[ADMIN] [10/17/2016 12:36] [PENJUALAN] CASHIER FORM : TextBox_TextChanged, attempt to calculate total value
[ADMIN] [10/17/2016 12:36] [PENJUALAN] CASHIER FORM : calculateTotal
[ADMIN] [10/17/2016 12:36] [PENJUALAN] CASHIER FORM : calculateTotal [0]
[ADMIN] [10/17/2016 12:36] [PENJUALAN] CASHIER FORM : calculateTotal, totalAfterDisc [0]
[ADMIN] [10/17/2016 12:36] [PENJUALAN] CASHIER FORM : cashierDataGridView_CellValueChanged [jumlah]
[ADMIN] [10/17/2016 12:36] [PENJUALAN] CASHIER FORM : calculateTotal
[ADMIN] [10/17/2016 12:36] [PENJUALAN] CASHIER FORM : calculateTotal [0]
[ADMIN] [10/17/2016 12:36] [PENJUALAN] CASHIER FORM : calculateTotal, totalAfterDisc [0]
[ADMIN] [10/17/2016 12:36] [PENJUALAN] CASHIER FORM : cashierDataGridView_CellValueChanged [productName]
[ADMIN] [10/17/2016 12:36] [PENJUALAN] CASHIER FORM : cashierDataGridView_CellValueChanged [productName]
[ADMIN] [10/17/2016 12:36] [PENJUALAN] CASHIER FORM : calculateTotal
[ADMIN] [10/17/2016 12:36] [PENJUALAN] CASHIER FORM : calculateTotal [0]
[ADMIN] [10/17/2016 12:36] [PENJUALAN] CASHIER FORM : calculateTotal, totalAfterDisc [0]
[ADMIN] [10/17/2016 12:36] [PENJUALAN] CASHIER FORM : cashierDataGridView_CellValueChanged [productName]
[ADMIN] [10/17/2016 12:36] [PENJUALAN] CASHIER FORM : cashierDataGridView_CellValueChanged [productName]
[ADMIN] [10/17/2016 12:36] [PENJUALAN] CASHIER FORM : calculateTotal
[ADMIN] [10/17/2016 12:36] [PENJUALAN] CASHIER FORM : calculateTotal [0]
[ADMIN] [10/17/2016 12:36] [PENJUALAN] CASHIER FORM : calculateTotal, totalAfterDisc [0]
[ADMIN] [10/17/2016 12:36] [PENJUALAN] CASHIER FORM : cashierDataGridView_CellValueChanged [productName]
[ADMIN] [10/17/2016 12:36] [PENJUALAN] CASHIER FORM : cashierDataGridView_CellValueChanged [productName]
[ADMIN] [10/17/2016 12:36] [PENJUALAN] CASHIER FORM : cashierDataGridView_CellValueChanged [productName]
[ADMIN] [10/17/2016 12:36] [PENJUALAN] CASHIER FORM : calculateTotal
[ADMIN] [10/17/2016 12:36] [PENJUALAN] CASHIER FORM : calculateTotal [0]
[ADMIN] [10/17/2016 12:36] [PENJUALAN] CASHIER FORM : calculateTotal, totalAfterDisc [0]
[ADMIN] [10/17/2016 12:36] [PENJUALAN] CASHIER FORM : cashierDataGridView_CellValueChanged [productName]
[ADMIN] [10/17/2016 12:36] [PENJUALAN] CASHIER FORM : cashierDataGridView_CellValueChanged [productName]
[ADMIN] [10/17/2016 12:36] [PENJUALAN] CASHIER FORM : calculateTotal
[ADMIN] [10/17/2016 12:36] [PENJUALAN] CASHIER FORM : calculateTotal [0]
[ADMIN] [10/17/2016 12:36] [PENJUALAN] CASHIER FORM : calculateTotal, totalAfterDisc [0]
[ADMIN] [10/17/2016 12:36] [PENJUALAN] CASHIER FORM : cashierDataGridView_CellValueChanged [productName]
[ADMIN] [10/17/2016 12:36] [PENJUALAN] CASHIER FORM : cashierDataGridView_CellValueChanged [productName]
[ADMIN] [10/17/2016 12:36] [PENJUALAN] CASHIER FORM : calculateTotal
[ADMIN] [10/17/2016 12:36] [PENJUALAN] CASHIER FORM : calculateTotal [0]
[ADMIN] [10/17/2016 12:36] [PENJUALAN] CASHIER FORM : calculateTotal, totalAfterDisc [0]
[ADMIN] [10/17/2016 12:36] [PENJUALAN] CASHIER FORM : cashierDataGridView_CellValueChanged [productName]
[ADMIN] [10/17/2016 12:36] [PENJUALAN] CASHIER FORM : cashierDataGridView_CellValueChanged [productPrice]
[ADMIN] [10/17/2016 12:36] [PENJUALAN] CASHIER FORM : TextBox_TextChanged, previousInput []
[ADMIN] [10/17/2016 12:36] [PENJUALAN] CASHIER FORM : TextBox_TextChanged, dataGridViewTextBoxEditingControl.Text pass REGEX Checking
[ADMIN] [10/17/2016 12:36] [PENJUALAN] CASHIER FORM : CALCULATE SUBTOTAL
[ADMIN] [10/17/2016 12:36] [PENJUALAN] CASHIER FORM : SUBTOTAL [0]
[ADMIN] [10/17/2016 12:36] [PENJUALAN] CASHIER FORM : TextBox_TextChanged, subtotal value [0]
[ADMIN] [10/17/2016 12:36] [PENJUALAN] CASHIER FORM : TextBox_TextChanged, attempt to calculate total value
[ADMIN] [10/17/2016 12:36] [PENJUALAN] CASHIER FORM : calculateTotal
[ADMIN] [10/17/2016 12:36] [PENJUALAN] CASHIER FORM : calculateTotal [0]
[ADMIN] [10/17/2016 12:36] [PENJUALAN] CASHIER FORM : calculateTotal, totalAfterDisc [0]
[ADMIN] [10/17/2016 12:36] [PENJUALAN] CASHIER FORM : cashierDataGridView_CellValueChanged [qty]
[ADMIN] [10/17/2016 12:36] [PENJUALAN] CASHIER FORM : TextBox_TextChanged, previousInput [0]
[ADMIN] [10/17/2016 12:36] [PENJUALAN] CASHIER FORM : TextBox_TextChanged, dataGridViewTextBoxEditingControl.Text [2]
[ADMIN] [10/17/2016 12:36] [PENJUALAN] CASHIER FORM : TextBox_TextChanged, dataGridViewTextBoxEditingControl.Text pass REGEX Checking
[ADMIN] [10/17/2016 12:36] [PENJUALAN] CASHIER FORM : CHECK STOCK QTY IS ENOUGH [1]
[ADMIN] [10/17/2016 12:36] [PENJUALAN] CASHIER FORM : CHECK STOCK QTY IS ENOUGH [13, 2]
[ADMIN] [10/17/2016 12:36] [PENJUALAN] CASHIER FORM : CALCULATE SUBTOTAL
[ADMIN] [10/17/2016 12:36] [PENJUALAN] CASHIER FORM : SUBTOTAL [4]
[ADMIN] [10/17/2016 12:36] [PENJUALAN] CASHIER FORM : TextBox_TextChanged, subtotal value [4]
[ADMIN] [10/17/2016 12:36] [PENJUALAN] CASHIER FORM : TextBox_TextChanged, attempt to calculate total value
[ADMIN] [10/17/2016 12:36] [PENJUALAN] CASHIER FORM : calculateTotal
[ADMIN] [10/17/2016 12:36] [PENJUALAN] CASHIER FORM : calculateTotal [4]
[ADMIN] [10/17/2016 12:36] [PENJUALAN] CASHIER FORM : calculateTotal, totalAfterDisc [4]
[ADMIN] [10/17/2016 12:36] [PENJUALAN] CASHIER FORM : cashierDataGridView_CellValueChanged [qty]
[ADMIN] [10/17/2016 12:36] [PENJUALAN] CASHIER FORM : TextBox_TextChanged, previousInput [2]
[ADMIN] [10/17/2016 12:36] [PENJUALAN] CASHIER FORM : TextBox_TextChanged, dataGridViewTextBoxEditingControl.Text pass REGEX Checking
[ADMIN] [10/17/2016 12:36] [PENJUALAN] CASHIER FORM : CHECK STOCK QTY IS ENOUGH [1]
[ADMIN] [10/17/2016 12:36] [PENJUALAN] CASHIER FORM : CHECK STOCK QTY IS ENOUGH [13, 20]
[ADMIN] [10/17/2016 12:36] [PENJUALAN] CASHIER FORM : CALCULATE SUBTOTAL
[ADMIN] [10/17/2016 12:36] [PENJUALAN] CASHIER FORM : SUBTOTAL [4]
[ADMIN] [10/17/2016 12:36] [PENJUALAN] CASHIER FORM : TextBox_TextChanged, subtotal value [4]
[ADMIN] [10/17/2016 12:36] [PENJUALAN] CASHIER FORM : TextBox_TextChanged, attempt to calculate total value
[ADMIN] [10/17/2016 12:36] [PENJUALAN] CASHIER FORM : calculateTotal
[ADMIN] [10/17/2016 12:36] [PENJUALAN] CASHIER FORM : calculateTotal [4]
[ADMIN] [10/17/2016 12:36] [PENJUALAN] CASHIER FORM : calculateTotal, totalAfterDisc [4]
[ADMIN] [10/17/2016 12:36] [PENJUALAN] CASHIER FORM : cashierDataGridView_CellValueChanged [qty]
[ADMIN] [10/17/2016 12:36] [PENJUALAN] CASHIER FORM : TextBox_TextChanged, previousInput [2]
[ADMIN] [10/17/2016 12:36] [PENJUALAN] CASHIER FORM : TextBox_TextChanged, dataGridViewTextBoxEditingControl.Text pass REGEX Checking
[ADMIN] [10/17/2016 12:36] [PENJUALAN] CASHIER FORM : CHECK STOCK QTY IS ENOUGH [1]
[ADMIN] [10/17/2016 12:36] [PENJUALAN] CASHIER FORM : CHECK STOCK QTY IS ENOUGH [13, 200]
[ADMIN] [10/17/2016 12:36] [PENJUALAN] CASHIER FORM : CALCULATE SUBTOTAL
[ADMIN] [10/17/2016 12:36] [PENJUALAN] CASHIER FORM : SUBTOTAL [4]
[ADMIN] [10/17/2016 12:36] [PENJUALAN] CASHIER FORM : TextBox_TextChanged, subtotal value [4]
[ADMIN] [10/17/2016 12:36] [PENJUALAN] CASHIER FORM : TextBox_TextChanged, attempt to calculate total value
[ADMIN] [10/17/2016 12:36] [PENJUALAN] CASHIER FORM : calculateTotal
[ADMIN] [10/17/2016 12:36] [PENJUALAN] CASHIER FORM : calculateTotal [4]
[ADMIN] [10/17/2016 12:36] [PENJUALAN] CASHIER FORM : calculateTotal, totalAfterDisc [4]
[ADMIN] [10/17/2016 12:36] [PENJUALAN] CASHIER FORM : cashierDataGridView_CellValueChanged [disc1]
[ADMIN] [10/17/2016 12:36] [PENJUALAN] CASHIER FORM : TextBox_TextChanged, previousInput [0]
[ADMIN] [10/17/2016 12:36] [PENJUALAN] CASHIER FORM : TextBox_TextChanged, dataGridViewTextBoxEditingControl.Text [2]
[ADMIN] [10/17/2016 12:36] [PENJUALAN] CASHIER FORM : TextBox_TextChanged, dataGridViewTextBoxEditingControl.Text pass REGEX Checking
[ADMIN] [10/17/2016 12:36] [PENJUALAN] CASHIER FORM : CALCULATE SUBTOTAL
[ADMIN] [10/17/2016 12:36] [PENJUALAN] CASHIER FORM : SUBTOTAL [3.92]
[ADMIN] [10/17/2016 12:36] [PENJUALAN] CASHIER FORM : TextBox_TextChanged, subtotal value [3.92]
[ADMIN] [10/17/2016 12:36] [PENJUALAN] CASHIER FORM : TextBox_TextChanged, attempt to calculate total value
[ADMIN] [10/17/2016 12:36] [PENJUALAN] CASHIER FORM : calculateTotal
[ADMIN] [10/17/2016 12:36] [PENJUALAN] CASHIER FORM : calculateTotal [3.92]
[ADMIN] [10/17/2016 12:36] [PENJUALAN] CASHIER FORM : calculateTotal, totalAfterDisc [3.92]
[ADMIN] [10/17/2016 12:36] [PENJUALAN] CASHIER FORM : cashierDataGridView_CellValueChanged [disc1]
[ADMIN] [10/17/2016 12:36] [PENJUALAN] CASHIER FORM : TextBox_TextChanged, previousInput [2]
[ADMIN] [10/17/2016 12:36] [PENJUALAN] CASHIER FORM : TextBox_TextChanged, dataGridViewTextBoxEditingControl.Text pass REGEX Checking
[ADMIN] [10/17/2016 12:36] [PENJUALAN] CASHIER FORM : CALCULATE SUBTOTAL
[ADMIN] [10/17/2016 12:36] [PENJUALAN] CASHIER FORM : SUBTOTAL [3.12]
[ADMIN] [10/17/2016 12:36] [PENJUALAN] CASHIER FORM : TextBox_TextChanged, subtotal value [3.12]
[ADMIN] [10/17/2016 12:36] [PENJUALAN] CASHIER FORM : TextBox_TextChanged, attempt to calculate total value
[ADMIN] [10/17/2016 12:36] [PENJUALAN] CASHIER FORM : calculateTotal
[ADMIN] [10/17/2016 12:36] [PENJUALAN] CASHIER FORM : calculateTotal [3.12]
[ADMIN] [10/17/2016 12:36] [PENJUALAN] CASHIER FORM : calculateTotal, totalAfterDisc [3.12]
[ADMIN] [10/17/2016 12:36] [PENJUALAN] CASHIER FORM : cashierDataGridView_CellValueChanged [disc1]
[ADMIN] [10/17/2016 12:36] [PENJUALAN] CASHIER FORM : TextBox_TextChanged, previousInput [22]
[ADMIN] [10/17/2016 12:36] [PENJUALAN] CASHIER FORM : TextBox_TextChanged, dataGridViewTextBoxEditingControl.Text pass REGEX Checking
[ADMIN] [10/17/2016 12:36] [PENJUALAN] CASHIER FORM : CALCULATE SUBTOTAL
[ADMIN] [10/17/2016 12:36] [PENJUALAN] CASHIER FORM : SUBTOTAL [-4.88]
[ADMIN] [10/17/2016 12:36] [PENJUALAN] CASHIER FORM : TextBox_TextChanged, subtotal value [-4.88]
[ADMIN] [10/17/2016 12:36] [PENJUALAN] CASHIER FORM : TextBox_TextChanged, attempt to calculate total value
[ADMIN] [10/17/2016 12:36] [PENJUALAN] CASHIER FORM : calculateTotal
[ADMIN] [10/17/2016 12:36] [PENJUALAN] CASHIER FORM : calculateTotal [-4.88]
[ADMIN] [10/17/2016 12:36] [PENJUALAN] CASHIER FORM : calculateTotal, totalAfterDisc [-4.88]
[ADMIN] [10/17/2016 12:36] [PENJUALAN] CASHIER FORM : cashierDataGridView_CellValueChanged [disc1]
[ADMIN] [10/17/2016 12:36] [PENJUALAN] CASHIER FORM : TextBox_TextChanged, previousInput [222]
[ADMIN] [10/17/2016 12:36] [PENJUALAN] CASHIER FORM : TextBox_TextChanged, dataGridViewTextBoxEditingControl.Text pass REGEX Checking
[ADMIN] [10/17/2016 12:36] [PENJUALAN] CASHIER FORM : CALCULATE SUBTOTAL
[ADMIN] [10/17/2016 12:36] [PENJUALAN] CASHIER FORM : SUBTOTAL [-84.88]
[ADMIN] [10/17/2016 12:36] [PENJUALAN] CASHIER FORM : TextBox_TextChanged, subtotal value [-84.88]
[ADMIN] [10/17/2016 12:36] [PENJUALAN] CASHIER FORM : TextBox_TextChanged, attempt to calculate total value
[ADMIN] [10/17/2016 12:36] [PENJUALAN] CASHIER FORM : calculateTotal
[ADMIN] [10/17/2016 12:36] [PENJUALAN] CASHIER FORM : calculateTotal [-84.88]
[ADMIN] [10/17/2016 12:36] [PENJUALAN] CASHIER FORM : calculateTotal, totalAfterDisc [-84.88]
[ADMIN] [10/17/2016 12:36] [PENJUALAN] CASHIER FORM : cashierDataGridView_CellValueChanged [disc1]
[ADMIN] [10/17/2016 12:36] [PENJUALAN] CASHIER FORM : TextBox_TextChanged, previousInput [2222]
[ADMIN] [10/17/2016 12:36] [PENJUALAN] CASHIER FORM : TextBox_TextChanged, dataGridViewTextBoxEditingControl.Text pass REGEX Checking
[ADMIN] [10/17/2016 12:36] [PENJUALAN] CASHIER FORM : CALCULATE SUBTOTAL
[ADMIN] [10/17/2016 12:36] [PENJUALAN] CASHIER FORM : SUBTOTAL [-4.88]
[ADMIN] [10/17/2016 12:36] [PENJUALAN] CASHIER FORM : TextBox_TextChanged, subtotal value [-4.88]
[ADMIN] [10/17/2016 12:36] [PENJUALAN] CASHIER FORM : TextBox_TextChanged, attempt to calculate total value
[ADMIN] [10/17/2016 12:36] [PENJUALAN] CASHIER FORM : calculateTotal
[ADMIN] [10/17/2016 12:36] [PENJUALAN] CASHIER FORM : calculateTotal [-4.88]
[ADMIN] [10/17/2016 12:36] [PENJUALAN] CASHIER FORM : calculateTotal, totalAfterDisc [-4.88]
[ADMIN] [10/17/2016 12:36] [PENJUALAN] CASHIER FORM : cashierDataGridView_CellValueChanged [disc1]
[ADMIN] [10/17/2016 12:36] [PENJUALAN] CASHIER FORM : TextBox_TextChanged, previousInput [222]
[ADMIN] [10/17/2016 12:36] [PENJUALAN] CASHIER FORM : TextBox_TextChanged, dataGridViewTextBoxEditingControl.Text pass REGEX Checking
[ADMIN] [10/17/2016 12:36] [PENJUALAN] CASHIER FORM : CALCULATE SUBTOTAL
[ADMIN] [10/17/2016 12:36] [PENJUALAN] CASHIER FORM : SUBTOTAL [3.12]
[ADMIN] [10/17/2016 12:36] [PENJUALAN] CASHIER FORM : TextBox_TextChanged, subtotal value [3.12]
[ADMIN] [10/17/2016 12:36] [PENJUALAN] CASHIER FORM : TextBox_TextChanged, attempt to calculate total value
[ADMIN] [10/17/2016 12:36] [PENJUALAN] CASHIER FORM : calculateTotal
[ADMIN] [10/17/2016 12:36] [PENJUALAN] CASHIER FORM : calculateTotal [3.12]
[ADMIN] [10/17/2016 12:36] [PENJUALAN] CASHIER FORM : calculateTotal, totalAfterDisc [3.12]
[ADMIN] [10/17/2016 12:36] [PENJUALAN] CASHIER FORM : cashierDataGridView_CellValueChanged [disc1]
[ADMIN] [10/17/2016 12:36] [PENJUALAN] CASHIER FORM : TextBox_TextChanged, previousInput [22]
[ADMIN] [10/17/2016 12:36] [PENJUALAN] CASHIER FORM : TextBox_TextChanged, dataGridViewTextBoxEditingControl.Text pass REGEX Checking
[ADMIN] [10/17/2016 12:36] [PENJUALAN] CASHIER FORM : CALCULATE SUBTOTAL
[ADMIN] [10/17/2016 12:36] [PENJUALAN] CASHIER FORM : SUBTOTAL [3.92]
[ADMIN] [10/17/2016 12:36] [PENJUALAN] CASHIER FORM : TextBox_TextChanged, subtotal value [3.92]
[ADMIN] [10/17/2016 12:36] [PENJUALAN] CASHIER FORM : TextBox_TextChanged, attempt to calculate total value
[ADMIN] [10/17/2016 12:36] [PENJUALAN] CASHIER FORM : calculateTotal
[ADMIN] [10/17/2016 12:36] [PENJUALAN] CASHIER FORM : calculateTotal [3.92]
[ADMIN] [10/17/2016 12:36] [PENJUALAN] CASHIER FORM : calculateTotal, totalAfterDisc [3.92]
[ADMIN] [10/17/2016 12:36] [PENJUALAN] CASHIER FORM : cashierDataGridView_CellValueChanged [disc1]
[ADMIN] [10/17/2016 12:36] [PENJUALAN] CASHIER FORM : cashierDataGridView_CellValueChanged , empty texbox, reset [disc1] value to 0
[ADMIN] [10/17/2016 12:36] [PENJUALAN] CASHIER FORM : CALCULATE SUBTOTAL
[ADMIN] [10/17/2016 12:36] [PENJUALAN] CASHIER FORM : SUBTOTAL [4]
[ADMIN] [10/17/2016 12:36] [PENJUALAN] CASHIER FORM : TextBox_TextChanged, subtotal value [4]
[ADMIN] [10/17/2016 12:36] [PENJUALAN] CASHIER FORM : TextBox_TextChanged, recalculate total value
[ADMIN] [10/17/2016 12:36] [PENJUALAN] CASHIER FORM : calculateTotal
[ADMIN] [10/17/2016 12:36] [PENJUALAN] CASHIER FORM : calculateTotal [4]
[ADMIN] [10/17/2016 12:36] [PENJUALAN] CASHIER FORM : calculateTotal, totalAfterDisc [4]
[ADMIN] [10/17/2016 12:36] [PENJUALAN] CASHIER FORM : cashierDataGridView_CellValueChanged [productPrice]
[ADMIN] [10/17/2016 12:36] [PENJUALAN] CASHIER FORM : TextBox_TextChanged, previousInput []
[ADMIN] [10/17/2016 12:36] [PENJUALAN] CASHIER FORM : TextBox_TextChanged, dataGridViewTextBoxEditingControl.Text pass REGEX Checking
[ADMIN] [10/17/2016 12:36] [PENJUALAN] CASHIER FORM : CALCULATE SUBTOTAL
[ADMIN] [10/17/2016 12:36] [PENJUALAN] CASHIER FORM : SUBTOTAL [2]
[ADMIN] [10/17/2016 12:36] [PENJUALAN] CASHIER FORM : TextBox_TextChanged, subtotal value [2]
[ADMIN] [10/17/2016 12:36] [PENJUALAN] CASHIER FORM : TextBox_TextChanged, attempt to calculate total value
[ADMIN] [10/17/2016 12:36] [PENJUALAN] CASHIER FORM : calculateTotal
[ADMIN] [10/17/2016 12:36] [PENJUALAN] CASHIER FORM : calculateTotal [2]
[ADMIN] [10/17/2016 12:36] [PENJUALAN] CASHIER FORM : calculateTotal, totalAfterDisc [2]
[ADMIN] [10/17/2016 12:36] [PENJUALAN] CASHIER FORM : cashierDataGridView_CellValueChanged [productPrice]
[ADMIN] [10/17/2016 12:36] [PENJUALAN] CASHIER FORM : TextBox_TextChanged, previousInput []
[ADMIN] [10/17/2016 12:36] [PENJUALAN] CASHIER FORM : TextBox_TextChanged, dataGridViewTextBoxEditingControl.Text pass REGEX Checking
[ADMIN] [10/17/2016 12:36] [PENJUALAN] CASHIER FORM : CALCULATE SUBTOTAL
[ADMIN] [10/17/2016 12:36] [PENJUALAN] CASHIER FORM : SUBTOTAL [24]
[ADMIN] [10/17/2016 12:36] [PENJUALAN] CASHIER FORM : TextBox_TextChanged, subtotal value [24]
[ADMIN] [10/17/2016 12:36] [PENJUALAN] CASHIER FORM : TextBox_TextChanged, attempt to calculate total value
[ADMIN] [10/17/2016 12:36] [PENJUALAN] CASHIER FORM : calculateTotal
[ADMIN] [10/17/2016 12:36] [PENJUALAN] CASHIER FORM : calculateTotal [24]
[ADMIN] [10/17/2016 12:36] [PENJUALAN] CASHIER FORM : calculateTotal, totalAfterDisc [24]
[ADMIN] [10/17/2016 12:36] [PENJUALAN] CASHIER FORM : cashierDataGridView_CellValueChanged [productPrice]
[ADMIN] [10/17/2016 12:36] [PENJUALAN] CASHIER FORM : TextBox_TextChanged, previousInput []
[ADMIN] [10/17/2016 12:36] [PENJUALAN] CASHIER FORM : TextBox_TextChanged, dataGridViewTextBoxEditingControl.Text pass REGEX Checking
[ADMIN] [10/17/2016 12:36] [PENJUALAN] CASHIER FORM : CALCULATE SUBTOTAL
[ADMIN] [10/17/2016 12:36] [PENJUALAN] CASHIER FORM : SUBTOTAL [244]
[ADMIN] [10/17/2016 12:36] [PENJUALAN] CASHIER FORM : TextBox_TextChanged, subtotal value [244]
[ADMIN] [10/17/2016 12:36] [PENJUALAN] CASHIER FORM : TextBox_TextChanged, attempt to calculate total value
[ADMIN] [10/17/2016 12:36] [PENJUALAN] CASHIER FORM : calculateTotal
[ADMIN] [10/17/2016 12:36] [PENJUALAN] CASHIER FORM : calculateTotal [244]
[ADMIN] [10/17/2016 12:36] [PENJUALAN] CASHIER FORM : calculateTotal, totalAfterDisc [244]
[ADMIN] [10/17/2016 12:36] [PENJUALAN] CASHIER FORM : cashierDataGridView_CellValueChanged [productPrice]
[ADMIN] [10/17/2016 12:36] [PENJUALAN] CASHIER FORM : TextBox_TextChanged, previousInput []
[ADMIN] [10/17/2016 12:36] [PENJUALAN] CASHIER FORM : TextBox_TextChanged, dataGridViewTextBoxEditingControl.Text pass REGEX Checking
[ADMIN] [10/17/2016 12:36] [PENJUALAN] CASHIER FORM : CALCULATE SUBTOTAL
[ADMIN] [10/17/2016 12:36] [PENJUALAN] CASHIER FORM : SUBTOTAL [2446]
[ADMIN] [10/17/2016 12:36] [PENJUALAN] CASHIER FORM : TextBox_TextChanged, subtotal value [2446]
[ADMIN] [10/17/2016 12:36] [PENJUALAN] CASHIER FORM : TextBox_TextChanged, attempt to calculate total value
[ADMIN] [10/17/2016 12:36] [PENJUALAN] CASHIER FORM : calculateTotal
[ADMIN] [10/17/2016 12:36] [PENJUALAN] CASHIER FORM : calculateTotal [2446]
[ADMIN] [10/17/2016 12:36] [PENJUALAN] CASHIER FORM : calculateTotal, totalAfterDisc [2446]
[ADMIN] [10/17/2016 12:36] [PENJUALAN] CASHIER FORM : cashierDataGridView_CellValueChanged [disc1]
[ADMIN] [10/17/2016 12:36] [PENJUALAN] CASHIER FORM : TextBox_TextChanged, previousInput [0]
[ADMIN] [10/17/2016 12:36] [PENJUALAN] CASHIER FORM : TextBox_TextChanged, dataGridViewTextBoxEditingControl.Text [01]
[ADMIN] [10/17/2016 12:36] [PENJUALAN] CASHIER FORM : TextBox_TextChanged, dataGridViewTextBoxEditingControl.Text pass REGEX Checking
[ADMIN] [10/17/2016 12:36] [PENJUALAN] CASHIER FORM : CALCULATE SUBTOTAL
[ADMIN] [10/17/2016 12:36] [PENJUALAN] CASHIER FORM : SUBTOTAL [2421.54]
[ADMIN] [10/17/2016 12:36] [PENJUALAN] CASHIER FORM : TextBox_TextChanged, subtotal value [2421.54]
[ADMIN] [10/17/2016 12:36] [PENJUALAN] CASHIER FORM : TextBox_TextChanged, attempt to calculate total value
[ADMIN] [10/17/2016 12:36] [PENJUALAN] CASHIER FORM : calculateTotal
[ADMIN] [10/17/2016 12:36] [PENJUALAN] CASHIER FORM : calculateTotal [2421.54]
[ADMIN] [10/17/2016 12:36] [PENJUALAN] CASHIER FORM : calculateTotal, totalAfterDisc [2421.54]
[ADMIN] [10/17/2016 12:36] [PENJUALAN] CASHIER FORM : cashierDataGridView_CellValueChanged [disc1]
[ADMIN] [10/17/2016 12:36] [PENJUALAN] CASHIER FORM : TextBox_TextChanged, previousInput [01]
[ADMIN] [10/17/2016 12:36] [PENJUALAN] CASHIER FORM : TextBox_TextChanged, dataGridViewTextBoxEditingControl.Text pass REGEX Checking
[ADMIN] [10/17/2016 12:36] [PENJUALAN] CASHIER FORM : CALCULATE SUBTOTAL
[ADMIN] [10/17/2016 12:36] [PENJUALAN] CASHIER FORM : SUBTOTAL [2176.94]
[ADMIN] [10/17/2016 12:36] [PENJUALAN] CASHIER FORM : TextBox_TextChanged, subtotal value [2176.94]
[ADMIN] [10/17/2016 12:36] [PENJUALAN] CASHIER FORM : TextBox_TextChanged, attempt to calculate total value
[ADMIN] [10/17/2016 12:36] [PENJUALAN] CASHIER FORM : calculateTotal
[ADMIN] [10/17/2016 12:36] [PENJUALAN] CASHIER FORM : calculateTotal [2176.94]
[ADMIN] [10/17/2016 12:36] [PENJUALAN] CASHIER FORM : calculateTotal, totalAfterDisc [2176.94]
[ADMIN] [10/17/2016 12:36] [PENJUALAN] CASHIER FORM : cashierDataGridView_CellValueChanged [disc1]
[ADMIN] [10/17/2016 12:36] [PENJUALAN] CASHIER FORM : TextBox_TextChanged, previousInput [011]
[ADMIN] [10/17/2016 12:36] [PENJUALAN] CASHIER FORM : TextBox_TextChanged, dataGridViewTextBoxEditingControl.Text pass REGEX Checking
[ADMIN] [10/17/2016 12:36] [PENJUALAN] CASHIER FORM : CALCULATE SUBTOTAL
[ADMIN] [10/17/2016 12:36] [PENJUALAN] CASHIER FORM : SUBTOTAL [-269.06]
[ADMIN] [10/17/2016 12:36] [PENJUALAN] CASHIER FORM : TextBox_TextChanged, subtotal value [-269.06]
[ADMIN] [10/17/2016 12:36] [PENJUALAN] CASHIER FORM : TextBox_TextChanged, attempt to calculate total value
[ADMIN] [10/17/2016 12:36] [PENJUALAN] CASHIER FORM : calculateTotal
[ADMIN] [10/17/2016 12:36] [PENJUALAN] CASHIER FORM : calculateTotal [-269.06]
[ADMIN] [10/17/2016 12:36] [PENJUALAN] CASHIER FORM : calculateTotal, totalAfterDisc [-269.06]
[ADMIN] [10/17/2016 12:36] [PENJUALAN] CASHIER FORM : cashierDataGridView_CellValueChanged [disc1]
[ADMIN] [10/17/2016 12:36] [PENJUALAN] CASHIER FORM : TextBox_TextChanged, previousInput [0111]
[ADMIN] [10/17/2016 12:36] [PENJUALAN] CASHIER FORM : TextBox_TextChanged, dataGridViewTextBoxEditingControl.Text pass REGEX Checking
[ADMIN] [10/17/2016 12:36] [PENJUALAN] CASHIER FORM : CALCULATE SUBTOTAL
[ADMIN] [10/17/2016 12:36] [PENJUALAN] CASHIER FORM : SUBTOTAL [-24729.06]
[ADMIN] [10/17/2016 12:36] [PENJUALAN] CASHIER FORM : TextBox_TextChanged, subtotal value [-24729.06]
[ADMIN] [10/17/2016 12:36] [PENJUALAN] CASHIER FORM : TextBox_TextChanged, attempt to calculate total value
[ADMIN] [10/17/2016 12:36] [PENJUALAN] CASHIER FORM : calculateTotal
[ADMIN] [10/17/2016 12:36] [PENJUALAN] CASHIER FORM : calculateTotal [-24729.06]
[ADMIN] [10/17/2016 12:36] [PENJUALAN] CASHIER FORM : calculateTotal, totalAfterDisc [-24729.06]
[ADMIN] [10/17/2016 12:36] [PENJUALAN] CASHIER FORM : cashierDataGridView_CellValueChanged [disc1]
[ADMIN] [10/17/2016 12:36] [PENJUALAN] CASHIER FORM : TextBox_TextChanged, previousInput [01111]
[ADMIN] [10/17/2016 12:36] [PENJUALAN] CASHIER FORM : TextBox_TextChanged, dataGridViewTextBoxEditingControl.Text pass REGEX Checking
[ADMIN] [10/17/2016 12:36] [PENJUALAN] CASHIER FORM : CALCULATE SUBTOTAL
[ADMIN] [10/17/2016 12:36] [PENJUALAN] CASHIER FORM : SUBTOTAL [-269.06]
[ADMIN] [10/17/2016 12:36] [PENJUALAN] CASHIER FORM : TextBox_TextChanged, subtotal value [-269.06]
[ADMIN] [10/17/2016 12:36] [PENJUALAN] CASHIER FORM : TextBox_TextChanged, attempt to calculate total value
[ADMIN] [10/17/2016 12:36] [PENJUALAN] CASHIER FORM : calculateTotal
[ADMIN] [10/17/2016 12:36] [PENJUALAN] CASHIER FORM : calculateTotal [-269.06]
[ADMIN] [10/17/2016 12:36] [PENJUALAN] CASHIER FORM : calculateTotal, totalAfterDisc [-269.06]
[ADMIN] [10/17/2016 12:36] [PENJUALAN] CASHIER FORM : cashierDataGridView_CellValueChanged [disc1]
[ADMIN] [10/17/2016 12:36] [PENJUALAN] CASHIER FORM : TextBox_TextChanged, previousInput [0111]
[ADMIN] [10/17/2016 12:36] [PENJUALAN] CASHIER FORM : TextBox_TextChanged, dataGridViewTextBoxEditingControl.Text pass REGEX Checking
[ADMIN] [10/17/2016 12:36] [PENJUALAN] CASHIER FORM : CALCULATE SUBTOTAL
[ADMIN] [10/17/2016 12:36] [PENJUALAN] CASHIER FORM : SUBTOTAL [2176.94]
[ADMIN] [10/17/2016 12:36] [PENJUALAN] CASHIER FORM : TextBox_TextChanged, subtotal value [2176.94]
[ADMIN] [10/17/2016 12:36] [PENJUALAN] CASHIER FORM : TextBox_TextChanged, attempt to calculate total value
[ADMIN] [10/17/2016 12:36] [PENJUALAN] CASHIER FORM : calculateTotal
[ADMIN] [10/17/2016 12:36] [PENJUALAN] CASHIER FORM : calculateTotal [2176.94]
[ADMIN] [10/17/2016 12:36] [PENJUALAN] CASHIER FORM : calculateTotal, totalAfterDisc [2176.94]
[ADMIN] [10/17/2016 12:36] [PENJUALAN] CASHIER FORM : cashierDataGridView_CellValueChanged [disc1]
[ADMIN] [10/17/2016 12:36] [PENJUALAN] CASHIER FORM : TextBox_TextChanged, previousInput [011]
[ADMIN] [10/17/2016 12:36] [PENJUALAN] CASHIER FORM : TextBox_TextChanged, dataGridViewTextBoxEditingControl.Text pass REGEX Checking
[ADMIN] [10/17/2016 12:36] [PENJUALAN] CASHIER FORM : CALCULATE SUBTOTAL
[ADMIN] [10/17/2016 12:36] [PENJUALAN] CASHIER FORM : SUBTOTAL [2421.54]
[ADMIN] [10/17/2016 12:36] [PENJUALAN] CASHIER FORM : TextBox_TextChanged, subtotal value [2421.54]
[ADMIN] [10/17/2016 12:36] [PENJUALAN] CASHIER FORM : TextBox_TextChanged, attempt to calculate total value
[ADMIN] [10/17/2016 12:36] [PENJUALAN] CASHIER FORM : calculateTotal
[ADMIN] [10/17/2016 12:36] [PENJUALAN] CASHIER FORM : calculateTotal [2421.54]
[ADMIN] [10/17/2016 12:36] [PENJUALAN] CASHIER FORM : calculateTotal, totalAfterDisc [2421.54]
[ADMIN] [10/17/2016 12:36] [PENJUALAN] CASHIER FORM : cashierDataGridView_CellValueChanged [disc1]
[ADMIN] [10/17/2016 12:36] [PENJUALAN] CASHIER FORM : TextBox_TextChanged, previousInput [01]
[ADMIN] [10/17/2016 12:36] [PENJUALAN] CASHIER FORM : TextBox_TextChanged, dataGridViewTextBoxEditingControl.Text pass REGEX Checking
[ADMIN] [10/17/2016 12:36] [PENJUALAN] CASHIER FORM : CALCULATE SUBTOTAL
[ADMIN] [10/17/2016 12:36] [PENJUALAN] CASHIER FORM : SUBTOTAL [2446]
[ADMIN] [10/17/2016 12:36] [PENJUALAN] CASHIER FORM : TextBox_TextChanged, subtotal value [2446]
[ADMIN] [10/17/2016 12:36] [PENJUALAN] CASHIER FORM : TextBox_TextChanged, attempt to calculate total value
[ADMIN] [10/17/2016 12:36] [PENJUALAN] CASHIER FORM : calculateTotal
[ADMIN] [10/17/2016 12:36] [PENJUALAN] CASHIER FORM : calculateTotal [2446]
[ADMIN] [10/17/2016 12:36] [PENJUALAN] CASHIER FORM : calculateTotal, totalAfterDisc [2446]
[ADMIN] [10/17/2016 12:36] [PENJUALAN] CASHIER FORM : cashierDataGridView_CellValueChanged [disc1]
[ADMIN] [10/17/2016 12:36] [PENJUALAN] CASHIER FORM : cashierDataGridView_CellValueChanged , empty texbox, reset [disc1] value to 0
[ADMIN] [10/17/2016 12:36] [PENJUALAN] CASHIER FORM : CALCULATE SUBTOTAL
[ADMIN] [10/17/2016 12:36] [PENJUALAN] CASHIER FORM : SUBTOTAL [2446]
[ADMIN] [10/17/2016 12:36] [PENJUALAN] CASHIER FORM : TextBox_TextChanged, subtotal value [2446]
[ADMIN] [10/17/2016 12:36] [PENJUALAN] CASHIER FORM : TextBox_TextChanged, recalculate total value
[ADMIN] [10/17/2016 12:36] [PENJUALAN] CASHIER FORM : calculateTotal
[ADMIN] [10/17/2016 12:36] [PENJUALAN] CASHIER FORM : calculateTotal [2446]
[ADMIN] [10/17/2016 12:36] [PENJUALAN] CASHIER FORM : calculateTotal, totalAfterDisc [2446]
[ADMIN] [10/17/2016 12:36] [PENJUALAN] CASHIER FORM : cashierDataGridView_CellValueChanged [disc1]
[ADMIN] [10/17/2016 12:36] [PENJUALAN] CASHIER FORM : TextBox_TextChanged, previousInput [0]
[ADMIN] [10/17/2016 12:36] [PENJUALAN] CASHIER FORM : TextBox_TextChanged, dataGridViewTextBoxEditingControl.Text [2]
[ADMIN] [10/17/2016 12:36] [PENJUALAN] CASHIER FORM : TextBox_TextChanged, dataGridViewTextBoxEditingControl.Text pass REGEX Checking
[ADMIN] [10/17/2016 12:36] [PENJUALAN] CASHIER FORM : CALCULATE SUBTOTAL
[ADMIN] [10/17/2016 12:36] [PENJUALAN] CASHIER FORM : SUBTOTAL [2397.08]
[ADMIN] [10/17/2016 12:36] [PENJUALAN] CASHIER FORM : TextBox_TextChanged, subtotal value [2397.08]
[ADMIN] [10/17/2016 12:36] [PENJUALAN] CASHIER FORM : TextBox_TextChanged, attempt to calculate total value
[ADMIN] [10/17/2016 12:36] [PENJUALAN] CASHIER FORM : calculateTotal
[ADMIN] [10/17/2016 12:36] [PENJUALAN] CASHIER FORM : calculateTotal [2397.08]
[ADMIN] [10/17/2016 12:36] [PENJUALAN] CASHIER FORM : calculateTotal, totalAfterDisc [2397.08]
[ADMIN] [10/17/2016 12:37] [PENJUALAN] CASHIER FORM : cashierDataGridView_CellValueChanged [disc1]
[ADMIN] [10/17/2016 12:37] [PENJUALAN] CASHIER FORM : TextBox_TextChanged, previousInput [2]
[ADMIN] [10/17/2016 12:37] [PENJUALAN] CASHIER FORM : TextBox_TextChanged, dataGridViewTextBoxEditingControl.Text pass REGEX Checking
[ADMIN] [10/17/2016 12:37] [PENJUALAN] CASHIER FORM : CALCULATE SUBTOTAL
[ADMIN] [10/17/2016 12:37] [PENJUALAN] CASHIER FORM : SUBTOTAL [1907.88]
[ADMIN] [10/17/2016 12:37] [PENJUALAN] CASHIER FORM : TextBox_TextChanged, subtotal value [1907.88]
[ADMIN] [10/17/2016 12:37] [PENJUALAN] CASHIER FORM : TextBox_TextChanged, attempt to calculate total value
[ADMIN] [10/17/2016 12:37] [PENJUALAN] CASHIER FORM : calculateTotal
[ADMIN] [10/17/2016 12:37] [PENJUALAN] CASHIER FORM : calculateTotal [1907.88]
[ADMIN] [10/17/2016 12:37] [PENJUALAN] CASHIER FORM : calculateTotal, totalAfterDisc [1907.88]
[ADMIN] [10/17/2016 12:37] [PENJUALAN] CASHIER FORM : cashierDataGridView_CellValueChanged [disc1]
[ADMIN] [10/17/2016 12:37] [PENJUALAN] CASHIER FORM : TextBox_TextChanged, previousInput [22]
[ADMIN] [10/17/2016 12:37] [PENJUALAN] CASHIER FORM : TextBox_TextChanged, dataGridViewTextBoxEditingControl.Text pass REGEX Checking
[ADMIN] [10/17/2016 12:37] [PENJUALAN] CASHIER FORM : CALCULATE SUBTOTAL
[ADMIN] [10/17/2016 12:37] [PENJUALAN] CASHIER FORM : SUBTOTAL [-2984.12]
[ADMIN] [10/17/2016 12:37] [PENJUALAN] CASHIER FORM : TextBox_TextChanged, subtotal value [-2984.12]
[ADMIN] [10/17/2016 12:37] [PENJUALAN] CASHIER FORM : TextBox_TextChanged, attempt to calculate total value
[ADMIN] [10/17/2016 12:37] [PENJUALAN] CASHIER FORM : calculateTotal
[ADMIN] [10/17/2016 12:37] [PENJUALAN] CASHIER FORM : calculateTotal [-2984.12]
[ADMIN] [10/17/2016 12:37] [PENJUALAN] CASHIER FORM : calculateTotal, totalAfterDisc [-2984.12]
[ADMIN] [10/17/2016 12:37] [PENJUALAN] CASHIER FORM : cashierDataGridView_CellValueChanged [disc1]
[ADMIN] [10/17/2016 12:37] [PENJUALAN] CASHIER FORM : TextBox_TextChanged, previousInput [222]
[ADMIN] [10/17/2016 12:37] [PENJUALAN] CASHIER FORM : TextBox_TextChanged, dataGridViewTextBoxEditingControl.Text pass REGEX Checking
[ADMIN] [10/17/2016 12:37] [PENJUALAN] CASHIER FORM : CALCULATE SUBTOTAL
[ADMIN] [10/17/2016 12:37] [PENJUALAN] CASHIER FORM : SUBTOTAL [-51904.12]
[ADMIN] [10/17/2016 12:37] [PENJUALAN] CASHIER FORM : TextBox_TextChanged, subtotal value [-51904.12]
[ADMIN] [10/17/2016 12:37] [PENJUALAN] CASHIER FORM : TextBox_TextChanged, attempt to calculate total value
[ADMIN] [10/17/2016 12:37] [PENJUALAN] CASHIER FORM : calculateTotal
[ADMIN] [10/17/2016 12:37] [PENJUALAN] CASHIER FORM : calculateTotal [-51904.12]
[ADMIN] [10/17/2016 12:37] [PENJUALAN] CASHIER FORM : calculateTotal, totalAfterDisc [-51904.12]
[ADMIN] [10/17/2016 12:37] [PENJUALAN] CASHIER FORM : UNREGISTER HOTKEY
[ADMIN] [10/17/2016 12:37] [PENJUALAN] CASHIER FORM : UNREGISTER HOTKEY
[ADMIN] [10/17/2016 12:37] [] USER ID = 1LOGOUT
