[] [11/2/2016 11:57] [] USER = ADMIN IS ACTIVE
[ADMIN] [11/2/2016 11:57] [] USER ID = 1 LOGIN SUCCESSFULLY
[ADMIN] [11/2/2016 11:57] [] ACTIVATE USER ACCESS RIGHT
[ADMIN] [11/2/2016 11:57] [] DISPLAY ADMIN FORM
[ADMIN] [11/2/2016 11:57] [] adminForm Load
[ADMIN] [11/2/2016 11:58] [PENJUALAN] CASHIER FORM : MULTIPLE CASHIER INSTANCE [1]
[ADMIN] [11/2/2016 11:59] [PENJUALAN] CASHIER FORM : REGISTER HOTKEY
[ADMIN] [11/2/2016 11:59] [PENJUALAN] CASHIER FORM : cashierForm_Load, ATTEMPT TO LOAD NO FAKTUR
[ADMIN] [11/2/2016 11:59] [PENJUALAN] CASHIER FORM : loadNoFaktur, noFakturValue [SLO001]
[ADMIN] [11/2/2016 11:59] [PENJUALAN] CASHIER FORM : cashierForm_Load, ATTEMPT TO addColumnToDataGrid
[ADMIN] [11/2/2016 11:59] [PENJUALAN] CASHIER FORM : calculateTotal
[ADMIN] [11/2/2016 11:59] [PENJUALAN] CASHIER FORM : calculateTotal [0]
[ADMIN] [11/2/2016 11:59] [PENJUALAN] CASHIER FORM : calculateTotal, totalAfterDisc [0]
[ADMIN] [11/2/2016 11:59] [PENJUALAN] CASHIER FORM : REGISTER HOTKEY
[ADMIN] [11/2/2016 11:59] [PENJUALAN] CASHIER FORM : HOTKEY TO ADD NEW ROW PRESSED
[ADMIN] [11/2/2016 11:59] [PENJUALAN] CASHIER FORM : ADD NEW ROW,  isActive [True]
[ADMIN] [11/2/2016 11:59] [PENJUALAN] CASHIER FORM : ADD NEW ROW,  ROW COUNT [0]
[ADMIN] [11/2/2016 11:59] [PENJUALAN] CASHIER FORM : ADD NEW ROW,  ALLOW TO ADD [True]
[ADMIN] [11/2/2016 11:59] [PENJUALAN] CASHIER FORM : cashierDataGridView_CellValueChanged [F8]
[ADMIN] [11/2/2016 11:59] [PENJUALAN] CASHIER FORM : cashierDataGridView_CellValueChanged [hpp]
[ADMIN] [11/2/2016 11:59] [PENJUALAN] CASHIER FORM : cashierDataGridView_CellValueChanged [productPrice]
[ADMIN] [11/2/2016 11:59] [PENJUALAN] CASHIER FORM : TextBox_TextChanged, previousInput []
[ADMIN] [11/2/2016 11:59] [PENJUALAN] CASHIER FORM : TextBox_TextChanged, dataGridViewTextBoxEditingControl.Text pass REGEX Checking
[ADMIN] [11/2/2016 11:59] [PENJUALAN] CASHIER FORM : CALCULATE SUBTOTAL
[ADMIN] [11/2/2016 11:59] [PENJUALAN] CASHIER FORM : SUBTOTAL [0]
[ADMIN] [11/2/2016 11:59] [PENJUALAN] CASHIER FORM : TextBox_TextChanged, subtotal value [0]
[ADMIN] [11/2/2016 11:59] [PENJUALAN] CASHIER FORM : TextBox_TextChanged, attempt to calculate total value
[ADMIN] [11/2/2016 11:59] [PENJUALAN] CASHIER FORM : calculateTotal
[ADMIN] [11/2/2016 11:59] [PENJUALAN] CASHIER FORM : calculateTotal [0]
[ADMIN] [11/2/2016 11:59] [PENJUALAN] CASHIER FORM : calculateTotal, totalAfterDisc [0]
[ADMIN] [11/2/2016 11:59] [PENJUALAN] CASHIER FORM : cashierDataGridView_CellValueChanged [disc1]
[ADMIN] [11/2/2016 11:59] [PENJUALAN] CASHIER FORM : TextBox_TextChanged, previousInput []
[ADMIN] [11/2/2016 11:59] [PENJUALAN] CASHIER FORM : TextBox_TextChanged, dataGridViewTextBoxEditingControl.Text pass REGEX Checking
[ADMIN] [11/2/2016 11:59] [PENJUALAN] CASHIER FORM : CALCULATE SUBTOTAL
[ADMIN] [11/2/2016 11:59] [PENJUALAN] CASHIER FORM : SUBTOTAL [0]
[ADMIN] [11/2/2016 11:59] [PENJUALAN] CASHIER FORM : TextBox_TextChanged, subtotal value [0]
[ADMIN] [11/2/2016 11:59] [PENJUALAN] CASHIER FORM : TextBox_TextChanged, attempt to calculate total value
[ADMIN] [11/2/2016 11:59] [PENJUALAN] CASHIER FORM : calculateTotal
[ADMIN] [11/2/2016 11:59] [PENJUALAN] CASHIER FORM : calculateTotal [0]
[ADMIN] [11/2/2016 11:59] [PENJUALAN] CASHIER FORM : calculateTotal, totalAfterDisc [0]
[ADMIN] [11/2/2016 11:59] [PENJUALAN] CASHIER FORM : cashierDataGridView_CellValueChanged [qty]
[ADMIN] [11/2/2016 11:59] [PENJUALAN] CASHIER FORM : TextBox_TextChanged, previousInput []
[ADMIN] [11/2/2016 11:59] [PENJUALAN] CASHIER FORM : TextBox_TextChanged, dataGridViewTextBoxEditingControl.Text pass REGEX Checking
[ADMIN] [11/2/2016 11:59] [PENJUALAN] CASHIER FORM : CALCULATE SUBTOTAL
[ADMIN] [11/2/2016 11:59] [PENJUALAN] CASHIER FORM : SUBTOTAL [0]
[ADMIN] [11/2/2016 11:59] [PENJUALAN] CASHIER FORM : TextBox_TextChanged, subtotal value [0]
[ADMIN] [11/2/2016 11:59] [PENJUALAN] CASHIER FORM : TextBox_TextChanged, attempt to calculate total value
[ADMIN] [11/2/2016 11:59] [PENJUALAN] CASHIER FORM : calculateTotal
[ADMIN] [11/2/2016 11:59] [PENJUALAN] CASHIER FORM : calculateTotal [0]
[ADMIN] [11/2/2016 11:59] [PENJUALAN] CASHIER FORM : calculateTotal, totalAfterDisc [0]
[ADMIN] [11/2/2016 11:59] [PENJUALAN] CASHIER FORM : cashierDataGridView_CellValueChanged [disc2]
[ADMIN] [11/2/2016 11:59] [PENJUALAN] CASHIER FORM : TextBox_TextChanged, previousInput []
[ADMIN] [11/2/2016 11:59] [PENJUALAN] CASHIER FORM : TextBox_TextChanged, dataGridViewTextBoxEditingControl.Text pass REGEX Checking
[ADMIN] [11/2/2016 11:59] [PENJUALAN] CASHIER FORM : CALCULATE SUBTOTAL
[ADMIN] [11/2/2016 11:59] [PENJUALAN] CASHIER FORM : SUBTOTAL [0]
[ADMIN] [11/2/2016 11:59] [PENJUALAN] CASHIER FORM : TextBox_TextChanged, subtotal value [0]
[ADMIN] [11/2/2016 11:59] [PENJUALAN] CASHIER FORM : TextBox_TextChanged, attempt to calculate total value
[ADMIN] [11/2/2016 11:59] [PENJUALAN] CASHIER FORM : calculateTotal
[ADMIN] [11/2/2016 11:59] [PENJUALAN] CASHIER FORM : calculateTotal [0]
[ADMIN] [11/2/2016 11:59] [PENJUALAN] CASHIER FORM : calculateTotal, totalAfterDisc [0]
[ADMIN] [11/2/2016 11:59] [PENJUALAN] CASHIER FORM : cashierDataGridView_CellValueChanged [discRP]
[ADMIN] [11/2/2016 11:59] [PENJUALAN] CASHIER FORM : TextBox_TextChanged, previousInput []
[ADMIN] [11/2/2016 11:59] [PENJUALAN] CASHIER FORM : TextBox_TextChanged, dataGridViewTextBoxEditingControl.Text pass REGEX Checking
[ADMIN] [11/2/2016 11:59] [PENJUALAN] CASHIER FORM : CALCULATE SUBTOTAL
[ADMIN] [11/2/2016 11:59] [PENJUALAN] CASHIER FORM : SUBTOTAL [0]
[ADMIN] [11/2/2016 11:59] [PENJUALAN] CASHIER FORM : TextBox_TextChanged, subtotal value [0]
[ADMIN] [11/2/2016 11:59] [PENJUALAN] CASHIER FORM : TextBox_TextChanged, attempt to calculate total value
[ADMIN] [11/2/2016 11:59] [PENJUALAN] CASHIER FORM : calculateTotal
[ADMIN] [11/2/2016 11:59] [PENJUALAN] CASHIER FORM : calculateTotal [0]
[ADMIN] [11/2/2016 11:59] [PENJUALAN] CASHIER FORM : calculateTotal, totalAfterDisc [0]
[ADMIN] [11/2/2016 11:59] [PENJUALAN] CASHIER FORM : cashierDataGridView_CellValueChanged [jumlah]
[ADMIN] [11/2/2016 11:59] [PENJUALAN] CASHIER FORM : cashierDataGridView_CellValueChanged [productName]
[ADMIN] [11/2/2016 11:59] [PENJUALAN] CASHIER FORM : cashierDataGridView_CellValueChanged [productName]
[ADMIN] [11/2/2016 11:59] [PENJUALAN] CASHIER FORM : calculateTotal
[ADMIN] [11/2/2016 11:59] [PENJUALAN] CASHIER FORM : calculateTotal [0]
[ADMIN] [11/2/2016 11:59] [PENJUALAN] CASHIER FORM : calculateTotal, totalAfterDisc [0]
[ADMIN] [11/2/2016 11:59] [PENJUALAN] CASHIER FORM : cashierDataGridView_CellValueChanged [productName]
[ADMIN] [11/2/2016 11:59] [PENJUALAN] CASHIER FORM : cashierDataGridView_CellValueChanged [productName]
[ADMIN] [11/2/2016 11:59] [PENJUALAN] CASHIER FORM : calculateTotal
[ADMIN] [11/2/2016 11:59] [PENJUALAN] CASHIER FORM : calculateTotal [0]
[ADMIN] [11/2/2016 11:59] [PENJUALAN] CASHIER FORM : calculateTotal, totalAfterDisc [0]
[ADMIN] [11/2/2016 11:59] [PENJUALAN] CASHIER FORM : cashierDataGridView_CellValueChanged [productName]
[ADMIN] [11/2/2016 11:59] [PENJUALAN] CASHIER FORM : cashierDataGridView_CellValueChanged [productID]
[ADMIN] [11/2/2016 11:59] [PENJUALAN] CASHIER FORM : PRODUCT PRICE TYPE [PRODUCT_BASE_PRICE]
[ADMIN] [11/2/2016 11:59] [PENJUALAN] CASHIER FORM : PRODUCT PRICE [200]
[ADMIN] [11/2/2016 11:59] [PENJUALAN] CASHIER FORM : ComboBox_SelectedIndexChanged, PRODUCT_BASE_PRICE [200]
[ADMIN] [11/2/2016 11:59] [PENJUALAN] CASHIER FORM : cashierDataGridView_CellValueChanged [hpp]
[ADMIN] [11/2/2016 11:59] [PENJUALAN] CASHIER FORM : PRODUCT PRICE TYPE [PRODUCT_RETAIL_PRICE]
[ADMIN] [11/2/2016 11:59] [PENJUALAN] CASHIER FORM : PRODUCT PRICE [200]
[ADMIN] [11/2/2016 11:59] [PENJUALAN] CASHIER FORM : ComboBox_SelectedIndexChanged, PRODUCT_SALES_PRICE [200]
[ADMIN] [11/2/2016 11:59] [PENJUALAN] CASHIER FORM : cashierDataGridView_CellValueChanged [productPrice]
[ADMIN] [11/2/2016 11:59] [PENJUALAN] CASHIER FORM : TextBox_TextChanged, previousInput []
[ADMIN] [11/2/2016 11:59] [PENJUALAN] CASHIER FORM : TextBox_TextChanged, dataGridViewTextBoxEditingControl.Text pass REGEX Checking
[ADMIN] [11/2/2016 11:59] [PENJUALAN] CASHIER FORM : CALCULATE SUBTOTAL
[ADMIN] [11/2/2016 11:59] [PENJUALAN] CASHIER FORM : SUBTOTAL [0]
[ADMIN] [11/2/2016 11:59] [PENJUALAN] CASHIER FORM : TextBox_TextChanged, subtotal value [0]
[ADMIN] [11/2/2016 11:59] [PENJUALAN] CASHIER FORM : TextBox_TextChanged, attempt to calculate total value
[ADMIN] [11/2/2016 11:59] [PENJUALAN] CASHIER FORM : calculateTotal
[ADMIN] [11/2/2016 11:59] [PENJUALAN] CASHIER FORM : calculateTotal [0]
[ADMIN] [11/2/2016 11:59] [PENJUALAN] CASHIER FORM : calculateTotal, totalAfterDisc [0]
[ADMIN] [11/2/2016 11:59] [PENJUALAN] CASHIER FORM : cashierDataGridView_CellValueChanged [qty]
[ADMIN] [11/2/2016 11:59] [PENJUALAN] CASHIER FORM : TextBox_TextChanged, previousInput []
[ADMIN] [11/2/2016 11:59] [PENJUALAN] CASHIER FORM : TextBox_TextChanged, dataGridViewTextBoxEditingControl.Text pass REGEX Checking
[ADMIN] [11/2/2016 11:59] [PENJUALAN] CASHIER FORM : CALCULATE SUBTOTAL
[ADMIN] [11/2/2016 11:59] [PENJUALAN] CASHIER FORM : SUBTOTAL [0]
[ADMIN] [11/2/2016 11:59] [PENJUALAN] CASHIER FORM : TextBox_TextChanged, subtotal value [0]
[ADMIN] [11/2/2016 11:59] [PENJUALAN] CASHIER FORM : TextBox_TextChanged, attempt to calculate total value
[ADMIN] [11/2/2016 11:59] [PENJUALAN] CASHIER FORM : calculateTotal
[ADMIN] [11/2/2016 11:59] [PENJUALAN] CASHIER FORM : calculateTotal [0]
[ADMIN] [11/2/2016 11:59] [PENJUALAN] CASHIER FORM : calculateTotal, totalAfterDisc [0]
[ADMIN] [11/2/2016 11:59] [PENJUALAN] CASHIER FORM : ComboBox_SelectedIndexChanged, attempt to calculate total
[ADMIN] [11/2/2016 11:59] [PENJUALAN] CASHIER FORM : calculateTotal
[ADMIN] [11/2/2016 11:59] [PENJUALAN] CASHIER FORM : calculateTotal [0]
[ADMIN] [11/2/2016 11:59] [PENJUALAN] CASHIER FORM : calculateTotal, totalAfterDisc [0]
[ADMIN] [11/2/2016 11:59] [PENJUALAN] CASHIER FORM : cashierDataGridView_CellValueChanged [productName]
[ADMIN] [11/2/2016 11:59] [PENJUALAN] CASHIER FORM : cashierDataGridView_CellValueChanged [productName]
[ADMIN] [11/2/2016 11:59] [PENJUALAN] CASHIER FORM : cashierDataGridView_CellValueChanged [hpp]
[ADMIN] [11/2/2016 11:59] [PENJUALAN] CASHIER FORM : cashierDataGridView_CellValueChanged [productPrice]
[ADMIN] [11/2/2016 11:59] [PENJUALAN] CASHIER FORM : TextBox_TextChanged, previousInput []
[ADMIN] [11/2/2016 11:59] [PENJUALAN] CASHIER FORM : TextBox_TextChanged, dataGridViewTextBoxEditingControl.Text pass REGEX Checking
[ADMIN] [11/2/2016 11:59] [PENJUALAN] CASHIER FORM : CALCULATE SUBTOTAL
[ADMIN] [11/2/2016 11:59] [PENJUALAN] CASHIER FORM : SUBTOTAL [0]
[ADMIN] [11/2/2016 11:59] [PENJUALAN] CASHIER FORM : TextBox_TextChanged, subtotal value [0]
[ADMIN] [11/2/2016 11:59] [PENJUALAN] CASHIER FORM : TextBox_TextChanged, attempt to calculate total value
[ADMIN] [11/2/2016 11:59] [PENJUALAN] CASHIER FORM : calculateTotal
[ADMIN] [11/2/2016 11:59] [PENJUALAN] CASHIER FORM : calculateTotal [0]
[ADMIN] [11/2/2016 11:59] [PENJUALAN] CASHIER FORM : calculateTotal, totalAfterDisc [0]
[ADMIN] [11/2/2016 11:59] [PENJUALAN] CASHIER FORM : cashierDataGridView_CellValueChanged [qty]
[ADMIN] [11/2/2016 11:59] [PENJUALAN] CASHIER FORM : TextBox_TextChanged, previousInput []
[ADMIN] [11/2/2016 11:59] [PENJUALAN] CASHIER FORM : TextBox_TextChanged, dataGridViewTextBoxEditingControl.Text pass REGEX Checking
[ADMIN] [11/2/2016 11:59] [PENJUALAN] CASHIER FORM : CALCULATE SUBTOTAL
[ADMIN] [11/2/2016 11:59] [PENJUALAN] CASHIER FORM : SUBTOTAL [0]
[ADMIN] [11/2/2016 11:59] [PENJUALAN] CASHIER FORM : TextBox_TextChanged, subtotal value [0]
[ADMIN] [11/2/2016 11:59] [PENJUALAN] CASHIER FORM : TextBox_TextChanged, attempt to calculate total value
[ADMIN] [11/2/2016 11:59] [PENJUALAN] CASHIER FORM : calculateTotal
[ADMIN] [11/2/2016 11:59] [PENJUALAN] CASHIER FORM : calculateTotal [0]
[ADMIN] [11/2/2016 11:59] [PENJUALAN] CASHIER FORM : calculateTotal, totalAfterDisc [0]
[ADMIN] [11/2/2016 11:59] [PENJUALAN] CASHIER FORM : cashierDataGridView_CellValueChanged [jumlah]
[ADMIN] [11/2/2016 11:59] [PENJUALAN] CASHIER FORM : calculateTotal
[ADMIN] [11/2/2016 11:59] [PENJUALAN] CASHIER FORM : calculateTotal [0]
[ADMIN] [11/2/2016 11:59] [PENJUALAN] CASHIER FORM : calculateTotal, totalAfterDisc [0]
[ADMIN] [11/2/2016 11:59] [PENJUALAN] CASHIER FORM : cashierDataGridView_CellValueChanged [productName]
[ADMIN] [11/2/2016 11:59] [PENJUALAN] CASHIER FORM : cashierDataGridView_CellValueChanged [productName]
[ADMIN] [11/2/2016 11:59] [PENJUALAN] CASHIER FORM : calculateTotal
[ADMIN] [11/2/2016 11:59] [PENJUALAN] CASHIER FORM : calculateTotal [0]
[ADMIN] [11/2/2016 11:59] [PENJUALAN] CASHIER FORM : calculateTotal, totalAfterDisc [0]
[ADMIN] [11/2/2016 11:59] [PENJUALAN] CASHIER FORM : cashierDataGridView_CellValueChanged [productName]
[ADMIN] [11/2/2016 11:59] [PENJUALAN] CASHIER FORM : cashierDataGridView_CellValueChanged [productName]
[ADMIN] [11/2/2016 11:59] [PENJUALAN] CASHIER FORM : calculateTotal
[ADMIN] [11/2/2016 11:59] [PENJUALAN] CASHIER FORM : calculateTotal [0]
[ADMIN] [11/2/2016 11:59] [PENJUALAN] CASHIER FORM : calculateTotal, totalAfterDisc [0]
[ADMIN] [11/2/2016 11:59] [PENJUALAN] CASHIER FORM : cashierDataGridView_CellValueChanged [productName]
[ADMIN] [11/2/2016 11:59] [PENJUALAN] CASHIER FORM : cashierDataGridView_CellValueChanged [productPrice]
[ADMIN] [11/2/2016 11:59] [PENJUALAN] CASHIER FORM : TextBox_TextChanged, previousInput []
[ADMIN] [11/2/2016 11:59] [PENJUALAN] CASHIER FORM : TextBox_TextChanged, dataGridViewTextBoxEditingControl.Text pass REGEX Checking
[ADMIN] [11/2/2016 11:59] [PENJUALAN] CASHIER FORM : CALCULATE SUBTOTAL
[ADMIN] [11/2/2016 11:59] [PENJUALAN] CASHIER FORM : SUBTOTAL [0]
[ADMIN] [11/2/2016 11:59] [PENJUALAN] CASHIER FORM : TextBox_TextChanged, subtotal value [0]
[ADMIN] [11/2/2016 11:59] [PENJUALAN] CASHIER FORM : TextBox_TextChanged, attempt to calculate total value
[ADMIN] [11/2/2016 11:59] [PENJUALAN] CASHIER FORM : calculateTotal
[ADMIN] [11/2/2016 11:59] [PENJUALAN] CASHIER FORM : calculateTotal [0]
[ADMIN] [11/2/2016 11:59] [PENJUALAN] CASHIER FORM : calculateTotal, totalAfterDisc [0]
[ADMIN] [11/2/2016 11:59] [PENJUALAN] CASHIER FORM : cashierDataGridView_CellValueChanged [qty]
[ADMIN] [11/2/2016 11:59] [PENJUALAN] CASHIER FORM : TextBox_TextChanged, previousInput [0]
[ADMIN] [11/2/2016 11:59] [PENJUALAN] CASHIER FORM : TextBox_TextChanged, dataGridViewTextBoxEditingControl.Text [2]
[ADMIN] [11/2/2016 11:59] [PENJUALAN] CASHIER FORM : TextBox_TextChanged, dataGridViewTextBoxEditingControl.Text pass REGEX Checking
[ADMIN] [11/2/2016 11:59] [PENJUALAN] CASHIER FORM : CHECK STOCK QTY IS ENOUGH [2]
[ADMIN] [11/2/2016 11:59] [PENJUALAN] CASHIER FORM : CHECK STOCK QTY IS ENOUGH [0, 2]
[ADMIN] [11/2/2016 11:59] [PENJUALAN] CASHIER FORM : CALCULATE SUBTOTAL
[ADMIN] [11/2/2016 11:59] [PENJUALAN] CASHIER FORM : SUBTOTAL [0]
[ADMIN] [11/2/2016 11:59] [PENJUALAN] CASHIER FORM : TextBox_TextChanged, subtotal value [0]
[ADMIN] [11/2/2016 11:59] [PENJUALAN] CASHIER FORM : TextBox_TextChanged, attempt to calculate total value
[ADMIN] [11/2/2016 11:59] [PENJUALAN] CASHIER FORM : calculateTotal
[ADMIN] [11/2/2016 11:59] [PENJUALAN] CASHIER FORM : calculateTotal [0]
[ADMIN] [11/2/2016 11:59] [PENJUALAN] CASHIER FORM : calculateTotal, totalAfterDisc [0]
[ADMIN] [11/2/2016 11:59] [PENJUALAN] CASHIER FORM : cashierDataGridView_CellValueChanged [qty]
[ADMIN] [11/2/2016 11:59] [PENJUALAN] CASHIER FORM : TextBox_TextChanged, previousInput [0]
[ADMIN] [11/2/2016 11:59] [PENJUALAN] CASHIER FORM : TextBox_TextChanged, dataGridViewTextBoxEditingControl.Text [20]
[ADMIN] [11/2/2016 11:59] [PENJUALAN] CASHIER FORM : TextBox_TextChanged, dataGridViewTextBoxEditingControl.Text pass REGEX Checking
[ADMIN] [11/2/2016 11:59] [PENJUALAN] CASHIER FORM : CHECK STOCK QTY IS ENOUGH [2]
[ADMIN] [11/2/2016 11:59] [PENJUALAN] CASHIER FORM : CHECK STOCK QTY IS ENOUGH [0, 20]
[ADMIN] [11/2/2016 11:59] [PENJUALAN] CASHIER FORM : CALCULATE SUBTOTAL
[ADMIN] [11/2/2016 11:59] [PENJUALAN] CASHIER FORM : SUBTOTAL [0]
[ADMIN] [11/2/2016 11:59] [PENJUALAN] CASHIER FORM : TextBox_TextChanged, subtotal value [0]
[ADMIN] [11/2/2016 11:59] [PENJUALAN] CASHIER FORM : TextBox_TextChanged, attempt to calculate total value
[ADMIN] [11/2/2016 11:59] [PENJUALAN] CASHIER FORM : calculateTotal
[ADMIN] [11/2/2016 11:59] [PENJUALAN] CASHIER FORM : calculateTotal [0]
[ADMIN] [11/2/2016 11:59] [PENJUALAN] CASHIER FORM : calculateTotal, totalAfterDisc [0]
[ADMIN] [11/2/2016 11:59] [PENJUALAN] CASHIER FORM : cashierDataGridView_CellValueChanged [productPrice]
[ADMIN] [11/2/2016 11:59] [PENJUALAN] CASHIER FORM : TextBox_TextChanged, previousInput []
[ADMIN] [11/2/2016 11:59] [PENJUALAN] CASHIER FORM : TextBox_TextChanged, dataGridViewTextBoxEditingControl.Text pass REGEX Checking
[ADMIN] [11/2/2016 11:59] [PENJUALAN] CASHIER FORM : CALCULATE SUBTOTAL
[ADMIN] [11/2/2016 11:59] [PENJUALAN] CASHIER FORM : SUBTOTAL [0]
[ADMIN] [11/2/2016 11:59] [PENJUALAN] CASHIER FORM : TextBox_TextChanged, subtotal value [0]
[ADMIN] [11/2/2016 11:59] [PENJUALAN] CASHIER FORM : TextBox_TextChanged, attempt to calculate total value
[ADMIN] [11/2/2016 11:59] [PENJUALAN] CASHIER FORM : calculateTotal
[ADMIN] [11/2/2016 11:59] [PENJUALAN] CASHIER FORM : calculateTotal [0]
[ADMIN] [11/2/2016 11:59] [PENJUALAN] CASHIER FORM : calculateTotal, totalAfterDisc [0]
[ADMIN] [11/2/2016 11:59] [PENJUALAN] CASHIER FORM : cashierDataGridView_CellValueChanged [productPrice]
[ADMIN] [11/2/2016 11:59] [PENJUALAN] CASHIER FORM : TextBox_TextChanged, previousInput []
[ADMIN] [11/2/2016 11:59] [PENJUALAN] CASHIER FORM : TextBox_TextChanged, dataGridViewTextBoxEditingControl.Text pass REGEX Checking
[ADMIN] [11/2/2016 11:59] [PENJUALAN] CASHIER FORM : CALCULATE SUBTOTAL
[ADMIN] [11/2/2016 11:59] [PENJUALAN] CASHIER FORM : SUBTOTAL [0]
[ADMIN] [11/2/2016 11:59] [PENJUALAN] CASHIER FORM : TextBox_TextChanged, subtotal value [0]
[ADMIN] [11/2/2016 11:59] [PENJUALAN] CASHIER FORM : TextBox_TextChanged, attempt to calculate total value
[ADMIN] [11/2/2016 11:59] [PENJUALAN] CASHIER FORM : calculateTotal
[ADMIN] [11/2/2016 11:59] [PENJUALAN] CASHIER FORM : calculateTotal [0]
[ADMIN] [11/2/2016 11:59] [PENJUALAN] CASHIER FORM : calculateTotal, totalAfterDisc [0]
[ADMIN] [11/2/2016 11:59] [PENJUALAN] CASHIER FORM : cashierDataGridView_CellValueChanged [qty]
[ADMIN] [11/2/2016 11:59] [PENJUALAN] CASHIER FORM : TextBox_TextChanged, previousInput [0]
[ADMIN] [11/2/2016 11:59] [PENJUALAN] CASHIER FORM : TextBox_TextChanged, dataGridViewTextBoxEditingControl.Text [1]
[ADMIN] [11/2/2016 11:59] [PENJUALAN] CASHIER FORM : TextBox_TextChanged, dataGridViewTextBoxEditingControl.Text pass REGEX Checking
[ADMIN] [11/2/2016 11:59] [PENJUALAN] CASHIER FORM : CHECK STOCK QTY IS ENOUGH [2]
[ADMIN] [11/2/2016 11:59] [PENJUALAN] CASHIER FORM : CHECK STOCK QTY IS ENOUGH [0, 1]
[ADMIN] [11/2/2016 11:59] [PENJUALAN] CASHIER FORM : CALCULATE SUBTOTAL
[ADMIN] [11/2/2016 11:59] [PENJUALAN] CASHIER FORM : SUBTOTAL [0]
[ADMIN] [11/2/2016 11:59] [PENJUALAN] CASHIER FORM : TextBox_TextChanged, subtotal value [0]
[ADMIN] [11/2/2016 11:59] [PENJUALAN] CASHIER FORM : TextBox_TextChanged, attempt to calculate total value
[ADMIN] [11/2/2016 11:59] [PENJUALAN] CASHIER FORM : calculateTotal
[ADMIN] [11/2/2016 11:59] [PENJUALAN] CASHIER FORM : calculateTotal [0]
[ADMIN] [11/2/2016 11:59] [PENJUALAN] CASHIER FORM : calculateTotal, totalAfterDisc [0]
[ADMIN] [11/2/2016 11:59] [PENJUALAN] CASHIER FORM : cashierDataGridView_CellValueChanged [qty]
[ADMIN] [11/2/2016 11:59] [PENJUALAN] CASHIER FORM : TextBox_TextChanged, previousInput [0]
[ADMIN] [11/2/2016 11:59] [PENJUALAN] CASHIER FORM : TextBox_TextChanged, dataGridViewTextBoxEditingControl.Text [11]
[ADMIN] [11/2/2016 11:59] [PENJUALAN] CASHIER FORM : TextBox_TextChanged, dataGridViewTextBoxEditingControl.Text pass REGEX Checking
[ADMIN] [11/2/2016 11:59] [PENJUALAN] CASHIER FORM : CHECK STOCK QTY IS ENOUGH [2]
[ADMIN] [11/2/2016 11:59] [PENJUALAN] CASHIER FORM : CHECK STOCK QTY IS ENOUGH [0, 11]
[ADMIN] [11/2/2016 11:59] [PENJUALAN] CASHIER FORM : CALCULATE SUBTOTAL
[ADMIN] [11/2/2016 11:59] [PENJUALAN] CASHIER FORM : SUBTOTAL [0]
[ADMIN] [11/2/2016 11:59] [PENJUALAN] CASHIER FORM : TextBox_TextChanged, subtotal value [0]
[ADMIN] [11/2/2016 11:59] [PENJUALAN] CASHIER FORM : TextBox_TextChanged, attempt to calculate total value
[ADMIN] [11/2/2016 11:59] [PENJUALAN] CASHIER FORM : calculateTotal
[ADMIN] [11/2/2016 11:59] [PENJUALAN] CASHIER FORM : calculateTotal [0]
[ADMIN] [11/2/2016 11:59] [PENJUALAN] CASHIER FORM : calculateTotal, totalAfterDisc [0]
[ADMIN] [11/2/2016 11:59] [PENJUALAN] CASHIER FORM : DISPLAY PELANGGAN FORM
[ADMIN] [11/2/2016 11:59] [PENJUALAN] CASHIER FORM : UNREGISTER HOTKEY
[ADMIN] [11/2/2016 11:59] [PENJUALAN] CASHIER FORM : SELECTED CUSTOMER ID [2]
[ADMIN] [11/2/2016 11:59] [PENJUALAN] CASHIER FORM : ATTEMPT TO SET CUSTOMER PROFILE
[ADMIN] [11/2/2016 11:59] [PENJUALAN] CASHIER FORM : SET CUSTOMER PROFILE [123]
[ADMIN] [11/2/2016 11:59] [PENJUALAN] CASHIER FORM : CUSTOMER GROUP [P-UMUM [ECER]]
[ADMIN] [11/2/2016 11:59] [PENJUALAN] CASHIER FORM : FINISHED SET CUSTOMER PROFILE
[ADMIN] [11/2/2016 11:59] [PENJUALAN] CASHIER FORM : ATTEMPT TO REFRESH PRODUCT PRICE
[ADMIN] [11/2/2016 11:59] [PENJUALAN] CASHIER FORM : PRODUCT PRICE TYPE [PRODUCT_RETAIL_PRICE]
[ADMIN] [11/2/2016 11:59] [PENJUALAN] CASHIER FORM : PRODUCT PRICE [200]
[ADMIN] [11/2/2016 11:59] [PENJUALAN] CASHIER FORM : cashierDataGridView_CellValueChanged [productPrice]
[ADMIN] [11/2/2016 11:59] [PENJUALAN] CASHIER FORM : TextBox_TextChanged, previousInput [0]
[ADMIN] [11/2/2016 11:59] [PENJUALAN] CASHIER FORM : TextBox_TextChanged, dataGridViewTextBoxEditingControl.Text [200]
[ADMIN] [11/2/2016 11:59] [PENJUALAN] CASHIER FORM : TextBox_TextChanged, dataGridViewTextBoxEditingControl.Text pass REGEX Checking
[ADMIN] [11/2/2016 11:59] [PENJUALAN] CASHIER FORM : CALCULATE SUBTOTAL
[ADMIN] [11/2/2016 11:59] [PENJUALAN] CASHIER FORM : SUBTOTAL [0]
[ADMIN] [11/2/2016 11:59] [PENJUALAN] CASHIER FORM : TextBox_TextChanged, subtotal value [0]
[ADMIN] [11/2/2016 11:59] [PENJUALAN] CASHIER FORM : TextBox_TextChanged, attempt to calculate total value
[ADMIN] [11/2/2016 11:59] [PENJUALAN] CASHIER FORM : calculateTotal
[ADMIN] [11/2/2016 11:59] [PENJUALAN] CASHIER FORM : calculateTotal [0]
[ADMIN] [11/2/2016 11:59] [PENJUALAN] CASHIER FORM : calculateTotal, totalAfterDisc [0]
[ADMIN] [11/2/2016 11:59] [PENJUALAN] CASHIER FORM : CHECK IF THERE'S ANY ENTRY IN THE PRODUCT DISC
[ADMIN] [11/2/2016 11:59] [PENJUALAN] CASHIER FORM : cashierDataGridView_CellValueChanged [disc1]
[ADMIN] [11/2/2016 11:59] [PENJUALAN] CASHIER FORM : TextBox_TextChanged, previousInput [200]
[ADMIN] [11/2/2016 11:59] [PENJUALAN] CASHIER FORM : TextBox_TextChanged, dataGridViewTextBoxEditingControl.Text pass REGEX Checking
[ADMIN] [11/2/2016 11:59] [PENJUALAN] CASHIER FORM : CALCULATE SUBTOTAL
[ADMIN] [11/2/2016 11:59] [PENJUALAN] CASHIER FORM : SUBTOTAL [0]
[ADMIN] [11/2/2016 11:59] [PENJUALAN] CASHIER FORM : TextBox_TextChanged, subtotal value [0]
[ADMIN] [11/2/2016 11:59] [PENJUALAN] CASHIER FORM : TextBox_TextChanged, attempt to calculate total value
[ADMIN] [11/2/2016 11:59] [PENJUALAN] CASHIER FORM : calculateTotal
[ADMIN] [11/2/2016 11:59] [PENJUALAN] CASHIER FORM : calculateTotal [0]
[ADMIN] [11/2/2016 11:59] [PENJUALAN] CASHIER FORM : calculateTotal, totalAfterDisc [0]
[ADMIN] [11/2/2016 11:59] [PENJUALAN] CASHIER FORM : cashierDataGridView_CellValueChanged [disc2]
[ADMIN] [11/2/2016 11:59] [PENJUALAN] CASHIER FORM : TextBox_TextChanged, previousInput [0]
[ADMIN] [11/2/2016 11:59] [PENJUALAN] CASHIER FORM : TextBox_TextChanged, dataGridViewTextBoxEditingControl.Text [0]
[ADMIN] [11/2/2016 11:59] [PENJUALAN] CASHIER FORM : TextBox_TextChanged, dataGridViewTextBoxEditingControl.Text pass REGEX Checking
[ADMIN] [11/2/2016 11:59] [PENJUALAN] CASHIER FORM : CALCULATE SUBTOTAL
[ADMIN] [11/2/2016 11:59] [PENJUALAN] CASHIER FORM : SUBTOTAL [0]
[ADMIN] [11/2/2016 11:59] [PENJUALAN] CASHIER FORM : TextBox_TextChanged, subtotal value [0]
[ADMIN] [11/2/2016 11:59] [PENJUALAN] CASHIER FORM : TextBox_TextChanged, attempt to calculate total value
[ADMIN] [11/2/2016 11:59] [PENJUALAN] CASHIER FORM : calculateTotal
[ADMIN] [11/2/2016 11:59] [PENJUALAN] CASHIER FORM : calculateTotal [0]
[ADMIN] [11/2/2016 11:59] [PENJUALAN] CASHIER FORM : calculateTotal, totalAfterDisc [0]
[ADMIN] [11/2/2016 11:59] [PENJUALAN] CASHIER FORM : cashierDataGridView_CellValueChanged [discRP]
[ADMIN] [11/2/2016 11:59] [PENJUALAN] CASHIER FORM : TextBox_TextChanged, previousInput [0]
[ADMIN] [11/2/2016 11:59] [PENJUALAN] CASHIER FORM : TextBox_TextChanged, dataGridViewTextBoxEditingControl.Text [0]
[ADMIN] [11/2/2016 11:59] [PENJUALAN] CASHIER FORM : TextBox_TextChanged, dataGridViewTextBoxEditingControl.Text pass REGEX Checking
[ADMIN] [11/2/2016 11:59] [PENJUALAN] CASHIER FORM : CALCULATE SUBTOTAL
[ADMIN] [11/2/2016 11:59] [PENJUALAN] CASHIER FORM : SUBTOTAL [0]
[ADMIN] [11/2/2016 11:59] [PENJUALAN] CASHIER FORM : TextBox_TextChanged, subtotal value [0]
[ADMIN] [11/2/2016 11:59] [PENJUALAN] CASHIER FORM : TextBox_TextChanged, attempt to calculate total value
[ADMIN] [11/2/2016 11:59] [PENJUALAN] CASHIER FORM : calculateTotal
[ADMIN] [11/2/2016 11:59] [PENJUALAN] CASHIER FORM : calculateTotal [0]
[ADMIN] [11/2/2016 11:59] [PENJUALAN] CASHIER FORM : calculateTotal, totalAfterDisc [0]
[ADMIN] [11/2/2016 11:59] [PENJUALAN] CASHIER FORM : CALCULATE SUBTOTAL
[ADMIN] [11/2/2016 11:59] [PENJUALAN] CASHIER FORM : SUBTOTAL [0]
[ADMIN] [11/2/2016 11:59] [PENJUALAN] CASHIER FORM : calculateTotal
[ADMIN] [11/2/2016 11:59] [PENJUALAN] CASHIER FORM : calculateTotal [0]
[ADMIN] [11/2/2016 11:59] [PENJUALAN] CASHIER FORM : calculateTotal, totalAfterDisc [0]
[ADMIN] [11/2/2016 11:59] [PENJUALAN] CASHIER FORM : PRODUCT PRICE REFRESHED
[ADMIN] [11/2/2016 11:59] [PENJUALAN] CASHIER FORM : REGISTER HOTKEY
[ADMIN] [11/2/2016 11:59] [PENJUALAN] CASHIER FORM : HOTKEY TO SAVE AND PRINT OUT INVOICE PRESSED
[ADMIN] [11/2/2016 11:59] [PENJUALAN] CASHIER FORM : UNREGISTER HOTKEY
[ADMIN] [11/2/2016 11:59] [PENJUALAN] CASHIER FORM : REGISTER HOTKEY
[ADMIN] [11/2/2016 11:59] [PENJUALAN] ATTEMPT TO SAVE AND PRINT OUT INVOICE
[ADMIN] [11/2/2016 11:59] [PENJUALAN] CASHIER FORM : UNREGISTER HOTKEY
[ADMIN] [11/2/2016 11:59] [PENJUALAN] CASHIER FORM : UNREGISTER HOTKEY
[ADMIN] [11/2/2016 11:59] [] USER ID = 1LOGOUT
