[] [8/5/2016 12:32 AM] [] USER = ADMIN IS ACTIVE
[ADMIN] [8/5/2016 12:32 AM] [] USER ID = 1 LOGIN SUCCESSFULLY
[ADMIN] [8/5/2016 12:32 AM] [] ACTIVATE USER ACCESS RIGHT
[ADMIN] [8/5/2016 12:32 AM] [] DISPLAY ADMIN FORM
[ADMIN] [8/5/2016 12:32 AM] [] adminForm Load
[] [8/19/2016 1:30 PM] [] USER = ADMIN IS ACTIVE
[ADMIN] [8/19/2016 1:30 PM] [] USER ID = 1 LOGIN SUCCESSFULLY
[ADMIN] [8/19/2016 1:30 PM] [] ACTIVATE USER ACCESS RIGHT
[ADMIN] [8/19/2016 1:30 PM] [] DISPLAY ADMIN FORM
[ADMIN] [8/19/2016 1:30 PM] [] adminForm Load
[ADMIN] [8/19/2016 1:30 PM] [PENJUALAN] CASHIER FORM : MULTIPLE CASHIER INSTANCE [1]
[ADMIN] [8/19/2016 1:30 PM] [PENJUALAN] CASHIER FORM : REGISTER HOTKEY
[ADMIN] [8/19/2016 1:30 PM] [PENJUALAN] CASHIER FORM : cashierForm_Load, ATTEMPT TO LOAD NO FAKTUR
[ADMIN] [8/19/2016 1:30 PM] [PENJUALAN] CASHIER FORM : loadNoFaktur, noFakturValue [SLO001]
[ADMIN] [8/19/2016 1:30 PM] [PENJUALAN] CASHIER FORM : cashierForm_Load, ATTEMPT TO addColumnToDataGrid
[ADMIN] [8/19/2016 1:30 PM] [PENJUALAN] CASHIER FORM : calculateTotal
[ADMIN] [8/19/2016 1:30 PM] [PENJUALAN] CASHIER FORM : calculateTotal [0]
[ADMIN] [8/19/2016 1:30 PM] [PENJUALAN] CASHIER FORM : calculateTotal, totalAfterDisc [0]
[ADMIN] [8/19/2016 1:30 PM] [PENJUALAN] CASHIER FORM : REGISTER HOTKEY
[ADMIN] [8/19/2016 1:30 PM] [PENJUALAN] CASHIER FORM : UNREGISTER HOTKEY
[ADMIN] [8/19/2016 1:30 PM] [PENJUALAN] CASHIER FORM : UNREGISTER HOTKEY
[ADMIN] [8/19/2016 1:30 PM] [] USER ID = 1LOGOUT
