[] [9/26/2016 22:21] [] USER = ADMIN IS ACTIVE
[ADMIN] [9/26/2016 22:21] [] USER ID = 1 LOGIN SUCCESSFULLY
[ADMIN] [9/26/2016 22:21] [] ACTIVATE USER ACCESS RIGHT
[ADMIN] [9/26/2016 22:21] [] DISPLAY ADMIN FORM
[ADMIN] [9/26/2016 22:21] [] adminForm Load
[ADMIN] [9/26/2016 22:22] [PENJUALAN] CASHIER FORM : MULTIPLE CASHIER INSTANCE [1]
[ADMIN] [9/26/2016 22:22] [PENJUALAN] CASHIER FORM : REGISTER HOTKEY
[ADMIN] [9/26/2016 22:22] [PENJUALAN] CASHIER FORM : cashierForm_Load, ATTEMPT TO LOAD NO FAKTUR
[ADMIN] [9/26/2016 22:22] [PENJUALAN] CASHIER FORM : loadNoFaktur, noFakturValue [SLO001]
[ADMIN] [9/26/2016 22:22] [PENJUALAN] CASHIER FORM : cashierForm_Load, ATTEMPT TO addColumnToDataGrid
[ADMIN] [9/26/2016 22:22] [PENJUALAN] CASHIER FORM : calculateTotal
[ADMIN] [9/26/2016 22:22] [PENJUALAN] CASHIER FORM : calculateTotal [0]
[ADMIN] [9/26/2016 22:22] [PENJUALAN] CASHIER FORM : calculateTotal, totalAfterDisc [0]
[ADMIN] [9/26/2016 22:22] [PENJUALAN] CASHIER FORM : REGISTER HOTKEY
[ADMIN] [9/26/2016 22:22] [PENJUALAN] CASHIER FORM : discJualMaskedTextBox_Validating, totalAfterDisc [0]
[ADMIN] [9/26/2016 22:22] [PENJUALAN] CASHIER FORM : discJualMaskedTextBox_Validating, totalAfterDisc [0]
[ADMIN] [9/26/2016 22:22] [PENJUALAN] CASHIER FORM : discJualMaskedTextBox_Validating, totalAfterDisc [0]
[ADMIN] [9/26/2016 22:22] [PENJUALAN] CASHIER FORM : discJualMaskedTextBox_Validating, totalAfterDisc [0]
[ADMIN] [9/26/2016 22:22] [PENJUALAN] CASHIER FORM : UNREGISTER HOTKEY
[ADMIN] [9/26/2016 22:22] [PENJUALAN] CASHIER FORM : UNREGISTER HOTKEY
[ADMIN] [9/26/2016 22:22] [] USER ID = 1LOGOUT
