[] [10/18/2016 11:50] [] USER = ADMIN IS ACTIVE
[ADMIN] [10/18/2016 11:50] [] USER ID = 1 LOGIN SUCCESSFULLY
[ADMIN] [10/18/2016 11:50] [] ACTIVATE USER ACCESS RIGHT
[ADMIN] [10/18/2016 11:50] [] DISPLAY ADMIN FORM
[ADMIN] [10/18/2016 11:50] [] adminForm Load
[ADMIN] [10/18/2016 11:51] [PENJUALAN] CASHIER FORM : REGISTER HOTKEY
[ADMIN] [10/18/2016 11:51] [PENJUALAN] CASHIER FORM : loadNoFaktur, noFakturValue [SLO001]
[ADMIN] [10/18/2016 11:51] [PENJUALAN] CASHIER FORM : ADD NEW ROW,  isActive [True]
[ADMIN] [10/18/2016 11:51] [PENJUALAN] CASHIER FORM : ADD NEW ROW,  ROW COUNT [0]
[ADMIN] [10/18/2016 11:51] [PENJUALAN] CASHIER FORM : ADD NEW ROW,  ALLOW TO ADD [True]
[ADMIN] [10/18/2016 11:51] [PENJUALAN] CASHIER FORM : REGISTER HOTKEY
[ADMIN] [10/18/2016 11:51] [PENJUALAN] CASHIER FORM : UNREGISTER HOTKEY
[ADMIN] [10/18/2016 11:51] [PENJUALAN] CASHIER FORM : UNREGISTER HOTKEY
[ADMIN] [10/18/2016 11:51] [PENJUALAN] CASHIER FORM : REGISTER HOTKEY
[ADMIN] [10/18/2016 11:51] [PENJUALAN] CASHIER FORM : loadNoFaktur, noFakturValue [SLO001]
[ADMIN] [10/18/2016 11:51] [PENJUALAN] CASHIER FORM : ADD NEW ROW,  isActive [True]
[ADMIN] [10/18/2016 11:51] [PENJUALAN] CASHIER FORM : ADD NEW ROW,  ROW COUNT [0]
[ADMIN] [10/18/2016 11:51] [PENJUALAN] CASHIER FORM : ADD NEW ROW,  ALLOW TO ADD [True]
[ADMIN] [10/18/2016 11:51] [PENJUALAN] CASHIER FORM : REGISTER HOTKEY
[ADMIN] [10/18/2016 11:51] [PENJUALAN] CASHIER FORM : UNREGISTER HOTKEY
[ADMIN] [10/18/2016 11:51] [PENJUALAN] CASHIER FORM : UNREGISTER HOTKEY
[ADMIN] [10/18/2016 11:52] [PENJUALAN] CASHIER FORM : REGISTER HOTKEY
[ADMIN] [10/18/2016 11:52] [PENJUALAN] CASHIER FORM : loadNoFaktur, noFakturValue [SLO001]
[ADMIN] [10/18/2016 11:52] [PENJUALAN] CASHIER FORM : ADD NEW ROW,  isActive [True]
[ADMIN] [10/18/2016 11:52] [PENJUALAN] CASHIER FORM : ADD NEW ROW,  ROW COUNT [0]
[ADMIN] [10/18/2016 11:52] [PENJUALAN] CASHIER FORM : ADD NEW ROW,  ALLOW TO ADD [True]
[ADMIN] [10/18/2016 11:52] [PENJUALAN] CASHIER FORM : REGISTER HOTKEY
[ADMIN] [10/18/2016 11:52] [PENJUALAN] CASHIER FORM : UNREGISTER HOTKEY
[ADMIN] [10/18/2016 11:52] [PENJUALAN] CASHIER FORM : REGISTER HOTKEY
[ADMIN] [10/18/2016 11:52] [PENJUALAN] CASHIER FORM : UNREGISTER HOTKEY
[ADMIN] [10/18/2016 11:52] [PENJUALAN] CASHIER FORM : REGISTER HOTKEY
[ADMIN] [10/18/2016 11:56] [PENJUALAN] CASHIER FORM : UNREGISTER HOTKEY
[ADMIN] [10/18/2016 11:56] [PENJUALAN] CASHIER FORM : UNREGISTER HOTKEY
[ADMIN] [10/18/2016 11:56] [PENJUALAN] CASHIER FORM : REGISTER HOTKEY
[ADMIN] [10/18/2016 11:56] [PENJUALAN] CASHIER FORM : loadNoFaktur, noFakturValue [SLO001]
[ADMIN] [10/18/2016 11:56] [PENJUALAN] CASHIER FORM : ADD NEW ROW,  isActive [True]
[ADMIN] [10/18/2016 11:56] [PENJUALAN] CASHIER FORM : ADD NEW ROW,  ROW COUNT [0]
[ADMIN] [10/18/2016 11:56] [PENJUALAN] CASHIER FORM : ADD NEW ROW,  ALLOW TO ADD [True]
[ADMIN] [10/18/2016 11:56] [PENJUALAN] CASHIER FORM : REGISTER HOTKEY
[ADMIN] [10/18/2016 11:56] [PENJUALAN] CASHIER FORM : UNREGISTER HOTKEY
[ADMIN] [10/18/2016 11:56] [PENJUALAN] CASHIER FORM : UNREGISTER HOTKEY
[ADMIN] [10/18/2016 11:56] [] USER ID = 1LOGOUT
