[] [9/3/2016 00:03] [] USER = ADMIN IS ACTIVE
[ADMIN] [9/3/2016 00:03] [] USER ID = 1 LOGIN SUCCESSFULLY
[ADMIN] [9/3/2016 00:03] [] ACTIVATE USER ACCESS RIGHT
[ADMIN] [9/3/2016 00:03] [] DISPLAY ADMIN FORM
[ADMIN] [9/3/2016 00:03] [] adminForm Load
[ADMIN] [9/3/2016 00:05] [] SERVER IP IS LOCALHOST
[ADMIN] [9/3/2016 00:05] [] INSERT DATA ID 2 TO SYS_CONFIG
[ADMIN] [9/3/2016 00:05] [PENERIMAAN BARANG] GET PO INVOICE TO RECEIVE
[ADMIN] [9/3/2016 00:06] [PENERIMAAN BARANG] PO INVOICE TO RECEIVE [PO-1]
[ADMIN] [9/3/2016 00:06] [PENERIMAAN BARANG] GET NO MUTASI TO RECEIVE
[ADMIN] [9/3/2016 00:06] [PENERIMAAN BARANG] SAVE PENERIMAAN BARANG
[ADMIN] [9/3/2016 00:06] [PENERIMAAN BARANG] INSERT PENERIMAAN BARANG [PR-1]
[ADMIN] [9/3/2016 00:06] [PENERIMAAN BARANG] PRICE CHANGE PARAM [1] [0]
[ADMIN] [9/3/2016 00:06] [PENERIMAAN BARANG] SAVE DETAIL PENERIMAAN [1, 10, 22]
[ADMIN] [9/3/2016 00:06] [PENERIMAAN BARANG] UPDATE PRODUCT LOCATION DATA [1'1]
[ADMIN] [9/3/2016 00:06] [PENERIMAAN BARANG] UPDATE MASTER PRODUCT DATA [1]
[ADMIN] [9/3/2016 00:06] [PENERIMAAN BARANG] UPDATE PURCHASE HEADER [PO-1]
[ADMIN] [9/3/2016 00:06] [PENERIMAAN BARANG] UPDATE PURCHASE HEADER TAX [PO-1]
[ADMIN] [9/3/2016 00:06] [PENERIMAAN BARANG] UPDATE PURCHASE HEADER DUE DATE [PO-1]
[ADMIN] [9/3/2016 00:06] [PENERIMAAN BARANG] UPDATE PURCHASE HEADER TAX DUE DATE [PO-1]
[ADMIN] [9/3/2016 00:06] [PENERIMAAN BARANG] INSERT INTO DEBT [PO-1]
[ADMIN] [9/3/2016 00:06] [PENERIMAAN BARANG] PENERIMAAN BARANG SAVED
[ADMIN] [9/3/2016 00:15] [PENJUALAN] CASHIER FORM : MULTIPLE CASHIER INSTANCE [1]
[ADMIN] [9/3/2016 00:15] [PENJUALAN] CASHIER FORM : REGISTER HOTKEY
[ADMIN] [9/3/2016 00:15] [PENJUALAN] CASHIER FORM : cashierForm_Load, ATTEMPT TO LOAD NO FAKTUR
[ADMIN] [9/3/2016 00:15] [PENJUALAN] CASHIER FORM : loadNoFaktur, noFakturValue [SLO001]
[ADMIN] [9/3/2016 00:15] [PENJUALAN] CASHIER FORM : cashierForm_Load, ATTEMPT TO addColumnToDataGrid
[ADMIN] [9/3/2016 00:15] [PENJUALAN] CASHIER FORM : calculateTotal
[ADMIN] [9/3/2016 00:15] [PENJUALAN] CASHIER FORM : calculateTotal [0]
[ADMIN] [9/3/2016 00:15] [PENJUALAN] CASHIER FORM : calculateTotal, totalAfterDisc [0]
[ADMIN] [9/3/2016 00:15] [PENJUALAN] CASHIER FORM : REGISTER HOTKEY
[ADMIN] [9/3/2016 00:15] [PENJUALAN] CASHIER FORM : HOTKEY TO ADD NEW ROW PRESSED
[ADMIN] [9/3/2016 00:15] [PENJUALAN] CASHIER FORM : ADD NEW ROW,  isActive [True]
[ADMIN] [9/3/2016 00:15] [PENJUALAN] CASHIER FORM : ADD NEW ROW,  ROW COUNT [0]
[ADMIN] [9/3/2016 00:15] [PENJUALAN] CASHIER FORM : ADD NEW ROW,  ALLOW TO ADD [True]
[ADMIN] [9/3/2016 00:15] [PENJUALAN] CASHIER FORM : PRODUCT PRICE TYPE [PRODUCT_BASE_PRICE]
[ADMIN] [9/3/2016 00:15] [PENJUALAN] CASHIER FORM : PRODUCT PRICE [10]
[ADMIN] [9/3/2016 00:15] [PENJUALAN] CASHIER FORM : ComboBox_SelectedIndexChanged, PRODUCT_BASE_PRICE [10]
[ADMIN] [9/3/2016 00:15] [PENJUALAN] CASHIER FORM : PRODUCT PRICE TYPE [PRODUCT_RETAIL_PRICE]
[ADMIN] [9/3/2016 00:15] [PENJUALAN] CASHIER FORM : PRODUCT PRICE [1]
[ADMIN] [9/3/2016 00:15] [PENJUALAN] CASHIER FORM : ComboBox_SelectedIndexChanged, PRODUCT_SALES_PRICE [1]
[ADMIN] [9/3/2016 00:15] [PENJUALAN] CASHIER FORM : ComboBox_SelectedIndexChanged, attempt to calculate total
[ADMIN] [9/3/2016 00:15] [PENJUALAN] CASHIER FORM : calculateTotal
[ADMIN] [9/3/2016 00:15] [PENJUALAN] CASHIER FORM : calculateTotal [0]
[ADMIN] [9/3/2016 00:15] [PENJUALAN] CASHIER FORM : calculateTotal, totalAfterDisc [0]
[ADMIN] [9/3/2016 00:15] [PENJUALAN] CASHIER FORM : TextBox_TextChanged, isLoading [False]
[ADMIN] [9/3/2016 00:15] [PENJUALAN] CASHIER FORM : TextBox_TextChanged, rowSelectedIndex [0]
[ADMIN] [9/3/2016 00:15] [PENJUALAN] CASHIER FORM : TextBox_TextChanged, previousInput [0]
[ADMIN] [9/3/2016 00:15] [PENJUALAN] CASHIER FORM : TextBox_TextChanged, dataGridViewTextBoxEditingControl.Text [2]
[ADMIN] [9/3/2016 00:15] [PENJUALAN] CASHIER FORM : TextBox_TextChanged, dataGridViewTextBoxEditingControl.Text pass REGEX Checking
[ADMIN] [9/3/2016 00:15] [PENJUALAN] CASHIER FORM : CHECK STOCK QTY IS ENOUGH [1]
[ADMIN] [9/3/2016 00:15] [PENJUALAN] CASHIER FORM : CHECK STOCK QTY IS ENOUGH [27, 2]
[ADMIN] [9/3/2016 00:15] [PENJUALAN] CASHIER FORM : CALCULATE SUBTOTAL
[ADMIN] [9/3/2016 00:15] [PENJUALAN] CASHIER FORM : SUBTOTAL [2]
[ADMIN] [9/3/2016 00:15] [PENJUALAN] CASHIER FORM : TextBox_TextChanged, subtotal value [2]
[ADMIN] [9/3/2016 00:15] [PENJUALAN] CASHIER FORM : TextBox_TextChanged, attempt to calculate total value
[ADMIN] [9/3/2016 00:15] [PENJUALAN] CASHIER FORM : calculateTotal
[ADMIN] [9/3/2016 00:15] [PENJUALAN] CASHIER FORM : calculateTotal [2]
[ADMIN] [9/3/2016 00:15] [PENJUALAN] CASHIER FORM : calculateTotal, totalAfterDisc [2]
[ADMIN] [9/3/2016 00:15] [PENJUALAN] CASHIER FORM : TextBox_TextChanged, isLoading [False]
[ADMIN] [9/3/2016 00:15] [PENJUALAN] CASHIER FORM : TextBox_TextChanged, rowSelectedIndex [0]
[ADMIN] [9/3/2016 00:15] [PENJUALAN] CASHIER FORM : TextBox_TextChanged, previousInput [0]
[ADMIN] [9/3/2016 00:15] [PENJUALAN] CASHIER FORM : TextBox_TextChanged, dataGridViewTextBoxEditingControl.Text [0]
[ADMIN] [9/3/2016 00:15] [PENJUALAN] CASHIER FORM : TextBox_TextChanged, dataGridViewTextBoxEditingControl.Text pass REGEX Checking
[ADMIN] [9/3/2016 00:15] [PENJUALAN] CASHIER FORM : CALCULATE SUBTOTAL
[ADMIN] [9/3/2016 00:15] [PENJUALAN] CASHIER FORM : SUBTOTAL [2]
[ADMIN] [9/3/2016 00:15] [PENJUALAN] CASHIER FORM : TextBox_TextChanged, subtotal value [2]
[ADMIN] [9/3/2016 00:15] [PENJUALAN] CASHIER FORM : TextBox_TextChanged, attempt to calculate total value
[ADMIN] [9/3/2016 00:15] [PENJUALAN] CASHIER FORM : calculateTotal
[ADMIN] [9/3/2016 00:15] [PENJUALAN] CASHIER FORM : calculateTotal [2]
[ADMIN] [9/3/2016 00:15] [PENJUALAN] CASHIER FORM : calculateTotal, totalAfterDisc [2]
[ADMIN] [9/3/2016 00:15] [PENJUALAN] CASHIER FORM : HOTKEY TO SAVE AND PRINT OUT INVOICE PRESSED
[ADMIN] [9/3/2016 00:15] [PENJUALAN] CASHIER FORM : UNREGISTER HOTKEY
[ADMIN] [9/3/2016 00:15] [PENJUALAN] CASHIER FORM : REGISTER HOTKEY
[ADMIN] [9/3/2016 00:15] [PENJUALAN] ATTEMPT TO SAVE AND PRINT OUT INVOICE
[ADMIN] [9/3/2016 00:15] [PENJUALAN] CASHIER FORM : UNREGISTER HOTKEY
[ADMIN] [9/3/2016 00:15] [PENJUALAN] CASHIER FORM : REGISTER HOTKEY
[ADMIN] [9/3/2016 00:15] [PENJUALAN] CASHIER FORM : UNREGISTER HOTKEY
[ADMIN] [9/3/2016 00:15] [PENJUALAN] CASHIER FORM : ATTEMPT TO SAVE SALES DATA [03-09-2016 00:15]
[ADMIN] [9/3/2016 00:15] [PENJUALAN] CASHIER FORM : NON CASH - SALES DUE DATE [05-09-2016]
[ADMIN] [9/3/2016 00:15] [PENJUALAN] CHECK IF TAX LIMIT SET FOR PERCENTAGE PURCHASE [0]
[ADMIN] [9/3/2016 00:15] [PENJUALAN] CHECK IF TAX LIMIT SET FOR AVERAGE DAILY PURCHASE [0]
[ADMIN] [9/3/2016 00:15] [PENJUALAN] CASHIER FORM : NO FAKTUR [SLO001]
[ADMIN] [9/3/2016 00:15] [PENJUALAN] CASHIER FORM : MAX SALES INVOICE [0]
[ADMIN] [9/3/2016 00:15] [PENJUALAN] CASHIER FORM : SALES INVOICE [SLO001-1]
[ADMIN] [9/3/2016 00:15] [PENJUALAN] INSERT INTO SALES HEADER [SLO001-1]
[ADMIN] [9/3/2016 00:15] [PENJUALAN] INSERT INTO SALES DETAIL[1, 1, 2]
[ADMIN] [9/3/2016 00:15] [PENJUALAN] INSERT TO CREDIT TABLE [SLO001-1]
[ADMIN] [9/3/2016 00:15] [PENJUALAN] INSERT TO DAILY JOURNAL TABLE [2]
[ADMIN] [9/3/2016 00:15] [PENJUALAN] CASHIER FORM : REGISTER HOTKEY
[ADMIN] [9/3/2016 00:15] [PENJUALAN] TRANSACTION SAVED
[ADMIN] [9/3/2016 00:16] [PENJUALAN] VALIDATE USER CREDIT STATUS
[ADMIN] [9/3/2016 00:16] [PENJUALAN] CASHIER FORM : UNREGISTER HOTKEY
[ADMIN] [9/3/2016 00:16] [PENJUALAN] CASHIER FORM : REGISTER HOTKEY
[ADMIN] [9/3/2016 00:16] [PENJUALAN] CASHIER FORM : UNREGISTER HOTKEY
[ADMIN] [9/3/2016 00:16] [PENJUALAN] CASHIER FORM : UNREGISTER HOTKEY
[ADMIN] [9/3/2016 00:21] [] USER ID = 1LOGOUT
