[] [10/25/2016 23:40] [] USER = ADMIN IS ACTIVE
[ADMIN] [10/25/2016 23:40] [] USER ID = 1 LOGIN SUCCESSFULLY
[ADMIN] [10/25/2016 23:40] [] ACTIVATE USER ACCESS RIGHT
[ADMIN] [10/25/2016 23:40] [] DISPLAY ADMIN FORM
[ADMIN] [10/25/2016 23:40] [] adminForm Load
[ADMIN] [10/25/2016 23:40] [PENJUALAN] [REMINDER SMS] REGISTER HOTKEY
[ADMIN] [10/25/2016 23:40] [PENJUALAN] [REMINDER SMS] REGISTER HOTKEY
[ADMIN] [10/25/2016 23:40] [PENJUALAN] [REMINDER SMS] DISPLAY PELANGGAN FORM
[ADMIN] [10/25/2016 23:40] [PENJUALAN] [REMINDER SMS] UNREGISTER HOTKEY
[ADMIN] [10/25/2016 23:41] [PENJUALAN] [REMINDER SMS] REGISTER HOTKEY
[] [10/25/2016 23:47] [] USER = ADMIN IS ACTIVE
[ADMIN] [10/25/2016 23:47] [] USER ID = 1 LOGIN SUCCESSFULLY
[ADMIN] [10/25/2016 23:47] [] ACTIVATE USER ACCESS RIGHT
[ADMIN] [10/25/2016 23:47] [] DISPLAY ADMIN FORM
[ADMIN] [10/25/2016 23:47] [] adminForm Load
[ADMIN] [10/25/2016 23:47] [PENJUALAN] [REMINDER SMS] REGISTER HOTKEY
[ADMIN] [10/25/2016 23:47] [PENJUALAN] [REMINDER SMS] REGISTER HOTKEY
[ADMIN] [10/25/2016 23:47] [PENJUALAN] [REMINDER SMS] UNREGISTER HOTKEY
[ADMIN] [10/25/2016 23:47] [PENJUALAN] [REMINDER SMS] UNREGISTER HOTKEY
[ADMIN] [10/25/2016 23:47] [PELANGGAN] ATTEMPT TO SAVE DATA
[ADMIN] [10/25/2016 23:47] [PELANGGAN] INSERT NEW CUSTOMER DATA [123]
[ADMIN] [10/25/2016 23:47] [PELANGGAN] DATA SAVED
[ADMIN] [10/25/2016 23:47] [PENJUALAN] [REMINDER SMS] REGISTER HOTKEY
[ADMIN] [10/25/2016 23:47] [PENJUALAN] [REMINDER SMS] REGISTER HOTKEY
[ADMIN] [10/25/2016 23:48] [PENJUALAN] [REMINDER SMS] DISPLAY PELANGGAN FORM
[ADMIN] [10/25/2016 23:48] [PENJUALAN] [REMINDER SMS] UNREGISTER HOTKEY
[ADMIN] [10/25/2016 23:48] [PENJUALAN] [REMINDER SMS] REGISTER HOTKEY
[ADMIN] [10/25/2016 23:48] [PENJUALAN] [REMINDER SMS] DISPLAY PELANGGAN FORM
[ADMIN] [10/25/2016 23:48] [PENJUALAN] [REMINDER SMS] UNREGISTER HOTKEY
[ADMIN] [10/25/2016 23:48] [PENJUALAN] [REMINDER SMS] REGISTER HOTKEY
[ADMIN] [10/25/2016 23:48] [PENJUALAN] [REMINDER SMS] UNREGISTER HOTKEY
[ADMIN] [10/25/2016 23:48] [PENJUALAN] [REMINDER SMS] REGISTER HOTKEY
[ADMIN] [10/25/2016 23:48] [PENJUALAN] [REMINDER SMS] UNREGISTER HOTKEY
[ADMIN] [10/25/2016 23:48] [PENJUALAN] [REMINDER SMS] REGISTER HOTKEY
[ADMIN] [10/25/2016 23:48] [PENJUALAN] [REMINDER SMS] UNREGISTER HOTKEY
[ADMIN] [10/25/2016 23:48] [PENJUALAN] [REMINDER SMS] UNREGISTER HOTKEY
[ADMIN] [10/25/2016 23:48] [] USER ID = 1LOGOUT
[] [10/25/2016 23:51] [] USER = ADMIN IS ACTIVE
[ADMIN] [10/25/2016 23:51] [] USER ID = 1 LOGIN SUCCESSFULLY
[ADMIN] [10/25/2016 23:51] [] ACTIVATE USER ACCESS RIGHT
[ADMIN] [10/25/2016 23:51] [] DISPLAY ADMIN FORM
[ADMIN] [10/25/2016 23:51] [] adminForm Load
[ADMIN] [10/25/2016 23:51] [PENJUALAN] [REMINDER SMS] REGISTER HOTKEY
[ADMIN] [10/25/2016 23:51] [PENJUALAN] [REMINDER SMS] REGISTER HOTKEY
[ADMIN] [10/25/2016 23:52] [PENJUALAN] [REMINDER SMS] UNREGISTER HOTKEY
[ADMIN] [10/25/2016 23:52] [PENJUALAN] [REMINDER SMS] REGISTER HOTKEY
[ADMIN] [10/25/2016 23:52] [PENJUALAN] [REMINDER SMS] DISPLAY PELANGGAN FORM
[ADMIN] [10/25/2016 23:52] [PENJUALAN] [REMINDER SMS] UNREGISTER HOTKEY
[ADMIN] [10/25/2016 23:52] [PENJUALAN] [REMINDER SMS] REGISTER HOTKEY
[ADMIN] [10/25/2016 23:52] [PENJUALAN] [REMINDER SMS] DISPLAY PELANGGAN FORM
[ADMIN] [10/25/2016 23:52] [PENJUALAN] [REMINDER SMS] UNREGISTER HOTKEY
[ADMIN] [10/25/2016 23:52] [PENJUALAN] [REMINDER SMS] REGISTER HOTKEY
[ADMIN] [10/25/2016 23:52] [PENJUALAN] [REMINDER SMS] DISPLAY PELANGGAN FORM
[ADMIN] [10/25/2016 23:52] [PENJUALAN] [REMINDER SMS] UNREGISTER HOTKEY
[ADMIN] [10/25/2016 23:52] [PENJUALAN] [REMINDER SMS] REGISTER HOTKEY
[ADMIN] [10/25/2016 23:52] [PENJUALAN] [REMINDER SMS] UNREGISTER HOTKEY
[ADMIN] [10/25/2016 23:52] [PENJUALAN] [REMINDER SMS] REGISTER HOTKEY
[ADMIN] [10/25/2016 23:52] [PENJUALAN] [REMINDER SMS] UNREGISTER HOTKEY
[ADMIN] [10/25/2016 23:52] [PENJUALAN] [REMINDER SMS] REGISTER HOTKEY
[ADMIN] [10/25/2016 23:52] [PENJUALAN] [REMINDER SMS] UNREGISTER HOTKEY
[ADMIN] [10/25/2016 23:52] [PENJUALAN] [REMINDER SMS] UNREGISTER HOTKEY
[ADMIN] [10/25/2016 23:52] [] USER ID = 1LOGOUT
