[] [9/10/2016 12:37] [] USER = ADMIN IS ACTIVE
[ADMIN] [9/10/2016 12:37] [] USER ID = 1 LOGIN SUCCESSFULLY
[ADMIN] [9/10/2016 12:37] [] ACTIVATE USER ACCESS RIGHT
[ADMIN] [9/10/2016 12:37] [] DISPLAY ADMIN FORM
[ADMIN] [9/10/2016 12:37] [] adminForm Load
[ADMIN] [9/10/2016 12:37] [] CREATE DATA GROUP FORM MODULE_ID [51]
[ADMIN] [9/10/2016 12:37] [] CREATE DATA GROUP ACCESS MODULE FORM, GROUP USER ID [1]
[] [9/10/2016 12:41] [] USER = ADMIN IS ACTIVE
[ADMIN] [9/10/2016 12:41] [] USER ID = 1 LOGIN SUCCESSFULLY
[ADMIN] [9/10/2016 12:41] [] ACTIVATE USER ACCESS RIGHT
[ADMIN] [9/10/2016 12:41] [] DISPLAY ADMIN FORM
[ADMIN] [9/10/2016 12:41] [] adminForm Load
[ADMIN] [9/10/2016 12:41] [] CREATE DATA GROUP FORM MODULE_ID [51]
[ADMIN] [9/10/2016 12:41] [] CREATE DATA GROUP ACCESS MODULE FORM, GROUP USER ID [1]
[ADMIN] [9/10/2016 12:42] [] CREATE DATA GROUP FORM MODULE_ID [51]
[ADMIN] [9/10/2016 12:42] [] CREATE DATA GROUP ACCESS MODULE FORM, GROUP USER ID [1]
[] [9/10/2016 12:44] [] USER = ADMIN IS ACTIVE
[ADMIN] [9/10/2016 12:44] [] USER ID = 1 LOGIN SUCCESSFULLY
[ADMIN] [9/10/2016 12:44] [] ACTIVATE USER ACCESS RIGHT
[ADMIN] [9/10/2016 12:44] [] DISPLAY ADMIN FORM
[ADMIN] [9/10/2016 12:44] [] adminForm Load
[ADMIN] [9/10/2016 12:44] [] CREATE DATA GROUP FORM MODULE_ID [51]
[ADMIN] [9/10/2016 12:44] [] CREATE DATA GROUP ACCESS MODULE FORM, GROUP USER ID [1]
[ADMIN] [9/10/2016 12:45] [] USER ID = 1LOGOUT
[ADMIN] [9/10/2016 12:45] [] USER = ADMIN IS ACTIVE
[ADMIN] [9/10/2016 12:45] [] USER ID = 1 LOGIN SUCCESSFULLY
[ADMIN] [9/10/2016 12:45] [] ACTIVATE USER ACCESS RIGHT
[ADMIN] [9/10/2016 12:45] [] DISPLAY ADMIN FORM
[ADMIN] [9/10/2016 12:45] [] adminForm Load
[ADMIN] [9/10/2016 12:45] [] CREATE DATA USER DETAIL FORM, UID [1]
[ADMIN] [9/10/2016 12:45] [] USER ID = 1LOGOUT
